#
# A fatal error has been detected by the Java Runtime Environment:
#
#  EXCEPTION_ACCESS_VIOLATION (0xc0000005) at pc=0x00000000601aeded, pid=23804, tid=0x0000000000001370
#
# JRE version: Java(TM) SE Runtime Environment (8.0_201-b09) (build 1.8.0_201-b09)
# Java VM: Java HotSpot(TM) 64-Bit Server VM (25.201-b09 mixed mode windows-amd64 compressed oops)
# Problematic frame:
# V  [jvm.dll+0x13eded]
#
# Failed to write core dump. Minidumps are not enabled by default on client versions of Windows
#
# If you would like to submit a bug report, please visit:
#   http://bugreport.java.com/bugreport/crash.jsp
# The crash happened outside the Java Virtual Machine in native code.
# See problematic frame for where to report the bug.
#

---------------  T H R E A D  ---------------

Current thread (0x0000000019ce1000):  JavaThread "Finalizer" daemon [_thread_in_native, id=4976, stack(0x000000001a1c0000,0x000000001a2c0000)]

siginfo: ExceptionCode=0xc0000005, writing address 0x0000000000000270

Registers:
RAX=0x000000000000dead, RBX=0x0000000000000000, RCX=0x000000001b416000, RDX=0x000000001b24d678
RSP=0x000000001a2befd0, RBP=0x0000000000000000, RSI=0x00000000013ca5f0, RDI=0x000000001b24d678
R8 =0x0000000000dc1200, R9 =0x0000000000008000, R10=0x00000000ffffffff, R11=0x000000001a2befa0
R12=0x0000000000000000, R13=0x0000000000000000, R14=0x0000000000000000, R15=0x0000000020913588
RIP=0x00000000601aeded, EFLAGS=0x0000000000010246

Top of Stack: (sp=0x000000001a2befd0)
0x000000001a2befd0:   00000000012d0000 00000000208f3590
0x000000001a2befe0:   0000000000000000 0000000000000000
0x000000001a2beff0:   00000000ffffffff 00007ff838fd87ce
0x000000001a2bf000:   0000000020900440 00000000013ca5f0
0x000000001a2bf010:   0000000000000000 0000000000000000
0x000000001a2bf020:   fffffffffffffffe 0000000020913480
0x000000001a2bf030:   0000000000000000 00007ff838fd6bed
0x000000001a2bf040:   0000000000000000 00007ff839d534b0
0x000000001a2bf050:   0000000020913588 0000000020913480
0x000000001a2bf060:   00000000013ca670 00007ff8392bc6d5
0x000000001a2bf070:   00000000013ca5f0 0000000000000000
0x000000001a2bf080:   0000000020913c50 0000000017ef3a20
0x000000001a2bf090:   00007ff839d534b0 00007ff8392c04b8
0x000000001a2bf0a0:   000000001a2bf129 0000000020913480
0x000000001a2bf0b0:   0000000020913ca0 000000001a2bf129
0x000000001a2bf0c0:   00007ff839d534b0 0000000000000000 

Instructions: (pc=0x00000000601aeded)
0x00000000601aedcd:   8b fa 3d ab de 00 00 74 17 8b 83 88 02 00 00 3d
0x00000000601aeddd:   ac de 00 00 74 0a 48 8b cb e8 c5 03 10 00 33 db
0x00000000601aeded:   c7 83 70 02 00 00 05 00 00 00 83 3d ca 78 6d 00
0x00000000601aedfd:   01 75 09 80 3d 3c 6b 6d 00 00 74 18 80 3d 34 6b 


Register to memory mapping:

RAX=0x000000000000dead is an unknown value
RBX=0x0000000000000000 is an unknown value
RCX=0x000000001b416000 is an unknown value
RDX=0x000000001b24d678 is a global jni handle
RSP=0x000000001a2befd0 is pointing into the stack for thread: 0x0000000019ce1000
RBP=0x0000000000000000 is an unknown value
RSI=0x00000000013ca5f0 is an unknown value
RDI=0x000000001b24d678 is a global jni handle
R8 =0x0000000000dc1200 is an unknown value
R9 =0x0000000000008000 is an unknown value
R10=0x00000000ffffffff is an unallocated location in the heap
R11=0x000000001a2befa0 is pointing into the stack for thread: 0x0000000019ce1000
R12=0x0000000000000000 is an unknown value
R13=0x0000000000000000 is an unknown value
R14=0x0000000000000000 is an unknown value
R15=0x0000000020913588 is an unknown value


Stack: [0x000000001a1c0000,0x000000001a2c0000],  sp=0x000000001a2befd0,  free space=1019k
Native frames: (J=compiled Java code, j=interpreted, Vv=VM code, C=native code)

Java frames: (J=compiled Java code, j=interpreted, Vv=VM code)
j  com.google.ortools.constraintsolver.mainJNI.delete_RoutingModel(J)V+0
j  com.google.ortools.constraintsolver.RoutingModel.delete()V+25
j  com.google.ortools.constraintsolver.RoutingModel.finalize()V+1
J 1278 C1 java.lang.ref.Finalizer.runFinalizer(Lsun/misc/JavaLangAccess;)V (62 bytes) @ 0x000000000309a88c [0x000000000309a300+0x58c]
J 1277 C1 java.lang.ref.Finalizer.access$100(Ljava/lang/ref/Finalizer;Lsun/misc/JavaLangAccess;)V (6 bytes) @ 0x000000000309afdc [0x000000000309af80+0x5c]
j  java.lang.ref.Finalizer$FinalizerThread.run()V+45
v  ~StubRoutines::call_stub

---------------  P R O C E S S  ---------------

Java Threads: ( => current thread )
  0x000000001b41d000 JavaThread "MasterRouteAgent" [_thread_blocked, id=22112, stack(0x00000000209c0000,0x0000000020ac0000)]
  0x000000001b418800 JavaThread "Delivery_Agent9" [_thread_blocked, id=13120, stack(0x00000000206c0000,0x00000000207c0000)]
  0x000000001b417800 JavaThread "Delivery_Agent8" [_thread_blocked, id=7544, stack(0x00000000205c0000,0x00000000206c0000)]
  0x000000001b40e800 JavaThread "Delivery_Agent7" [_thread_blocked, id=25932, stack(0x00000000204c0000,0x00000000205c0000)]
  0x000000001b414000 JavaThread "Delivery_Agent6" [_thread_blocked, id=27460, stack(0x00000000203c0000,0x00000000204c0000)]
  0x000000001b412800 JavaThread "Delivery_Agent5" [_thread_blocked, id=21928, stack(0x00000000202c0000,0x00000000203c0000)]
  0x000000001b40f800 JavaThread "Delivery_Agent4" [_thread_blocked, id=25632, stack(0x00000000201c0000,0x00000000202c0000)]
  0x000000001b415800 JavaThread "Delivery_Agent3" [_thread_blocked, id=11604, stack(0x00000000200c0000,0x00000000201c0000)]
  0x000000001b411800 JavaThread "Delivery_Agent2" [_thread_blocked, id=7880, stack(0x000000001ffc0000,0x00000000200c0000)]
  0x000000001b413000 JavaThread "Delivery_Agent1" [_thread_blocked, id=3692, stack(0x000000001fec0000,0x000000001ffc0000)]
  0x000000001b411000 JavaThread "Delivery_Agent0" [_thread_blocked, id=24020, stack(0x000000001fdc0000,0x000000001fec0000)]
  0x000000001b410000 JavaThread "DBAgent" [_thread_in_native, id=7160, stack(0x000000001fcc0000,0x000000001fdc0000)]
  0x000000001b40e000 JavaThread "df" [_thread_blocked, id=21004, stack(0x000000001fbc0000,0x000000001fcc0000)]
  0x000000001b414800 JavaThread "ams" [_thread_blocked, id=27272, stack(0x000000001fac0000,0x000000001fbc0000)]
  0x000000001ae7c000 JavaThread "Thread-15" [_thread_in_native, id=25008, stack(0x000000001f9c0000,0x000000001fac0000)]
  0x000000001ae80000 JavaThread "Deliverer-04" [_thread_blocked, id=7412, stack(0x000000001f8c0000,0x000000001f9c0000)]
  0x000000001ae82000 JavaThread "Deliverer-03" [_thread_blocked, id=18680, stack(0x000000001f7c0000,0x000000001f8c0000)]
  0x000000001ae7e800 JavaThread "Deliverer-02" [_thread_blocked, id=22764, stack(0x000000001f6c0000,0x000000001f7c0000)]
  0x000000001ae81800 JavaThread "Deliverer-01" [_thread_blocked, id=15972, stack(0x000000001f5c0000,0x000000001f6c0000)]
  0x000000001ae83000 JavaThread "Deliverer-00" [_thread_blocked, id=20300, stack(0x000000001f4c0000,0x000000001f5c0000)]
  0x000000001ae80800 JavaThread "Thread-9" [_thread_in_native, id=17108, stack(0x000000001f1c0000,0x000000001f2c0000)]
  0x000000001ae7f000 JavaThread "Thread-8" [_thread_blocked, id=23628, stack(0x000000001f0c0000,0x000000001f1c0000)]
  0x000000001ae7d800 JavaThread "JICPServer-8888" daemon [_thread_in_native, id=24220, stack(0x000000001efc0000,0x000000001f0c0000)]
  0x000000001ae7d000 JavaThread "JADE Timer dispatcher" [_thread_blocked, id=26628, stack(0x000000001eec0000,0x000000001efc0000)]
  0x000000001b293800 JavaThread "TimerQueue" daemon [_thread_blocked, id=24212, stack(0x000000001ddf0000,0x000000001def0000)]
  0x000000001b07a000 JavaThread "Thread-3" [_thread_blocked, id=25988, stack(0x000000001ca90000,0x000000001cb90000)]
  0x000000001b07d800 JavaThread "Thread-2" [_thread_blocked, id=3456, stack(0x000000001c990000,0x000000001ca90000)]
  0x000000001b082800 JavaThread "MySQL Statement Cancellation Timer" daemon [_thread_blocked, id=20380, stack(0x000000001c350000,0x000000001c450000)]
  0x0000000002e03800 JavaThread "DestroyJavaVM" [_thread_blocked, id=27252, stack(0x00000000013d0000,0x00000000014d0000)]
  0x000000001aecf000 JavaThread "AWT-EventQueue-0" [_thread_blocked, id=18276, stack(0x000000001ba20000,0x000000001bb20000)]
  0x000000001a090800 JavaThread "AWT-Windows" daemon [_thread_in_native, id=20156, stack(0x000000001b800000,0x000000001b900000)]
  0x000000001a090000 JavaThread "AWT-Shutdown" [_thread_blocked, id=11740, stack(0x000000001b700000,0x000000001b800000)]
  0x000000001a08f000 JavaThread "Java2D Disposer" daemon [_thread_blocked, id=9784, stack(0x000000001b600000,0x000000001b700000)]
  0x0000000019e8c000 JavaThread "Service Thread" daemon [_thread_blocked, id=15020, stack(0x000000001aac0000,0x000000001abc0000)]
  0x0000000019d7c000 JavaThread "C1 CompilerThread3" daemon [_thread_in_vm, id=24296, stack(0x000000001a9c0000,0x000000001aac0000)]
  0x0000000019d79800 JavaThread "C2 CompilerThread2" daemon [_thread_blocked, id=27308, stack(0x000000001a8c0000,0x000000001a9c0000)]
  0x0000000019d6e000 JavaThread "C2 CompilerThread1" daemon [_thread_blocked, id=17208, stack(0x000000001a7c0000,0x000000001a8c0000)]
  0x0000000019d6d000 JavaThread "C2 CompilerThread0" daemon [_thread_blocked, id=1460, stack(0x000000001a6c0000,0x000000001a7c0000)]
  0x0000000019e33000 JavaThread "Monitor Ctrl-Break" daemon [_thread_in_native, id=13672, stack(0x000000001a5c0000,0x000000001a6c0000)]
  0x0000000019cf1000 JavaThread "Attach Listener" daemon [_thread_blocked, id=25620, stack(0x000000001a4c0000,0x000000001a5c0000)]
  0x0000000019cf0000 JavaThread "Signal Dispatcher" daemon [_thread_blocked, id=1056, stack(0x000000001a3c0000,0x000000001a4c0000)]
=>0x0000000019ce1000 JavaThread "Finalizer" daemon [_thread_in_native, id=4976, stack(0x000000001a1c0000,0x000000001a2c0000)]
  0x0000000019ce0800 JavaThread "Reference Handler" daemon [_thread_blocked, id=27344, stack(0x000000001a0c0000,0x000000001a1c0000)]

Other Threads:
  0x0000000017ee9800 VMThread [stack: 0x0000000019bc0000,0x0000000019cc0000] [id=17140]
  0x0000000019d82800 WatcherThread [stack: 0x000000001abc0000,0x000000001acc0000] [id=20212]

VM state:not at safepoint (normal execution)

VM Mutex/Monitor currently owned by a thread: None

heap address: 0x0000000081c00000, size: 2020 MB, Compressed Oops mode: 32-bit
Narrow klass base: 0x0000000000000000, Narrow klass shift: 3
Compressed class space size: 1073741824 Address: 0x0000000100000000

Heap:
 PSYoungGen      total 37888K, used 1088K [0x00000000d5f00000, 0x00000000d8c00000, 0x0000000100000000)
  eden space 32768K, 3% used [0x00000000d5f00000,0x00000000d60101d8,0x00000000d7f00000)
  from space 5120K, 0% used [0x00000000d7f80000,0x00000000d7f80000,0x00000000d8480000)
  to   space 6656K, 0% used [0x00000000d8580000,0x00000000d8580000,0x00000000d8c00000)
 ParOldGen       total 57344K, used 10261K [0x0000000081c00000, 0x0000000085400000, 0x00000000d5f00000)
  object space 57344K, 17% used [0x0000000081c00000,0x0000000082605608,0x0000000085400000)
 Metaspace       used 20909K, capacity 21298K, committed 21632K, reserved 1069056K
  class space    used 2445K, capacity 2566K, committed 2688K, reserved 1048576K

Card table byte_map: [0x0000000012330000,0x0000000012730000] byte_map_base: 0x0000000011f22000

Marking Bits: (ParMarkBitMap*) 0x0000000060894ce0
 Begin Bits: [0x00000000131e0000, 0x0000000015170000)
 End Bits:   [0x0000000015170000, 0x0000000017100000)

Polling page: 0x00000000012c0000

CodeCache: size=245760Kb used=5849Kb max_used=5850Kb free=239910Kb
 bounds [0x0000000002f70000, 0x0000000003530000, 0x0000000011f70000]
 total_blobs=2384 nmethods=1711 adapters=585
 compilation: enabled

Compilation events (10 events):
Event: 49.024 Thread 0x0000000019d7c000 1763       3       jdk.internal.org.objectweb.asm.Label::<init> (5 bytes)
Event: 49.024 Thread 0x0000000019d7c000 nmethod 1763 0x000000000351aa90 code [0x000000000351abe0, 0x000000000351ad90]
Event: 49.024 Thread 0x0000000019d7c000 1765       3       java.lang.invoke.MethodType::toMethodDescriptorString (21 bytes)
Event: 49.024 Thread 0x0000000019d7c000 nmethod 1765 0x000000000351ae50 code [0x000000000351b060, 0x000000000351bb58]
Event: 49.024 Thread 0x0000000019d7c000 1764       1       java.util.HashMap::size (5 bytes)
Event: 49.025 Thread 0x0000000019d7c000 nmethod 1764 0x000000000351c290 code [0x000000000351c3e0, 0x000000000351c4f0]
Event: 49.026 Thread 0x0000000019d79800 1766       4       jdk.internal.org.objectweb.asm.ClassWriter::get (49 bytes)
Event: 49.026 Thread 0x0000000019d6e000 1767       4       jdk.internal.org.objectweb.asm.Item::set (143 bytes)
Event: 49.027 Thread 0x0000000019d79800 nmethod 1766 0x000000000351fed0 code [0x0000000003520020, 0x0000000003520168]
Event: 49.053 Thread 0x0000000019d7c000 1770       3       java.util.zip.ZipFile$ZipFileInputStream::finalize (5 bytes)

GC Heap History (10 events):
Event: 18.751 GC heap before
{Heap before GC invocations=2 (full 0):
 PSYoungGen      total 38400K, used 33628K [0x00000000d5f00000, 0x00000000d8980000, 0x0000000100000000)
  eden space 33280K, 90% used [0x00000000d5f00000,0x00000000d7c56f00,0x00000000d7f80000)
  from space 5120K, 70% used [0x00000000d7f80000,0x00000000d83001b0,0x00000000d8480000)
  to   space 5120K, 0% used [0x00000000d8480000,0x00000000d8480000,0x00000000d8980000)
 ParOldGen       total 87552K, used 14769K [0x0000000081c00000, 0x0000000087180000, 0x00000000d5f00000)
  object space 87552K, 16% used [0x0000000081c00000,0x0000000082a6c7d0,0x0000000087180000)
 Metaspace       used 13582K, capacity 13786K, committed 14080K, reserved 1060864K
  class space    used 1681K, capacity 1774K, committed 1792K, reserved 1048576K
Event: 18.754 GC heap after
Heap after GC invocations=2 (full 0):
 PSYoungGen      total 38400K, used 3184K [0x00000000d5f00000, 0x00000000d8980000, 0x0000000100000000)
  eden space 33280K, 0% used [0x00000000d5f00000,0x00000000d5f00000,0x00000000d7f80000)
  from space 5120K, 62% used [0x00000000d8480000,0x00000000d879c090,0x00000000d8980000)
  to   space 5120K, 0% used [0x00000000d7f80000,0x00000000d7f80000,0x00000000d8480000)
 ParOldGen       total 87552K, used 14777K [0x0000000081c00000, 0x0000000087180000, 0x00000000d5f00000)
  object space 87552K, 16% used [0x0000000081c00000,0x0000000082a6e7d0,0x0000000087180000)
 Metaspace       used 13582K, capacity 13786K, committed 14080K, reserved 1060864K
  class space    used 1681K, capacity 1774K, committed 1792K, reserved 1048576K
}
Event: 32.764 GC heap before
{Heap before GC invocations=3 (full 0):
 PSYoungGen      total 38400K, used 32643K [0x00000000d5f00000, 0x00000000d8980000, 0x0000000100000000)
  eden space 33280K, 88% used [0x00000000d5f00000,0x00000000d7bc4eb8,0x00000000d7f80000)
  from space 5120K, 62% used [0x00000000d8480000,0x00000000d879c090,0x00000000d8980000)
  to   space 5120K, 0% used [0x00000000d7f80000,0x00000000d7f80000,0x00000000d8480000)
 ParOldGen       total 87552K, used 14777K [0x0000000081c00000, 0x0000000087180000, 0x00000000d5f00000)
  object space 87552K, 16% used [0x0000000081c00000,0x0000000082a6e7d0,0x0000000087180000)
 Metaspace       used 13637K, capacity 13850K, committed 14080K, reserved 1060864K
  class space    used 1681K, capacity 1774K, committed 1792K, reserved 1048576K
Event: 32.766 GC heap after
Heap after GC invocations=3 (full 0):
 PSYoungGen      total 38400K, used 3152K [0x00000000d5f00000, 0x00000000d8980000, 0x0000000100000000)
  eden space 33280K, 0% used [0x00000000d5f00000,0x00000000d5f00000,0x00000000d7f80000)
  from space 5120K, 61% used [0x00000000d7f80000,0x00000000d8294090,0x00000000d8480000)
  to   space 5120K, 0% used [0x00000000d8480000,0x00000000d8480000,0x00000000d8980000)
 ParOldGen       total 87552K, used 14785K [0x0000000081c00000, 0x0000000087180000, 0x00000000d5f00000)
  object space 87552K, 16% used [0x0000000081c00000,0x0000000082a707d0,0x0000000087180000)
 Metaspace       used 13637K, capacity 13850K, committed 14080K, reserved 1060864K
  class space    used 1681K, capacity 1774K, committed 1792K, reserved 1048576K
}
Event: 45.411 GC heap before
{Heap before GC invocations=4 (full 0):
 PSYoungGen      total 38400K, used 36432K [0x00000000d5f00000, 0x00000000d8980000, 0x0000000100000000)
  eden space 33280K, 100% used [0x00000000d5f00000,0x00000000d7f80000,0x00000000d7f80000)
  from space 5120K, 61% used [0x00000000d7f80000,0x00000000d8294090,0x00000000d8480000)
  to   space 5120K, 0% used [0x00000000d8480000,0x00000000d8480000,0x00000000d8980000)
 ParOldGen       total 87552K, used 14785K [0x0000000081c00000, 0x0000000087180000, 0x00000000d5f00000)
  object space 87552K, 16% used [0x0000000081c00000,0x0000000082a707d0,0x0000000087180000)
 Metaspace       used 17830K, capacity 18010K, committed 18176K, reserved 1064960K
  class space    used 2158K, capacity 2222K, committed 2304K, reserved 1048576K
Event: 45.415 GC heap after
Heap after GC invocations=4 (full 0):
 PSYoungGen      total 38400K, used 5093K [0x00000000d5f00000, 0x00000000d8980000, 0x0000000100000000)
  eden space 33280K, 0% used [0x00000000d5f00000,0x00000000d5f00000,0x00000000d7f80000)
  from space 5120K, 99% used [0x00000000d8480000,0x00000000d8979560,0x00000000d8980000)
  to   space 5120K, 0% used [0x00000000d7f80000,0x00000000d7f80000,0x00000000d8480000)
 ParOldGen       total 87552K, used 15696K [0x0000000081c00000, 0x0000000087180000, 0x00000000d5f00000)
  object space 87552K, 17% used [0x0000000081c00000,0x0000000082b54320,0x0000000087180000)
 Metaspace       used 17830K, capacity 18010K, committed 18176K, reserved 1064960K
  class space    used 2158K, capacity 2222K, committed 2304K, reserved 1048576K
}
Event: 49.027 GC heap before
{Heap before GC invocations=5 (full 0):
 PSYoungGen      total 38400K, used 32507K [0x00000000d5f00000, 0x00000000d8980000, 0x0000000100000000)
  eden space 33280K, 82% used [0x00000000d5f00000,0x00000000d79c5930,0x00000000d7f80000)
  from space 5120K, 99% used [0x00000000d8480000,0x00000000d8979560,0x00000000d8980000)
  to   space 5120K, 0% used [0x00000000d7f80000,0x00000000d7f80000,0x00000000d8480000)
 ParOldGen       total 87552K, used 15696K [0x0000000081c00000, 0x0000000087180000, 0x00000000d5f00000)
  object space 87552K, 17% used [0x0000000081c00000,0x0000000082b54320,0x0000000087180000)
 Metaspace       used 20811K, capacity 21148K, committed 21248K, reserved 1069056K
  class space    used 2433K, capacity 2541K, committed 2560K, reserved 1048576K
Event: 49.032 GC heap after
Heap after GC invocations=5 (full 0):
 PSYoungGen      total 37888K, used 5111K [0x00000000d5f00000, 0x00000000d8c00000, 0x0000000100000000)
  eden space 32768K, 0% used [0x00000000d5f00000,0x00000000d5f00000,0x00000000d7f00000)
  from space 5120K, 99% used [0x00000000d7f80000,0x00000000d847de10,0x00000000d8480000)
  to   space 6656K, 0% used [0x00000000d8580000,0x00000000d8580000,0x00000000d8c00000)
 ParOldGen       total 87552K, used 16165K [0x0000000081c00000, 0x0000000087180000, 0x00000000d5f00000)
  object space 87552K, 18% used [0x0000000081c00000,0x0000000082bc9520,0x0000000087180000)
 Metaspace       used 20811K, capacity 21148K, committed 21248K, reserved 1069056K
  class space    used 2433K, capacity 2541K, committed 2560K, reserved 1048576K
}
Event: 49.032 GC heap before
{Heap before GC invocations=6 (full 1):
 PSYoungGen      total 37888K, used 5111K [0x00000000d5f00000, 0x00000000d8c00000, 0x0000000100000000)
  eden space 32768K, 0% used [0x00000000d5f00000,0x00000000d5f00000,0x00000000d7f00000)
  from space 5120K, 99% used [0x00000000d7f80000,0x00000000d847de10,0x00000000d8480000)
  to   space 6656K, 0% used [0x00000000d8580000,0x00000000d8580000,0x00000000d8c00000)
 ParOldGen       total 87552K, used 16165K [0x0000000081c00000, 0x0000000087180000, 0x00000000d5f00000)
  object space 87552K, 18% used [0x0000000081c00000,0x0000000082bc9520,0x0000000087180000)
 Metaspace       used 20811K, capacity 21148K, committed 21248K, reserved 1069056K
  class space    used 2433K, capacity 2541K, committed 2560K, reserved 1048576K
Event: 49.053 GC heap after
Heap after GC invocations=6 (full 1):
 PSYoungGen      total 37888K, used 0K [0x00000000d5f00000, 0x00000000d8c00000, 0x0000000100000000)
  eden space 32768K, 0% used [0x00000000d5f00000,0x00000000d5f00000,0x00000000d7f00000)
  from space 5120K, 0% used [0x00000000d7f80000,0x00000000d7f80000,0x00000000d8480000)
  to   space 6656K, 0% used [0x00000000d8580000,0x00000000d8580000,0x00000000d8c00000)
 ParOldGen       total 57344K, used 10261K [0x0000000081c00000, 0x0000000085400000, 0x00000000d5f00000)
  object space 57344K, 17% used [0x0000000081c00000,0x0000000082605608,0x0000000085400000)
 Metaspace       used 20796K, capacity 21126K, committed 21248K, reserved 1069056K
  class space    used 2427K, capacity 2530K, committed 2560K, reserved 1048576K
}

Deoptimization events (6 events):
Event: 0.282 Thread 0x000000001aecf000 Uncommon trap: reason=null_check action=make_not_entrant pc=0x00000000030e9754 method=java.lang.String.equals(Ljava/lang/Object;)Z @ 8
Event: 39.958 Thread 0x000000001aecf000 Uncommon trap: reason=unstable_if action=reinterpret pc=0x0000000003140fb8 method=java.lang.String.indexOf([CII[CIII)I @ 3
Event: 45.520 Thread 0x000000001b414800 Uncommon trap: reason=null_check action=make_not_entrant pc=0x000000000340c768 method=jade.content.onto.Ontology.getSchema(Ljava/lang/String;)Ljade/content/schema/ObjectSchema; @ 39
Event: 47.454 Thread 0x000000001b416000 Uncommon trap: reason=unstable_if action=reinterpret pc=0x00000000031b24cc method=java.util.HashMap.getNode(ILjava/lang/Object;)Ljava/util/HashMap$Node; @ 62
Event: 47.454 Thread 0x000000001b416000 Uncommon trap: reason=unstable_if action=reinterpret pc=0x00000000031af680 method=java.util.HashMap.getNode(ILjava/lang/Object;)Ljava/util/HashMap$Node; @ 62
Event: 47.557 Thread 0x000000001b413000 Uncommon trap: reason=unstable_if action=reinterpret pc=0x00000000030a4f9c method=java.util.logging.Logger.isLoggable(Ljava/util/logging/Level;)Z @ 8

Classes redefined (0 events):
No events

Internal exceptions (10 events):
Event: 47.460 Thread 0x000000001b416000 Exception <a 'java/lang/ArrayIndexOutOfBoundsException': 0> (0x00000000d72b5a10) thrown at [C:\re\workspace\8-2-build-windows-amd64-cygwin\jdk8u201\12322\hotspot\src\share\vm\interpreter\interpreterRuntime.cpp, line 368]
Event: 47.460 Thread 0x000000001b416000 Exception <a 'java/lang/ArrayIndexOutOfBoundsException': 6> (0x00000000d72b6180) thrown at [C:\re\workspace\8-2-build-windows-amd64-cygwin\jdk8u201\12322\hotspot\src\share\vm\interpreter\interpreterRuntime.cpp, line 368]
Event: 47.460 Thread 0x000000001b416000 Exception <a 'java/lang/ArrayIndexOutOfBoundsException': 7> (0x00000000d72b6da0) thrown at [C:\re\workspace\8-2-build-windows-amd64-cygwin\jdk8u201\12322\hotspot\src\share\vm\interpreter\interpreterRuntime.cpp, line 368]
Event: 47.460 Thread 0x000000001b416000 Exception <a 'java/lang/ArrayIndexOutOfBoundsException': 8> (0x00000000d72b79c0) thrown at [C:\re\workspace\8-2-build-windows-amd64-cygwin\jdk8u201\12322\hotspot\src\share\vm\interpreter\interpreterRuntime.cpp, line 368]
Event: 47.460 Thread 0x000000001b416000 Exception <a 'java/lang/ArrayIndexOutOfBoundsException': 9> (0x00000000d72b85e0) thrown at [C:\re\workspace\8-2-build-windows-amd64-cygwin\jdk8u201\12322\hotspot\src\share\vm\interpreter\interpreterRuntime.cpp, line 368]
Event: 47.460 Thread 0x000000001b416000 Exception <a 'java/lang/ArrayIndexOutOfBoundsException': 10> (0x00000000d72b9200) thrown at [C:\re\workspace\8-2-build-windows-amd64-cygwin\jdk8u201\12322\hotspot\src\share\vm\interpreter\interpreterRuntime.cpp, line 368]
Event: 47.460 Thread 0x000000001b416000 Exception <a 'java/lang/ArrayIndexOutOfBoundsException': 11> (0x00000000d72b9e70) thrown at [C:\re\workspace\8-2-build-windows-amd64-cygwin\jdk8u201\12322\hotspot\src\share\vm\interpreter\interpreterRuntime.cpp, line 368]
Event: 47.460 Thread 0x000000001b416000 Exception <a 'java/lang/ArrayIndexOutOfBoundsException': 0> (0x00000000d72ba9e8) thrown at [C:\re\workspace\8-2-build-windows-amd64-cygwin\jdk8u201\12322\hotspot\src\share\vm\interpreter\interpreterRuntime.cpp, line 368]
Event: 47.460 Thread 0x000000001b416000 Exception <a 'java/lang/ArrayIndexOutOfBoundsException': 12> (0x00000000d72bb158) thrown at [C:\re\workspace\8-2-build-windows-amd64-cygwin\jdk8u201\12322\hotspot\src\share\vm\interpreter\interpreterRuntime.cpp, line 368]
Event: 47.460 Thread 0x000000001b416000 Exception <a 'java/lang/ArrayIndexOutOfBoundsException': 13> (0x00000000d72bbd78) thrown at [C:\re\workspace\8-2-build-windows-amd64-cygwin\jdk8u201\12322\hotspot\src\share\vm\interpreter\interpreterRuntime.cpp, line 368]

Events (10 events):
Event: 49.027 loading class java/time/Clock
Event: 49.027 loading class java/time/Clock done
Event: 49.027 loading class java/time/Clock$SystemClock
Event: 49.027 Executing VM operation: CollectForMetadataAllocation
Event: 49.053 Executing VM operation: CollectForMetadataAllocation done
Event: 49.053 loading class java/time/Clock$SystemClock done
Event: 49.053 loading class java/time/ZoneRegion
Event: 49.053 loading class java/time/ZoneRegion done
Event: 49.053 loading class java/time/zone/ZoneRulesProvider
Event: 49.054 loading class java/time/zone/ZoneRulesProvider done


Dynamic libraries:
0x00007ff663a60000 - 0x00007ff663a97000 	C:\Program Files\Java\jdk1.8.0_201\bin\java.exe
0x00007ff8b04f0000 - 0x00007ff8b06dd000 	C:\WINDOWS\SYSTEM32\ntdll.dll
0x00007ff8a1db0000 - 0x00007ff8a1dc4000 	C:\Program Files (x86)\AVG\Antivirus\aswhook.dll
0x00007ff8af300000 - 0x00007ff8af3b3000 	C:\WINDOWS\System32\KERNEL32.DLL
0x00007ff8ac920000 - 0x00007ff8acbb3000 	C:\WINDOWS\System32\KERNELBASE.dll
0x00007ff8b02e0000 - 0x00007ff8b0383000 	C:\WINDOWS\System32\ADVAPI32.dll
0x00007ff8b01e0000 - 0x00007ff8b027e000 	C:\WINDOWS\System32\msvcrt.dll
0x00007ff8b0080000 - 0x00007ff8b011e000 	C:\WINDOWS\System32\sechost.dll
0x00007ff8ad9f0000 - 0x00007ff8adb12000 	C:\WINDOWS\System32\RPCRT4.dll
0x00007ff8afe30000 - 0x00007ff8affc7000 	C:\WINDOWS\System32\USER32.dll
0x00007ff8ac810000 - 0x00007ff8ac830000 	C:\WINDOWS\System32\win32u.dll
0x00007ff8ad730000 - 0x00007ff8ad759000 	C:\WINDOWS\System32\GDI32.dll
0x00007ff8ace20000 - 0x00007ff8acfb9000 	C:\WINDOWS\System32\gdi32full.dll
0x00007ff8ac830000 - 0x00007ff8ac8d0000 	C:\WINDOWS\System32\msvcp_win.dll
0x00007ff8acbf0000 - 0x00007ff8accea000 	C:\WINDOWS\System32\ucrtbase.dll
0x00007ff89f200000 - 0x00007ff89f479000 	C:\WINDOWS\WinSxS\amd64_microsoft.windows.common-controls_6595b64144ccf1df_6.0.17763.802_none_05b1445c0722d2cc\COMCTL32.dll
0x00007ff8af920000 - 0x00007ff8afc4c000 	C:\WINDOWS\System32\combase.dll
0x00007ff8ac5b0000 - 0x00007ff8ac62e000 	C:\WINDOWS\System32\bcryptPrimitives.dll
0x00007ff8ad760000 - 0x00007ff8ad78e000 	C:\WINDOWS\System32\IMM32.DLL
0x0000000060920000 - 0x00000000609f1000 	C:\Program Files\Java\jdk1.8.0_201\jre\bin\msvcr100.dll
0x0000000060070000 - 0x0000000060914000 	C:\Program Files\Java\jdk1.8.0_201\jre\bin\server\jvm.dll
0x00007ff8ad9e0000 - 0x00007ff8ad9e8000 	C:\WINDOWS\System32\PSAPI.DLL
0x00007ff89d760000 - 0x00007ff89d769000 	C:\WINDOWS\SYSTEM32\WSOCK32.dll
0x00007ff8af290000 - 0x00007ff8af2fd000 	C:\WINDOWS\System32\WS2_32.dll
0x00007ff8a9250000 - 0x00007ff8a9274000 	C:\WINDOWS\SYSTEM32\WINMM.dll
0x00007ff8a5400000 - 0x00007ff8a540a000 	C:\WINDOWS\SYSTEM32\VERSION.dll
0x00007ff8a9220000 - 0x00007ff8a924d000 	C:\WINDOWS\SYSTEM32\WINMMBASE.dll
0x00007ff8ac8d0000 - 0x00007ff8ac91a000 	C:\WINDOWS\System32\cfgmgr32.dll
0x00007ff8a91e0000 - 0x00007ff8a91ef000 	C:\Program Files\Java\jdk1.8.0_201\jre\bin\verify.dll
0x00007ff8a79e0000 - 0x00007ff8a7a09000 	C:\Program Files\Java\jdk1.8.0_201\jre\bin\java.dll
0x00007ff8932c0000 - 0x00007ff8932e3000 	C:\Program Files\Java\jdk1.8.0_201\jre\bin\instrument.dll
0x00007ff893310000 - 0x00007ff893326000 	C:\Program Files\Java\jdk1.8.0_201\jre\bin\zip.dll
0x00007ff8adb20000 - 0x00007ff8af014000 	C:\WINDOWS\System32\SHELL32.dll
0x00007ff8affd0000 - 0x00007ff8b0078000 	C:\WINDOWS\System32\shcore.dll
0x00007ff8acfc0000 - 0x00007ff8ad70d000 	C:\WINDOWS\System32\windows.storage.dll
0x00007ff8ac4e0000 - 0x00007ff8ac504000 	C:\WINDOWS\System32\profapi.dll
0x00007ff8ac550000 - 0x00007ff8ac5ad000 	C:\WINDOWS\System32\powrprof.dll
0x00007ff8b0180000 - 0x00007ff8b01d2000 	C:\WINDOWS\System32\shlwapi.dll
0x00007ff8ac530000 - 0x00007ff8ac541000 	C:\WINDOWS\System32\kernel.appcore.dll
0x00007ff8ace00000 - 0x00007ff8ace17000 	C:\WINDOWS\System32\cryptsp.dll
0x00007ff88c660000 - 0x00007ff88c67a000 	C:\Program Files\JetBrains\IntelliJ IDEA Community Edition 2019.2\bin\breakgen64.dll
0x00007ff888cc0000 - 0x00007ff888cda000 	C:\Program Files\Java\jdk1.8.0_201\jre\bin\net.dll
0x00007ff8a05e0000 - 0x00007ff8a07b7000 	C:\WINDOWS\SYSTEM32\urlmon.dll
0x00007ff89da80000 - 0x00007ff89dd28000 	C:\WINDOWS\SYSTEM32\iertutil.dll
0x00007ff8abf20000 - 0x00007ff8abf2c000 	C:\WINDOWS\SYSTEM32\CRYPTBASE.DLL
0x00007ff8abd50000 - 0x00007ff8abdb7000 	C:\WINDOWS\system32\mswsock.dll
0x00007ff8815e0000 - 0x00007ff881779000 	C:\Program Files\Java\jdk1.8.0_201\jre\bin\awt.dll
0x00007ff8af840000 - 0x00007ff8af904000 	C:\WINDOWS\System32\OLEAUT32.dll
0x00007ff8aa7d0000 - 0x00007ff8aa85c000 	C:\WINDOWS\SYSTEM32\apphelp.dll
0x00007ff8aaa90000 - 0x00007ff8aab2c000 	C:\WINDOWS\system32\uxtheme.dll
0x00007ff8ad790000 - 0x00007ff8ad8fb000 	C:\WINDOWS\System32\MSCTF.dll
0x00007ff8aad70000 - 0x00007ff8aad9e000 	C:\WINDOWS\system32\dwmapi.dll
0x00007ff8ac630000 - 0x00007ff8ac80b000 	C:\WINDOWS\System32\CRYPT32.dll
0x00007ff8ac510000 - 0x00007ff8ac522000 	C:\WINDOWS\System32\MSASN1.dll
0x00007ff8afc50000 - 0x00007ff8afda5000 	C:\WINDOWS\System32\ole32.dll
0x00007ff880040000 - 0x00007ff880167000 	C:\WINDOWS\system32\opengl32.dll
0x00007ff883310000 - 0x00007ff88333c000 	C:\WINDOWS\SYSTEM32\GLU32.dll
0x00007ff8abab0000 - 0x00007ff8abb76000 	C:\WINDOWS\SYSTEM32\DNSAPI.dll
0x00007ff8af0d0000 - 0x00007ff8af0d8000 	C:\WINDOWS\System32\NSI.dll
0x00007ff8aba70000 - 0x00007ff8abaad000 	C:\WINDOWS\SYSTEM32\IPHLPAPI.DLL
0x00007ff89e780000 - 0x00007ff89e78a000 	C:\Windows\System32\rasadhlp.dll
0x00007ff89eb60000 - 0x00007ff89ebd9000 	C:\WINDOWS\System32\fwpuclnt.dll
0x00007ff8acbc0000 - 0x00007ff8acbe6000 	C:\WINDOWS\System32\bcrypt.dll
0x00007ff8819c0000 - 0x00007ff881a07000 	C:\Program Files\Java\jdk1.8.0_201\jre\bin\fontmanager.dll
0x00007ff881920000 - 0x00007ff8819b9000 	C:\WINDOWS\system32\RICHED20.DLL
0x00007ff86fe30000 - 0x00007ff86fe49000 	C:\WINDOWS\SYSTEM32\USP10.dll
0x00007ff8711c0000 - 0x00007ff8711f9000 	C:\WINDOWS\SYSTEM32\msls31.dll
0x00007ff8af020000 - 0x00007ff8af0c2000 	C:\WINDOWS\System32\clbcatq.dll
0x00007ff8a1f10000 - 0x00007ff8a1f66000 	C:\WINDOWS\system32\dataexchange.dll
0x00007ff8a9880000 - 0x00007ff8a9afe000 	C:\WINDOWS\system32\d3d11.dll
0x00007ff8aa0c0000 - 0x00007ff8aa283000 	C:\WINDOWS\system32\dcomp.dll
0x00007ff8ab1e0000 - 0x00007ff8ab2a2000 	C:\WINDOWS\system32\dxgi.dll
0x00007ff8aab60000 - 0x00007ff8aad6d000 	C:\WINDOWS\system32\twinapi.appcore.dll
0x00007ff8aada0000 - 0x00007ff8aadc8000 	C:\WINDOWS\system32\RMCLIENT.dll
0x00007ff887dc0000 - 0x00007ff887dd1000 	C:\Program Files\Java\jdk1.8.0_201\jre\bin\nio.dll
0x00007ff86fc40000 - 0x00007ff86fc82000 	C:\Program Files\Java\jdk1.8.0_201\jre\bin\t2k.dll
0x00007ff887720000 - 0x00007ff8877b5000 	C:\WINDOWS\System32\TextInputFramework.dll
0x00007ff8a7ae0000 - 0x00007ff8a7e02000 	C:\WINDOWS\System32\CoreUIComponents.dll
0x00007ff8aa5f0000 - 0x00007ff8aa6d2000 	C:\WINDOWS\System32\CoreMessaging.dll
0x00007ff8ab690000 - 0x00007ff8ab6c1000 	C:\WINDOWS\SYSTEM32\ntmarta.dll
0x00007ff8a8720000 - 0x00007ff8a8873000 	C:\WINDOWS\SYSTEM32\wintypes.dll
0x00007ff8a32e0000 - 0x00007ff8a32f6000 	C:\WINDOWS\SYSTEM32\dhcpcsvc6.DLL
0x00007ff8a54c0000 - 0x00007ff8a54dc000 	C:\WINDOWS\SYSTEM32\dhcpcsvc.DLL
0x00007ff896670000 - 0x00007ff896686000 	C:\WINDOWS\system32\napinsp.dll
0x00007ff896650000 - 0x00007ff89666a000 	C:\WINDOWS\system32\pnrpnsp.dll
0x00007ff896640000 - 0x00007ff89664e000 	C:\WINDOWS\System32\winrnr.dll
0x00007ff8a8ef0000 - 0x00007ff8a8f0b000 	C:\WINDOWS\system32\NLAapi.dll
0x00007ff896620000 - 0x00007ff896635000 	C:\WINDOWS\system32\wshbth.dll
0x00007ff838f80000 - 0x00007ff83a18a000 	C:\Users\timke\Documents\Intelligent_Systems\jniortools.dll
0x00007ff897d90000 - 0x00007ff897e2b000 	C:\WINDOWS\SYSTEM32\MSVCP140.dll
0x00007ff8a1170000 - 0x00007ff8a135d000 	C:\WINDOWS\SYSTEM32\dbghelp.dll
0x00007ff897d60000 - 0x00007ff897d75000 	C:\WINDOWS\SYSTEM32\VCRUNTIME140.dll

VM Arguments:
jvm_args: -Djava.library.path=C:\Users\timke\Documents\Intelligent_Systems -javaagent:C:\Program Files\JetBrains\IntelliJ IDEA Community Edition 2019.2\lib\idea_rt.jar=3265:C:\Program Files\JetBrains\IntelliJ IDEA Community Edition 2019.2\bin -Dfile.encoding=UTF-8 
java_command: main.Main
java_class_path (initial): C:\Program Files\Java\jdk1.8.0_201\jre\lib\charsets.jar;C:\Program Files\Java\jdk1.8.0_201\jre\lib\deploy.jar;C:\Program Files\Java\jdk1.8.0_201\jre\lib\ext\access-bridge-64.jar;C:\Program Files\Java\jdk1.8.0_201\jre\lib\ext\cldrdata.jar;C:\Program Files\Java\jdk1.8.0_201\jre\lib\ext\dnsns.jar;C:\Program Files\Java\jdk1.8.0_201\jre\lib\ext\jaccess.jar;C:\Program Files\Java\jdk1.8.0_201\jre\lib\ext\jfxrt.jar;C:\Program Files\Java\jdk1.8.0_201\jre\lib\ext\localedata.jar;C:\Program Files\Java\jdk1.8.0_201\jre\lib\ext\nashorn.jar;C:\Program Files\Java\jdk1.8.0_201\jre\lib\ext\sunec.jar;C:\Program Files\Java\jdk1.8.0_201\jre\lib\ext\sunjce_provider.jar;C:\Program Files\Java\jdk1.8.0_201\jre\lib\ext\sunmscapi.jar;C:\Program Files\Java\jdk1.8.0_201\jre\lib\ext\sunpkcs11.jar;C:\Program Files\Java\jdk1.8.0_201\jre\lib\ext\zipfs.jar;C:\Program Files\Java\jdk1.8.0_201\jre\lib\javaws.jar;C:\Program Files\Java\jdk1.8.0_201\jre\lib\jce.jar;C:\Program Files\Java\jdk1.8.0_201\jre\lib\jfr.jar;C:\Program Files\Java\jdk1.8.0_201\jre\lib\jfxswt.jar;C:\Program Files\Java\jdk1.8.0_201\jre\lib\jsse.jar;C:\Program Files\Java\jdk1.8.0_201\jre\lib\management-agent.jar;C:\Program Files\Java\jdk1.8.0_201\jre\lib\plugin.jar;C:\Program Files\Java\jdk1.8.0_201\jre\lib\resources.jar;C:\Program Files\Java\jdk1.8.0_201\jre\lib\rt.jar;C:\Users\timke\Documents\Intelligent_Systems\Vehicle_Routing_COS30018\out\production\Vehicle_Routing_COS30018;C:\Users\timke\Documents\Intelligent_Systems\com.google.ortools.jar;C:\Users\timke\Documents\Intelligent_Systems\protobuf.jar;C:\Users\timke\Documents\JAVA_LIBRARIES\choco-solver-4.10.1.jar;C:\Users\timke\Documents\JAVA_LIBRARIES\mysql-connector.jar;C:\Users\timke\Documents\JADE\lib\jade.jar;C:\Program Files\JetBrains\IntelliJ IDEA Community Edition 2019.2\lib\idea_rt.jar
Launcher Type: SUN_STANDARD

Environment Variables:
PATH=C:\Program Files (x86)\Common Files\Oracle\Java\javapath;"C:\Program Files\Java\jdk-11.0.2; C:\glassfish4\jdk7; C:\glassfish4\jdk7\jre;";C:\ProgramData\Oracle\Java\javapath;C:\Program Files (x86)\Intel\iCLS Client\;C:\Program Files\Intel\iCLS Client\;C:\Windows\system32;C:\Windows;C:\Windows\System32\Wbem;C:\Windows\System32\WindowsPowerShell\v1.0\;C:\Program Files\Intel\WiFi\bin\;C:\Program Files\Common Files\Intel\WirelessCommon\;C:\Program Files (x86)\NVIDIA Corporation\PhysX\Common;C:\Program Files (x86)\Intel\Intel(R) Management Engine Components\DAL;C:\Program Files\Intel\Intel(R) Management Engine Components\DAL;C:\Program Files (x86)\Intel\Intel(R) Management Engine Components\IPT;C:\Program Files\Intel\Intel(R) Management Engine Components\IPT;C:\Program Files (x86)\Skype\Phone\;C:\WINDOWS\system32;C:\WINDOWS;C:\WINDOWS\System32\Wbem;C:\WINDOWS\System32\WindowsPowerShell\v1.0\;C:\FPC\2.6.4\bin\i386-Win32;C:\Program Files\PuTTY\;C:\Program Files (x86)\IVI Foundation\VISA\WinNT\Bin;C:\WINDOWS\System32\OpenSSH\;C:\Program Files\Microsoft VS Code\bin;C:\Program Files\dotnet\;C:\Program Files\Git\cmd;C:\Program Files\nodejs\;C:\Program Files\NVIDIA Corporation\NVIDIA NvDLISR;;C:\WINDOWS\system32;C:\WINDOWS;C:\WINDOWS\System32\Wbem;C:\WINDOWS\System32\WindowsPowerShell\v1.0\;C:\WINDOWS\System32\OpenSSH\;C:\Users\timke\AppData\Local\Microsoft\WindowsApps;C:\Users\timke\AppData\Local\atom\bin;C:\Users\timke\AppData\Local\Microsoft\WindowsApps;C:\Users\timke\AppData\Roaming\npm;C:\Program Files (x86)\Nmap;C:\Program Files\Java\jdk1.8.0_201\bin;C:\Python27;C:\Python27\Scripts;
USERNAME=timke
OS=Windows_NT
PROCESSOR_IDENTIFIER=Intel64 Family 6 Model 158 Stepping 9, GenuineIntel



---------------  S Y S T E M  ---------------

OS: Windows 10.0 , 64 bit Build 17763 (10.0.17763.475)

CPU:total 8 (initial active 8) (4 cores per cpu, 2 threads per core) family 6 model 158 stepping 9, cmov, cx8, fxsr, mmx, sse, sse2, sse3, ssse3, sse4.1, sse4.2, popcnt, avx, avx2, aes, clmul, erms, 3dnowpref, lzcnt, ht, tsc, tscinvbit, bmi1, bmi2, adx

Memory: 4k page, physical 8270668k(1464168k free), swap 21902156k(6236500k free)

vm_info: Java HotSpot(TM) 64-Bit Server VM (25.201-b09) for windows-amd64 JRE (1.8.0_201-b09), built on Dec 15 2018 18:36:39 by "java_re" with MS VC++ 10.0 (VS2010)

time: Fri Nov 01 11:11:45 2019
timezone: AUS Eastern Daylight Time
elapsed time: 49 seconds (0d 0h 0m 49s)

