#
# A fatal error has been detected by the Java Runtime Environment:
#
#  EXCEPTION_ACCESS_VIOLATION (0xc0000005) at pc=0x0000000061e5f01d, pid=20380, tid=0x00000000000039f4
#
# JRE version: Java(TM) SE Runtime Environment (8.0_202-b08) (build 1.8.0_202-b08)
# Java VM: Java HotSpot(TM) 64-Bit Server VM (25.202-b08 mixed mode windows-amd64 compressed oops)
# Problematic frame:
# V  [jvm.dll+0x13f01d]
#
# Failed to write core dump. Minidumps are not enabled by default on client versions of Windows
#
# If you would like to submit a bug report, please visit:
#   http://bugreport.java.com/bugreport/crash.jsp
# The crash happened outside the Java Virtual Machine in native code.
# See problematic frame for where to report the bug.
#

---------------  T H R E A D  ---------------

Current thread (0x00000000022ab800):  JavaThread "Finalizer" daemon [_thread_in_native, id=14836, stack(0x000000001cb90000,0x000000001cc90000)]

siginfo: ExceptionCode=0xc0000005, writing address 0x0000000000000270

Registers:
RAX=0x000000000000dead, RBX=0x0000000000000000, RCX=0x000000001e083000, RDX=0x000000001dba15c8
RSP=0x000000001cc8f380, RBP=0x0000000000000000, RSI=0x000000002784d500, RDI=0x000000001dba15c8
R8 =0x0000000000191200, R9 =0x0000000000008000, R10=0x00000000ffffffff, R11=0x000000001cc8f350
R12=0x0000000000000000, R13=0x0000000000000000, R14=0x0000000000000000, R15=0x0000000027a33e08
RIP=0x0000000061e5f01d, EFLAGS=0x0000000000010246

Top of Stack: (sp=0x000000001cc8f380)
0x000000001cc8f380:   0000000000570000 0000000027bd0a70
0x000000001cc8f390:   0000000000000000 0000000000000000
0x000000001cc8f3a0:   00000000ffffffff 00007ffbfc0f87ce
0x000000001cc8f3b0:   000000002780e0d0 000000002784d500
0x000000001cc8f3c0:   0000000000000000 0000000000000000
0x000000001cc8f3d0:   fffffffffffffffe 0000000027a33d00
0x000000001cc8f3e0:   0000000000000000 00007ffbfc0f6bed
0x000000001cc8f3f0:   0000000000000000 00007ffbfce734b0
0x000000001cc8f400:   0000000027a33e08 0000000027a33d00
0x000000001cc8f410:   000000002784d580 00007ffbfc3dc6d5
0x000000001cc8f420:   000000002784d500 0000000000000000
0x000000001cc8f430:   0000000027a344d0 00000000022ac320
0x000000001cc8f440:   00007ffbfce734b0 00007ffbfc3e04b8
0x000000001cc8f450:   000000001cc8f4d9 0000000027a33d00
0x000000001cc8f460:   0000000027a34520 000000001cc8f4d9
0x000000001cc8f470:   00007ffbfce734b0 0000000000000000 

Instructions: (pc=0x0000000061e5f01d)
0x0000000061e5effd:   8b fa 3d ab de 00 00 74 17 8b 83 88 02 00 00 3d
0x0000000061e5f00d:   ac de 00 00 74 0a 48 8b cb e8 65 03 10 00 33 db
0x0000000061e5f01d:   c7 83 70 02 00 00 05 00 00 00 83 3d 9a 86 6d 00
0x0000000061e5f02d:   01 75 09 80 3d 0c 79 6d 00 00 74 18 80 3d 04 79 


Register to memory mapping:

RAX=0x000000000000dead is an unknown value
RBX=0x0000000000000000 is an unknown value
RCX=0x000000001e083000 is an unknown value
RDX=0x000000001dba15c8 is a global jni handle
RSP=0x000000001cc8f380 is pointing into the stack for thread: 0x00000000022ab800
RBP=0x0000000000000000 is an unknown value
RSI=0x000000002784d500 is an unknown value
RDI=0x000000001dba15c8 is a global jni handle
R8 =0x0000000000191200 is an unknown value
R9 =0x0000000000008000 is an unknown value
R10=0x00000000ffffffff is an unknown value
R11=0x000000001cc8f350 is pointing into the stack for thread: 0x00000000022ab800
R12=0x0000000000000000 is an unknown value
R13=0x0000000000000000 is an unknown value
R14=0x0000000000000000 is an unknown value
R15=0x0000000027a33e08 is an unknown value


Stack: [0x000000001cb90000,0x000000001cc90000],  sp=0x000000001cc8f380,  free space=1020k
Native frames: (J=compiled Java code, j=interpreted, Vv=VM code, C=native code)

Java frames: (J=compiled Java code, j=interpreted, Vv=VM code)
j  com.google.ortools.constraintsolver.mainJNI.delete_RoutingModel(J)V+0
j  com.google.ortools.constraintsolver.RoutingModel.delete()V+25
j  com.google.ortools.constraintsolver.RoutingModel.finalize()V+1
J 949 C1 java.lang.ref.Finalizer.runFinalizer(Lsun/misc/JavaLangAccess;)V (62 bytes) @ 0x0000000002630d14 [0x0000000002630780+0x594]
J 948 C1 java.lang.ref.Finalizer.access$100(Ljava/lang/ref/Finalizer;Lsun/misc/JavaLangAccess;)V (6 bytes) @ 0x000000000263041c [0x00000000026303c0+0x5c]
j  java.lang.ref.Finalizer$FinalizerThread.run()V+45
v  ~StubRoutines::call_stub

---------------  P R O C E S S  ---------------

Java Threads: ( => current thread )
  0x000000001e07c800 JavaThread "Image Fetcher 3" daemon [_thread_blocked, id=13400, stack(0x000000002c450000,0x000000002c550000)]
  0x000000001e07d000 JavaThread "Image Fetcher 2" daemon [_thread_blocked, id=6588, stack(0x000000002c350000,0x000000002c450000)]
  0x000000001e07e000 JavaThread "DestroyJavaVM" [_thread_blocked, id=6964, stack(0x0000000001e10000,0x0000000001f10000)]
  0x000000001e07f800 JavaThread "MasterRouteAgent" [_thread_blocked, id=16260, stack(0x000000002bf50000,0x000000002c050000)]
  0x000000001e07b800 JavaThread "Delivery_Agent3" [_thread_in_vm, id=13352, stack(0x000000002be50000,0x000000002bf50000)]
  0x000000001e082800 JavaThread "Delivery_Agent2" [_thread_in_vm, id=17004, stack(0x000000002bd50000,0x000000002be50000)]
  0x000000001e07e800 JavaThread "Delivery_Agent1" [_thread_in_vm, id=20956, stack(0x000000002bc50000,0x000000002bd50000)]
  0x000000001e081800 JavaThread "Delivery_Agent0" [_thread_in_vm, id=25436, stack(0x000000002bb50000,0x000000002bc50000)]
  0x000000001e07b000 JavaThread "DBAgent" [_thread_blocked, id=7492, stack(0x000000002ba50000,0x000000002bb50000)]
  0x000000001e080000 JavaThread "rma" [_thread_blocked, id=22660, stack(0x000000002b950000,0x000000002ba50000)]
  0x000000001e081000 JavaThread "df" [_thread_blocked, id=23460, stack(0x000000002b850000,0x000000002b950000)]
  0x000000001df6f800 JavaThread "ams" [_thread_blocked, id=8908, stack(0x000000002b750000,0x000000002b850000)]
  0x000000001df6e000 JavaThread "Thread-13" [_thread_in_native, id=13804, stack(0x000000002b650000,0x000000002b750000)]
  0x000000001df6d800 JavaThread "Deliverer-04" [_thread_blocked, id=10768, stack(0x000000002b550000,0x000000002b650000)]
  0x000000001df6c800 JavaThread "Deliverer-03" [_thread_blocked, id=12868, stack(0x000000002b450000,0x000000002b550000)]
  0x000000001df6f000 JavaThread "Deliverer-02" [_thread_blocked, id=13760, stack(0x000000002b350000,0x000000002b450000)]
  0x000000001df72000 JavaThread "Deliverer-01" [_thread_blocked, id=16432, stack(0x000000002b250000,0x000000002b350000)]
  0x000000001df71000 JavaThread "Deliverer-00" [_thread_blocked, id=11356, stack(0x000000002b150000,0x000000002b250000)]
  0x000000001df6b000 JavaThread "Thread-7" [_thread_in_native, id=13408, stack(0x000000002b050000,0x000000002b150000)]
  0x000000001df6c000 JavaThread "Thread-6" [_thread_blocked, id=17428, stack(0x000000002af50000,0x000000002b050000)]
  0x000000001df70800 JavaThread "JICPServer-8888" daemon [_thread_in_native, id=15196, stack(0x000000002ae50000,0x000000002af50000)]
  0x000000001dde3000 JavaThread "D3D Screen Updater" daemon [_thread_blocked, id=5328, stack(0x000000002a0d0000,0x000000002a1d0000)]
  0x000000001df31800 JavaThread "Thread-3" [_thread_blocked, id=8508, stack(0x00000000297b0000,0x00000000298b0000)]
  0x000000001ddd6800 JavaThread "JADE Timer dispatcher" [_thread_blocked, id=13092, stack(0x00000000296b0000,0x00000000297b0000)]
  0x000000001d35d000 JavaThread "AWT-EventQueue-0" [_thread_blocked, id=16596, stack(0x000000001e6b0000,0x000000001e7b0000)]
  0x000000001d35c000 JavaThread "AWT-Windows" daemon [_thread_in_native, id=2772, stack(0x000000001e4d0000,0x000000001e5d0000)]
  0x000000001d354000 JavaThread "AWT-Shutdown" [_thread_blocked, id=3832, stack(0x000000001e3d0000,0x000000001e4d0000)]
  0x000000001d34f000 JavaThread "Java2D Disposer" daemon [_thread_blocked, id=21124, stack(0x000000001e2d0000,0x000000001e3d0000)]
  0x000000001d009800 JavaThread "Service Thread" daemon [_thread_blocked, id=8336, stack(0x000000001d790000,0x000000001d890000)]
  0x000000001cffd000 JavaThread "C1 CompilerThread2" daemon [_thread_blocked, id=14976, stack(0x000000001d690000,0x000000001d790000)]
  0x000000001cff2800 JavaThread "C2 CompilerThread1" daemon [_thread_blocked, id=18564, stack(0x000000001d590000,0x000000001d690000)]
  0x000000001cfef000 JavaThread "C2 CompilerThread0" daemon [_thread_blocked, id=15996, stack(0x000000001d490000,0x000000001d590000)]
  0x000000001cfd4800 JavaThread "Monitor Ctrl-Break" daemon [_thread_in_native, id=10956, stack(0x000000001d390000,0x000000001d490000)]
  0x000000001b92a000 JavaThread "Attach Listener" daemon [_thread_blocked, id=21432, stack(0x000000001ce90000,0x000000001cf90000)]
  0x000000001b928800 JavaThread "Signal Dispatcher" daemon [_thread_blocked, id=12108, stack(0x000000001cd90000,0x000000001ce90000)]
=>0x00000000022ab800 JavaThread "Finalizer" daemon [_thread_in_native, id=14836, stack(0x000000001cb90000,0x000000001cc90000)]
  0x00000000022a3000 JavaThread "Reference Handler" daemon [_thread_blocked, id=6092, stack(0x000000001ca90000,0x000000001cb90000)]

Other Threads:
  0x000000001b8e7800 VMThread [stack: 0x000000001c990000,0x000000001ca90000] [id=1324]
  0x000000001d0bd000 WatcherThread [stack: 0x000000001d890000,0x000000001d990000] [id=1044]

VM state:not at safepoint (normal execution)

VM Mutex/Monitor currently owned by a thread: None

heap address: 0x00000006c0a00000, size: 4086 MB, Compressed Oops mode: Zero based, Oop shift amount: 3
Narrow klass base: 0x0000000000000000, Narrow klass shift: 3
Compressed class space size: 1073741824 Address: 0x00000007c0000000

Heap:
 PSYoungGen      total 85504K, used 42578K [0x000000076ae00000, 0x0000000772880000, 0x00000007c0000000)
  eden space 84480K, 49% used [0x000000076ae00000,0x000000076d6f4a50,0x0000000770080000)
  from space 1024K, 62% used [0x0000000772780000,0x0000000772820000,0x0000000772880000)
  to   space 8704K, 0% used [0x0000000771780000,0x0000000771780000,0x0000000772000000)
 ParOldGen       total 94208K, used 5163K [0x00000006c0a00000, 0x00000006c6600000, 0x000000076ae00000)
  object space 94208K, 5% used [0x00000006c0a00000,0x00000006c0f0af00,0x00000006c6600000)
 Metaspace       used 23259K, capacity 23634K, committed 23808K, reserved 1071104K
  class space    used 2928K, capacity 3048K, committed 3072K, reserved 1048576K

Card table byte_map: [0x0000000011670000,0x0000000011e70000] byte_map_base: 0x000000000e06b000

Marking Bits: (ParMarkBitMap*) 0x0000000062545ce0
 Begin Bits: [0x00000000127d0000, 0x00000000167a8000)
 End Bits:   [0x00000000167a8000, 0x000000001a780000)

Polling page: 0x0000000000520000

CodeCache: size=245760Kb used=5725Kb max_used=5725Kb free=240035Kb
 bounds [0x00000000022b0000, 0x0000000002850000, 0x00000000112b0000]
 total_blobs=2440 nmethods=1736 adapters=616
 compilation: enabled

Compilation events (10 events):
Event: 8.041 Thread 0x000000001cffd000 1815       3       jade.util.leap.LinkedList::remove (11 bytes)
Event: 8.041 Thread 0x000000001cffd000 nmethod 1815 0x000000000281ee10 code [0x000000000281ef80, 0x000000000281f1a8]
Event: 8.042 Thread 0x000000001cff2800 nmethod 1813 0x000000000281e9d0 code [0x000000000281eb20, 0x000000000281ec88]
Event: 8.042 Thread 0x000000001cff2800 1816       4       jade.core.InternalMessageQueue::receive (66 bytes)
Event: 8.044 Thread 0x000000001cff2800 nmethod 1816 0x0000000002822490 code [0x0000000002822640, 0x0000000002822a90]
Event: 8.045 Thread 0x000000001cfef000 nmethod 1814 0x0000000002823690 code [0x0000000002823860, 0x00000000028241e0]
Event: 8.045 Thread 0x000000001cff2800 1817       4       jade.core.behaviours.Behaviour::actionWrapper (59 bytes)
Event: 8.045 Thread 0x000000001cfef000 1818       4       agents.DriverAgent$1::action (319 bytes)
Event: 8.055 Thread 0x000000001cfef000 nmethod 1818 0x000000000282aa50 code [0x000000000282ada0, 0x000000000282be18]
Event: 8.055 Thread 0x000000001cff2800 nmethod 1817 0x000000000282cf90 code [0x000000000282d300, 0x000000000282e3f8]

GC Heap History (10 events):
Event: 7.566 GC heap before
{Heap before GC invocations=6 (full 0):
 PSYoungGen      total 69632K, used 69232K [0x000000076ae00000, 0x000000076f980000, 0x00000007c0000000)
  eden space 64000K, 100% used [0x000000076ae00000,0x000000076ec80000,0x000000076ec80000)
  from space 5632K, 92% used [0x000000076ee00000,0x000000076f31c0e0,0x000000076f380000)
  to   space 6144K, 0% used [0x000000076f380000,0x000000076f380000,0x000000076f980000)
 ParOldGen       total 175104K, used 48K [0x00000006c0a00000, 0x00000006cb500000, 0x000000076ae00000)
  object space 175104K, 0% used [0x00000006c0a00000,0x00000006c0a0c000,0x00000006cb500000)
 Metaspace       used 20957K, capacity 21270K, committed 21296K, reserved 1069056K
  class space    used 2706K, capacity 2790K, committed 2816K, reserved 1048576K
Event: 7.569 GC heap after
Heap after GC invocations=6 (full 0):
 PSYoungGen      total 68096K, used 5200K [0x000000076ae00000, 0x000000076f900000, 0x00000007c0000000)
  eden space 62464K, 0% used [0x000000076ae00000,0x000000076ae00000,0x000000076eb00000)
  from space 5632K, 92% used [0x000000076f380000,0x000000076f8940c0,0x000000076f900000)
  to   space 6656K, 0% used [0x000000076ec00000,0x000000076ec00000,0x000000076f280000)
 ParOldGen       total 175104K, used 48K [0x00000006c0a00000, 0x00000006cb500000, 0x000000076ae00000)
  object space 175104K, 0% used [0x00000006c0a00000,0x00000006c0a0c000,0x00000006cb500000)
 Metaspace       used 20957K, capacity 21270K, committed 21296K, reserved 1069056K
  class space    used 2706K, capacity 2790K, committed 2816K, reserved 1048576K
}
Event: 7.771 GC heap before
{Heap before GC invocations=7 (full 0):
 PSYoungGen      total 68096K, used 67664K [0x000000076ae00000, 0x000000076f900000, 0x00000007c0000000)
  eden space 62464K, 100% used [0x000000076ae00000,0x000000076eb00000,0x000000076eb00000)
  from space 5632K, 92% used [0x000000076f380000,0x000000076f8940c0,0x000000076f900000)
  to   space 6656K, 0% used [0x000000076ec00000,0x000000076ec00000,0x000000076f280000)
 ParOldGen       total 175104K, used 48K [0x00000006c0a00000, 0x00000006cb500000, 0x000000076ae00000)
  object space 175104K, 0% used [0x00000006c0a00000,0x00000006c0a0c000,0x00000006cb500000)
 Metaspace       used 20957K, capacity 21270K, committed 21296K, reserved 1069056K
  class space    used 2706K, capacity 2790K, committed 2816K, reserved 1048576K
Event: 7.774 GC heap after
Heap after GC invocations=7 (full 0):
 PSYoungGen      total 70144K, used 128K [0x000000076ae00000, 0x0000000773700000, 0x00000007c0000000)
  eden space 63488K, 0% used [0x000000076ae00000,0x000000076ae00000,0x000000076ec00000)
  from space 6656K, 1% used [0x000000076ec00000,0x000000076ec20000,0x000000076f280000)
  to   space 7680K, 0% used [0x0000000772f80000,0x0000000772f80000,0x0000000773700000)
 ParOldGen       total 175104K, used 5204K [0x00000006c0a00000, 0x00000006cb500000, 0x000000076ae00000)
  object space 175104K, 2% used [0x00000006c0a00000,0x00000006c0f15218,0x00000006cb500000)
 Metaspace       used 20957K, capacity 21270K, committed 21296K, reserved 1069056K
  class space    used 2706K, capacity 2790K, committed 2816K, reserved 1048576K
}
Event: 7.945 GC heap before
{Heap before GC invocations=8 (full 0):
 PSYoungGen      total 70144K, used 48913K [0x000000076ae00000, 0x0000000773700000, 0x00000007c0000000)
  eden space 63488K, 76% used [0x000000076ae00000,0x000000076dda4728,0x000000076ec00000)
  from space 6656K, 1% used [0x000000076ec00000,0x000000076ec20000,0x000000076f280000)
  to   space 7680K, 0% used [0x0000000772f80000,0x0000000772f80000,0x0000000773700000)
 ParOldGen       total 175104K, used 5204K [0x00000006c0a00000, 0x00000006cb500000, 0x000000076ae00000)
  object space 175104K, 2% used [0x00000006c0a00000,0x00000006c0f15218,0x00000006cb500000)
 Metaspace       used 20957K, capacity 21270K, committed 21296K, reserved 1069056K
  class space    used 2706K, capacity 2790K, committed 2816K, reserved 1048576K
Event: 7.945 GC heap after
Heap after GC invocations=8 (full 0):
 PSYoungGen      total 62464K, used 128K [0x000000076ae00000, 0x0000000773000000, 0x00000007c0000000)
  eden space 61952K, 0% used [0x000000076ae00000,0x000000076ae00000,0x000000076ea80000)
  from space 512K, 25% used [0x0000000772f80000,0x0000000772fa0000,0x0000000773000000)
  to   space 8192K, 0% used [0x0000000772000000,0x0000000772000000,0x0000000772800000)
 ParOldGen       total 175104K, used 5276K [0x00000006c0a00000, 0x00000006cb500000, 0x000000076ae00000)
  object space 175104K, 3% used [0x00000006c0a00000,0x00000006c0f27218,0x00000006cb500000)
 Metaspace       used 20957K, capacity 21270K, committed 21296K, reserved 1069056K
  class space    used 2706K, capacity 2790K, committed 2816K, reserved 1048576K
}
Event: 7.945 GC heap before
{Heap before GC invocations=9 (full 1):
 PSYoungGen      total 62464K, used 128K [0x000000076ae00000, 0x0000000773000000, 0x00000007c0000000)
  eden space 61952K, 0% used [0x000000076ae00000,0x000000076ae00000,0x000000076ea80000)
  from space 512K, 25% used [0x0000000772f80000,0x0000000772fa0000,0x0000000773000000)
  to   space 8192K, 0% used [0x0000000772000000,0x0000000772000000,0x0000000772800000)
 ParOldGen       total 175104K, used 5276K [0x00000006c0a00000, 0x00000006cb500000, 0x000000076ae00000)
  object space 175104K, 3% used [0x00000006c0a00000,0x00000006c0f27218,0x00000006cb500000)
 Metaspace       used 20957K, capacity 21270K, committed 21296K, reserved 1069056K
  class space    used 2706K, capacity 2790K, committed 2816K, reserved 1048576K
Event: 7.976 GC heap after
Heap after GC invocations=9 (full 1):
 PSYoungGen      total 62464K, used 0K [0x000000076ae00000, 0x0000000773000000, 0x00000007c0000000)
  eden space 61952K, 0% used [0x000000076ae00000,0x000000076ae00000,0x000000076ea80000)
  from space 512K, 0% used [0x0000000772f80000,0x0000000772f80000,0x0000000773000000)
  to   space 8192K, 0% used [0x0000000772000000,0x0000000772000000,0x0000000772800000)
 ParOldGen       total 94208K, used 5147K [0x00000006c0a00000, 0x00000006c6600000, 0x000000076ae00000)
  object space 94208K, 5% used [0x00000006c0a00000,0x00000006c0f06f00,0x00000006c6600000)
 Metaspace       used 20957K, capacity 21270K, committed 21296K, reserved 1069056K
  class space    used 2706K, capacity 2790K, committed 2816K, reserved 1048576K
}
Event: 8.209 GC heap before
{Heap before GC invocations=10 (full 1):
 PSYoungGen      total 62464K, used 61952K [0x000000076ae00000, 0x0000000773000000, 0x00000007c0000000)
  eden space 61952K, 100% used [0x000000076ae00000,0x000000076ea80000,0x000000076ea80000)
  from space 512K, 0% used [0x0000000772f80000,0x0000000772f80000,0x0000000773000000)
  to   space 8192K, 0% used [0x0000000772000000,0x0000000772000000,0x0000000772800000)
 ParOldGen       total 94208K, used 5147K [0x00000006c0a00000, 0x00000006c6600000, 0x000000076ae00000)
  object space 94208K, 5% used [0x00000006c0a00000,0x00000006c0f06f00,0x00000006c6600000)
 Metaspace       used 22541K, capacity 22944K, committed 23088K, reserved 1069056K
  class space    used 2847K, capacity 2967K, committed 3072K, reserved 1048576K
Event: 8.210 GC heap after
Heap after GC invocations=10 (full 1):
 PSYoungGen      total 87552K, used 911K [0x000000076ae00000, 0x0000000773000000, 0x00000007c0000000)
  eden space 86528K, 0% used [0x000000076ae00000,0x000000076ae00000,0x0000000770280000)
  from space 1024K, 88% used [0x0000000772000000,0x00000007720e3c18,0x0000000772100000)
  to   space 8704K, 0% used [0x0000000772780000,0x0000000772780000,0x0000000773000000)
 ParOldGen       total 94208K, used 5155K [0x00000006c0a00000, 0x00000006c6600000, 0x000000076ae00000)
  object space 94208K, 5% used [0x00000006c0a00000,0x00000006c0f08f00,0x00000006c6600000)
 Metaspace       used 22541K, capacity 22944K, committed 23088K, reserved 1069056K
  class space    used 2847K, capacity 2967K, committed 3072K, reserved 1048576K
}

Deoptimization events (10 events):
Event: 6.254 Thread 0x000000001df6c800 Uncommon trap: reason=unstable_if action=reinterpret pc=0x00000000023d10d4 method=java.util.AbstractCollection.isEmpty()Z @ 4
Event: 6.277 Thread 0x000000001d35d000 Uncommon trap: reason=unstable_if action=reinterpret pc=0x00000000023d13c8 method=java.util.AbstractCollection.isEmpty()Z @ 4
Event: 6.956 Thread 0x000000001e080000 Uncommon trap: reason=unstable_if action=reinterpret pc=0x0000000002716ac4 method=jade.core.Agent$ActiveLifeCycle.execute()V @ 65
Event: 6.967 Thread 0x000000001df6f800 Uncommon trap: reason=null_check action=make_not_entrant pc=0x00000000025382d0 method=jade.content.onto.Ontology.getSchema(Ljava/lang/String;)Ljade/content/schema/ObjectSchema; @ 39
Event: 7.978 Thread 0x000000001e083000 Uncommon trap: reason=unstable_if action=reinterpret pc=0x0000000002548204 method=java.util.HashMap.getNode(ILjava/lang/Object;)Ljava/util/HashMap$Node; @ 62
Event: 7.978 Thread 0x000000001e083000 Uncommon trap: reason=unstable_if action=reinterpret pc=0x00000000025474f8 method=java.util.HashMap.getNode(ILjava/lang/Object;)Ljava/util/HashMap$Node; @ 62
Event: 7.981 Thread 0x000000001df6f800 Uncommon trap: reason=class_check action=maybe_recompile pc=0x00000000027e9460 method=jade.core.Agent$ActiveLifeCycle.execute()V @ 69
Event: 8.038 Thread 0x000000001e07b800 Uncommon trap: reason=unstable_if action=reinterpret pc=0x000000000246d208 method=java.util.LinkedList$ListItr.<init>(Ljava/util/LinkedList;I)V @ 26
Event: 8.038 Thread 0x000000001e07b800 Uncommon trap: reason=unstable_if action=reinterpret pc=0x00000000027d0280 method=agents.DriverAgent$1.action()V @ 9
Event: 8.041 Thread 0x000000001e07b800 Uncommon trap: reason=class_check action=maybe_recompile pc=0x00000000027e9460 method=jade.core.Agent$ActiveLifeCycle.execute()V @ 69

Classes redefined (0 events):
No events

Internal exceptions (10 events):
Event: 7.981 Thread 0x000000001e083000 Exception <a 'java/lang/ArrayIndexOutOfBoundsException': 0> (0x000000076af8d780) thrown at [C:\re\workspace\8-2-build-windows-amd64-cygwin\jdk8u202\12323\hotspot\src\share\vm\interpreter\interpreterRuntime.cpp, line 368]
Event: 7.981 Thread 0x000000001e083000 Exception <a 'java/lang/ArrayIndexOutOfBoundsException': 1> (0x000000076af8e3c8) thrown at [C:\re\workspace\8-2-build-windows-amd64-cygwin\jdk8u202\12323\hotspot\src\share\vm\interpreter\interpreterRuntime.cpp, line 368]
Event: 7.981 Thread 0x000000001e083000 Exception <a 'java/lang/ArrayIndexOutOfBoundsException': 2> (0x000000076af8efe8) thrown at [C:\re\workspace\8-2-build-windows-amd64-cygwin\jdk8u202\12323\hotspot\src\share\vm\interpreter\interpreterRuntime.cpp, line 368]
Event: 7.981 Thread 0x000000001e083000 Exception <a 'java/lang/ArrayIndexOutOfBoundsException': 3> (0x000000076af8fc08) thrown at [C:\re\workspace\8-2-build-windows-amd64-cygwin\jdk8u202\12323\hotspot\src\share\vm\interpreter\interpreterRuntime.cpp, line 368]
Event: 7.981 Thread 0x000000001e083000 Exception <a 'java/lang/ArrayIndexOutOfBoundsException': 4> (0x000000076b0b3250) thrown at [C:\re\workspace\8-2-build-windows-amd64-cygwin\jdk8u202\12323\hotspot\src\share\vm\interpreter\interpreterRuntime.cpp, line 368]
Event: 7.981 Thread 0x000000001e083000 Exception <a 'java/lang/ArrayIndexOutOfBoundsException': 5> (0x000000076b0b3e70) thrown at [C:\re\workspace\8-2-build-windows-amd64-cygwin\jdk8u202\12323\hotspot\src\share\vm\interpreter\interpreterRuntime.cpp, line 368]
Event: 7.981 Thread 0x000000001e083000 Exception <a 'java/lang/ArrayIndexOutOfBoundsException': 6> (0x000000076b0b4a90) thrown at [C:\re\workspace\8-2-build-windows-amd64-cygwin\jdk8u202\12323\hotspot\src\share\vm\interpreter\interpreterRuntime.cpp, line 368]
Event: 7.981 Thread 0x000000001e083000 Exception <a 'java/lang/ArrayIndexOutOfBoundsException': 0> (0x000000076b0b5608) thrown at [C:\re\workspace\8-2-build-windows-amd64-cygwin\jdk8u202\12323\hotspot\src\share\vm\interpreter\interpreterRuntime.cpp, line 368]
Event: 7.981 Thread 0x000000001e083000 Exception <a 'java/lang/ArrayIndexOutOfBoundsException': 7> (0x000000076b0b5d78) thrown at [C:\re\workspace\8-2-build-windows-amd64-cygwin\jdk8u202\12323\hotspot\src\share\vm\interpreter\interpreterRuntime.cpp, line 368]
Event: 7.981 Thread 0x000000001e083000 Exception <a 'java/lang/ArrayIndexOutOfBoundsException': 8> (0x000000076b0b6998) thrown at [C:\re\workspace\8-2-build-windows-amd64-cygwin\jdk8u202\12323\hotspot\src\share\vm\interpreter\interpreterRuntime.cpp, line 368]

Events (10 events):
Event: 8.041 loading class java/util/stream/Nodes$IntFixedNodeBuilder done
Event: 8.041 loading class java/util/stream/ReferencePipeline$4$1
Event: 8.041 loading class java/util/stream/Sink$ChainedReference
Event: 8.041 loading class java/util/stream/Sink$ChainedReference done
Event: 8.041 loading class java/util/stream/ReferencePipeline$4$1 done
Event: 8.041 Thread 0x000000001e07b800 Uncommon trap: trap_request=0xffffffde fr.pc=0x00000000027e9460
Event: 8.041 Thread 0x000000001e07b800 DEOPT PACKING pc=0x00000000027e9460 sp=0x000000002bf4f390
Event: 8.041 Thread 0x000000001e07b800 DEOPT UNPACKING pc=0x00000000022f583b sp=0x000000002bf4f338 mode 2
Event: 8.209 Executing VM operation: ParallelGCFailedAllocation
Event: 8.210 Executing VM operation: ParallelGCFailedAllocation done


Dynamic libraries:
0x00007ff7ab860000 - 0x00007ff7ab897000 	C:\Program Files\Java\jdk1.8.0_202\bin\java.exe
0x00007ffc79e30000 - 0x00007ffc7a01d000 	C:\WINDOWS\SYSTEM32\ntdll.dll
0x00007ffc4eb10000 - 0x00007ffc4eb24000 	C:\Program Files (x86)\AVG\Antivirus\aswhook.dll
0x00007ffc788f0000 - 0x00007ffc789a3000 	C:\WINDOWS\System32\KERNEL32.DLL
0x00007ffc76200000 - 0x00007ffc76493000 	C:\WINDOWS\System32\KERNELBASE.dll
0x00007ffc78cc0000 - 0x00007ffc78d63000 	C:\WINDOWS\System32\ADVAPI32.dll
0x00007ffc799d0000 - 0x00007ffc79a6e000 	C:\WINDOWS\System32\msvcrt.dll
0x00007ffc77130000 - 0x00007ffc771ce000 	C:\WINDOWS\System32\sechost.dll
0x00007ffc78a20000 - 0x00007ffc78b42000 	C:\WINDOWS\System32\RPCRT4.dll
0x00007ffc78d70000 - 0x00007ffc78f07000 	C:\WINDOWS\System32\USER32.dll
0x00007ffc76c60000 - 0x00007ffc76c80000 	C:\WINDOWS\System32\win32u.dll
0x00007ffc786d0000 - 0x00007ffc786f9000 	C:\WINDOWS\System32\GDI32.dll
0x00007ffc76c80000 - 0x00007ffc76e19000 	C:\WINDOWS\System32\gdi32full.dll
0x00007ffc76e20000 - 0x00007ffc76ec0000 	C:\WINDOWS\System32\msvcp_win.dll
0x00007ffc76100000 - 0x00007ffc761fa000 	C:\WINDOWS\System32\ucrtbase.dll
0x00007ffc6b0e0000 - 0x00007ffc6b359000 	C:\WINDOWS\WinSxS\amd64_microsoft.windows.common-controls_6595b64144ccf1df_6.0.17763.802_none_05b1445c0722d2cc\COMCTL32.dll
0x00007ffc795b0000 - 0x00007ffc798dc000 	C:\WINDOWS\System32\combase.dll
0x00007ffc76f20000 - 0x00007ffc76f9e000 	C:\WINDOWS\System32\bcryptPrimitives.dll
0x00007ffc78810000 - 0x00007ffc7883e000 	C:\WINDOWS\System32\IMM32.DLL
0x00000000625d0000 - 0x00000000626a2000 	C:\Program Files\Java\jdk1.8.0_202\jre\bin\msvcr100.dll
0x0000000061d20000 - 0x00000000625c5000 	C:\Program Files\Java\jdk1.8.0_202\jre\bin\server\jvm.dll
0x00007ffc77120000 - 0x00007ffc77128000 	C:\WINDOWS\System32\PSAPI.DLL
0x00007ffc69040000 - 0x00007ffc69049000 	C:\WINDOWS\SYSTEM32\WSOCK32.dll
0x00007ffc798e0000 - 0x00007ffc7994d000 	C:\WINDOWS\System32\WS2_32.dll
0x00007ffc73fa0000 - 0x00007ffc73fc4000 	C:\WINDOWS\SYSTEM32\WINMM.dll
0x00007ffc70d50000 - 0x00007ffc70d5a000 	C:\WINDOWS\SYSTEM32\VERSION.dll
0x00007ffc73f70000 - 0x00007ffc73f9d000 	C:\WINDOWS\SYSTEM32\WINMMBASE.dll
0x00007ffc76c10000 - 0x00007ffc76c5a000 	C:\WINDOWS\System32\cfgmgr32.dll
0x00007ffc56340000 - 0x00007ffc5634f000 	C:\Program Files\Java\jdk1.8.0_202\jre\bin\verify.dll
0x00007ffc43920000 - 0x00007ffc43949000 	C:\Program Files\Java\jdk1.8.0_202\jre\bin\java.dll
0x00007ffc52130000 - 0x00007ffc52153000 	C:\Program Files\Java\jdk1.8.0_202\jre\bin\instrument.dll
0x00007ffc4b840000 - 0x00007ffc4b856000 	C:\Program Files\Java\jdk1.8.0_202\jre\bin\zip.dll
0x00007ffc771d0000 - 0x00007ffc786c4000 	C:\WINDOWS\System32\SHELL32.dll
0x00007ffc79c20000 - 0x00007ffc79cc8000 	C:\WINDOWS\System32\shcore.dll
0x00007ffc764a0000 - 0x00007ffc76bed000 	C:\WINDOWS\System32\windows.storage.dll
0x00007ffc75ea0000 - 0x00007ffc75ec4000 	C:\WINDOWS\System32\profapi.dll
0x00007ffc75e40000 - 0x00007ffc75e9d000 	C:\WINDOWS\System32\powrprof.dll
0x00007ffc79970000 - 0x00007ffc799c2000 	C:\WINDOWS\System32\shlwapi.dll
0x00007ffc75e20000 - 0x00007ffc75e31000 	C:\WINDOWS\System32\kernel.appcore.dll
0x00007ffc76bf0000 - 0x00007ffc76c07000 	C:\WINDOWS\System32\cryptsp.dll
0x00007ffc50190000 - 0x00007ffc501aa000 	C:\Program Files\JetBrains\IntelliJ IDEA Community Edition 2019.2\bin\breakgen64.dll
0x00007ffc44880000 - 0x00007ffc4489a000 	C:\Program Files\Java\jdk1.8.0_202\jre\bin\net.dll
0x00007ffc6a1a0000 - 0x00007ffc6a377000 	C:\WINDOWS\SYSTEM32\urlmon.dll
0x00007ffc6aa00000 - 0x00007ffc6aca8000 	C:\WINDOWS\SYSTEM32\iertutil.dll
0x00007ffc75860000 - 0x00007ffc7586c000 	C:\WINDOWS\SYSTEM32\CRYPTBASE.DLL
0x00007ffc75690000 - 0x00007ffc756f7000 	C:\WINDOWS\system32\mswsock.dll
0x00007ffc2feb0000 - 0x00007ffc30049000 	C:\Program Files\Java\jdk1.8.0_202\jre\bin\awt.dll
0x00007ffc77050000 - 0x00007ffc77114000 	C:\WINDOWS\System32\OLEAUT32.dll
0x00007ffc740d0000 - 0x00007ffc7415c000 	C:\WINDOWS\SYSTEM32\apphelp.dll
0x00007ffc743f0000 - 0x00007ffc7448c000 	C:\WINDOWS\system32\uxtheme.dll
0x00007ffc78b50000 - 0x00007ffc78cbb000 	C:\WINDOWS\System32\MSCTF.dll
0x00007ffc746d0000 - 0x00007ffc746fe000 	C:\WINDOWS\system32\dwmapi.dll
0x00007ffc75ef0000 - 0x00007ffc760cb000 	C:\WINDOWS\System32\CRYPT32.dll
0x00007ffc75ed0000 - 0x00007ffc75ee2000 	C:\WINDOWS\System32\MSASN1.dll
0x00007ffc78f10000 - 0x00007ffc79065000 	C:\WINDOWS\System32\ole32.dll
0x00007ffc36a10000 - 0x00007ffc36b37000 	C:\WINDOWS\system32\opengl32.dll
0x00007ffc444e0000 - 0x00007ffc4450c000 	C:\WINDOWS\SYSTEM32\GLU32.dll
0x00007ffc6a860000 - 0x00007ffc6a9fe000 	C:\WINDOWS\system32\d3d9.dll
0x00007ffc70e10000 - 0x00007ffc70efe000 	C:\WINDOWS\System32\DriverStore\FileRepository\nv_dispi.inf_amd64_827405c7c65146ab\nvldumdx.dll
0x00007ffc76ec0000 - 0x00007ffc76f19000 	C:\WINDOWS\System32\WINTRUST.DLL
0x00007ffc79950000 - 0x00007ffc7996d000 	C:\WINDOWS\System32\imagehlp.dll
0x00007ffc75210000 - 0x00007ffc75243000 	C:\WINDOWS\system32\rsaenh.dll
0x00007ffc760d0000 - 0x00007ffc760f6000 	C:\WINDOWS\System32\bcrypt.dll
0x00007ffc753b0000 - 0x00007ffc753ed000 	C:\WINDOWS\SYSTEM32\IPHLPAPI.DLL
0x00007ffc78780000 - 0x00007ffc78788000 	C:\WINDOWS\System32\NSI.dll
0x00007ffc701e0000 - 0x00007ffc701f6000 	C:\WINDOWS\SYSTEM32\dhcpcsvc6.DLL
0x00007ffc701c0000 - 0x00007ffc701dc000 	C:\WINDOWS\SYSTEM32\dhcpcsvc.DLL
0x00007ffc1c050000 - 0x00007ffc1d519000 	C:\WINDOWS\System32\DriverStore\FileRepository\nv_dispi.inf_amd64_827405c7c65146ab\nvd3dumx.dll
0x00007ffc753f0000 - 0x00007ffc754b6000 	C:\WINDOWS\SYSTEM32\DNSAPI.dll
0x00007ffc37200000 - 0x00007ffc374c1000 	C:\WINDOWS\system32\nvspcap64.dll
0x00007ffc74e70000 - 0x00007ffc74ea1000 	C:\WINDOWS\SYSTEM32\ntmarta.dll
0x00007ffc74ab0000 - 0x00007ffc74ad2000 	C:\WINDOWS\SYSTEM32\gpapi.dll
0x00007ffc6bf60000 - 0x00007ffc6bf8f000 	C:\WINDOWS\SYSTEM32\cryptnet.dll
0x00007ffc6cba0000 - 0x00007ffc6cbaa000 	C:\Windows\System32\rasadhlp.dll
0x00007ffc6b8a0000 - 0x00007ffc6b919000 	C:\WINDOWS\System32\fwpuclnt.dll
0x00007ffc50140000 - 0x00007ffc50187000 	C:\Program Files\Java\jdk1.8.0_202\jre\bin\fontmanager.dll
0x00007ffc3cfe0000 - 0x00007ffc3d079000 	C:\WINDOWS\system32\RICHED20.DLL
0x00007ffc5cb00000 - 0x00007ffc5cb19000 	C:\WINDOWS\SYSTEM32\USP10.dll
0x00007ffc3cd00000 - 0x00007ffc3cd39000 	C:\WINDOWS\SYSTEM32\msls31.dll
0x00007ffc78840000 - 0x00007ffc788e2000 	C:\WINDOWS\System32\clbcatq.dll
0x00007ffc53390000 - 0x00007ffc533e6000 	C:\WINDOWS\system32\dataexchange.dll
0x00007ffc72f20000 - 0x00007ffc7319e000 	C:\WINDOWS\system32\d3d11.dll
0x00007ffc73820000 - 0x00007ffc739e3000 	C:\WINDOWS\system32\dcomp.dll
0x00007ffc74c00000 - 0x00007ffc74cc2000 	C:\WINDOWS\system32\dxgi.dll
0x00007ffc744c0000 - 0x00007ffc746cd000 	C:\WINDOWS\system32\twinapi.appcore.dll
0x00007ffc74700000 - 0x00007ffc74728000 	C:\WINDOWS\system32\RMCLIENT.dll
0x00007ffc44780000 - 0x00007ffc44792000 	C:\Program Files\Java\jdk1.8.0_202\jre\bin\nio.dll
0x00007ffc3bc70000 - 0x00007ffc3bcb2000 	C:\Program Files\Java\jdk1.8.0_202\jre\bin\t2k.dll
0x00007ffc5c320000 - 0x00007ffc5c3b5000 	C:\WINDOWS\System32\TextInputFramework.dll
0x00007ffc716a0000 - 0x00007ffc719c2000 	C:\WINDOWS\System32\CoreUIComponents.dll
0x00007ffc73d50000 - 0x00007ffc73e32000 	C:\WINDOWS\System32\CoreMessaging.dll
0x00007ffc71540000 - 0x00007ffc71693000 	C:\WINDOWS\SYSTEM32\wintypes.dll
0x00007ffc5d310000 - 0x00007ffc5d326000 	C:\WINDOWS\system32\napinsp.dll
0x00007ffc5d2f0000 - 0x00007ffc5d30a000 	C:\WINDOWS\system32\pnrpnsp.dll
0x00007ffc5d250000 - 0x00007ffc5d25e000 	C:\WINDOWS\System32\winrnr.dll
0x00007ffc72500000 - 0x00007ffc7251b000 	C:\WINDOWS\system32\NLAapi.dll
0x00007ffc5d230000 - 0x00007ffc5d245000 	C:\WINDOWS\system32\wshbth.dll
0x00007ffbfc0a0000 - 0x00007ffbfd2aa000 	S:\Documents\Intelligent_Systems\jniortools.dll
0x00007ffc63a80000 - 0x00007ffc63b1b000 	C:\WINDOWS\SYSTEM32\MSVCP140.dll
0x00007ffc6c3d0000 - 0x00007ffc6c5bd000 	C:\WINDOWS\SYSTEM32\dbghelp.dll
0x00007ffc63940000 - 0x00007ffc63955000 	C:\WINDOWS\SYSTEM32\VCRUNTIME140.dll
0x00007ffc71ae0000 - 0x00007ffc71c98000 	C:\WINDOWS\SYSTEM32\WindowsCodecs.dll
0x00007ffc37550000 - 0x00007ffc37581000 	C:\Program Files\Java\jdk1.8.0_202\jre\bin\jpeg.dll

VM Arguments:
jvm_args: -Djava.library.path=S:\Documents\Intelligent_Systems -javaagent:C:\Program Files\JetBrains\IntelliJ IDEA Community Edition 2019.2\lib\idea_rt.jar=61115:C:\Program Files\JetBrains\IntelliJ IDEA Community Edition 2019.2\bin -Dfile.encoding=UTF-8 
java_command: main.Main
java_class_path (initial): C:\Program Files\Java\jdk1.8.0_202\jre\lib\charsets.jar;C:\Program Files\Java\jdk1.8.0_202\jre\lib\deploy.jar;C:\Program Files\Java\jdk1.8.0_202\jre\lib\ext\access-bridge-64.jar;C:\Program Files\Java\jdk1.8.0_202\jre\lib\ext\cldrdata.jar;C:\Program Files\Java\jdk1.8.0_202\jre\lib\ext\dnsns.jar;C:\Program Files\Java\jdk1.8.0_202\jre\lib\ext\jaccess.jar;C:\Program Files\Java\jdk1.8.0_202\jre\lib\ext\jfxrt.jar;C:\Program Files\Java\jdk1.8.0_202\jre\lib\ext\localedata.jar;C:\Program Files\Java\jdk1.8.0_202\jre\lib\ext\nashorn.jar;C:\Program Files\Java\jdk1.8.0_202\jre\lib\ext\sunec.jar;C:\Program Files\Java\jdk1.8.0_202\jre\lib\ext\sunjce_provider.jar;C:\Program Files\Java\jdk1.8.0_202\jre\lib\ext\sunmscapi.jar;C:\Program Files\Java\jdk1.8.0_202\jre\lib\ext\sunpkcs11.jar;C:\Program Files\Java\jdk1.8.0_202\jre\lib\ext\zipfs.jar;C:\Program Files\Java\jdk1.8.0_202\jre\lib\javaws.jar;C:\Program Files\Java\jdk1.8.0_202\jre\lib\jce.jar;C:\Program Files\Java\jdk1.8.0_202\jre\lib\jfr.jar;C:\Program Files\Java\jdk1.8.0_202\jre\lib\jfxswt.jar;C:\Program Files\Java\jdk1.8.0_202\jre\lib\jsse.jar;C:\Program Files\Java\jdk1.8.0_202\jre\lib\management-agent.jar;C:\Program Files\Java\jdk1.8.0_202\jre\lib\plugin.jar;C:\Program Files\Java\jdk1.8.0_202\jre\lib\resources.jar;C:\Program Files\Java\jdk1.8.0_202\jre\lib\rt.jar;S:\Documents\Intelligent_Systems\Vehicle_Routing_COS30018\out\production\Vehicle_Routing_COS30018;S:\Documents\Intelligent_Systems\com.google.ortools.jar;S:\Documents\Intelligent_Systems\protobuf.jar;S:\Documents\JAVA_LIBRARIES\choco-solver-2.1.2.jar;S:\Documents\JAVA_LIBRARIES\choco-solver-4.10.1.jar;S:\Documents\JAVA_LIBRARIES\mysql-connector-java-5.1.18-bin.jar;S:\Documents\JADE\lib\jade.jar;C:\Program Files\JetBrains\IntelliJ IDEA Community Edition 2019.2\lib\idea_rt.jar
Launcher Type: SUN_STANDARD

Environment Variables:
CLASSPATH=S:\Documents\JADE\lib\jade.jar;S:\Documents\JADE\lib\jadeTools.jar;S:\Documents\JADE\lib\commons-codec\commons-codec-1.3.jar
PATH=C:\Program Files (x86)\Common Files\Oracle\Java\javapath;C:\Program Files\Java\jdk-11.0.2;C:\Program Files (x86)\Intel\Intel(R) Management Engine Components\iCLS\;C:\Program Files\Intel\Intel(R) Management Engine Components\iCLS\;C:\WINDOWS\system32;C:\WINDOWS;C:\WINDOWS\System32\Wbem;C:\WINDOWS\System32\WindowsPowerShell\v1.0\;C:\WINDOWS\System32\OpenSSH\;C:\Program Files (x86)\Intel\Intel(R) Management Engine Components\DAL;C:\Program Files\Intel\Intel(R) Management Engine Components\DAL;C:\Program Files (x86)\Intel\Intel(R) Management Engine Components\IPT;C:\Program Files\Intel\Intel(R) Management Engine Components\IPT;C:\Program Files\NVIDIA Corporation\NVIDIA NvDLISR;C:\Program Files\Git\cmd;C:\Program Files\Microsoft VS Code\bin;C:\Program Files\nodejs\;C:\Program Files\dotnet\;C:\Program Files (x86)\Bitvise SSH Client;C:\Program Files\PuTTY\;C:\Program Files (x86)\NVIDIA Corporation\PhysX\Common;C:\WINDOWS\system32;C:\WINDOWS;C:\WINDOWS\System32\Wbem;C:\WINDOWS\System32\WindowsPowerShell\v1.0\;C:\WINDOWS\System32\OpenSSH\;C:\Program Files\Java\jre1.8.0_201\;C:\Users\KeesTim\AppData\Local\Microsoft\WindowsApps;C:\Users\KeesTim\AppData\Local\atom\bin;C:\Users\KeesTim\AppData\Roaming\npm;C:\Users\KeesTim\AppData\Local\Microsoft\WindowsApps;C:\Program Files\JetBrains\IntelliJ IDEA Community Edition 2019.2\bin;;C:\Program Files\Java\jdk1.8.0_202\bin;C:\Users\KeesTim\AppData\Local\Programs\Python\Python37;C:\Users\KeesTim\AppData\Local\Programs\Python\Python37\Scripts;
USERNAME=KeesTim
OS=Windows_NT
PROCESSOR_IDENTIFIER=Intel64 Family 6 Model 94 Stepping 3, GenuineIntel



---------------  S Y S T E M  ---------------

OS: Windows 10.0 , 64 bit Build 17763 (10.0.17763.475)

CPU:total 4 (initial active 4) (4 cores per cpu, 1 threads per core) family 6 model 94 stepping 3, cmov, cx8, fxsr, mmx, sse, sse2, sse3, ssse3, sse4.1, sse4.2, popcnt, avx, avx2, aes, clmul, erms, rtm, 3dnowpref, lzcnt, tsc, tscinvbit, bmi1, bmi2, adx

Memory: 4k page, physical 16729544k(6899588k free), swap 28263880k(10334668k free)

vm_info: Java HotSpot(TM) 64-Bit Server VM (25.202-b08) for windows-amd64 JRE (1.8.0_202-b08), built on Dec 15 2018 19:54:30 by "java_re" with MS VC++ 10.0 (VS2010)

time: Mon Oct 21 22:41:55 2019
timezone: AUS Eastern Daylight Time
elapsed time: 8 seconds (0d 0h 0m 8s)

