#
# A fatal error has been detected by the Java Runtime Environment:
#
#  EXCEPTION_ACCESS_VIOLATION (0xc0000005) at pc=0x00000000601aeded, pid=15212, tid=0x00000000000049dc
#
# JRE version: Java(TM) SE Runtime Environment (8.0_201-b09) (build 1.8.0_201-b09)
# Java VM: Java HotSpot(TM) 64-Bit Server VM (25.201-b09 mixed mode windows-amd64 compressed oops)
# Problematic frame:
# V  [jvm.dll+0x13eded]
#
# Failed to write core dump. Minidumps are not enabled by default on client versions of Windows
#
# If you would like to submit a bug report, please visit:
#   http://bugreport.java.com/bugreport/crash.jsp
# The crash happened outside the Java Virtual Machine in native code.
# See problematic frame for where to report the bug.
#

---------------  T H R E A D  ---------------

Current thread (0x00000000192e1800):  JavaThread "Finalizer" daemon [_thread_in_native, id=18908, stack(0x00000000197c0000,0x00000000198c0000)]

siginfo: ExceptionCode=0xc0000005, writing address 0x0000000000000270

Registers:
RAX=0x000000000000dead, RBX=0x0000000000000000, RCX=0x000000001a85b800, RDX=0x0000000019498710
RSP=0x00000000198bed80, RBP=0x0000000000000000, RSI=0x000000001d3086e0, RDI=0x0000000019498710
R8 =0x0000000000341200, R9 =0x0000000000008000, R10=0x00000000ffffffff, R11=0x00000000198bed50
R12=0x0000000000000000, R13=0x0000000000000000, R14=0x0000000000000000, R15=0x000000001f9f8338
RIP=0x00000000601aeded, EFLAGS=0x0000000000010246

Top of Stack: (sp=0x00000000198bed80)
0x00000000198bed80:   00000000008d0000 000000001faaeb70
0x00000000198bed90:   0000000000000000 0000000000000000
0x00000000198beda0:   00000000ffffffff 00007ff838fd87ce
0x00000000198bedb0:   000000001f968170 000000001d3086e0
0x00000000198bedc0:   0000000000000000 0000000000000000
0x00000000198bedd0:   fffffffffffffffe 000000001f9f8230
0x00000000198bede0:   0000000000000000 00007ff838fd6bed
0x00000000198bedf0:   0000000000000000 00007ff839d534b0
0x00000000198bee00:   000000001f9f8338 000000001f9f8230
0x00000000198bee10:   000000001d308760 00007ff8392bc6d5
0x00000000198bee20:   000000001d3086e0 0000000000000000
0x00000000198bee30:   000000001f9f8a00 000000000256eb40
0x00000000198bee40:   00007ff839d534b0 00007ff8392c04b8
0x00000000198bee50:   00000000198beed9 000000001f9f8230
0x00000000198bee60:   000000001f9f8a50 00000000198beed9
0x00000000198bee70:   00007ff839d534b0 0000000000000000 

Instructions: (pc=0x00000000601aeded)
0x00000000601aedcd:   8b fa 3d ab de 00 00 74 17 8b 83 88 02 00 00 3d
0x00000000601aeddd:   ac de 00 00 74 0a 48 8b cb e8 c5 03 10 00 33 db
0x00000000601aeded:   c7 83 70 02 00 00 05 00 00 00 83 3d ca 78 6d 00
0x00000000601aedfd:   01 75 09 80 3d 3c 6b 6d 00 00 74 18 80 3d 34 6b 


Register to memory mapping:

RAX=0x000000000000dead is an unknown value
RBX=0x0000000000000000 is an unknown value
RCX=0x000000001a85b800 is an unknown value
RDX=0x0000000019498710 is a global jni handle
RSP=0x00000000198bed80 is pointing into the stack for thread: 0x00000000192e1800
RBP=0x0000000000000000 is an unknown value
RSI=0x000000001d3086e0 is an unknown value
RDI=0x0000000019498710 is a global jni handle
R8 =0x0000000000341200 is an unknown value
R9 =0x0000000000008000 is an unknown value
R10=0x00000000ffffffff is an unallocated location in the heap
R11=0x00000000198bed50 is pointing into the stack for thread: 0x00000000192e1800
R12=0x0000000000000000 is an unknown value
R13=0x0000000000000000 is an unknown value
R14=0x0000000000000000 is an unknown value
R15=0x000000001f9f8338 is an unknown value


Stack: [0x00000000197c0000,0x00000000198c0000],  sp=0x00000000198bed80,  free space=1019k
Native frames: (J=compiled Java code, j=interpreted, Vv=VM code, C=native code)

Java frames: (J=compiled Java code, j=interpreted, Vv=VM code)
j  com.google.ortools.constraintsolver.mainJNI.delete_RoutingModel(J)V+0
j  com.google.ortools.constraintsolver.RoutingModel.delete()V+25
j  com.google.ortools.constraintsolver.RoutingModel.finalize()V+1
J 1527 C1 java.lang.ref.Finalizer.runFinalizer(Lsun/misc/JavaLangAccess;)V (62 bytes) @ 0x0000000002a4e58c [0x0000000002a4e000+0x58c]
J 1526 C1 java.lang.ref.Finalizer.access$100(Ljava/lang/ref/Finalizer;Lsun/misc/JavaLangAccess;)V (6 bytes) @ 0x0000000002a4dc9c [0x0000000002a4dc40+0x5c]
j  java.lang.ref.Finalizer$FinalizerThread.run()V+45
v  ~StubRoutines::call_stub

---------------  P R O C E S S  ---------------

Java Threads: ( => current thread )
  0x000000001a858800 JavaThread "MasterRouteAgent" [_thread_blocked, id=15772, stack(0x000000001fab0000,0x000000001fbb0000)]
  0x000000001a857000 JavaThread "Delivery_Agent1" [_thread_blocked, id=19048, stack(0x000000001f5b0000,0x000000001f6b0000)]
  0x000000001a85a800 JavaThread "Delivery_Agent0" [_thread_blocked, id=20700, stack(0x000000001f4b0000,0x000000001f5b0000)]
  0x000000001a852800 JavaThread "DBAgent" [_thread_blocked, id=15008, stack(0x000000001f3b0000,0x000000001f4b0000)]
  0x000000001a854000 JavaThread "rma" [_thread_blocked, id=12308, stack(0x000000001f2b0000,0x000000001f3b0000)]
  0x000000001a859000 JavaThread "df" [_thread_blocked, id=9712, stack(0x000000001f1b0000,0x000000001f2b0000)]
  0x000000001a853000 JavaThread "ams" [_thread_blocked, id=10852, stack(0x000000001f0b0000,0x000000001f1b0000)]
  0x000000001950d000 JavaThread "Thread-15" [_thread_in_native, id=20892, stack(0x000000001efb0000,0x000000001f0b0000)]
  0x000000001950c000 JavaThread "Deliverer-04" [_thread_blocked, id=13984, stack(0x000000001eeb0000,0x000000001efb0000)]
  0x000000001950b800 JavaThread "Deliverer-03" [_thread_blocked, id=21368, stack(0x000000001edb0000,0x000000001eeb0000)]
  0x000000001950a800 JavaThread "Deliverer-02" [_thread_blocked, id=4992, stack(0x000000001ecb0000,0x000000001edb0000)]
  0x0000000019508800 JavaThread "Deliverer-01" [_thread_blocked, id=3824, stack(0x000000001ebb0000,0x000000001ecb0000)]
  0x0000000019507800 JavaThread "Deliverer-00" [_thread_blocked, id=20756, stack(0x000000001eab0000,0x000000001ebb0000)]
  0x000000001950a000 JavaThread "Thread-9" [_thread_in_native, id=18448, stack(0x000000001e7b0000,0x000000001e8b0000)]
  0x0000000019509000 JavaThread "Thread-8" [_thread_blocked, id=8172, stack(0x000000001e6b0000,0x000000001e7b0000)]
  0x000000001950e800 JavaThread "JICPServer-8888" daemon [_thread_in_native, id=15560, stack(0x000000001e5b0000,0x000000001e6b0000)]
  0x000000001950d800 JavaThread "JADE Timer dispatcher" [_thread_blocked, id=1384, stack(0x000000001e4b0000,0x000000001e5b0000)]
  0x000000001a487000 JavaThread "TimerQueue" daemon [_thread_blocked, id=22492, stack(0x000000001d3e0000,0x000000001d4e0000)]
  0x000000001a626000 JavaThread "Thread-3" [_thread_blocked, id=16428, stack(0x000000001c0e0000,0x000000001c1e0000)]
  0x000000001a645000 JavaThread "Thread-2" [_thread_blocked, id=6728, stack(0x000000001bfe0000,0x000000001c0e0000)]
  0x000000001a680800 JavaThread "MySQL Statement Cancellation Timer" daemon [_thread_blocked, id=13116, stack(0x000000001b9a0000,0x000000001baa0000)]
  0x0000000002473800 JavaThread "DestroyJavaVM" [_thread_blocked, id=21032, stack(0x00000000009d0000,0x0000000000ad0000)]
  0x000000001a4c3000 JavaThread "AWT-EventQueue-0" [_thread_blocked, id=10904, stack(0x000000001b0b0000,0x000000001b1b0000)]
  0x000000001a4be800 JavaThread "AWT-Windows" daemon [_thread_in_native, id=19564, stack(0x000000001ae00000,0x000000001af00000)]
  0x000000001a4bd800 JavaThread "AWT-Shutdown" [_thread_blocked, id=12740, stack(0x000000001ad00000,0x000000001ae00000)]
  0x000000001a4bd000 JavaThread "Java2D Disposer" daemon [_thread_blocked, id=18632, stack(0x000000001ac00000,0x000000001ad00000)]
  0x0000000019417000 JavaThread "Service Thread" daemon [_thread_blocked, id=5756, stack(0x000000001a0c0000,0x000000001a1c0000)]
  0x0000000019389800 JavaThread "C1 CompilerThread3" daemon [_thread_blocked, id=6084, stack(0x0000000019fc0000,0x000000001a0c0000)]
  0x000000001937d000 JavaThread "C2 CompilerThread2" daemon [_thread_blocked, id=8060, stack(0x0000000019ec0000,0x0000000019fc0000)]
  0x0000000019377800 JavaThread "C2 CompilerThread1" daemon [_thread_blocked, id=1336, stack(0x0000000019dc0000,0x0000000019ec0000)]
  0x0000000019376800 JavaThread "C2 CompilerThread0" daemon [_thread_blocked, id=12100, stack(0x0000000019cc0000,0x0000000019dc0000)]
  0x0000000019373000 JavaThread "Monitor Ctrl-Break" daemon [_thread_in_native, id=8788, stack(0x0000000019bc0000,0x0000000019cc0000)]
  0x00000000192f0800 JavaThread "Attach Listener" daemon [_thread_blocked, id=10880, stack(0x0000000019ac0000,0x0000000019bc0000)]
  0x00000000192ef800 JavaThread "Signal Dispatcher" daemon [_thread_blocked, id=23248, stack(0x00000000199c0000,0x0000000019ac0000)]
=>0x00000000192e1800 JavaThread "Finalizer" daemon [_thread_in_native, id=18908, stack(0x00000000197c0000,0x00000000198c0000)]
  0x00000000192e0800 JavaThread "Reference Handler" daemon [_thread_blocked, id=21160, stack(0x00000000196c0000,0x00000000197c0000)]

Other Threads:
  0x00000000174ea000 VMThread [stack: 0x00000000191c0000,0x00000000192c0000] [id=14564]
  0x0000000019404000 WatcherThread [stack: 0x000000001a1c0000,0x000000001a2c0000] [id=18940]

VM state:not at safepoint (normal execution)

VM Mutex/Monitor currently owned by a thread: None

heap address: 0x0000000081c00000, size: 2020 MB, Compressed Oops mode: 32-bit
Narrow klass base: 0x0000000000000000, Narrow klass shift: 3
Compressed class space size: 1073741824 Address: 0x0000000100000000

Heap:
 PSYoungGen      total 39936K, used 5934K [0x00000000d5f00000, 0x00000000d8e80000, 0x0000000100000000)
  eden space 32256K, 14% used [0x00000000d5f00000,0x00000000d638a2f8,0x00000000d7e80000)
  from space 7680K, 16% used [0x00000000d8700000,0x00000000d8841660,0x00000000d8e80000)
  to   space 8192K, 0% used [0x00000000d7e80000,0x00000000d7e80000,0x00000000d8680000)
 ParOldGen       total 58368K, used 11450K [0x0000000081c00000, 0x0000000085500000, 0x00000000d5f00000)
  object space 58368K, 19% used [0x0000000081c00000,0x000000008272eac8,0x0000000085500000)
 Metaspace       used 23247K, capacity 23596K, committed 23808K, reserved 1071104K
  class space    used 2864K, capacity 2971K, committed 3072K, reserved 1048576K

Card table byte_map: [0x0000000011930000,0x0000000011d30000] byte_map_base: 0x0000000011522000

Marking Bits: (ParMarkBitMap*) 0x0000000060894ce0
 Begin Bits: [0x00000000127e0000, 0x0000000014770000)
 End Bits:   [0x0000000014770000, 0x0000000016700000)

Polling page: 0x00000000003f0000

CodeCache: size=245760Kb used=7211Kb max_used=7214Kb free=238548Kb
 bounds [0x0000000002570000, 0x0000000002c90000, 0x0000000011570000]
 total_blobs=2899 nmethods=2210 adapters=599
 compilation: enabled

Compilation events (10 events):
Event: 50.326 Thread 0x0000000019389800 2365       3       jade.core.Scheduler::removeFromBlocked (11 bytes)
Event: 50.326 Thread 0x0000000019389800 nmethod 2365 0x0000000002c80050 code [0x0000000002c801c0, 0x0000000002c803e8]
Event: 50.326 Thread 0x0000000019389800 2366       3       java.lang.Double::doubleValue (5 bytes)
Event: 50.326 Thread 0x0000000019389800 nmethod 2366 0x0000000002c7fd50 code [0x0000000002c7fea0, 0x0000000002c7fff0]
Event: 50.358 Thread 0x0000000019389800 2367       3       jade.core.TimerDispatcher::addTimer (9 bytes)
Event: 50.358 Thread 0x0000000019389800 nmethod 2367 0x0000000002c7f5d0 code [0x0000000002c7f760, 0x0000000002c7fb28]
Event: 50.358 Thread 0x0000000019389800 2368       3       jade.core.TimerDispatcher$TimersList::access$500 (6 bytes)
Event: 50.358 Thread 0x0000000019389800 nmethod 2368 0x0000000002c7ef50 code [0x0000000002c7f0e0, 0x0000000002c7f428]
Event: 50.584 Thread 0x0000000019389800 2369       3       java.util.zip.ZipFile$ZipFileInflaterInputStream::finalize (5 bytes)
Event: 50.584 Thread 0x0000000019389800 nmethod 2369 0x0000000002c7ebd0 code [0x0000000002c7ed40, 0x0000000002c7eec8]

GC Heap History (10 events):
Event: 32.567 GC heap before
{Heap before GC invocations=3 (full 0):
 PSYoungGen      total 38400K, used 32738K [0x00000000d5f00000, 0x00000000d8980000, 0x0000000100000000)
  eden space 33280K, 89% used [0x00000000d5f00000,0x00000000d7bf0ac0,0x00000000d7f80000)
  from space 5120K, 60% used [0x00000000d8480000,0x00000000d87880a0,0x00000000d8980000)
  to   space 5120K, 0% used [0x00000000d7f80000,0x00000000d7f80000,0x00000000d8480000)
 ParOldGen       total 87552K, used 14777K [0x0000000081c00000, 0x0000000087180000, 0x00000000d5f00000)
  object space 87552K, 16% used [0x0000000081c00000,0x0000000082a6e7d0,0x0000000087180000)
 Metaspace       used 13881K, capacity 14038K, committed 14080K, reserved 1060864K
  class space    used 1689K, capacity 1774K, committed 1792K, reserved 1048576K
Event: 32.570 GC heap after
Heap after GC invocations=3 (full 0):
 PSYoungGen      total 38400K, used 3184K [0x00000000d5f00000, 0x00000000d8980000, 0x0000000100000000)
  eden space 33280K, 0% used [0x00000000d5f00000,0x00000000d5f00000,0x00000000d7f80000)
  from space 5120K, 62% used [0x00000000d7f80000,0x00000000d829c070,0x00000000d8480000)
  to   space 5120K, 0% used [0x00000000d8480000,0x00000000d8480000,0x00000000d8980000)
 ParOldGen       total 87552K, used 14785K [0x0000000081c00000, 0x0000000087180000, 0x00000000d5f00000)
  object space 87552K, 16% used [0x0000000081c00000,0x0000000082a707d0,0x0000000087180000)
 Metaspace       used 13881K, capacity 14038K, committed 14080K, reserved 1060864K
  class space    used 1689K, capacity 1774K, committed 1792K, reserved 1048576K
}
Event: 36.419 GC heap before
{Heap before GC invocations=4 (full 0):
 PSYoungGen      total 38400K, used 36464K [0x00000000d5f00000, 0x00000000d8980000, 0x0000000100000000)
  eden space 33280K, 100% used [0x00000000d5f00000,0x00000000d7f80000,0x00000000d7f80000)
  from space 5120K, 62% used [0x00000000d7f80000,0x00000000d829c070,0x00000000d8480000)
  to   space 5120K, 0% used [0x00000000d8480000,0x00000000d8480000,0x00000000d8980000)
 ParOldGen       total 87552K, used 14785K [0x0000000081c00000, 0x0000000087180000, 0x00000000d5f00000)
  object space 87552K, 16% used [0x0000000081c00000,0x0000000082a707d0,0x0000000087180000)
 Metaspace       used 19642K, capacity 19924K, committed 20096K, reserved 1067008K
  class space    used 2484K, capacity 2573K, committed 2688K, reserved 1048576K
Event: 36.425 GC heap after
Heap after GC invocations=4 (full 0):
 PSYoungGen      total 38400K, used 5089K [0x00000000d5f00000, 0x00000000d8980000, 0x0000000100000000)
  eden space 33280K, 0% used [0x00000000d5f00000,0x00000000d5f00000,0x00000000d7f80000)
  from space 5120K, 99% used [0x00000000d8480000,0x00000000d8978658,0x00000000d8980000)
  to   space 5120K, 0% used [0x00000000d7f80000,0x00000000d7f80000,0x00000000d8480000)
 ParOldGen       total 87552K, used 16700K [0x0000000081c00000, 0x0000000087180000, 0x00000000d5f00000)
  object space 87552K, 19% used [0x0000000081c00000,0x0000000082c4f070,0x0000000087180000)
 Metaspace       used 19642K, capacity 19924K, committed 20096K, reserved 1067008K
  class space    used 2484K, capacity 2573K, committed 2688K, reserved 1048576K
}
Event: 37.635 GC heap before
{Heap before GC invocations=5 (full 0):
 PSYoungGen      total 38400K, used 30311K [0x00000000d5f00000, 0x00000000d8980000, 0x0000000100000000)
  eden space 33280K, 75% used [0x00000000d5f00000,0x00000000d77a19a0,0x00000000d7f80000)
  from space 5120K, 99% used [0x00000000d8480000,0x00000000d8978658,0x00000000d8980000)
  to   space 5120K, 0% used [0x00000000d7f80000,0x00000000d7f80000,0x00000000d8480000)
 ParOldGen       total 87552K, used 16700K [0x0000000081c00000, 0x0000000087180000, 0x00000000d5f00000)
  object space 87552K, 19% used [0x0000000081c00000,0x0000000082c4f070,0x0000000087180000)
 Metaspace       used 20862K, capacity 21124K, committed 21248K, reserved 1067008K
  class space    used 2654K, capacity 2745K, committed 2816K, reserved 1048576K
Event: 37.640 GC heap after
Heap after GC invocations=5 (full 0):
 PSYoungGen      total 37888K, used 5104K [0x00000000d5f00000, 0x00000000d8f00000, 0x0000000100000000)
  eden space 32768K, 0% used [0x00000000d5f00000,0x00000000d5f00000,0x00000000d7f00000)
  from space 5120K, 99% used [0x00000000d7f80000,0x00000000d847c120,0x00000000d8480000)
  to   space 8192K, 0% used [0x00000000d8700000,0x00000000d8700000,0x00000000d8f00000)
 ParOldGen       total 87552K, used 18251K [0x0000000081c00000, 0x0000000087180000, 0x00000000d5f00000)
  object space 87552K, 20% used [0x0000000081c00000,0x0000000082dd2c28,0x0000000087180000)
 Metaspace       used 20862K, capacity 21124K, committed 21248K, reserved 1067008K
  class space    used 2654K, capacity 2745K, committed 2816K, reserved 1048576K
}
Event: 37.640 GC heap before
{Heap before GC invocations=6 (full 1):
 PSYoungGen      total 37888K, used 5104K [0x00000000d5f00000, 0x00000000d8f00000, 0x0000000100000000)
  eden space 32768K, 0% used [0x00000000d5f00000,0x00000000d5f00000,0x00000000d7f00000)
  from space 5120K, 99% used [0x00000000d7f80000,0x00000000d847c120,0x00000000d8480000)
  to   space 8192K, 0% used [0x00000000d8700000,0x00000000d8700000,0x00000000d8f00000)
 ParOldGen       total 87552K, used 18251K [0x0000000081c00000, 0x0000000087180000, 0x00000000d5f00000)
  object space 87552K, 20% used [0x0000000081c00000,0x0000000082dd2c28,0x0000000087180000)
 Metaspace       used 20862K, capacity 21124K, committed 21248K, reserved 1067008K
  class space    used 2654K, capacity 2745K, committed 2816K, reserved 1048576K
Event: 37.666 GC heap after
Heap after GC invocations=6 (full 1):
 PSYoungGen      total 37888K, used 0K [0x00000000d5f00000, 0x00000000d8f00000, 0x0000000100000000)
  eden space 32768K, 0% used [0x00000000d5f00000,0x00000000d5f00000,0x00000000d7f00000)
  from space 5120K, 0% used [0x00000000d7f80000,0x00000000d7f80000,0x00000000d8480000)
  to   space 8192K, 0% used [0x00000000d8700000,0x00000000d8700000,0x00000000d8f00000)
 ParOldGen       total 58368K, used 11442K [0x0000000081c00000, 0x0000000085500000, 0x00000000d5f00000)
  object space 58368K, 19% used [0x0000000081c00000,0x000000008272cac8,0x0000000085500000)
 Metaspace       used 20862K, capacity 21124K, committed 21248K, reserved 1067008K
  class space    used 2654K, capacity 2745K, committed 2816K, reserved 1048576K
}
Event: 50.582 GC heap before
{Heap before GC invocations=7 (full 1):
 PSYoungGen      total 37888K, used 31949K [0x00000000d5f00000, 0x00000000d8f00000, 0x0000000100000000)
  eden space 32768K, 97% used [0x00000000d5f00000,0x00000000d7e33438,0x00000000d7f00000)
  from space 5120K, 0% used [0x00000000d7f80000,0x00000000d7f80000,0x00000000d8480000)
  to   space 8192K, 0% used [0x00000000d8700000,0x00000000d8700000,0x00000000d8f00000)
 ParOldGen       total 58368K, used 11442K [0x0000000081c00000, 0x0000000085500000, 0x00000000d5f00000)
  object space 58368K, 19% used [0x0000000081c00000,0x000000008272cac8,0x0000000085500000)
 Metaspace       used 23247K, capacity 23596K, committed 23808K, reserved 1071104K
  class space    used 2864K, capacity 2971K, committed 3072K, reserved 1048576K
Event: 50.583 GC heap after
Heap after GC invocations=7 (full 1):
 PSYoungGen      total 39936K, used 1285K [0x00000000d5f00000, 0x00000000d8e80000, 0x0000000100000000)
  eden space 32256K, 0% used [0x00000000d5f00000,0x00000000d5f00000,0x00000000d7e80000)
  from space 7680K, 16% used [0x00000000d8700000,0x00000000d8841660,0x00000000d8e80000)
  to   space 8192K, 0% used [0x00000000d7e80000,0x00000000d7e80000,0x00000000d8680000)
 ParOldGen       total 58368K, used 11450K [0x0000000081c00000, 0x0000000085500000, 0x00000000d5f00000)
  object space 58368K, 19% used [0x0000000081c00000,0x000000008272eac8,0x0000000085500000)
 Metaspace       used 23247K, capacity 23596K, committed 23808K, reserved 1071104K
  class space    used 2864K, capacity 2971K, committed 3072K, reserved 1048576K
}

Deoptimization events (10 events):
Event: 36.404 Thread 0x000000001a854000 Uncommon trap: reason=class_check action=maybe_recompile pc=0x00000000027226e0 method=java.lang.String.equals(Ljava/lang/Object;)Z @ 8
Event: 36.633 Thread 0x000000001a854000 Uncommon trap: reason=unstable_if action=reinterpret pc=0x0000000002a07aac method=java.lang.CharacterData.of(I)Ljava/lang/CharacterData; @ 4
Event: 36.645 Thread 0x000000001a854000 Uncommon trap: reason=unstable_if action=reinterpret pc=0x0000000002ae77b4 method=java.lang.Character.isSurrogate(C)Z @ 3
Event: 38.335 Thread 0x000000001a85b800 Uncommon trap: reason=unstable_if action=reinterpret pc=0x00000000027c1918 method=java.util.HashMap.getNode(ILjava/lang/Object;)Ljava/util/HashMap$Node; @ 62
Event: 38.335 Thread 0x000000001a85b800 Uncommon trap: reason=unstable_if action=reinterpret pc=0x00000000027c3524 method=java.util.HashMap.getNode(ILjava/lang/Object;)Ljava/util/HashMap$Node; @ 62
Event: 38.436 Thread 0x000000001a857000 Uncommon trap: reason=unstable_if action=reinterpret pc=0x0000000002afd714 method=java.util.concurrent.ConcurrentHashMap.putVal(Ljava/lang/Object;Ljava/lang/Object;Z)Ljava/lang/Object; @ 98
Event: 38.763 Thread 0x000000001a852800 Uncommon trap: reason=class_check action=maybe_recompile pc=0x0000000002bf9e20 method=java.util.HashSet.add(Ljava/lang/Object;)Z @ 8
Event: 38.763 Thread 0x000000001a852800 Uncommon trap: reason=class_check action=maybe_recompile pc=0x0000000002bf9e20 method=java.util.HashSet.add(Ljava/lang/Object;)Z @ 8
Event: 38.764 Thread 0x000000001a852800 Uncommon trap: reason=class_check action=maybe_recompile pc=0x0000000002bf9e20 method=java.util.HashSet.add(Ljava/lang/Object;)Z @ 8
Event: 38.764 Thread 0x000000001a852800 Uncommon trap: reason=class_check action=maybe_recompile pc=0x0000000002bf9e20 method=java.util.HashSet.add(Ljava/lang/Object;)Z @ 8

Classes redefined (0 events):
No events

Internal exceptions (10 events):
Event: 38.341 Thread 0x000000001a85b800 Exception <a 'java/lang/ArrayIndexOutOfBoundsException': 0> (0x00000000d5fd4dc8) thrown at [C:\re\workspace\8-2-build-windows-amd64-cygwin\jdk8u201\12322\hotspot\src\share\vm\interpreter\interpreterRuntime.cpp, line 368]
Event: 38.341 Thread 0x000000001a85b800 Exception <a 'java/lang/ArrayIndexOutOfBoundsException': 0> (0x00000000d5fd6748) thrown at [C:\re\workspace\8-2-build-windows-amd64-cygwin\jdk8u201\12322\hotspot\src\share\vm\interpreter\interpreterRuntime.cpp, line 368]
Event: 38.341 Thread 0x000000001a85b800 Exception <a 'java/lang/ArrayIndexOutOfBoundsException': 0> (0x00000000d5fd6eb8) thrown at [C:\re\workspace\8-2-build-windows-amd64-cygwin\jdk8u201\12322\hotspot\src\share\vm\interpreter\interpreterRuntime.cpp, line 368]
Event: 38.341 Thread 0x000000001a85b800 Exception <a 'java/lang/ArrayIndexOutOfBoundsException': 1> (0x00000000d5fd7b10) thrown at [C:\re\workspace\8-2-build-windows-amd64-cygwin\jdk8u201\12322\hotspot\src\share\vm\interpreter\interpreterRuntime.cpp, line 368]
Event: 38.341 Thread 0x000000001a85b800 Exception <a 'java/lang/ArrayIndexOutOfBoundsException': 2> (0x00000000d5fd8730) thrown at [C:\re\workspace\8-2-build-windows-amd64-cygwin\jdk8u201\12322\hotspot\src\share\vm\interpreter\interpreterRuntime.cpp, line 368]
Event: 38.341 Thread 0x000000001a85b800 Exception <a 'java/lang/ArrayIndexOutOfBoundsException': 3> (0x00000000d5fd9350) thrown at [C:\re\workspace\8-2-build-windows-amd64-cygwin\jdk8u201\12322\hotspot\src\share\vm\interpreter\interpreterRuntime.cpp, line 368]
Event: 38.341 Thread 0x000000001a85b800 Exception <a 'java/lang/ArrayIndexOutOfBoundsException': 4> (0x00000000d5fd9f60) thrown at [C:\re\workspace\8-2-build-windows-amd64-cygwin\jdk8u201\12322\hotspot\src\share\vm\interpreter\interpreterRuntime.cpp, line 368]
Event: 38.341 Thread 0x000000001a85b800 Exception <a 'java/lang/ArrayIndexOutOfBoundsException': 5> (0x00000000d5fdab68) thrown at [C:\re\workspace\8-2-build-windows-amd64-cygwin\jdk8u201\12322\hotspot\src\share\vm\interpreter\interpreterRuntime.cpp, line 368]
Event: 38.341 Thread 0x000000001a85b800 Exception <a 'java/lang/ArrayIndexOutOfBoundsException': 0> (0x00000000d5fdb6e0) thrown at [C:\re\workspace\8-2-build-windows-amd64-cygwin\jdk8u201\12322\hotspot\src\share\vm\interpreter\interpreterRuntime.cpp, line 368]
Event: 38.341 Thread 0x000000001a85b800 Exception <a 'java/lang/ArrayIndexOutOfBoundsException': 6> (0x00000000d5fdbe50) thrown at [C:\re\workspace\8-2-build-windows-amd64-cygwin\jdk8u201\12322\hotspot\src\share\vm\interpreter\interpreterRuntime.cpp, line 368]

Events (10 events):
Event: 40.261 Executing VM operation: RevokeBias done
Event: 40.275 Executing VM operation: RevokeBias
Event: 40.275 Executing VM operation: RevokeBias done
Event: 40.762 Executing VM operation: BulkRevokeBias
Event: 40.762 Executing VM operation: BulkRevokeBias done
Event: 41.279 Thread 0x0000000019389800 flushing nmethod 0x00000000027b3850
Event: 41.546 Thread 0x0000000019389800 flushing nmethod 0x00000000027d32d0
Event: 41.792 Thread 0x000000001a857800 Thread exited: 0x000000001a857800
Event: 50.581 Executing VM operation: ParallelGCFailedAllocation
Event: 50.583 Executing VM operation: ParallelGCFailedAllocation done


Dynamic libraries:
0x00007ff663a60000 - 0x00007ff663a97000 	C:\Program Files\Java\jdk1.8.0_201\bin\java.exe
0x00007ff8b04f0000 - 0x00007ff8b06dd000 	C:\WINDOWS\SYSTEM32\ntdll.dll
0x00007ff8a1db0000 - 0x00007ff8a1dc4000 	C:\Program Files (x86)\AVG\Antivirus\aswhook.dll
0x00007ff8af300000 - 0x00007ff8af3b3000 	C:\WINDOWS\System32\KERNEL32.DLL
0x00007ff8ac920000 - 0x00007ff8acbb3000 	C:\WINDOWS\System32\KERNELBASE.dll
0x00007ff8b02e0000 - 0x00007ff8b0383000 	C:\WINDOWS\System32\ADVAPI32.dll
0x00007ff8b01e0000 - 0x00007ff8b027e000 	C:\WINDOWS\System32\msvcrt.dll
0x00007ff8b0080000 - 0x00007ff8b011e000 	C:\WINDOWS\System32\sechost.dll
0x00007ff8ad9f0000 - 0x00007ff8adb12000 	C:\WINDOWS\System32\RPCRT4.dll
0x00007ff8afe30000 - 0x00007ff8affc7000 	C:\WINDOWS\System32\USER32.dll
0x00007ff8ac810000 - 0x00007ff8ac830000 	C:\WINDOWS\System32\win32u.dll
0x00007ff8ad730000 - 0x00007ff8ad759000 	C:\WINDOWS\System32\GDI32.dll
0x00007ff8ace20000 - 0x00007ff8acfb9000 	C:\WINDOWS\System32\gdi32full.dll
0x00007ff8ac830000 - 0x00007ff8ac8d0000 	C:\WINDOWS\System32\msvcp_win.dll
0x00007ff8acbf0000 - 0x00007ff8accea000 	C:\WINDOWS\System32\ucrtbase.dll
0x00007ff89f200000 - 0x00007ff89f479000 	C:\WINDOWS\WinSxS\amd64_microsoft.windows.common-controls_6595b64144ccf1df_6.0.17763.802_none_05b1445c0722d2cc\COMCTL32.dll
0x00007ff8af920000 - 0x00007ff8afc4c000 	C:\WINDOWS\System32\combase.dll
0x00007ff8ac5b0000 - 0x00007ff8ac62e000 	C:\WINDOWS\System32\bcryptPrimitives.dll
0x00007ff8ad760000 - 0x00007ff8ad78e000 	C:\WINDOWS\System32\IMM32.DLL
0x0000000060920000 - 0x00000000609f1000 	C:\Program Files\Java\jdk1.8.0_201\jre\bin\msvcr100.dll
0x0000000060070000 - 0x0000000060914000 	C:\Program Files\Java\jdk1.8.0_201\jre\bin\server\jvm.dll
0x00007ff8ad9e0000 - 0x00007ff8ad9e8000 	C:\WINDOWS\System32\PSAPI.DLL
0x00007ff89d760000 - 0x00007ff89d769000 	C:\WINDOWS\SYSTEM32\WSOCK32.dll
0x00007ff8af290000 - 0x00007ff8af2fd000 	C:\WINDOWS\System32\WS2_32.dll
0x00007ff8a9250000 - 0x00007ff8a9274000 	C:\WINDOWS\SYSTEM32\WINMM.dll
0x00007ff8a5400000 - 0x00007ff8a540a000 	C:\WINDOWS\SYSTEM32\VERSION.dll
0x00007ff8a9220000 - 0x00007ff8a924d000 	C:\WINDOWS\SYSTEM32\WINMMBASE.dll
0x00007ff8ac8d0000 - 0x00007ff8ac91a000 	C:\WINDOWS\System32\cfgmgr32.dll
0x00007ff8a85a0000 - 0x00007ff8a85af000 	C:\Program Files\Java\jdk1.8.0_201\jre\bin\verify.dll
0x00007ff8a3370000 - 0x00007ff8a3399000 	C:\Program Files\Java\jdk1.8.0_201\jre\bin\java.dll
0x00007ff8a91c0000 - 0x00007ff8a91e3000 	C:\Program Files\Java\jdk1.8.0_201\jre\bin\instrument.dll
0x00007ff864500000 - 0x00007ff864516000 	C:\Program Files\Java\jdk1.8.0_201\jre\bin\zip.dll
0x00007ff8adb20000 - 0x00007ff8af014000 	C:\WINDOWS\System32\SHELL32.dll
0x00007ff8affd0000 - 0x00007ff8b0078000 	C:\WINDOWS\System32\shcore.dll
0x00007ff8acfc0000 - 0x00007ff8ad70d000 	C:\WINDOWS\System32\windows.storage.dll
0x00007ff8ac4e0000 - 0x00007ff8ac504000 	C:\WINDOWS\System32\profapi.dll
0x00007ff8ac550000 - 0x00007ff8ac5ad000 	C:\WINDOWS\System32\powrprof.dll
0x00007ff8b0180000 - 0x00007ff8b01d2000 	C:\WINDOWS\System32\shlwapi.dll
0x00007ff8ac530000 - 0x00007ff8ac541000 	C:\WINDOWS\System32\kernel.appcore.dll
0x00007ff8ace00000 - 0x00007ff8ace17000 	C:\WINDOWS\System32\cryptsp.dll
0x00007ff8982c0000 - 0x00007ff8982da000 	C:\Program Files\JetBrains\IntelliJ IDEA Community Edition 2019.2\bin\breakgen64.dll
0x00007ff8a79f0000 - 0x00007ff8a7a0a000 	C:\Program Files\Java\jdk1.8.0_201\jre\bin\net.dll
0x00007ff8a05e0000 - 0x00007ff8a07b7000 	C:\WINDOWS\SYSTEM32\urlmon.dll
0x00007ff89da80000 - 0x00007ff89dd28000 	C:\WINDOWS\SYSTEM32\iertutil.dll
0x00007ff8abf20000 - 0x00007ff8abf2c000 	C:\WINDOWS\SYSTEM32\CRYPTBASE.DLL
0x00007ff8abd50000 - 0x00007ff8abdb7000 	C:\WINDOWS\system32\mswsock.dll
0x00007ff83d0f0000 - 0x00007ff83d289000 	C:\Program Files\Java\jdk1.8.0_201\jre\bin\awt.dll
0x00007ff8af840000 - 0x00007ff8af904000 	C:\WINDOWS\System32\OLEAUT32.dll
0x00007ff8aa7d0000 - 0x00007ff8aa85c000 	C:\WINDOWS\SYSTEM32\apphelp.dll
0x00007ff8aaa90000 - 0x00007ff8aab2c000 	C:\WINDOWS\system32\uxtheme.dll
0x00007ff8ad790000 - 0x00007ff8ad8fb000 	C:\WINDOWS\System32\MSCTF.dll
0x00007ff8aad70000 - 0x00007ff8aad9e000 	C:\WINDOWS\system32\dwmapi.dll
0x00007ff8ac630000 - 0x00007ff8ac80b000 	C:\WINDOWS\System32\CRYPT32.dll
0x00007ff8ac510000 - 0x00007ff8ac522000 	C:\WINDOWS\System32\MSASN1.dll
0x00007ff8afc50000 - 0x00007ff8afda5000 	C:\WINDOWS\System32\ole32.dll
0x00007ff880040000 - 0x00007ff880167000 	C:\WINDOWS\system32\opengl32.dll
0x00007ff883310000 - 0x00007ff88333c000 	C:\WINDOWS\SYSTEM32\GLU32.dll
0x00007ff8abab0000 - 0x00007ff8abb76000 	C:\WINDOWS\SYSTEM32\DNSAPI.dll
0x00007ff8af0d0000 - 0x00007ff8af0d8000 	C:\WINDOWS\System32\NSI.dll
0x00007ff8aba70000 - 0x00007ff8abaad000 	C:\WINDOWS\SYSTEM32\IPHLPAPI.DLL
0x00007ff89e780000 - 0x00007ff89e78a000 	C:\Windows\System32\rasadhlp.dll
0x00007ff89eb60000 - 0x00007ff89ebd9000 	C:\WINDOWS\System32\fwpuclnt.dll
0x00007ff8acbc0000 - 0x00007ff8acbe6000 	C:\WINDOWS\System32\bcrypt.dll
0x00007ff860880000 - 0x00007ff8608c7000 	C:\Program Files\Java\jdk1.8.0_201\jre\bin\fontmanager.dll
0x00007ff860000000 - 0x00007ff860099000 	C:\WINDOWS\system32\RICHED20.DLL
0x00007ff86fe30000 - 0x00007ff86fe49000 	C:\WINDOWS\SYSTEM32\USP10.dll
0x00007ff8711c0000 - 0x00007ff8711f9000 	C:\WINDOWS\SYSTEM32\msls31.dll
0x00007ff8af020000 - 0x00007ff8af0c2000 	C:\WINDOWS\System32\clbcatq.dll
0x00007ff8a1f10000 - 0x00007ff8a1f66000 	C:\WINDOWS\system32\dataexchange.dll
0x00007ff8a9880000 - 0x00007ff8a9afe000 	C:\WINDOWS\system32\d3d11.dll
0x00007ff8aa0c0000 - 0x00007ff8aa283000 	C:\WINDOWS\system32\dcomp.dll
0x00007ff8ab1e0000 - 0x00007ff8ab2a2000 	C:\WINDOWS\system32\dxgi.dll
0x00007ff8aab60000 - 0x00007ff8aad6d000 	C:\WINDOWS\system32\twinapi.appcore.dll
0x00007ff8aada0000 - 0x00007ff8aadc8000 	C:\WINDOWS\system32\RMCLIENT.dll
0x00007ff8a79d0000 - 0x00007ff8a79e1000 	C:\Program Files\Java\jdk1.8.0_201\jre\bin\nio.dll
0x00007ff860830000 - 0x00007ff860872000 	C:\Program Files\Java\jdk1.8.0_201\jre\bin\t2k.dll
0x00007ff887720000 - 0x00007ff8877b5000 	C:\WINDOWS\System32\TextInputFramework.dll
0x00007ff8a7ae0000 - 0x00007ff8a7e02000 	C:\WINDOWS\System32\CoreUIComponents.dll
0x00007ff8aa5f0000 - 0x00007ff8aa6d2000 	C:\WINDOWS\System32\CoreMessaging.dll
0x00007ff8ab690000 - 0x00007ff8ab6c1000 	C:\WINDOWS\SYSTEM32\ntmarta.dll
0x00007ff8a8720000 - 0x00007ff8a8873000 	C:\WINDOWS\SYSTEM32\wintypes.dll
0x00007ff8a32e0000 - 0x00007ff8a32f6000 	C:\WINDOWS\SYSTEM32\dhcpcsvc6.DLL
0x00007ff8a54c0000 - 0x00007ff8a54dc000 	C:\WINDOWS\SYSTEM32\dhcpcsvc.DLL
0x00007ff896670000 - 0x00007ff896686000 	C:\WINDOWS\system32\napinsp.dll
0x00007ff896650000 - 0x00007ff89666a000 	C:\WINDOWS\system32\pnrpnsp.dll
0x00007ff896640000 - 0x00007ff89664e000 	C:\WINDOWS\System32\winrnr.dll
0x00007ff8a8ef0000 - 0x00007ff8a8f0b000 	C:\WINDOWS\system32\NLAapi.dll
0x00007ff896620000 - 0x00007ff896635000 	C:\WINDOWS\system32\wshbth.dll
0x00007ff838f80000 - 0x00007ff83a18a000 	C:\Users\timke\Documents\Intelligent_Systems\jniortools.dll
0x00007ff897d90000 - 0x00007ff897e2b000 	C:\WINDOWS\SYSTEM32\MSVCP140.dll
0x00007ff8a1170000 - 0x00007ff8a135d000 	C:\WINDOWS\SYSTEM32\dbghelp.dll
0x00007ff897d60000 - 0x00007ff897d75000 	C:\WINDOWS\SYSTEM32\VCRUNTIME140.dll
0x00007ff8a7400000 - 0x00007ff8a75b8000 	C:\WINDOWS\SYSTEM32\WindowsCodecs.dll
0x00007ff860fd0000 - 0x00007ff861001000 	C:\Program Files\Java\jdk1.8.0_201\jre\bin\jpeg.dll

VM Arguments:
jvm_args: -Djava.library.path=C:\Users\timke\Documents\Intelligent_Systems -javaagent:C:\Program Files\JetBrains\IntelliJ IDEA Community Edition 2019.2\lib\idea_rt.jar=2938:C:\Program Files\JetBrains\IntelliJ IDEA Community Edition 2019.2\bin -Dfile.encoding=UTF-8 
java_command: main.Main
java_class_path (initial): C:\Program Files\Java\jdk1.8.0_201\jre\lib\charsets.jar;C:\Program Files\Java\jdk1.8.0_201\jre\lib\deploy.jar;C:\Program Files\Java\jdk1.8.0_201\jre\lib\ext\access-bridge-64.jar;C:\Program Files\Java\jdk1.8.0_201\jre\lib\ext\cldrdata.jar;C:\Program Files\Java\jdk1.8.0_201\jre\lib\ext\dnsns.jar;C:\Program Files\Java\jdk1.8.0_201\jre\lib\ext\jaccess.jar;C:\Program Files\Java\jdk1.8.0_201\jre\lib\ext\jfxrt.jar;C:\Program Files\Java\jdk1.8.0_201\jre\lib\ext\localedata.jar;C:\Program Files\Java\jdk1.8.0_201\jre\lib\ext\nashorn.jar;C:\Program Files\Java\jdk1.8.0_201\jre\lib\ext\sunec.jar;C:\Program Files\Java\jdk1.8.0_201\jre\lib\ext\sunjce_provider.jar;C:\Program Files\Java\jdk1.8.0_201\jre\lib\ext\sunmscapi.jar;C:\Program Files\Java\jdk1.8.0_201\jre\lib\ext\sunpkcs11.jar;C:\Program Files\Java\jdk1.8.0_201\jre\lib\ext\zipfs.jar;C:\Program Files\Java\jdk1.8.0_201\jre\lib\javaws.jar;C:\Program Files\Java\jdk1.8.0_201\jre\lib\jce.jar;C:\Program Files\Java\jdk1.8.0_201\jre\lib\jfr.jar;C:\Program Files\Java\jdk1.8.0_201\jre\lib\jfxswt.jar;C:\Program Files\Java\jdk1.8.0_201\jre\lib\jsse.jar;C:\Program Files\Java\jdk1.8.0_201\jre\lib\management-agent.jar;C:\Program Files\Java\jdk1.8.0_201\jre\lib\plugin.jar;C:\Program Files\Java\jdk1.8.0_201\jre\lib\resources.jar;C:\Program Files\Java\jdk1.8.0_201\jre\lib\rt.jar;C:\Users\timke\Documents\Intelligent_Systems\Vehicle_Routing_COS30018\out\production\Vehicle_Routing_COS30018;C:\Users\timke\Documents\Intelligent_Systems\com.google.ortools.jar;C:\Users\timke\Documents\Intelligent_Systems\protobuf.jar;C:\Users\timke\Documents\JAVA_LIBRARIES\choco-solver-4.10.1.jar;C:\Users\timke\Documents\JAVA_LIBRARIES\mysql-connector.jar;C:\Users\timke\Documents\JADE\lib\jade.jar;C:\Program Files\JetBrains\IntelliJ IDEA Community Edition 2019.2\lib\idea_rt.jar
Launcher Type: SUN_STANDARD

Environment Variables:
PATH=C:\Program Files (x86)\Common Files\Oracle\Java\javapath;"C:\Program Files\Java\jdk-11.0.2; C:\glassfish4\jdk7; C:\glassfish4\jdk7\jre;";C:\ProgramData\Oracle\Java\javapath;C:\Program Files (x86)\Intel\iCLS Client\;C:\Program Files\Intel\iCLS Client\;C:\Windows\system32;C:\Windows;C:\Windows\System32\Wbem;C:\Windows\System32\WindowsPowerShell\v1.0\;C:\Program Files\Intel\WiFi\bin\;C:\Program Files\Common Files\Intel\WirelessCommon\;C:\Program Files (x86)\NVIDIA Corporation\PhysX\Common;C:\Program Files (x86)\Intel\Intel(R) Management Engine Components\DAL;C:\Program Files\Intel\Intel(R) Management Engine Components\DAL;C:\Program Files (x86)\Intel\Intel(R) Management Engine Components\IPT;C:\Program Files\Intel\Intel(R) Management Engine Components\IPT;C:\Program Files (x86)\Skype\Phone\;C:\WINDOWS\system32;C:\WINDOWS;C:\WINDOWS\System32\Wbem;C:\WINDOWS\System32\WindowsPowerShell\v1.0\;C:\FPC\2.6.4\bin\i386-Win32;C:\Program Files\PuTTY\;C:\Program Files (x86)\IVI Foundation\VISA\WinNT\Bin;C:\WINDOWS\System32\OpenSSH\;C:\Program Files\Microsoft VS Code\bin;C:\Program Files\dotnet\;C:\Program Files\Git\cmd;C:\Program Files\nodejs\;C:\Program Files\NVIDIA Corporation\NVIDIA NvDLISR;;C:\WINDOWS\system32;C:\WINDOWS;C:\WINDOWS\System32\Wbem;C:\WINDOWS\System32\WindowsPowerShell\v1.0\;C:\WINDOWS\System32\OpenSSH\;C:\Users\timke\AppData\Local\Microsoft\WindowsApps;C:\Users\timke\AppData\Local\atom\bin;C:\Users\timke\AppData\Local\Microsoft\WindowsApps;C:\Users\timke\AppData\Roaming\npm;C:\Program Files (x86)\Nmap;C:\Program Files\Java\jdk1.8.0_201\bin;C:\Python27;C:\Python27\Scripts;
USERNAME=timke
OS=Windows_NT
PROCESSOR_IDENTIFIER=Intel64 Family 6 Model 158 Stepping 9, GenuineIntel



---------------  S Y S T E M  ---------------

OS: Windows 10.0 , 64 bit Build 17763 (10.0.17763.475)

CPU:total 8 (initial active 8) (4 cores per cpu, 2 threads per core) family 6 model 158 stepping 9, cmov, cx8, fxsr, mmx, sse, sse2, sse3, ssse3, sse4.1, sse4.2, popcnt, avx, avx2, aes, clmul, erms, 3dnowpref, lzcnt, ht, tsc, tscinvbit, bmi1, bmi2, adx

Memory: 4k page, physical 8270668k(718616k free), swap 21902156k(7322768k free)

vm_info: Java HotSpot(TM) 64-Bit Server VM (25.201-b09) for windows-amd64 JRE (1.8.0_201-b09), built on Dec 15 2018 18:36:39 by "java_re" with MS VC++ 10.0 (VS2010)

time: Thu Oct 31 09:56:24 2019
timezone: AUS Eastern Daylight Time
elapsed time: 50 seconds (0d 0h 0m 50s)

