#
# A fatal error has been detected by the Java Runtime Environment:
#
#  EXCEPTION_ACCESS_VIOLATION (0xc0000005) at pc=0x00000000564beded, pid=24648, tid=0x0000000000001ddc
#
# JRE version: Java(TM) SE Runtime Environment (8.0_201-b09) (build 1.8.0_201-b09)
# Java VM: Java HotSpot(TM) 64-Bit Server VM (25.201-b09 mixed mode windows-amd64 compressed oops)
# Problematic frame:
# V  [jvm.dll+0x13eded]
#
# Failed to write core dump. Minidumps are not enabled by default on client versions of Windows
#
# If you would like to submit a bug report, please visit:
#   http://bugreport.java.com/bugreport/crash.jsp
# The crash happened outside the Java Virtual Machine in native code.
# See problematic frame for where to report the bug.
#

---------------  T H R E A D  ---------------

Current thread (0x0000000019ae1000):  JavaThread "Finalizer" daemon [_thread_in_native, id=7644, stack(0x0000000019fc0000,0x000000001a0c0000)]

siginfo: ExceptionCode=0xc0000005, writing address 0x0000000000000270

Registers:
RAX=0x000000000000dead, RBX=0x0000000000000000, RCX=0x000000001b157800, RDX=0x0000000019e39e08
RSP=0x000000001a0bf1a0, RBP=0x0000000000000000, RSI=0x000000001e8e4630, RDI=0x0000000019e39e08
R8 =0x0000000000b81200, R9 =0x0000000000008000, R10=0x00000000ffffffff, R11=0x000000001a0bf170
R12=0x0000000000000000, R13=0x0000000000000000, R14=0x0000000000000000, R15=0x000000001e905158
RIP=0x00000000564beded, EFLAGS=0x0000000000010246

Top of Stack: (sp=0x000000001a0bf1a0)
0x000000001a0bf1a0:   0000000000f30000 000000001e8a74d0
0x000000001a0bf1b0:   0000000000000000 0000000000000000
0x000000001a0bf1c0:   00000000ffffffff 00007ffd4db187ce
0x000000001a0bf1d0:   000000001e8a5120 000000001e8e4630
0x000000001a0bf1e0:   0000000000000000 0000000000000000
0x000000001a0bf1f0:   fffffffffffffffe 000000001e905050
0x000000001a0bf200:   0000000000000000 00007ffd4db16bed
0x000000001a0bf210:   0000000000000000 00007ffd4e8934b0
0x000000001a0bf220:   000000001e905158 000000001e905050
0x000000001a0bf230:   000000001e8e46b0 00007ffd4ddfc6d5
0x000000001a0bf240:   000000001e8e4630 0000000000000000
0x000000001a0bf250:   000000001e905820 0000000019ae1970
0x000000001a0bf260:   00007ffd4e8934b0 00007ffd4de004b8
0x000000001a0bf270:   000000001a0bf2f9 000000001e905050
0x000000001a0bf280:   000000001e905870 000000001a0bf2f9
0x000000001a0bf290:   00007ffd4e8934b0 0000000000000000 

Instructions: (pc=0x00000000564beded)
0x00000000564bedcd:   8b fa 3d ab de 00 00 74 17 8b 83 88 02 00 00 3d
0x00000000564beddd:   ac de 00 00 74 0a 48 8b cb e8 c5 03 10 00 33 db
0x00000000564beded:   c7 83 70 02 00 00 05 00 00 00 83 3d ca 78 6d 00
0x00000000564bedfd:   01 75 09 80 3d 3c 6b 6d 00 00 74 18 80 3d 34 6b 


Register to memory mapping:

RAX=0x000000000000dead is an unknown value
RBX=0x0000000000000000 is an unknown value
RCX=0x000000001b157800 is an unknown value
RDX=0x0000000019e39e08 is a global jni handle
RSP=0x000000001a0bf1a0 is pointing into the stack for thread: 0x0000000019ae1000
RBP=0x0000000000000000 is an unknown value
RSI=0x000000001e8e4630 is an unknown value
RDI=0x0000000019e39e08 is a global jni handle
R8 =0x0000000000b81200 is an unknown value
R9 =0x0000000000008000 is an unknown value
R10=0x00000000ffffffff is an unallocated location in the heap
R11=0x000000001a0bf170 is pointing into the stack for thread: 0x0000000019ae1000
R12=0x0000000000000000 is an unknown value
R13=0x0000000000000000 is an unknown value
R14=0x0000000000000000 is an unknown value
R15=0x000000001e905158 is an unknown value


Stack: [0x0000000019fc0000,0x000000001a0c0000],  sp=0x000000001a0bf1a0,  free space=1020k
Native frames: (J=compiled Java code, j=interpreted, Vv=VM code, C=native code)

Java frames: (J=compiled Java code, j=interpreted, Vv=VM code)
j  com.google.ortools.constraintsolver.mainJNI.delete_RoutingModel(J)V+0
j  com.google.ortools.constraintsolver.RoutingModel.delete()V+25
j  com.google.ortools.constraintsolver.RoutingModel.finalize()V+1
J 1101 C1 java.lang.ref.Finalizer.runFinalizer(Lsun/misc/JavaLangAccess;)V (62 bytes) @ 0x0000000002e8888c [0x0000000002e88300+0x58c]
J 1100 C1 java.lang.ref.Finalizer.access$100(Ljava/lang/ref/Finalizer;Lsun/misc/JavaLangAccess;)V (6 bytes) @ 0x0000000002e88fdc [0x0000000002e88f80+0x5c]
j  java.lang.ref.Finalizer$FinalizerThread.run()V+45
v  ~StubRoutines::call_stub

---------------  P R O C E S S  ---------------

Java Threads: ( => current thread )
  0x000000001b157000 JavaThread "TimerQueue" daemon [_thread_blocked, id=15068, stack(0x0000000021340000,0x0000000021440000)]
  0x000000001b14e800 JavaThread "MasterRouteAgent" [_thread_blocked, id=23752, stack(0x000000001e9a0000,0x000000001eaa0000)]
  0x000000001b14f800 JavaThread "Delivery_Agent2" [_thread_blocked, id=26048, stack(0x000000001e6a0000,0x000000001e7a0000)]
  0x000000001b154800 JavaThread "Delivery_Agent1" [_thread_blocked, id=26808, stack(0x000000001e5a0000,0x000000001e6a0000)]
  0x000000001b150000 JavaThread "Delivery_Agent0" [_thread_blocked, id=28040, stack(0x000000001e4a0000,0x000000001e5a0000)]
  0x000000001b155800 JavaThread "DBAgent" [_thread_blocked, id=26680, stack(0x000000001e3a0000,0x000000001e4a0000)]
  0x000000001b11b000 JavaThread "rma" [_thread_blocked, id=26216, stack(0x000000001e2a0000,0x000000001e3a0000)]
  0x000000001b11a800 JavaThread "df" [_thread_blocked, id=19980, stack(0x000000001e1a0000,0x000000001e2a0000)]
  0x000000001b114800 JavaThread "ams" [_thread_blocked, id=16884, stack(0x000000001e0a0000,0x000000001e1a0000)]
  0x000000001b119800 JavaThread "Thread-14" [_thread_in_native, id=5020, stack(0x000000001dfa0000,0x000000001e0a0000)]
  0x000000001b118000 JavaThread "Deliverer-04" [_thread_blocked, id=23976, stack(0x000000001dea0000,0x000000001dfa0000)]
  0x000000001b117800 JavaThread "Deliverer-03" [_thread_blocked, id=27068, stack(0x000000001dda0000,0x000000001dea0000)]
  0x000000001b116800 JavaThread "Deliverer-02" [_thread_blocked, id=14440, stack(0x000000001dca0000,0x000000001dda0000)]
  0x000000001b115000 JavaThread "Deliverer-01" [_thread_blocked, id=12732, stack(0x000000001dba0000,0x000000001dca0000)]
  0x000000001b116000 JavaThread "Deliverer-00" [_thread_blocked, id=27916, stack(0x000000001daa0000,0x000000001dba0000)]
  0x000000001b119000 JavaThread "Thread-8" [_thread_in_native, id=24580, stack(0x000000001d9a0000,0x000000001daa0000)]
  0x000000001b06e800 JavaThread "Thread-7" [_thread_blocked, id=19156, stack(0x000000001d8a0000,0x000000001d9a0000)]
  0x000000001b075000 JavaThread "JICPServer-8888" daemon [_thread_in_native, id=27072, stack(0x000000001d7a0000,0x000000001d8a0000)]
  0x000000001b081800 JavaThread "JADE Timer dispatcher" [_thread_blocked, id=9008, stack(0x000000001d6a0000,0x000000001d7a0000)]
  0x000000001af5e800 JavaThread "Thread-2" [_thread_blocked, id=4172, stack(0x000000001bf90000,0x000000001c090000)]
  0x000000001ae63000 JavaThread "MySQL Statement Cancellation Timer" daemon [_thread_blocked, id=22312, stack(0x000000001b850000,0x000000001b950000)]
  0x0000000002c63800 JavaThread "DestroyJavaVM" [_thread_blocked, id=1976, stack(0x0000000002920000,0x0000000002a20000)]
  0x0000000019ebc800 JavaThread "AWT-EventQueue-0" [_thread_blocked, id=11628, stack(0x000000001b700000,0x000000001b800000)]
  0x0000000019eb8800 JavaThread "AWT-Windows" daemon [_thread_in_native, id=28044, stack(0x000000001b600000,0x000000001b700000)]
  0x0000000019eb8000 JavaThread "AWT-Shutdown" [_thread_blocked, id=24116, stack(0x000000001b500000,0x000000001b600000)]
  0x0000000019eb7800 JavaThread "Java2D Disposer" daemon [_thread_blocked, id=18352, stack(0x000000001b400000,0x000000001b500000)]
  0x0000000019b82000 JavaThread "Service Thread" daemon [_thread_blocked, id=11704, stack(0x000000001a8c0000,0x000000001a9c0000)]
  0x0000000019b7b800 JavaThread "C1 CompilerThread3" daemon [_thread_blocked, id=24288, stack(0x000000001a7c0000,0x000000001a8c0000)]
  0x0000000019b79000 JavaThread "C2 CompilerThread2" daemon [_thread_blocked, id=13596, stack(0x000000001a6c0000,0x000000001a7c0000)]
  0x0000000019b6d800 JavaThread "C2 CompilerThread1" daemon [_thread_blocked, id=25132, stack(0x000000001a5c0000,0x000000001a6c0000)]
  0x0000000019b6c800 JavaThread "C2 CompilerThread0" daemon [_thread_blocked, id=28600, stack(0x000000001a4c0000,0x000000001a5c0000)]
  0x0000000019b68800 JavaThread "Monitor Ctrl-Break" daemon [_thread_in_native, id=12440, stack(0x000000001a3c0000,0x000000001a4c0000)]
  0x0000000019af1000 JavaThread "Attach Listener" daemon [_thread_blocked, id=25008, stack(0x000000001a2c0000,0x000000001a3c0000)]
  0x0000000019af0000 JavaThread "Signal Dispatcher" daemon [_thread_blocked, id=27808, stack(0x000000001a1c0000,0x000000001a2c0000)]
=>0x0000000019ae1000 JavaThread "Finalizer" daemon [_thread_in_native, id=7644, stack(0x0000000019fc0000,0x000000001a0c0000)]
  0x0000000019ae0800 JavaThread "Reference Handler" daemon [_thread_blocked, id=16588, stack(0x0000000019ec0000,0x0000000019fc0000)]

Other Threads:
  0x0000000017cd9800 VMThread [stack: 0x00000000199c0000,0x0000000019ac0000] [id=27656]
  0x0000000019cb4800 WatcherThread [stack: 0x000000001a9c0000,0x000000001aac0000] [id=19960]

VM state:not at safepoint (normal execution)

VM Mutex/Monitor currently owned by a thread: None

heap address: 0x0000000081c00000, size: 2020 MB, Compressed Oops mode: 32-bit
Narrow klass base: 0x0000000000000000, Narrow klass shift: 3
Compressed class space size: 1073741824 Address: 0x0000000100000000

Heap:
 PSYoungGen      total 38400K, used 5922K [0x00000000d5f00000, 0x00000000dad00000, 0x0000000100000000)
  eden space 33280K, 14% used [0x00000000d5f00000,0x00000000d638f838,0x00000000d7f80000)
  from space 5120K, 24% used [0x00000000d7f80000,0x00000000d80b9100,0x00000000d8480000)
  to   space 8704K, 0% used [0x00000000da480000,0x00000000da480000,0x00000000dad00000)
 ParOldGen       total 64512K, used 11365K [0x0000000081c00000, 0x0000000085b00000, 0x00000000d5f00000)
  object space 64512K, 17% used [0x0000000081c00000,0x0000000082719680,0x0000000085b00000)
 Metaspace       used 23076K, capacity 23490K, committed 23808K, reserved 1071104K
  class space    used 2842K, capacity 2978K, committed 3072K, reserved 1048576K

Card table byte_map: [0x0000000012120000,0x0000000012520000] byte_map_base: 0x0000000011d12000

Marking Bits: (ParMarkBitMap*) 0x0000000056ba4ce0
 Begin Bits: [0x0000000012fd0000, 0x0000000014f60000)
 End Bits:   [0x0000000014f60000, 0x0000000016ef0000)

Polling page: 0x0000000000f00000

CodeCache: size=245760Kb used=7061Kb max_used=7061Kb free=238698Kb
 bounds [0x0000000002d60000, 0x0000000003450000, 0x0000000011d60000]
 total_blobs=2766 nmethods=2078 adapters=599
 compilation: enabled

Compilation events (10 events):
Event: 28.584 Thread 0x0000000019b7b800 nmethod 2224 0x0000000003443dd0 code [0x0000000003444040, 0x0000000003445198]
Event: 28.584 Thread 0x0000000019b7b800 2226       3       jade.core.GenericCommand::setPrincipal (13 bytes)
Event: 28.584 Thread 0x0000000019b7b800 nmethod 2226 0x0000000003443a50 code [0x0000000003443ba0, 0x0000000003443d50]
Event: 28.584 Thread 0x0000000019b7b800 2225  s    3       jade.core.AID::clone (68 bytes)
Event: 28.586 Thread 0x0000000019b7b800 nmethod 2225 0x00000000034464d0 code [0x0000000003446720, 0x0000000003447638]
Event: 29.065 Thread 0x0000000019b7b800 2227       3       jade.util.leap.LinkedList$1::next (10 bytes)
Event: 29.066 Thread 0x0000000019b7b800 nmethod 2227 0x0000000003443610 code [0x0000000003443780, 0x00000000034439a8]
Event: 29.088 Thread 0x0000000019b7b800 2228       3       java.time.LocalDateTime::<init> (15 bytes)
Event: 29.089 Thread 0x0000000019b7b800 nmethod 2228 0x0000000003447f10 code [0x0000000003448060, 0x0000000003448230]
Event: 29.236 Thread 0x0000000019b7b800 2230   !   3       com.mysql.jdbc.Field::getStringFromBytes (241 bytes)

GC Heap History (10 events):
Event: 12.943 GC heap before
{Heap before GC invocations=2 (full 0):
 PSYoungGen      total 38400K, used 36849K [0x00000000d5f00000, 0x00000000d8980000, 0x0000000100000000)
  eden space 33280K, 100% used [0x00000000d5f00000,0x00000000d7f80000,0x00000000d7f80000)
  from space 5120K, 69% used [0x00000000d7f80000,0x00000000d82fc520,0x00000000d8480000)
  to   space 5120K, 0% used [0x00000000d8480000,0x00000000d8480000,0x00000000d8980000)
 ParOldGen       total 87552K, used 14769K [0x0000000081c00000, 0x0000000087180000, 0x00000000d5f00000)
  object space 87552K, 16% used [0x0000000081c00000,0x0000000082a6c7d0,0x0000000087180000)
 Metaspace       used 17794K, capacity 18024K, committed 18176K, reserved 1064960K
  class space    used 2174K, capacity 2253K, committed 2304K, reserved 1048576K
Event: 12.955 GC heap after
Heap after GC invocations=2 (full 0):
 PSYoungGen      total 38400K, used 5109K [0x00000000d5f00000, 0x00000000d8980000, 0x0000000100000000)
  eden space 33280K, 0% used [0x00000000d5f00000,0x00000000d5f00000,0x00000000d7f80000)
  from space 5120K, 99% used [0x00000000d8480000,0x00000000d897d570,0x00000000d8980000)
  to   space 5120K, 0% used [0x00000000d7f80000,0x00000000d7f80000,0x00000000d8480000)
 ParOldGen       total 87552K, used 15998K [0x0000000081c00000, 0x0000000087180000, 0x00000000d5f00000)
  object space 87552K, 18% used [0x0000000081c00000,0x0000000082b9f810,0x0000000087180000)
 Metaspace       used 17794K, capacity 18024K, committed 18176K, reserved 1064960K
  class space    used 2174K, capacity 2253K, committed 2304K, reserved 1048576K
}
Event: 15.153 GC heap before
{Heap before GC invocations=3 (full 0):
 PSYoungGen      total 38400K, used 35870K [0x00000000d5f00000, 0x00000000d8980000, 0x0000000100000000)
  eden space 33280K, 92% used [0x00000000d5f00000,0x00000000d7d0a540,0x00000000d7f80000)
  from space 5120K, 99% used [0x00000000d8480000,0x00000000d897d570,0x00000000d8980000)
  to   space 5120K, 0% used [0x00000000d7f80000,0x00000000d7f80000,0x00000000d8480000)
 ParOldGen       total 87552K, used 15998K [0x0000000081c00000, 0x0000000087180000, 0x00000000d5f00000)
  object space 87552K, 18% used [0x0000000081c00000,0x0000000082b9f810,0x0000000087180000)
 Metaspace       used 20511K, capacity 20870K, committed 20992K, reserved 1067008K
  class space    used 2620K, capacity 2720K, committed 2816K, reserved 1048576K
Event: 15.163 GC heap after
Heap after GC invocations=3 (full 0):
 PSYoungGen      total 38400K, used 5088K [0x00000000d5f00000, 0x00000000d8980000, 0x0000000100000000)
  eden space 33280K, 0% used [0x00000000d5f00000,0x00000000d5f00000,0x00000000d7f80000)
  from space 5120K, 99% used [0x00000000d7f80000,0x00000000d84780d0,0x00000000d8480000)
  to   space 5120K, 0% used [0x00000000d8480000,0x00000000d8480000,0x00000000d8980000)
 ParOldGen       total 87552K, used 17696K [0x0000000081c00000, 0x0000000087180000, 0x00000000d5f00000)
  object space 87552K, 20% used [0x0000000081c00000,0x0000000082d483b0,0x0000000087180000)
 Metaspace       used 20511K, capacity 20870K, committed 20992K, reserved 1067008K
  class space    used 2620K, capacity 2720K, committed 2816K, reserved 1048576K
}
Event: 15.223 GC heap before
{Heap before GC invocations=4 (full 0):
 PSYoungGen      total 38400K, used 10940K [0x00000000d5f00000, 0x00000000d8980000, 0x0000000100000000)
  eden space 33280K, 17% used [0x00000000d5f00000,0x00000000d64b6f50,0x00000000d7f80000)
  from space 5120K, 99% used [0x00000000d7f80000,0x00000000d84780d0,0x00000000d8480000)
  to   space 5120K, 0% used [0x00000000d8480000,0x00000000d8480000,0x00000000d8980000)
 ParOldGen       total 87552K, used 17696K [0x0000000081c00000, 0x0000000087180000, 0x00000000d5f00000)
  object space 87552K, 20% used [0x0000000081c00000,0x0000000082d483b0,0x0000000087180000)
 Metaspace       used 20829K, capacity 21126K, committed 21248K, reserved 1067008K
  class space    used 2632K, capacity 2720K, committed 2816K, reserved 1048576K
Event: 15.229 GC heap after
Heap after GC invocations=4 (full 0):
 PSYoungGen      total 38400K, used 5092K [0x00000000d5f00000, 0x00000000daa00000, 0x0000000100000000)
  eden space 33280K, 0% used [0x00000000d5f00000,0x00000000d5f00000,0x00000000d7f80000)
  from space 5120K, 99% used [0x00000000d8480000,0x00000000d8979160,0x00000000d8980000)
  to   space 5120K, 0% used [0x00000000d7f80000,0x00000000d7f80000,0x00000000d8480000)
 ParOldGen       total 87552K, used 17912K [0x0000000081c00000, 0x0000000087180000, 0x00000000d5f00000)
  object space 87552K, 20% used [0x0000000081c00000,0x0000000082d7e3c0,0x0000000087180000)
 Metaspace       used 20829K, capacity 21126K, committed 21248K, reserved 1067008K
  class space    used 2632K, capacity 2720K, committed 2816K, reserved 1048576K
}
Event: 15.229 GC heap before
{Heap before GC invocations=5 (full 1):
 PSYoungGen      total 38400K, used 5092K [0x00000000d5f00000, 0x00000000daa00000, 0x0000000100000000)
  eden space 33280K, 0% used [0x00000000d5f00000,0x00000000d5f00000,0x00000000d7f80000)
  from space 5120K, 99% used [0x00000000d8480000,0x00000000d8979160,0x00000000d8980000)
  to   space 5120K, 0% used [0x00000000d7f80000,0x00000000d7f80000,0x00000000d8480000)
 ParOldGen       total 87552K, used 17912K [0x0000000081c00000, 0x0000000087180000, 0x00000000d5f00000)
  object space 87552K, 20% used [0x0000000081c00000,0x0000000082d7e3c0,0x0000000087180000)
 Metaspace       used 20829K, capacity 21126K, committed 21248K, reserved 1067008K
  class space    used 2632K, capacity 2720K, committed 2816K, reserved 1048576K
Event: 15.268 GC heap after
Heap after GC invocations=5 (full 1):
 PSYoungGen      total 38400K, used 0K [0x00000000d5f00000, 0x00000000daa00000, 0x0000000100000000)
  eden space 33280K, 0% used [0x00000000d5f00000,0x00000000d5f00000,0x00000000d7f80000)
  from space 5120K, 0% used [0x00000000d8480000,0x00000000d8480000,0x00000000d8980000)
  to   space 5120K, 0% used [0x00000000d7f80000,0x00000000d7f80000,0x00000000d8480000)
 ParOldGen       total 64512K, used 11357K [0x0000000081c00000, 0x0000000085b00000, 0x00000000d5f00000)
  object space 64512K, 17% used [0x0000000081c00000,0x0000000082717680,0x0000000085b00000)
 Metaspace       used 20829K, capacity 21126K, committed 21248K, reserved 1067008K
  class space    used 2632K, capacity 2720K, committed 2816K, reserved 1048576K
}
Event: 29.238 GC heap before
{Heap before GC invocations=6 (full 1):
 PSYoungGen      total 38400K, used 31559K [0x00000000d5f00000, 0x00000000daa00000, 0x0000000100000000)
  eden space 33280K, 94% used [0x00000000d5f00000,0x00000000d7dd1fe8,0x00000000d7f80000)
  from space 5120K, 0% used [0x00000000d8480000,0x00000000d8480000,0x00000000d8980000)
  to   space 5120K, 0% used [0x00000000d7f80000,0x00000000d7f80000,0x00000000d8480000)
 ParOldGen       total 64512K, used 11357K [0x0000000081c00000, 0x0000000085b00000, 0x00000000d5f00000)
  object space 64512K, 17% used [0x0000000081c00000,0x0000000082717680,0x0000000085b00000)
 Metaspace       used 23075K, capacity 23490K, committed 23808K, reserved 1071104K
  class space    used 2842K, capacity 2978K, committed 3072K, reserved 1048576K
Event: 29.242 GC heap after
Heap after GC invocations=6 (full 1):
 PSYoungGen      total 38400K, used 1252K [0x00000000d5f00000, 0x00000000dad00000, 0x0000000100000000)
  eden space 33280K, 0% used [0x00000000d5f00000,0x00000000d5f00000,0x00000000d7f80000)
  from space 5120K, 24% used [0x00000000d7f80000,0x00000000d80b9100,0x00000000d8480000)
  to   space 8704K, 0% used [0x00000000da480000,0x00000000da480000,0x00000000dad00000)
 ParOldGen       total 64512K, used 11365K [0x0000000081c00000, 0x0000000085b00000, 0x00000000d5f00000)
  object space 64512K, 17% used [0x0000000081c00000,0x0000000082719680,0x0000000085b00000)
 Metaspace       used 23075K, capacity 23490K, committed 23808K, reserved 1071104K
  class space    used 2842K, capacity 2978K, committed 3072K, reserved 1048576K
}

Deoptimization events (10 events):
Event: 13.471 Thread 0x000000001b11b000 Uncommon trap: reason=class_check action=maybe_recompile pc=0x0000000002f072a0 method=java.lang.String.equals(Ljava/lang/Object;)Z @ 8
Event: 13.472 Thread 0x000000001b11b000 Uncommon trap: reason=class_check action=maybe_recompile pc=0x0000000002f072a0 method=java.lang.String.equals(Ljava/lang/Object;)Z @ 8
Event: 13.473 Thread 0x000000001b11b000 Uncommon trap: reason=class_check action=maybe_recompile pc=0x0000000002f072a0 method=java.lang.String.equals(Ljava/lang/Object;)Z @ 8
Event: 13.473 Thread 0x000000001b11b000 Uncommon trap: reason=class_check action=maybe_recompile pc=0x0000000002f072a0 method=java.lang.String.equals(Ljava/lang/Object;)Z @ 8
Event: 13.984 Thread 0x000000001b11b000 Uncommon trap: reason=unstable_if action=reinterpret pc=0x000000000313d8f0 method=java.lang.CharacterData.of(I)Ljava/lang/CharacterData; @ 4
Event: 14.042 Thread 0x000000001b11b000 Uncommon trap: reason=unstable_if action=reinterpret pc=0x0000000003252834 method=java.lang.Character.isSurrogate(C)Z @ 3
Event: 15.139 Thread 0x000000001af5e800 Uncommon trap: reason=unstable_if action=reinterpret pc=0x0000000003275780 method=java.lang.StringCoding$StringDecoder.decode([BII)[C @ 33
Event: 15.202 Thread 0x000000001b157800 Uncommon trap: reason=unstable_if action=reinterpret pc=0x0000000002fc8758 method=java.util.HashMap.getNode(ILjava/lang/Object;)Ljava/util/HashMap$Node; @ 62
Event: 15.202 Thread 0x000000001b157800 Uncommon trap: reason=unstable_if action=reinterpret pc=0x0000000002fca334 method=java.util.HashMap.getNode(ILjava/lang/Object;)Ljava/util/HashMap$Node; @ 62
Event: 15.207 Thread 0x000000001b157800 Uncommon trap: reason=null_check action=make_not_entrant pc=0x00000000033126b8 method=jade.content.onto.Ontology.getSchema(Ljava/lang/String;)Ljade/content/schema/ObjectSchema; @ 39

Classes redefined (0 events):
No events

Internal exceptions (10 events):
Event: 15.211 Thread 0x000000001b157800 Exception <a 'java/lang/ArrayIndexOutOfBoundsException': 0> (0x00000000d6391f90) thrown at [C:\re\workspace\8-2-build-windows-amd64-cygwin\jdk8u201\12322\hotspot\src\share\vm\interpreter\interpreterRuntime.cpp, line 368]
Event: 15.211 Thread 0x000000001b157800 Exception <a 'java/lang/ArrayIndexOutOfBoundsException': 0> (0x00000000d6392700) thrown at [C:\re\workspace\8-2-build-windows-amd64-cygwin\jdk8u201\12322\hotspot\src\share\vm\interpreter\interpreterRuntime.cpp, line 368]
Event: 15.211 Thread 0x000000001b157800 Exception <a 'java/lang/ArrayIndexOutOfBoundsException': 1> (0x00000000d6393358) thrown at [C:\re\workspace\8-2-build-windows-amd64-cygwin\jdk8u201\12322\hotspot\src\share\vm\interpreter\interpreterRuntime.cpp, line 368]
Event: 15.212 Thread 0x000000001b157800 Exception <a 'java/lang/ArrayIndexOutOfBoundsException': 2> (0x00000000d6393f78) thrown at [C:\re\workspace\8-2-build-windows-amd64-cygwin\jdk8u201\12322\hotspot\src\share\vm\interpreter\interpreterRuntime.cpp, line 368]
Event: 15.212 Thread 0x000000001b157800 Exception <a 'java/lang/ArrayIndexOutOfBoundsException': 3> (0x00000000d6394b98) thrown at [C:\re\workspace\8-2-build-windows-amd64-cygwin\jdk8u201\12322\hotspot\src\share\vm\interpreter\interpreterRuntime.cpp, line 368]
Event: 15.212 Thread 0x000000001b157800 Exception <a 'java/lang/ArrayIndexOutOfBoundsException': 4> (0x00000000d63957a8) thrown at [C:\re\workspace\8-2-build-windows-amd64-cygwin\jdk8u201\12322\hotspot\src\share\vm\interpreter\interpreterRuntime.cpp, line 368]
Event: 15.212 Thread 0x000000001b157800 Exception <a 'java/lang/ArrayIndexOutOfBoundsException': 5> (0x00000000d63963c8) thrown at [C:\re\workspace\8-2-build-windows-amd64-cygwin\jdk8u201\12322\hotspot\src\share\vm\interpreter\interpreterRuntime.cpp, line 368]
Event: 15.212 Thread 0x000000001b157800 Exception <a 'java/lang/ArrayIndexOutOfBoundsException': 6> (0x00000000d6396fd0) thrown at [C:\re\workspace\8-2-build-windows-amd64-cygwin\jdk8u201\12322\hotspot\src\share\vm\interpreter\interpreterRuntime.cpp, line 368]
Event: 15.212 Thread 0x000000001b157800 Exception <a 'java/lang/ArrayIndexOutOfBoundsException': 0> (0x00000000d6397b48) thrown at [C:\re\workspace\8-2-build-windows-amd64-cygwin\jdk8u201\12322\hotspot\src\share\vm\interpreter\interpreterRuntime.cpp, line 368]
Event: 15.212 Thread 0x000000001b157800 Exception <a 'java/lang/ArrayIndexOutOfBoundsException': 7> (0x00000000d63982b8) thrown at [C:\re\workspace\8-2-build-windows-amd64-cygwin\jdk8u201\12322\hotspot\src\share\vm\interpreter\interpreterRuntime.cpp, line 368]

Events (10 events):
Event: 25.704 loading class java/util/concurrent/TimeUnit$5
Event: 25.704 loading class java/util/concurrent/TimeUnit$5 done
Event: 25.704 loading class java/util/concurrent/TimeUnit$6
Event: 25.705 loading class java/util/concurrent/TimeUnit$6 done
Event: 25.705 loading class java/util/concurrent/TimeUnit$7
Event: 25.705 loading class java/util/concurrent/TimeUnit$7 done
Event: 26.518 loading class javax/swing/Timer$1
Event: 26.518 loading class javax/swing/Timer$1 done
Event: 29.238 Executing VM operation: ParallelGCFailedAllocation
Event: 29.242 Executing VM operation: ParallelGCFailedAllocation done


Dynamic libraries:
0x00007ff78dbb0000 - 0x00007ff78dbe7000 	C:\Program Files\Java\jdk1.8.0_201\bin\java.exe
0x00007ffdd9640000 - 0x00007ffdd982d000 	C:\WINDOWS\SYSTEM32\ntdll.dll
0x00007ffdc3120000 - 0x00007ffdc3134000 	C:\Program Files (x86)\AVG\Antivirus\aswhook.dll
0x00007ffdd6e30000 - 0x00007ffdd6ee3000 	C:\WINDOWS\System32\KERNEL32.DLL
0x00007ffdd5700000 - 0x00007ffdd5993000 	C:\WINDOWS\System32\KERNELBASE.dll
0x00007ffdd68d0000 - 0x00007ffdd6973000 	C:\WINDOWS\System32\ADVAPI32.dll
0x00007ffdd7760000 - 0x00007ffdd77fe000 	C:\WINDOWS\System32\msvcrt.dll
0x00007ffdd7240000 - 0x00007ffdd72de000 	C:\WINDOWS\System32\sechost.dll
0x00007ffdd8f10000 - 0x00007ffdd9032000 	C:\WINDOWS\System32\RPCRT4.dll
0x00007ffdd6a30000 - 0x00007ffdd6bc7000 	C:\WINDOWS\System32\USER32.dll
0x00007ffdd59a0000 - 0x00007ffdd59c0000 	C:\WINDOWS\System32\win32u.dll
0x00007ffdd7800000 - 0x00007ffdd7829000 	C:\WINDOWS\System32\GDI32.dll
0x00007ffdd5b40000 - 0x00007ffdd5cd9000 	C:\WINDOWS\System32\gdi32full.dll
0x00007ffdd65b0000 - 0x00007ffdd6650000 	C:\WINDOWS\System32\msvcp_win.dll
0x00007ffdd64b0000 - 0x00007ffdd65aa000 	C:\WINDOWS\System32\ucrtbase.dll
0x00007ffdc8560000 - 0x00007ffdc87d9000 	C:\WINDOWS\WinSxS\amd64_microsoft.windows.common-controls_6595b64144ccf1df_6.0.17763.802_none_05b1445c0722d2cc\COMCTL32.dll
0x00007ffdd90a0000 - 0x00007ffdd93cc000 	C:\WINDOWS\System32\combase.dll
0x00007ffdd5a70000 - 0x00007ffdd5aee000 	C:\WINDOWS\System32\bcryptPrimitives.dll
0x00007ffdd6cb0000 - 0x00007ffdd6cde000 	C:\WINDOWS\System32\IMM32.DLL
0x0000000056c30000 - 0x0000000056d01000 	C:\Program Files\Java\jdk1.8.0_201\jre\bin\msvcr100.dll
0x0000000056380000 - 0x0000000056c24000 	C:\Program Files\Java\jdk1.8.0_201\jre\bin\server\jvm.dll
0x00007ffdd7830000 - 0x00007ffdd7838000 	C:\WINDOWS\System32\PSAPI.DLL
0x00007ffdc77e0000 - 0x00007ffdc77e9000 	C:\WINDOWS\SYSTEM32\WSOCK32.dll
0x00007ffdd7840000 - 0x00007ffdd78ad000 	C:\WINDOWS\System32\WS2_32.dll
0x00007ffdd23a0000 - 0x00007ffdd23c4000 	C:\WINDOWS\SYSTEM32\WINMM.dll
0x00007ffdcd480000 - 0x00007ffdcd48a000 	C:\WINDOWS\SYSTEM32\VERSION.dll
0x00007ffdd2370000 - 0x00007ffdd239d000 	C:\WINDOWS\SYSTEM32\WINMMBASE.dll
0x00007ffdd5af0000 - 0x00007ffdd5b3a000 	C:\WINDOWS\System32\cfgmgr32.dll
0x00007ffdc17c0000 - 0x00007ffdc17cf000 	C:\Program Files\Java\jdk1.8.0_201\jre\bin\verify.dll
0x00007ffdbe870000 - 0x00007ffdbe899000 	C:\Program Files\Java\jdk1.8.0_201\jre\bin\java.dll
0x00007ffdc1830000 - 0x00007ffdc1853000 	C:\Program Files\Java\jdk1.8.0_201\jre\bin\instrument.dll
0x00007ffdc1540000 - 0x00007ffdc1556000 	C:\Program Files\Java\jdk1.8.0_201\jre\bin\zip.dll
0x00007ffdd78b0000 - 0x00007ffdd8da4000 	C:\WINDOWS\System32\SHELL32.dll
0x00007ffdd6980000 - 0x00007ffdd6a28000 	C:\WINDOWS\System32\shcore.dll
0x00007ffdd5d00000 - 0x00007ffdd644d000 	C:\WINDOWS\System32\windows.storage.dll
0x00007ffdd56b0000 - 0x00007ffdd56d4000 	C:\WINDOWS\System32\profapi.dll
0x00007ffdd5630000 - 0x00007ffdd568d000 	C:\WINDOWS\System32\powrprof.dll
0x00007ffdd9040000 - 0x00007ffdd9092000 	C:\WINDOWS\System32\shlwapi.dll
0x00007ffdd5690000 - 0x00007ffdd56a1000 	C:\WINDOWS\System32\kernel.appcore.dll
0x00007ffdd5ce0000 - 0x00007ffdd5cf7000 	C:\WINDOWS\System32\cryptsp.dll
0x00007ffdc1810000 - 0x00007ffdc182a000 	C:\Program Files\JetBrains\IntelliJ IDEA Community Edition 2019.2\bin\breakgen64.dll
0x00007ffdbe850000 - 0x00007ffdbe86a000 	C:\Program Files\Java\jdk1.8.0_201\jre\bin\net.dll
0x00007ffdc68a0000 - 0x00007ffdc6a77000 	C:\WINDOWS\SYSTEM32\urlmon.dll
0x00007ffdc5ff0000 - 0x00007ffdc6298000 	C:\WINDOWS\SYSTEM32\iertutil.dll
0x00007ffdd5070000 - 0x00007ffdd507c000 	C:\WINDOWS\SYSTEM32\CRYPTBASE.DLL
0x00007ffdd4ea0000 - 0x00007ffdd4f07000 	C:\WINDOWS\system32\mswsock.dll
0x00007ffd6a070000 - 0x00007ffd6a209000 	C:\Program Files\Java\jdk1.8.0_201\jre\bin\awt.dll
0x00007ffdd93d0000 - 0x00007ffdd9494000 	C:\WINDOWS\System32\OLEAUT32.dll
0x00007ffdd3980000 - 0x00007ffdd3a0c000 	C:\WINDOWS\SYSTEM32\apphelp.dll
0x00007ffdd3be0000 - 0x00007ffdd3c7c000 	C:\WINDOWS\system32\uxtheme.dll
0x00007ffdd94a0000 - 0x00007ffdd960b000 	C:\WINDOWS\System32\MSCTF.dll
0x00007ffdd3ff0000 - 0x00007ffdd401e000 	C:\WINDOWS\system32\dwmapi.dll
0x00007ffdd6650000 - 0x00007ffdd682b000 	C:\WINDOWS\System32\CRYPT32.dll
0x00007ffdd56e0000 - 0x00007ffdd56f2000 	C:\WINDOWS\System32\MSASN1.dll
0x00007ffdd8db0000 - 0x00007ffdd8f05000 	C:\WINDOWS\System32\ole32.dll
0x00007ffdaaca0000 - 0x00007ffdaadc7000 	C:\WINDOWS\system32\opengl32.dll
0x00007ffdaac30000 - 0x00007ffdaac5c000 	C:\WINDOWS\SYSTEM32\GLU32.dll
0x00007ffdd4c00000 - 0x00007ffdd4cc6000 	C:\WINDOWS\SYSTEM32\DNSAPI.dll
0x00007ffdd68c0000 - 0x00007ffdd68c8000 	C:\WINDOWS\System32\NSI.dll
0x00007ffdd4bc0000 - 0x00007ffdd4bfd000 	C:\WINDOWS\SYSTEM32\IPHLPAPI.DLL
0x00007ffdc8450000 - 0x00007ffdc845a000 	C:\Windows\System32\rasadhlp.dll
0x00007ffdc89a0000 - 0x00007ffdc8a19000 	C:\WINDOWS\System32\fwpuclnt.dll
0x00007ffdd6830000 - 0x00007ffdd6856000 	C:\WINDOWS\System32\bcrypt.dll
0x00007ffdbf740000 - 0x00007ffdbf787000 	C:\Program Files\Java\jdk1.8.0_201\jre\bin\fontmanager.dll
0x00007ffdbf440000 - 0x00007ffdbf4d9000 	C:\WINDOWS\system32\RICHED20.DLL
0x00007ffda9040000 - 0x00007ffda9059000 	C:\WINDOWS\SYSTEM32\USP10.dll
0x00007ffdbec50000 - 0x00007ffdbec89000 	C:\WINDOWS\SYSTEM32\msls31.dll
0x00007ffdd7190000 - 0x00007ffdd7232000 	C:\WINDOWS\System32\clbcatq.dll
0x00007ffda68b0000 - 0x00007ffda6906000 	C:\WINDOWS\system32\dataexchange.dll
0x00007ffdd29d0000 - 0x00007ffdd2c4e000 	C:\WINDOWS\system32\d3d11.dll
0x00007ffdd3210000 - 0x00007ffdd33d3000 	C:\WINDOWS\system32\dcomp.dll
0x00007ffdd4340000 - 0x00007ffdd4402000 	C:\WINDOWS\system32\dxgi.dll
0x00007ffdd3cb0000 - 0x00007ffdd3ebd000 	C:\WINDOWS\system32\twinapi.appcore.dll
0x00007ffdd3ec0000 - 0x00007ffdd3ee8000 	C:\WINDOWS\system32\RMCLIENT.dll
0x00007ffdbe830000 - 0x00007ffdbe841000 	C:\Program Files\Java\jdk1.8.0_201\jre\bin\nio.dll
0x00007ffdbea50000 - 0x00007ffdbea92000 	C:\Program Files\Java\jdk1.8.0_201\jre\bin\t2k.dll
0x00007ffdb0480000 - 0x00007ffdb0515000 	C:\WINDOWS\System32\TextInputFramework.dll
0x00007ffdd1650000 - 0x00007ffdd1972000 	C:\WINDOWS\System32\CoreUIComponents.dll
0x00007ffdd3740000 - 0x00007ffdd3822000 	C:\WINDOWS\System32\CoreMessaging.dll
0x00007ffdd4730000 - 0x00007ffdd4761000 	C:\WINDOWS\SYSTEM32\ntmarta.dll
0x00007ffdd1330000 - 0x00007ffdd1483000 	C:\WINDOWS\SYSTEM32\wintypes.dll
0x00007ffdcc580000 - 0x00007ffdcc596000 	C:\WINDOWS\SYSTEM32\dhcpcsvc6.DLL
0x00007ffdcc630000 - 0x00007ffdcc64c000 	C:\WINDOWS\SYSTEM32\dhcpcsvc.DLL
0x00007ffdbe950000 - 0x00007ffdbe966000 	C:\WINDOWS\system32\napinsp.dll
0x00007ffdbb690000 - 0x00007ffdbb6aa000 	C:\WINDOWS\system32\pnrpnsp.dll
0x00007ffdbb680000 - 0x00007ffdbb68e000 	C:\WINDOWS\System32\winrnr.dll
0x00007ffdd1f80000 - 0x00007ffdd1f9b000 	C:\WINDOWS\system32\NLAapi.dll
0x00007ffdbb660000 - 0x00007ffdbb675000 	C:\WINDOWS\system32\wshbth.dll
0x00007ffd4dac0000 - 0x00007ffd4ecca000 	C:\Users\timke\Documents\Intelligent_Systems\jniortools.dll
0x00007ffdc08b0000 - 0x00007ffdc094b000 	C:\WINDOWS\SYSTEM32\MSVCP140.dll
0x00007ffdca5a0000 - 0x00007ffdca78d000 	C:\WINDOWS\SYSTEM32\dbghelp.dll
0x00007ffdc0890000 - 0x00007ffdc08a5000 	C:\WINDOWS\SYSTEM32\VCRUNTIME140.dll
0x00007ffdd05b0000 - 0x00007ffdd0768000 	C:\WINDOWS\SYSTEM32\WindowsCodecs.dll
0x00007ffdbea10000 - 0x00007ffdbea41000 	C:\Program Files\Java\jdk1.8.0_201\jre\bin\jpeg.dll

VM Arguments:
jvm_args: -Djava.library.path=C:\Users\timke\Documents\Intelligent_Systems -javaagent:C:\Program Files\JetBrains\IntelliJ IDEA Community Edition 2019.2\lib\idea_rt.jar=5552:C:\Program Files\JetBrains\IntelliJ IDEA Community Edition 2019.2\bin -Dfile.encoding=UTF-8 
java_command: main.Main
java_class_path (initial): C:\Program Files\Java\jdk1.8.0_201\jre\lib\charsets.jar;C:\Program Files\Java\jdk1.8.0_201\jre\lib\deploy.jar;C:\Program Files\Java\jdk1.8.0_201\jre\lib\ext\access-bridge-64.jar;C:\Program Files\Java\jdk1.8.0_201\jre\lib\ext\cldrdata.jar;C:\Program Files\Java\jdk1.8.0_201\jre\lib\ext\dnsns.jar;C:\Program Files\Java\jdk1.8.0_201\jre\lib\ext\jaccess.jar;C:\Program Files\Java\jdk1.8.0_201\jre\lib\ext\jfxrt.jar;C:\Program Files\Java\jdk1.8.0_201\jre\lib\ext\localedata.jar;C:\Program Files\Java\jdk1.8.0_201\jre\lib\ext\nashorn.jar;C:\Program Files\Java\jdk1.8.0_201\jre\lib\ext\sunec.jar;C:\Program Files\Java\jdk1.8.0_201\jre\lib\ext\sunjce_provider.jar;C:\Program Files\Java\jdk1.8.0_201\jre\lib\ext\sunmscapi.jar;C:\Program Files\Java\jdk1.8.0_201\jre\lib\ext\sunpkcs11.jar;C:\Program Files\Java\jdk1.8.0_201\jre\lib\ext\zipfs.jar;C:\Program Files\Java\jdk1.8.0_201\jre\lib\javaws.jar;C:\Program Files\Java\jdk1.8.0_201\jre\lib\jce.jar;C:\Program Files\Java\jdk1.8.0_201\jre\lib\jfr.jar;C:\Program Files\Java\jdk1.8.0_201\jre\lib\jfxswt.jar;C:\Program Files\Java\jdk1.8.0_201\jre\lib\jsse.jar;C:\Program Files\Java\jdk1.8.0_201\jre\lib\management-agent.jar;C:\Program Files\Java\jdk1.8.0_201\jre\lib\plugin.jar;C:\Program Files\Java\jdk1.8.0_201\jre\lib\resources.jar;C:\Program Files\Java\jdk1.8.0_201\jre\lib\rt.jar;C:\Users\timke\Documents\Intelligent_Systems\Vehicle_Routing_COS30018\out\production\Vehicle_Routing_COS30018;C:\Users\timke\Documents\Intelligent_Systems\com.google.ortools.jar;C:\Users\timke\Documents\Intelligent_Systems\protobuf.jar;C:\Users\timke\Documents\JAVA_LIBRARIES\choco-solver-4.10.1.jar;C:\Users\timke\Documents\JAVA_LIBRARIES\mysql-connector.jar;C:\Users\timke\Documents\JADE\lib\jade.jar;C:\Program Files\JetBrains\IntelliJ IDEA Community Edition 2019.2\lib\idea_rt.jar
Launcher Type: SUN_STANDARD

Environment Variables:
PATH=C:\Program Files (x86)\Common Files\Oracle\Java\javapath;"C:\Program Files\Java\jdk-11.0.2; C:\glassfish4\jdk7; C:\glassfish4\jdk7\jre;";C:\ProgramData\Oracle\Java\javapath;C:\Program Files (x86)\Intel\iCLS Client\;C:\Program Files\Intel\iCLS Client\;C:\Windows\system32;C:\Windows;C:\Windows\System32\Wbem;C:\Windows\System32\WindowsPowerShell\v1.0\;C:\Program Files\Intel\WiFi\bin\;C:\Program Files\Common Files\Intel\WirelessCommon\;C:\Program Files (x86)\NVIDIA Corporation\PhysX\Common;C:\Program Files (x86)\Intel\Intel(R) Management Engine Components\DAL;C:\Program Files\Intel\Intel(R) Management Engine Components\DAL;C:\Program Files (x86)\Intel\Intel(R) Management Engine Components\IPT;C:\Program Files\Intel\Intel(R) Management Engine Components\IPT;C:\Program Files (x86)\Skype\Phone\;C:\WINDOWS\system32;C:\WINDOWS;C:\WINDOWS\System32\Wbem;C:\WINDOWS\System32\WindowsPowerShell\v1.0\;C:\FPC\2.6.4\bin\i386-Win32;C:\Program Files\PuTTY\;C:\Program Files (x86)\IVI Foundation\VISA\WinNT\Bin;C:\WINDOWS\System32\OpenSSH\;C:\Program Files\Microsoft VS Code\bin;C:\Program Files\dotnet\;C:\Program Files\Git\cmd;C:\Program Files\nodejs\;C:\Program Files\NVIDIA Corporation\NVIDIA NvDLISR;;C:\WINDOWS\system32;C:\WINDOWS;C:\WINDOWS\System32\Wbem;C:\WINDOWS\System32\WindowsPowerShell\v1.0\;C:\WINDOWS\System32\OpenSSH\;C:\Users\timke\AppData\Local\Microsoft\WindowsApps;C:\Users\timke\AppData\Local\atom\bin;C:\Users\timke\AppData\Local\Microsoft\WindowsApps;C:\Users\timke\AppData\Roaming\npm;C:\Program Files (x86)\Nmap;C:\Program Files\Java\jdk1.8.0_201\bin;C:\Python27;C:\Python27\Scripts;
USERNAME=timke
OS=Windows_NT
PROCESSOR_IDENTIFIER=Intel64 Family 6 Model 158 Stepping 9, GenuineIntel



---------------  S Y S T E M  ---------------

OS: Windows 10.0 , 64 bit Build 17763 (10.0.17763.475)

CPU:total 8 (initial active 8) (4 cores per cpu, 2 threads per core) family 6 model 158 stepping 9, cmov, cx8, fxsr, mmx, sse, sse2, sse3, ssse3, sse4.1, sse4.2, popcnt, avx, avx2, aes, clmul, erms, 3dnowpref, lzcnt, ht, tsc, tscinvbit, bmi1, bmi2, adx

Memory: 4k page, physical 8270668k(1041648k free), swap 24819892k(3357936k free)

vm_info: Java HotSpot(TM) 64-Bit Server VM (25.201-b09) for windows-amd64 JRE (1.8.0_201-b09), built on Dec 15 2018 18:36:39 by "java_re" with MS VC++ 10.0 (VS2010)

time: Wed Oct 30 09:58:20 2019
timezone: AUS Eastern Daylight Time
elapsed time: 29 seconds (0d 0h 0m 29s)

