#
# A fatal error has been detected by the Java Runtime Environment:
#
#  EXCEPTION_ACCESS_VIOLATION (0xc0000005) at pc=0x000000006b96f01d, pid=24768, tid=0x00000000000012dc
#
# JRE version: Java(TM) SE Runtime Environment (8.0_202-b08) (build 1.8.0_202-b08)
# Java VM: Java HotSpot(TM) 64-Bit Server VM (25.202-b08 mixed mode windows-amd64 compressed oops)
# Problematic frame:
# V  [jvm.dll+0x13f01d]
#
# Failed to write core dump. Minidumps are not enabled by default on client versions of Windows
#
# If you would like to submit a bug report, please visit:
#   http://bugreport.java.com/bugreport/crash.jsp
# The crash happened outside the Java Virtual Machine in native code.
# See problematic frame for where to report the bug.
#

---------------  T H R E A D  ---------------

Current thread (0x000000000223d000):  JavaThread "Finalizer" daemon [_thread_in_native, id=4828, stack(0x000000001cb10000,0x000000001cc10000)]

siginfo: ExceptionCode=0xc0000005, writing address 0x0000000000000270

Registers:
RAX=0x000000000000dead, RBX=0x0000000000000000, RCX=0x000000001dbc8000, RDX=0x000000001d2bd640
RSP=0x000000001cc0ede0, RBP=0x0000000000000000, RSI=0x0000000027962950, RDI=0x000000001d2bd640
R8 =0x0000000000401200, R9 =0x0000000000008000, R10=0x00000000ffffffff, R11=0x000000001cc0edb0
R12=0x0000000000000000, R13=0x0000000000000000, R14=0x0000000000000000, R15=0x00000000279b8a98
RIP=0x000000006b96f01d, EFLAGS=0x0000000000010246

Top of Stack: (sp=0x000000001cc0ede0)
0x000000001cc0ede0:   0000000000440000 0000000027c57990
0x000000001cc0edf0:   0000000000000000 0000000000000000
0x000000001cc0ee00:   00000000ffffffff 00007ff9d53187ce
0x000000001cc0ee10:   0000000027c57410 0000000027962950
0x000000001cc0ee20:   0000000000000000 0000000000000000
0x000000001cc0ee30:   fffffffffffffffe 00000000279b8990
0x000000001cc0ee40:   0000000000000000 00007ff9d5316bed
0x000000001cc0ee50:   0000000000000000 00007ff9d60934b0
0x000000001cc0ee60:   00000000279b8a98 00000000279b8990
0x000000001cc0ee70:   00000000279629d0 00007ff9d55fc6d5
0x000000001cc0ee80:   0000000027962950 0000000000000000
0x000000001cc0ee90:   00000000279b9160 000000000223d9a0
0x000000001cc0eea0:   00007ff9d60934b0 00007ff9d56004b8
0x000000001cc0eeb0:   000000001cc0ef39 00000000279b8990
0x000000001cc0eec0:   00000000279b91b0 000000001cc0ef39
0x000000001cc0eed0:   00007ff9d60934b0 0000000000000000 

Instructions: (pc=0x000000006b96f01d)
0x000000006b96effd:   8b fa 3d ab de 00 00 74 17 8b 83 88 02 00 00 3d
0x000000006b96f00d:   ac de 00 00 74 0a 48 8b cb e8 65 03 10 00 33 db
0x000000006b96f01d:   c7 83 70 02 00 00 05 00 00 00 83 3d 9a 86 6d 00
0x000000006b96f02d:   01 75 09 80 3d 0c 79 6d 00 00 74 18 80 3d 04 79 


Register to memory mapping:

RAX=0x000000000000dead is an unknown value
RBX=0x0000000000000000 is an unknown value
RCX=0x000000001dbc8000 is an unknown value
RDX=0x000000001d2bd640 is a global jni handle
RSP=0x000000001cc0ede0 is pointing into the stack for thread: 0x000000000223d000
RBP=0x0000000000000000 is an unknown value
RSI=0x0000000027962950 is an unknown value
RDI=0x000000001d2bd640 is a global jni handle
R8 =0x0000000000401200 is an unknown value
R9 =0x0000000000008000 is an unknown value
R10=0x00000000ffffffff is an unknown value
R11=0x000000001cc0edb0 is pointing into the stack for thread: 0x000000000223d000
R12=0x0000000000000000 is an unknown value
R13=0x0000000000000000 is an unknown value
R14=0x0000000000000000 is an unknown value
R15=0x00000000279b8a98 is an unknown value


Stack: [0x000000001cb10000,0x000000001cc10000],  sp=0x000000001cc0ede0,  free space=1019k
Native frames: (J=compiled Java code, j=interpreted, Vv=VM code, C=native code)

Java frames: (J=compiled Java code, j=interpreted, Vv=VM code)
j  com.google.ortools.constraintsolver.mainJNI.delete_RoutingModel(J)V+0
j  com.google.ortools.constraintsolver.RoutingModel.delete()V+25
j  com.google.ortools.constraintsolver.RoutingModel.finalize()V+1
J 1183 C1 java.lang.ref.Finalizer.runFinalizer(Lsun/misc/JavaLangAccess;)V (62 bytes) @ 0x0000000002682754 [0x00000000026821c0+0x594]
J 1182 C1 java.lang.ref.Finalizer.access$100(Ljava/lang/ref/Finalizer;Lsun/misc/JavaLangAccess;)V (6 bytes) @ 0x0000000002681e5c [0x0000000002681e00+0x5c]
j  java.lang.ref.Finalizer$FinalizerThread.run()V+45
v  ~StubRoutines::call_stub

---------------  P R O C E S S  ---------------

Java Threads: ( => current thread )
  0x000000001dbc7000 JavaThread "Image Fetcher 2" daemon [_thread_blocked, id=15216, stack(0x000000002c880000,0x000000002c980000)]
  0x000000001dbc6800 JavaThread "Image Fetcher 3" daemon [_thread_blocked, id=9540, stack(0x000000002c780000,0x000000002c880000)]
  0x000000001dbc4000 JavaThread "MasterRouteAgent" [_thread_blocked, id=14836, stack(0x000000002c580000,0x000000002c680000)]
  0x000000001dbbc800 JavaThread "Delivery_Agent9" [_thread_in_vm, id=17576, stack(0x000000002c480000,0x000000002c580000)]
  0x000000001dbbf000 JavaThread "Delivery_Agent8" [_thread_in_vm, id=21812, stack(0x000000002c380000,0x000000002c480000)]
  0x000000001dbc2800 JavaThread "Delivery_Agent7" [_thread_in_vm, id=24088, stack(0x000000002c280000,0x000000002c380000)]
  0x000000001dbc1000 JavaThread "Delivery_Agent6" [_thread_in_vm, id=17464, stack(0x000000002c180000,0x000000002c280000)]
  0x000000001dbc2000 JavaThread "Delivery_Agent5" [_thread_in_vm, id=24924, stack(0x000000002c080000,0x000000002c180000)]
  0x000000001dbbf800 JavaThread "Delivery_Agent4" [_thread_in_Java, id=8812, stack(0x000000002bf80000,0x000000002c080000)]
  0x000000001dbc3800 JavaThread "Delivery_Agent3" [_thread_in_vm, id=20912, stack(0x000000002be80000,0x000000002bf80000)]
  0x000000001dbb9800 JavaThread "Delivery_Agent2" [_thread_in_vm, id=20740, stack(0x000000002bd80000,0x000000002be80000)]
  0x000000001dbbe000 JavaThread "Delivery_Agent1" [_thread_in_vm, id=21316, stack(0x000000002bc80000,0x000000002bd80000)]
  0x000000001dbbb000 JavaThread "Delivery_Agent0" [_thread_in_vm, id=21780, stack(0x000000002bb80000,0x000000002bc80000)]
  0x000000001dbbc000 JavaThread "DBAgent" [_thread_blocked, id=18652, stack(0x000000002ba80000,0x000000002bb80000)]
  0x000000001dbc0800 JavaThread "rma" [_thread_blocked, id=16120, stack(0x000000002b980000,0x000000002ba80000)]
  0x000000001dbbd800 JavaThread "df" [_thread_blocked, id=24500, stack(0x000000002b880000,0x000000002b980000)]
  0x000000001dbba800 JavaThread "ams" [_thread_blocked, id=18780, stack(0x000000002b780000,0x000000002b880000)]
  0x000000001d16e800 JavaThread "Thread-13" [_thread_in_native, id=11196, stack(0x000000002b680000,0x000000002b780000)]
  0x000000001d174000 JavaThread "Deliverer-04" [_thread_blocked, id=6368, stack(0x000000002b580000,0x000000002b680000)]
  0x000000001d171000 JavaThread "Deliverer-03" [_thread_blocked, id=25552, stack(0x000000002b480000,0x000000002b580000)]
  0x000000001d174800 JavaThread "Deliverer-02" [_thread_blocked, id=612, stack(0x000000002b380000,0x000000002b480000)]
  0x000000001d170000 JavaThread "Deliverer-01" [_thread_blocked, id=23296, stack(0x000000002b280000,0x000000002b380000)]
  0x000000001d16f800 JavaThread "Deliverer-00" [_thread_blocked, id=24076, stack(0x000000002b180000,0x000000002b280000)]
  0x000000001d173000 JavaThread "Thread-7" [_thread_in_native, id=15044, stack(0x000000002b080000,0x000000002b180000)]
  0x000000001d175800 JavaThread "Thread-6" [_thread_blocked, id=11260, stack(0x000000002af80000,0x000000002b080000)]
  0x000000001d172800 JavaThread "JICPServer-8888" daemon [_thread_in_native, id=15620, stack(0x000000002ae80000,0x000000002af80000)]
  0x000000001d171800 JavaThread "JADE Timer dispatcher" [_thread_blocked, id=8656, stack(0x000000002ad80000,0x000000002ae80000)]
  0x000000001dbef800 JavaThread "D3D Screen Updater" daemon [_thread_blocked, id=11604, stack(0x0000000029e20000,0x0000000029f20000)]
  0x000000001db37800 JavaThread "Thread-1" [_thread_blocked, id=14920, stack(0x0000000029700000,0x0000000029800000)]
  0x0000000002143800 JavaThread "DestroyJavaVM" [_thread_blocked, id=18928, stack(0x0000000001ec0000,0x0000000001fc0000)]
  0x000000001d2da000 JavaThread "AWT-EventQueue-0" [_thread_blocked, id=8088, stack(0x000000001e6b0000,0x000000001e7b0000)]
  0x000000001d2d9000 JavaThread "AWT-Windows" daemon [_thread_in_native, id=20372, stack(0x000000001e450000,0x000000001e550000)]
  0x000000001d2d6000 JavaThread "AWT-Shutdown" [_thread_blocked, id=17588, stack(0x000000001e350000,0x000000001e450000)]
  0x000000001d2c0000 JavaThread "Java2D Disposer" daemon [_thread_blocked, id=12864, stack(0x000000001e250000,0x000000001e350000)]
  0x000000001d023800 JavaThread "Service Thread" daemon [_thread_blocked, id=428, stack(0x000000001d710000,0x000000001d810000)]
  0x000000001d020000 JavaThread "C1 CompilerThread2" daemon [_thread_blocked, id=14872, stack(0x000000001d610000,0x000000001d710000)]
  0x000000001cf74000 JavaThread "C2 CompilerThread1" daemon [_thread_blocked, id=8376, stack(0x000000001d510000,0x000000001d610000)]
  0x000000001cf71000 JavaThread "C2 CompilerThread0" daemon [_thread_blocked, id=3912, stack(0x000000001d410000,0x000000001d510000)]
  0x000000001cf53800 JavaThread "Monitor Ctrl-Break" daemon [_thread_in_native, id=7268, stack(0x000000001d310000,0x000000001d410000)]
  0x000000001b8b8800 JavaThread "Attach Listener" daemon [_thread_blocked, id=10064, stack(0x000000001ce10000,0x000000001cf10000)]
  0x000000001b8b7800 JavaThread "Signal Dispatcher" daemon [_thread_blocked, id=536, stack(0x000000001cd10000,0x000000001ce10000)]
=>0x000000000223d000 JavaThread "Finalizer" daemon [_thread_in_native, id=4828, stack(0x000000001cb10000,0x000000001cc10000)]
  0x000000001b89a000 JavaThread "Reference Handler" daemon [_thread_blocked, id=25124, stack(0x000000001ca10000,0x000000001cb10000)]

Other Threads:
  0x000000001b877000 VMThread [stack: 0x000000001c910000,0x000000001ca10000] [id=11448]
  0x000000001d045800 WatcherThread [stack: 0x000000001d810000,0x000000001d910000] [id=17444]

VM state:not at safepoint (normal execution)

VM Mutex/Monitor currently owned by a thread: None

heap address: 0x00000006c0a00000, size: 4086 MB, Compressed Oops mode: Zero based, Oop shift amount: 3
Narrow klass base: 0x0000000000000000, Narrow klass shift: 3
Compressed class space size: 1073741824 Address: 0x00000007c0000000

Heap:
 PSYoungGen      total 68096K, used 2981K [0x000000076ae00000, 0x000000076fa00000, 0x00000007c0000000)
  eden space 62464K, 2% used [0x000000076ae00000,0x000000076afb0380,0x000000076eb00000)
  from space 5632K, 22% used [0x000000076f480000,0x000000076f5b9408,0x000000076fa00000)
  to   space 7680K, 0% used [0x000000076eb00000,0x000000076eb00000,0x000000076f280000)
 ParOldGen       total 71168K, used 5635K [0x00000006c0a00000, 0x00000006c4f80000, 0x000000076ae00000)
  object space 71168K, 7% used [0x00000006c0a00000,0x00000006c0f80eb8,0x00000006c4f80000)
 Metaspace       used 23019K, capacity 23450K, committed 23552K, reserved 1069056K
  class space    used 2871K, capacity 3008K, committed 3072K, reserved 1048576K

Card table byte_map: [0x0000000011600000,0x0000000011e00000] byte_map_base: 0x000000000dffb000

Marking Bits: (ParMarkBitMap*) 0x000000006c055ce0
 Begin Bits: [0x0000000012760000, 0x0000000016738000)
 End Bits:   [0x0000000016738000, 0x000000001a710000)

Polling page: 0x0000000000680000

CodeCache: size=245760Kb used=6779Kb max_used=6779Kb free=238980Kb
 bounds [0x0000000002240000, 0x00000000028f0000, 0x0000000011240000]
 total_blobs=2753 nmethods=2058 adapters=606
 compilation: enabled

Compilation events (10 events):
Event: 15.291 Thread 0x000000001d020000 2213       3       java.util.AbstractMap::isEmpty (13 bytes)
Event: 15.291 Thread 0x000000001d020000 nmethod 2213 0x00000000028e2710 code [0x00000000028e2880, 0x00000000028e2ae8]
Event: 15.291 Thread 0x000000001d020000 2214       3       jade.core.behaviours.Behaviour::block (5 bytes)
Event: 15.291 Thread 0x000000001d020000 nmethod 2214 0x00000000028e2b90 code [0x00000000028e2d00, 0x00000000028e2f08]
Event: 15.291 Thread 0x000000001d020000 2215       3       jade.core.behaviours.Behaviour::handleBlockEvent (18 bytes)
Event: 15.291 Thread 0x000000001d020000 nmethod 2215 0x00000000028e2f90 code [0x00000000028e3100, 0x00000000028e33a8]
Event: 15.399 Thread 0x000000001d020000 2216       3       jade.core.Scheduler::removeFromBlocked (11 bytes)
Event: 15.399 Thread 0x000000001d020000 nmethod 2216 0x00000000028e3490 code [0x00000000028e3600, 0x00000000028e3828]
Event: 15.416 Thread 0x000000001d020000 2217       3       jade.core.Timer::equals (23 bytes)
Event: 15.416 Thread 0x000000001d020000 nmethod 2217 0x00000000028e3910 code [0x00000000028e3a80, 0x00000000028e3d30]

GC Heap History (10 events):
Event: 13.359 GC heap before
{Heap before GC invocations=3 (full 1):
 PSYoungGen      total 76288K, used 5772K [0x000000076ae00000, 0x0000000770300000, 0x00000007c0000000)
  eden space 65536K, 0% used [0x000000076ae00000,0x000000076ae00000,0x000000076ee00000)
  from space 10752K, 53% used [0x000000076f880000,0x000000076fe23120,0x0000000770300000)
  to   space 10752K, 0% used [0x000000076ee00000,0x000000076ee00000,0x000000076f880000)
 ParOldGen       total 175104K, used 24K [0x00000006c0a00000, 0x00000006cb500000, 0x000000076ae00000)
  object space 175104K, 0% used [0x00000006c0a00000,0x00000006c0a06000,0x00000006cb500000)
 Metaspace       used 20823K, capacity 21134K, committed 21248K, reserved 1067008K
  class space    used 2627K, capacity 2722K, committed 2816K, reserved 1048576K
Event: 13.379 GC heap after
Heap after GC invocations=3 (full 1):
 PSYoungGen      total 76288K, used 0K [0x000000076ae00000, 0x0000000770300000, 0x00000007c0000000)
  eden space 65536K, 0% used [0x000000076ae00000,0x000000076ae00000,0x000000076ee00000)
  from space 10752K, 0% used [0x000000076f880000,0x000000076f880000,0x0000000770300000)
  to   space 10752K, 0% used [0x000000076ee00000,0x000000076ee00000,0x000000076f880000)
 ParOldGen       total 71168K, used 5603K [0x00000006c0a00000, 0x00000006c4f80000, 0x000000076ae00000)
  object space 71168K, 7% used [0x00000006c0a00000,0x00000006c0f78eb8,0x00000006c4f80000)
 Metaspace       used 20816K, capacity 21122K, committed 21248K, reserved 1067008K
  class space    used 2626K, capacity 2720K, committed 2816K, reserved 1048576K
}
Event: 13.940 GC heap before
{Heap before GC invocations=4 (full 1):
 PSYoungGen      total 76288K, used 65536K [0x000000076ae00000, 0x0000000770300000, 0x00000007c0000000)
  eden space 65536K, 100% used [0x000000076ae00000,0x000000076ee00000,0x000000076ee00000)
  from space 10752K, 0% used [0x000000076f880000,0x000000076f880000,0x0000000770300000)
  to   space 10752K, 0% used [0x000000076ee00000,0x000000076ee00000,0x000000076f880000)
 ParOldGen       total 71168K, used 5603K [0x00000006c0a00000, 0x00000006c4f80000, 0x000000076ae00000)
  object space 71168K, 7% used [0x00000006c0a00000,0x00000006c0f78eb8,0x00000006c4f80000)
 Metaspace       used 21237K, capacity 21616K, committed 21888K, reserved 1069056K
  class space    used 2718K, capacity 2817K, committed 2944K, reserved 1048576K
Event: 13.941 GC heap after
Heap after GC invocations=4 (full 1):
 PSYoungGen      total 76288K, used 592K [0x000000076ae00000, 0x0000000770300000, 0x00000007c0000000)
  eden space 65536K, 0% used [0x000000076ae00000,0x000000076ae00000,0x000000076ee00000)
  from space 10752K, 5% used [0x000000076ee00000,0x000000076ee94010,0x000000076f880000)
  to   space 10752K, 0% used [0x000000076f880000,0x000000076f880000,0x0000000770300000)
 ParOldGen       total 71168K, used 5611K [0x00000006c0a00000, 0x00000006c4f80000, 0x000000076ae00000)
  object space 71168K, 7% used [0x00000006c0a00000,0x00000006c0f7aeb8,0x00000006c4f80000)
 Metaspace       used 21237K, capacity 21616K, committed 21888K, reserved 1069056K
  class space    used 2718K, capacity 2817K, committed 2944K, reserved 1048576K
}
Event: 14.471 GC heap before
{Heap before GC invocations=5 (full 1):
 PSYoungGen      total 76288K, used 66128K [0x000000076ae00000, 0x0000000770300000, 0x00000007c0000000)
  eden space 65536K, 100% used [0x000000076ae00000,0x000000076ee00000,0x000000076ee00000)
  from space 10752K, 5% used [0x000000076ee00000,0x000000076ee94010,0x000000076f880000)
  to   space 10752K, 0% used [0x000000076f880000,0x000000076f880000,0x0000000770300000)
 ParOldGen       total 71168K, used 5611K [0x00000006c0a00000, 0x00000006c4f80000, 0x000000076ae00000)
  object space 71168K, 7% used [0x00000006c0a00000,0x00000006c0f7aeb8,0x00000006c4f80000)
 Metaspace       used 21347K, capacity 21718K, committed 21888K, reserved 1069056K
  class space    used 2731K, capacity 2834K, committed 2944K, reserved 1048576K
Event: 14.472 GC heap after
Heap after GC invocations=5 (full 1):
 PSYoungGen      total 76288K, used 480K [0x000000076ae00000, 0x0000000770300000, 0x00000007c0000000)
  eden space 65536K, 0% used [0x000000076ae00000,0x000000076ae00000,0x000000076ee00000)
  from space 10752K, 4% used [0x000000076f880000,0x000000076f8f8000,0x0000000770300000)
  to   space 10752K, 0% used [0x000000076ee00000,0x000000076ee00000,0x000000076f880000)
 ParOldGen       total 71168K, used 5619K [0x00000006c0a00000, 0x00000006c4f80000, 0x000000076ae00000)
  object space 71168K, 7% used [0x00000006c0a00000,0x00000006c0f7ceb8,0x00000006c4f80000)
 Metaspace       used 21347K, capacity 21718K, committed 21888K, reserved 1069056K
  class space    used 2731K, capacity 2834K, committed 2944K, reserved 1048576K
}
Event: 14.993 GC heap before
{Heap before GC invocations=6 (full 1):
 PSYoungGen      total 76288K, used 66016K [0x000000076ae00000, 0x0000000770300000, 0x00000007c0000000)
  eden space 65536K, 100% used [0x000000076ae00000,0x000000076ee00000,0x000000076ee00000)
  from space 10752K, 4% used [0x000000076f880000,0x000000076f8f8000,0x0000000770300000)
  to   space 10752K, 0% used [0x000000076ee00000,0x000000076ee00000,0x000000076f880000)
 ParOldGen       total 71168K, used 5619K [0x00000006c0a00000, 0x00000006c4f80000, 0x000000076ae00000)
  object space 71168K, 7% used [0x00000006c0a00000,0x00000006c0f7ceb8,0x00000006c4f80000)
 Metaspace       used 21355K, capacity 21718K, committed 21888K, reserved 1069056K
  class space    used 2731K, capacity 2834K, committed 2944K, reserved 1048576K
Event: 14.994 GC heap after
Heap after GC invocations=6 (full 1):
 PSYoungGen      total 64512K, used 448K [0x000000076ae00000, 0x000000076fc80000, 0x00000007c0000000)
  eden space 64000K, 0% used [0x000000076ae00000,0x000000076ae00000,0x000000076ec80000)
  from space 512K, 87% used [0x000000076ee00000,0x000000076ee70000,0x000000076ee80000)
  to   space 8192K, 0% used [0x000000076f480000,0x000000076f480000,0x000000076fc80000)
 ParOldGen       total 71168K, used 5627K [0x00000006c0a00000, 0x00000006c4f80000, 0x000000076ae00000)
  object space 71168K, 7% used [0x00000006c0a00000,0x00000006c0f7eeb8,0x00000006c4f80000)
 Metaspace       used 21355K, capacity 21718K, committed 21888K, reserved 1069056K
  class space    used 2731K, capacity 2834K, committed 2944K, reserved 1048576K
}
Event: 15.535 GC heap before
{Heap before GC invocations=7 (full 1):
 PSYoungGen      total 64512K, used 64448K [0x000000076ae00000, 0x000000076fc80000, 0x00000007c0000000)
  eden space 64000K, 100% used [0x000000076ae00000,0x000000076ec80000,0x000000076ec80000)
  from space 512K, 87% used [0x000000076ee00000,0x000000076ee70000,0x000000076ee80000)
  to   space 8192K, 0% used [0x000000076f480000,0x000000076f480000,0x000000076fc80000)
 ParOldGen       total 71168K, used 5627K [0x00000006c0a00000, 0x00000006c4f80000, 0x000000076ae00000)
  object space 71168K, 7% used [0x00000006c0a00000,0x00000006c0f7eeb8,0x00000006c4f80000)
 Metaspace       used 23018K, capacity 23450K, committed 23552K, reserved 1069056K
  class space    used 2871K, capacity 3008K, committed 3072K, reserved 1048576K
Event: 15.536 GC heap after
Heap after GC invocations=7 (full 1):
 PSYoungGen      total 68096K, used 1253K [0x000000076ae00000, 0x000000076fa00000, 0x00000007c0000000)
  eden space 62464K, 0% used [0x000000076ae00000,0x000000076ae00000,0x000000076eb00000)
  from space 5632K, 22% used [0x000000076f480000,0x000000076f5b9408,0x000000076fa00000)
  to   space 7680K, 0% used [0x000000076eb00000,0x000000076eb00000,0x000000076f280000)
 ParOldGen       total 71168K, used 5635K [0x00000006c0a00000, 0x00000006c4f80000, 0x000000076ae00000)
  object space 71168K, 7% used [0x00000006c0a00000,0x00000006c0f80eb8,0x00000006c4f80000)
 Metaspace       used 23018K, capacity 23450K, committed 23552K, reserved 1069056K
  class space    used 2871K, capacity 3008K, committed 3072K, reserved 1048576K
}

Deoptimization events (10 events):
Event: 13.318 Thread 0x000000001dbc0800 Uncommon trap: reason=unstable_if action=reinterpret pc=0x00000000026c73f8 method=java.lang.CharacterData.of(I)Ljava/lang/CharacterData; @ 4
Event: 13.338 Thread 0x000000001dbc0800 Uncommon trap: reason=unstable_if action=reinterpret pc=0x00000000027c853c method=java.lang.Character.isSurrogate(C)Z @ 3
Event: 14.104 Thread 0x000000001dbc0800 Uncommon trap: reason=class_check action=maybe_recompile pc=0x0000000002735be8 method=jade.core.Agent$ActiveLifeCycle.execute()V @ 69
Event: 14.111 Thread 0x000000001dbc0800 Uncommon trap: reason=class_check action=maybe_recompile pc=0x0000000002735be8 method=jade.core.Agent$ActiveLifeCycle.execute()V @ 69
Event: 14.126 Thread 0x000000001dbc0800 Uncommon trap: reason=class_check action=maybe_recompile pc=0x0000000002735be8 method=jade.core.Agent$ActiveLifeCycle.execute()V @ 69
Event: 14.127 Thread 0x000000001dbc0800 Uncommon trap: reason=class_check action=maybe_recompile pc=0x0000000002735be8 method=jade.core.Agent$ActiveLifeCycle.execute()V @ 69
Event: 14.127 Thread 0x000000001dbba800 Uncommon trap: reason=unstable_if action=reinterpret pc=0x0000000002361858 method=jade.content.lang.sl.SimpleSLTokenizer.isAWord(Ljava/lang/String;)Z @ 47
Event: 15.085 Thread 0x000000001dbc8000 Uncommon trap: reason=unstable_if action=reinterpret pc=0x000000000250f584 method=java.util.HashMap.getNode(ILjava/lang/Object;)Ljava/util/HashMap$Node; @ 62
Event: 15.086 Thread 0x000000001dbc8000 Uncommon trap: reason=unstable_if action=reinterpret pc=0x00000000024d2ef8 method=java.util.HashMap.getNode(ILjava/lang/Object;)Ljava/util/HashMap$Node; @ 62
Event: 15.133 Thread 0x000000001dbbc800 Uncommon trap: reason=unstable_if action=reinterpret pc=0x000000000272fd90 method=agents.DriverAgent$1.action()V @ 9

Classes redefined (0 events):
No events

Internal exceptions (10 events):
Event: 15.089 Thread 0x000000001dbc8000 Exception <a 'java/lang/ArrayIndexOutOfBoundsException': 0> (0x000000076b89ffc0) thrown at [C:\re\workspace\8-2-build-windows-amd64-cygwin\jdk8u202\12323\hotspot\src\share\vm\interpreter\interpreterRuntime.cpp, line 368]
Event: 15.089 Thread 0x000000001dbc8000 Exception <a 'java/lang/ArrayIndexOutOfBoundsException': 7> (0x000000076b8a0730) thrown at [C:\re\workspace\8-2-build-windows-amd64-cygwin\jdk8u202\12323\hotspot\src\share\vm\interpreter\interpreterRuntime.cpp, line 368]
Event: 15.089 Thread 0x000000001dbc8000 Exception <a 'java/lang/ArrayIndexOutOfBoundsException': 0> (0x000000076b8a12a8) thrown at [C:\re\workspace\8-2-build-windows-amd64-cygwin\jdk8u202\12323\hotspot\src\share\vm\interpreter\interpreterRuntime.cpp, line 368]
Event: 15.089 Thread 0x000000001dbc8000 Exception <a 'java/lang/ArrayIndexOutOfBoundsException': 8> (0x000000076b8a1a18) thrown at [C:\re\workspace\8-2-build-windows-amd64-cygwin\jdk8u202\12323\hotspot\src\share\vm\interpreter\interpreterRuntime.cpp, line 368]
Event: 15.089 Thread 0x000000001dbc8000 Exception <a 'java/lang/ArrayIndexOutOfBoundsException': 9> (0x000000076b8a2638) thrown at [C:\re\workspace\8-2-build-windows-amd64-cygwin\jdk8u202\12323\hotspot\src\share\vm\interpreter\interpreterRuntime.cpp, line 368]
Event: 15.089 Thread 0x000000001dbc8000 Exception <a 'java/lang/ArrayIndexOutOfBoundsException': 10> (0x000000076b8a3258) thrown at [C:\re\workspace\8-2-build-windows-amd64-cygwin\jdk8u202\12323\hotspot\src\share\vm\interpreter\interpreterRuntime.cpp, line 368]
Event: 15.089 Thread 0x000000001dbc8000 Exception <a 'java/lang/ArrayIndexOutOfBoundsException': 11> (0x000000076b8a3ec8) thrown at [C:\re\workspace\8-2-build-windows-amd64-cygwin\jdk8u202\12323\hotspot\src\share\vm\interpreter\interpreterRuntime.cpp, line 368]
Event: 15.089 Thread 0x000000001dbc8000 Exception <a 'java/lang/ArrayIndexOutOfBoundsException': 12> (0x000000076b8a4ae8) thrown at [C:\re\workspace\8-2-build-windows-amd64-cygwin\jdk8u202\12323\hotspot\src\share\vm\interpreter\interpreterRuntime.cpp, line 368]
Event: 15.089 Thread 0x000000001dbc8000 Exception <a 'java/lang/ArrayIndexOutOfBoundsException': 13> (0x000000076b8a56f0) thrown at [C:\re\workspace\8-2-build-windows-amd64-cygwin\jdk8u202\12323\hotspot\src\share\vm\interpreter\interpreterRuntime.cpp, line 368]
Event: 15.089 Thread 0x000000001dbc8000 Exception <a 'java/lang/ArrayIndexOutOfBoundsException': 14> (0x000000076b8a6310) thrown at [C:\re\workspace\8-2-build-windows-amd64-cygwin\jdk8u202\12323\hotspot\src\share\vm\interpreter\interpreterRuntime.cpp, line 368]

Events (10 events):
Event: 15.137 loading class java/util/stream/Node$Builder$OfInt done
Event: 15.137 loading class java/util/stream/Nodes$IntArrayNode
Event: 15.137 loading class java/util/stream/Nodes$IntArrayNode done
Event: 15.137 loading class java/util/stream/Nodes$IntFixedNodeBuilder done
Event: 15.137 loading class java/util/stream/ReferencePipeline$4$1
Event: 15.137 loading class java/util/stream/Sink$ChainedReference
Event: 15.137 loading class java/util/stream/Sink$ChainedReference done
Event: 15.137 loading class java/util/stream/ReferencePipeline$4$1 done
Event: 15.535 Executing VM operation: ParallelGCFailedAllocation
Event: 15.536 Executing VM operation: ParallelGCFailedAllocation done


Dynamic libraries:
0x00007ff7d3a90000 - 0x00007ff7d3ac7000 	C:\Program Files\Java\jdk1.8.0_202\bin\java.exe
0x00007ffa4f7e0000 - 0x00007ffa4f9cd000 	C:\WINDOWS\SYSTEM32\ntdll.dll
0x00007ffa2dad0000 - 0x00007ffa2dae4000 	C:\Program Files (x86)\AVG\Antivirus\aswhook.dll
0x00007ffa4cfc0000 - 0x00007ffa4d073000 	C:\WINDOWS\System32\KERNEL32.DLL
0x00007ffa4c760000 - 0x00007ffa4c9f3000 	C:\WINDOWS\System32\KERNELBASE.dll
0x00007ffa4eda0000 - 0x00007ffa4ee43000 	C:\WINDOWS\System32\ADVAPI32.dll
0x00007ffa4eb50000 - 0x00007ffa4ebee000 	C:\WINDOWS\System32\msvcrt.dll
0x00007ffa4f4f0000 - 0x00007ffa4f58e000 	C:\WINDOWS\System32\sechost.dll
0x00007ffa4d080000 - 0x00007ffa4d1a2000 	C:\WINDOWS\System32\RPCRT4.dll
0x00007ffa4f350000 - 0x00007ffa4f4e7000 	C:\WINDOWS\System32\USER32.dll
0x00007ffa4bdd0000 - 0x00007ffa4bdf0000 	C:\WINDOWS\System32\win32u.dll
0x00007ffa4d560000 - 0x00007ffa4d589000 	C:\WINDOWS\System32\GDI32.dll
0x00007ffa4b920000 - 0x00007ffa4bab9000 	C:\WINDOWS\System32\gdi32full.dll
0x00007ffa4bd30000 - 0x00007ffa4bdd0000 	C:\WINDOWS\System32\msvcp_win.dll
0x00007ffa4c610000 - 0x00007ffa4c70a000 	C:\WINDOWS\System32\ucrtbase.dll
0x00007ffa40cb0000 - 0x00007ffa40f29000 	C:\WINDOWS\WinSxS\amd64_microsoft.windows.common-controls_6595b64144ccf1df_6.0.17763.802_none_05b1445c0722d2cc\COMCTL32.dll
0x00007ffa4f020000 - 0x00007ffa4f34c000 	C:\WINDOWS\System32\combase.dll
0x00007ffa4b8a0000 - 0x00007ffa4b91e000 	C:\WINDOWS\System32\bcryptPrimitives.dll
0x00007ffa4d1b0000 - 0x00007ffa4d1de000 	C:\WINDOWS\System32\IMM32.DLL
0x000000006c0e0000 - 0x000000006c1b2000 	C:\Program Files\Java\jdk1.8.0_202\jre\bin\msvcr100.dll
0x000000006b830000 - 0x000000006c0d5000 	C:\Program Files\Java\jdk1.8.0_202\jre\bin\server\jvm.dll
0x00007ffa4f7a0000 - 0x00007ffa4f7a8000 	C:\WINDOWS\System32\PSAPI.DLL
0x00007ffa3ec00000 - 0x00007ffa3ec09000 	C:\WINDOWS\SYSTEM32\WSOCK32.dll
0x00007ffa4d1e0000 - 0x00007ffa4d24d000 	C:\WINDOWS\System32\WS2_32.dll
0x00007ffa49950000 - 0x00007ffa49974000 	C:\WINDOWS\SYSTEM32\WINMM.dll
0x00007ffa47630000 - 0x00007ffa4763a000 	C:\WINDOWS\SYSTEM32\VERSION.dll
0x00007ffa49800000 - 0x00007ffa4982d000 	C:\WINDOWS\SYSTEM32\WINMMBASE.dll
0x00007ffa4c710000 - 0x00007ffa4c75a000 	C:\WINDOWS\System32\cfgmgr32.dll
0x00007ffa05e80000 - 0x00007ffa05e8f000 	C:\Program Files\Java\jdk1.8.0_202\jre\bin\verify.dll
0x00007ff9cea40000 - 0x00007ff9cea69000 	C:\Program Files\Java\jdk1.8.0_202\jre\bin\java.dll
0x00007ffa452c0000 - 0x00007ffa452e3000 	C:\Program Files\Java\jdk1.8.0_202\jre\bin\instrument.dll
0x00007ff9cea20000 - 0x00007ff9cea36000 	C:\Program Files\Java\jdk1.8.0_202\jre\bin\zip.dll
0x00007ffa4d590000 - 0x00007ffa4ea84000 	C:\WINDOWS\System32\SHELL32.dll
0x00007ffa4ca10000 - 0x00007ffa4cab8000 	C:\WINDOWS\System32\shcore.dll
0x00007ffa4bec0000 - 0x00007ffa4c60d000 	C:\WINDOWS\System32\windows.storage.dll
0x00007ffa4b7d0000 - 0x00007ffa4b7f4000 	C:\WINDOWS\System32\profapi.dll
0x00007ffa4b820000 - 0x00007ffa4b87d000 	C:\WINDOWS\System32\powrprof.dll
0x00007ffa4f610000 - 0x00007ffa4f662000 	C:\WINDOWS\System32\shlwapi.dll
0x00007ffa4b800000 - 0x00007ffa4b811000 	C:\WINDOWS\System32\kernel.appcore.dll
0x00007ffa4bdf0000 - 0x00007ffa4be07000 	C:\WINDOWS\System32\cryptsp.dll
0x00007ffa45140000 - 0x00007ffa4515a000 	C:\Program Files\JetBrains\IntelliJ IDEA Community Edition 2019.2\bin\breakgen64.dll
0x00007ff9cea00000 - 0x00007ff9cea1a000 	C:\Program Files\Java\jdk1.8.0_202\jre\bin\net.dll
0x00007ffa3ff70000 - 0x00007ffa40147000 	C:\WINDOWS\SYSTEM32\urlmon.dll
0x00007ffa3fcc0000 - 0x00007ffa3ff68000 	C:\WINDOWS\SYSTEM32\iertutil.dll
0x00007ffa4b210000 - 0x00007ffa4b21c000 	C:\WINDOWS\SYSTEM32\CRYPTBASE.DLL
0x00007ffa4b040000 - 0x00007ffa4b0a7000 	C:\WINDOWS\system32\mswsock.dll
0x00007ffa03cd0000 - 0x00007ffa03e69000 	C:\Program Files\Java\jdk1.8.0_202\jre\bin\awt.dll
0x00007ffa4f670000 - 0x00007ffa4f734000 	C:\WINDOWS\System32\OLEAUT32.dll
0x00007ffa49a80000 - 0x00007ffa49b0c000 	C:\WINDOWS\SYSTEM32\apphelp.dll
0x00007ffa49da0000 - 0x00007ffa49e3c000 	C:\WINDOWS\system32\uxtheme.dll
0x00007ffa4eeb0000 - 0x00007ffa4f01b000 	C:\WINDOWS\System32\MSCTF.dll
0x00007ffa49e70000 - 0x00007ffa49e9e000 	C:\WINDOWS\system32\dwmapi.dll
0x00007ffa4bac0000 - 0x00007ffa4bc9b000 	C:\WINDOWS\System32\CRYPT32.dll
0x00007ffa4b880000 - 0x00007ffa4b892000 	C:\WINDOWS\System32\MSASN1.dll
0x00007ffa4d400000 - 0x00007ffa4d555000 	C:\WINDOWS\System32\ole32.dll
0x00007ff9d6640000 - 0x00007ff9d6767000 	C:\WINDOWS\system32\opengl32.dll
0x00007ff9d6610000 - 0x00007ff9d663c000 	C:\WINDOWS\SYSTEM32\GLU32.dll
0x00007ffa41ad0000 - 0x00007ffa41c6e000 	C:\WINDOWS\system32\d3d9.dll
0x00007ffa419e0000 - 0x00007ffa41acf000 	C:\WINDOWS\System32\DriverStore\FileRepository\nv_dispi.inf_amd64_67c16e22f0dab361\nvldumdx.dll
0x00007ffa4bca0000 - 0x00007ffa4bcf9000 	C:\WINDOWS\System32\WINTRUST.DLL
0x00007ffa4cac0000 - 0x00007ffa4cadd000 	C:\WINDOWS\System32\imagehlp.dll
0x00007ffa4abc0000 - 0x00007ffa4abf3000 	C:\WINDOWS\system32\rsaenh.dll
0x00007ffa4bd00000 - 0x00007ffa4bd26000 	C:\WINDOWS\System32\bcrypt.dll
0x00007ff9dcc80000 - 0x00007ff9de182000 	C:\WINDOWS\System32\DriverStore\FileRepository\nv_dispi.inf_amd64_67c16e22f0dab361\nvd3dumx.dll
0x00007ffa061d0000 - 0x00007ffa06491000 	C:\WINDOWS\system32\nvspcap64.dll
0x00007ffa4a930000 - 0x00007ffa4a961000 	C:\WINDOWS\SYSTEM32\ntmarta.dll
0x00007ffa4a460000 - 0x00007ffa4a482000 	C:\WINDOWS\SYSTEM32\gpapi.dll
0x00007ffa40690000 - 0x00007ffa406bf000 	C:\WINDOWS\SYSTEM32\cryptnet.dll
0x00007ffa4ada0000 - 0x00007ffa4ae66000 	C:\WINDOWS\SYSTEM32\DNSAPI.dll
0x00007ffa4ca00000 - 0x00007ffa4ca08000 	C:\WINDOWS\System32\NSI.dll
0x00007ffa4ad60000 - 0x00007ffa4ad9d000 	C:\WINDOWS\SYSTEM32\IPHLPAPI.DLL
0x00007ffa45060000 - 0x00007ffa4506a000 	C:\Windows\System32\rasadhlp.dll
0x00007ffa42060000 - 0x00007ffa420d9000 	C:\WINDOWS\System32\fwpuclnt.dll
0x00007ffa41d70000 - 0x00007ffa41db7000 	C:\Program Files\Java\jdk1.8.0_202\jre\bin\fontmanager.dll
0x00007ffa41200000 - 0x00007ffa41299000 	C:\WINDOWS\system32\RICHED20.DLL
0x00007ffa2b2e0000 - 0x00007ffa2b2f9000 	C:\WINDOWS\SYSTEM32\USP10.dll
0x00007ffa41fa0000 - 0x00007ffa41fd9000 	C:\WINDOWS\SYSTEM32\msls31.dll
0x00007ffa4eaa0000 - 0x00007ffa4eb42000 	C:\WINDOWS\System32\clbcatq.dll
0x00007ffa24350000 - 0x00007ffa243a6000 	C:\WINDOWS\system32\dataexchange.dll
0x00007ffa48990000 - 0x00007ffa48c0e000 	C:\WINDOWS\system32\d3d11.dll
0x00007ffa491d0000 - 0x00007ffa49393000 	C:\WINDOWS\system32\dcomp.dll
0x00007ffa4a4e0000 - 0x00007ffa4a5a2000 	C:\WINDOWS\system32\dxgi.dll
0x00007ffa49ea0000 - 0x00007ffa4a0ad000 	C:\WINDOWS\system32\twinapi.appcore.dll
0x00007ffa4a0b0000 - 0x00007ffa4a0d8000 	C:\WINDOWS\system32\RMCLIENT.dll
0x00007ff9ce9e0000 - 0x00007ff9ce9f2000 	C:\Program Files\Java\jdk1.8.0_202\jre\bin\nio.dll
0x00007ffa41d20000 - 0x00007ffa41d62000 	C:\Program Files\Java\jdk1.8.0_202\jre\bin\t2k.dll
0x00007ffa2b5f0000 - 0x00007ffa2b685000 	C:\WINDOWS\System32\TextInputFramework.dll
0x00007ffa472a0000 - 0x00007ffa475c2000 	C:\WINDOWS\System32\CoreUIComponents.dll
0x00007ffa49700000 - 0x00007ffa497e2000 	C:\WINDOWS\System32\CoreMessaging.dll
0x00007ffa46fd0000 - 0x00007ffa47123000 	C:\WINDOWS\SYSTEM32\wintypes.dll
0x00007ffa45b20000 - 0x00007ffa45b36000 	C:\WINDOWS\SYSTEM32\dhcpcsvc6.DLL
0x00007ffa45b00000 - 0x00007ffa45b1c000 	C:\WINDOWS\SYSTEM32\dhcpcsvc.DLL
0x00007ffa32e00000 - 0x00007ffa32e16000 	C:\WINDOWS\system32\napinsp.dll
0x00007ffa32de0000 - 0x00007ffa32dfa000 	C:\WINDOWS\system32\pnrpnsp.dll
0x00007ffa32dd0000 - 0x00007ffa32dde000 	C:\WINDOWS\System32\winrnr.dll
0x00007ffa47f20000 - 0x00007ffa47f3b000 	C:\WINDOWS\system32\NLAapi.dll
0x00007ffa32db0000 - 0x00007ffa32dc5000 	C:\WINDOWS\system32\wshbth.dll
0x00007ff9d52c0000 - 0x00007ff9d64ca000 	S:\Documents\Intelligent_Systems\jniortools.dll
0x00007ffa39810000 - 0x00007ffa398ab000 	C:\WINDOWS\SYSTEM32\MSVCP140.dll
0x00007ffa42320000 - 0x00007ffa4250d000 	C:\WINDOWS\SYSTEM32\dbghelp.dll
0x00007ffa393f0000 - 0x00007ffa39405000 	C:\WINDOWS\SYSTEM32\VCRUNTIME140.dll
0x00007ffa46e10000 - 0x00007ffa46fc8000 	C:\WINDOWS\SYSTEM32\WindowsCodecs.dll
0x00007ffa38f20000 - 0x00007ffa38f51000 	C:\Program Files\Java\jdk1.8.0_202\jre\bin\jpeg.dll

VM Arguments:
jvm_args: -Djava.library.path=S:\Documents\Intelligent_Systems -javaagent:C:\Program Files\JetBrains\IntelliJ IDEA Community Edition 2019.2\lib\idea_rt.jar=51167:C:\Program Files\JetBrains\IntelliJ IDEA Community Edition 2019.2\bin -Dfile.encoding=UTF-8 
java_command: main.Main
java_class_path (initial): C:\Program Files\Java\jdk1.8.0_202\jre\lib\charsets.jar;C:\Program Files\Java\jdk1.8.0_202\jre\lib\deploy.jar;C:\Program Files\Java\jdk1.8.0_202\jre\lib\ext\access-bridge-64.jar;C:\Program Files\Java\jdk1.8.0_202\jre\lib\ext\cldrdata.jar;C:\Program Files\Java\jdk1.8.0_202\jre\lib\ext\dnsns.jar;C:\Program Files\Java\jdk1.8.0_202\jre\lib\ext\jaccess.jar;C:\Program Files\Java\jdk1.8.0_202\jre\lib\ext\jfxrt.jar;C:\Program Files\Java\jdk1.8.0_202\jre\lib\ext\localedata.jar;C:\Program Files\Java\jdk1.8.0_202\jre\lib\ext\nashorn.jar;C:\Program Files\Java\jdk1.8.0_202\jre\lib\ext\sunec.jar;C:\Program Files\Java\jdk1.8.0_202\jre\lib\ext\sunjce_provider.jar;C:\Program Files\Java\jdk1.8.0_202\jre\lib\ext\sunmscapi.jar;C:\Program Files\Java\jdk1.8.0_202\jre\lib\ext\sunpkcs11.jar;C:\Program Files\Java\jdk1.8.0_202\jre\lib\ext\zipfs.jar;C:\Program Files\Java\jdk1.8.0_202\jre\lib\javaws.jar;C:\Program Files\Java\jdk1.8.0_202\jre\lib\jce.jar;C:\Program Files\Java\jdk1.8.0_202\jre\lib\jfr.jar;C:\Program Files\Java\jdk1.8.0_202\jre\lib\jfxswt.jar;C:\Program Files\Java\jdk1.8.0_202\jre\lib\jsse.jar;C:\Program Files\Java\jdk1.8.0_202\jre\lib\management-agent.jar;C:\Program Files\Java\jdk1.8.0_202\jre\lib\plugin.jar;C:\Program Files\Java\jdk1.8.0_202\jre\lib\resources.jar;C:\Program Files\Java\jdk1.8.0_202\jre\lib\rt.jar;S:\Documents\Intelligent_Systems\Vehicle_Routing_COS30018\out\production\Vehicle_Routing_COS30018;S:\Documents\Intelligent_Systems\com.google.ortools.jar;S:\Documents\Intelligent_Systems\protobuf.jar;S:\Documents\JAVA_LIBRARIES\choco-solver-2.1.2.jar;S:\Documents\JAVA_LIBRARIES\choco-solver-4.10.1.jar;S:\Documents\JAVA_LIBRARIES\mysql-connector-java-5.1.18-bin.jar;S:\Documents\JADE\lib\jade.jar;C:\Program Files\JetBrains\IntelliJ IDEA Community Edition 2019.2\lib\idea_rt.jar
Launcher Type: SUN_STANDARD

Environment Variables:
CLASSPATH=S:\Documents\JADE\lib\jade.jar;S:\Documents\JADE\lib\jadeTools.jar;S:\Documents\JADE\lib\commons-codec\commons-codec-1.3.jar
PATH=C:\Program Files (x86)\Common Files\Oracle\Java\javapath;C:\Program Files\Java\jdk-11.0.2;C:\Program Files (x86)\Intel\Intel(R) Management Engine Components\iCLS\;C:\Program Files\Intel\Intel(R) Management Engine Components\iCLS\;C:\WINDOWS\system32;C:\WINDOWS;C:\WINDOWS\System32\Wbem;C:\WINDOWS\System32\WindowsPowerShell\v1.0\;C:\WINDOWS\System32\OpenSSH\;C:\Program Files (x86)\Intel\Intel(R) Management Engine Components\DAL;C:\Program Files\Intel\Intel(R) Management Engine Components\DAL;C:\Program Files (x86)\Intel\Intel(R) Management Engine Components\IPT;C:\Program Files\Intel\Intel(R) Management Engine Components\IPT;C:\Program Files\NVIDIA Corporation\NVIDIA NvDLISR;C:\Program Files\Git\cmd;C:\Program Files\Microsoft VS Code\bin;C:\Program Files\nodejs\;C:\Program Files\dotnet\;C:\Program Files (x86)\Bitvise SSH Client;C:\Program Files\PuTTY\;C:\Program Files (x86)\NVIDIA Corporation\PhysX\Common;C:\WINDOWS\system32;C:\WINDOWS;C:\WINDOWS\System32\Wbem;C:\WINDOWS\System32\WindowsPowerShell\v1.0\;C:\WINDOWS\System32\OpenSSH\;C:\Program Files\Java\jre1.8.0_201\;C:\Users\KeesTim\AppData\Local\Microsoft\WindowsApps;C:\Users\KeesTim\AppData\Local\atom\bin;C:\Users\KeesTim\AppData\Roaming\npm;C:\Users\KeesTim\AppData\Local\Microsoft\WindowsApps;C:\Program Files\JetBrains\IntelliJ IDEA Community Edition 2019.2\bin;;C:\Program Files\Java\jdk1.8.0_202\bin;C:\Users\KeesTim\AppData\Local\Programs\Python\Python37;C:\Users\KeesTim\AppData\Local\Programs\Python\Python37\Scripts;
USERNAME=KeesTim
OS=Windows_NT
PROCESSOR_IDENTIFIER=Intel64 Family 6 Model 94 Stepping 3, GenuineIntel



---------------  S Y S T E M  ---------------

OS: Windows 10.0 , 64 bit Build 17763 (10.0.17763.475)

CPU:total 4 (initial active 4) (4 cores per cpu, 1 threads per core) family 6 model 94 stepping 3, cmov, cx8, fxsr, mmx, sse, sse2, sse3, ssse3, sse4.1, sse4.2, popcnt, avx, avx2, aes, clmul, erms, rtm, 3dnowpref, lzcnt, tsc, tscinvbit, bmi1, bmi2, adx

Memory: 4k page, physical 16729544k(4712360k free), swap 28263880k(4449544k free)

vm_info: Java HotSpot(TM) 64-Bit Server VM (25.202-b08) for windows-amd64 JRE (1.8.0_202-b08), built on Dec 15 2018 19:54:30 by "java_re" with MS VC++ 10.0 (VS2010)

time: Thu Oct 24 04:11:12 2019
timezone: AUS Eastern Daylight Time
elapsed time: 15 seconds (0d 0h 0m 15s)

