#
# A fatal error has been detected by the Java Runtime Environment:
#
#  EXCEPTION_ACCESS_VIOLATION (0xc0000005) at pc=0x0000000061e5f01d, pid=4204, tid=0x0000000000003c90
#
# JRE version: Java(TM) SE Runtime Environment (8.0_202-b08) (build 1.8.0_202-b08)
# Java VM: Java HotSpot(TM) 64-Bit Server VM (25.202-b08 mixed mode windows-amd64 compressed oops)
# Problematic frame:
# V  [jvm.dll+0x13f01d]
#
# Failed to write core dump. Minidumps are not enabled by default on client versions of Windows
#
# If you would like to submit a bug report, please visit:
#   http://bugreport.java.com/bugreport/crash.jsp
# The crash happened outside the Java Virtual Machine in native code.
# See problematic frame for where to report the bug.
#

---------------  T H R E A D  ---------------

Current thread (0x0000000002a0c000):  JavaThread "Finalizer" daemon [_thread_in_native, id=15504, stack(0x000000001d2d0000,0x000000001d3d0000)]

siginfo: ExceptionCode=0xc0000005, writing address 0x0000000000000270

Registers:
RAX=0x000000000000dead, RBX=0x0000000000000000, RCX=0x000000001e335000, RDX=0x000000001e2850e0
RSP=0x000000001d3cefa0, RBP=0x0000000000000000, RSI=0x0000000028069110, RDI=0x000000001e2850e0
R8 =0x0000000000981200, R9 =0x0000000000008000, R10=0x00000000ffffffff, R11=0x000000001d3cef70
R12=0x0000000000000000, R13=0x0000000000000000, R14=0x0000000000000000, R15=0x000000002810e248
RIP=0x0000000061e5f01d, EFLAGS=0x0000000000010246

Top of Stack: (sp=0x000000001d3cefa0)
0x000000001d3cefa0:   0000000000d80000 0000000028325b80
0x000000001d3cefb0:   0000000000000000 0000000000000000
0x000000001d3cefc0:   00000000ffffffff 00007ffc1c3687ce
0x000000001d3cefd0:   00000000280223f0 0000000028069110
0x000000001d3cefe0:   0000000000000000 0000000000000000
0x000000001d3ceff0:   fffffffffffffffe 000000002810e140
0x000000001d3cf000:   0000000000000000 00007ffc1c366bed
0x000000001d3cf010:   0000000000000000 00007ffc1d0e34b0
0x000000001d3cf020:   000000002810e248 000000002810e140
0x000000001d3cf030:   0000000028069190 00007ffc1c64c6d5
0x000000001d3cf040:   0000000028069110 0000000000000000
0x000000001d3cf050:   000000002810e910 0000000002a0c430
0x000000001d3cf060:   00007ffc1d0e34b0 00007ffc1c6504b8
0x000000001d3cf070:   000000001d3cf0f9 000000002810e140
0x000000001d3cf080:   000000002810e960 000000001d3cf0f9
0x000000001d3cf090:   00007ffc1d0e34b0 0000000000000000 

Instructions: (pc=0x0000000061e5f01d)
0x0000000061e5effd:   8b fa 3d ab de 00 00 74 17 8b 83 88 02 00 00 3d
0x0000000061e5f00d:   ac de 00 00 74 0a 48 8b cb e8 65 03 10 00 33 db
0x0000000061e5f01d:   c7 83 70 02 00 00 05 00 00 00 83 3d 9a 86 6d 00
0x0000000061e5f02d:   01 75 09 80 3d 0c 79 6d 00 00 74 18 80 3d 04 79 


Register to memory mapping:

RAX=0x000000000000dead is an unknown value
RBX=0x0000000000000000 is an unknown value
RCX=0x000000001e335000 is an unknown value
RDX=0x000000001e2850e0 is a global jni handle
RSP=0x000000001d3cefa0 is pointing into the stack for thread: 0x0000000002a0c000
RBP=0x0000000000000000 is an unknown value
RSI=0x0000000028069110 is an unknown value
RDI=0x000000001e2850e0 is a global jni handle
R8 =0x0000000000981200 is an unknown value
R9 =0x0000000000008000 is an unknown value
R10=0x00000000ffffffff is an unknown value
R11=0x000000001d3cef70 is pointing into the stack for thread: 0x0000000002a0c000
R12=0x0000000000000000 is an unknown value
R13=0x0000000000000000 is an unknown value
R14=0x0000000000000000 is an unknown value
R15=0x000000002810e248 is an unknown value


Stack: [0x000000001d2d0000,0x000000001d3d0000],  sp=0x000000001d3cefa0,  free space=1019k
Native frames: (J=compiled Java code, j=interpreted, Vv=VM code, C=native code)

Java frames: (J=compiled Java code, j=interpreted, Vv=VM code)
j  com.google.ortools.constraintsolver.mainJNI.delete_RoutingModel(J)V+0
j  com.google.ortools.constraintsolver.RoutingModel.delete()V+25
j  com.google.ortools.constraintsolver.RoutingModel.finalize()V+1
J 1230 C1 java.lang.ref.Finalizer.runFinalizer(Lsun/misc/JavaLangAccess;)V (62 bytes) @ 0x0000000002e85254 [0x0000000002e84cc0+0x594]
J 1229 C1 java.lang.ref.Finalizer.access$100(Ljava/lang/ref/Finalizer;Lsun/misc/JavaLangAccess;)V (6 bytes) @ 0x0000000002e83f9c [0x0000000002e83f40+0x5c]
j  java.lang.ref.Finalizer$FinalizerThread.run()V+45
v  ~StubRoutines::call_stub

---------------  P R O C E S S  ---------------

Java Threads: ( => current thread )
  0x000000001e33f000 JavaThread "Image Fetcher 3" daemon [_thread_blocked, id=7912, stack(0x000000002dc40000,0x000000002dd40000)]
  0x000000001e33d800 JavaThread "Image Fetcher 2" daemon [_thread_blocked, id=22912, stack(0x000000002db40000,0x000000002dc40000)]
  0x000000001e336000 JavaThread "DestroyJavaVM" [_thread_blocked, id=12660, stack(0x0000000000e80000,0x0000000000f80000)]
  0x000000001e339000 JavaThread "MasterRouteAgent" [_thread_blocked, id=11736, stack(0x000000002d940000,0x000000002da40000)]
  0x000000001e336800 JavaThread "Delivery_Agent3" [_thread_in_vm, id=12576, stack(0x000000002d640000,0x000000002d740000)]
  0x000000001e33c000 JavaThread "Delivery_Agent2" [_thread_in_vm, id=12184, stack(0x000000002d540000,0x000000002d640000)]
  0x000000001e338000 JavaThread "Delivery_Agent1" [_thread_in_vm, id=22156, stack(0x000000002d440000,0x000000002d540000)]
  0x000000001e337800 JavaThread "Delivery_Agent0" [_thread_in_vm, id=13224, stack(0x000000002d340000,0x000000002d440000)]
  0x000000001e33b000 JavaThread "DBAgent" [_thread_blocked, id=10808, stack(0x000000002d240000,0x000000002d340000)]
  0x000000001e334800 JavaThread "rma" [_thread_blocked, id=15332, stack(0x000000002d140000,0x000000002d240000)]
  0x000000001e33a800 JavaThread "df" [_thread_blocked, id=16476, stack(0x000000002d040000,0x000000002d140000)]
  0x000000001e69c000 JavaThread "ams" [_thread_blocked, id=20660, stack(0x000000002cf40000,0x000000002d040000)]
  0x000000001e69f000 JavaThread "Thread-13" [_thread_in_native, id=24480, stack(0x000000002ce40000,0x000000002cf40000)]
  0x000000001e69c800 JavaThread "Deliverer-04" [_thread_blocked, id=22604, stack(0x000000002cd40000,0x000000002ce40000)]
  0x000000001e69e800 JavaThread "Deliverer-03" [_thread_blocked, id=3260, stack(0x000000002cc40000,0x000000002cd40000)]
  0x000000001e69b000 JavaThread "Deliverer-02" [_thread_blocked, id=23004, stack(0x000000002cb40000,0x000000002cc40000)]
  0x000000001e699800 JavaThread "Deliverer-01" [_thread_blocked, id=7680, stack(0x000000002ca40000,0x000000002cb40000)]
  0x000000001e698000 JavaThread "Deliverer-00" [_thread_blocked, id=24004, stack(0x000000002c940000,0x000000002ca40000)]
  0x000000001e69d800 JavaThread "Thread-7" [_thread_in_native, id=23564, stack(0x000000002b870000,0x000000002b970000)]
  0x000000001e699000 JavaThread "Thread-6" [_thread_blocked, id=25428, stack(0x000000002b770000,0x000000002b870000)]
  0x000000001e69a800 JavaThread "JICPServer-8888" daemon [_thread_in_native, id=23256, stack(0x000000002b670000,0x000000002b770000)]
  0x000000001e613000 JavaThread "D3D Screen Updater" daemon [_thread_blocked, id=1944, stack(0x000000002a8a0000,0x000000002a9a0000)]
  0x000000001e448000 JavaThread "JADE Timer dispatcher" [_thread_blocked, id=12276, stack(0x000000002a7a0000,0x000000002a8a0000)]
  0x000000001e3c5800 JavaThread "Thread-2" [_thread_blocked, id=12352, stack(0x0000000029e80000,0x0000000029f80000)]
  0x000000001daa4000 JavaThread "AWT-EventQueue-0" [_thread_blocked, id=18352, stack(0x000000001ee20000,0x000000001ef20000)]
  0x000000001daa3000 JavaThread "AWT-Windows" daemon [_thread_in_native, id=8028, stack(0x000000001ec10000,0x000000001ed10000)]
  0x000000001da91000 JavaThread "AWT-Shutdown" [_thread_blocked, id=22188, stack(0x000000001eb10000,0x000000001ec10000)]
  0x000000001da90800 JavaThread "Java2D Disposer" daemon [_thread_blocked, id=21940, stack(0x000000001ea10000,0x000000001eb10000)]
  0x000000001d7f2000 JavaThread "Service Thread" daemon [_thread_blocked, id=12636, stack(0x000000001ded0000,0x000000001dfd0000)]
  0x000000001d7d1800 JavaThread "C1 CompilerThread2" daemon [_thread_blocked, id=17324, stack(0x000000001ddd0000,0x000000001ded0000)]
  0x000000001d795800 JavaThread "C2 CompilerThread1" daemon [_thread_blocked, id=22084, stack(0x000000001dcd0000,0x000000001ddd0000)]
  0x000000001d72d800 JavaThread "C2 CompilerThread0" daemon [_thread_blocked, id=20412, stack(0x000000001dbd0000,0x000000001dcd0000)]
  0x000000001d713800 JavaThread "Monitor Ctrl-Break" daemon [_thread_in_native, id=24360, stack(0x000000001dad0000,0x000000001dbd0000)]
  0x000000001c088000 JavaThread "Attach Listener" daemon [_thread_blocked, id=13084, stack(0x000000001d5d0000,0x000000001d6d0000)]
  0x000000001c086800 JavaThread "Signal Dispatcher" daemon [_thread_blocked, id=25376, stack(0x000000001d4d0000,0x000000001d5d0000)]
=>0x0000000002a0c000 JavaThread "Finalizer" daemon [_thread_in_native, id=15504, stack(0x000000001d2d0000,0x000000001d3d0000)]
  0x0000000002a03000 JavaThread "Reference Handler" daemon [_thread_blocked, id=6528, stack(0x000000001d1d0000,0x000000001d2d0000)]

Other Threads:
  0x000000001c047800 VMThread [stack: 0x000000001d0d0000,0x000000001d1d0000] [id=24276]
  0x000000001d80c000 WatcherThread [stack: 0x000000001dfd0000,0x000000001e0d0000] [id=15796]

VM state:not at safepoint (normal execution)

VM Mutex/Monitor currently owned by a thread: None

heap address: 0x00000006c0a00000, size: 4086 MB, Compressed Oops mode: Zero based, Oop shift amount: 3
Narrow klass base: 0x0000000000000000, Narrow klass shift: 3
Compressed class space size: 1073741824 Address: 0x00000007c0000000

Heap:
 PSYoungGen      total 60416K, used 2744K [0x000000076ae00000, 0x000000076f600000, 0x00000007c0000000)
  eden space 59392K, 3% used [0x000000076ae00000,0x000000076afcd000,0x000000076e800000)
  from space 1024K, 87% used [0x000000076e900000,0x000000076e9e1368,0x000000076ea00000)
  to   space 7168K, 0% used [0x000000076ef00000,0x000000076ef00000,0x000000076f600000)
 ParOldGen       total 71168K, used 5676K [0x00000006c0a00000, 0x00000006c4f80000, 0x000000076ae00000)
  object space 71168K, 7% used [0x00000006c0a00000,0x00000006c0f8b178,0x00000006c4f80000)
 Metaspace       used 22883K, capacity 23294K, committed 23552K, reserved 1069056K
  class space    used 2868K, capacity 2998K, committed 3072K, reserved 1048576K

Card table byte_map: [0x0000000011dd0000,0x00000000125d0000] byte_map_base: 0x000000000e7cb000

Marking Bits: (ParMarkBitMap*) 0x0000000062545ce0
 Begin Bits: [0x0000000012f30000, 0x0000000016f08000)
 End Bits:   [0x0000000016f08000, 0x000000001aee0000)

Polling page: 0x00000000009f0000

CodeCache: size=245760Kb used=6457Kb max_used=6471Kb free=239302Kb
 bounds [0x0000000002a10000, 0x0000000003070000, 0x0000000011a10000]
 total_blobs=2594 nmethods=1900 adapters=605
 compilation: enabled

Compilation events (10 events):
Event: 8.217 Thread 0x000000001d7d1800 2083       1       java.lang.invoke.MethodHandles$Lookup::lookupClass (5 bytes)
Event: 8.217 Thread 0x000000001d7d1800 nmethod 2083 0x0000000003057490 code [0x00000000030575e0, 0x00000000030576f0]
Event: 8.220 Thread 0x000000001d72d800 2084       4       jade.core.behaviours.Behaviour::actionWrapper (59 bytes)
Event: 8.220 Thread 0x000000001d795800 nmethod 2082 0x000000000305e750 code [0x000000000305e920, 0x000000000305f200]
Event: 8.220 Thread 0x000000001d795800 2085       4       jade.core.InternalMessageQueue::receive (66 bytes)
Event: 8.223 Thread 0x000000001d795800 nmethod 2085 0x000000000305fcd0 code [0x000000000305fe80, 0x0000000003060290]
Event: 8.224 Thread 0x000000001d795800 2086       4       agents.DriverAgent$1::action (319 bytes)
Event: 8.233 Thread 0x000000001d795800 nmethod 2086 0x0000000003063110 code [0x0000000003063460, 0x00000000030644d8]
Event: 8.234 Thread 0x000000001d72d800 nmethod 2084 0x0000000003068650 code [0x0000000003068a40, 0x000000000306a278]
Event: 8.331 Thread 0x000000001d7d1800 2087   !   3       java.lang.ClassLoader::findNative (86 bytes)

GC Heap History (10 events):
Event: 7.452 GC heap before
{Heap before GC invocations=6 (full 1):
 PSYoungGen      total 76288K, used 65872K [0x000000076ae00000, 0x0000000770300000, 0x00000007c0000000)
  eden space 65536K, 100% used [0x000000076ae00000,0x000000076ee00000,0x000000076ee00000)
  from space 10752K, 3% used [0x000000076f880000,0x000000076f8d4010,0x0000000770300000)
  to   space 10752K, 0% used [0x000000076ee00000,0x000000076ee00000,0x000000076f880000)
 ParOldGen       total 71168K, used 5396K [0x00000006c0a00000, 0x00000006c4f80000, 0x000000076ae00000)
  object space 71168K, 7% used [0x00000006c0a00000,0x00000006c0f45158,0x00000006c4f80000)
 Metaspace       used 21213K, capacity 21558K, committed 21888K, reserved 1069056K
  class space    used 2726K, capacity 2822K, committed 2944K, reserved 1048576K
Event: 7.453 GC heap after
Heap after GC invocations=6 (full 1):
 PSYoungGen      total 64512K, used 304K [0x000000076ae00000, 0x000000076fd80000, 0x00000007c0000000)
  eden space 64000K, 0% used [0x000000076ae00000,0x000000076ae00000,0x000000076ec80000)
  from space 512K, 59% used [0x000000076ee00000,0x000000076ee4c010,0x000000076ee80000)
  to   space 8704K, 0% used [0x000000076f500000,0x000000076f500000,0x000000076fd80000)
 ParOldGen       total 71168K, used 5396K [0x00000006c0a00000, 0x00000006c4f80000, 0x000000076ae00000)
  object space 71168K, 7% used [0x00000006c0a00000,0x00000006c0f45158,0x00000006c4f80000)
 Metaspace       used 21213K, capacity 21558K, committed 21888K, reserved 1069056K
  class space    used 2726K, capacity 2822K, committed 2944K, reserved 1048576K
}
Event: 7.677 GC heap before
{Heap before GC invocations=7 (full 1):
 PSYoungGen      total 64512K, used 64304K [0x000000076ae00000, 0x000000076fd80000, 0x00000007c0000000)
  eden space 64000K, 100% used [0x000000076ae00000,0x000000076ec80000,0x000000076ec80000)
  from space 512K, 59% used [0x000000076ee00000,0x000000076ee4c010,0x000000076ee80000)
  to   space 8704K, 0% used [0x000000076f500000,0x000000076f500000,0x000000076fd80000)
 ParOldGen       total 71168K, used 5396K [0x00000006c0a00000, 0x00000006c4f80000, 0x000000076ae00000)
  object space 71168K, 7% used [0x00000006c0a00000,0x00000006c0f45158,0x00000006c4f80000)
 Metaspace       used 21213K, capacity 21558K, committed 21888K, reserved 1069056K
  class space    used 2726K, capacity 2822K, committed 2944K, reserved 1048576K
Event: 7.678 GC heap after
Heap after GC invocations=7 (full 1):
 PSYoungGen      total 68608K, used 304K [0x000000076ae00000, 0x000000076fb00000, 0x00000007c0000000)
  eden space 62464K, 0% used [0x000000076ae00000,0x000000076ae00000,0x000000076eb00000)
  from space 6144K, 4% used [0x000000076f500000,0x000000076f54c010,0x000000076fb00000)
  to   space 8192K, 0% used [0x000000076eb00000,0x000000076eb00000,0x000000076f300000)
 ParOldGen       total 71168K, used 5396K [0x00000006c0a00000, 0x00000006c4f80000, 0x000000076ae00000)
  object space 71168K, 7% used [0x00000006c0a00000,0x00000006c0f45158,0x00000006c4f80000)
 Metaspace       used 21213K, capacity 21558K, committed 21888K, reserved 1069056K
  class space    used 2726K, capacity 2822K, committed 2944K, reserved 1048576K
}
Event: 7.876 GC heap before
{Heap before GC invocations=8 (full 1):
 PSYoungGen      total 68608K, used 62768K [0x000000076ae00000, 0x000000076fb00000, 0x00000007c0000000)
  eden space 62464K, 100% used [0x000000076ae00000,0x000000076eb00000,0x000000076eb00000)
  from space 6144K, 4% used [0x000000076f500000,0x000000076f54c010,0x000000076fb00000)
  to   space 8192K, 0% used [0x000000076eb00000,0x000000076eb00000,0x000000076f300000)
 ParOldGen       total 71168K, used 5396K [0x00000006c0a00000, 0x00000006c4f80000, 0x000000076ae00000)
  object space 71168K, 7% used [0x00000006c0a00000,0x00000006c0f45158,0x00000006c4f80000)
 Metaspace       used 21213K, capacity 21558K, committed 21888K, reserved 1069056K
  class space    used 2726K, capacity 2822K, committed 2944K, reserved 1048576K
Event: 7.876 GC heap after
Heap after GC invocations=8 (full 1):
 PSYoungGen      total 61952K, used 304K [0x000000076ae00000, 0x000000076f900000, 0x00000007c0000000)
  eden space 61440K, 0% used [0x000000076ae00000,0x000000076ae00000,0x000000076ea00000)
  from space 512K, 59% used [0x000000076eb00000,0x000000076eb4c010,0x000000076eb80000)
  to   space 7680K, 0% used [0x000000076f180000,0x000000076f180000,0x000000076f900000)
 ParOldGen       total 71168K, used 5396K [0x00000006c0a00000, 0x00000006c4f80000, 0x000000076ae00000)
  object space 71168K, 7% used [0x00000006c0a00000,0x00000006c0f45158,0x00000006c4f80000)
 Metaspace       used 21213K, capacity 21558K, committed 21888K, reserved 1069056K
  class space    used 2726K, capacity 2822K, committed 2944K, reserved 1048576K
}
Event: 8.077 GC heap before
{Heap before GC invocations=9 (full 1):
 PSYoungGen      total 61952K, used 61744K [0x000000076ae00000, 0x000000076f900000, 0x00000007c0000000)
  eden space 61440K, 100% used [0x000000076ae00000,0x000000076ea00000,0x000000076ea00000)
  from space 512K, 59% used [0x000000076eb00000,0x000000076eb4c010,0x000000076eb80000)
  to   space 7680K, 0% used [0x000000076f180000,0x000000076f180000,0x000000076f900000)
 ParOldGen       total 71168K, used 5396K [0x00000006c0a00000, 0x00000006c4f80000, 0x000000076ae00000)
  object space 71168K, 7% used [0x00000006c0a00000,0x00000006c0f45158,0x00000006c4f80000)
 Metaspace       used 21214K, capacity 21558K, committed 21888K, reserved 1069056K
  class space    used 2726K, capacity 2822K, committed 2944K, reserved 1048576K
Event: 8.078 GC heap after
Heap after GC invocations=9 (full 1):
 PSYoungGen      total 67072K, used 128K [0x000000076ae00000, 0x000000076f800000, 0x00000007c0000000)
  eden space 60416K, 0% used [0x000000076ae00000,0x000000076ae00000,0x000000076e900000)
  from space 6656K, 1% used [0x000000076f180000,0x000000076f1a0000,0x000000076f800000)
  to   space 7680K, 0% used [0x000000076e900000,0x000000076e900000,0x000000076f080000)
 ParOldGen       total 71168K, used 5660K [0x00000006c0a00000, 0x00000006c4f80000, 0x000000076ae00000)
  object space 71168K, 7% used [0x00000006c0a00000,0x00000006c0f87178,0x00000006c4f80000)
 Metaspace       used 21214K, capacity 21558K, committed 21888K, reserved 1069056K
  class space    used 2726K, capacity 2822K, committed 2944K, reserved 1048576K
}
Event: 8.330 GC heap before
{Heap before GC invocations=10 (full 1):
 PSYoungGen      total 67072K, used 60544K [0x000000076ae00000, 0x000000076f800000, 0x00000007c0000000)
  eden space 60416K, 100% used [0x000000076ae00000,0x000000076e900000,0x000000076e900000)
  from space 6656K, 1% used [0x000000076f180000,0x000000076f1a0000,0x000000076f800000)
  to   space 7680K, 0% used [0x000000076e900000,0x000000076e900000,0x000000076f080000)
 ParOldGen       total 71168K, used 5660K [0x00000006c0a00000, 0x00000006c4f80000, 0x000000076ae00000)
  object space 71168K, 7% used [0x00000006c0a00000,0x00000006c0f87178,0x00000006c4f80000)
 Metaspace       used 22882K, capacity 23294K, committed 23552K, reserved 1069056K
  class space    used 2868K, capacity 2998K, committed 3072K, reserved 1048576K
Event: 8.331 GC heap after
Heap after GC invocations=10 (full 1):
 PSYoungGen      total 60416K, used 900K [0x000000076ae00000, 0x000000076f600000, 0x00000007c0000000)
  eden space 59392K, 0% used [0x000000076ae00000,0x000000076ae00000,0x000000076e800000)
  from space 1024K, 87% used [0x000000076e900000,0x000000076e9e1368,0x000000076ea00000)
  to   space 7168K, 0% used [0x000000076ef00000,0x000000076ef00000,0x000000076f600000)
 ParOldGen       total 71168K, used 5676K [0x00000006c0a00000, 0x00000006c4f80000, 0x000000076ae00000)
  object space 71168K, 7% used [0x00000006c0a00000,0x00000006c0f8b178,0x00000006c4f80000)
 Metaspace       used 22882K, capacity 23294K, committed 23552K, reserved 1069056K
  class space    used 2868K, capacity 2998K, committed 3072K, reserved 1048576K
}

Deoptimization events (10 events):
Event: 6.472 Thread 0x000000001e334800 Uncommon trap: reason=class_check action=maybe_recompile pc=0x0000000002f06d64 method=jade.core.behaviours.Behaviour.actionWrapper()V @ 8
Event: 6.473 Thread 0x000000001e334800 Uncommon trap: reason=class_check action=maybe_recompile pc=0x0000000002f06d64 method=jade.core.behaviours.Behaviour.actionWrapper()V @ 8
Event: 6.473 Thread 0x000000001e69c000 Uncommon trap: reason=unstable_if action=reinterpret pc=0x0000000002f05168 method=jade.core.InternalMessageQueue.receive(Ljade/lang/acl/MessageTemplate;)Ljade/lang/acl/ACLMessage; @ 17
Event: 7.154 Thread 0x000000001e69c000 Uncommon trap: reason=class_check action=maybe_recompile pc=0x0000000002f06d64 method=jade.core.behaviours.Behaviour.actionWrapper()V @ 8
Event: 7.156 Thread 0x000000001e334800 Uncommon trap: reason=unstable_if action=reinterpret pc=0x0000000002f545a8 method=jade.core.Agent$ActiveLifeCycle.execute()V @ 65
Event: 7.164 Thread 0x000000001e69c000 Uncommon trap: reason=null_check action=make_not_entrant pc=0x0000000002f14168 method=jade.content.onto.Ontology.getSchema(Ljava/lang/String;)Ljade/content/schema/ObjectSchema; @ 39
Event: 8.154 Thread 0x000000001e335000 Uncommon trap: reason=unstable_if action=reinterpret pc=0x0000000002cc1044 method=java.util.HashMap.getNode(ILjava/lang/Object;)Ljava/util/HashMap$Node; @ 62
Event: 8.154 Thread 0x000000001e335000 Uncommon trap: reason=unstable_if action=reinterpret pc=0x0000000002cac8f8 method=java.util.HashMap.getNode(ILjava/lang/Object;)Ljava/util/HashMap$Node; @ 62
Event: 8.156 Thread 0x000000001e69c000 Uncommon trap: reason=class_check action=maybe_recompile pc=0x0000000003025b70 method=jade.core.Agent$ActiveLifeCycle.execute()V @ 69
Event: 8.214 Thread 0x000000001e336800 Uncommon trap: reason=unstable_if action=reinterpret pc=0x0000000002ffe500 method=agents.DriverAgent$1.action()V @ 9

Classes redefined (0 events):
No events

Internal exceptions (10 events):
Event: 8.156 Thread 0x000000001e335000 Exception <a 'java/lang/ArrayIndexOutOfBoundsException': 0> (0x000000076bfcbe78) thrown at [C:\re\workspace\8-2-build-windows-amd64-cygwin\jdk8u202\12323\hotspot\src\share\vm\interpreter\interpreterRuntime.cpp, line 368]
Event: 8.156 Thread 0x000000001e335000 Exception <a 'java/lang/ArrayIndexOutOfBoundsException': 1> (0x000000076bfccac0) thrown at [C:\re\workspace\8-2-build-windows-amd64-cygwin\jdk8u202\12323\hotspot\src\share\vm\interpreter\interpreterRuntime.cpp, line 368]
Event: 8.156 Thread 0x000000001e335000 Exception <a 'java/lang/ArrayIndexOutOfBoundsException': 2> (0x000000076bfcd6e0) thrown at [C:\re\workspace\8-2-build-windows-amd64-cygwin\jdk8u202\12323\hotspot\src\share\vm\interpreter\interpreterRuntime.cpp, line 368]
Event: 8.157 Thread 0x000000001e335000 Exception <a 'java/lang/ArrayIndexOutOfBoundsException': 3> (0x000000076bfce300) thrown at [C:\re\workspace\8-2-build-windows-amd64-cygwin\jdk8u202\12323\hotspot\src\share\vm\interpreter\interpreterRuntime.cpp, line 368]
Event: 8.157 Thread 0x000000001e335000 Exception <a 'java/lang/ArrayIndexOutOfBoundsException': 4> (0x000000076bfcef08) thrown at [C:\re\workspace\8-2-build-windows-amd64-cygwin\jdk8u202\12323\hotspot\src\share\vm\interpreter\interpreterRuntime.cpp, line 368]
Event: 8.157 Thread 0x000000001e335000 Exception <a 'java/lang/ArrayIndexOutOfBoundsException': 5> (0x000000076bfcfb28) thrown at [C:\re\workspace\8-2-build-windows-amd64-cygwin\jdk8u202\12323\hotspot\src\share\vm\interpreter\interpreterRuntime.cpp, line 368]
Event: 8.157 Thread 0x000000001e335000 Exception <a 'java/lang/ArrayIndexOutOfBoundsException': 6> (0x000000076bfd0748) thrown at [C:\re\workspace\8-2-build-windows-amd64-cygwin\jdk8u202\12323\hotspot\src\share\vm\interpreter\interpreterRuntime.cpp, line 368]
Event: 8.157 Thread 0x000000001e335000 Exception <a 'java/lang/ArrayIndexOutOfBoundsException': 0> (0x000000076bfd12c0) thrown at [C:\re\workspace\8-2-build-windows-amd64-cygwin\jdk8u202\12323\hotspot\src\share\vm\interpreter\interpreterRuntime.cpp, line 368]
Event: 8.157 Thread 0x000000001e335000 Exception <a 'java/lang/ArrayIndexOutOfBoundsException': 7> (0x000000076bfd1a30) thrown at [C:\re\workspace\8-2-build-windows-amd64-cygwin\jdk8u202\12323\hotspot\src\share\vm\interpreter\interpreterRuntime.cpp, line 368]
Event: 8.157 Thread 0x000000001e335000 Exception <a 'java/lang/ArrayIndexOutOfBoundsException': 8> (0x000000076bfd2650) thrown at [C:\re\workspace\8-2-build-windows-amd64-cygwin\jdk8u202\12323\hotspot\src\share\vm\interpreter\interpreterRuntime.cpp, line 368]

Events (10 events):
Event: 8.216 loading class java/util/stream/Nodes$IntArrayNode
Event: 8.216 loading class java/util/stream/Nodes$IntArrayNode done
Event: 8.216 loading class java/util/stream/Nodes$IntFixedNodeBuilder done
Event: 8.217 loading class java/util/stream/ReferencePipeline$4$1
Event: 8.217 loading class java/util/stream/Sink$ChainedReference
Event: 8.217 loading class java/util/stream/Sink$ChainedReference done
Event: 8.217 loading class java/util/stream/ReferencePipeline$4$1 done
Event: 8.220 Thread 0x000000001d795800 flushing nmethod 0x0000000002f04e10
Event: 8.330 Executing VM operation: ParallelGCFailedAllocation
Event: 8.331 Executing VM operation: ParallelGCFailedAllocation done


Dynamic libraries:
0x00007ff7ab860000 - 0x00007ff7ab897000 	C:\Program Files\Java\jdk1.8.0_202\bin\java.exe
0x00007ffc79e30000 - 0x00007ffc7a01d000 	C:\WINDOWS\SYSTEM32\ntdll.dll
0x00007ffc4eb10000 - 0x00007ffc4eb24000 	C:\Program Files (x86)\AVG\Antivirus\aswhook.dll
0x00007ffc788f0000 - 0x00007ffc789a3000 	C:\WINDOWS\System32\KERNEL32.DLL
0x00007ffc76200000 - 0x00007ffc76493000 	C:\WINDOWS\System32\KERNELBASE.dll
0x00007ffc78cc0000 - 0x00007ffc78d63000 	C:\WINDOWS\System32\ADVAPI32.dll
0x00007ffc799d0000 - 0x00007ffc79a6e000 	C:\WINDOWS\System32\msvcrt.dll
0x00007ffc77130000 - 0x00007ffc771ce000 	C:\WINDOWS\System32\sechost.dll
0x00007ffc78a20000 - 0x00007ffc78b42000 	C:\WINDOWS\System32\RPCRT4.dll
0x00007ffc78d70000 - 0x00007ffc78f07000 	C:\WINDOWS\System32\USER32.dll
0x00007ffc76c60000 - 0x00007ffc76c80000 	C:\WINDOWS\System32\win32u.dll
0x00007ffc786d0000 - 0x00007ffc786f9000 	C:\WINDOWS\System32\GDI32.dll
0x00007ffc76c80000 - 0x00007ffc76e19000 	C:\WINDOWS\System32\gdi32full.dll
0x00007ffc76e20000 - 0x00007ffc76ec0000 	C:\WINDOWS\System32\msvcp_win.dll
0x00007ffc76100000 - 0x00007ffc761fa000 	C:\WINDOWS\System32\ucrtbase.dll
0x00007ffc6b0e0000 - 0x00007ffc6b359000 	C:\WINDOWS\WinSxS\amd64_microsoft.windows.common-controls_6595b64144ccf1df_6.0.17763.802_none_05b1445c0722d2cc\COMCTL32.dll
0x00007ffc795b0000 - 0x00007ffc798dc000 	C:\WINDOWS\System32\combase.dll
0x00007ffc76f20000 - 0x00007ffc76f9e000 	C:\WINDOWS\System32\bcryptPrimitives.dll
0x00007ffc78810000 - 0x00007ffc7883e000 	C:\WINDOWS\System32\IMM32.DLL
0x00000000625d0000 - 0x00000000626a2000 	C:\Program Files\Java\jdk1.8.0_202\jre\bin\msvcr100.dll
0x0000000061d20000 - 0x00000000625c5000 	C:\Program Files\Java\jdk1.8.0_202\jre\bin\server\jvm.dll
0x00007ffc77120000 - 0x00007ffc77128000 	C:\WINDOWS\System32\PSAPI.DLL
0x00007ffc69040000 - 0x00007ffc69049000 	C:\WINDOWS\SYSTEM32\WSOCK32.dll
0x00007ffc798e0000 - 0x00007ffc7994d000 	C:\WINDOWS\System32\WS2_32.dll
0x00007ffc73fa0000 - 0x00007ffc73fc4000 	C:\WINDOWS\SYSTEM32\WINMM.dll
0x00007ffc70d50000 - 0x00007ffc70d5a000 	C:\WINDOWS\SYSTEM32\VERSION.dll
0x00007ffc73f70000 - 0x00007ffc73f9d000 	C:\WINDOWS\SYSTEM32\WINMMBASE.dll
0x00007ffc76c10000 - 0x00007ffc76c5a000 	C:\WINDOWS\System32\cfgmgr32.dll
0x00007ffc56340000 - 0x00007ffc5634f000 	C:\Program Files\Java\jdk1.8.0_202\jre\bin\verify.dll
0x00007ffc43920000 - 0x00007ffc43949000 	C:\Program Files\Java\jdk1.8.0_202\jre\bin\java.dll
0x00007ffc52150000 - 0x00007ffc52173000 	C:\Program Files\Java\jdk1.8.0_202\jre\bin\instrument.dll
0x00007ffc4b840000 - 0x00007ffc4b856000 	C:\Program Files\Java\jdk1.8.0_202\jre\bin\zip.dll
0x00007ffc771d0000 - 0x00007ffc786c4000 	C:\WINDOWS\System32\SHELL32.dll
0x00007ffc79c20000 - 0x00007ffc79cc8000 	C:\WINDOWS\System32\shcore.dll
0x00007ffc764a0000 - 0x00007ffc76bed000 	C:\WINDOWS\System32\windows.storage.dll
0x00007ffc75ea0000 - 0x00007ffc75ec4000 	C:\WINDOWS\System32\profapi.dll
0x00007ffc75e40000 - 0x00007ffc75e9d000 	C:\WINDOWS\System32\powrprof.dll
0x00007ffc79970000 - 0x00007ffc799c2000 	C:\WINDOWS\System32\shlwapi.dll
0x00007ffc75e20000 - 0x00007ffc75e31000 	C:\WINDOWS\System32\kernel.appcore.dll
0x00007ffc76bf0000 - 0x00007ffc76c07000 	C:\WINDOWS\System32\cryptsp.dll
0x00007ffc52130000 - 0x00007ffc5214a000 	C:\Program Files\JetBrains\IntelliJ IDEA Community Edition 2019.2\bin\breakgen64.dll
0x00007ffc44880000 - 0x00007ffc4489a000 	C:\Program Files\Java\jdk1.8.0_202\jre\bin\net.dll
0x00007ffc6a1a0000 - 0x00007ffc6a377000 	C:\WINDOWS\SYSTEM32\urlmon.dll
0x00007ffc6aa00000 - 0x00007ffc6aca8000 	C:\WINDOWS\SYSTEM32\iertutil.dll
0x00007ffc75860000 - 0x00007ffc7586c000 	C:\WINDOWS\SYSTEM32\CRYPTBASE.DLL
0x00007ffc75690000 - 0x00007ffc756f7000 	C:\WINDOWS\system32\mswsock.dll
0x00007ffc2fb30000 - 0x00007ffc2fcc9000 	C:\Program Files\Java\jdk1.8.0_202\jre\bin\awt.dll
0x00007ffc77050000 - 0x00007ffc77114000 	C:\WINDOWS\System32\OLEAUT32.dll
0x00007ffc740d0000 - 0x00007ffc7415c000 	C:\WINDOWS\SYSTEM32\apphelp.dll
0x00007ffc743f0000 - 0x00007ffc7448c000 	C:\WINDOWS\system32\uxtheme.dll
0x00007ffc78b50000 - 0x00007ffc78cbb000 	C:\WINDOWS\System32\MSCTF.dll
0x00007ffc746d0000 - 0x00007ffc746fe000 	C:\WINDOWS\system32\dwmapi.dll
0x00007ffc75ef0000 - 0x00007ffc760cb000 	C:\WINDOWS\System32\CRYPT32.dll
0x00007ffc75ed0000 - 0x00007ffc75ee2000 	C:\WINDOWS\System32\MSASN1.dll
0x00007ffc78f10000 - 0x00007ffc79065000 	C:\WINDOWS\System32\ole32.dll
0x00007ffc36a10000 - 0x00007ffc36b37000 	C:\WINDOWS\system32\opengl32.dll
0x00007ffc444e0000 - 0x00007ffc4450c000 	C:\WINDOWS\SYSTEM32\GLU32.dll
0x00007ffc6a860000 - 0x00007ffc6a9fe000 	C:\WINDOWS\system32\d3d9.dll
0x00007ffc70e10000 - 0x00007ffc70efe000 	C:\WINDOWS\System32\DriverStore\FileRepository\nv_dispi.inf_amd64_827405c7c65146ab\nvldumdx.dll
0x00007ffc76ec0000 - 0x00007ffc76f19000 	C:\WINDOWS\System32\WINTRUST.DLL
0x00007ffc79950000 - 0x00007ffc7996d000 	C:\WINDOWS\System32\imagehlp.dll
0x00007ffc75210000 - 0x00007ffc75243000 	C:\WINDOWS\system32\rsaenh.dll
0x00007ffc760d0000 - 0x00007ffc760f6000 	C:\WINDOWS\System32\bcrypt.dll
0x00007ffbfbde0000 - 0x00007ffbfd2a9000 	C:\WINDOWS\System32\DriverStore\FileRepository\nv_dispi.inf_amd64_827405c7c65146ab\nvd3dumx.dll
0x00007ffc753b0000 - 0x00007ffc753ed000 	C:\WINDOWS\SYSTEM32\IPHLPAPI.DLL
0x00007ffc78780000 - 0x00007ffc78788000 	C:\WINDOWS\System32\NSI.dll
0x00007ffc701e0000 - 0x00007ffc701f6000 	C:\WINDOWS\SYSTEM32\dhcpcsvc6.DLL
0x00007ffc701c0000 - 0x00007ffc701dc000 	C:\WINDOWS\SYSTEM32\dhcpcsvc.DLL
0x00007ffc753f0000 - 0x00007ffc754b6000 	C:\WINDOWS\SYSTEM32\DNSAPI.dll
0x00007ffc37200000 - 0x00007ffc374c1000 	C:\WINDOWS\system32\nvspcap64.dll
0x00007ffc74e70000 - 0x00007ffc74ea1000 	C:\WINDOWS\SYSTEM32\ntmarta.dll
0x00007ffc74ab0000 - 0x00007ffc74ad2000 	C:\WINDOWS\SYSTEM32\gpapi.dll
0x00007ffc6bf60000 - 0x00007ffc6bf8f000 	C:\WINDOWS\SYSTEM32\cryptnet.dll
0x00007ffc6cba0000 - 0x00007ffc6cbaa000 	C:\Windows\System32\rasadhlp.dll
0x00007ffc6b8a0000 - 0x00007ffc6b919000 	C:\WINDOWS\System32\fwpuclnt.dll
0x00007ffc3d030000 - 0x00007ffc3d077000 	C:\Program Files\Java\jdk1.8.0_202\jre\bin\fontmanager.dll
0x00007ffc2f4e0000 - 0x00007ffc2f579000 	C:\WINDOWS\system32\RICHED20.DLL
0x00007ffc5cb00000 - 0x00007ffc5cb19000 	C:\WINDOWS\SYSTEM32\USP10.dll
0x00007ffc50130000 - 0x00007ffc50169000 	C:\WINDOWS\SYSTEM32\msls31.dll
0x00007ffc78840000 - 0x00007ffc788e2000 	C:\WINDOWS\System32\clbcatq.dll
0x00007ffc53390000 - 0x00007ffc533e6000 	C:\WINDOWS\system32\dataexchange.dll
0x00007ffc72f20000 - 0x00007ffc7319e000 	C:\WINDOWS\system32\d3d11.dll
0x00007ffc73820000 - 0x00007ffc739e3000 	C:\WINDOWS\system32\dcomp.dll
0x00007ffc74c00000 - 0x00007ffc74cc2000 	C:\WINDOWS\system32\dxgi.dll
0x00007ffc744c0000 - 0x00007ffc746cd000 	C:\WINDOWS\system32\twinapi.appcore.dll
0x00007ffc74700000 - 0x00007ffc74728000 	C:\WINDOWS\system32\RMCLIENT.dll
0x00007ffc44780000 - 0x00007ffc44792000 	C:\Program Files\Java\jdk1.8.0_202\jre\bin\nio.dll
0x00007ffc3cfe0000 - 0x00007ffc3d022000 	C:\Program Files\Java\jdk1.8.0_202\jre\bin\t2k.dll
0x00007ffc5c320000 - 0x00007ffc5c3b5000 	C:\WINDOWS\System32\TextInputFramework.dll
0x00007ffc716a0000 - 0x00007ffc719c2000 	C:\WINDOWS\System32\CoreUIComponents.dll
0x00007ffc73d50000 - 0x00007ffc73e32000 	C:\WINDOWS\System32\CoreMessaging.dll
0x00007ffc71540000 - 0x00007ffc71693000 	C:\WINDOWS\SYSTEM32\wintypes.dll
0x00007ffc5d310000 - 0x00007ffc5d326000 	C:\WINDOWS\system32\napinsp.dll
0x00007ffc5d2f0000 - 0x00007ffc5d30a000 	C:\WINDOWS\system32\pnrpnsp.dll
0x00007ffc5d250000 - 0x00007ffc5d25e000 	C:\WINDOWS\System32\winrnr.dll
0x00007ffc72500000 - 0x00007ffc7251b000 	C:\WINDOWS\system32\NLAapi.dll
0x00007ffc5d230000 - 0x00007ffc5d245000 	C:\WINDOWS\system32\wshbth.dll
0x00007ffc1c310000 - 0x00007ffc1d51a000 	S:\Documents\Intelligent_Systems\jniortools.dll
0x00007ffc63a80000 - 0x00007ffc63b1b000 	C:\WINDOWS\SYSTEM32\MSVCP140.dll
0x00007ffc6c3d0000 - 0x00007ffc6c5bd000 	C:\WINDOWS\SYSTEM32\dbghelp.dll
0x00007ffc63940000 - 0x00007ffc63955000 	C:\WINDOWS\SYSTEM32\VCRUNTIME140.dll
0x00007ffc71ae0000 - 0x00007ffc71c98000 	C:\WINDOWS\SYSTEM32\WindowsCodecs.dll
0x00007ffc3cd00000 - 0x00007ffc3cd31000 	C:\Program Files\Java\jdk1.8.0_202\jre\bin\jpeg.dll

VM Arguments:
jvm_args: -Djava.library.path=S:\Documents\Intelligent_Systems -javaagent:C:\Program Files\JetBrains\IntelliJ IDEA Community Edition 2019.2\lib\idea_rt.jar=60830:C:\Program Files\JetBrains\IntelliJ IDEA Community Edition 2019.2\bin -Dfile.encoding=UTF-8 
java_command: main.Main
java_class_path (initial): C:\Program Files\Java\jdk1.8.0_202\jre\lib\charsets.jar;C:\Program Files\Java\jdk1.8.0_202\jre\lib\deploy.jar;C:\Program Files\Java\jdk1.8.0_202\jre\lib\ext\access-bridge-64.jar;C:\Program Files\Java\jdk1.8.0_202\jre\lib\ext\cldrdata.jar;C:\Program Files\Java\jdk1.8.0_202\jre\lib\ext\dnsns.jar;C:\Program Files\Java\jdk1.8.0_202\jre\lib\ext\jaccess.jar;C:\Program Files\Java\jdk1.8.0_202\jre\lib\ext\jfxrt.jar;C:\Program Files\Java\jdk1.8.0_202\jre\lib\ext\localedata.jar;C:\Program Files\Java\jdk1.8.0_202\jre\lib\ext\nashorn.jar;C:\Program Files\Java\jdk1.8.0_202\jre\lib\ext\sunec.jar;C:\Program Files\Java\jdk1.8.0_202\jre\lib\ext\sunjce_provider.jar;C:\Program Files\Java\jdk1.8.0_202\jre\lib\ext\sunmscapi.jar;C:\Program Files\Java\jdk1.8.0_202\jre\lib\ext\sunpkcs11.jar;C:\Program Files\Java\jdk1.8.0_202\jre\lib\ext\zipfs.jar;C:\Program Files\Java\jdk1.8.0_202\jre\lib\javaws.jar;C:\Program Files\Java\jdk1.8.0_202\jre\lib\jce.jar;C:\Program Files\Java\jdk1.8.0_202\jre\lib\jfr.jar;C:\Program Files\Java\jdk1.8.0_202\jre\lib\jfxswt.jar;C:\Program Files\Java\jdk1.8.0_202\jre\lib\jsse.jar;C:\Program Files\Java\jdk1.8.0_202\jre\lib\management-agent.jar;C:\Program Files\Java\jdk1.8.0_202\jre\lib\plugin.jar;C:\Program Files\Java\jdk1.8.0_202\jre\lib\resources.jar;C:\Program Files\Java\jdk1.8.0_202\jre\lib\rt.jar;S:\Documents\Intelligent_Systems\Vehicle_Routing_COS30018\out\production\Vehicle_Routing_COS30018;S:\Documents\Intelligent_Systems\com.google.ortools.jar;S:\Documents\Intelligent_Systems\protobuf.jar;S:\Documents\JAVA_LIBRARIES\choco-solver-2.1.2.jar;S:\Documents\JAVA_LIBRARIES\choco-solver-4.10.1.jar;S:\Documents\JAVA_LIBRARIES\mysql-connector-java-5.1.18-bin.jar;S:\Documents\JADE\lib\jade.jar;C:\Program Files\JetBrains\IntelliJ IDEA Community Edition 2019.2\lib\idea_rt.jar
Launcher Type: SUN_STANDARD

Environment Variables:
CLASSPATH=S:\Documents\JADE\lib\jade.jar;S:\Documents\JADE\lib\jadeTools.jar;S:\Documents\JADE\lib\commons-codec\commons-codec-1.3.jar
PATH=C:\Program Files (x86)\Common Files\Oracle\Java\javapath;C:\Program Files\Java\jdk-11.0.2;C:\Program Files (x86)\Intel\Intel(R) Management Engine Components\iCLS\;C:\Program Files\Intel\Intel(R) Management Engine Components\iCLS\;C:\WINDOWS\system32;C:\WINDOWS;C:\WINDOWS\System32\Wbem;C:\WINDOWS\System32\WindowsPowerShell\v1.0\;C:\WINDOWS\System32\OpenSSH\;C:\Program Files (x86)\Intel\Intel(R) Management Engine Components\DAL;C:\Program Files\Intel\Intel(R) Management Engine Components\DAL;C:\Program Files (x86)\Intel\Intel(R) Management Engine Components\IPT;C:\Program Files\Intel\Intel(R) Management Engine Components\IPT;C:\Program Files\NVIDIA Corporation\NVIDIA NvDLISR;C:\Program Files\Git\cmd;C:\Program Files\Microsoft VS Code\bin;C:\Program Files\nodejs\;C:\Program Files\dotnet\;C:\Program Files (x86)\Bitvise SSH Client;C:\Program Files\PuTTY\;C:\Program Files (x86)\NVIDIA Corporation\PhysX\Common;C:\WINDOWS\system32;C:\WINDOWS;C:\WINDOWS\System32\Wbem;C:\WINDOWS\System32\WindowsPowerShell\v1.0\;C:\WINDOWS\System32\OpenSSH\;C:\Program Files\Java\jre1.8.0_201\;C:\Users\KeesTim\AppData\Local\Microsoft\WindowsApps;C:\Users\KeesTim\AppData\Local\atom\bin;C:\Users\KeesTim\AppData\Roaming\npm;C:\Users\KeesTim\AppData\Local\Microsoft\WindowsApps;C:\Program Files\JetBrains\IntelliJ IDEA Community Edition 2019.2\bin;;C:\Program Files\Java\jdk1.8.0_202\bin;C:\Users\KeesTim\AppData\Local\Programs\Python\Python37;C:\Users\KeesTim\AppData\Local\Programs\Python\Python37\Scripts;
USERNAME=KeesTim
OS=Windows_NT
PROCESSOR_IDENTIFIER=Intel64 Family 6 Model 94 Stepping 3, GenuineIntel



---------------  S Y S T E M  ---------------

OS: Windows 10.0 , 64 bit Build 17763 (10.0.17763.475)

CPU:total 4 (initial active 4) (4 cores per cpu, 1 threads per core) family 6 model 94 stepping 3, cmov, cx8, fxsr, mmx, sse, sse2, sse3, ssse3, sse4.1, sse4.2, popcnt, avx, avx2, aes, clmul, erms, rtm, 3dnowpref, lzcnt, tsc, tscinvbit, bmi1, bmi2, adx

Memory: 4k page, physical 16729544k(6682080k free), swap 28263880k(10362172k free)

vm_info: Java HotSpot(TM) 64-Bit Server VM (25.202-b08) for windows-amd64 JRE (1.8.0_202-b08), built on Dec 15 2018 19:54:30 by "java_re" with MS VC++ 10.0 (VS2010)

time: Mon Oct 21 22:23:13 2019
timezone: AUS Eastern Daylight Time
elapsed time: 8 seconds (0d 0h 0m 8s)

