#
# A fatal error has been detected by the Java Runtime Environment:
#
#  EXCEPTION_ACCESS_VIOLATION (0xc0000005) at pc=0x0000000061e5f01d, pid=24136, tid=0x0000000000002060
#
# JRE version: Java(TM) SE Runtime Environment (8.0_202-b08) (build 1.8.0_202-b08)
# Java VM: Java HotSpot(TM) 64-Bit Server VM (25.202-b08 mixed mode windows-amd64 compressed oops)
# Problematic frame:
# V  [jvm.dll+0x13f01d]
#
# Failed to write core dump. Minidumps are not enabled by default on client versions of Windows
#
# If you would like to submit a bug report, please visit:
#   http://bugreport.java.com/bugreport/crash.jsp
# The crash happened outside the Java Virtual Machine in native code.
# See problematic frame for where to report the bug.
#

---------------  T H R E A D  ---------------

Current thread (0x0000000002a2c000):  JavaThread "Finalizer" daemon [_thread_in_native, id=8288, stack(0x000000001d310000,0x000000001d410000)]

siginfo: ExceptionCode=0xc0000005, writing address 0x0000000000000270

Registers:
RAX=0x000000000000dead, RBX=0x0000000000000000, RCX=0x000000001e726000, RDX=0x000000001db0d518
RSP=0x000000001d40eef0, RBP=0x0000000000000000, RSI=0x0000000028129be0, RDI=0x000000001db0d518
R8 =0x0000000000c01200, R9 =0x0000000000008000, R10=0x00000000ffffffff, R11=0x000000001d40eec0
R12=0x0000000000000000, R13=0x0000000000000000, R14=0x0000000000000000, R15=0x0000000028142168
RIP=0x0000000061e5f01d, EFLAGS=0x0000000000010246

Top of Stack: (sp=0x000000001d40eef0)
0x000000001d40eef0:   0000000000cb0000 00000000280d5500
0x000000001d40ef00:   0000000000000000 0000000000000000
0x000000001d40ef10:   00000000ffffffff 00007ffbfc0f87ce
0x000000001d40ef20:   000000001f6029b0 0000000028129be0
0x000000001d40ef30:   0000000000000000 0000000000000000
0x000000001d40ef40:   fffffffffffffffe 0000000028142060
0x000000001d40ef50:   0000000000000000 00007ffbfc0f6bed
0x000000001d40ef60:   0000000000000000 00007ffbfce734b0
0x000000001d40ef70:   0000000028142168 0000000028142060
0x000000001d40ef80:   0000000028129c60 00007ffbfc3dc6d5
0x000000001d40ef90:   0000000028129be0 0000000000000000
0x000000001d40efa0:   0000000028142830 0000000002a2c400
0x000000001d40efb0:   00007ffbfce734b0 00007ffbfc3e04b8
0x000000001d40efc0:   000000001d40f049 0000000028142060
0x000000001d40efd0:   0000000028142880 000000001d40f049
0x000000001d40efe0:   00007ffbfce734b0 0000000000000000 

Instructions: (pc=0x0000000061e5f01d)
0x0000000061e5effd:   8b fa 3d ab de 00 00 74 17 8b 83 88 02 00 00 3d
0x0000000061e5f00d:   ac de 00 00 74 0a 48 8b cb e8 65 03 10 00 33 db
0x0000000061e5f01d:   c7 83 70 02 00 00 05 00 00 00 83 3d 9a 86 6d 00
0x0000000061e5f02d:   01 75 09 80 3d 0c 79 6d 00 00 74 18 80 3d 04 79 


Register to memory mapping:

RAX=0x000000000000dead is an unknown value
RBX=0x0000000000000000 is an unknown value
RCX=0x000000001e726000 is an unknown value
RDX=0x000000001db0d518 is a global jni handle
RSP=0x000000001d40eef0 is pointing into the stack for thread: 0x0000000002a2c000
RBP=0x0000000000000000 is an unknown value
RSI=0x0000000028129be0 is an unknown value
RDI=0x000000001db0d518 is a global jni handle
R8 =0x0000000000c01200 is an unknown value
R9 =0x0000000000008000 is an unknown value
R10=0x00000000ffffffff is an unknown value
R11=0x000000001d40eec0 is pointing into the stack for thread: 0x0000000002a2c000
R12=0x0000000000000000 is an unknown value
R13=0x0000000000000000 is an unknown value
R14=0x0000000000000000 is an unknown value
R15=0x0000000028142168 is an unknown value


Stack: [0x000000001d310000,0x000000001d410000],  sp=0x000000001d40eef0,  free space=1019k
Native frames: (J=compiled Java code, j=interpreted, Vv=VM code, C=native code)

Java frames: (J=compiled Java code, j=interpreted, Vv=VM code)
j  com.google.ortools.constraintsolver.mainJNI.delete_RoutingModel(J)V+0
j  com.google.ortools.constraintsolver.RoutingModel.delete()V+25
j  com.google.ortools.constraintsolver.RoutingModel.finalize()V+1
J 935 C1 java.lang.ref.Finalizer.runFinalizer(Lsun/misc/JavaLangAccess;)V (62 bytes) @ 0x0000000002d9ddd4 [0x0000000002d9d840+0x594]
J 934 C1 java.lang.ref.Finalizer.access$100(Ljava/lang/ref/Finalizer;Lsun/misc/JavaLangAccess;)V (6 bytes) @ 0x0000000002da015c [0x0000000002da0100+0x5c]
j  java.lang.ref.Finalizer$FinalizerThread.run()V+45
v  ~StubRoutines::call_stub

---------------  P R O C E S S  ---------------

Java Threads: ( => current thread )
  0x000000001e720000 JavaThread "Image Fetcher 2" daemon [_thread_blocked, id=1480, stack(0x000000002dcd0000,0x000000002ddd0000)]
  0x000000001e726800 JavaThread "Image Fetcher 3" daemon [_thread_blocked, id=8576, stack(0x000000002dbd0000,0x000000002dcd0000)]
  0x000000001e71f000 JavaThread "DestroyJavaVM" [_thread_blocked, id=14636, stack(0x0000000000ea0000,0x0000000000fa0000)]
  0x000000001e721800 JavaThread "MasterRouteAgent" [_thread_blocked, id=15880, stack(0x000000002d7d0000,0x000000002d8d0000)]
  0x000000001e71e800 JavaThread "Delivery_Agent3" [_thread_in_vm, id=13084, stack(0x000000002d6d0000,0x000000002d7d0000)]
  0x000000001e725000 JavaThread "Delivery_Agent2" [_thread_in_vm, id=18352, stack(0x000000002d5d0000,0x000000002d6d0000)]
  0x000000001e724800 JavaThread "Delivery_Agent1" [_thread_in_vm, id=11752, stack(0x000000002d4d0000,0x000000002d5d0000)]
  0x000000001e723800 JavaThread "Delivery_Agent0" [_thread_in_Java, id=8028, stack(0x000000002d3d0000,0x000000002d4d0000)]
  0x000000001e723000 JavaThread "DBAgent" [_thread_blocked, id=1340, stack(0x000000002d2d0000,0x000000002d3d0000)]
  0x000000001e71d800 JavaThread "rma" [_thread_blocked, id=15308, stack(0x000000002d1d0000,0x000000002d2d0000)]
  0x000000001e722000 JavaThread "df" [_thread_blocked, id=22100, stack(0x000000002d0d0000,0x000000002d1d0000)]
  0x000000001e7f3800 JavaThread "ams" [_thread_blocked, id=18896, stack(0x000000002cfd0000,0x000000002d0d0000)]
  0x000000001e7f1800 JavaThread "Thread-13" [_thread_in_native, id=15492, stack(0x000000002ced0000,0x000000002cfd0000)]
  0x000000001e7f4800 JavaThread "Deliverer-04" [_thread_blocked, id=24980, stack(0x000000002be00000,0x000000002bf00000)]
  0x000000001e7f2000 JavaThread "Deliverer-03" [_thread_blocked, id=20308, stack(0x000000002bd00000,0x000000002be00000)]
  0x000000001e7f5000 JavaThread "Deliverer-02" [_thread_blocked, id=14844, stack(0x000000002bc00000,0x000000002bd00000)]
  0x000000001e7f3000 JavaThread "Deliverer-01" [_thread_blocked, id=22172, stack(0x000000002bb00000,0x000000002bc00000)]
  0x000000001e7f8000 JavaThread "Deliverer-00" [_thread_blocked, id=25244, stack(0x000000002ba00000,0x000000002bb00000)]
  0x000000001e7f6000 JavaThread "Thread-7" [_thread_in_native, id=1164, stack(0x000000002b900000,0x000000002ba00000)]
  0x000000001e7f7800 JavaThread "Thread-6" [_thread_blocked, id=21864, stack(0x000000002b800000,0x000000002b900000)]
  0x000000001e7f6800 JavaThread "JICPServer-8888" daemon [_thread_in_native, id=2964, stack(0x000000002b700000,0x000000002b800000)]
  0x000000001e3f1000 JavaThread "D3D Screen Updater" daemon [_thread_blocked, id=5612, stack(0x000000002a940000,0x000000002aa40000)]
  0x000000001e6bd800 JavaThread "Thread-3" [_thread_blocked, id=1248, stack(0x000000002a020000,0x000000002a120000)]
  0x000000001e6e7800 JavaThread "JADE Timer dispatcher" [_thread_blocked, id=14296, stack(0x0000000029f20000,0x000000002a020000)]
  0x000000001e291000 JavaThread "AWT-EventQueue-0" [_thread_blocked, id=6488, stack(0x000000001ee50000,0x000000001ef50000)]
  0x000000001e28f000 JavaThread "AWT-Windows" daemon [_thread_in_native, id=16044, stack(0x000000001ec50000,0x000000001ed50000)]
  0x000000001e28c800 JavaThread "AWT-Shutdown" [_thread_blocked, id=22756, stack(0x000000001eb50000,0x000000001ec50000)]
  0x000000001e28b800 JavaThread "Java2D Disposer" daemon [_thread_blocked, id=17728, stack(0x000000001ea50000,0x000000001eb50000)]
  0x000000001d82c000 JavaThread "Service Thread" daemon [_thread_blocked, id=22604, stack(0x000000001df10000,0x000000001e010000)]
  0x000000001d791000 JavaThread "C1 CompilerThread2" daemon [_thread_blocked, id=22156, stack(0x000000001de10000,0x000000001df10000)]
  0x000000001d779000 JavaThread "C2 CompilerThread1" daemon [_thread_blocked, id=23284, stack(0x000000001dd10000,0x000000001de10000)]
  0x000000001d776000 JavaThread "C2 CompilerThread0" daemon [_thread_blocked, id=18180, stack(0x000000001dc10000,0x000000001dd10000)]
  0x000000001d74d800 JavaThread "Monitor Ctrl-Break" daemon [_thread_in_native, id=17328, stack(0x000000001db10000,0x000000001dc10000)]
  0x000000001c0a9000 JavaThread "Attach Listener" daemon [_thread_blocked, id=24940, stack(0x000000001d610000,0x000000001d710000)]
  0x000000001c0a7800 JavaThread "Signal Dispatcher" daemon [_thread_blocked, id=21096, stack(0x000000001d510000,0x000000001d610000)]
=>0x0000000002a2c000 JavaThread "Finalizer" daemon [_thread_in_native, id=8288, stack(0x000000001d310000,0x000000001d410000)]
  0x0000000002a23000 JavaThread "Reference Handler" daemon [_thread_blocked, id=2632, stack(0x000000001d210000,0x000000001d310000)]

Other Threads:
  0x000000001c067800 VMThread [stack: 0x000000001d110000,0x000000001d210000] [id=20964]
  0x000000001d860000 WatcherThread [stack: 0x000000001e010000,0x000000001e110000] [id=5344]

VM state:not at safepoint (normal execution)

VM Mutex/Monitor currently owned by a thread: None

heap address: 0x00000006c0a00000, size: 4086 MB, Compressed Oops mode: Zero based, Oop shift amount: 3
Narrow klass base: 0x0000000000000000, Narrow klass shift: 3
Compressed class space size: 1073741824 Address: 0x00000007c0000000

Heap:
 PSYoungGen      total 60928K, used 2626K [0x000000076ae00000, 0x0000000772880000, 0x00000007c0000000)
  eden space 59904K, 2% used [0x000000076ae00000,0x000000076afbb6e8,0x000000076e880000)
  from space 1024K, 83% used [0x0000000772780000,0x00000007728553f8,0x0000000772880000)
  to   space 8704K, 0% used [0x0000000771780000,0x0000000771780000,0x0000000772000000)
 ParOldGen       total 97280K, used 5123K [0x00000006c0a00000, 0x00000006c6900000, 0x000000076ae00000)
  object space 97280K, 5% used [0x00000006c0a00000,0x00000006c0f00fd8,0x00000006c6900000)
 Metaspace       used 22514K, capacity 22868K, committed 23088K, reserved 1069056K
  class space    used 2847K, capacity 2964K, committed 3072K, reserved 1048576K

Card table byte_map: [0x0000000011df0000,0x00000000125f0000] byte_map_base: 0x000000000e7eb000

Marking Bits: (ParMarkBitMap*) 0x0000000062545ce0
 Begin Bits: [0x0000000012f50000, 0x0000000016f28000)
 End Bits:   [0x0000000016f28000, 0x000000001af00000)

Polling page: 0x0000000000c90000

CodeCache: size=245760Kb used=5501Kb max_used=5519Kb free=240258Kb
 bounds [0x0000000002a30000, 0x0000000002fa0000, 0x0000000011a30000]
 total_blobs=2346 nmethods=1655 adapters=603
 compilation: enabled

Compilation events (10 events):
Event: 7.909 Thread 0x000000001d791000 1791       1       java.lang.invoke.MethodHandles$Lookup::lookupClass (5 bytes)
Event: 7.909 Thread 0x000000001d791000 nmethod 1791 0x0000000002c21550 code [0x0000000002c216a0, 0x0000000002c217b0]
Event: 7.910 Thread 0x000000001d779000 1792       4       jade.core.InternalMessageQueue::receive (66 bytes)
Event: 7.910 Thread 0x000000001d776000 1793   !   4       jade.core.Agent::receive (52 bytes)
Event: 7.913 Thread 0x000000001d779000 nmethod 1792 0x0000000002f8f7d0 code [0x0000000002f8f980, 0x0000000002f8fdf0]
Event: 7.913 Thread 0x000000001d779000 1794       4       jade.core.behaviours.Behaviour::actionWrapper (59 bytes)
Event: 7.914 Thread 0x000000001d776000 nmethod 1793 0x0000000002f8cc90 code [0x0000000002f8ce60, 0x0000000002f8d7e0]
Event: 7.914 Thread 0x000000001d776000 1795       4       agents.DriverAgent$1::action (319 bytes)
Event: 7.923 Thread 0x000000001d776000 nmethod 1795 0x0000000002f94d50 code [0x0000000002f950a0, 0x0000000002f96118]
Event: 7.927 Thread 0x000000001d779000 nmethod 1794 0x0000000002f97290 code [0x0000000002f97680, 0x0000000002f98eb8]

GC Heap History (10 events):
Event: 7.405 GC heap before
{Heap before GC invocations=7 (full 0):
 PSYoungGen      total 68096K, used 67680K [0x000000076ae00000, 0x000000076f900000, 0x00000007c0000000)
  eden space 62464K, 100% used [0x000000076ae00000,0x000000076eb00000,0x000000076eb00000)
  from space 5632K, 92% used [0x000000076f380000,0x000000076f898110,0x000000076f900000)
  to   space 6656K, 0% used [0x000000076ec00000,0x000000076ec00000,0x000000076f280000)
 ParOldGen       total 175104K, used 40K [0x00000006c0a00000, 0x00000006cb500000, 0x000000076ae00000)
  object space 175104K, 0% used [0x00000006c0a00000,0x00000006c0a0a000,0x00000006cb500000)
 Metaspace       used 20925K, capacity 21258K, committed 21296K, reserved 1069056K
  class space    used 2705K, capacity 2787K, committed 2816K, reserved 1048576K
Event: 7.409 GC heap after
Heap after GC invocations=7 (full 0):
 PSYoungGen      total 70144K, used 128K [0x000000076ae00000, 0x0000000773700000, 0x00000007c0000000)
  eden space 63488K, 0% used [0x000000076ae00000,0x000000076ae00000,0x000000076ec00000)
  from space 6656K, 1% used [0x000000076ec00000,0x000000076ec20000,0x000000076f280000)
  to   space 7680K, 0% used [0x0000000772f80000,0x0000000772f80000,0x0000000773700000)
 ParOldGen       total 175104K, used 5159K [0x00000006c0a00000, 0x00000006cb500000, 0x000000076ae00000)
  object space 175104K, 2% used [0x00000006c0a00000,0x00000006c0f09e08,0x00000006cb500000)
 Metaspace       used 20925K, capacity 21258K, committed 21296K, reserved 1069056K
  class space    used 2705K, capacity 2787K, committed 2816K, reserved 1048576K
}
Event: 7.612 GC heap before
{Heap before GC invocations=8 (full 0):
 PSYoungGen      total 70144K, used 63616K [0x000000076ae00000, 0x0000000773700000, 0x00000007c0000000)
  eden space 63488K, 100% used [0x000000076ae00000,0x000000076ec00000,0x000000076ec00000)
  from space 6656K, 1% used [0x000000076ec00000,0x000000076ec20000,0x000000076f280000)
  to   space 7680K, 0% used [0x0000000772f80000,0x0000000772f80000,0x0000000773700000)
 ParOldGen       total 175104K, used 5159K [0x00000006c0a00000, 0x00000006cb500000, 0x000000076ae00000)
  object space 175104K, 2% used [0x00000006c0a00000,0x00000006c0f09e08,0x00000006cb500000)
 Metaspace       used 20926K, capacity 21258K, committed 21296K, reserved 1069056K
  class space    used 2705K, capacity 2787K, committed 2816K, reserved 1048576K
Event: 7.613 GC heap after
Heap after GC invocations=8 (full 0):
 PSYoungGen      total 62464K, used 128K [0x000000076ae00000, 0x0000000773000000, 0x00000007c0000000)
  eden space 61952K, 0% used [0x000000076ae00000,0x000000076ae00000,0x000000076ea80000)
  from space 512K, 25% used [0x0000000772f80000,0x0000000772fa0000,0x0000000773000000)
  to   space 8192K, 0% used [0x0000000772000000,0x0000000772000000,0x0000000772800000)
 ParOldGen       total 175104K, used 5175K [0x00000006c0a00000, 0x00000006cb500000, 0x000000076ae00000)
  object space 175104K, 2% used [0x00000006c0a00000,0x00000006c0f0de08,0x00000006cb500000)
 Metaspace       used 20926K, capacity 21258K, committed 21296K, reserved 1069056K
  class space    used 2705K, capacity 2787K, committed 2816K, reserved 1048576K
}
Event: 7.816 GC heap before
{Heap before GC invocations=9 (full 0):
 PSYoungGen      total 62464K, used 54979K [0x000000076ae00000, 0x0000000773000000, 0x00000007c0000000)
  eden space 61952K, 88% used [0x000000076ae00000,0x000000076e390e90,0x000000076ea80000)
  from space 512K, 25% used [0x0000000772f80000,0x0000000772fa0000,0x0000000773000000)
  to   space 8192K, 0% used [0x0000000772000000,0x0000000772000000,0x0000000772800000)
 ParOldGen       total 175104K, used 5175K [0x00000006c0a00000, 0x00000006cb500000, 0x000000076ae00000)
  object space 175104K, 2% used [0x00000006c0a00000,0x00000006c0f0de08,0x00000006cb500000)
 Metaspace       used 20970K, capacity 21258K, committed 21296K, reserved 1069056K
  class space    used 2711K, capacity 2787K, committed 2816K, reserved 1048576K
Event: 7.816 GC heap after
Heap after GC invocations=9 (full 0):
 PSYoungGen      total 61440K, used 160K [0x000000076ae00000, 0x0000000773000000, 0x00000007c0000000)
  eden space 60928K, 0% used [0x000000076ae00000,0x000000076ae00000,0x000000076e980000)
  from space 512K, 31% used [0x0000000772000000,0x0000000772028000,0x0000000772080000)
  to   space 8704K, 0% used [0x0000000772780000,0x0000000772780000,0x0000000773000000)
 ParOldGen       total 175104K, used 5223K [0x00000006c0a00000, 0x00000006cb500000, 0x000000076ae00000)
  object space 175104K, 2% used [0x00000006c0a00000,0x00000006c0f19e08,0x00000006cb500000)
 Metaspace       used 20970K, capacity 21258K, committed 21296K, reserved 1069056K
  class space    used 2711K, capacity 2787K, committed 2816K, reserved 1048576K
}
Event: 7.816 GC heap before
{Heap before GC invocations=10 (full 1):
 PSYoungGen      total 61440K, used 160K [0x000000076ae00000, 0x0000000773000000, 0x00000007c0000000)
  eden space 60928K, 0% used [0x000000076ae00000,0x000000076ae00000,0x000000076e980000)
  from space 512K, 31% used [0x0000000772000000,0x0000000772028000,0x0000000772080000)
  to   space 8704K, 0% used [0x0000000772780000,0x0000000772780000,0x0000000773000000)
 ParOldGen       total 175104K, used 5223K [0x00000006c0a00000, 0x00000006cb500000, 0x000000076ae00000)
  object space 175104K, 2% used [0x00000006c0a00000,0x00000006c0f19e08,0x00000006cb500000)
 Metaspace       used 20970K, capacity 21258K, committed 21296K, reserved 1069056K
  class space    used 2711K, capacity 2787K, committed 2816K, reserved 1048576K
Event: 7.847 GC heap after
Heap after GC invocations=10 (full 1):
 PSYoungGen      total 61440K, used 0K [0x000000076ae00000, 0x0000000773000000, 0x00000007c0000000)
  eden space 60928K, 0% used [0x000000076ae00000,0x000000076ae00000,0x000000076e980000)
  from space 512K, 0% used [0x0000000772000000,0x0000000772000000,0x0000000772080000)
  to   space 8704K, 0% used [0x0000000772780000,0x0000000772780000,0x0000000773000000)
 ParOldGen       total 97280K, used 5115K [0x00000006c0a00000, 0x00000006c6900000, 0x000000076ae00000)
  object space 97280K, 5% used [0x00000006c0a00000,0x00000006c0efefd8,0x00000006c6900000)
 Metaspace       used 20970K, capacity 21258K, committed 21296K, reserved 1069056K
  class space    used 2711K, capacity 2787K, committed 2816K, reserved 1048576K
}
Event: 8.091 GC heap before
{Heap before GC invocations=11 (full 1):
 PSYoungGen      total 61440K, used 60928K [0x000000076ae00000, 0x0000000773000000, 0x00000007c0000000)
  eden space 60928K, 100% used [0x000000076ae00000,0x000000076e980000,0x000000076e980000)
  from space 512K, 0% used [0x0000000772000000,0x0000000772000000,0x0000000772080000)
  to   space 8704K, 0% used [0x0000000772780000,0x0000000772780000,0x0000000773000000)
 ParOldGen       total 97280K, used 5115K [0x00000006c0a00000, 0x00000006c6900000, 0x000000076ae00000)
  object space 97280K, 5% used [0x00000006c0a00000,0x00000006c0efefd8,0x00000006c6900000)
 Metaspace       used 22514K, capacity 22868K, committed 23088K, reserved 1069056K
  class space    used 2847K, capacity 2964K, committed 3072K, reserved 1048576K
Event: 8.092 GC heap after
Heap after GC invocations=11 (full 1):
 PSYoungGen      total 60928K, used 852K [0x000000076ae00000, 0x0000000772880000, 0x00000007c0000000)
  eden space 59904K, 0% used [0x000000076ae00000,0x000000076ae00000,0x000000076e880000)
  from space 1024K, 83% used [0x0000000772780000,0x00000007728553f8,0x0000000772880000)
  to   space 8704K, 0% used [0x0000000771780000,0x0000000771780000,0x0000000772000000)
 ParOldGen       total 97280K, used 5123K [0x00000006c0a00000, 0x00000006c6900000, 0x000000076ae00000)
  object space 97280K, 5% used [0x00000006c0a00000,0x00000006c0f00fd8,0x00000006c6900000)
 Metaspace       used 22514K, capacity 22868K, committed 23088K, reserved 1069056K
  class space    used 2847K, capacity 2964K, committed 3072K, reserved 1048576K
}

Deoptimization events (10 events):
Event: 6.006 Thread 0x000000001e71e800 Uncommon trap: reason=speculate_class_check action=maybe_recompile pc=0x0000000002e31e90 method=jade.core.Agent$ActiveLifeCycle.execute()V @ 21
Event: 6.026 Thread 0x000000001e71d800 Uncommon trap: reason=unstable_if action=reinterpret pc=0x0000000002db4c78 method=java.lang.CharacterData.of(I)Ljava/lang/CharacterData; @ 4
Event: 6.046 Thread 0x000000001e71d800 Uncommon trap: reason=unstable_if action=reinterpret pc=0x0000000002eaa8bc method=java.lang.Character.isSurrogate(C)Z @ 3
Event: 6.824 Thread 0x000000001e71d800 Uncommon trap: reason=speculate_class_check action=maybe_recompile pc=0x0000000002e8b7c4 method=jade.core.Agent$ActiveLifeCycle.execute()V @ 69
Event: 6.826 Thread 0x000000001e71d800 Uncommon trap: reason=speculate_class_check action=maybe_recompile pc=0x0000000002e8b7c4 method=jade.core.Agent$ActiveLifeCycle.execute()V @ 69
Event: 6.833 Thread 0x000000001e71d800 Uncommon trap: reason=null_check action=make_not_entrant pc=0x0000000002f2d550 method=jade.content.onto.Ontology.getSchema(Ljava/lang/String;)Ljade/content/schema/ObjectSchema; @ 39
Event: 7.848 Thread 0x000000001e726000 Uncommon trap: reason=unstable_if action=reinterpret pc=0x0000000002cbbd44 method=java.util.HashMap.getNode(ILjava/lang/Object;)Ljava/util/HashMap$Node; @ 62
Event: 7.848 Thread 0x000000001e726000 Uncommon trap: reason=unstable_if action=reinterpret pc=0x0000000002cb1538 method=java.util.HashMap.getNode(ILjava/lang/Object;)Ljava/util/HashMap$Node; @ 62
Event: 7.906 Thread 0x000000001e71e800 Uncommon trap: reason=unstable_if action=reinterpret pc=0x0000000002e27d5c method=agents.DriverAgent$1.action()V @ 9
Event: 7.910 Thread 0x000000001e71e800 Uncommon trap: reason=bimorphic action=maybe_recompile pc=0x0000000002f45390 method=jade.core.Agent$ActiveLifeCycle.execute()V @ 69

Classes redefined (0 events):
No events

Internal exceptions (10 events):
Event: 7.851 Thread 0x000000001e726000 Exception <a 'java/lang/ArrayIndexOutOfBoundsException': 0> (0x000000076b0489e8) thrown at [C:\re\workspace\8-2-build-windows-amd64-cygwin\jdk8u202\12323\hotspot\src\share\vm\interpreter\interpreterRuntime.cpp, line 368]
Event: 7.851 Thread 0x000000001e726000 Exception <a 'java/lang/ArrayIndexOutOfBoundsException': 1> (0x000000076b049630) thrown at [C:\re\workspace\8-2-build-windows-amd64-cygwin\jdk8u202\12323\hotspot\src\share\vm\interpreter\interpreterRuntime.cpp, line 368]
Event: 7.851 Thread 0x000000001e726000 Exception <a 'java/lang/ArrayIndexOutOfBoundsException': 2> (0x000000076b04a250) thrown at [C:\re\workspace\8-2-build-windows-amd64-cygwin\jdk8u202\12323\hotspot\src\share\vm\interpreter\interpreterRuntime.cpp, line 368]
Event: 7.851 Thread 0x000000001e726000 Exception <a 'java/lang/ArrayIndexOutOfBoundsException': 3> (0x000000076b04ae70) thrown at [C:\re\workspace\8-2-build-windows-amd64-cygwin\jdk8u202\12323\hotspot\src\share\vm\interpreter\interpreterRuntime.cpp, line 368]
Event: 7.851 Thread 0x000000001e726000 Exception <a 'java/lang/ArrayIndexOutOfBoundsException': 4> (0x000000076b04ba78) thrown at [C:\re\workspace\8-2-build-windows-amd64-cygwin\jdk8u202\12323\hotspot\src\share\vm\interpreter\interpreterRuntime.cpp, line 368]
Event: 7.851 Thread 0x000000001e726000 Exception <a 'java/lang/ArrayIndexOutOfBoundsException': 5> (0x000000076b04c698) thrown at [C:\re\workspace\8-2-build-windows-amd64-cygwin\jdk8u202\12323\hotspot\src\share\vm\interpreter\interpreterRuntime.cpp, line 368]
Event: 7.851 Thread 0x000000001e726000 Exception <a 'java/lang/ArrayIndexOutOfBoundsException': 6> (0x000000076b04d2b8) thrown at [C:\re\workspace\8-2-build-windows-amd64-cygwin\jdk8u202\12323\hotspot\src\share\vm\interpreter\interpreterRuntime.cpp, line 368]
Event: 7.851 Thread 0x000000001e726000 Exception <a 'java/lang/ArrayIndexOutOfBoundsException': 0> (0x000000076b04de30) thrown at [C:\re\workspace\8-2-build-windows-amd64-cygwin\jdk8u202\12323\hotspot\src\share\vm\interpreter\interpreterRuntime.cpp, line 368]
Event: 7.851 Thread 0x000000001e726000 Exception <a 'java/lang/ArrayIndexOutOfBoundsException': 7> (0x000000076b04e5a0) thrown at [C:\re\workspace\8-2-build-windows-amd64-cygwin\jdk8u202\12323\hotspot\src\share\vm\interpreter\interpreterRuntime.cpp, line 368]
Event: 7.851 Thread 0x000000001e726000 Exception <a 'java/lang/ArrayIndexOutOfBoundsException': 8> (0x000000076b04f1c0) thrown at [C:\re\workspace\8-2-build-windows-amd64-cygwin\jdk8u202\12323\hotspot\src\share\vm\interpreter\interpreterRuntime.cpp, line 368]

Events (10 events):
Event: 7.909 loading class java/util/stream/Sink$ChainedReference
Event: 7.909 loading class java/util/stream/Sink$ChainedReference done
Event: 7.910 loading class java/util/stream/ReferencePipeline$4$1 done
Event: 7.910 Thread 0x000000001e71e800 Uncommon trap: trap_request=0xffffffc6 fr.pc=0x0000000002f45390
Event: 7.910 Thread 0x000000001e71e800 DEOPT PACKING pc=0x0000000002f45390 sp=0x000000002d7cf480
Event: 7.910 Thread 0x000000001e71e800 DEOPT UNPACKING pc=0x0000000002a7583b sp=0x000000002d7cf428 mode 2
Event: 7.913 Thread 0x000000001d779000 flushing nmethod 0x0000000002cc1590
Event: 7.914 Thread 0x000000001d776000 flushing nmethod 0x0000000002ce30d0
Event: 8.091 Executing VM operation: ParallelGCFailedAllocation
Event: 8.092 Executing VM operation: ParallelGCFailedAllocation done


Dynamic libraries:
0x00007ff7ab860000 - 0x00007ff7ab897000 	C:\Program Files\Java\jdk1.8.0_202\bin\java.exe
0x00007ffc79e30000 - 0x00007ffc7a01d000 	C:\WINDOWS\SYSTEM32\ntdll.dll
0x00007ffc4eb10000 - 0x00007ffc4eb24000 	C:\Program Files (x86)\AVG\Antivirus\aswhook.dll
0x00007ffc788f0000 - 0x00007ffc789a3000 	C:\WINDOWS\System32\KERNEL32.DLL
0x00007ffc76200000 - 0x00007ffc76493000 	C:\WINDOWS\System32\KERNELBASE.dll
0x00007ffc78cc0000 - 0x00007ffc78d63000 	C:\WINDOWS\System32\ADVAPI32.dll
0x00007ffc799d0000 - 0x00007ffc79a6e000 	C:\WINDOWS\System32\msvcrt.dll
0x00007ffc77130000 - 0x00007ffc771ce000 	C:\WINDOWS\System32\sechost.dll
0x00007ffc78a20000 - 0x00007ffc78b42000 	C:\WINDOWS\System32\RPCRT4.dll
0x00007ffc78d70000 - 0x00007ffc78f07000 	C:\WINDOWS\System32\USER32.dll
0x00007ffc76c60000 - 0x00007ffc76c80000 	C:\WINDOWS\System32\win32u.dll
0x00007ffc786d0000 - 0x00007ffc786f9000 	C:\WINDOWS\System32\GDI32.dll
0x00007ffc76c80000 - 0x00007ffc76e19000 	C:\WINDOWS\System32\gdi32full.dll
0x00007ffc76e20000 - 0x00007ffc76ec0000 	C:\WINDOWS\System32\msvcp_win.dll
0x00007ffc76100000 - 0x00007ffc761fa000 	C:\WINDOWS\System32\ucrtbase.dll
0x00007ffc6b0e0000 - 0x00007ffc6b359000 	C:\WINDOWS\WinSxS\amd64_microsoft.windows.common-controls_6595b64144ccf1df_6.0.17763.802_none_05b1445c0722d2cc\COMCTL32.dll
0x00007ffc795b0000 - 0x00007ffc798dc000 	C:\WINDOWS\System32\combase.dll
0x00007ffc76f20000 - 0x00007ffc76f9e000 	C:\WINDOWS\System32\bcryptPrimitives.dll
0x00007ffc78810000 - 0x00007ffc7883e000 	C:\WINDOWS\System32\IMM32.DLL
0x00000000625d0000 - 0x00000000626a2000 	C:\Program Files\Java\jdk1.8.0_202\jre\bin\msvcr100.dll
0x0000000061d20000 - 0x00000000625c5000 	C:\Program Files\Java\jdk1.8.0_202\jre\bin\server\jvm.dll
0x00007ffc77120000 - 0x00007ffc77128000 	C:\WINDOWS\System32\PSAPI.DLL
0x00007ffc69040000 - 0x00007ffc69049000 	C:\WINDOWS\SYSTEM32\WSOCK32.dll
0x00007ffc798e0000 - 0x00007ffc7994d000 	C:\WINDOWS\System32\WS2_32.dll
0x00007ffc73fa0000 - 0x00007ffc73fc4000 	C:\WINDOWS\SYSTEM32\WINMM.dll
0x00007ffc70d50000 - 0x00007ffc70d5a000 	C:\WINDOWS\SYSTEM32\VERSION.dll
0x00007ffc73f70000 - 0x00007ffc73f9d000 	C:\WINDOWS\SYSTEM32\WINMMBASE.dll
0x00007ffc76c10000 - 0x00007ffc76c5a000 	C:\WINDOWS\System32\cfgmgr32.dll
0x00007ffc56340000 - 0x00007ffc5634f000 	C:\Program Files\Java\jdk1.8.0_202\jre\bin\verify.dll
0x00007ffc43920000 - 0x00007ffc43949000 	C:\Program Files\Java\jdk1.8.0_202\jre\bin\java.dll
0x00007ffc52150000 - 0x00007ffc52173000 	C:\Program Files\Java\jdk1.8.0_202\jre\bin\instrument.dll
0x00007ffc4b840000 - 0x00007ffc4b856000 	C:\Program Files\Java\jdk1.8.0_202\jre\bin\zip.dll
0x00007ffc771d0000 - 0x00007ffc786c4000 	C:\WINDOWS\System32\SHELL32.dll
0x00007ffc79c20000 - 0x00007ffc79cc8000 	C:\WINDOWS\System32\shcore.dll
0x00007ffc764a0000 - 0x00007ffc76bed000 	C:\WINDOWS\System32\windows.storage.dll
0x00007ffc75ea0000 - 0x00007ffc75ec4000 	C:\WINDOWS\System32\profapi.dll
0x00007ffc75e40000 - 0x00007ffc75e9d000 	C:\WINDOWS\System32\powrprof.dll
0x00007ffc79970000 - 0x00007ffc799c2000 	C:\WINDOWS\System32\shlwapi.dll
0x00007ffc75e20000 - 0x00007ffc75e31000 	C:\WINDOWS\System32\kernel.appcore.dll
0x00007ffc76bf0000 - 0x00007ffc76c07000 	C:\WINDOWS\System32\cryptsp.dll
0x00007ffc52130000 - 0x00007ffc5214a000 	C:\Program Files\JetBrains\IntelliJ IDEA Community Edition 2019.2\bin\breakgen64.dll
0x00007ffc44880000 - 0x00007ffc4489a000 	C:\Program Files\Java\jdk1.8.0_202\jre\bin\net.dll
0x00007ffc6a1a0000 - 0x00007ffc6a377000 	C:\WINDOWS\SYSTEM32\urlmon.dll
0x00007ffc6aa00000 - 0x00007ffc6aca8000 	C:\WINDOWS\SYSTEM32\iertutil.dll
0x00007ffc75860000 - 0x00007ffc7586c000 	C:\WINDOWS\SYSTEM32\CRYPTBASE.DLL
0x00007ffc75690000 - 0x00007ffc756f7000 	C:\WINDOWS\system32\mswsock.dll
0x00007ffc2fb30000 - 0x00007ffc2fcc9000 	C:\Program Files\Java\jdk1.8.0_202\jre\bin\awt.dll
0x00007ffc77050000 - 0x00007ffc77114000 	C:\WINDOWS\System32\OLEAUT32.dll
0x00007ffc740d0000 - 0x00007ffc7415c000 	C:\WINDOWS\SYSTEM32\apphelp.dll
0x00007ffc743f0000 - 0x00007ffc7448c000 	C:\WINDOWS\system32\uxtheme.dll
0x00007ffc78b50000 - 0x00007ffc78cbb000 	C:\WINDOWS\System32\MSCTF.dll
0x00007ffc746d0000 - 0x00007ffc746fe000 	C:\WINDOWS\system32\dwmapi.dll
0x00007ffc75ef0000 - 0x00007ffc760cb000 	C:\WINDOWS\System32\CRYPT32.dll
0x00007ffc75ed0000 - 0x00007ffc75ee2000 	C:\WINDOWS\System32\MSASN1.dll
0x00007ffc78f10000 - 0x00007ffc79065000 	C:\WINDOWS\System32\ole32.dll
0x00007ffc36a10000 - 0x00007ffc36b37000 	C:\WINDOWS\system32\opengl32.dll
0x00007ffc444e0000 - 0x00007ffc4450c000 	C:\WINDOWS\SYSTEM32\GLU32.dll
0x00007ffc6a860000 - 0x00007ffc6a9fe000 	C:\WINDOWS\system32\d3d9.dll
0x00007ffc70e10000 - 0x00007ffc70efe000 	C:\WINDOWS\System32\DriverStore\FileRepository\nv_dispi.inf_amd64_827405c7c65146ab\nvldumdx.dll
0x00007ffc76ec0000 - 0x00007ffc76f19000 	C:\WINDOWS\System32\WINTRUST.DLL
0x00007ffc79950000 - 0x00007ffc7996d000 	C:\WINDOWS\System32\imagehlp.dll
0x00007ffc75210000 - 0x00007ffc75243000 	C:\WINDOWS\system32\rsaenh.dll
0x00007ffc760d0000 - 0x00007ffc760f6000 	C:\WINDOWS\System32\bcrypt.dll
0x00007ffc1c050000 - 0x00007ffc1d519000 	C:\WINDOWS\System32\DriverStore\FileRepository\nv_dispi.inf_amd64_827405c7c65146ab\nvd3dumx.dll
0x00007ffc753b0000 - 0x00007ffc753ed000 	C:\WINDOWS\SYSTEM32\IPHLPAPI.DLL
0x00007ffc78780000 - 0x00007ffc78788000 	C:\WINDOWS\System32\NSI.dll
0x00007ffc701e0000 - 0x00007ffc701f6000 	C:\WINDOWS\SYSTEM32\dhcpcsvc6.DLL
0x00007ffc701c0000 - 0x00007ffc701dc000 	C:\WINDOWS\SYSTEM32\dhcpcsvc.DLL
0x00007ffc753f0000 - 0x00007ffc754b6000 	C:\WINDOWS\SYSTEM32\DNSAPI.dll
0x00007ffc37200000 - 0x00007ffc374c1000 	C:\WINDOWS\system32\nvspcap64.dll
0x00007ffc74e70000 - 0x00007ffc74ea1000 	C:\WINDOWS\SYSTEM32\ntmarta.dll
0x00007ffc74ab0000 - 0x00007ffc74ad2000 	C:\WINDOWS\SYSTEM32\gpapi.dll
0x00007ffc6bf60000 - 0x00007ffc6bf8f000 	C:\WINDOWS\SYSTEM32\cryptnet.dll
0x00007ffc6cba0000 - 0x00007ffc6cbaa000 	C:\Windows\System32\rasadhlp.dll
0x00007ffc6b8a0000 - 0x00007ffc6b919000 	C:\WINDOWS\System32\fwpuclnt.dll
0x00007ffc3d030000 - 0x00007ffc3d077000 	C:\Program Files\Java\jdk1.8.0_202\jre\bin\fontmanager.dll
0x00007ffc2f4e0000 - 0x00007ffc2f579000 	C:\WINDOWS\system32\RICHED20.DLL
0x00007ffc5cb00000 - 0x00007ffc5cb19000 	C:\WINDOWS\SYSTEM32\USP10.dll
0x00007ffc50130000 - 0x00007ffc50169000 	C:\WINDOWS\SYSTEM32\msls31.dll
0x00007ffc78840000 - 0x00007ffc788e2000 	C:\WINDOWS\System32\clbcatq.dll
0x00007ffc53390000 - 0x00007ffc533e6000 	C:\WINDOWS\system32\dataexchange.dll
0x00007ffc72f20000 - 0x00007ffc7319e000 	C:\WINDOWS\system32\d3d11.dll
0x00007ffc73820000 - 0x00007ffc739e3000 	C:\WINDOWS\system32\dcomp.dll
0x00007ffc74c00000 - 0x00007ffc74cc2000 	C:\WINDOWS\system32\dxgi.dll
0x00007ffc744c0000 - 0x00007ffc746cd000 	C:\WINDOWS\system32\twinapi.appcore.dll
0x00007ffc74700000 - 0x00007ffc74728000 	C:\WINDOWS\system32\RMCLIENT.dll
0x00007ffc44780000 - 0x00007ffc44792000 	C:\Program Files\Java\jdk1.8.0_202\jre\bin\nio.dll
0x00007ffc3cfe0000 - 0x00007ffc3d022000 	C:\Program Files\Java\jdk1.8.0_202\jre\bin\t2k.dll
0x00007ffc5c320000 - 0x00007ffc5c3b5000 	C:\WINDOWS\System32\TextInputFramework.dll
0x00007ffc716a0000 - 0x00007ffc719c2000 	C:\WINDOWS\System32\CoreUIComponents.dll
0x00007ffc73d50000 - 0x00007ffc73e32000 	C:\WINDOWS\System32\CoreMessaging.dll
0x00007ffc71540000 - 0x00007ffc71693000 	C:\WINDOWS\SYSTEM32\wintypes.dll
0x00007ffc5d310000 - 0x00007ffc5d326000 	C:\WINDOWS\system32\napinsp.dll
0x00007ffc5d2f0000 - 0x00007ffc5d30a000 	C:\WINDOWS\system32\pnrpnsp.dll
0x00007ffc5d250000 - 0x00007ffc5d25e000 	C:\WINDOWS\System32\winrnr.dll
0x00007ffc72500000 - 0x00007ffc7251b000 	C:\WINDOWS\system32\NLAapi.dll
0x00007ffc5d230000 - 0x00007ffc5d245000 	C:\WINDOWS\system32\wshbth.dll
0x00007ffbfc0a0000 - 0x00007ffbfd2aa000 	S:\Documents\Intelligent_Systems\jniortools.dll
0x00007ffc63a80000 - 0x00007ffc63b1b000 	C:\WINDOWS\SYSTEM32\MSVCP140.dll
0x00007ffc6c3d0000 - 0x00007ffc6c5bd000 	C:\WINDOWS\SYSTEM32\dbghelp.dll
0x00007ffc63940000 - 0x00007ffc63955000 	C:\WINDOWS\SYSTEM32\VCRUNTIME140.dll
0x00007ffc71ae0000 - 0x00007ffc71c98000 	C:\WINDOWS\SYSTEM32\WindowsCodecs.dll
0x00007ffc3cd00000 - 0x00007ffc3cd31000 	C:\Program Files\Java\jdk1.8.0_202\jre\bin\jpeg.dll

VM Arguments:
jvm_args: -Djava.library.path=S:\Documents\Intelligent_Systems -javaagent:C:\Program Files\JetBrains\IntelliJ IDEA Community Edition 2019.2\lib\idea_rt.jar=60981:C:\Program Files\JetBrains\IntelliJ IDEA Community Edition 2019.2\bin -Dfile.encoding=UTF-8 
java_command: main.Main
java_class_path (initial): C:\Program Files\Java\jdk1.8.0_202\jre\lib\charsets.jar;C:\Program Files\Java\jdk1.8.0_202\jre\lib\deploy.jar;C:\Program Files\Java\jdk1.8.0_202\jre\lib\ext\access-bridge-64.jar;C:\Program Files\Java\jdk1.8.0_202\jre\lib\ext\cldrdata.jar;C:\Program Files\Java\jdk1.8.0_202\jre\lib\ext\dnsns.jar;C:\Program Files\Java\jdk1.8.0_202\jre\lib\ext\jaccess.jar;C:\Program Files\Java\jdk1.8.0_202\jre\lib\ext\jfxrt.jar;C:\Program Files\Java\jdk1.8.0_202\jre\lib\ext\localedata.jar;C:\Program Files\Java\jdk1.8.0_202\jre\lib\ext\nashorn.jar;C:\Program Files\Java\jdk1.8.0_202\jre\lib\ext\sunec.jar;C:\Program Files\Java\jdk1.8.0_202\jre\lib\ext\sunjce_provider.jar;C:\Program Files\Java\jdk1.8.0_202\jre\lib\ext\sunmscapi.jar;C:\Program Files\Java\jdk1.8.0_202\jre\lib\ext\sunpkcs11.jar;C:\Program Files\Java\jdk1.8.0_202\jre\lib\ext\zipfs.jar;C:\Program Files\Java\jdk1.8.0_202\jre\lib\javaws.jar;C:\Program Files\Java\jdk1.8.0_202\jre\lib\jce.jar;C:\Program Files\Java\jdk1.8.0_202\jre\lib\jfr.jar;C:\Program Files\Java\jdk1.8.0_202\jre\lib\jfxswt.jar;C:\Program Files\Java\jdk1.8.0_202\jre\lib\jsse.jar;C:\Program Files\Java\jdk1.8.0_202\jre\lib\management-agent.jar;C:\Program Files\Java\jdk1.8.0_202\jre\lib\plugin.jar;C:\Program Files\Java\jdk1.8.0_202\jre\lib\resources.jar;C:\Program Files\Java\jdk1.8.0_202\jre\lib\rt.jar;S:\Documents\Intelligent_Systems\Vehicle_Routing_COS30018\out\production\Vehicle_Routing_COS30018;S:\Documents\Intelligent_Systems\com.google.ortools.jar;S:\Documents\Intelligent_Systems\protobuf.jar;S:\Documents\JAVA_LIBRARIES\choco-solver-2.1.2.jar;S:\Documents\JAVA_LIBRARIES\choco-solver-4.10.1.jar;S:\Documents\JAVA_LIBRARIES\mysql-connector-java-5.1.18-bin.jar;S:\Documents\JADE\lib\jade.jar;C:\Program Files\JetBrains\IntelliJ IDEA Community Edition 2019.2\lib\idea_rt.jar
Launcher Type: SUN_STANDARD

Environment Variables:
CLASSPATH=S:\Documents\JADE\lib\jade.jar;S:\Documents\JADE\lib\jadeTools.jar;S:\Documents\JADE\lib\commons-codec\commons-codec-1.3.jar
PATH=C:\Program Files (x86)\Common Files\Oracle\Java\javapath;C:\Program Files\Java\jdk-11.0.2;C:\Program Files (x86)\Intel\Intel(R) Management Engine Components\iCLS\;C:\Program Files\Intel\Intel(R) Management Engine Components\iCLS\;C:\WINDOWS\system32;C:\WINDOWS;C:\WINDOWS\System32\Wbem;C:\WINDOWS\System32\WindowsPowerShell\v1.0\;C:\WINDOWS\System32\OpenSSH\;C:\Program Files (x86)\Intel\Intel(R) Management Engine Components\DAL;C:\Program Files\Intel\Intel(R) Management Engine Components\DAL;C:\Program Files (x86)\Intel\Intel(R) Management Engine Components\IPT;C:\Program Files\Intel\Intel(R) Management Engine Components\IPT;C:\Program Files\NVIDIA Corporation\NVIDIA NvDLISR;C:\Program Files\Git\cmd;C:\Program Files\Microsoft VS Code\bin;C:\Program Files\nodejs\;C:\Program Files\dotnet\;C:\Program Files (x86)\Bitvise SSH Client;C:\Program Files\PuTTY\;C:\Program Files (x86)\NVIDIA Corporation\PhysX\Common;C:\WINDOWS\system32;C:\WINDOWS;C:\WINDOWS\System32\Wbem;C:\WINDOWS\System32\WindowsPowerShell\v1.0\;C:\WINDOWS\System32\OpenSSH\;C:\Program Files\Java\jre1.8.0_201\;C:\Users\KeesTim\AppData\Local\Microsoft\WindowsApps;C:\Users\KeesTim\AppData\Local\atom\bin;C:\Users\KeesTim\AppData\Roaming\npm;C:\Users\KeesTim\AppData\Local\Microsoft\WindowsApps;C:\Program Files\JetBrains\IntelliJ IDEA Community Edition 2019.2\bin;;C:\Program Files\Java\jdk1.8.0_202\bin;C:\Users\KeesTim\AppData\Local\Programs\Python\Python37;C:\Users\KeesTim\AppData\Local\Programs\Python\Python37\Scripts;
USERNAME=KeesTim
OS=Windows_NT
PROCESSOR_IDENTIFIER=Intel64 Family 6 Model 94 Stepping 3, GenuineIntel



---------------  S Y S T E M  ---------------

OS: Windows 10.0 , 64 bit Build 17763 (10.0.17763.475)

CPU:total 4 (initial active 4) (4 cores per cpu, 1 threads per core) family 6 model 94 stepping 3, cmov, cx8, fxsr, mmx, sse, sse2, sse3, ssse3, sse4.1, sse4.2, popcnt, avx, avx2, aes, clmul, erms, rtm, 3dnowpref, lzcnt, tsc, tscinvbit, bmi1, bmi2, adx

Memory: 4k page, physical 16729544k(6768508k free), swap 28263880k(10215768k free)

vm_info: Java HotSpot(TM) 64-Bit Server VM (25.202-b08) for windows-amd64 JRE (1.8.0_202-b08), built on Dec 15 2018 19:54:30 by "java_re" with MS VC++ 10.0 (VS2010)

time: Mon Oct 21 22:34:17 2019
timezone: AUS Eastern Daylight Time
elapsed time: 8 seconds (0d 0h 0m 8s)

