#
# A fatal error has been detected by the Java Runtime Environment:
#
#  EXCEPTION_ACCESS_VIOLATION (0xc0000005) at pc=0x0000000061e5f01d, pid=4100, tid=0x0000000000002b98
#
# JRE version: Java(TM) SE Runtime Environment (8.0_202-b08) (build 1.8.0_202-b08)
# Java VM: Java HotSpot(TM) 64-Bit Server VM (25.202-b08 mixed mode windows-amd64 compressed oops)
# Problematic frame:
# V  [jvm.dll+0x13f01d]
#
# Failed to write core dump. Minidumps are not enabled by default on client versions of Windows
#
# If you would like to submit a bug report, please visit:
#   http://bugreport.java.com/bugreport/crash.jsp
# The crash happened outside the Java Virtual Machine in native code.
# See problematic frame for where to report the bug.
#

---------------  T H R E A D  ---------------

Current thread (0x0000000003097800):  JavaThread "Finalizer" daemon [_thread_in_native, id=11160, stack(0x000000001d960000,0x000000001da60000)]

siginfo: ExceptionCode=0xc0000005, writing address 0x0000000000000270

Registers:
RAX=0x000000000000dead, RBX=0x0000000000000000, RCX=0x000000001f0c3800, RDX=0x000000001ef37c18
RSP=0x000000001da5eb90, RBP=0x0000000000000000, RSI=0x00000000288e3e50, RDI=0x000000001ef37c18
R8 =0x0000000000fe2b80, R9 =0x0000000000008000, R10=0x00000000ffffffff, R11=0x000000001da5eb60
R12=0x0000000000000000, R13=0x0000000000000000, R14=0x0000000000000000, R15=0x00000000289305a8
RIP=0x0000000061e5f01d, EFLAGS=0x0000000000010246

Top of Stack: (sp=0x000000001da5eb90)
0x000000001da5eb90:   0000000001240000 0000000028c253c0
0x000000001da5eba0:   0000000000000000 0000000000000000
0x000000001da5ebb0:   00000000ffffffff 00007ffbfc0f87ce
0x000000001da5ebc0:   0000000028940e10 00000000288e3e50
0x000000001da5ebd0:   0000000000000000 0000000000000000
0x000000001da5ebe0:   fffffffffffffffe 00000000289304a0
0x000000001da5ebf0:   0000000000000000 00007ffbfc0f6bed
0x000000001da5ec00:   0000000000000000 00007ffbfce734b0
0x000000001da5ec10:   00000000289305a8 00000000289304a0
0x000000001da5ec20:   00000000288e3ed0 00007ffbfc3dc6d5
0x000000001da5ec30:   00000000288e3e50 0000000000000000
0x000000001da5ec40:   0000000028930c70 0000000003098110
0x000000001da5ec50:   00007ffbfce734b0 00007ffbfc3e04b8
0x000000001da5ec60:   000000001da5ece9 00000000289304a0
0x000000001da5ec70:   0000000028930cc0 000000001da5ece9
0x000000001da5ec80:   00007ffbfce734b0 0000000000000000 

Instructions: (pc=0x0000000061e5f01d)
0x0000000061e5effd:   8b fa 3d ab de 00 00 74 17 8b 83 88 02 00 00 3d
0x0000000061e5f00d:   ac de 00 00 74 0a 48 8b cb e8 65 03 10 00 33 db
0x0000000061e5f01d:   c7 83 70 02 00 00 05 00 00 00 83 3d 9a 86 6d 00
0x0000000061e5f02d:   01 75 09 80 3d 0c 79 6d 00 00 74 18 80 3d 04 79 


Register to memory mapping:

RAX=0x000000000000dead is an unknown value
RBX=0x0000000000000000 is an unknown value
RCX=0x000000001f0c3800 is an unknown value
RDX=0x000000001ef37c18 is a global jni handle
RSP=0x000000001da5eb90 is pointing into the stack for thread: 0x0000000003097800
RBP=0x0000000000000000 is an unknown value
RSI=0x00000000288e3e50 is an unknown value
RDI=0x000000001ef37c18 is a global jni handle
R8 =0x0000000000fe2b80 is an unknown value
R9 =0x0000000000008000 is an unknown value
R10=0x00000000ffffffff is an unknown value
R11=0x000000001da5eb60 is pointing into the stack for thread: 0x0000000003097800
R12=0x0000000000000000 is an unknown value
R13=0x0000000000000000 is an unknown value
R14=0x0000000000000000 is an unknown value
R15=0x00000000289305a8 is an unknown value


Stack: [0x000000001d960000,0x000000001da60000],  sp=0x000000001da5eb90,  free space=1018k
Native frames: (J=compiled Java code, j=interpreted, Vv=VM code, C=native code)

Java frames: (J=compiled Java code, j=interpreted, Vv=VM code)
j  com.google.ortools.constraintsolver.mainJNI.delete_RoutingModel(J)V+0
j  com.google.ortools.constraintsolver.RoutingModel.delete()V+25
j  com.google.ortools.constraintsolver.RoutingModel.finalize()V+1
J 927 C1 java.lang.ref.Finalizer.runFinalizer(Lsun/misc/JavaLangAccess;)V (62 bytes) @ 0x000000000343343c [0x0000000003432ea0+0x59c]
J 926 C1 java.lang.ref.Finalizer.access$100(Ljava/lang/ref/Finalizer;Lsun/misc/JavaLangAccess;)V (6 bytes) @ 0x0000000003432af4 [0x0000000003432a80+0x74]
j  java.lang.ref.Finalizer$FinalizerThread.run()V+45
v  ~StubRoutines::call_stub

---------------  P R O C E S S  ---------------

Java Threads: ( => current thread )
  0x000000001f0c4000 JavaThread "Image Fetcher 3" daemon [_thread_blocked, id=21188, stack(0x000000002c3e0000,0x000000002c4e0000)]
  0x000000001f0bc800 JavaThread "Image Fetcher 2" daemon [_thread_blocked, id=6228, stack(0x000000002c2e0000,0x000000002c3e0000)]
  0x000000001f0bf800 JavaThread "DestroyJavaVM" [_thread_blocked, id=19648, stack(0x0000000002c40000,0x0000000002d40000)]
  0x000000001f0bb800 JavaThread "MasterRouteAgent" [_thread_blocked, id=12460, stack(0x000000002bee0000,0x000000002bfe0000)]
  0x000000001f0c0800 JavaThread "Delivery_Agent3" [_thread_in_vm, id=22492, stack(0x000000002ae10000,0x000000002af10000)]
  0x000000001f0c2000 JavaThread "Delivery_Agent2" [_thread_in_vm, id=21740, stack(0x000000002ad10000,0x000000002ae10000)]
  0x000000001f0c2800 JavaThread "Delivery_Agent1" [_thread_in_vm, id=10664, stack(0x000000002ac10000,0x000000002ad10000)]
  0x000000001f0c1000 JavaThread "Delivery_Agent0" [_thread_in_vm, id=16212, stack(0x000000002ab10000,0x000000002ac10000)]
  0x000000001f111000 JavaThread "rma" [_thread_blocked, id=15844, stack(0x000000002a910000,0x000000002aa10000)]
  0x000000001f110000 JavaThread "df" [_thread_blocked, id=21952, stack(0x000000002a810000,0x000000002a910000)]
  0x000000001f10f800 JavaThread "ams" [_thread_blocked, id=23308, stack(0x000000002a710000,0x000000002a810000)]
  0x000000001f10e000 JavaThread "Thread-13" [_thread_in_native, id=1368, stack(0x000000002a400000,0x000000002a500000)]
  0x000000001f10c800 JavaThread "Deliverer-04" [_thread_blocked, id=9996, stack(0x000000002a300000,0x000000002a400000)]
  0x000000001f10b800 JavaThread "Deliverer-03" [_thread_blocked, id=22476, stack(0x000000002a200000,0x000000002a300000)]
  0x000000001f111800 JavaThread "Deliverer-02" [_thread_blocked, id=9504, stack(0x000000002a100000,0x000000002a200000)]
  0x000000001f10b000 JavaThread "Deliverer-01" [_thread_blocked, id=11268, stack(0x000000002a000000,0x000000002a100000)]
  0x000000001f10d000 JavaThread "Deliverer-00" [_thread_blocked, id=15520, stack(0x0000000029f00000,0x000000002a000000)]
  0x000000001f10e800 JavaThread "Thread-7" [_thread_in_native, id=8332, stack(0x0000000029c00000,0x0000000029d00000)]
  0x000000001f0f5800 JavaThread "Thread-6" [_thread_blocked, id=23540, stack(0x0000000029b00000,0x0000000029c00000)]
  0x000000001f0dc800 JavaThread "JICPServer-8888" daemon [_thread_in_native, id=12476, stack(0x0000000029a00000,0x0000000029b00000)]
  0x000000001f01c000 JavaThread "D3D Screen Updater" daemon [_thread_blocked, id=17508, stack(0x00000000297c0000,0x00000000298c0000)]
  0x000000001f069000 JavaThread "JADE Timer dispatcher" [_thread_blocked, id=15820, stack(0x00000000296c0000,0x00000000297c0000)]
  0x000000001edac800 JavaThread "Thread-2" [_thread_blocked, id=2372, stack(0x0000000028dc0000,0x0000000028ec0000)]
  0x000000001e44a800 JavaThread "AWT-EventQueue-0" [_thread_blocked, id=21840, stack(0x000000001f680000,0x000000001f780000)]
  0x000000001eb3c800 JavaThread "AWT-Windows" daemon [_thread_in_native, id=23032, stack(0x000000001f4a0000,0x000000001f5a0000)]
  0x000000001eaed800 JavaThread "AWT-Shutdown" [_thread_blocked, id=3044, stack(0x000000001f3a0000,0x000000001f4a0000)]
  0x000000001eaec800 JavaThread "Java2D Disposer" daemon [_thread_blocked, id=22052, stack(0x000000001f2a0000,0x000000001f3a0000)]
  0x000000001e1e8000 JavaThread "Service Thread" daemon [_thread_blocked, id=12712, stack(0x000000001e760000,0x000000001e860000)]
  0x000000001e169000 JavaThread "C1 CompilerThread2" daemon [_thread_blocked, id=21568, stack(0x000000001e660000,0x000000001e760000)]
  0x000000001e162000 JavaThread "C2 CompilerThread1" daemon [_thread_in_native, id=1060, stack(0x000000001e560000,0x000000001e660000)]
  0x000000001e161000 JavaThread "C2 CompilerThread0" daemon [_thread_blocked, id=13220, stack(0x000000001e460000,0x000000001e560000)]
  0x000000001c733000 JavaThread "JDWP Command Reader" daemon [_thread_in_native, id=7108, stack(0x000000001df60000,0x000000001e060000)]
  0x000000001c72f800 JavaThread "JDWP Event Helper Thread" daemon [_thread_blocked, id=19596, stack(0x000000001de60000,0x000000001df60000)]
  0x000000001c723000 JavaThread "JDWP Transport Listener: dt_socket" daemon [_thread_blocked, id=19512, stack(0x000000001dd60000,0x000000001de60000)]
  0x000000001c719000 JavaThread "Attach Listener" daemon [_thread_blocked, id=15580, stack(0x000000001dc60000,0x000000001dd60000)]
  0x000000001c718000 JavaThread "Signal Dispatcher" daemon [_thread_blocked, id=8640, stack(0x000000001db60000,0x000000001dc60000)]
=>0x0000000003097800 JavaThread "Finalizer" daemon [_thread_in_native, id=11160, stack(0x000000001d960000,0x000000001da60000)]
  0x000000001c6fa000 JavaThread "Reference Handler" daemon [_thread_blocked, id=21048, stack(0x000000001d860000,0x000000001d960000)]

Other Threads:
  0x000000001c6d8000 VMThread [stack: 0x000000001d760000,0x000000001d860000] [id=17628]
  0x000000001e224000 WatcherThread [stack: 0x000000001e860000,0x000000001e960000] [id=6416]

VM state:not at safepoint (normal execution)

VM Mutex/Monitor currently owned by a thread: None

heap address: 0x00000006c0a00000, size: 4086 MB, Compressed Oops mode: Zero based, Oop shift amount: 3
Narrow klass base: 0x0000000000000000, Narrow klass shift: 3
Compressed class space size: 1073741824 Address: 0x00000007c0000000

Heap:
 PSYoungGen      total 65536K, used 7697K [0x000000076ae00000, 0x000000076f600000, 0x00000007c0000000)
  eden space 60416K, 10% used [0x000000076ae00000,0x000000076b433820,0x000000076e900000)
  from space 5120K, 26% used [0x000000076f100000,0x000000076f250f88,0x000000076f600000)
  to   space 6656K, 0% used [0x000000076e900000,0x000000076e900000,0x000000076ef80000)
 ParOldGen       total 71168K, used 5374K [0x00000006c0a00000, 0x00000006c4f80000, 0x000000076ae00000)
  object space 71168K, 7% used [0x00000006c0a00000,0x00000006c0f3fbe8,0x00000006c4f80000)
 Metaspace       used 23575K, capacity 23970K, committed 24320K, reserved 1071104K
  class space    used 2865K, capacity 2964K, committed 3072K, reserved 1048576K

Card table byte_map: [0x0000000012460000,0x0000000012c60000] byte_map_base: 0x000000000ee5b000

Marking Bits: (ParMarkBitMap*) 0x0000000062545ce0
 Begin Bits: [0x00000000135c0000, 0x0000000017598000)
 End Bits:   [0x0000000017598000, 0x000000001b570000)

Polling page: 0x0000000001460000

CodeCache: size=245760Kb used=8594Kb max_used=8611Kb free=237165Kb
 bounds [0x00000000030a0000, 0x0000000003920000, 0x00000000120a0000]
 total_blobs=3060 nmethods=2372 adapters=607
 compilation: enabled

Compilation events (10 events):
Event: 8.977 Thread 0x000000001e169000 2535       1       agents.DriverAgent::access$500 (5 bytes)
Event: 8.977 Thread 0x000000001e169000 nmethod 2535 0x0000000003907010 code [0x0000000003907160, 0x0000000003907250]
Event: 8.979 Thread 0x000000001e162000 2536       4       jade.core.GenericCommand::getParam (11 bytes)
Event: 8.979 Thread 0x000000001e161000 2537       4       jade.core.messaging.GenericMessage::length (47 bytes)
Event: 8.980 Thread 0x000000001e162000 nmethod 2536 0x0000000003906810 code [0x0000000003906960, 0x0000000003906c78]
Event: 8.983 Thread 0x000000001e162000 2538       4       sun.util.calendar.BaseCalendar$Date::<init> (32 bytes)
Event: 8.983 Thread 0x000000001e162000 nmethod 2538 0x00000000038f17d0 code [0x00000000038f1900, 0x00000000038f1998]
Event: 8.983 Thread 0x000000001e162000 2540       4       java.util.GregorianCalendar::<init> (56 bytes)
Event: 8.984 Thread 0x000000001e162000 nmethod 2540 0x0000000003906390 code [0x00000000039064e0, 0x0000000003906688]
Event: 8.984 Thread 0x000000001e162000 2539       4       java.util.Calendar$Builder::build (635 bytes)

GC Heap History (10 events):
Event: 7.580 GC heap before
{Heap before GC invocations=5 (full 1):
 PSYoungGen      total 76288K, used 66128K [0x000000076ae00000, 0x0000000770300000, 0x00000007c0000000)
  eden space 65536K, 100% used [0x000000076ae00000,0x000000076ee00000,0x000000076ee00000)
  from space 10752K, 5% used [0x000000076ee00000,0x000000076ee94010,0x000000076f880000)
  to   space 10752K, 0% used [0x000000076f880000,0x000000076f880000,0x0000000770300000)
 ParOldGen       total 71168K, used 5366K [0x00000006c0a00000, 0x00000006c4f80000, 0x000000076ae00000)
  object space 71168K, 7% used [0x00000006c0a00000,0x00000006c0f3dbe8,0x00000006c4f80000)
 Metaspace       used 21262K, capacity 21540K, committed 21680K, reserved 1069056K
  class space    used 2701K, capacity 2807K, committed 2816K, reserved 1048576K
Event: 7.581 GC heap after
Heap after GC invocations=5 (full 1):
 PSYoungGen      total 76288K, used 432K [0x000000076ae00000, 0x0000000770300000, 0x00000007c0000000)
  eden space 65536K, 0% used [0x000000076ae00000,0x000000076ae00000,0x000000076ee00000)
  from space 10752K, 4% used [0x000000076f880000,0x000000076f8ec010,0x0000000770300000)
  to   space 10752K, 0% used [0x000000076ee00000,0x000000076ee00000,0x000000076f880000)
 ParOldGen       total 71168K, used 5366K [0x00000006c0a00000, 0x00000006c4f80000, 0x000000076ae00000)
  object space 71168K, 7% used [0x00000006c0a00000,0x00000006c0f3dbe8,0x00000006c4f80000)
 Metaspace       used 21262K, capacity 21540K, committed 21680K, reserved 1069056K
  class space    used 2701K, capacity 2807K, committed 2816K, reserved 1048576K
}
Event: 7.952 GC heap before
{Heap before GC invocations=6 (full 1):
 PSYoungGen      total 76288K, used 65968K [0x000000076ae00000, 0x0000000770300000, 0x00000007c0000000)
  eden space 65536K, 100% used [0x000000076ae00000,0x000000076ee00000,0x000000076ee00000)
  from space 10752K, 4% used [0x000000076f880000,0x000000076f8ec010,0x0000000770300000)
  to   space 10752K, 0% used [0x000000076ee00000,0x000000076ee00000,0x000000076f880000)
 ParOldGen       total 71168K, used 5366K [0x00000006c0a00000, 0x00000006c4f80000, 0x000000076ae00000)
  object space 71168K, 7% used [0x00000006c0a00000,0x00000006c0f3dbe8,0x00000006c4f80000)
 Metaspace       used 21356K, capacity 21758K, committed 22064K, reserved 1069056K
  class space    used 2713K, capacity 2822K, committed 2944K, reserved 1048576K
Event: 7.952 GC heap after
Heap after GC invocations=6 (full 1):
 PSYoungGen      total 64512K, used 464K [0x000000076ae00000, 0x000000076fb80000, 0x00000007c0000000)
  eden space 64000K, 0% used [0x000000076ae00000,0x000000076ae00000,0x000000076ec80000)
  from space 512K, 90% used [0x000000076ee00000,0x000000076ee74010,0x000000076ee80000)
  to   space 7680K, 0% used [0x000000076f400000,0x000000076f400000,0x000000076fb80000)
 ParOldGen       total 71168K, used 5366K [0x00000006c0a00000, 0x00000006c4f80000, 0x000000076ae00000)
  object space 71168K, 7% used [0x00000006c0a00000,0x00000006c0f3dbe8,0x00000006c4f80000)
 Metaspace       used 21356K, capacity 21758K, committed 22064K, reserved 1069056K
  class space    used 2713K, capacity 2822K, committed 2944K, reserved 1048576K
}
Event: 8.250 GC heap before
{Heap before GC invocations=7 (full 1):
 PSYoungGen      total 64512K, used 64464K [0x000000076ae00000, 0x000000076fb80000, 0x00000007c0000000)
  eden space 64000K, 100% used [0x000000076ae00000,0x000000076ec80000,0x000000076ec80000)
  from space 512K, 90% used [0x000000076ee00000,0x000000076ee74010,0x000000076ee80000)
  to   space 7680K, 0% used [0x000000076f400000,0x000000076f400000,0x000000076fb80000)
 ParOldGen       total 71168K, used 5366K [0x00000006c0a00000, 0x00000006c4f80000, 0x000000076ae00000)
  object space 71168K, 7% used [0x00000006c0a00000,0x00000006c0f3dbe8,0x00000006c4f80000)
 Metaspace       used 21356K, capacity 21758K, committed 22064K, reserved 1069056K
  class space    used 2713K, capacity 2822K, committed 2944K, reserved 1048576K
Event: 8.251 GC heap after
Heap after GC invocations=7 (full 1):
 PSYoungGen      total 68608K, used 464K [0x000000076ae00000, 0x000000076fa00000, 0x00000007c0000000)
  eden space 62464K, 0% used [0x000000076ae00000,0x000000076ae00000,0x000000076eb00000)
  from space 6144K, 7% used [0x000000076f400000,0x000000076f474010,0x000000076fa00000)
  to   space 7680K, 0% used [0x000000076eb00000,0x000000076eb00000,0x000000076f280000)
 ParOldGen       total 71168K, used 5366K [0x00000006c0a00000, 0x00000006c4f80000, 0x000000076ae00000)
  object space 71168K, 7% used [0x00000006c0a00000,0x00000006c0f3dbe8,0x00000006c4f80000)
 Metaspace       used 21356K, capacity 21758K, committed 22064K, reserved 1069056K
  class space    used 2713K, capacity 2822K, committed 2944K, reserved 1048576K
}
Event: 8.604 GC heap before
{Heap before GC invocations=8 (full 1):
 PSYoungGen      total 68608K, used 62928K [0x000000076ae00000, 0x000000076fa00000, 0x00000007c0000000)
  eden space 62464K, 100% used [0x000000076ae00000,0x000000076eb00000,0x000000076eb00000)
  from space 6144K, 7% used [0x000000076f400000,0x000000076f474010,0x000000076fa00000)
  to   space 7680K, 0% used [0x000000076eb00000,0x000000076eb00000,0x000000076f280000)
 ParOldGen       total 71168K, used 5366K [0x00000006c0a00000, 0x00000006c4f80000, 0x000000076ae00000)
  object space 71168K, 7% used [0x00000006c0a00000,0x00000006c0f3dbe8,0x00000006c4f80000)
 Metaspace       used 21471K, capacity 21822K, committed 22064K, reserved 1069056K
  class space    used 2727K, capacity 2822K, committed 2944K, reserved 1048576K
Event: 8.605 GC heap after
Heap after GC invocations=8 (full 1):
 PSYoungGen      total 62464K, used 559K [0x000000076ae00000, 0x000000076f800000, 0x00000007c0000000)
  eden space 61440K, 0% used [0x000000076ae00000,0x000000076ae00000,0x000000076ea00000)
  from space 1024K, 54% used [0x000000076eb00000,0x000000076eb8bc20,0x000000076ec00000)
  to   space 7168K, 0% used [0x000000076f100000,0x000000076f100000,0x000000076f800000)
 ParOldGen       total 71168K, used 5366K [0x00000006c0a00000, 0x00000006c4f80000, 0x000000076ae00000)
  object space 71168K, 7% used [0x00000006c0a00000,0x00000006c0f3dbe8,0x00000006c4f80000)
 Metaspace       used 21471K, capacity 21822K, committed 22064K, reserved 1069056K
  class space    used 2727K, capacity 2822K, committed 2944K, reserved 1048576K
}
Event: 8.984 GC heap before
{Heap before GC invocations=9 (full 1):
 PSYoungGen      total 62464K, used 61008K [0x000000076ae00000, 0x000000076f800000, 0x00000007c0000000)
  eden space 61440K, 98% used [0x000000076ae00000,0x000000076e9083e0,0x000000076ea00000)
  from space 1024K, 54% used [0x000000076eb00000,0x000000076eb8bc20,0x000000076ec00000)
  to   space 7168K, 0% used [0x000000076f100000,0x000000076f100000,0x000000076f800000)
 ParOldGen       total 71168K, used 5366K [0x00000006c0a00000, 0x00000006c4f80000, 0x000000076ae00000)
  object space 71168K, 7% used [0x00000006c0a00000,0x00000006c0f3dbe8,0x00000006c4f80000)
 Metaspace       used 23575K, capacity 23970K, committed 24320K, reserved 1071104K
  class space    used 2865K, capacity 2964K, committed 3072K, reserved 1048576K
Event: 8.986 GC heap after
Heap after GC invocations=9 (full 1):
 PSYoungGen      total 65536K, used 1347K [0x000000076ae00000, 0x000000076f600000, 0x00000007c0000000)
  eden space 60416K, 0% used [0x000000076ae00000,0x000000076ae00000,0x000000076e900000)
  from space 5120K, 26% used [0x000000076f100000,0x000000076f250f88,0x000000076f600000)
  to   space 6656K, 0% used [0x000000076e900000,0x000000076e900000,0x000000076ef80000)
 ParOldGen       total 71168K, used 5374K [0x00000006c0a00000, 0x00000006c4f80000, 0x000000076ae00000)
  object space 71168K, 7% used [0x00000006c0a00000,0x00000006c0f3fbe8,0x00000006c4f80000)
 Metaspace       used 23575K, capacity 23970K, committed 24320K, reserved 1071104K
  class space    used 2865K, capacity 2964K, committed 3072K, reserved 1048576K
}

Deoptimization events (10 events):
Event: 7.608 Thread 0x000000001f111000 Uncommon trap: reason=unstable_if action=reinterpret pc=0x00000000036282b8 method=jade.core.Agent$ActiveLifeCycle.execute()V @ 65
Event: 7.618 Thread 0x000000001f111000 Uncommon trap: reason=null_check action=make_not_entrant pc=0x000000000345f54c method=jade.content.onto.Ontology.getSchema(Ljava/lang/String;)Ljade/content/schema/ObjectSchema; @ 39
Event: 8.599 Thread 0x000000001f0c3800 Uncommon trap: reason=unstable_if action=reinterpret pc=0x000000000333cb74 method=java.util.HashMap.getNode(ILjava/lang/Object;)Ljava/util/HashMap$Node; @ 62
Event: 8.599 Thread 0x000000001f0c3800 Uncommon trap: reason=unstable_if action=reinterpret pc=0x000000000339d3d8 method=java.util.HashMap.putVal(ILjava/lang/Object;Ljava/lang/Object;ZZ)Ljava/lang/Object; @ 94
Event: 8.599 Thread 0x000000001f0c3800 Uncommon trap: reason=unstable_if action=reinterpret pc=0x000000000333f234 method=java.util.HashMap.getNode(ILjava/lang/Object;)Ljava/util/HashMap$Node; @ 62
Event: 8.602 Thread 0x000000001f10f800 Uncommon trap: reason=class_check action=maybe_recompile pc=0x000000000366cf70 method=jade.core.Agent$ActiveLifeCycle.execute()V @ 69
Event: 8.670 Thread 0x000000001f0c0800 Uncommon trap: reason=unstable_if action=reinterpret pc=0x0000000003502d30 method=java.util.LinkedList$ListItr.<init>(Ljava/util/LinkedList;I)V @ 26
Event: 8.675 Thread 0x000000001f0c2000 Uncommon trap: reason=class_check action=maybe_recompile pc=0x000000000366cf70 method=jade.core.Agent$ActiveLifeCycle.execute()V @ 69
Event: 8.712 Thread 0x000000001f0c0800 Uncommon trap: reason=class_check action=maybe_recompile pc=0x000000000366cf70 method=jade.core.Agent$ActiveLifeCycle.execute()V @ 69
Event: 8.713 Thread 0x000000001f0c0800 Uncommon trap: reason=class_check action=maybe_recompile pc=0x000000000366cf70 method=jade.core.Agent$ActiveLifeCycle.execute()V @ 69

Classes redefined (0 events):
No events

Internal exceptions (10 events):
Event: 8.983 Thread 0x000000001f0c0800 Implicit null exception at 0x000000000384df8b to 0x000000000384e5d7
Event: 8.983 Thread 0x000000001f0c0800 Exception <a 'java/lang/NullPointerException'> (0x000000076e7fefd0) thrown at [C:\re\workspace\8-2-build-windows-amd64-cygwin\jdk8u202\12323\hotspot\src\share\vm\runtime\sharedRuntime.cpp, line 605]
Event: 8.983 Thread 0x000000001f0c2000 Implicit null exception at 0x000000000384df8b to 0x000000000384e5d7
Event: 8.983 Thread 0x000000001f0c2000 Exception <a 'java/lang/NullPointerException'> (0x000000076e840370) thrown at [C:\re\workspace\8-2-build-windows-amd64-cygwin\jdk8u202\12323\hotspot\src\share\vm\runtime\sharedRuntime.cpp, line 605]
Event: 8.983 Thread 0x000000001f0c2800 Implicit null exception at 0x000000000384df8b to 0x000000000384e5d7
Event: 8.983 Thread 0x000000001f0c2800 Exception <a 'java/lang/NullPointerException'> (0x000000076e869738) thrown at [C:\re\workspace\8-2-build-windows-amd64-cygwin\jdk8u202\12323\hotspot\src\share\vm\runtime\sharedRuntime.cpp, line 605]
Event: 8.984 Thread 0x000000001f0c0800 Implicit null exception at 0x000000000384df8b to 0x000000000384e5d7
Event: 8.984 Thread 0x000000001f0c0800 Exception <a 'java/lang/NullPointerException'> (0x000000076e805538) thrown at [C:\re\workspace\8-2-build-windows-amd64-cygwin\jdk8u202\12323\hotspot\src\share\vm\runtime\sharedRuntime.cpp, line 605]
Event: 8.986 Thread 0x000000001f0c2000 Implicit null exception at 0x000000000384df8b to 0x000000000384e5d7
Event: 8.986 Thread 0x000000001f0c2000 Exception <a 'java/lang/NullPointerException'> (0x000000076b213d78) thrown at [C:\re\workspace\8-2-build-windows-amd64-cygwin\jdk8u202\12323\hotspot\src\share\vm\runtime\sharedRuntime.cpp, line 605]

Events (10 events):
Event: 8.984 Thread 0x000000001f10b000 DEOPT PACKING pc=0x0000000003831b74 sp=0x000000002a0fecc0
Event: 8.984 Thread 0x000000001f10b000 DEOPT UNPACKING pc=0x00000000030e7890 sp=0x000000002a0feb98 mode 1
Event: 8.984 Thread 0x000000001f10b000 DEOPT PACKING pc=0x00000000037e951c sp=0x000000002a0feee0
Event: 8.984 Thread 0x000000001f10b000 DEOPT UNPACKING pc=0x00000000030e7890 sp=0x000000002a0feef8 mode 1
Event: 8.984 Executing VM operation: ParallelGCFailedAllocation
Event: 8.986 Executing VM operation: ParallelGCFailedAllocation done
Event: 8.986 Thread 0x000000001f0c2000 DEOPT PACKING pc=0x000000000384e5dc sp=0x000000002ae0f180
Event: 8.986 Thread 0x000000001f0c2000 DEOPT UNPACKING pc=0x00000000030e7890 sp=0x000000002ae0eee8 mode 1
Event: 8.986 Thread 0x000000001f10b800 DEOPT PACKING pc=0x00000000037af33c sp=0x000000002a2fec10
Event: 8.986 Thread 0x000000001f10b800 DEOPT UNPACKING pc=0x00000000030e7890 sp=0x000000002a2fe9a0 mode 1


Dynamic libraries:
0x00007ff7ab860000 - 0x00007ff7ab897000 	C:\Program Files\Java\jdk1.8.0_202\bin\java.exe
0x00007ffc79e30000 - 0x00007ffc7a01d000 	C:\WINDOWS\SYSTEM32\ntdll.dll
0x00007ffc4eb10000 - 0x00007ffc4eb24000 	C:\Program Files (x86)\AVG\Antivirus\aswhook.dll
0x00007ffc788f0000 - 0x00007ffc789a3000 	C:\WINDOWS\System32\KERNEL32.DLL
0x00007ffc76200000 - 0x00007ffc76493000 	C:\WINDOWS\System32\KERNELBASE.dll
0x00007ffc78cc0000 - 0x00007ffc78d63000 	C:\WINDOWS\System32\ADVAPI32.dll
0x00007ffc799d0000 - 0x00007ffc79a6e000 	C:\WINDOWS\System32\msvcrt.dll
0x00007ffc77130000 - 0x00007ffc771ce000 	C:\WINDOWS\System32\sechost.dll
0x00007ffc78a20000 - 0x00007ffc78b42000 	C:\WINDOWS\System32\RPCRT4.dll
0x00007ffc78d70000 - 0x00007ffc78f07000 	C:\WINDOWS\System32\USER32.dll
0x00007ffc76c60000 - 0x00007ffc76c80000 	C:\WINDOWS\System32\win32u.dll
0x00007ffc786d0000 - 0x00007ffc786f9000 	C:\WINDOWS\System32\GDI32.dll
0x00007ffc76c80000 - 0x00007ffc76e19000 	C:\WINDOWS\System32\gdi32full.dll
0x00007ffc76e20000 - 0x00007ffc76ec0000 	C:\WINDOWS\System32\msvcp_win.dll
0x00007ffc76100000 - 0x00007ffc761fa000 	C:\WINDOWS\System32\ucrtbase.dll
0x00007ffc6b0e0000 - 0x00007ffc6b359000 	C:\WINDOWS\WinSxS\amd64_microsoft.windows.common-controls_6595b64144ccf1df_6.0.17763.802_none_05b1445c0722d2cc\COMCTL32.dll
0x00007ffc795b0000 - 0x00007ffc798dc000 	C:\WINDOWS\System32\combase.dll
0x00007ffc76f20000 - 0x00007ffc76f9e000 	C:\WINDOWS\System32\bcryptPrimitives.dll
0x00007ffc78810000 - 0x00007ffc7883e000 	C:\WINDOWS\System32\IMM32.DLL
0x00000000625d0000 - 0x00000000626a2000 	C:\Program Files\Java\jdk1.8.0_202\jre\bin\msvcr100.dll
0x0000000061d20000 - 0x00000000625c5000 	C:\Program Files\Java\jdk1.8.0_202\jre\bin\server\jvm.dll
0x00007ffc77120000 - 0x00007ffc77128000 	C:\WINDOWS\System32\PSAPI.DLL
0x00007ffc69040000 - 0x00007ffc69049000 	C:\WINDOWS\SYSTEM32\WSOCK32.dll
0x00007ffc798e0000 - 0x00007ffc7994d000 	C:\WINDOWS\System32\WS2_32.dll
0x00007ffc73fa0000 - 0x00007ffc73fc4000 	C:\WINDOWS\SYSTEM32\WINMM.dll
0x00007ffc70d50000 - 0x00007ffc70d5a000 	C:\WINDOWS\SYSTEM32\VERSION.dll
0x00007ffc73f70000 - 0x00007ffc73f9d000 	C:\WINDOWS\SYSTEM32\WINMMBASE.dll
0x00007ffc76c10000 - 0x00007ffc76c5a000 	C:\WINDOWS\System32\cfgmgr32.dll
0x00007ffc56340000 - 0x00007ffc5634f000 	C:\Program Files\Java\jdk1.8.0_202\jre\bin\verify.dll
0x00007ffc43920000 - 0x00007ffc43949000 	C:\Program Files\Java\jdk1.8.0_202\jre\bin\java.dll
0x00007ffc50170000 - 0x00007ffc501a5000 	C:\Program Files\Java\jdk1.8.0_202\jre\bin\jdwp.dll
0x00007ffc604b0000 - 0x00007ffc604b8000 	C:\Program Files\Java\jdk1.8.0_202\jre\bin\npt.dll
0x00007ffc50140000 - 0x00007ffc50163000 	C:\Program Files\Java\jdk1.8.0_202\jre\bin\instrument.dll
0x00007ffc4b840000 - 0x00007ffc4b856000 	C:\Program Files\Java\jdk1.8.0_202\jre\bin\zip.dll
0x00007ffc771d0000 - 0x00007ffc786c4000 	C:\WINDOWS\System32\SHELL32.dll
0x00007ffc79c20000 - 0x00007ffc79cc8000 	C:\WINDOWS\System32\shcore.dll
0x00007ffc764a0000 - 0x00007ffc76bed000 	C:\WINDOWS\System32\windows.storage.dll
0x00007ffc75ea0000 - 0x00007ffc75ec4000 	C:\WINDOWS\System32\profapi.dll
0x00007ffc75e40000 - 0x00007ffc75e9d000 	C:\WINDOWS\System32\powrprof.dll
0x00007ffc79970000 - 0x00007ffc799c2000 	C:\WINDOWS\System32\shlwapi.dll
0x00007ffc75e20000 - 0x00007ffc75e31000 	C:\WINDOWS\System32\kernel.appcore.dll
0x00007ffc76bf0000 - 0x00007ffc76c07000 	C:\WINDOWS\System32\cryptsp.dll
0x00007ffc603a0000 - 0x00007ffc603a9000 	C:\Program Files\Java\jdk1.8.0_202\jre\bin\dt_socket.dll
0x00007ffc75690000 - 0x00007ffc756f7000 	C:\WINDOWS\system32\mswsock.dll
0x00007ffc2fb30000 - 0x00007ffc2fcc9000 	C:\Program Files\Java\jdk1.8.0_202\jre\bin\awt.dll
0x00007ffc77050000 - 0x00007ffc77114000 	C:\WINDOWS\System32\OLEAUT32.dll
0x00007ffc740d0000 - 0x00007ffc7415c000 	C:\WINDOWS\SYSTEM32\apphelp.dll
0x00007ffc743f0000 - 0x00007ffc7448c000 	C:\WINDOWS\system32\uxtheme.dll
0x00007ffc78b50000 - 0x00007ffc78cbb000 	C:\WINDOWS\System32\MSCTF.dll
0x00007ffc746d0000 - 0x00007ffc746fe000 	C:\WINDOWS\system32\dwmapi.dll
0x00007ffc75ef0000 - 0x00007ffc760cb000 	C:\WINDOWS\System32\CRYPT32.dll
0x00007ffc75ed0000 - 0x00007ffc75ee2000 	C:\WINDOWS\System32\MSASN1.dll
0x00007ffc78f10000 - 0x00007ffc79065000 	C:\WINDOWS\System32\ole32.dll
0x00007ffc36a10000 - 0x00007ffc36b37000 	C:\WINDOWS\system32\opengl32.dll
0x00007ffc444e0000 - 0x00007ffc4450c000 	C:\WINDOWS\SYSTEM32\GLU32.dll
0x00007ffc6a860000 - 0x00007ffc6a9fe000 	C:\WINDOWS\system32\d3d9.dll
0x00007ffc70e10000 - 0x00007ffc70efe000 	C:\WINDOWS\System32\DriverStore\FileRepository\nv_dispi.inf_amd64_827405c7c65146ab\nvldumdx.dll
0x00007ffc76ec0000 - 0x00007ffc76f19000 	C:\WINDOWS\System32\WINTRUST.DLL
0x00007ffc79950000 - 0x00007ffc7996d000 	C:\WINDOWS\System32\imagehlp.dll
0x00007ffc75210000 - 0x00007ffc75243000 	C:\WINDOWS\system32\rsaenh.dll
0x00007ffc760d0000 - 0x00007ffc760f6000 	C:\WINDOWS\System32\bcrypt.dll
0x00007ffc75860000 - 0x00007ffc7586c000 	C:\WINDOWS\SYSTEM32\CRYPTBASE.dll
0x00007ffc1c050000 - 0x00007ffc1d519000 	C:\WINDOWS\System32\DriverStore\FileRepository\nv_dispi.inf_amd64_827405c7c65146ab\nvd3dumx.dll
0x00007ffc44880000 - 0x00007ffc4489a000 	C:\Program Files\Java\jdk1.8.0_202\jre\bin\net.dll
0x00007ffc6a1a0000 - 0x00007ffc6a377000 	C:\WINDOWS\SYSTEM32\urlmon.dll
0x00007ffc6aa00000 - 0x00007ffc6aca8000 	C:\WINDOWS\SYSTEM32\iertutil.dll
0x00007ffc753b0000 - 0x00007ffc753ed000 	C:\WINDOWS\SYSTEM32\IPHLPAPI.DLL
0x00007ffc78780000 - 0x00007ffc78788000 	C:\WINDOWS\System32\NSI.dll
0x00007ffc701e0000 - 0x00007ffc701f6000 	C:\WINDOWS\SYSTEM32\dhcpcsvc6.DLL
0x00007ffc701c0000 - 0x00007ffc701dc000 	C:\WINDOWS\SYSTEM32\dhcpcsvc.DLL
0x00007ffc753f0000 - 0x00007ffc754b6000 	C:\WINDOWS\SYSTEM32\DNSAPI.dll
0x00007ffc37200000 - 0x00007ffc374c1000 	C:\WINDOWS\system32\nvspcap64.dll
0x00007ffc74e70000 - 0x00007ffc74ea1000 	C:\WINDOWS\SYSTEM32\ntmarta.dll
0x00007ffc74ab0000 - 0x00007ffc74ad2000 	C:\WINDOWS\SYSTEM32\gpapi.dll
0x00007ffc6bf60000 - 0x00007ffc6bf8f000 	C:\WINDOWS\SYSTEM32\cryptnet.dll
0x00007ffc6cba0000 - 0x00007ffc6cbaa000 	C:\Windows\System32\rasadhlp.dll
0x00007ffc6b8a0000 - 0x00007ffc6b919000 	C:\WINDOWS\System32\fwpuclnt.dll
0x00007ffc3ede0000 - 0x00007ffc3ee27000 	C:\Program Files\Java\jdk1.8.0_202\jre\bin\fontmanager.dll
0x00007ffc3cfe0000 - 0x00007ffc3d079000 	C:\WINDOWS\system32\RICHED20.DLL
0x00007ffc5cb00000 - 0x00007ffc5cb19000 	C:\WINDOWS\SYSTEM32\USP10.dll
0x00007ffc3cd00000 - 0x00007ffc3cd39000 	C:\WINDOWS\SYSTEM32\msls31.dll
0x00007ffc78840000 - 0x00007ffc788e2000 	C:\WINDOWS\System32\clbcatq.dll
0x00007ffc53390000 - 0x00007ffc533e6000 	C:\WINDOWS\system32\dataexchange.dll
0x00007ffc72f20000 - 0x00007ffc7319e000 	C:\WINDOWS\system32\d3d11.dll
0x00007ffc73820000 - 0x00007ffc739e3000 	C:\WINDOWS\system32\dcomp.dll
0x00007ffc74c00000 - 0x00007ffc74cc2000 	C:\WINDOWS\system32\dxgi.dll
0x00007ffc744c0000 - 0x00007ffc746cd000 	C:\WINDOWS\system32\twinapi.appcore.dll
0x00007ffc74700000 - 0x00007ffc74728000 	C:\WINDOWS\system32\RMCLIENT.dll
0x00007ffc44780000 - 0x00007ffc44792000 	C:\Program Files\Java\jdk1.8.0_202\jre\bin\nio.dll
0x00007ffc3bc70000 - 0x00007ffc3bcb2000 	C:\Program Files\Java\jdk1.8.0_202\jre\bin\t2k.dll
0x00007ffc5d310000 - 0x00007ffc5d326000 	C:\WINDOWS\system32\napinsp.dll
0x00007ffc5d2f0000 - 0x00007ffc5d30a000 	C:\WINDOWS\system32\pnrpnsp.dll
0x00007ffc5d250000 - 0x00007ffc5d25e000 	C:\WINDOWS\System32\winrnr.dll
0x00007ffc72500000 - 0x00007ffc7251b000 	C:\WINDOWS\system32\NLAapi.dll
0x00007ffc5d230000 - 0x00007ffc5d245000 	C:\WINDOWS\system32\wshbth.dll
0x00007ffbfc0a0000 - 0x00007ffbfd2aa000 	S:\Documents\Intelligent_Systems\jniortools.dll
0x00007ffc63a80000 - 0x00007ffc63b1b000 	C:\WINDOWS\SYSTEM32\MSVCP140.dll
0x00007ffc6c3d0000 - 0x00007ffc6c5bd000 	C:\WINDOWS\SYSTEM32\dbghelp.dll
0x00007ffc63940000 - 0x00007ffc63955000 	C:\WINDOWS\SYSTEM32\VCRUNTIME140.dll
0x00007ffc71ae0000 - 0x00007ffc71c98000 	C:\WINDOWS\SYSTEM32\WindowsCodecs.dll
0x00007ffc37550000 - 0x00007ffc37581000 	C:\Program Files\Java\jdk1.8.0_202\jre\bin\jpeg.dll

VM Arguments:
jvm_args: -agentlib:jdwp=transport=dt_socket,address=127.0.0.1:61550,suspend=y,server=n -Djava.library.path=S:\Documents\Intelligent_Systems -javaagent:C:\Users\KeesTim\.IdeaIC2019.2\system\captureAgent\debugger-agent.jar -Dfile.encoding=UTF-8 
java_command: main.Main
java_class_path (initial): C:\Program Files\Java\jdk1.8.0_202\jre\lib\charsets.jar;C:\Program Files\Java\jdk1.8.0_202\jre\lib\deploy.jar;C:\Program Files\Java\jdk1.8.0_202\jre\lib\ext\access-bridge-64.jar;C:\Program Files\Java\jdk1.8.0_202\jre\lib\ext\cldrdata.jar;C:\Program Files\Java\jdk1.8.0_202\jre\lib\ext\dnsns.jar;C:\Program Files\Java\jdk1.8.0_202\jre\lib\ext\jaccess.jar;C:\Program Files\Java\jdk1.8.0_202\jre\lib\ext\jfxrt.jar;C:\Program Files\Java\jdk1.8.0_202\jre\lib\ext\localedata.jar;C:\Program Files\Java\jdk1.8.0_202\jre\lib\ext\nashorn.jar;C:\Program Files\Java\jdk1.8.0_202\jre\lib\ext\sunec.jar;C:\Program Files\Java\jdk1.8.0_202\jre\lib\ext\sunjce_provider.jar;C:\Program Files\Java\jdk1.8.0_202\jre\lib\ext\sunmscapi.jar;C:\Program Files\Java\jdk1.8.0_202\jre\lib\ext\sunpkcs11.jar;C:\Program Files\Java\jdk1.8.0_202\jre\lib\ext\zipfs.jar;C:\Program Files\Java\jdk1.8.0_202\jre\lib\javaws.jar;C:\Program Files\Java\jdk1.8.0_202\jre\lib\jce.jar;C:\Program Files\Java\jdk1.8.0_202\jre\lib\jfr.jar;C:\Program Files\Java\jdk1.8.0_202\jre\lib\jfxswt.jar;C:\Program Files\Java\jdk1.8.0_202\jre\lib\jsse.jar;C:\Program Files\Java\jdk1.8.0_202\jre\lib\management-agent.jar;C:\Program Files\Java\jdk1.8.0_202\jre\lib\plugin.jar;C:\Program Files\Java\jdk1.8.0_202\jre\lib\resources.jar;C:\Program Files\Java\jdk1.8.0_202\jre\lib\rt.jar;S:\Documents\Intelligent_Systems\Vehicle_Routing_COS30018\out\production\Vehicle_Routing_COS30018;S:\Documents\Intelligent_Systems\com.google.ortools.jar;S:\Documents\Intelligent_Systems\protobuf.jar;S:\Documents\JAVA_LIBRARIES\choco-solver-2.1.2.jar;S:\Documents\JAVA_LIBRARIES\choco-solver-4.10.1.jar;S:\Documents\JAVA_LIBRARIES\mysql-connector-java-5.1.18-bin.jar;S:\Documents\JADE\lib\jade.jar;C:\Program Files\JetBrains\IntelliJ IDEA Community Edition 2019.2\lib\idea_rt.jar;C:\Users\KeesTim\.IdeaIC2019.2\system\captureAgent\debugger-agent.jar
Launcher Type: SUN_STANDARD

Environment Variables:
CLASSPATH=S:\Documents\JADE\lib\jade.jar;S:\Documents\JADE\lib\jadeTools.jar;S:\Documents\JADE\lib\commons-codec\commons-codec-1.3.jar
PATH=C:\Program Files (x86)\Common Files\Oracle\Java\javapath;C:\Program Files\Java\jdk-11.0.2;C:\Program Files (x86)\Intel\Intel(R) Management Engine Components\iCLS\;C:\Program Files\Intel\Intel(R) Management Engine Components\iCLS\;C:\WINDOWS\system32;C:\WINDOWS;C:\WINDOWS\System32\Wbem;C:\WINDOWS\System32\WindowsPowerShell\v1.0\;C:\WINDOWS\System32\OpenSSH\;C:\Program Files (x86)\Intel\Intel(R) Management Engine Components\DAL;C:\Program Files\Intel\Intel(R) Management Engine Components\DAL;C:\Program Files (x86)\Intel\Intel(R) Management Engine Components\IPT;C:\Program Files\Intel\Intel(R) Management Engine Components\IPT;C:\Program Files\NVIDIA Corporation\NVIDIA NvDLISR;C:\Program Files\Git\cmd;C:\Program Files\Microsoft VS Code\bin;C:\Program Files\nodejs\;C:\Program Files\dotnet\;C:\Program Files (x86)\Bitvise SSH Client;C:\Program Files\PuTTY\;C:\Program Files (x86)\NVIDIA Corporation\PhysX\Common;C:\WINDOWS\system32;C:\WINDOWS;C:\WINDOWS\System32\Wbem;C:\WINDOWS\System32\WindowsPowerShell\v1.0\;C:\WINDOWS\System32\OpenSSH\;C:\Program Files\Java\jre1.8.0_201\;C:\Users\KeesTim\AppData\Local\Microsoft\WindowsApps;C:\Users\KeesTim\AppData\Local\atom\bin;C:\Users\KeesTim\AppData\Roaming\npm;C:\Users\KeesTim\AppData\Local\Microsoft\WindowsApps;C:\Program Files\JetBrains\IntelliJ IDEA Community Edition 2019.2\bin;;C:\Program Files\Java\jdk1.8.0_202\bin;C:\Users\KeesTim\AppData\Local\Programs\Python\Python37;C:\Users\KeesTim\AppData\Local\Programs\Python\Python37\Scripts;
USERNAME=KeesTim
OS=Windows_NT
PROCESSOR_IDENTIFIER=Intel64 Family 6 Model 94 Stepping 3, GenuineIntel



---------------  S Y S T E M  ---------------

OS: Windows 10.0 , 64 bit Build 17763 (10.0.17763.475)

CPU:total 4 (initial active 4) (4 cores per cpu, 1 threads per core) family 6 model 94 stepping 3, cmov, cx8, fxsr, mmx, sse, sse2, sse3, ssse3, sse4.1, sse4.2, popcnt, avx, avx2, aes, clmul, erms, rtm, 3dnowpref, lzcnt, tsc, tscinvbit, bmi1, bmi2, adx

Memory: 4k page, physical 16729544k(6712156k free), swap 28263880k(10245928k free)

vm_info: Java HotSpot(TM) 64-Bit Server VM (25.202-b08) for windows-amd64 JRE (1.8.0_202-b08), built on Dec 15 2018 19:54:30 by "java_re" with MS VC++ 10.0 (VS2010)

time: Mon Oct 21 23:31:49 2019
timezone: AUS Eastern Daylight Time
elapsed time: 9 seconds (0d 0h 0m 9s)

