#
# A fatal error has been detected by the Java Runtime Environment:
#
#  EXCEPTION_ACCESS_VIOLATION (0xc0000005) at pc=0x000000006b96f01d, pid=25744, tid=0x000000000000285c
#
# JRE version: Java(TM) SE Runtime Environment (8.0_202-b08) (build 1.8.0_202-b08)
# Java VM: Java HotSpot(TM) 64-Bit Server VM (25.202-b08 mixed mode windows-amd64 compressed oops)
# Problematic frame:
# V  [jvm.dll+0x13f01d]
#
# Failed to write core dump. Minidumps are not enabled by default on client versions of Windows
#
# If you would like to submit a bug report, please visit:
#   http://bugreport.java.com/bugreport/crash.jsp
# The crash happened outside the Java Virtual Machine in native code.
# See problematic frame for where to report the bug.
#

---------------  T H R E A D  ---------------

Current thread (0x00000000023bb800):  JavaThread "Finalizer" daemon [_thread_in_native, id=10332, stack(0x000000001cc90000,0x000000001cd90000)]

siginfo: ExceptionCode=0xc0000005, writing address 0x0000000000000270

Registers:
RAX=0x000000000000dead, RBX=0x0000000000000000, RCX=0x000000001e0f5800, RDX=0x000000001d1efe68
RSP=0x000000001cd8f150, RBP=0x0000000000000000, RSI=0x0000000027ae65a0, RDI=0x000000001d1efe68
R8 =0x0000000000551200, R9 =0x0000000000008000, R10=0x00000000ffffffff, R11=0x000000001cd8f120
R12=0x0000000000000000, R13=0x0000000000000000, R14=0x0000000000000000, R15=0x0000000027b4b0d8
RIP=0x000000006b96f01d, EFLAGS=0x0000000000010246

Top of Stack: (sp=0x000000001cd8f150)
0x000000001cd8f150:   0000000000600000 00000000256c7310
0x000000001cd8f160:   0000000000000000 0000000000000000
0x000000001cd8f170:   00000000ffffffff 00007ff9d53187ce
0x000000001cd8f180:   000000001ee53b70 0000000027ae65a0
0x000000001cd8f190:   0000000000000000 0000000000000000
0x000000001cd8f1a0:   fffffffffffffffe 0000000027b4afd0
0x000000001cd8f1b0:   0000000000000000 00007ff9d5316bed
0x000000001cd8f1c0:   0000000000000000 00007ff9d60934b0
0x000000001cd8f1d0:   0000000027b4b0d8 0000000027b4afd0
0x000000001cd8f1e0:   0000000027ae6620 00007ff9d55fc6d5
0x000000001cd8f1f0:   0000000027ae65a0 0000000000000000
0x000000001cd8f200:   0000000027b4b7a0 00000000023bc380
0x000000001cd8f210:   00007ff9d60934b0 00007ff9d56004b8
0x000000001cd8f220:   000000001cd8f2a9 0000000027b4afd0
0x000000001cd8f230:   0000000027b4b7f0 000000001cd8f2a9
0x000000001cd8f240:   00007ff9d60934b0 0000000000000000 

Instructions: (pc=0x000000006b96f01d)
0x000000006b96effd:   8b fa 3d ab de 00 00 74 17 8b 83 88 02 00 00 3d
0x000000006b96f00d:   ac de 00 00 74 0a 48 8b cb e8 65 03 10 00 33 db
0x000000006b96f01d:   c7 83 70 02 00 00 05 00 00 00 83 3d 9a 86 6d 00
0x000000006b96f02d:   01 75 09 80 3d 0c 79 6d 00 00 74 18 80 3d 04 79 


Register to memory mapping:

RAX=0x000000000000dead is an unknown value
RBX=0x0000000000000000 is an unknown value
RCX=0x000000001e0f5800 is an unknown value
RDX=0x000000001d1efe68 is a global jni handle
RSP=0x000000001cd8f150 is pointing into the stack for thread: 0x00000000023bb800
RBP=0x0000000000000000 is an unknown value
RSI=0x0000000027ae65a0 is an unknown value
RDI=0x000000001d1efe68 is a global jni handle
R8 =0x0000000000551200 is an unknown value
R9 =0x0000000000008000 is an unknown value
R10=0x00000000ffffffff is an unknown value
R11=0x000000001cd8f120 is pointing into the stack for thread: 0x00000000023bb800
R12=0x0000000000000000 is an unknown value
R13=0x0000000000000000 is an unknown value
R14=0x0000000000000000 is an unknown value
R15=0x0000000027b4b0d8 is an unknown value


Stack: [0x000000001cc90000,0x000000001cd90000],  sp=0x000000001cd8f150,  free space=1020k
Native frames: (J=compiled Java code, j=interpreted, Vv=VM code, C=native code)

Java frames: (J=compiled Java code, j=interpreted, Vv=VM code)
j  com.google.ortools.constraintsolver.mainJNI.delete_RoutingModel(J)V+0
j  com.google.ortools.constraintsolver.RoutingModel.delete()V+25
j  com.google.ortools.constraintsolver.RoutingModel.finalize()V+1
J 1143 C1 java.lang.ref.Finalizer.runFinalizer(Lsun/misc/JavaLangAccess;)V (62 bytes) @ 0x00000000027e5a14 [0x00000000027e5480+0x594]
J 1142 C1 java.lang.ref.Finalizer.access$100(Ljava/lang/ref/Finalizer;Lsun/misc/JavaLangAccess;)V (6 bytes) @ 0x00000000027e511c [0x00000000027e50c0+0x5c]
j  java.lang.ref.Finalizer$FinalizerThread.run()V+45
v  ~StubRoutines::call_stub

---------------  P R O C E S S  ---------------

Java Threads: ( => current thread )
  0x000000001e0f4000 JavaThread "TimerQueue" daemon [_thread_blocked, id=15196, stack(0x000000002cb00000,0x000000002cc00000)]
  0x000000001e0fa000 JavaThread "Image Fetcher 2" daemon [_thread_blocked, id=24920, stack(0x000000002ca00000,0x000000002cb00000)]
  0x000000001e0f5000 JavaThread "Image Fetcher 3" daemon [_thread_blocked, id=23428, stack(0x000000002c900000,0x000000002ca00000)]
  0x000000001e0f8800 JavaThread "MasterRouteAgent" [_thread_blocked, id=27884, stack(0x000000002c700000,0x000000002c800000)]
  0x000000001e0f7000 JavaThread "Delivery_Agent9" [_thread_in_vm, id=21300, stack(0x000000002c600000,0x000000002c700000)]
  0x000000001e0f9800 JavaThread "Delivery_Agent8" [_thread_in_vm, id=6052, stack(0x000000002c500000,0x000000002c600000)]
  0x000000001e0f3800 JavaThread "Delivery_Agent7" [_thread_in_vm, id=19960, stack(0x000000002c400000,0x000000002c500000)]
  0x000000001e0f1000 JavaThread "Delivery_Agent6" [_thread_in_vm, id=9664, stack(0x000000002c300000,0x000000002c400000)]
  0x000000001e0f8000 JavaThread "Delivery_Agent5" [_thread_in_vm, id=24424, stack(0x000000002c200000,0x000000002c300000)]
  0x000000001e0f2000 JavaThread "Delivery_Agent4" [_thread_in_vm, id=13520, stack(0x000000002c100000,0x000000002c200000)]
  0x000000001e0f2800 JavaThread "Delivery_Agent3" [_thread_in_vm, id=20880, stack(0x000000002c000000,0x000000002c100000)]
  0x000000001e0ec800 JavaThread "Delivery_Agent2" [_thread_in_vm, id=25768, stack(0x000000002bf00000,0x000000002c000000)]
  0x000000001e0ef000 JavaThread "Delivery_Agent1" [_thread_in_vm, id=26228, stack(0x000000002be00000,0x000000002bf00000)]
  0x000000001e0f0800 JavaThread "Delivery_Agent0" [_thread_blocked, id=26644, stack(0x000000002bd00000,0x000000002be00000)]
  0x000000001e0ee000 JavaThread "rma" [_thread_blocked, id=13544, stack(0x000000002bb00000,0x000000002bc00000)]
  0x000000001e0ed800 JavaThread "df" [_thread_blocked, id=19464, stack(0x000000002ba00000,0x000000002bb00000)]
  0x000000001e0ef800 JavaThread "ams" [_thread_blocked, id=27068, stack(0x000000002b900000,0x000000002ba00000)]
  0x000000001e345000 JavaThread "Thread-13" [_thread_in_native, id=21248, stack(0x000000002b800000,0x000000002b900000)]
  0x000000001e346800 JavaThread "Deliverer-04" [_thread_blocked, id=20496, stack(0x000000002b700000,0x000000002b800000)]
  0x000000001e347800 JavaThread "Deliverer-03" [_thread_blocked, id=28176, stack(0x000000002b600000,0x000000002b700000)]
  0x000000001e343800 JavaThread "Deliverer-02" [_thread_blocked, id=8440, stack(0x000000002b500000,0x000000002b600000)]
  0x000000001e343000 JavaThread "Deliverer-01" [_thread_blocked, id=27028, stack(0x000000002b400000,0x000000002b500000)]
  0x000000001e344800 JavaThread "Deliverer-00" [_thread_blocked, id=24232, stack(0x000000002b300000,0x000000002b400000)]
  0x000000001e346000 JavaThread "Thread-7" [_thread_in_native, id=8508, stack(0x000000002b200000,0x000000002b300000)]
  0x000000001e341800 JavaThread "Thread-6" [_thread_blocked, id=26120, stack(0x000000002b100000,0x000000002b200000)]
  0x000000001e342000 JavaThread "JICPServer-8888" daemon [_thread_in_native, id=27060, stack(0x000000002b000000,0x000000002b100000)]
  0x000000001e340800 JavaThread "JADE Timer dispatcher" [_thread_blocked, id=20384, stack(0x000000002af00000,0x000000002b000000)]
  0x000000001de6c000 JavaThread "D3D Screen Updater" daemon [_thread_blocked, id=23116, stack(0x0000000029f80000,0x000000002a080000)]
  0x000000001dd36000 JavaThread "Thread-1" [_thread_blocked, id=25408, stack(0x0000000029860000,0x0000000029960000)]
  0x00000000022c3800 JavaThread "DestroyJavaVM" [_thread_blocked, id=26616, stack(0x00000000020c0000,0x00000000021c0000)]
  0x000000001dbf5800 JavaThread "AWT-EventQueue-0" [_thread_blocked, id=6736, stack(0x000000001e890000,0x000000001e990000)]
  0x000000001dbf4000 JavaThread "AWT-Windows" daemon [_thread_in_native, id=3628, stack(0x000000001e5d0000,0x000000001e6d0000)]
  0x000000001dbf3000 JavaThread "AWT-Shutdown" [_thread_blocked, id=8460, stack(0x000000001e4d0000,0x000000001e5d0000)]
  0x000000001dbe0800 JavaThread "Java2D Disposer" daemon [_thread_blocked, id=25764, stack(0x000000001e3d0000,0x000000001e4d0000)]
  0x000000001ba8e000 JavaThread "Service Thread" daemon [_thread_blocked, id=22852, stack(0x000000001d890000,0x000000001d990000)]
  0x000000001d0f6000 JavaThread "C1 CompilerThread2" daemon [_thread_blocked, id=28604, stack(0x000000001d790000,0x000000001d890000)]
  0x000000001d0f3800 JavaThread "C2 CompilerThread1" daemon [_thread_in_vm, id=26208, stack(0x000000001d690000,0x000000001d790000)]
  0x000000001d0f1000 JavaThread "C2 CompilerThread0" daemon [_thread_in_native, id=24144, stack(0x000000001d590000,0x000000001d690000)]
  0x000000001d0d3000 JavaThread "Monitor Ctrl-Break" daemon [_thread_in_native, id=18180, stack(0x000000001d490000,0x000000001d590000)]
  0x000000001ba38000 JavaThread "Attach Listener" daemon [_thread_blocked, id=28668, stack(0x000000001cf90000,0x000000001d090000)]
  0x000000001ba36800 JavaThread "Signal Dispatcher" daemon [_thread_blocked, id=23308, stack(0x000000001ce90000,0x000000001cf90000)]
=>0x00000000023bb800 JavaThread "Finalizer" daemon [_thread_in_native, id=10332, stack(0x000000001cc90000,0x000000001cd90000)]
  0x00000000023b3000 JavaThread "Reference Handler" daemon [_thread_blocked, id=14304, stack(0x000000001cb90000,0x000000001cc90000)]

Other Threads:
  0x000000001b9f7800 VMThread [stack: 0x000000001ca90000,0x000000001cb90000] [id=23052]
  0x000000001d1a4800 WatcherThread [stack: 0x000000001d990000,0x000000001da90000] [id=6792]

VM state:not at safepoint (normal execution)

VM Mutex/Monitor currently owned by a thread: None

heap address: 0x00000006c0a00000, size: 4086 MB, Compressed Oops mode: Zero based, Oop shift amount: 3
Narrow klass base: 0x0000000000000000, Narrow klass shift: 3
Compressed class space size: 1073741824 Address: 0x00000007c0000000

Heap:
 PSYoungGen      total 76288K, used 5264K [0x000000076ae00000, 0x0000000770300000, 0x00000007c0000000)
  eden space 65536K, 4% used [0x000000076ae00000,0x000000076b1155a8,0x000000076ee00000)
  from space 10752K, 19% used [0x000000076ee00000,0x000000076f00ebc8,0x000000076f880000)
  to   space 10752K, 0% used [0x000000076f880000,0x000000076f880000,0x0000000770300000)
 ParOldGen       total 71168K, used 5297K [0x00000006c0a00000, 0x00000006c4f80000, 0x000000076ae00000)
  object space 71168K, 7% used [0x00000006c0a00000,0x00000006c0f2c6b0,0x00000006c4f80000)
 Metaspace       used 23642K, capacity 24050K, committed 24320K, reserved 1071104K
  class space    used 2900K, capacity 3016K, committed 3072K, reserved 1048576K

Card table byte_map: [0x0000000011780000,0x0000000011f80000] byte_map_base: 0x000000000e17b000

Marking Bits: (ParMarkBitMap*) 0x000000006c055ce0
 Begin Bits: [0x00000000128e0000, 0x00000000168b8000)
 End Bits:   [0x00000000168b8000, 0x000000001a890000)

Polling page: 0x00000000005f0000

CodeCache: size=245760Kb used=9135Kb max_used=9152Kb free=236624Kb
 bounds [0x00000000023c0000, 0x0000000002cc0000, 0x00000000113c0000]
 total_blobs=3276 nmethods=2579 adapters=608
 compilation: enabled

Compilation events (10 events):
Event: 18.591 Thread 0x000000001d0f6000 2728   !   3       java.io.PrintStream::flush (35 bytes)
Event: 18.591 Thread 0x000000001d0f6000 nmethod 2728 0x0000000002ca4090 code [0x0000000002ca4220, 0x0000000002ca47b8]
Event: 18.591 Thread 0x000000001d0f6000 2729  s    3       java.util.logging.LogManager::initializeGlobalHandlers (33 bytes)
Event: 18.591 Thread 0x000000001d0f6000 nmethod 2729 0x0000000002ca3710 code [0x0000000002ca38a0, 0x0000000002ca3e88]
Event: 18.592 Thread 0x000000001d0f3800 nmethod 2722 0x0000000002ca2d50 code [0x0000000002ca2ec0, 0x0000000002ca3228]
Event: 18.592 Thread 0x000000001d0f3800 2727       4       java.util.GregorianCalendar::computeFields (1571 bytes)
Event: 18.596 Thread 0x000000001d0f1000 nmethod 2647 0x0000000002cae190 code [0x0000000002cae8c0, 0x0000000002cb11e8]
Event: 18.596 Thread 0x000000001d0f1000 2730       4       jade.util.leap.ArrayList::fromList (40 bytes)
Event: 18.599 Thread 0x000000001d0f6000 2733       1       java.lang.ref.Finalizer::access$000 (4 bytes)
Event: 18.599 Thread 0x000000001d0f6000 nmethod 2733 0x0000000002ca2ad0 code [0x0000000002ca2c20, 0x0000000002ca2d10]

GC Heap History (8 events):
Event: 11.255 GC heap before
{Heap before GC invocations=1 (full 0):
 PSYoungGen      total 76288K, used 65536K [0x000000076ae00000, 0x0000000770300000, 0x00000007c0000000)
  eden space 65536K, 100% used [0x000000076ae00000,0x000000076ee00000,0x000000076ee00000)
  from space 10752K, 0% used [0x000000076f880000,0x000000076f880000,0x0000000770300000)
  to   space 10752K, 0% used [0x000000076ee00000,0x000000076ee00000,0x000000076f880000)
 ParOldGen       total 175104K, used 0K [0x00000006c0a00000, 0x00000006cb500000, 0x000000076ae00000)
  object space 175104K, 0% used [0x00000006c0a00000,0x00000006c0a00000,0x00000006cb500000)
 Metaspace       used 17053K, capacity 17312K, committed 17536K, reserved 1064960K
  class space    used 2077K, capacity 2159K, committed 2176K, reserved 1048576K
Event: 11.260 GC heap after
Heap after GC invocations=1 (full 0):
 PSYoungGen      total 76288K, used 5847K [0x000000076ae00000, 0x0000000770300000, 0x00000007c0000000)
  eden space 65536K, 0% used [0x000000076ae00000,0x000000076ae00000,0x000000076ee00000)
  from space 10752K, 54% used [0x000000076ee00000,0x000000076f3b5c50,0x000000076f880000)
  to   space 10752K, 0% used [0x000000076f880000,0x000000076f880000,0x0000000770300000)
 ParOldGen       total 175104K, used 16K [0x00000006c0a00000, 0x00000006cb500000, 0x000000076ae00000)
  object space 175104K, 0% used [0x00000006c0a00000,0x00000006c0a04000,0x00000006cb500000)
 Metaspace       used 17053K, capacity 17312K, committed 17536K, reserved 1064960K
  class space    used 2077K, capacity 2159K, committed 2176K, reserved 1048576K
}
Event: 16.085 GC heap before
{Heap before GC invocations=2 (full 0):
 PSYoungGen      total 76288K, used 38320K [0x000000076ae00000, 0x0000000770300000, 0x00000007c0000000)
  eden space 65536K, 49% used [0x000000076ae00000,0x000000076cdb6408,0x000000076ee00000)
  from space 10752K, 54% used [0x000000076ee00000,0x000000076f3b5c50,0x000000076f880000)
  to   space 10752K, 0% used [0x000000076f880000,0x000000076f880000,0x0000000770300000)
 ParOldGen       total 175104K, used 16K [0x00000006c0a00000, 0x00000006cb500000, 0x000000076ae00000)
  object space 175104K, 0% used [0x00000006c0a00000,0x00000006c0a04000,0x00000006cb500000)
 Metaspace       used 20717K, capacity 21072K, committed 21248K, reserved 1067008K
  class space    used 2612K, capacity 2721K, committed 2816K, reserved 1048576K
Event: 16.090 GC heap after
Heap after GC invocations=2 (full 0):
 PSYoungGen      total 76288K, used 5421K [0x000000076ae00000, 0x0000000770300000, 0x00000007c0000000)
  eden space 65536K, 0% used [0x000000076ae00000,0x000000076ae00000,0x000000076ee00000)
  from space 10752K, 50% used [0x000000076f880000,0x000000076fdcb550,0x0000000770300000)
  to   space 10752K, 0% used [0x000000076ee00000,0x000000076ee00000,0x000000076f880000)
 ParOldGen       total 175104K, used 24K [0x00000006c0a00000, 0x00000006cb500000, 0x000000076ae00000)
  object space 175104K, 0% used [0x00000006c0a00000,0x00000006c0a06000,0x00000006cb500000)
 Metaspace       used 20717K, capacity 21072K, committed 21248K, reserved 1067008K
  class space    used 2612K, capacity 2721K, committed 2816K, reserved 1048576K
}
Event: 16.090 GC heap before
{Heap before GC invocations=3 (full 1):
 PSYoungGen      total 76288K, used 5421K [0x000000076ae00000, 0x0000000770300000, 0x00000007c0000000)
  eden space 65536K, 0% used [0x000000076ae00000,0x000000076ae00000,0x000000076ee00000)
  from space 10752K, 50% used [0x000000076f880000,0x000000076fdcb550,0x0000000770300000)
  to   space 10752K, 0% used [0x000000076ee00000,0x000000076ee00000,0x000000076f880000)
 ParOldGen       total 175104K, used 24K [0x00000006c0a00000, 0x00000006cb500000, 0x000000076ae00000)
  object space 175104K, 0% used [0x00000006c0a00000,0x00000006c0a06000,0x00000006cb500000)
 Metaspace       used 20717K, capacity 21072K, committed 21248K, reserved 1067008K
  class space    used 2612K, capacity 2721K, committed 2816K, reserved 1048576K
Event: 16.114 GC heap after
Heap after GC invocations=3 (full 1):
 PSYoungGen      total 76288K, used 0K [0x000000076ae00000, 0x0000000770300000, 0x00000007c0000000)
  eden space 65536K, 0% used [0x000000076ae00000,0x000000076ae00000,0x000000076ee00000)
  from space 10752K, 0% used [0x000000076f880000,0x000000076f880000,0x0000000770300000)
  to   space 10752K, 0% used [0x000000076ee00000,0x000000076ee00000,0x000000076f880000)
 ParOldGen       total 71168K, used 5289K [0x00000006c0a00000, 0x00000006c4f80000, 0x000000076ae00000)
  object space 71168K, 7% used [0x00000006c0a00000,0x00000006c0f2a6b0,0x00000006c4f80000)
 Metaspace       used 20713K, capacity 21066K, committed 21248K, reserved 1067008K
  class space    used 2611K, capacity 2720K, committed 2816K, reserved 1048576K
}
Event: 18.597 GC heap before
{Heap before GC invocations=4 (full 1):
 PSYoungGen      total 76288K, used 65536K [0x000000076ae00000, 0x0000000770300000, 0x00000007c0000000)
  eden space 65536K, 100% used [0x000000076ae00000,0x000000076ee00000,0x000000076ee00000)
  from space 10752K, 0% used [0x000000076f880000,0x000000076f880000,0x0000000770300000)
  to   space 10752K, 0% used [0x000000076ee00000,0x000000076ee00000,0x000000076f880000)
 ParOldGen       total 71168K, used 5289K [0x00000006c0a00000, 0x00000006c4f80000, 0x000000076ae00000)
  object space 71168K, 7% used [0x00000006c0a00000,0x00000006c0f2a6b0,0x00000006c4f80000)
 Metaspace       used 23642K, capacity 24050K, committed 24320K, reserved 1071104K
  class space    used 2900K, capacity 3016K, committed 3072K, reserved 1048576K
Event: 18.598 GC heap after
Heap after GC invocations=4 (full 1):
 PSYoungGen      total 76288K, used 2106K [0x000000076ae00000, 0x0000000770300000, 0x00000007c0000000)
  eden space 65536K, 0% used [0x000000076ae00000,0x000000076ae00000,0x000000076ee00000)
  from space 10752K, 19% used [0x000000076ee00000,0x000000076f00ebc8,0x000000076f880000)
  to   space 10752K, 0% used [0x000000076f880000,0x000000076f880000,0x0000000770300000)
 ParOldGen       total 71168K, used 5297K [0x00000006c0a00000, 0x00000006c4f80000, 0x000000076ae00000)
  object space 71168K, 7% used [0x00000006c0a00000,0x00000006c0f2c6b0,0x00000006c4f80000)
 Metaspace       used 23642K, capacity 24050K, committed 24320K, reserved 1071104K
  class space    used 2900K, capacity 3016K, committed 3072K, reserved 1048576K
}

Deoptimization events (10 events):
Event: 16.146 Thread 0x000000001e0ee000 Uncommon trap: reason=unstable_if action=reinterpret pc=0x000000000283eaf8 method=java.lang.CharacterData.of(I)Ljava/lang/CharacterData; @ 4
Event: 16.166 Thread 0x000000001e0ee000 Uncommon trap: reason=unstable_if action=reinterpret pc=0x000000000299ef7c method=java.lang.Character.isSurrogate(C)Z @ 3
Event: 16.875 Thread 0x000000001e0ee000 Uncommon trap: reason=unstable_if action=reinterpret pc=0x00000000026eff0c method=jade.content.lang.sl.SLParserTokenManager.jjMoveNfa_0(II)I @ 399
Event: 16.896 Thread 0x000000001e0ef800 Uncommon trap: reason=unstable_if action=reinterpret pc=0x00000000028e2a58 method=jade.content.lang.sl.SimpleSLTokenizer.isAWord(Ljava/lang/String;)Z @ 47
Event: 17.862 Thread 0x000000001e0f5800 Uncommon trap: reason=bimorphic action=maybe_recompile pc=0x000000000267fd28 method=java.util.HashMap.getNode(ILjava/lang/Object;)Ljava/util/HashMap$Node; @ 126
Event: 17.862 Thread 0x000000001e0f5800 Uncommon trap: reason=unstable_if action=reinterpret pc=0x000000000267fcec method=java.util.HashMap.getNode(ILjava/lang/Object;)Ljava/util/HashMap$Node; @ 62
Event: 17.862 Thread 0x000000001e0f5800 Uncommon trap: reason=bimorphic action=maybe_recompile pc=0x000000000263f4cc method=java.util.HashMap.getNode(ILjava/lang/Object;)Ljava/util/HashMap$Node; @ 126
Event: 17.862 Thread 0x000000001e0f5800 Uncommon trap: reason=unstable_if action=reinterpret pc=0x000000000263f258 method=java.util.HashMap.getNode(ILjava/lang/Object;)Ljava/util/HashMap$Node; @ 62
Event: 18.587 Thread 0x000000001e346800 Uncommon trap: reason=unstable_if action=reinterpret pc=0x0000000002c8d914 method=java.util.LinkedList.node(I)Ljava/util/LinkedList$Node; @ 19
Event: 18.587 Thread 0x000000001e343000 Uncommon trap: reason=unstable_if action=reinterpret pc=0x0000000002c2a688 method=java.util.LinkedList.node(I)Ljava/util/LinkedList$Node; @ 19

Classes redefined (0 events):
No events

Internal exceptions (10 events):
Event: 18.596 Thread 0x000000001e0f2800 Implicit null exception at 0x0000000002c8e208 to 0x0000000002c8e83c
Event: 18.596 Thread 0x000000001e0f2800 Exception <a 'java/lang/NullPointerException'> (0x000000076ea47bf0) thrown at [C:\re\workspace\8-2-build-windows-amd64-cygwin\jdk8u202\12323\hotspot\src\share\vm\runtime\sharedRuntime.cpp, line 605]
Event: 18.596 Thread 0x000000001e0f1000 Implicit null exception at 0x0000000002c8e208 to 0x0000000002c8e83c
Event: 18.596 Thread 0x000000001e0f1000 Exception <a 'java/lang/NullPointerException'> (0x000000076e9dcc00) thrown at [C:\re\workspace\8-2-build-windows-amd64-cygwin\jdk8u202\12323\hotspot\src\share\vm\runtime\sharedRuntime.cpp, line 605]
Event: 18.597 Thread 0x000000001e0f9800 Implicit null exception at 0x0000000002c8e208 to 0x0000000002c8e83c
Event: 18.597 Thread 0x000000001e0f9800 Exception <a 'java/lang/NullPointerException'> (0x000000076ea70b28) thrown at [C:\re\workspace\8-2-build-windows-amd64-cygwin\jdk8u202\12323\hotspot\src\share\vm\runtime\sharedRuntime.cpp, line 605]
Event: 18.597 Thread 0x000000001e0ef000 Implicit null exception at 0x0000000002c8e208 to 0x0000000002c8e83c
Event: 18.597 Thread 0x000000001e0ef000 Exception <a 'java/lang/NullPointerException'> (0x000000076ea079d8) thrown at [C:\re\workspace\8-2-build-windows-amd64-cygwin\jdk8u202\12323\hotspot\src\share\vm\runtime\sharedRuntime.cpp, line 605]
Event: 18.597 Thread 0x000000001e0f7000 Implicit null exception at 0x0000000002c8e208 to 0x0000000002c8e83c
Event: 18.597 Thread 0x000000001e0f7000 Exception <a 'java/lang/NullPointerException'> (0x000000076ed66048) thrown at [C:\re\workspace\8-2-build-windows-amd64-cygwin\jdk8u202\12323\hotspot\src\share\vm\runtime\sharedRuntime.cpp, line 605]

Events (10 events):
Event: 18.599 Executing VM operation: RevokeBias
Event: 18.599 Executing VM operation: RevokeBias done
Event: 18.599 Executing VM operation: RevokeBias
Event: 18.599 Executing VM operation: RevokeBias done
Event: 18.599 Executing VM operation: RevokeBias
Event: 18.599 Executing VM operation: RevokeBias done
Event: 18.599 Executing VM operation: RevokeBias
Event: 18.600 Executing VM operation: RevokeBias done
Event: 18.600 Executing VM operation: BulkRevokeBias
Event: 18.600 Executing VM operation: BulkRevokeBias done


Dynamic libraries:
0x00007ff7d3a90000 - 0x00007ff7d3ac7000 	C:\Program Files\Java\jdk1.8.0_202\bin\java.exe
0x00007ffa4f7e0000 - 0x00007ffa4f9cd000 	C:\WINDOWS\SYSTEM32\ntdll.dll
0x00007ffa2dad0000 - 0x00007ffa2dae4000 	C:\Program Files (x86)\AVG\Antivirus\aswhook.dll
0x00007ffa4cfc0000 - 0x00007ffa4d073000 	C:\WINDOWS\System32\KERNEL32.DLL
0x00007ffa4c760000 - 0x00007ffa4c9f3000 	C:\WINDOWS\System32\KERNELBASE.dll
0x00007ffa4eda0000 - 0x00007ffa4ee43000 	C:\WINDOWS\System32\ADVAPI32.dll
0x00007ffa4eb50000 - 0x00007ffa4ebee000 	C:\WINDOWS\System32\msvcrt.dll
0x00007ffa4f4f0000 - 0x00007ffa4f58e000 	C:\WINDOWS\System32\sechost.dll
0x00007ffa4d080000 - 0x00007ffa4d1a2000 	C:\WINDOWS\System32\RPCRT4.dll
0x00007ffa4f350000 - 0x00007ffa4f4e7000 	C:\WINDOWS\System32\USER32.dll
0x00007ffa4bdd0000 - 0x00007ffa4bdf0000 	C:\WINDOWS\System32\win32u.dll
0x00007ffa4d560000 - 0x00007ffa4d589000 	C:\WINDOWS\System32\GDI32.dll
0x00007ffa4b920000 - 0x00007ffa4bab9000 	C:\WINDOWS\System32\gdi32full.dll
0x00007ffa4bd30000 - 0x00007ffa4bdd0000 	C:\WINDOWS\System32\msvcp_win.dll
0x00007ffa4c610000 - 0x00007ffa4c70a000 	C:\WINDOWS\System32\ucrtbase.dll
0x00007ffa40cb0000 - 0x00007ffa40f29000 	C:\WINDOWS\WinSxS\amd64_microsoft.windows.common-controls_6595b64144ccf1df_6.0.17763.802_none_05b1445c0722d2cc\COMCTL32.dll
0x00007ffa4f020000 - 0x00007ffa4f34c000 	C:\WINDOWS\System32\combase.dll
0x00007ffa4b8a0000 - 0x00007ffa4b91e000 	C:\WINDOWS\System32\bcryptPrimitives.dll
0x00007ffa4d1b0000 - 0x00007ffa4d1de000 	C:\WINDOWS\System32\IMM32.DLL
0x000000006c0e0000 - 0x000000006c1b2000 	C:\Program Files\Java\jdk1.8.0_202\jre\bin\msvcr100.dll
0x000000006b830000 - 0x000000006c0d5000 	C:\Program Files\Java\jdk1.8.0_202\jre\bin\server\jvm.dll
0x00007ffa4f7a0000 - 0x00007ffa4f7a8000 	C:\WINDOWS\System32\PSAPI.DLL
0x00007ffa3ec00000 - 0x00007ffa3ec09000 	C:\WINDOWS\SYSTEM32\WSOCK32.dll
0x00007ffa4d1e0000 - 0x00007ffa4d24d000 	C:\WINDOWS\System32\WS2_32.dll
0x00007ffa49950000 - 0x00007ffa49974000 	C:\WINDOWS\SYSTEM32\WINMM.dll
0x00007ffa47630000 - 0x00007ffa4763a000 	C:\WINDOWS\SYSTEM32\VERSION.dll
0x00007ffa49800000 - 0x00007ffa4982d000 	C:\WINDOWS\SYSTEM32\WINMMBASE.dll
0x00007ffa4c710000 - 0x00007ffa4c75a000 	C:\WINDOWS\System32\cfgmgr32.dll
0x00007ffa05e80000 - 0x00007ffa05e8f000 	C:\Program Files\Java\jdk1.8.0_202\jre\bin\verify.dll
0x00007ff9cea40000 - 0x00007ff9cea69000 	C:\Program Files\Java\jdk1.8.0_202\jre\bin\java.dll
0x00007ffa450e0000 - 0x00007ffa45103000 	C:\Program Files\Java\jdk1.8.0_202\jre\bin\instrument.dll
0x00007ff9cea20000 - 0x00007ff9cea36000 	C:\Program Files\Java\jdk1.8.0_202\jre\bin\zip.dll
0x00007ffa4d590000 - 0x00007ffa4ea84000 	C:\WINDOWS\System32\SHELL32.dll
0x00007ffa4ca10000 - 0x00007ffa4cab8000 	C:\WINDOWS\System32\shcore.dll
0x00007ffa4bec0000 - 0x00007ffa4c60d000 	C:\WINDOWS\System32\windows.storage.dll
0x00007ffa4b7d0000 - 0x00007ffa4b7f4000 	C:\WINDOWS\System32\profapi.dll
0x00007ffa4b820000 - 0x00007ffa4b87d000 	C:\WINDOWS\System32\powrprof.dll
0x00007ffa4f610000 - 0x00007ffa4f662000 	C:\WINDOWS\System32\shlwapi.dll
0x00007ffa4b800000 - 0x00007ffa4b811000 	C:\WINDOWS\System32\kernel.appcore.dll
0x00007ffa4bdf0000 - 0x00007ffa4be07000 	C:\WINDOWS\System32\cryptsp.dll
0x00007ffa452f0000 - 0x00007ffa4530a000 	C:\Program Files\JetBrains\IntelliJ IDEA Community Edition 2019.2\bin\breakgen64.dll
0x00007ff9cea00000 - 0x00007ff9cea1a000 	C:\Program Files\Java\jdk1.8.0_202\jre\bin\net.dll
0x00007ffa3ff70000 - 0x00007ffa40147000 	C:\WINDOWS\SYSTEM32\urlmon.dll
0x00007ffa3fcc0000 - 0x00007ffa3ff68000 	C:\WINDOWS\SYSTEM32\iertutil.dll
0x00007ffa4b210000 - 0x00007ffa4b21c000 	C:\WINDOWS\SYSTEM32\CRYPTBASE.DLL
0x00007ffa4b040000 - 0x00007ffa4b0a7000 	C:\WINDOWS\system32\mswsock.dll
0x00007ffa06620000 - 0x00007ffa067b9000 	C:\Program Files\Java\jdk1.8.0_202\jre\bin\awt.dll
0x00007ffa4f670000 - 0x00007ffa4f734000 	C:\WINDOWS\System32\OLEAUT32.dll
0x00007ffa49a80000 - 0x00007ffa49b0c000 	C:\WINDOWS\SYSTEM32\apphelp.dll
0x00007ffa49da0000 - 0x00007ffa49e3c000 	C:\WINDOWS\system32\uxtheme.dll
0x00007ffa4eeb0000 - 0x00007ffa4f01b000 	C:\WINDOWS\System32\MSCTF.dll
0x00007ffa49e70000 - 0x00007ffa49e9e000 	C:\WINDOWS\system32\dwmapi.dll
0x00007ffa4bac0000 - 0x00007ffa4bc9b000 	C:\WINDOWS\System32\CRYPT32.dll
0x00007ffa4b880000 - 0x00007ffa4b892000 	C:\WINDOWS\System32\MSASN1.dll
0x00007ffa4d400000 - 0x00007ffa4d555000 	C:\WINDOWS\System32\ole32.dll
0x00007ff9d6640000 - 0x00007ff9d6767000 	C:\WINDOWS\system32\opengl32.dll
0x00007ff9d6610000 - 0x00007ff9d663c000 	C:\WINDOWS\SYSTEM32\GLU32.dll
0x00007ffa41ad0000 - 0x00007ffa41c6e000 	C:\WINDOWS\system32\d3d9.dll
0x00007ffa419e0000 - 0x00007ffa41acf000 	C:\WINDOWS\System32\DriverStore\FileRepository\nv_dispi.inf_amd64_67c16e22f0dab361\nvldumdx.dll
0x00007ffa4bca0000 - 0x00007ffa4bcf9000 	C:\WINDOWS\System32\WINTRUST.DLL
0x00007ffa4cac0000 - 0x00007ffa4cadd000 	C:\WINDOWS\System32\imagehlp.dll
0x00007ffa4abc0000 - 0x00007ffa4abf3000 	C:\WINDOWS\system32\rsaenh.dll
0x00007ffa4bd00000 - 0x00007ffa4bd26000 	C:\WINDOWS\System32\bcrypt.dll
0x00007ff9dcc80000 - 0x00007ff9de182000 	C:\WINDOWS\System32\DriverStore\FileRepository\nv_dispi.inf_amd64_67c16e22f0dab361\nvd3dumx.dll
0x00007ffa061d0000 - 0x00007ffa06491000 	C:\WINDOWS\system32\nvspcap64.dll
0x00007ffa4a930000 - 0x00007ffa4a961000 	C:\WINDOWS\SYSTEM32\ntmarta.dll
0x00007ffa4a460000 - 0x00007ffa4a482000 	C:\WINDOWS\SYSTEM32\gpapi.dll
0x00007ffa40690000 - 0x00007ffa406bf000 	C:\WINDOWS\SYSTEM32\cryptnet.dll
0x00007ffa4ada0000 - 0x00007ffa4ae66000 	C:\WINDOWS\SYSTEM32\DNSAPI.dll
0x00007ffa4ca00000 - 0x00007ffa4ca08000 	C:\WINDOWS\System32\NSI.dll
0x00007ffa4ad60000 - 0x00007ffa4ad9d000 	C:\WINDOWS\SYSTEM32\IPHLPAPI.DLL
0x00007ffa45060000 - 0x00007ffa4506a000 	C:\Windows\System32\rasadhlp.dll
0x00007ffa42060000 - 0x00007ffa420d9000 	C:\WINDOWS\System32\fwpuclnt.dll
0x00007ffa45080000 - 0x00007ffa450c7000 	C:\Program Files\Java\jdk1.8.0_202\jre\bin\fontmanager.dll
0x00007ffa2d3e0000 - 0x00007ffa2d479000 	C:\WINDOWS\system32\RICHED20.DLL
0x00007ffa2b2e0000 - 0x00007ffa2b2f9000 	C:\WINDOWS\SYSTEM32\USP10.dll
0x00007ffa451b0000 - 0x00007ffa451e9000 	C:\WINDOWS\SYSTEM32\msls31.dll
0x00007ffa4eaa0000 - 0x00007ffa4eb42000 	C:\WINDOWS\System32\clbcatq.dll
0x00007ffa24350000 - 0x00007ffa243a6000 	C:\WINDOWS\system32\dataexchange.dll
0x00007ffa48990000 - 0x00007ffa48c0e000 	C:\WINDOWS\system32\d3d11.dll
0x00007ffa491d0000 - 0x00007ffa49393000 	C:\WINDOWS\system32\dcomp.dll
0x00007ffa4a4e0000 - 0x00007ffa4a5a2000 	C:\WINDOWS\system32\dxgi.dll
0x00007ffa49ea0000 - 0x00007ffa4a0ad000 	C:\WINDOWS\system32\twinapi.appcore.dll
0x00007ffa4a0b0000 - 0x00007ffa4a0d8000 	C:\WINDOWS\system32\RMCLIENT.dll
0x00007ff9ce9e0000 - 0x00007ff9ce9f2000 	C:\Program Files\Java\jdk1.8.0_202\jre\bin\nio.dll
0x00007ffa41250000 - 0x00007ffa41292000 	C:\Program Files\Java\jdk1.8.0_202\jre\bin\t2k.dll
0x00007ffa2b5f0000 - 0x00007ffa2b685000 	C:\WINDOWS\System32\TextInputFramework.dll
0x00007ffa472a0000 - 0x00007ffa475c2000 	C:\WINDOWS\System32\CoreUIComponents.dll
0x00007ffa49700000 - 0x00007ffa497e2000 	C:\WINDOWS\System32\CoreMessaging.dll
0x00007ffa46fd0000 - 0x00007ffa47123000 	C:\WINDOWS\SYSTEM32\wintypes.dll
0x00007ffa45b20000 - 0x00007ffa45b36000 	C:\WINDOWS\SYSTEM32\dhcpcsvc6.DLL
0x00007ffa45b00000 - 0x00007ffa45b1c000 	C:\WINDOWS\SYSTEM32\dhcpcsvc.DLL
0x00007ffa32e00000 - 0x00007ffa32e16000 	C:\WINDOWS\system32\napinsp.dll
0x00007ffa32de0000 - 0x00007ffa32dfa000 	C:\WINDOWS\system32\pnrpnsp.dll
0x00007ffa32dd0000 - 0x00007ffa32dde000 	C:\WINDOWS\System32\winrnr.dll
0x00007ffa47f20000 - 0x00007ffa47f3b000 	C:\WINDOWS\system32\NLAapi.dll
0x00007ffa32db0000 - 0x00007ffa32dc5000 	C:\WINDOWS\system32\wshbth.dll
0x00007ff9d52c0000 - 0x00007ff9d64ca000 	S:\Documents\Intelligent_Systems\jniortools.dll
0x00007ffa39810000 - 0x00007ffa398ab000 	C:\WINDOWS\SYSTEM32\MSVCP140.dll
0x00007ffa42320000 - 0x00007ffa4250d000 	C:\WINDOWS\SYSTEM32\dbghelp.dll
0x00007ffa393f0000 - 0x00007ffa39405000 	C:\WINDOWS\SYSTEM32\VCRUNTIME140.dll
0x00007ffa46e10000 - 0x00007ffa46fc8000 	C:\WINDOWS\SYSTEM32\WindowsCodecs.dll
0x00007ffa42610000 - 0x00007ffa42641000 	C:\Program Files\Java\jdk1.8.0_202\jre\bin\jpeg.dll

VM Arguments:
jvm_args: -Djava.library.path=S:\Documents\Intelligent_Systems -javaagent:C:\Program Files\JetBrains\IntelliJ IDEA Community Edition 2019.2\lib\idea_rt.jar=54765:C:\Program Files\JetBrains\IntelliJ IDEA Community Edition 2019.2\bin -Dfile.encoding=UTF-8 
java_command: main.Main
java_class_path (initial): C:\Program Files\Java\jdk1.8.0_202\jre\lib\charsets.jar;C:\Program Files\Java\jdk1.8.0_202\jre\lib\deploy.jar;C:\Program Files\Java\jdk1.8.0_202\jre\lib\ext\access-bridge-64.jar;C:\Program Files\Java\jdk1.8.0_202\jre\lib\ext\cldrdata.jar;C:\Program Files\Java\jdk1.8.0_202\jre\lib\ext\dnsns.jar;C:\Program Files\Java\jdk1.8.0_202\jre\lib\ext\jaccess.jar;C:\Program Files\Java\jdk1.8.0_202\jre\lib\ext\jfxrt.jar;C:\Program Files\Java\jdk1.8.0_202\jre\lib\ext\localedata.jar;C:\Program Files\Java\jdk1.8.0_202\jre\lib\ext\nashorn.jar;C:\Program Files\Java\jdk1.8.0_202\jre\lib\ext\sunec.jar;C:\Program Files\Java\jdk1.8.0_202\jre\lib\ext\sunjce_provider.jar;C:\Program Files\Java\jdk1.8.0_202\jre\lib\ext\sunmscapi.jar;C:\Program Files\Java\jdk1.8.0_202\jre\lib\ext\sunpkcs11.jar;C:\Program Files\Java\jdk1.8.0_202\jre\lib\ext\zipfs.jar;C:\Program Files\Java\jdk1.8.0_202\jre\lib\javaws.jar;C:\Program Files\Java\jdk1.8.0_202\jre\lib\jce.jar;C:\Program Files\Java\jdk1.8.0_202\jre\lib\jfr.jar;C:\Program Files\Java\jdk1.8.0_202\jre\lib\jfxswt.jar;C:\Program Files\Java\jdk1.8.0_202\jre\lib\jsse.jar;C:\Program Files\Java\jdk1.8.0_202\jre\lib\management-agent.jar;C:\Program Files\Java\jdk1.8.0_202\jre\lib\plugin.jar;C:\Program Files\Java\jdk1.8.0_202\jre\lib\resources.jar;C:\Program Files\Java\jdk1.8.0_202\jre\lib\rt.jar;S:\Documents\Intelligent_Systems\Vehicle_Routing_COS30018\out\production\Vehicle_Routing_COS30018;S:\Documents\Intelligent_Systems\com.google.ortools.jar;S:\Documents\Intelligent_Systems\protobuf.jar;S:\Documents\JAVA_LIBRARIES\choco-solver-2.1.2.jar;S:\Documents\JAVA_LIBRARIES\choco-solver-4.10.1.jar;S:\Documents\JAVA_LIBRARIES\mysql-connector-java-5.1.18-bin.jar;S:\Documents\JADE\lib\jade.jar;C:\Program Files\JetBrains\IntelliJ IDEA Community Edition 2019.2\lib\idea_rt.jar
Launcher Type: SUN_STANDARD

Environment Variables:
CLASSPATH=S:\Documents\JADE\lib\jade.jar;S:\Documents\JADE\lib\jadeTools.jar;S:\Documents\JADE\lib\commons-codec\commons-codec-1.3.jar
PATH=C:\Program Files (x86)\Common Files\Oracle\Java\javapath;C:\Program Files\Java\jdk-11.0.2;C:\Program Files (x86)\Intel\Intel(R) Management Engine Components\iCLS\;C:\Program Files\Intel\Intel(R) Management Engine Components\iCLS\;C:\WINDOWS\system32;C:\WINDOWS;C:\WINDOWS\System32\Wbem;C:\WINDOWS\System32\WindowsPowerShell\v1.0\;C:\WINDOWS\System32\OpenSSH\;C:\Program Files (x86)\Intel\Intel(R) Management Engine Components\DAL;C:\Program Files\Intel\Intel(R) Management Engine Components\DAL;C:\Program Files (x86)\Intel\Intel(R) Management Engine Components\IPT;C:\Program Files\Intel\Intel(R) Management Engine Components\IPT;C:\Program Files\NVIDIA Corporation\NVIDIA NvDLISR;C:\Program Files\Git\cmd;C:\Program Files\Microsoft VS Code\bin;C:\Program Files\nodejs\;C:\Program Files\dotnet\;C:\Program Files (x86)\Bitvise SSH Client;C:\Program Files\PuTTY\;C:\Program Files (x86)\NVIDIA Corporation\PhysX\Common;C:\WINDOWS\system32;C:\WINDOWS;C:\WINDOWS\System32\Wbem;C:\WINDOWS\System32\WindowsPowerShell\v1.0\;C:\WINDOWS\System32\OpenSSH\;C:\Program Files\Java\jre1.8.0_201\;C:\Users\KeesTim\AppData\Local\Microsoft\WindowsApps;C:\Users\KeesTim\AppData\Local\atom\bin;C:\Users\KeesTim\AppData\Roaming\npm;C:\Users\KeesTim\AppData\Local\Microsoft\WindowsApps;C:\Program Files\JetBrains\IntelliJ IDEA Community Edition 2019.2\bin;;C:\Program Files\Java\jdk1.8.0_202\bin;C:\Users\KeesTim\AppData\Local\Programs\Python\Python37;C:\Users\KeesTim\AppData\Local\Programs\Python\Python37\Scripts;
USERNAME=KeesTim
OS=Windows_NT
PROCESSOR_IDENTIFIER=Intel64 Family 6 Model 94 Stepping 3, GenuineIntel



---------------  S Y S T E M  ---------------

OS: Windows 10.0 , 64 bit Build 17763 (10.0.17763.475)

CPU:total 4 (initial active 4) (4 cores per cpu, 1 threads per core) family 6 model 94 stepping 3, cmov, cx8, fxsr, mmx, sse, sse2, sse3, ssse3, sse4.1, sse4.2, popcnt, avx, avx2, aes, clmul, erms, rtm, 3dnowpref, lzcnt, tsc, tscinvbit, bmi1, bmi2, adx

Memory: 4k page, physical 16729544k(5135532k free), swap 28814664k(5200984k free)

vm_info: Java HotSpot(TM) 64-Bit Server VM (25.202-b08) for windows-amd64 JRE (1.8.0_202-b08), built on Dec 15 2018 19:54:30 by "java_re" with MS VC++ 10.0 (VS2010)

time: Thu Oct 24 19:35:02 2019
timezone: AUS Eastern Daylight Time
elapsed time: 18 seconds (0d 0h 0m 18s)

