#
# A fatal error has been detected by the Java Runtime Environment:
#
#  EXCEPTION_ACCESS_VIOLATION (0xc0000005) at pc=0x000000006b96f01d, pid=13204, tid=0x0000000000001fac
#
# JRE version: Java(TM) SE Runtime Environment (8.0_202-b08) (build 1.8.0_202-b08)
# Java VM: Java HotSpot(TM) 64-Bit Server VM (25.202-b08 mixed mode windows-amd64 compressed oops)
# Problematic frame:
# V  [jvm.dll+0x13f01d]
#
# Failed to write core dump. Minidumps are not enabled by default on client versions of Windows
#
# If you would like to submit a bug report, please visit:
#   http://bugreport.java.com/bugreport/crash.jsp
# The crash happened outside the Java Virtual Machine in native code.
# See problematic frame for where to report the bug.
#

---------------  T H R E A D  ---------------

Current thread (0x00000000023cc000):  JavaThread "Finalizer" daemon [_thread_in_native, id=8108, stack(0x000000001cca0000,0x000000001cda0000)]

siginfo: ExceptionCode=0xc0000005, writing address 0x0000000000000270

Registers:
RAX=0x000000000000dead, RBX=0x0000000000000000, RCX=0x000000001e310800, RDX=0x000000001de8f980
RSP=0x000000001cd9f390, RBP=0x0000000000000000, RSI=0x0000000027d8a3f0, RDI=0x000000001de8f980
R8 =0x0000000000151200, R9 =0x0000000000008000, R10=0x00000000ffffffff, R11=0x000000001cd9f360
R12=0x0000000000000000, R13=0x0000000000000000, R14=0x0000000000000000, R15=0x0000000027eb4ad8
RIP=0x000000006b96f01d, EFLAGS=0x0000000000010246

Top of Stack: (sp=0x000000001cd9f390)
0x000000001cd9f390:   0000000000640000 0000000027d648a0
0x000000001cd9f3a0:   0000000000000000 0000000000000000
0x000000001cd9f3b0:   00000000ffffffff 00007ff9d53187ce
0x000000001cd9f3c0:   00000000279bc410 0000000027d8a3f0
0x000000001cd9f3d0:   fffffffffffffffe 0000000000000000
0x000000001cd9f3e0:   fffffffffffffffe 0000000027eb49d0
0x000000001cd9f3f0:   0000000000000000 00007ff9d5316bed
0x000000001cd9f400:   0000000000000000 00007ff9d60934b0
0x000000001cd9f410:   0000000027eb4ad8 0000000027eb49d0
0x000000001cd9f420:   0000000027d8a470 00007ff9d55fc6d5
0x000000001cd9f430:   0000000027d8a3f0 0000000000000000
0x000000001cd9f440:   0000000027eb51a0 00000000023cc400
0x000000001cd9f450:   00007ff9d60934b0 00007ff9d56004b8
0x000000001cd9f460:   000000001cd9f4e9 0000000027eb49d0
0x000000001cd9f470:   0000000027eb51f0 000000001cd9f4e9
0x000000001cd9f480:   00007ff9d60934b0 0000000000000000 

Instructions: (pc=0x000000006b96f01d)
0x000000006b96effd:   8b fa 3d ab de 00 00 74 17 8b 83 88 02 00 00 3d
0x000000006b96f00d:   ac de 00 00 74 0a 48 8b cb e8 65 03 10 00 33 db
0x000000006b96f01d:   c7 83 70 02 00 00 05 00 00 00 83 3d 9a 86 6d 00
0x000000006b96f02d:   01 75 09 80 3d 0c 79 6d 00 00 74 18 80 3d 04 79 


Register to memory mapping:

RAX=0x000000000000dead is an unknown value
RBX=0x0000000000000000 is an unknown value
RCX=0x000000001e310800 is an unknown value
RDX=0x000000001de8f980 is a global jni handle
RSP=0x000000001cd9f390 is pointing into the stack for thread: 0x00000000023cc000
RBP=0x0000000000000000 is an unknown value
RSI=0x0000000027d8a3f0 is an unknown value
RDI=0x000000001de8f980 is a global jni handle
R8 =0x0000000000151200 is an unknown value
R9 =0x0000000000008000 is an unknown value
R10=0x00000000ffffffff is an unknown value
R11=0x000000001cd9f360 is pointing into the stack for thread: 0x00000000023cc000
R12=0x0000000000000000 is an unknown value
R13=0x0000000000000000 is an unknown value
R14=0x0000000000000000 is an unknown value
R15=0x0000000027eb4ad8 is an unknown value


Stack: [0x000000001cca0000,0x000000001cda0000],  sp=0x000000001cd9f390,  free space=1020k
Native frames: (J=compiled Java code, j=interpreted, Vv=VM code, C=native code)

Java frames: (J=compiled Java code, j=interpreted, Vv=VM code)
j  com.google.ortools.constraintsolver.mainJNI.delete_RoutingModel(J)V+0
j  com.google.ortools.constraintsolver.RoutingModel.delete()V+25
j  com.google.ortools.constraintsolver.RoutingModel.finalize()V+1
J 1165 C1 java.lang.ref.Finalizer.runFinalizer(Lsun/misc/JavaLangAccess;)V (62 bytes) @ 0x00000000028173d4 [0x0000000002816e40+0x594]
J 1164 C1 java.lang.ref.Finalizer.access$100(Ljava/lang/ref/Finalizer;Lsun/misc/JavaLangAccess;)V (6 bytes) @ 0x0000000002816adc [0x0000000002816a80+0x5c]
j  java.lang.ref.Finalizer$FinalizerThread.run()V+45
v  ~StubRoutines::call_stub

---------------  P R O C E S S  ---------------

Java Threads: ( => current thread )
  0x000000001e30e800 JavaThread "TimerQueue" daemon [_thread_blocked, id=11244, stack(0x000000002d280000,0x000000002d380000)]
  0x000000001e30b800 JavaThread "Image Fetcher 2" daemon [_thread_blocked, id=9436, stack(0x000000002cf80000,0x000000002d080000)]
  0x000000001e311800 JavaThread "Image Fetcher 3" daemon [_thread_blocked, id=20860, stack(0x000000002cd80000,0x000000002ce80000)]
  0x000000001e30d000 JavaThread "MasterRouteAgent" [_thread_blocked, id=24728, stack(0x000000002cb80000,0x000000002cc80000)]
  0x000000001e30a800 JavaThread "Delivery_Agent19" [_thread_in_vm, id=22492, stack(0x000000002bab0000,0x000000002bbb0000)]
  0x000000001e30a000 JavaThread "Delivery_Agent18" [_thread_in_vm, id=11232, stack(0x000000002b9b0000,0x000000002bab0000)]
  0x000000001e30c000 JavaThread "Delivery_Agent17" [_thread_in_vm, id=23572, stack(0x000000002b8b0000,0x000000002b9b0000)]
  0x000000001d406800 JavaThread "Delivery_Agent16" [_thread_in_vm, id=25332, stack(0x000000002b7b0000,0x000000002b8b0000)]
  0x000000001d405000 JavaThread "Delivery_Agent15" [_thread_in_vm, id=21732, stack(0x000000002b6b0000,0x000000002b7b0000)]
  0x000000001d408000 JavaThread "Delivery_Agent14" [_thread_in_vm, id=15420, stack(0x000000002b5b0000,0x000000002b6b0000)]
  0x000000001d404800 JavaThread "Delivery_Agent13" [_thread_in_vm, id=22160, stack(0x000000002b4b0000,0x000000002b5b0000)]
  0x000000001d407800 JavaThread "Delivery_Agent12" [_thread_in_vm, id=25248, stack(0x000000002b3b0000,0x000000002b4b0000)]
  0x000000001d403800 JavaThread "Delivery_Agent11" [_thread_in_vm, id=22208, stack(0x000000002b2b0000,0x000000002b3b0000)]
  0x000000001d403000 JavaThread "Delivery_Agent10" [_thread_in_vm, id=18852, stack(0x000000002b1b0000,0x000000002b2b0000)]
  0x000000001d406000 JavaThread "Delivery_Agent9" [_thread_in_vm, id=19436, stack(0x000000002b0b0000,0x000000002b1b0000)]
  0x000000001d3fc000 JavaThread "Delivery_Agent8" [_thread_in_vm, id=24488, stack(0x000000002afb0000,0x000000002b0b0000)]
  0x000000001d3fb800 JavaThread "Delivery_Agent7" [_thread_in_vm, id=24620, stack(0x000000002aeb0000,0x000000002afb0000)]
  0x000000001d402000 JavaThread "Delivery_Agent6" [_thread_in_vm, id=4116, stack(0x000000002a560000,0x000000002a660000)]
  0x000000001d401800 JavaThread "Delivery_Agent5" [_thread_in_vm, id=23976, stack(0x000000002a460000,0x000000002a560000)]
  0x000000001d3fa000 JavaThread "Delivery_Agent4" [_thread_in_vm, id=22624, stack(0x000000002a360000,0x000000002a460000)]
  0x000000001d3fa800 JavaThread "Delivery_Agent3" [_thread_in_vm, id=18888, stack(0x000000002a260000,0x000000002a360000)]
  0x000000001d3fd800 JavaThread "Delivery_Agent2" [_thread_in_vm, id=14332, stack(0x000000002a160000,0x000000002a260000)]
  0x000000001d400800 JavaThread "Delivery_Agent1" [_thread_in_vm, id=17412, stack(0x000000002a060000,0x000000002a160000)]
  0x000000001d3ff000 JavaThread "Delivery_Agent0" [_thread_in_vm, id=19424, stack(0x0000000029f60000,0x000000002a060000)]
  0x000000001d400000 JavaThread "DBAgent" [_thread_blocked, id=22188, stack(0x0000000029c60000,0x0000000029d60000)]
  0x000000001d3fd000 JavaThread "rma" [_thread_blocked, id=7300, stack(0x0000000029b60000,0x0000000029c60000)]
  0x000000001d3fe800 JavaThread "df" [_thread_blocked, id=22216, stack(0x0000000029a60000,0x0000000029b60000)]
  0x000000001d3f9000 JavaThread "ams" [_thread_blocked, id=20928, stack(0x0000000029960000,0x0000000029a60000)]
  0x000000001de3b800 JavaThread "Thread-13" [_thread_in_native, id=10928, stack(0x0000000029860000,0x0000000029960000)]
  0x000000001de3a800 JavaThread "Deliverer-04" [_thread_blocked, id=9840, stack(0x0000000029760000,0x0000000029860000)]
  0x000000001de41800 JavaThread "Deliverer-03" [_thread_blocked, id=20752, stack(0x0000000029660000,0x0000000029760000)]
  0x000000001de40800 JavaThread "Deliverer-02" [_thread_blocked, id=2704, stack(0x0000000029560000,0x0000000029660000)]
  0x000000001de3d800 JavaThread "Deliverer-01" [_thread_blocked, id=15520, stack(0x0000000029460000,0x0000000029560000)]
  0x000000001de3f000 JavaThread "Deliverer-00" [_thread_blocked, id=19568, stack(0x0000000029360000,0x0000000029460000)]
  0x000000001de3c000 JavaThread "Thread-7" [_thread_in_native, id=14276, stack(0x0000000029060000,0x0000000029160000)]
  0x000000001de3e800 JavaThread "Thread-6" [_thread_blocked, id=18488, stack(0x0000000028f60000,0x0000000029060000)]
  0x000000001de3d000 JavaThread "JICPServer-8888" daemon [_thread_in_native, id=22852, stack(0x0000000028bf0000,0x0000000028cf0000)]
  0x000000001de40000 JavaThread "JADE Timer dispatcher" [_thread_blocked, id=2044, stack(0x0000000028af0000,0x0000000028bf0000)]
  0x000000001de96000 JavaThread "D3D Screen Updater" daemon [_thread_blocked, id=6116, stack(0x0000000028530000,0x0000000028630000)]
  0x000000001dd2d000 JavaThread "Thread-1" [_thread_blocked, id=208, stack(0x0000000027610000,0x0000000027710000)]
  0x00000000022d3800 JavaThread "DestroyJavaVM" [_thread_blocked, id=20552, stack(0x0000000001fd0000,0x00000000020d0000)]
  0x000000001dc8a000 JavaThread "AWT-EventQueue-0" [_thread_blocked, id=12852, stack(0x000000001e6e0000,0x000000001e7e0000)]
  0x000000001dc88800 JavaThread "AWT-Windows" daemon [_thread_in_native, id=15832, stack(0x000000001e5e0000,0x000000001e6e0000)]
  0x000000001dc85800 JavaThread "AWT-Shutdown" [_thread_blocked, id=17544, stack(0x000000001e4e0000,0x000000001e5e0000)]
  0x000000001dc85000 JavaThread "Java2D Disposer" daemon [_thread_blocked, id=3792, stack(0x000000001e3e0000,0x000000001e4e0000)]
  0x000000001d1bd000 JavaThread "Service Thread" daemon [_thread_blocked, id=9404, stack(0x000000001d8a0000,0x000000001d9a0000)]
  0x000000001d1ac800 JavaThread "C1 CompilerThread2" daemon [_thread_blocked, id=19016, stack(0x000000001d7a0000,0x000000001d8a0000)]
  0x000000001d11e000 JavaThread "C2 CompilerThread1" daemon [_thread_blocked, id=24896, stack(0x000000001d6a0000,0x000000001d7a0000)]
  0x000000001d108000 JavaThread "C2 CompilerThread0" daemon [_thread_blocked, id=5364, stack(0x000000001d5a0000,0x000000001d6a0000)]
  0x000000001d0e9800 JavaThread "Monitor Ctrl-Break" daemon [_thread_in_native, id=23496, stack(0x000000001d4a0000,0x000000001d5a0000)]
  0x000000001ba49000 JavaThread "Attach Listener" daemon [_thread_blocked, id=11772, stack(0x000000001cfa0000,0x000000001d0a0000)]
  0x000000001ba47800 JavaThread "Signal Dispatcher" daemon [_thread_blocked, id=18780, stack(0x000000001cea0000,0x000000001cfa0000)]
=>0x00000000023cc000 JavaThread "Finalizer" daemon [_thread_in_native, id=8108, stack(0x000000001cca0000,0x000000001cda0000)]
  0x00000000023c3000 JavaThread "Reference Handler" daemon [_thread_blocked, id=22256, stack(0x000000001cba0000,0x000000001cca0000)]

Other Threads:
  0x000000001ba07800 VMThread [stack: 0x000000001caa0000,0x000000001cba0000] [id=15436]
  0x000000001d1df000 WatcherThread [stack: 0x000000001d9a0000,0x000000001daa0000] [id=13024]

VM state:not at safepoint (normal execution)

VM Mutex/Monitor currently owned by a thread: None

heap address: 0x00000006c0a00000, size: 4086 MB, Compressed Oops mode: Zero based, Oop shift amount: 3
Narrow klass base: 0x0000000000000000, Narrow klass shift: 3
Compressed class space size: 1073741824 Address: 0x00000007c0000000

Heap:
 PSYoungGen      total 63488K, used 3720K [0x000000076ae00000, 0x000000076f700000, 0x00000007c0000000)
  eden space 61440K, 3% used [0x000000076ae00000,0x000000076afdc4c8,0x000000076ea00000)
  from space 2048K, 88% used [0x000000076eb00000,0x000000076ecc5bd8,0x000000076ed00000)
  to   space 6656K, 0% used [0x000000076f080000,0x000000076f080000,0x000000076f700000)
 ParOldGen       total 71168K, used 5338K [0x00000006c0a00000, 0x00000006c4f80000, 0x000000076ae00000)
  object space 71168K, 7% used [0x00000006c0a00000,0x00000006c0f36af0,0x00000006c4f80000)
 Metaspace       used 24164K, capacity 24608K, committed 24704K, reserved 1071104K
  class space    used 2996K, capacity 3135K, committed 3200K, reserved 1048576K

Card table byte_map: [0x0000000011790000,0x0000000011f90000] byte_map_base: 0x000000000e18b000

Marking Bits: (ParMarkBitMap*) 0x000000006c055ce0
 Begin Bits: [0x00000000128f0000, 0x00000000168c8000)
 End Bits:   [0x00000000168c8000, 0x000000001a8a0000)

Polling page: 0x00000000005d0000

CodeCache: size=245760Kb used=7908Kb max_used=7924Kb free=237851Kb
 bounds [0x00000000023d0000, 0x0000000002ba0000, 0x00000000113d0000]
 total_blobs=3003 nmethods=2287 adapters=626
 compilation: enabled

Compilation events (10 events):
Event: 18.444 Thread 0x000000001d1ac800 2479       1       java.time.zone.ZoneOffsetTransition::getOffsetAfter (5 bytes)
Event: 18.444 Thread 0x000000001d1ac800 nmethod 2479 0x0000000002b87a50 code [0x0000000002b87ba0, 0x0000000002b87cb0]
Event: 18.444 Thread 0x000000001d1ac800 2480       1       java.time.zone.ZoneOffsetTransition::getOffsetBefore (5 bytes)
Event: 18.444 Thread 0x000000001d1ac800 nmethod 2480 0x0000000002b87d10 code [0x0000000002b87e60, 0x0000000002b87f70]
Event: 18.445 Thread 0x000000001d1ac800 2486       3       jdk.internal.org.objectweb.asm.Frame::<init> (5 bytes)
Event: 18.445 Thread 0x000000001d1ac800 nmethod 2486 0x0000000002b87fd0 code [0x0000000002b88120, 0x0000000002b882d0]
Event: 18.447 Thread 0x000000001d11e000 nmethod 2464 0x0000000002b8bcd0 code [0x0000000002b8be80, 0x0000000002b8cb68]
Event: 18.448 Thread 0x000000001d11e000 2467       4       java.util.HashSet::add (20 bytes)
Event: 18.452 Thread 0x000000001d108000 nmethod 2466 0x0000000002b889d0 code [0x0000000002b88bc0, 0x0000000002b89b70]
Event: 18.460 Thread 0x000000001d11e000 nmethod 2467 0x0000000002b8e410 code [0x0000000002b8e660, 0x0000000002b8f980]

GC Heap History (10 events):
Event: 16.698 GC heap before
{Heap before GC invocations=4 (full 1):
 PSYoungGen      total 76288K, used 65536K [0x000000076ae00000, 0x0000000770300000, 0x00000007c0000000)
  eden space 65536K, 100% used [0x000000076ae00000,0x000000076ee00000,0x000000076ee00000)
  from space 10752K, 0% used [0x000000076f880000,0x000000076f880000,0x0000000770300000)
  to   space 10752K, 0% used [0x000000076ee00000,0x000000076ee00000,0x000000076f880000)
 ParOldGen       total 71168K, used 5314K [0x00000006c0a00000, 0x00000006c4f80000, 0x000000076ae00000)
  object space 71168K, 7% used [0x00000006c0a00000,0x00000006c0f30af0,0x00000006c4f80000)
 Metaspace       used 21490K, capacity 21842K, committed 22144K, reserved 1069056K
  class space    used 2739K, capacity 2824K, committed 2944K, reserved 1048576K
Event: 16.699 GC heap after
Heap after GC invocations=4 (full 1):
 PSYoungGen      total 76288K, used 1376K [0x000000076ae00000, 0x0000000770300000, 0x00000007c0000000)
  eden space 65536K, 0% used [0x000000076ae00000,0x000000076ae00000,0x000000076ee00000)
  from space 10752K, 12% used [0x000000076ee00000,0x000000076ef58020,0x000000076f880000)
  to   space 10752K, 0% used [0x000000076f880000,0x000000076f880000,0x0000000770300000)
 ParOldGen       total 71168K, used 5322K [0x00000006c0a00000, 0x00000006c4f80000, 0x000000076ae00000)
  object space 71168K, 7% used [0x00000006c0a00000,0x00000006c0f32af0,0x00000006c4f80000)
 Metaspace       used 21490K, capacity 21842K, committed 22144K, reserved 1069056K
  class space    used 2739K, capacity 2824K, committed 2944K, reserved 1048576K
}
Event: 17.120 GC heap before
{Heap before GC invocations=5 (full 1):
 PSYoungGen      total 76288K, used 66912K [0x000000076ae00000, 0x0000000770300000, 0x00000007c0000000)
  eden space 65536K, 100% used [0x000000076ae00000,0x000000076ee00000,0x000000076ee00000)
  from space 10752K, 12% used [0x000000076ee00000,0x000000076ef58020,0x000000076f880000)
  to   space 10752K, 0% used [0x000000076f880000,0x000000076f880000,0x0000000770300000)
 ParOldGen       total 71168K, used 5322K [0x00000006c0a00000, 0x00000006c4f80000, 0x000000076ae00000)
  object space 71168K, 7% used [0x00000006c0a00000,0x00000006c0f32af0,0x00000006c4f80000)
 Metaspace       used 21611K, capacity 21950K, committed 22144K, reserved 1069056K
  class space    used 2752K, capacity 2842K, committed 2944K, reserved 1048576K
Event: 17.121 GC heap after
Heap after GC invocations=5 (full 1):
 PSYoungGen      total 76288K, used 1184K [0x000000076ae00000, 0x0000000770300000, 0x00000007c0000000)
  eden space 65536K, 0% used [0x000000076ae00000,0x000000076ae00000,0x000000076ee00000)
  from space 10752K, 11% used [0x000000076f880000,0x000000076f9a8000,0x0000000770300000)
  to   space 10752K, 0% used [0x000000076ee00000,0x000000076ee00000,0x000000076f880000)
 ParOldGen       total 71168K, used 5322K [0x00000006c0a00000, 0x00000006c4f80000, 0x000000076ae00000)
  object space 71168K, 7% used [0x00000006c0a00000,0x00000006c0f32af0,0x00000006c4f80000)
 Metaspace       used 21611K, capacity 21950K, committed 22144K, reserved 1069056K
  class space    used 2752K, capacity 2842K, committed 2944K, reserved 1048576K
}
Event: 17.617 GC heap before
{Heap before GC invocations=6 (full 1):
 PSYoungGen      total 76288K, used 66720K [0x000000076ae00000, 0x0000000770300000, 0x00000007c0000000)
  eden space 65536K, 100% used [0x000000076ae00000,0x000000076ee00000,0x000000076ee00000)
  from space 10752K, 11% used [0x000000076f880000,0x000000076f9a8000,0x0000000770300000)
  to   space 10752K, 0% used [0x000000076ee00000,0x000000076ee00000,0x000000076f880000)
 ParOldGen       total 71168K, used 5322K [0x00000006c0a00000, 0x00000006c4f80000, 0x000000076ae00000)
  object space 71168K, 7% used [0x00000006c0a00000,0x00000006c0f32af0,0x00000006c4f80000)
 Metaspace       used 21620K, capacity 22014K, committed 22144K, reserved 1069056K
  class space    used 2752K, capacity 2842K, committed 2944K, reserved 1048576K
Event: 17.618 GC heap after
Heap after GC invocations=6 (full 1):
 PSYoungGen      total 65536K, used 1216K [0x000000076ae00000, 0x000000076fb80000, 0x00000007c0000000)
  eden space 64000K, 0% used [0x000000076ae00000,0x000000076ae00000,0x000000076ec80000)
  from space 1536K, 79% used [0x000000076ee00000,0x000000076ef30000,0x000000076ef80000)
  to   space 7680K, 0% used [0x000000076f400000,0x000000076f400000,0x000000076fb80000)
 ParOldGen       total 71168K, used 5322K [0x00000006c0a00000, 0x00000006c4f80000, 0x000000076ae00000)
  object space 71168K, 7% used [0x00000006c0a00000,0x00000006c0f32af0,0x00000006c4f80000)
 Metaspace       used 21620K, capacity 22014K, committed 22144K, reserved 1069056K
  class space    used 2752K, capacity 2842K, committed 2944K, reserved 1048576K
}
Event: 18.087 GC heap before
{Heap before GC invocations=7 (full 1):
 PSYoungGen      total 65536K, used 65216K [0x000000076ae00000, 0x000000076fb80000, 0x00000007c0000000)
  eden space 64000K, 100% used [0x000000076ae00000,0x000000076ec80000,0x000000076ec80000)
  from space 1536K, 79% used [0x000000076ee00000,0x000000076ef30000,0x000000076ef80000)
  to   space 7680K, 0% used [0x000000076f400000,0x000000076f400000,0x000000076fb80000)
 ParOldGen       total 71168K, used 5322K [0x00000006c0a00000, 0x00000006c4f80000, 0x000000076ae00000)
  object space 71168K, 7% used [0x00000006c0a00000,0x00000006c0f32af0,0x00000006c4f80000)
 Metaspace       used 23233K, capacity 23670K, committed 23808K, reserved 1071104K
  class space    used 2894K, capacity 3010K, committed 3072K, reserved 1048576K
Event: 18.088 GC heap after
Heap after GC invocations=7 (full 1):
 PSYoungGen      total 67584K, used 1956K [0x000000076ae00000, 0x000000076f900000, 0x00000007c0000000)
  eden space 62464K, 0% used [0x000000076ae00000,0x000000076ae00000,0x000000076eb00000)
  from space 5120K, 38% used [0x000000076f400000,0x000000076f5e9100,0x000000076f900000)
  to   space 7168K, 0% used [0x000000076eb00000,0x000000076eb00000,0x000000076f200000)
 ParOldGen       total 71168K, used 5330K [0x00000006c0a00000, 0x00000006c4f80000, 0x000000076ae00000)
  object space 71168K, 7% used [0x00000006c0a00000,0x00000006c0f34af0,0x00000006c4f80000)
 Metaspace       used 23233K, capacity 23670K, committed 23808K, reserved 1071104K
  class space    used 2894K, capacity 3010K, committed 3072K, reserved 1048576K
}
Event: 18.625 GC heap before
{Heap before GC invocations=8 (full 1):
 PSYoungGen      total 67584K, used 64420K [0x000000076ae00000, 0x000000076f900000, 0x00000007c0000000)
  eden space 62464K, 100% used [0x000000076ae00000,0x000000076eb00000,0x000000076eb00000)
  from space 5120K, 38% used [0x000000076f400000,0x000000076f5e9100,0x000000076f900000)
  to   space 7168K, 0% used [0x000000076eb00000,0x000000076eb00000,0x000000076f200000)
 ParOldGen       total 71168K, used 5330K [0x00000006c0a00000, 0x00000006c4f80000, 0x000000076ae00000)
  object space 71168K, 7% used [0x00000006c0a00000,0x00000006c0f34af0,0x00000006c4f80000)
 Metaspace       used 24164K, capacity 24608K, committed 24704K, reserved 1071104K
  class space    used 2996K, capacity 3135K, committed 3200K, reserved 1048576K
Event: 18.626 GC heap after
Heap after GC invocations=8 (full 1):
 PSYoungGen      total 63488K, used 1814K [0x000000076ae00000, 0x000000076f700000, 0x00000007c0000000)
  eden space 61440K, 0% used [0x000000076ae00000,0x000000076ae00000,0x000000076ea00000)
  from space 2048K, 88% used [0x000000076eb00000,0x000000076ecc5bd8,0x000000076ed00000)
  to   space 6656K, 0% used [0x000000076f080000,0x000000076f080000,0x000000076f700000)
 ParOldGen       total 71168K, used 5338K [0x00000006c0a00000, 0x00000006c4f80000, 0x000000076ae00000)
  object space 71168K, 7% used [0x00000006c0a00000,0x00000006c0f36af0,0x00000006c4f80000)
 Metaspace       used 24164K, capacity 24608K, committed 24704K, reserved 1071104K
  class space    used 2996K, capacity 3135K, committed 3200K, reserved 1048576K
}

Deoptimization events (10 events):
Event: 18.005 Thread 0x000000001e310800 Uncommon trap: reason=unstable_if action=reinterpret pc=0x0000000002697a04 method=java.util.HashMap.getNode(ILjava/lang/Object;)Ljava/util/HashMap$Node; @ 62
Event: 18.005 Thread 0x000000001e310800 Uncommon trap: reason=unstable_if action=reinterpret pc=0x000000000264b578 method=java.util.HashMap.getNode(ILjava/lang/Object;)Ljava/util/HashMap$Node; @ 62
Event: 18.099 Thread 0x000000001d3fb800 Uncommon trap: reason=unstable_if action=reinterpret pc=0x000000000293b290 method=agents.DriverAgent$1.action()V @ 9
Event: 18.099 Thread 0x000000001d407800 Uncommon trap: reason=unstable_if action=reinterpret pc=0x000000000293b290 method=agents.DriverAgent$1.action()V @ 9
Event: 18.107 Thread 0x000000001e30a000 Uncommon trap: reason=class_check action=maybe_recompile pc=0x0000000002946c50 method=jade.core.Agent$ActiveLifeCycle.execute()V @ 69
Event: 18.435 Thread 0x000000001d400000 Uncommon trap: reason=class_check action=maybe_recompile pc=0x0000000002b12bb4 method=java.util.HashSet.add(Ljava/lang/Object;)Z @ 8
Event: 18.435 Thread 0x000000001d400000 Uncommon trap: reason=class_check action=maybe_recompile pc=0x0000000002b12bb4 method=java.util.HashSet.add(Ljava/lang/Object;)Z @ 8
Event: 18.435 Thread 0x000000001d400000 Uncommon trap: reason=class_check action=maybe_recompile pc=0x0000000002b12bb4 method=java.util.HashSet.add(Ljava/lang/Object;)Z @ 8
Event: 18.435 Thread 0x000000001d400000 Uncommon trap: reason=class_check action=maybe_recompile pc=0x0000000002b12bb4 method=java.util.HashSet.add(Ljava/lang/Object;)Z @ 8
Event: 18.448 Thread 0x000000001d400000 Uncommon trap: reason=class_check action=maybe_recompile pc=0x0000000002946c50 method=jade.core.Agent$ActiveLifeCycle.execute()V @ 69

Classes redefined (0 events):
No events

Internal exceptions (10 events):
Event: 18.008 Thread 0x000000001e310800 Exception <a 'java/lang/ArrayIndexOutOfBoundsException'> (0x000000076e09b118) thrown at [C:\re\workspace\8-2-build-windows-amd64-cygwin\jdk8u202\12323\hotspot\src\share\vm\runtime\sharedRuntime.cpp, line 605]
Event: 18.008 Thread 0x000000001e310800 Exception <a 'java/lang/ArrayIndexOutOfBoundsException'> (0x000000076e09bda0) thrown at [C:\re\workspace\8-2-build-windows-amd64-cygwin\jdk8u202\12323\hotspot\src\share\vm\runtime\sharedRuntime.cpp, line 605]
Event: 18.008 Thread 0x000000001e310800 Exception <a 'java/lang/ArrayIndexOutOfBoundsException'> (0x000000076e09c9c0) thrown at [C:\re\workspace\8-2-build-windows-amd64-cygwin\jdk8u202\12323\hotspot\src\share\vm\runtime\sharedRuntime.cpp, line 605]
Event: 18.008 Thread 0x000000001e310800 Exception <a 'java/lang/ArrayIndexOutOfBoundsException'> (0x000000076e09d5e0) thrown at [C:\re\workspace\8-2-build-windows-amd64-cygwin\jdk8u202\12323\hotspot\src\share\vm\runtime\sharedRuntime.cpp, line 605]
Event: 18.008 Thread 0x000000001e310800 Exception <a 'java/lang/ArrayIndexOutOfBoundsException'> (0x000000076e09e200) thrown at [C:\re\workspace\8-2-build-windows-amd64-cygwin\jdk8u202\12323\hotspot\src\share\vm\runtime\sharedRuntime.cpp, line 605]
Event: 18.008 Thread 0x000000001e310800 Exception <a 'java/lang/ArrayIndexOutOfBoundsException'> (0x000000076e09ee20) thrown at [C:\re\workspace\8-2-build-windows-amd64-cygwin\jdk8u202\12323\hotspot\src\share\vm\runtime\sharedRuntime.cpp, line 605]
Event: 18.008 Thread 0x000000001e310800 Exception <a 'java/lang/ArrayIndexOutOfBoundsException'> (0x000000076e09fa40) thrown at [C:\re\workspace\8-2-build-windows-amd64-cygwin\jdk8u202\12323\hotspot\src\share\vm\runtime\sharedRuntime.cpp, line 605]
Event: 18.008 Thread 0x000000001e310800 Exception <a 'java/lang/ArrayIndexOutOfBoundsException'> (0x000000076e0a0660) thrown at [C:\re\workspace\8-2-build-windows-amd64-cygwin\jdk8u202\12323\hotspot\src\share\vm\runtime\sharedRuntime.cpp, line 605]
Event: 18.008 Thread 0x000000001e310800 Exception <a 'java/lang/ArrayIndexOutOfBoundsException'> (0x000000076e0a1318) thrown at [C:\re\workspace\8-2-build-windows-amd64-cygwin\jdk8u202\12323\hotspot\src\share\vm\runtime\sharedRuntime.cpp, line 605]
Event: 18.008 Thread 0x000000001e310800 Exception <a 'java/lang/ArrayIndexOutOfBoundsException'> (0x000000076e0a1f38) thrown at [C:\re\workspace\8-2-build-windows-amd64-cygwin\jdk8u202\12323\hotspot\src\share\vm\runtime\sharedRuntime.cpp, line 605]

Events (10 events):
Event: 18.446 loading class java/time/LocalTime$1 done
Event: 18.446 loading class java/time/format/DateTimeFormatterBuilder$3
Event: 18.446 loading class java/time/format/DateTimeFormatterBuilder$3 done
Event: 18.446 loading class java/math/BigDecimal$1
Event: 18.446 loading class java/math/BigDecimal$1 done
Event: 18.448 Thread 0x000000001d400000 Uncommon trap: trap_request=0xffffffde fr.pc=0x0000000002946c50
Event: 18.448 Thread 0x000000001d400000 DEOPT PACKING pc=0x0000000002946c50 sp=0x0000000029d5eee0
Event: 18.448 Thread 0x000000001d400000 DEOPT UNPACKING pc=0x000000000241583b sp=0x0000000029d5ee90 mode 2
Event: 18.625 Executing VM operation: ParallelGCFailedAllocation
Event: 18.626 Executing VM operation: ParallelGCFailedAllocation done


Dynamic libraries:
0x00007ff7d3a90000 - 0x00007ff7d3ac7000 	C:\Program Files\Java\jdk1.8.0_202\bin\java.exe
0x00007ffa4f7e0000 - 0x00007ffa4f9cd000 	C:\WINDOWS\SYSTEM32\ntdll.dll
0x00007ffa2dad0000 - 0x00007ffa2dae4000 	C:\Program Files (x86)\AVG\Antivirus\aswhook.dll
0x00007ffa4cfc0000 - 0x00007ffa4d073000 	C:\WINDOWS\System32\KERNEL32.DLL
0x00007ffa4c760000 - 0x00007ffa4c9f3000 	C:\WINDOWS\System32\KERNELBASE.dll
0x00007ffa4eda0000 - 0x00007ffa4ee43000 	C:\WINDOWS\System32\ADVAPI32.dll
0x00007ffa4eb50000 - 0x00007ffa4ebee000 	C:\WINDOWS\System32\msvcrt.dll
0x00007ffa4f4f0000 - 0x00007ffa4f58e000 	C:\WINDOWS\System32\sechost.dll
0x00007ffa4d080000 - 0x00007ffa4d1a2000 	C:\WINDOWS\System32\RPCRT4.dll
0x00007ffa4f350000 - 0x00007ffa4f4e7000 	C:\WINDOWS\System32\USER32.dll
0x00007ffa4bdd0000 - 0x00007ffa4bdf0000 	C:\WINDOWS\System32\win32u.dll
0x00007ffa4d560000 - 0x00007ffa4d589000 	C:\WINDOWS\System32\GDI32.dll
0x00007ffa4b920000 - 0x00007ffa4bab9000 	C:\WINDOWS\System32\gdi32full.dll
0x00007ffa4bd30000 - 0x00007ffa4bdd0000 	C:\WINDOWS\System32\msvcp_win.dll
0x00007ffa4c610000 - 0x00007ffa4c70a000 	C:\WINDOWS\System32\ucrtbase.dll
0x00007ffa40cb0000 - 0x00007ffa40f29000 	C:\WINDOWS\WinSxS\amd64_microsoft.windows.common-controls_6595b64144ccf1df_6.0.17763.802_none_05b1445c0722d2cc\COMCTL32.dll
0x00007ffa4f020000 - 0x00007ffa4f34c000 	C:\WINDOWS\System32\combase.dll
0x00007ffa4b8a0000 - 0x00007ffa4b91e000 	C:\WINDOWS\System32\bcryptPrimitives.dll
0x00007ffa4d1b0000 - 0x00007ffa4d1de000 	C:\WINDOWS\System32\IMM32.DLL
0x000000006c0e0000 - 0x000000006c1b2000 	C:\Program Files\Java\jdk1.8.0_202\jre\bin\msvcr100.dll
0x000000006b830000 - 0x000000006c0d5000 	C:\Program Files\Java\jdk1.8.0_202\jre\bin\server\jvm.dll
0x00007ffa4f7a0000 - 0x00007ffa4f7a8000 	C:\WINDOWS\System32\PSAPI.DLL
0x00007ffa3ec00000 - 0x00007ffa3ec09000 	C:\WINDOWS\SYSTEM32\WSOCK32.dll
0x00007ffa4d1e0000 - 0x00007ffa4d24d000 	C:\WINDOWS\System32\WS2_32.dll
0x00007ffa49950000 - 0x00007ffa49974000 	C:\WINDOWS\SYSTEM32\WINMM.dll
0x00007ffa47630000 - 0x00007ffa4763a000 	C:\WINDOWS\SYSTEM32\VERSION.dll
0x00007ffa49800000 - 0x00007ffa4982d000 	C:\WINDOWS\SYSTEM32\WINMMBASE.dll
0x00007ffa4c710000 - 0x00007ffa4c75a000 	C:\WINDOWS\System32\cfgmgr32.dll
0x00007ffa05e80000 - 0x00007ffa05e8f000 	C:\Program Files\Java\jdk1.8.0_202\jre\bin\verify.dll
0x00007ff9cea40000 - 0x00007ff9cea69000 	C:\Program Files\Java\jdk1.8.0_202\jre\bin\java.dll
0x00007ffa451c0000 - 0x00007ffa451e3000 	C:\Program Files\Java\jdk1.8.0_202\jre\bin\instrument.dll
0x00007ff9cea20000 - 0x00007ff9cea36000 	C:\Program Files\Java\jdk1.8.0_202\jre\bin\zip.dll
0x00007ffa4d590000 - 0x00007ffa4ea84000 	C:\WINDOWS\System32\SHELL32.dll
0x00007ffa4ca10000 - 0x00007ffa4cab8000 	C:\WINDOWS\System32\shcore.dll
0x00007ffa4bec0000 - 0x00007ffa4c60d000 	C:\WINDOWS\System32\windows.storage.dll
0x00007ffa4b7d0000 - 0x00007ffa4b7f4000 	C:\WINDOWS\System32\profapi.dll
0x00007ffa4b820000 - 0x00007ffa4b87d000 	C:\WINDOWS\System32\powrprof.dll
0x00007ffa4f610000 - 0x00007ffa4f662000 	C:\WINDOWS\System32\shlwapi.dll
0x00007ffa4b800000 - 0x00007ffa4b811000 	C:\WINDOWS\System32\kernel.appcore.dll
0x00007ffa4bdf0000 - 0x00007ffa4be07000 	C:\WINDOWS\System32\cryptsp.dll
0x00007ffa45140000 - 0x00007ffa4515a000 	C:\Program Files\JetBrains\IntelliJ IDEA Community Edition 2019.2\bin\breakgen64.dll
0x00007ff9cea00000 - 0x00007ff9cea1a000 	C:\Program Files\Java\jdk1.8.0_202\jre\bin\net.dll
0x00007ffa3ff70000 - 0x00007ffa40147000 	C:\WINDOWS\SYSTEM32\urlmon.dll
0x00007ffa3fcc0000 - 0x00007ffa3ff68000 	C:\WINDOWS\SYSTEM32\iertutil.dll
0x00007ffa4b210000 - 0x00007ffa4b21c000 	C:\WINDOWS\SYSTEM32\CRYPTBASE.DLL
0x00007ffa4b040000 - 0x00007ffa4b0a7000 	C:\WINDOWS\system32\mswsock.dll
0x00007ff9f2370000 - 0x00007ff9f2509000 	C:\Program Files\Java\jdk1.8.0_202\jre\bin\awt.dll
0x00007ffa4f670000 - 0x00007ffa4f734000 	C:\WINDOWS\System32\OLEAUT32.dll
0x00007ffa49a80000 - 0x00007ffa49b0c000 	C:\WINDOWS\SYSTEM32\apphelp.dll
0x00007ffa49da0000 - 0x00007ffa49e3c000 	C:\WINDOWS\system32\uxtheme.dll
0x00007ffa4eeb0000 - 0x00007ffa4f01b000 	C:\WINDOWS\System32\MSCTF.dll
0x00007ffa49e70000 - 0x00007ffa49e9e000 	C:\WINDOWS\system32\dwmapi.dll
0x00007ffa4bac0000 - 0x00007ffa4bc9b000 	C:\WINDOWS\System32\CRYPT32.dll
0x00007ffa4b880000 - 0x00007ffa4b892000 	C:\WINDOWS\System32\MSASN1.dll
0x00007ffa4d400000 - 0x00007ffa4d555000 	C:\WINDOWS\System32\ole32.dll
0x00007ff9d6640000 - 0x00007ff9d6767000 	C:\WINDOWS\system32\opengl32.dll
0x00007ff9d6610000 - 0x00007ff9d663c000 	C:\WINDOWS\SYSTEM32\GLU32.dll
0x00007ffa41ad0000 - 0x00007ffa41c6e000 	C:\WINDOWS\system32\d3d9.dll
0x00007ffa419e0000 - 0x00007ffa41acf000 	C:\WINDOWS\System32\DriverStore\FileRepository\nv_dispi.inf_amd64_67c16e22f0dab361\nvldumdx.dll
0x00007ffa4bca0000 - 0x00007ffa4bcf9000 	C:\WINDOWS\System32\WINTRUST.DLL
0x00007ffa4cac0000 - 0x00007ffa4cadd000 	C:\WINDOWS\System32\imagehlp.dll
0x00007ffa4abc0000 - 0x00007ffa4abf3000 	C:\WINDOWS\system32\rsaenh.dll
0x00007ffa4bd00000 - 0x00007ffa4bd26000 	C:\WINDOWS\System32\bcrypt.dll
0x00007ff9dcc80000 - 0x00007ff9de182000 	C:\WINDOWS\System32\DriverStore\FileRepository\nv_dispi.inf_amd64_67c16e22f0dab361\nvd3dumx.dll
0x00007ffa061d0000 - 0x00007ffa06491000 	C:\WINDOWS\system32\nvspcap64.dll
0x00007ffa4a930000 - 0x00007ffa4a961000 	C:\WINDOWS\SYSTEM32\ntmarta.dll
0x00007ffa4a460000 - 0x00007ffa4a482000 	C:\WINDOWS\SYSTEM32\gpapi.dll
0x00007ffa40690000 - 0x00007ffa406bf000 	C:\WINDOWS\SYSTEM32\cryptnet.dll
0x00007ffa4ada0000 - 0x00007ffa4ae66000 	C:\WINDOWS\SYSTEM32\DNSAPI.dll
0x00007ffa4ca00000 - 0x00007ffa4ca08000 	C:\WINDOWS\System32\NSI.dll
0x00007ffa4ad60000 - 0x00007ffa4ad9d000 	C:\WINDOWS\SYSTEM32\IPHLPAPI.DLL
0x00007ffa45060000 - 0x00007ffa4506a000 	C:\Windows\System32\rasadhlp.dll
0x00007ffa42060000 - 0x00007ffa420d9000 	C:\WINDOWS\System32\fwpuclnt.dll
0x00007ffa45080000 - 0x00007ffa450c7000 	C:\Program Files\Java\jdk1.8.0_202\jre\bin\fontmanager.dll
0x00007ffa384b0000 - 0x00007ffa38549000 	C:\WINDOWS\system32\RICHED20.DLL
0x00007ffa2b2e0000 - 0x00007ffa2b2f9000 	C:\WINDOWS\SYSTEM32\USP10.dll
0x00007ffa41d60000 - 0x00007ffa41d99000 	C:\WINDOWS\SYSTEM32\msls31.dll
0x00007ffa4eaa0000 - 0x00007ffa4eb42000 	C:\WINDOWS\System32\clbcatq.dll
0x00007ffa24350000 - 0x00007ffa243a6000 	C:\WINDOWS\system32\dataexchange.dll
0x00007ffa48990000 - 0x00007ffa48c0e000 	C:\WINDOWS\system32\d3d11.dll
0x00007ffa491d0000 - 0x00007ffa49393000 	C:\WINDOWS\system32\dcomp.dll
0x00007ffa4a4e0000 - 0x00007ffa4a5a2000 	C:\WINDOWS\system32\dxgi.dll
0x00007ffa49ea0000 - 0x00007ffa4a0ad000 	C:\WINDOWS\system32\twinapi.appcore.dll
0x00007ffa4a0b0000 - 0x00007ffa4a0d8000 	C:\WINDOWS\system32\RMCLIENT.dll
0x00007ff9ce9e0000 - 0x00007ff9ce9f2000 	C:\Program Files\Java\jdk1.8.0_202\jre\bin\nio.dll
0x00007ffa41d10000 - 0x00007ffa41d52000 	C:\Program Files\Java\jdk1.8.0_202\jre\bin\t2k.dll
0x00007ffa2b5f0000 - 0x00007ffa2b685000 	C:\WINDOWS\System32\TextInputFramework.dll
0x00007ffa472a0000 - 0x00007ffa475c2000 	C:\WINDOWS\System32\CoreUIComponents.dll
0x00007ffa49700000 - 0x00007ffa497e2000 	C:\WINDOWS\System32\CoreMessaging.dll
0x00007ffa46fd0000 - 0x00007ffa47123000 	C:\WINDOWS\SYSTEM32\wintypes.dll
0x00007ffa45b20000 - 0x00007ffa45b36000 	C:\WINDOWS\SYSTEM32\dhcpcsvc6.DLL
0x00007ffa45b00000 - 0x00007ffa45b1c000 	C:\WINDOWS\SYSTEM32\dhcpcsvc.DLL
0x00007ffa32e00000 - 0x00007ffa32e16000 	C:\WINDOWS\system32\napinsp.dll
0x00007ffa32de0000 - 0x00007ffa32dfa000 	C:\WINDOWS\system32\pnrpnsp.dll
0x00007ffa32dd0000 - 0x00007ffa32dde000 	C:\WINDOWS\System32\winrnr.dll
0x00007ffa47f20000 - 0x00007ffa47f3b000 	C:\WINDOWS\system32\NLAapi.dll
0x00007ffa32db0000 - 0x00007ffa32dc5000 	C:\WINDOWS\system32\wshbth.dll
0x00007ff9d52c0000 - 0x00007ff9d64ca000 	S:\Documents\Intelligent_Systems\jniortools.dll
0x00007ffa39810000 - 0x00007ffa398ab000 	C:\WINDOWS\SYSTEM32\MSVCP140.dll
0x00007ffa42320000 - 0x00007ffa4250d000 	C:\WINDOWS\SYSTEM32\dbghelp.dll
0x00007ffa393f0000 - 0x00007ffa39405000 	C:\WINDOWS\SYSTEM32\VCRUNTIME140.dll
0x00007ffa46e10000 - 0x00007ffa46fc8000 	C:\WINDOWS\SYSTEM32\WindowsCodecs.dll
0x00007ffa408e0000 - 0x00007ffa40911000 	C:\Program Files\Java\jdk1.8.0_202\jre\bin\jpeg.dll

VM Arguments:
jvm_args: -Djava.library.path=S:\Documents\Intelligent_Systems -javaagent:C:\Program Files\JetBrains\IntelliJ IDEA Community Edition 2019.2\lib\idea_rt.jar=65247:C:\Program Files\JetBrains\IntelliJ IDEA Community Edition 2019.2\bin -Dfile.encoding=UTF-8 
java_command: main.Main
java_class_path (initial): C:\Program Files\Java\jdk1.8.0_202\jre\lib\charsets.jar;C:\Program Files\Java\jdk1.8.0_202\jre\lib\deploy.jar;C:\Program Files\Java\jdk1.8.0_202\jre\lib\ext\access-bridge-64.jar;C:\Program Files\Java\jdk1.8.0_202\jre\lib\ext\cldrdata.jar;C:\Program Files\Java\jdk1.8.0_202\jre\lib\ext\dnsns.jar;C:\Program Files\Java\jdk1.8.0_202\jre\lib\ext\jaccess.jar;C:\Program Files\Java\jdk1.8.0_202\jre\lib\ext\jfxrt.jar;C:\Program Files\Java\jdk1.8.0_202\jre\lib\ext\localedata.jar;C:\Program Files\Java\jdk1.8.0_202\jre\lib\ext\nashorn.jar;C:\Program Files\Java\jdk1.8.0_202\jre\lib\ext\sunec.jar;C:\Program Files\Java\jdk1.8.0_202\jre\lib\ext\sunjce_provider.jar;C:\Program Files\Java\jdk1.8.0_202\jre\lib\ext\sunmscapi.jar;C:\Program Files\Java\jdk1.8.0_202\jre\lib\ext\sunpkcs11.jar;C:\Program Files\Java\jdk1.8.0_202\jre\lib\ext\zipfs.jar;C:\Program Files\Java\jdk1.8.0_202\jre\lib\javaws.jar;C:\Program Files\Java\jdk1.8.0_202\jre\lib\jce.jar;C:\Program Files\Java\jdk1.8.0_202\jre\lib\jfr.jar;C:\Program Files\Java\jdk1.8.0_202\jre\lib\jfxswt.jar;C:\Program Files\Java\jdk1.8.0_202\jre\lib\jsse.jar;C:\Program Files\Java\jdk1.8.0_202\jre\lib\management-agent.jar;C:\Program Files\Java\jdk1.8.0_202\jre\lib\plugin.jar;C:\Program Files\Java\jdk1.8.0_202\jre\lib\resources.jar;C:\Program Files\Java\jdk1.8.0_202\jre\lib\rt.jar;S:\Documents\Intelligent_Systems\Vehicle_Routing_COS30018\out\production\Vehicle_Routing_COS30018;S:\Documents\Intelligent_Systems\com.google.ortools.jar;S:\Documents\Intelligent_Systems\protobuf.jar;S:\Documents\JAVA_LIBRARIES\choco-solver-2.1.2.jar;S:\Documents\JAVA_LIBRARIES\choco-solver-4.10.1.jar;S:\Documents\JAVA_LIBRARIES\mysql-connector-java-5.1.18-bin.jar;S:\Documents\JADE\lib\jade.jar;C:\Program Files\JetBrains\IntelliJ IDEA Community Edition 2019.2\lib\idea_rt.jar
Launcher Type: SUN_STANDARD

Environment Variables:
CLASSPATH=S:\Documents\JADE\lib\jade.jar;S:\Documents\JADE\lib\jadeTools.jar;S:\Documents\JADE\lib\commons-codec\commons-codec-1.3.jar
PATH=C:\Program Files (x86)\Common Files\Oracle\Java\javapath;C:\Program Files\Java\jdk-11.0.2;C:\Program Files (x86)\Intel\Intel(R) Management Engine Components\iCLS\;C:\Program Files\Intel\Intel(R) Management Engine Components\iCLS\;C:\WINDOWS\system32;C:\WINDOWS;C:\WINDOWS\System32\Wbem;C:\WINDOWS\System32\WindowsPowerShell\v1.0\;C:\WINDOWS\System32\OpenSSH\;C:\Program Files (x86)\Intel\Intel(R) Management Engine Components\DAL;C:\Program Files\Intel\Intel(R) Management Engine Components\DAL;C:\Program Files (x86)\Intel\Intel(R) Management Engine Components\IPT;C:\Program Files\Intel\Intel(R) Management Engine Components\IPT;C:\Program Files\NVIDIA Corporation\NVIDIA NvDLISR;C:\Program Files\Git\cmd;C:\Program Files\Microsoft VS Code\bin;C:\Program Files\nodejs\;C:\Program Files\dotnet\;C:\Program Files (x86)\Bitvise SSH Client;C:\Program Files\PuTTY\;C:\Program Files (x86)\NVIDIA Corporation\PhysX\Common;C:\WINDOWS\system32;C:\WINDOWS;C:\WINDOWS\System32\Wbem;C:\WINDOWS\System32\WindowsPowerShell\v1.0\;C:\WINDOWS\System32\OpenSSH\;C:\Program Files\Java\jre1.8.0_201\;C:\Users\KeesTim\AppData\Local\Microsoft\WindowsApps;C:\Users\KeesTim\AppData\Local\atom\bin;C:\Users\KeesTim\AppData\Roaming\npm;C:\Users\KeesTim\AppData\Local\Microsoft\WindowsApps;C:\Program Files\JetBrains\IntelliJ IDEA Community Edition 2019.2\bin;;C:\Program Files\Java\jdk1.8.0_202\bin;C:\Users\KeesTim\AppData\Local\Programs\Python\Python37;C:\Users\KeesTim\AppData\Local\Programs\Python\Python37\Scripts;
USERNAME=KeesTim
OS=Windows_NT
PROCESSOR_IDENTIFIER=Intel64 Family 6 Model 94 Stepping 3, GenuineIntel



---------------  S Y S T E M  ---------------

OS: Windows 10.0 , 64 bit Build 17763 (10.0.17763.475)

CPU:total 4 (initial active 4) (4 cores per cpu, 1 threads per core) family 6 model 94 stepping 3, cmov, cx8, fxsr, mmx, sse, sse2, sse3, ssse3, sse4.1, sse4.2, popcnt, avx, avx2, aes, clmul, erms, rtm, 3dnowpref, lzcnt, tsc, tscinvbit, bmi1, bmi2, adx

Memory: 4k page, physical 16729544k(4744652k free), swap 28263880k(5450944k free)

vm_info: Java HotSpot(TM) 64-Bit Server VM (25.202-b08) for windows-amd64 JRE (1.8.0_202-b08), built on Dec 15 2018 19:54:30 by "java_re" with MS VC++ 10.0 (VS2010)

time: Thu Oct 24 03:40:32 2019
timezone: AUS Eastern Daylight Time
elapsed time: 18 seconds (0d 0h 0m 18s)

