#
# A fatal error has been detected by the Java Runtime Environment:
#
#  EXCEPTION_ACCESS_VIOLATION (0xc0000005) at pc=0x0000000061e5f01d, pid=15780, tid=0x00000000000049f0
#
# JRE version: Java(TM) SE Runtime Environment (8.0_202-b08) (build 1.8.0_202-b08)
# Java VM: Java HotSpot(TM) 64-Bit Server VM (25.202-b08 mixed mode windows-amd64 compressed oops)
# Problematic frame:
# V  [jvm.dll+0x13f01d]
#
# Failed to write core dump. Minidumps are not enabled by default on client versions of Windows
#
# If you would like to submit a bug report, please visit:
#   http://bugreport.java.com/bugreport/crash.jsp
# The crash happened outside the Java Virtual Machine in native code.
# See problematic frame for where to report the bug.
#

---------------  T H R E A D  ---------------

Current thread (0x000000001bdf9800):  JavaThread "Finalizer" daemon [_thread_in_native, id=18928, stack(0x000000001d070000,0x000000001d170000)]

siginfo: ExceptionCode=0xc0000005, writing address 0x0000000000000270

Registers:
RAX=0x000000000000dead, RBX=0x0000000000000000, RCX=0x000000001e4e5800, RDX=0x000000001e3de470
RSP=0x000000001d16ecf0, RBP=0x0000000000000000, RSI=0x0000000027e01380, RDI=0x000000001e3de470
R8 =0x0000000000ad3d80, R9 =0x0000000000008000, R10=0x00000000ffffffff, R11=0x000000001d16ec50
R12=0x0000000000000000, R13=0x0000000000000000, R14=0x0000000000000000, R15=0x0000000027f28b48
RIP=0x0000000061e5f01d, EFLAGS=0x0000000000010246

Top of Stack: (sp=0x000000001d16ecf0)
0x000000001d16ecf0:   0000000000000000 000000002572d198
0x000000001d16ed00:   0000000027f28b48 0000000027f24a00
0x000000001d16ed10:   00000000ffffffff 00007ffbfc0f87ce
0x000000001d16ed20:   0000000027f22990 0000000027e01380
0x000000001d16ed30:   0000000000000000 0000000000000000
0x000000001d16ed40:   fffffffffffffffe 0000000027f28a40
0x000000001d16ed50:   0000000000000000 00007ffbfc0f6bed
0x000000001d16ed60:   0000000000000000 00007ffbfce734b0
0x000000001d16ed70:   0000000027f28b48 0000000027f28a40
0x000000001d16ed80:   0000000027e01400 00007ffbfc3dc6d5
0x000000001d16ed90:   0000000027e01380 0000000000000000
0x000000001d16eda0:   0000000027f29210 000000000279e8b0
0x000000001d16edb0:   00007ffbfce734b0 00007ffbfc3e04b8
0x000000001d16edc0:   000000001d16ee49 0000000027f28a40
0x000000001d16edd0:   0000000027f29260 000000001d16ee49
0x000000001d16ede0:   00007ffbfce734b0 0000000000000000 

Instructions: (pc=0x0000000061e5f01d)
0x0000000061e5effd:   8b fa 3d ab de 00 00 74 17 8b 83 88 02 00 00 3d
0x0000000061e5f00d:   ac de 00 00 74 0a 48 8b cb e8 65 03 10 00 33 db
0x0000000061e5f01d:   c7 83 70 02 00 00 05 00 00 00 83 3d 9a 86 6d 00
0x0000000061e5f02d:   01 75 09 80 3d 0c 79 6d 00 00 74 18 80 3d 04 79 


Register to memory mapping:

RAX=0x000000000000dead is an unknown value
RBX=0x0000000000000000 is an unknown value
RCX=0x000000001e4e5800 is an unknown value
RDX=0x000000001e3de470 is a global jni handle
RSP=0x000000001d16ecf0 is pointing into the stack for thread: 0x000000001bdf9800
RBP=0x0000000000000000 is an unknown value
RSI=0x0000000027e01380 is an unknown value
RDI=0x000000001e3de470 is a global jni handle
R8 =0x0000000000ad3d80 is an unknown value
R9 =0x0000000000008000 is an unknown value
R10=0x00000000ffffffff is an unknown value
R11=0x000000001d16ec50 is pointing into the stack for thread: 0x000000001bdf9800
R12=0x0000000000000000 is an unknown value
R13=0x0000000000000000 is an unknown value
R14=0x0000000000000000 is an unknown value
R15=0x0000000027f28b48 is an unknown value


Stack: [0x000000001d070000,0x000000001d170000],  sp=0x000000001d16ecf0,  free space=1019k
Native frames: (J=compiled Java code, j=interpreted, Vv=VM code, C=native code)

Java frames: (J=compiled Java code, j=interpreted, Vv=VM code)
j  com.google.ortools.constraintsolver.mainJNI.delete_RoutingModel(J)V+0
j  com.google.ortools.constraintsolver.RoutingModel.delete()V+25
j  com.google.ortools.constraintsolver.RoutingModel.finalize()V+1
J 952 C1 java.lang.ref.Finalizer.runFinalizer(Lsun/misc/JavaLangAccess;)V (62 bytes) @ 0x0000000002b21154 [0x0000000002b20bc0+0x594]
J 951 C1 java.lang.ref.Finalizer.access$100(Ljava/lang/ref/Finalizer;Lsun/misc/JavaLangAccess;)V (6 bytes) @ 0x0000000002b2085c [0x0000000002b20800+0x5c]
j  java.lang.ref.Finalizer$FinalizerThread.run()V+45
v  ~StubRoutines::call_stub

---------------  P R O C E S S  ---------------

Java Threads: ( => current thread )
  0x000000001e4e3000 JavaThread "Image Fetcher 2" daemon [_thread_blocked, id=15520, stack(0x000000002c7a0000,0x000000002c8a0000)]
  0x000000001e4e2800 JavaThread "Image Fetcher 3" daemon [_thread_blocked, id=12476, stack(0x000000002c6a0000,0x000000002c7a0000)]
  0x000000001e4e4000 JavaThread "DestroyJavaVM" [_thread_blocked, id=15656, stack(0x00000000023c0000,0x00000000024c0000)]
  0x000000001e4e8800 JavaThread "MasterRouteAgent" [_thread_blocked, id=17508, stack(0x000000002c4a0000,0x000000002c5a0000)]
  0x000000001e4e7000 JavaThread "Delivery_Agent3" [_thread_in_vm, id=15820, stack(0x000000002c3a0000,0x000000002c4a0000)]
  0x000000001e4db000 JavaThread "Delivery_Agent2" [_thread_in_vm, id=14368, stack(0x000000002c2a0000,0x000000002c3a0000)]
  0x000000001e4de000 JavaThread "Delivery_Agent1" [_thread_in_vm, id=21232, stack(0x000000002c1a0000,0x000000002c2a0000)]
  0x000000001e4e1800 JavaThread "Delivery_Agent0" [_thread_in_vm, id=23032, stack(0x000000002c0a0000,0x000000002c1a0000)]
  0x000000001e4da000 JavaThread "DBAgent" [_thread_blocked, id=19408, stack(0x000000002bfa0000,0x000000002c0a0000)]
  0x000000001e4df800 JavaThread "rma" [_thread_blocked, id=10932, stack(0x000000002bea0000,0x000000002bfa0000)]
  0x000000001e4dd000 JavaThread "df" [_thread_blocked, id=21940, stack(0x000000002bda0000,0x000000002bea0000)]
  0x000000001e4e1000 JavaThread "ams" [_thread_blocked, id=5668, stack(0x000000002bca0000,0x000000002bda0000)]
  0x000000001e4e0000 JavaThread "Thread-13" [_thread_in_native, id=11672, stack(0x000000002bba0000,0x000000002bca0000)]
  0x000000001e4dc800 JavaThread "Deliverer-04" [_thread_blocked, id=19324, stack(0x000000002baa0000,0x000000002bba0000)]
  0x000000001e4de800 JavaThread "Deliverer-03" [_thread_blocked, id=13052, stack(0x000000002b9a0000,0x000000002baa0000)]
  0x000000001e4db800 JavaThread "Deliverer-02" [_thread_blocked, id=19956, stack(0x000000002b8a0000,0x000000002b9a0000)]
  0x000000001e404800 JavaThread "Deliverer-01" [_thread_blocked, id=24372, stack(0x000000002b7a0000,0x000000002b8a0000)]
  0x000000001e407800 JavaThread "Deliverer-00" [_thread_blocked, id=21164, stack(0x000000002b6a0000,0x000000002b7a0000)]
  0x000000001e407000 JavaThread "Thread-7" [_thread_in_native, id=7156, stack(0x000000002b5a0000,0x000000002b6a0000)]
  0x000000001e405800 JavaThread "Thread-6" [_thread_blocked, id=15748, stack(0x000000002b4a0000,0x000000002b5a0000)]
  0x000000001e406000 JavaThread "JICPServer-8888" daemon [_thread_in_native, id=21624, stack(0x000000002b3a0000,0x000000002b4a0000)]
  0x000000001e29c800 JavaThread "D3D Screen Updater" daemon [_thread_blocked, id=2100, stack(0x000000002a620000,0x000000002a720000)]
  0x000000001e28a000 JavaThread "JADE Timer dispatcher" [_thread_blocked, id=21716, stack(0x000000002a520000,0x000000002a620000)]
  0x000000001e124800 JavaThread "Thread-2" [_thread_blocked, id=8620, stack(0x0000000029c00000,0x0000000029d00000)]
  0x000000001d83c000 JavaThread "AWT-EventQueue-0" [_thread_blocked, id=25540, stack(0x000000001ec00000,0x000000001ed00000)]
  0x000000001d83a000 JavaThread "AWT-Windows" daemon [_thread_in_native, id=72, stack(0x000000001e9b0000,0x000000001eab0000)]
  0x000000001d839800 JavaThread "AWT-Shutdown" [_thread_blocked, id=1876, stack(0x000000001e8b0000,0x000000001e9b0000)]
  0x000000001dff3800 JavaThread "Java2D Disposer" daemon [_thread_blocked, id=8368, stack(0x000000001e7b0000,0x000000001e8b0000)]
  0x000000001d59d800 JavaThread "Service Thread" daemon [_thread_blocked, id=12360, stack(0x000000001dc70000,0x000000001dd70000)]
  0x000000001d4db800 JavaThread "C1 CompilerThread2" daemon [_thread_blocked, id=1528, stack(0x000000001db70000,0x000000001dc70000)]
  0x000000001d4d9800 JavaThread "C2 CompilerThread1" daemon [_thread_blocked, id=21968, stack(0x000000001da70000,0x000000001db70000)]
  0x000000001d4d7000 JavaThread "C2 CompilerThread0" daemon [_thread_blocked, id=16796, stack(0x000000001d970000,0x000000001da70000)]
  0x000000001d4d5800 JavaThread "Monitor Ctrl-Break" daemon [_thread_in_native, id=17576, stack(0x000000001d870000,0x000000001d970000)]
  0x000000001be18800 JavaThread "Attach Listener" daemon [_thread_blocked, id=18480, stack(0x000000001d370000,0x000000001d470000)]
  0x000000001be17800 JavaThread "Signal Dispatcher" daemon [_thread_blocked, id=12712, stack(0x000000001d270000,0x000000001d370000)]
=>0x000000001bdf9800 JavaThread "Finalizer" daemon [_thread_in_native, id=18928, stack(0x000000001d070000,0x000000001d170000)]
  0x0000000002794000 JavaThread "Reference Handler" daemon [_thread_blocked, id=6044, stack(0x000000001cf70000,0x000000001d070000)]

Other Threads:
  0x000000001bdd8000 VMThread [stack: 0x000000001ce70000,0x000000001cf70000] [id=9892]
  0x000000001d5a3000 WatcherThread [stack: 0x000000001dd70000,0x000000001de70000] [id=11340]

VM state:not at safepoint (normal execution)

VM Mutex/Monitor currently owned by a thread: None

heap address: 0x00000006c0a00000, size: 4086 MB, Compressed Oops mode: Zero based, Oop shift amount: 3
Narrow klass base: 0x0000000000000000, Narrow klass shift: 3
Compressed class space size: 1073741824 Address: 0x00000007c0000000

Heap:
 PSYoungGen      total 113152K, used 4920K [0x000000076ae00000, 0x0000000772e80000, 0x00000007c0000000)
  eden space 111616K, 3% used [0x000000076ae00000,0x000000076b19d2b8,0x0000000771b00000)
  from space 1536K, 79% used [0x0000000772d00000,0x0000000772e31100,0x0000000772e80000)
  to   space 8704K, 0% used [0x0000000771d80000,0x0000000771d80000,0x0000000772600000)
 ParOldGen       total 82432K, used 5151K [0x00000006c0a00000, 0x00000006c5a80000, 0x000000076ae00000)
  object space 82432K, 6% used [0x00000006c0a00000,0x00000006c0f07f10,0x00000006c5a80000)
 Metaspace       used 23459K, capacity 23886K, committed 24064K, reserved 1071104K
  class space    used 2928K, capacity 3043K, committed 3072K, reserved 1048576K

Card table byte_map: [0x0000000011b60000,0x0000000012360000] byte_map_base: 0x000000000e55b000

Marking Bits: (ParMarkBitMap*) 0x0000000062545ce0
 Begin Bits: [0x0000000012cc0000, 0x0000000016c98000)
 End Bits:   [0x0000000016c98000, 0x000000001ac70000)

Polling page: 0x0000000002320000

CodeCache: size=245760Kb used=6336Kb max_used=6336Kb free=239423Kb
 bounds [0x00000000027a0000, 0x0000000002de0000, 0x00000000117a0000]
 total_blobs=2581 nmethods=1875 adapters=618
 compilation: enabled

Compilation events (10 events):
Event: 8.650 Thread 0x000000001d4db800 nmethod 2004 0x0000000002dc5f90 code [0x0000000002dc6240, 0x0000000002dc7448]
Event: 8.651 Thread 0x000000001d4db800 2003   !   3       sun.awt.AWTAutoShutdown::notifyThreadFree (74 bytes)
Event: 8.651 Thread 0x000000001d4db800 nmethod 2003 0x0000000002dc5390 code [0x0000000002dc5540, 0x0000000002dc5c48]
Event: 8.651 Thread 0x000000001d4db800 2005       3       java.awt.event.MouseEvent::<init> (250 bytes)
Event: 8.652 Thread 0x000000001d4db800 nmethod 2005 0x0000000002dc9790 code [0x0000000002dc9b80, 0x0000000002dcc2b8]
Event: 8.652 Thread 0x000000001d4db800 2006       3       java.awt.event.InputEvent::<init> (26 bytes)
Event: 8.652 Thread 0x000000001d4db800 nmethod 2006 0x0000000002dc1a90 code [0x0000000002dc1c00, 0x0000000002dc1e58]
Event: 8.652 Thread 0x000000001d4db800 2007       3       sun.awt.windows.WToolkit::showOrHideTouchKeyboard (199 bytes)
Event: 8.653 Thread 0x000000001d4db800 nmethod 2007 0x0000000002dcd7d0 code [0x0000000002dcdb00, 0x0000000002dcfa98]
Event: 8.655 Thread 0x000000001d4db800 2008       3       sun.awt.windows.WGlobalCursorManager::nativeUpdateCursor (8 bytes)

GC Heap History (10 events):
Event: 7.077 GC heap before
{Heap before GC invocations=5 (full 0):
 PSYoungGen      total 76288K, used 43028K [0x000000076ae00000, 0x0000000770300000, 0x00000007c0000000)
  eden space 65536K, 57% used [0x000000076ae00000,0x000000076d2f1010,0x000000076ee00000)
  from space 10752K, 48% used [0x000000076f880000,0x000000076fd94100,0x0000000770300000)
  to   space 10752K, 0% used [0x000000076ee00000,0x000000076ee00000,0x000000076f880000)
 ParOldGen       total 175104K, used 40K [0x00000006c0a00000, 0x00000006cb500000, 0x000000076ae00000)
  object space 175104K, 0% used [0x00000006c0a00000,0x00000006c0a0a000,0x00000006cb500000)
 Metaspace       used 20928K, capacity 21232K, committed 21248K, reserved 1067008K
  class space    used 2703K, capacity 2808K, committed 2816K, reserved 1048576K
Event: 7.080 GC heap after
Heap after GC invocations=5 (full 0):
 PSYoungGen      total 76288K, used 5264K [0x000000076ae00000, 0x0000000773c00000, 0x00000007c0000000)
  eden space 65536K, 0% used [0x000000076ae00000,0x000000076ae00000,0x000000076ee00000)
  from space 10752K, 48% used [0x000000076ee00000,0x000000076f3240e0,0x000000076f880000)
  to   space 7168K, 0% used [0x0000000773500000,0x0000000773500000,0x0000000773c00000)
 ParOldGen       total 175104K, used 48K [0x00000006c0a00000, 0x00000006cb500000, 0x000000076ae00000)
  object space 175104K, 0% used [0x00000006c0a00000,0x00000006c0a0c000,0x00000006cb500000)
 Metaspace       used 20928K, capacity 21232K, committed 21248K, reserved 1067008K
  class space    used 2703K, capacity 2808K, committed 2816K, reserved 1048576K
}
Event: 7.080 GC heap before
{Heap before GC invocations=6 (full 1):
 PSYoungGen      total 76288K, used 5264K [0x000000076ae00000, 0x0000000773c00000, 0x00000007c0000000)
  eden space 65536K, 0% used [0x000000076ae00000,0x000000076ae00000,0x000000076ee00000)
  from space 10752K, 48% used [0x000000076ee00000,0x000000076f3240e0,0x000000076f880000)
  to   space 7168K, 0% used [0x0000000773500000,0x0000000773500000,0x0000000773c00000)
 ParOldGen       total 175104K, used 48K [0x00000006c0a00000, 0x00000006cb500000, 0x000000076ae00000)
  object space 175104K, 0% used [0x00000006c0a00000,0x00000006c0a0c000,0x00000006cb500000)
 Metaspace       used 20928K, capacity 21232K, committed 21248K, reserved 1067008K
  class space    used 2703K, capacity 2808K, committed 2816K, reserved 1048576K
Event: 7.097 GC heap after
Heap after GC invocations=6 (full 1):
 PSYoungGen      total 76288K, used 0K [0x000000076ae00000, 0x0000000773c00000, 0x00000007c0000000)
  eden space 65536K, 0% used [0x000000076ae00000,0x000000076ae00000,0x000000076ee00000)
  from space 10752K, 0% used [0x000000076ee00000,0x000000076ee00000,0x000000076f880000)
  to   space 7168K, 0% used [0x0000000773500000,0x0000000773500000,0x0000000773c00000)
 ParOldGen       total 82432K, used 5135K [0x00000006c0a00000, 0x00000006c5a80000, 0x000000076ae00000)
  object space 82432K, 6% used [0x00000006c0a00000,0x00000006c0f03f10,0x00000006c5a80000)
 Metaspace       used 20928K, capacity 21232K, committed 21248K, reserved 1067008K
  class space    used 2703K, capacity 2808K, committed 2816K, reserved 1048576K
}
Event: 7.463 GC heap before
{Heap before GC invocations=7 (full 1):
 PSYoungGen      total 76288K, used 65536K [0x000000076ae00000, 0x0000000773c00000, 0x00000007c0000000)
  eden space 65536K, 100% used [0x000000076ae00000,0x000000076ee00000,0x000000076ee00000)
  from space 10752K, 0% used [0x000000076ee00000,0x000000076ee00000,0x000000076f880000)
  to   space 7168K, 0% used [0x0000000773500000,0x0000000773500000,0x0000000773c00000)
 ParOldGen       total 82432K, used 5135K [0x00000006c0a00000, 0x00000006c5a80000, 0x000000076ae00000)
  object space 82432K, 6% used [0x00000006c0a00000,0x00000006c0f03f10,0x00000006c5a80000)
 Metaspace       used 20970K, capacity 21362K, committed 21632K, reserved 1069056K
  class space    used 2711K, capacity 2819K, committed 2944K, reserved 1048576K
Event: 7.463 GC heap after
Heap after GC invocations=7 (full 1):
 PSYoungGen      total 118272K, used 128K [0x000000076ae00000, 0x0000000773580000, 0x00000007c0000000)
  eden space 117760K, 0% used [0x000000076ae00000,0x000000076ae00000,0x0000000772100000)
  from space 512K, 25% used [0x0000000773500000,0x0000000773520000,0x0000000773580000)
  to   space 8192K, 0% used [0x0000000772580000,0x0000000772580000,0x0000000772d80000)
 ParOldGen       total 82432K, used 5143K [0x00000006c0a00000, 0x00000006c5a80000, 0x000000076ae00000)
  object space 82432K, 6% used [0x00000006c0a00000,0x00000006c0f05f10,0x00000006c5a80000)
 Metaspace       used 20970K, capacity 21362K, committed 21632K, reserved 1069056K
  class space    used 2711K, capacity 2819K, committed 2944K, reserved 1048576K
}
Event: 8.050 GC heap before
{Heap before GC invocations=8 (full 1):
 PSYoungGen      total 118272K, used 117888K [0x000000076ae00000, 0x0000000773580000, 0x00000007c0000000)
  eden space 117760K, 100% used [0x000000076ae00000,0x0000000772100000,0x0000000772100000)
  from space 512K, 25% used [0x0000000773500000,0x0000000773520000,0x0000000773580000)
  to   space 8192K, 0% used [0x0000000772580000,0x0000000772580000,0x0000000772d80000)
 ParOldGen       total 82432K, used 5143K [0x00000006c0a00000, 0x00000006c5a80000, 0x000000076ae00000)
  object space 82432K, 6% used [0x00000006c0a00000,0x00000006c0f05f10,0x00000006c5a80000)
 Metaspace       used 20992K, capacity 21362K, committed 21632K, reserved 1069056K
  class space    used 2717K, capacity 2819K, committed 2944K, reserved 1048576K
Event: 8.050 GC heap after
Heap after GC invocations=8 (full 1):
 PSYoungGen      total 115200K, used 128K [0x000000076ae00000, 0x0000000773580000, 0x00000007c0000000)
  eden space 114688K, 0% used [0x000000076ae00000,0x000000076ae00000,0x0000000771e00000)
  from space 512K, 25% used [0x0000000772580000,0x00000007725a0000,0x0000000772600000)
  to   space 8704K, 0% used [0x0000000772d00000,0x0000000772d00000,0x0000000773580000)
 ParOldGen       total 82432K, used 5143K [0x00000006c0a00000, 0x00000006c5a80000, 0x000000076ae00000)
  object space 82432K, 6% used [0x00000006c0a00000,0x00000006c0f05f10,0x00000006c5a80000)
 Metaspace       used 20992K, capacity 21362K, committed 21632K, reserved 1069056K
  class space    used 2717K, capacity 2819K, committed 2944K, reserved 1048576K
}
Event: 8.654 GC heap before
{Heap before GC invocations=9 (full 1):
 PSYoungGen      total 115200K, used 114816K [0x000000076ae00000, 0x0000000773580000, 0x00000007c0000000)
  eden space 114688K, 100% used [0x000000076ae00000,0x0000000771e00000,0x0000000771e00000)
  from space 512K, 25% used [0x0000000772580000,0x00000007725a0000,0x0000000772600000)
  to   space 8704K, 0% used [0x0000000772d00000,0x0000000772d00000,0x0000000773580000)
 ParOldGen       total 82432K, used 5143K [0x00000006c0a00000, 0x00000006c5a80000, 0x000000076ae00000)
  object space 82432K, 6% used [0x00000006c0a00000,0x00000006c0f05f10,0x00000006c5a80000)
 Metaspace       used 23456K, capacity 23886K, committed 24064K, reserved 1071104K
  class space    used 2928K, capacity 3043K, committed 3072K, reserved 1048576K
Event: 8.655 GC heap after
Heap after GC invocations=9 (full 1):
 PSYoungGen      total 113152K, used 1220K [0x000000076ae00000, 0x0000000772e80000, 0x00000007c0000000)
  eden space 111616K, 0% used [0x000000076ae00000,0x000000076ae00000,0x0000000771b00000)
  from space 1536K, 79% used [0x0000000772d00000,0x0000000772e31100,0x0000000772e80000)
  to   space 8704K, 0% used [0x0000000771d80000,0x0000000771d80000,0x0000000772600000)
 ParOldGen       total 82432K, used 5151K [0x00000006c0a00000, 0x00000006c5a80000, 0x000000076ae00000)
  object space 82432K, 6% used [0x00000006c0a00000,0x00000006c0f07f10,0x00000006c5a80000)
 Metaspace       used 23456K, capacity 23886K, committed 24064K, reserved 1071104K
  class space    used 2928K, capacity 3043K, committed 3072K, reserved 1048576K
}

Deoptimization events (10 events):
Event: 7.098 Thread 0x000000001e4df800 Uncommon trap: reason=class_check action=maybe_recompile pc=0x0000000002939778 method=jade.core.Agent$ActiveLifeCycle.execute()V @ 69
Event: 7.101 Thread 0x000000001e4df800 Uncommon trap: reason=class_check action=maybe_recompile pc=0x0000000002939778 method=jade.core.Agent$ActiveLifeCycle.execute()V @ 69
Event: 7.106 Thread 0x000000001e4e1000 Uncommon trap: reason=null_check action=make_not_entrant pc=0x0000000002980e90 method=jade.content.onto.Ontology.getSchema(Ljava/lang/String;)Ljade/content/schema/ObjectSchema; @ 39
Event: 7.109 Thread 0x000000001e4df800 Uncommon trap: reason=class_check action=maybe_recompile pc=0x0000000002939778 method=jade.core.Agent$ActiveLifeCycle.execute()V @ 69
Event: 8.085 Thread 0x000000001e4e5800 Uncommon trap: reason=unstable_if action=reinterpret pc=0x0000000002a34204 method=java.util.HashMap.getNode(ILjava/lang/Object;)Ljava/util/HashMap$Node; @ 62
Event: 8.086 Thread 0x000000001e4e5800 Uncommon trap: reason=unstable_if action=reinterpret pc=0x0000000002a2f7f8 method=java.util.HashMap.getNode(ILjava/lang/Object;)Ljava/util/HashMap$Node; @ 62
Event: 8.152 Thread 0x000000001e4e7000 Uncommon trap: reason=unstable_if action=reinterpret pc=0x00000000028c5f3c method=agents.DriverAgent$1.action()V @ 9
Event: 8.157 Thread 0x000000001e4e7000 Uncommon trap: reason=bimorphic action=maybe_recompile pc=0x0000000002cebf08 method=jade.core.Agent$ActiveLifeCycle.execute()V @ 69
Event: 8.157 Thread 0x000000001e4db000 Uncommon trap: reason=bimorphic action=maybe_recompile pc=0x0000000002cebf08 method=jade.core.Agent$ActiveLifeCycle.execute()V @ 69
Event: 8.638 Thread 0x000000001e4da000 Uncommon trap: reason=bimorphic action=maybe_recompile pc=0x0000000002cebf08 method=jade.core.Agent$ActiveLifeCycle.execute()V @ 69

Classes redefined (0 events):
No events

Internal exceptions (10 events):
Event: 8.088 Thread 0x000000001e4e5800 Exception <a 'java/lang/ArrayIndexOutOfBoundsException': 0> (0x000000076b5084e8) thrown at [C:\re\workspace\8-2-build-windows-amd64-cygwin\jdk8u202\12323\hotspot\src\share\vm\interpreter\interpreterRuntime.cpp, line 368]
Event: 8.088 Thread 0x000000001e4e5800 Exception <a 'java/lang/ArrayIndexOutOfBoundsException': 1> (0x000000076b509130) thrown at [C:\re\workspace\8-2-build-windows-amd64-cygwin\jdk8u202\12323\hotspot\src\share\vm\interpreter\interpreterRuntime.cpp, line 368]
Event: 8.088 Thread 0x000000001e4e5800 Exception <a 'java/lang/ArrayIndexOutOfBoundsException': 2> (0x000000076b509d50) thrown at [C:\re\workspace\8-2-build-windows-amd64-cygwin\jdk8u202\12323\hotspot\src\share\vm\interpreter\interpreterRuntime.cpp, line 368]
Event: 8.088 Thread 0x000000001e4e5800 Exception <a 'java/lang/ArrayIndexOutOfBoundsException': 3> (0x000000076b50a970) thrown at [C:\re\workspace\8-2-build-windows-amd64-cygwin\jdk8u202\12323\hotspot\src\share\vm\interpreter\interpreterRuntime.cpp, line 368]
Event: 8.088 Thread 0x000000001e4e5800 Exception <a 'java/lang/ArrayIndexOutOfBoundsException': 4> (0x000000076b50b578) thrown at [C:\re\workspace\8-2-build-windows-amd64-cygwin\jdk8u202\12323\hotspot\src\share\vm\interpreter\interpreterRuntime.cpp, line 368]
Event: 8.088 Thread 0x000000001e4e5800 Exception <a 'java/lang/ArrayIndexOutOfBoundsException': 5> (0x000000076b50c198) thrown at [C:\re\workspace\8-2-build-windows-amd64-cygwin\jdk8u202\12323\hotspot\src\share\vm\interpreter\interpreterRuntime.cpp, line 368]
Event: 8.088 Thread 0x000000001e4e5800 Exception <a 'java/lang/ArrayIndexOutOfBoundsException': 6> (0x000000076b50cdb8) thrown at [C:\re\workspace\8-2-build-windows-amd64-cygwin\jdk8u202\12323\hotspot\src\share\vm\interpreter\interpreterRuntime.cpp, line 368]
Event: 8.088 Thread 0x000000001e4e5800 Exception <a 'java/lang/ArrayIndexOutOfBoundsException': 0> (0x000000076b50d930) thrown at [C:\re\workspace\8-2-build-windows-amd64-cygwin\jdk8u202\12323\hotspot\src\share\vm\interpreter\interpreterRuntime.cpp, line 368]
Event: 8.088 Thread 0x000000001e4e5800 Exception <a 'java/lang/ArrayIndexOutOfBoundsException': 7> (0x000000076b50e0a0) thrown at [C:\re\workspace\8-2-build-windows-amd64-cygwin\jdk8u202\12323\hotspot\src\share\vm\interpreter\interpreterRuntime.cpp, line 368]
Event: 8.089 Thread 0x000000001e4e5800 Exception <a 'java/lang/ArrayIndexOutOfBoundsException': 8> (0x000000076b50ecc0) thrown at [C:\re\workspace\8-2-build-windows-amd64-cygwin\jdk8u202\12323\hotspot\src\share\vm\interpreter\interpreterRuntime.cpp, line 368]

Events (10 events):
Event: 8.637 loading class java/time/format/DateTimeFormatterBuilder$3 done
Event: 8.637 loading class java/math/BigDecimal$1
Event: 8.637 loading class java/math/BigDecimal$1 done
Event: 8.638 Thread 0x000000001e4da000 Uncommon trap: trap_request=0xffffffc6 fr.pc=0x0000000002cebf08
Event: 8.638 Thread 0x000000001e4da000 DEOPT PACKING pc=0x0000000002cebf08 sp=0x000000002c09f3e0
Event: 8.638 Thread 0x000000001e4da000 DEOPT UNPACKING pc=0x00000000027e583b sp=0x000000002c09f3a0 mode 2
Event: 8.654 Executing VM operation: ParallelGCFailedAllocation
Event: 8.655 Executing VM operation: ParallelGCFailedAllocation done
Event: 8.655 Executing VM operation: RevokeBias
Event: 8.655 Executing VM operation: RevokeBias done


Dynamic libraries:
0x00007ff7ab860000 - 0x00007ff7ab897000 	C:\Program Files\Java\jdk1.8.0_202\bin\java.exe
0x00007ffc79e30000 - 0x00007ffc7a01d000 	C:\WINDOWS\SYSTEM32\ntdll.dll
0x00007ffc4eb10000 - 0x00007ffc4eb24000 	C:\Program Files (x86)\AVG\Antivirus\aswhook.dll
0x00007ffc788f0000 - 0x00007ffc789a3000 	C:\WINDOWS\System32\KERNEL32.DLL
0x00007ffc76200000 - 0x00007ffc76493000 	C:\WINDOWS\System32\KERNELBASE.dll
0x00007ffc78cc0000 - 0x00007ffc78d63000 	C:\WINDOWS\System32\ADVAPI32.dll
0x00007ffc799d0000 - 0x00007ffc79a6e000 	C:\WINDOWS\System32\msvcrt.dll
0x00007ffc77130000 - 0x00007ffc771ce000 	C:\WINDOWS\System32\sechost.dll
0x00007ffc78a20000 - 0x00007ffc78b42000 	C:\WINDOWS\System32\RPCRT4.dll
0x00007ffc78d70000 - 0x00007ffc78f07000 	C:\WINDOWS\System32\USER32.dll
0x00007ffc76c60000 - 0x00007ffc76c80000 	C:\WINDOWS\System32\win32u.dll
0x00007ffc786d0000 - 0x00007ffc786f9000 	C:\WINDOWS\System32\GDI32.dll
0x00007ffc76c80000 - 0x00007ffc76e19000 	C:\WINDOWS\System32\gdi32full.dll
0x00007ffc76e20000 - 0x00007ffc76ec0000 	C:\WINDOWS\System32\msvcp_win.dll
0x00007ffc76100000 - 0x00007ffc761fa000 	C:\WINDOWS\System32\ucrtbase.dll
0x00007ffc6b0e0000 - 0x00007ffc6b359000 	C:\WINDOWS\WinSxS\amd64_microsoft.windows.common-controls_6595b64144ccf1df_6.0.17763.802_none_05b1445c0722d2cc\COMCTL32.dll
0x00007ffc795b0000 - 0x00007ffc798dc000 	C:\WINDOWS\System32\combase.dll
0x00007ffc76f20000 - 0x00007ffc76f9e000 	C:\WINDOWS\System32\bcryptPrimitives.dll
0x00007ffc78810000 - 0x00007ffc7883e000 	C:\WINDOWS\System32\IMM32.DLL
0x00000000625d0000 - 0x00000000626a2000 	C:\Program Files\Java\jdk1.8.0_202\jre\bin\msvcr100.dll
0x0000000061d20000 - 0x00000000625c5000 	C:\Program Files\Java\jdk1.8.0_202\jre\bin\server\jvm.dll
0x00007ffc77120000 - 0x00007ffc77128000 	C:\WINDOWS\System32\PSAPI.DLL
0x00007ffc69040000 - 0x00007ffc69049000 	C:\WINDOWS\SYSTEM32\WSOCK32.dll
0x00007ffc798e0000 - 0x00007ffc7994d000 	C:\WINDOWS\System32\WS2_32.dll
0x00007ffc73fa0000 - 0x00007ffc73fc4000 	C:\WINDOWS\SYSTEM32\WINMM.dll
0x00007ffc70d50000 - 0x00007ffc70d5a000 	C:\WINDOWS\SYSTEM32\VERSION.dll
0x00007ffc73f70000 - 0x00007ffc73f9d000 	C:\WINDOWS\SYSTEM32\WINMMBASE.dll
0x00007ffc76c10000 - 0x00007ffc76c5a000 	C:\WINDOWS\System32\cfgmgr32.dll
0x00007ffc56340000 - 0x00007ffc5634f000 	C:\Program Files\Java\jdk1.8.0_202\jre\bin\verify.dll
0x00007ffc43920000 - 0x00007ffc43949000 	C:\Program Files\Java\jdk1.8.0_202\jre\bin\java.dll
0x00007ffc50180000 - 0x00007ffc501a3000 	C:\Program Files\Java\jdk1.8.0_202\jre\bin\instrument.dll
0x00007ffc4b840000 - 0x00007ffc4b856000 	C:\Program Files\Java\jdk1.8.0_202\jre\bin\zip.dll
0x00007ffc771d0000 - 0x00007ffc786c4000 	C:\WINDOWS\System32\SHELL32.dll
0x00007ffc79c20000 - 0x00007ffc79cc8000 	C:\WINDOWS\System32\shcore.dll
0x00007ffc764a0000 - 0x00007ffc76bed000 	C:\WINDOWS\System32\windows.storage.dll
0x00007ffc75ea0000 - 0x00007ffc75ec4000 	C:\WINDOWS\System32\profapi.dll
0x00007ffc75e40000 - 0x00007ffc75e9d000 	C:\WINDOWS\System32\powrprof.dll
0x00007ffc79970000 - 0x00007ffc799c2000 	C:\WINDOWS\System32\shlwapi.dll
0x00007ffc75e20000 - 0x00007ffc75e31000 	C:\WINDOWS\System32\kernel.appcore.dll
0x00007ffc76bf0000 - 0x00007ffc76c07000 	C:\WINDOWS\System32\cryptsp.dll
0x00007ffc50160000 - 0x00007ffc5017a000 	C:\Program Files\JetBrains\IntelliJ IDEA Community Edition 2019.2\bin\breakgen64.dll
0x00007ffc44880000 - 0x00007ffc4489a000 	C:\Program Files\Java\jdk1.8.0_202\jre\bin\net.dll
0x00007ffc6a1a0000 - 0x00007ffc6a377000 	C:\WINDOWS\SYSTEM32\urlmon.dll
0x00007ffc6aa00000 - 0x00007ffc6aca8000 	C:\WINDOWS\SYSTEM32\iertutil.dll
0x00007ffc75860000 - 0x00007ffc7586c000 	C:\WINDOWS\SYSTEM32\CRYPTBASE.DLL
0x00007ffc75690000 - 0x00007ffc756f7000 	C:\WINDOWS\system32\mswsock.dll
0x00007ffc2feb0000 - 0x00007ffc30049000 	C:\Program Files\Java\jdk1.8.0_202\jre\bin\awt.dll
0x00007ffc77050000 - 0x00007ffc77114000 	C:\WINDOWS\System32\OLEAUT32.dll
0x00007ffc740d0000 - 0x00007ffc7415c000 	C:\WINDOWS\SYSTEM32\apphelp.dll
0x00007ffc743f0000 - 0x00007ffc7448c000 	C:\WINDOWS\system32\uxtheme.dll
0x00007ffc78b50000 - 0x00007ffc78cbb000 	C:\WINDOWS\System32\MSCTF.dll
0x00007ffc746d0000 - 0x00007ffc746fe000 	C:\WINDOWS\system32\dwmapi.dll
0x00007ffc75ef0000 - 0x00007ffc760cb000 	C:\WINDOWS\System32\CRYPT32.dll
0x00007ffc75ed0000 - 0x00007ffc75ee2000 	C:\WINDOWS\System32\MSASN1.dll
0x00007ffc78f10000 - 0x00007ffc79065000 	C:\WINDOWS\System32\ole32.dll
0x00007ffc36a10000 - 0x00007ffc36b37000 	C:\WINDOWS\system32\opengl32.dll
0x00007ffc444e0000 - 0x00007ffc4450c000 	C:\WINDOWS\SYSTEM32\GLU32.dll
0x00007ffc6a860000 - 0x00007ffc6a9fe000 	C:\WINDOWS\system32\d3d9.dll
0x00007ffc70e10000 - 0x00007ffc70efe000 	C:\WINDOWS\System32\DriverStore\FileRepository\nv_dispi.inf_amd64_827405c7c65146ab\nvldumdx.dll
0x00007ffc76ec0000 - 0x00007ffc76f19000 	C:\WINDOWS\System32\WINTRUST.DLL
0x00007ffc79950000 - 0x00007ffc7996d000 	C:\WINDOWS\System32\imagehlp.dll
0x00007ffc75210000 - 0x00007ffc75243000 	C:\WINDOWS\system32\rsaenh.dll
0x00007ffc760d0000 - 0x00007ffc760f6000 	C:\WINDOWS\System32\bcrypt.dll
0x00007ffc1c050000 - 0x00007ffc1d519000 	C:\WINDOWS\System32\DriverStore\FileRepository\nv_dispi.inf_amd64_827405c7c65146ab\nvd3dumx.dll
0x00007ffc753b0000 - 0x00007ffc753ed000 	C:\WINDOWS\SYSTEM32\IPHLPAPI.DLL
0x00007ffc78780000 - 0x00007ffc78788000 	C:\WINDOWS\System32\NSI.dll
0x00007ffc701e0000 - 0x00007ffc701f6000 	C:\WINDOWS\SYSTEM32\dhcpcsvc6.DLL
0x00007ffc701c0000 - 0x00007ffc701dc000 	C:\WINDOWS\SYSTEM32\dhcpcsvc.DLL
0x00007ffc753f0000 - 0x00007ffc754b6000 	C:\WINDOWS\SYSTEM32\DNSAPI.dll
0x00007ffc37200000 - 0x00007ffc374c1000 	C:\WINDOWS\system32\nvspcap64.dll
0x00007ffc74e70000 - 0x00007ffc74ea1000 	C:\WINDOWS\SYSTEM32\ntmarta.dll
0x00007ffc74ab0000 - 0x00007ffc74ad2000 	C:\WINDOWS\SYSTEM32\gpapi.dll
0x00007ffc6bf60000 - 0x00007ffc6bf8f000 	C:\WINDOWS\SYSTEM32\cryptnet.dll
0x00007ffc6cba0000 - 0x00007ffc6cbaa000 	C:\Windows\System32\rasadhlp.dll
0x00007ffc6b8a0000 - 0x00007ffc6b919000 	C:\WINDOWS\System32\fwpuclnt.dll
0x00007ffc3ede0000 - 0x00007ffc3ee27000 	C:\Program Files\Java\jdk1.8.0_202\jre\bin\fontmanager.dll
0x00007ffc3cfe0000 - 0x00007ffc3d079000 	C:\WINDOWS\system32\RICHED20.DLL
0x00007ffc5cb00000 - 0x00007ffc5cb19000 	C:\WINDOWS\SYSTEM32\USP10.dll
0x00007ffc3cd00000 - 0x00007ffc3cd39000 	C:\WINDOWS\SYSTEM32\msls31.dll
0x00007ffc78840000 - 0x00007ffc788e2000 	C:\WINDOWS\System32\clbcatq.dll
0x00007ffc53390000 - 0x00007ffc533e6000 	C:\WINDOWS\system32\dataexchange.dll
0x00007ffc72f20000 - 0x00007ffc7319e000 	C:\WINDOWS\system32\d3d11.dll
0x00007ffc73820000 - 0x00007ffc739e3000 	C:\WINDOWS\system32\dcomp.dll
0x00007ffc74c00000 - 0x00007ffc74cc2000 	C:\WINDOWS\system32\dxgi.dll
0x00007ffc744c0000 - 0x00007ffc746cd000 	C:\WINDOWS\system32\twinapi.appcore.dll
0x00007ffc74700000 - 0x00007ffc74728000 	C:\WINDOWS\system32\RMCLIENT.dll
0x00007ffc44780000 - 0x00007ffc44792000 	C:\Program Files\Java\jdk1.8.0_202\jre\bin\nio.dll
0x00007ffc3bc70000 - 0x00007ffc3bcb2000 	C:\Program Files\Java\jdk1.8.0_202\jre\bin\t2k.dll
0x00007ffc5c320000 - 0x00007ffc5c3b5000 	C:\WINDOWS\System32\TextInputFramework.dll
0x00007ffc716a0000 - 0x00007ffc719c2000 	C:\WINDOWS\System32\CoreUIComponents.dll
0x00007ffc73d50000 - 0x00007ffc73e32000 	C:\WINDOWS\System32\CoreMessaging.dll
0x00007ffc71540000 - 0x00007ffc71693000 	C:\WINDOWS\SYSTEM32\wintypes.dll
0x00007ffc5d310000 - 0x00007ffc5d326000 	C:\WINDOWS\system32\napinsp.dll
0x00007ffc5d2f0000 - 0x00007ffc5d30a000 	C:\WINDOWS\system32\pnrpnsp.dll
0x00007ffc5d250000 - 0x00007ffc5d25e000 	C:\WINDOWS\System32\winrnr.dll
0x00007ffc72500000 - 0x00007ffc7251b000 	C:\WINDOWS\system32\NLAapi.dll
0x00007ffc5d230000 - 0x00007ffc5d245000 	C:\WINDOWS\system32\wshbth.dll
0x00007ffbfc0a0000 - 0x00007ffbfd2aa000 	S:\Documents\Intelligent_Systems\jniortools.dll
0x00007ffc63a80000 - 0x00007ffc63b1b000 	C:\WINDOWS\SYSTEM32\MSVCP140.dll
0x00007ffc6c3d0000 - 0x00007ffc6c5bd000 	C:\WINDOWS\SYSTEM32\dbghelp.dll
0x00007ffc63940000 - 0x00007ffc63955000 	C:\WINDOWS\SYSTEM32\VCRUNTIME140.dll
0x00007ffc71ae0000 - 0x00007ffc71c98000 	C:\WINDOWS\SYSTEM32\WindowsCodecs.dll
0x00007ffc37550000 - 0x00007ffc37581000 	C:\Program Files\Java\jdk1.8.0_202\jre\bin\jpeg.dll

VM Arguments:
jvm_args: -Djava.library.path=S:\Documents\Intelligent_Systems -javaagent:C:\Program Files\JetBrains\IntelliJ IDEA Community Edition 2019.2\lib\idea_rt.jar=61658:C:\Program Files\JetBrains\IntelliJ IDEA Community Edition 2019.2\bin -Dfile.encoding=UTF-8 
java_command: main.Main
java_class_path (initial): C:\Program Files\Java\jdk1.8.0_202\jre\lib\charsets.jar;C:\Program Files\Java\jdk1.8.0_202\jre\lib\deploy.jar;C:\Program Files\Java\jdk1.8.0_202\jre\lib\ext\access-bridge-64.jar;C:\Program Files\Java\jdk1.8.0_202\jre\lib\ext\cldrdata.jar;C:\Program Files\Java\jdk1.8.0_202\jre\lib\ext\dnsns.jar;C:\Program Files\Java\jdk1.8.0_202\jre\lib\ext\jaccess.jar;C:\Program Files\Java\jdk1.8.0_202\jre\lib\ext\jfxrt.jar;C:\Program Files\Java\jdk1.8.0_202\jre\lib\ext\localedata.jar;C:\Program Files\Java\jdk1.8.0_202\jre\lib\ext\nashorn.jar;C:\Program Files\Java\jdk1.8.0_202\jre\lib\ext\sunec.jar;C:\Program Files\Java\jdk1.8.0_202\jre\lib\ext\sunjce_provider.jar;C:\Program Files\Java\jdk1.8.0_202\jre\lib\ext\sunmscapi.jar;C:\Program Files\Java\jdk1.8.0_202\jre\lib\ext\sunpkcs11.jar;C:\Program Files\Java\jdk1.8.0_202\jre\lib\ext\zipfs.jar;C:\Program Files\Java\jdk1.8.0_202\jre\lib\javaws.jar;C:\Program Files\Java\jdk1.8.0_202\jre\lib\jce.jar;C:\Program Files\Java\jdk1.8.0_202\jre\lib\jfr.jar;C:\Program Files\Java\jdk1.8.0_202\jre\lib\jfxswt.jar;C:\Program Files\Java\jdk1.8.0_202\jre\lib\jsse.jar;C:\Program Files\Java\jdk1.8.0_202\jre\lib\management-agent.jar;C:\Program Files\Java\jdk1.8.0_202\jre\lib\plugin.jar;C:\Program Files\Java\jdk1.8.0_202\jre\lib\resources.jar;C:\Program Files\Java\jdk1.8.0_202\jre\lib\rt.jar;S:\Documents\Intelligent_Systems\Vehicle_Routing_COS30018\out\production\Vehicle_Routing_COS30018;S:\Documents\Intelligent_Systems\com.google.ortools.jar;S:\Documents\Intelligent_Systems\protobuf.jar;S:\Documents\JAVA_LIBRARIES\choco-solver-2.1.2.jar;S:\Documents\JAVA_LIBRARIES\choco-solver-4.10.1.jar;S:\Documents\JAVA_LIBRARIES\mysql-connector-java-5.1.18-bin.jar;S:\Documents\JADE\lib\jade.jar;C:\Program Files\JetBrains\IntelliJ IDEA Community Edition 2019.2\lib\idea_rt.jar
Launcher Type: SUN_STANDARD

Environment Variables:
CLASSPATH=S:\Documents\JADE\lib\jade.jar;S:\Documents\JADE\lib\jadeTools.jar;S:\Documents\JADE\lib\commons-codec\commons-codec-1.3.jar
PATH=C:\Program Files (x86)\Common Files\Oracle\Java\javapath;C:\Program Files\Java\jdk-11.0.2;C:\Program Files (x86)\Intel\Intel(R) Management Engine Components\iCLS\;C:\Program Files\Intel\Intel(R) Management Engine Components\iCLS\;C:\WINDOWS\system32;C:\WINDOWS;C:\WINDOWS\System32\Wbem;C:\WINDOWS\System32\WindowsPowerShell\v1.0\;C:\WINDOWS\System32\OpenSSH\;C:\Program Files (x86)\Intel\Intel(R) Management Engine Components\DAL;C:\Program Files\Intel\Intel(R) Management Engine Components\DAL;C:\Program Files (x86)\Intel\Intel(R) Management Engine Components\IPT;C:\Program Files\Intel\Intel(R) Management Engine Components\IPT;C:\Program Files\NVIDIA Corporation\NVIDIA NvDLISR;C:\Program Files\Git\cmd;C:\Program Files\Microsoft VS Code\bin;C:\Program Files\nodejs\;C:\Program Files\dotnet\;C:\Program Files (x86)\Bitvise SSH Client;C:\Program Files\PuTTY\;C:\Program Files (x86)\NVIDIA Corporation\PhysX\Common;C:\WINDOWS\system32;C:\WINDOWS;C:\WINDOWS\System32\Wbem;C:\WINDOWS\System32\WindowsPowerShell\v1.0\;C:\WINDOWS\System32\OpenSSH\;C:\Program Files\Java\jre1.8.0_201\;C:\Users\KeesTim\AppData\Local\Microsoft\WindowsApps;C:\Users\KeesTim\AppData\Local\atom\bin;C:\Users\KeesTim\AppData\Roaming\npm;C:\Users\KeesTim\AppData\Local\Microsoft\WindowsApps;C:\Program Files\JetBrains\IntelliJ IDEA Community Edition 2019.2\bin;;C:\Program Files\Java\jdk1.8.0_202\bin;C:\Users\KeesTim\AppData\Local\Programs\Python\Python37;C:\Users\KeesTim\AppData\Local\Programs\Python\Python37\Scripts;
USERNAME=KeesTim
OS=Windows_NT
PROCESSOR_IDENTIFIER=Intel64 Family 6 Model 94 Stepping 3, GenuineIntel



---------------  S Y S T E M  ---------------

OS: Windows 10.0 , 64 bit Build 17763 (10.0.17763.475)

CPU:total 4 (initial active 4) (4 cores per cpu, 1 threads per core) family 6 model 94 stepping 3, cmov, cx8, fxsr, mmx, sse, sse2, sse3, ssse3, sse4.1, sse4.2, popcnt, avx, avx2, aes, clmul, erms, rtm, 3dnowpref, lzcnt, tsc, tscinvbit, bmi1, bmi2, adx

Memory: 4k page, physical 16729544k(6724164k free), swap 28263880k(10171232k free)

vm_info: Java HotSpot(TM) 64-Bit Server VM (25.202-b08) for windows-amd64 JRE (1.8.0_202-b08), built on Dec 15 2018 19:54:30 by "java_re" with MS VC++ 10.0 (VS2010)

time: Mon Oct 21 23:36:28 2019
timezone: AUS Eastern Daylight Time
elapsed time: 8 seconds (0d 0h 0m 8s)

