#
# A fatal error has been detected by the Java Runtime Environment:
#
#  EXCEPTION_ACCESS_VIOLATION (0xc0000005) at pc=0x00000000601aeded, pid=17192, tid=0x0000000000004404
#
# JRE version: Java(TM) SE Runtime Environment (8.0_201-b09) (build 1.8.0_201-b09)
# Java VM: Java HotSpot(TM) 64-Bit Server VM (25.201-b09 mixed mode windows-amd64 compressed oops)
# Problematic frame:
# V  [jvm.dll+0x13eded]
#
# Failed to write core dump. Minidumps are not enabled by default on client versions of Windows
#
# If you would like to submit a bug report, please visit:
#   http://bugreport.java.com/bugreport/crash.jsp
# The crash happened outside the Java Virtual Machine in native code.
# See problematic frame for where to report the bug.
#

---------------  T H R E A D  ---------------

Current thread (0x0000000019a61000):  JavaThread "Finalizer" daemon [_thread_in_native, id=17412, stack(0x0000000019f40000,0x000000001a040000)]

siginfo: ExceptionCode=0xc0000005, writing address 0x0000000000000270

Registers:
RAX=0x000000000000dead, RBX=0x0000000000000000, RCX=0x000000001db68000, RDX=0x000000001ac0eb68
RSP=0x000000001a03f340, RBP=0x0000000000000000, RSI=0x0000000020c5d190, RDI=0x000000001ac0eb68
R8 =0x0000000000d41200, R9 =0x0000000000008000, R10=0x00000000ffffffff, R11=0x000000001a03f310
R12=0x0000000000000000, R13=0x0000000000000000, R14=0x0000000000000000, R15=0x00000000205f2138
RIP=0x00000000601aeded, EFLAGS=0x0000000000010246

Top of Stack: (sp=0x000000001a03f340)
0x000000001a03f340:   0000000000df0000 00000000205da1b0
0x000000001a03f350:   0000000000000000 0000000000000000
0x000000001a03f360:   00000000ffffffff 00007ff838fd87ce
0x000000001a03f370:   00000000205d4060 0000000020c5d190
0x000000001a03f380:   0000000000000000 0000000000000000
0x000000001a03f390:   fffffffffffffffe 00000000205f2030
0x000000001a03f3a0:   0000000000000000 00007ff838fd6bed
0x000000001a03f3b0:   0000000000000000 00007ff839d534b0
0x000000001a03f3c0:   00000000205f2138 00000000205f2030
0x000000001a03f3d0:   0000000020c5d210 00007ff8392bc6d5
0x000000001a03f3e0:   0000000020c5d190 0000000000000000
0x000000001a03f3f0:   00000000205f2800 0000000019a61b00
0x000000001a03f400:   00007ff839d534b0 00007ff8392c04b8
0x000000001a03f410:   000000001a03f499 00000000205f2030
0x000000001a03f420:   00000000205f2850 000000001a03f499
0x000000001a03f430:   00007ff839d534b0 0000000000000000 

Instructions: (pc=0x00000000601aeded)
0x00000000601aedcd:   8b fa 3d ab de 00 00 74 17 8b 83 88 02 00 00 3d
0x00000000601aeddd:   ac de 00 00 74 0a 48 8b cb e8 c5 03 10 00 33 db
0x00000000601aeded:   c7 83 70 02 00 00 05 00 00 00 83 3d ca 78 6d 00
0x00000000601aedfd:   01 75 09 80 3d 3c 6b 6d 00 00 74 18 80 3d 34 6b 


Register to memory mapping:

RAX=0x000000000000dead is an unknown value
RBX=0x0000000000000000 is an unknown value
RCX=0x000000001db68000 is an unknown value
RDX=0x000000001ac0eb68 is a global jni handle
RSP=0x000000001a03f340 is pointing into the stack for thread: 0x0000000019a61000
RBP=0x0000000000000000 is an unknown value
RSI=0x0000000020c5d190 is an unknown value
RDI=0x000000001ac0eb68 is a global jni handle
R8 =0x0000000000d41200 is an unknown value
R9 =0x0000000000008000 is an unknown value
R10=0x00000000ffffffff is an unallocated location in the heap
R11=0x000000001a03f310 is pointing into the stack for thread: 0x0000000019a61000
R12=0x0000000000000000 is an unknown value
R13=0x0000000000000000 is an unknown value
R14=0x0000000000000000 is an unknown value
R15=0x00000000205f2138 is an unknown value


Stack: [0x0000000019f40000,0x000000001a040000],  sp=0x000000001a03f340,  free space=1020k
Native frames: (J=compiled Java code, j=interpreted, Vv=VM code, C=native code)

Java frames: (J=compiled Java code, j=interpreted, Vv=VM code)
j  com.google.ortools.constraintsolver.mainJNI.delete_RoutingModel(J)V+0
j  com.google.ortools.constraintsolver.RoutingModel.delete()V+25
j  com.google.ortools.constraintsolver.RoutingModel.finalize()V+1
J 1115 C1 java.lang.ref.Finalizer.runFinalizer(Lsun/misc/JavaLangAccess;)V (62 bytes) @ 0x0000000003109e0c [0x0000000003109880+0x58c]
J 1114 C1 java.lang.ref.Finalizer.access$100(Ljava/lang/ref/Finalizer;Lsun/misc/JavaLangAccess;)V (6 bytes) @ 0x000000000310951c [0x00000000031094c0+0x5c]
j  java.lang.ref.Finalizer$FinalizerThread.run()V+45
v  ~StubRoutines::call_stub

---------------  P R O C E S S  ---------------

Java Threads: ( => current thread )
  0x000000001db60800 JavaThread "MasterRouteAgent" [_thread_blocked, id=24232, stack(0x0000000020670000,0x0000000020770000)]
  0x000000001db67000 JavaThread "Delivery_Agent9" [_thread_blocked, id=26760, stack(0x0000000020370000,0x0000000020470000)]
  0x000000001db66800 JavaThread "Delivery_Agent8" [_thread_blocked, id=27264, stack(0x0000000020270000,0x0000000020370000)]
  0x000000001db5f000 JavaThread "Delivery_Agent7" [_thread_blocked, id=21712, stack(0x0000000020170000,0x0000000020270000)]
  0x000000001db65800 JavaThread "Delivery_Agent6" [_thread_blocked, id=21452, stack(0x0000000020070000,0x0000000020170000)]
  0x000000001db5e000 JavaThread "Delivery_Agent5" [_thread_blocked, id=17992, stack(0x000000001ff70000,0x0000000020070000)]
  0x000000001db65000 JavaThread "Delivery_Agent4" [_thread_blocked, id=15024, stack(0x000000001fe70000,0x000000001ff70000)]
  0x000000001db62000 JavaThread "Delivery_Agent3" [_thread_blocked, id=26188, stack(0x000000001fd70000,0x000000001fe70000)]
  0x000000001db62800 JavaThread "Delivery_Agent2" [_thread_blocked, id=24680, stack(0x000000001fc70000,0x000000001fd70000)]
  0x000000001db64000 JavaThread "Delivery_Agent1" [_thread_blocked, id=26248, stack(0x000000001fb70000,0x000000001fc70000)]
  0x000000001db63800 JavaThread "Delivery_Agent0" [_thread_blocked, id=1692, stack(0x000000001fa70000,0x000000001fb70000)]
  0x000000001db5d800 JavaThread "DBAgent" [_thread_blocked, id=12484, stack(0x000000001f970000,0x000000001fa70000)]
  0x000000001db5f800 JavaThread "df" [_thread_blocked, id=3196, stack(0x000000001f870000,0x000000001f970000)]
  0x000000001db61000 JavaThread "ams" [_thread_blocked, id=8232, stack(0x000000001f770000,0x000000001f870000)]
  0x000000001b376800 JavaThread "Thread-15" [_thread_in_native, id=23012, stack(0x000000001f670000,0x000000001f770000)]
  0x000000001b37b800 JavaThread "Deliverer-04" [_thread_blocked, id=5576, stack(0x000000001f570000,0x000000001f670000)]
  0x000000001b375800 JavaThread "Deliverer-03" [_thread_blocked, id=26796, stack(0x000000001f470000,0x000000001f570000)]
  0x000000001b378800 JavaThread "Deliverer-02" [_thread_blocked, id=15288, stack(0x000000001f370000,0x000000001f470000)]
  0x000000001b378000 JavaThread "Deliverer-01" [_thread_blocked, id=23924, stack(0x000000001f270000,0x000000001f370000)]
  0x000000001b37c800 JavaThread "Deliverer-00" [_thread_blocked, id=25224, stack(0x000000001f170000,0x000000001f270000)]
  0x000000001b37b000 JavaThread "Thread-9" [_thread_in_native, id=21876, stack(0x000000001ee70000,0x000000001ef70000)]
  0x000000001b377000 JavaThread "Thread-8" [_thread_blocked, id=22852, stack(0x000000001ed70000,0x000000001ee70000)]
  0x000000001b379800 JavaThread "JICPServer-8888" daemon [_thread_in_native, id=932, stack(0x000000001ec70000,0x000000001ed70000)]
  0x000000001b37a000 JavaThread "JADE Timer dispatcher" [_thread_blocked, id=27068, stack(0x000000001eb70000,0x000000001ec70000)]
  0x000000001ae61000 JavaThread "TimerQueue" daemon [_thread_blocked, id=18196, stack(0x000000001d7a0000,0x000000001d8a0000)]
  0x000000001ada2800 JavaThread "Thread-3" [_thread_blocked, id=21752, stack(0x000000001c7a0000,0x000000001c8a0000)]
  0x000000001adaf800 JavaThread "Thread-2" [_thread_blocked, id=5592, stack(0x000000001c6a0000,0x000000001c7a0000)]
  0x000000001adb1800 JavaThread "MySQL Statement Cancellation Timer" daemon [_thread_blocked, id=24484, stack(0x000000001c060000,0x000000001c160000)]
  0x0000000002c03800 JavaThread "DestroyJavaVM" [_thread_blocked, id=532, stack(0x00000000028a0000,0x00000000029a0000)]
  0x000000001ac21000 JavaThread "AWT-EventQueue-0" [_thread_blocked, id=16484, stack(0x000000001b770000,0x000000001b870000)]
  0x000000001ac16000 JavaThread "AWT-Windows" daemon [_thread_in_native, id=13296, stack(0x000000001b580000,0x000000001b680000)]
  0x000000001ac15800 JavaThread "AWT-Shutdown" [_thread_blocked, id=8712, stack(0x000000001b480000,0x000000001b580000)]
  0x000000001ac14800 JavaThread "Java2D Disposer" daemon [_thread_blocked, id=11792, stack(0x000000001b380000,0x000000001b480000)]
  0x0000000019c0e000 JavaThread "Service Thread" daemon [_thread_blocked, id=19068, stack(0x000000001a840000,0x000000001a940000)]
  0x0000000019afc000 JavaThread "C1 CompilerThread3" daemon [_thread_blocked, id=3244, stack(0x000000001a740000,0x000000001a840000)]
  0x0000000019af8800 JavaThread "C2 CompilerThread2" daemon [_thread_blocked, id=14136, stack(0x000000001a640000,0x000000001a740000)]
  0x0000000019af2800 JavaThread "C2 CompilerThread1" daemon [_thread_blocked, id=19796, stack(0x000000001a540000,0x000000001a640000)]
  0x0000000019aee000 JavaThread "C2 CompilerThread0" daemon [_thread_in_native, id=26516, stack(0x000000001a440000,0x000000001a540000)]
  0x0000000019ae1800 JavaThread "Monitor Ctrl-Break" daemon [_thread_in_native, id=15368, stack(0x000000001a340000,0x000000001a440000)]
  0x0000000019a72800 JavaThread "Attach Listener" daemon [_thread_blocked, id=25572, stack(0x000000001a240000,0x000000001a340000)]
  0x0000000019a71800 JavaThread "Signal Dispatcher" daemon [_thread_blocked, id=9880, stack(0x000000001a140000,0x000000001a240000)]
=>0x0000000019a61000 JavaThread "Finalizer" daemon [_thread_in_native, id=17412, stack(0x0000000019f40000,0x000000001a040000)]
  0x0000000019a60800 JavaThread "Reference Handler" daemon [_thread_blocked, id=2304, stack(0x0000000019e40000,0x0000000019f40000)]

Other Threads:
  0x0000000017c79800 VMThread [stack: 0x0000000019940000,0x0000000019a40000] [id=18108]
  0x0000000019bba000 WatcherThread [stack: 0x000000001a940000,0x000000001aa40000] [id=22948]

VM state:not at safepoint (normal execution)

VM Mutex/Monitor currently owned by a thread: None

heap address: 0x0000000081c00000, size: 2020 MB, Compressed Oops mode: 32-bit
Narrow klass base: 0x0000000000000000, Narrow klass shift: 3
Compressed class space size: 1073741824 Address: 0x0000000100000000

Heap:
 PSYoungGen      total 38400K, used 640K [0x00000000d5f00000, 0x00000000d8980000, 0x0000000100000000)
  eden space 33280K, 1% used [0x00000000d5f00000,0x00000000d5fa0260,0x00000000d7f80000)
  from space 5120K, 0% used [0x00000000d7f80000,0x00000000d7f80000,0x00000000d8480000)
  to   space 5120K, 0% used [0x00000000d8480000,0x00000000d8480000,0x00000000d8980000)
 ParOldGen       total 60928K, used 10480K [0x0000000081c00000, 0x0000000085780000, 0x00000000d5f00000)
  object space 60928K, 17% used [0x0000000081c00000,0x000000008263c220,0x0000000085780000)
 Metaspace       used 20810K, capacity 21170K, committed 21632K, reserved 1069056K
  class space    used 2442K, capacity 2566K, committed 2688K, reserved 1048576K

Card table byte_map: [0x00000000120c0000,0x00000000124c0000] byte_map_base: 0x0000000011cb2000

Marking Bits: (ParMarkBitMap*) 0x0000000060894ce0
 Begin Bits: [0x0000000012f70000, 0x0000000014f00000)
 End Bits:   [0x0000000014f00000, 0x0000000016e90000)

Polling page: 0x00000000027f0000

CodeCache: size=245760Kb used=5367Kb max_used=5367Kb free=240392Kb
 bounds [0x0000000002d00000, 0x0000000003250000, 0x0000000011d00000]
 total_blobs=2235 nmethods=1562 adapters=585
 compilation: enabled

Compilation events (10 events):
Event: 17.726 Thread 0x0000000019afc000 nmethod 1625 0x0000000003239f90 code [0x000000000323a100, 0x000000000323a328]
Event: 17.727 Thread 0x0000000019afc000 1626   !   3       java.lang.StringCoding$StringEncoder::encode (179 bytes)
Event: 17.728 Thread 0x0000000019afc000 nmethod 1626 0x000000000323a810 code [0x000000000323ab60, 0x000000000323c838]
Event: 17.728 Thread 0x0000000019afc000 1628       1       java.util.Arrays$ArrayList::get (7 bytes)
Event: 17.728 Thread 0x0000000019afc000 nmethod 1628 0x0000000003239c50 code [0x0000000003239da0, 0x0000000003239ed0]
Event: 17.728 Thread 0x0000000019afc000 1627       3       java.lang.StringCoding::access$300 (8 bytes)
Event: 17.728 Thread 0x0000000019afc000 nmethod 1627 0x0000000003239350 code [0x00000000032394e0, 0x0000000003239a08]
Event: 17.756 Thread 0x0000000019afc000 1629       3       java.util.zip.ZipFile$ZipFileInputStream::finalize (5 bytes)
Event: 17.757 Thread 0x0000000019afc000 nmethod 1629 0x0000000003238b50 code [0x0000000003238cc0, 0x0000000003238e48]
Event: 17.757 Thread 0x0000000019afc000 1630       3       java.util.zip.ZipFile$ZipFileInflaterInputStream::finalize (5 bytes)

GC Heap History (8 events):
Event: 2.556 GC heap before
{Heap before GC invocations=1 (full 0):
 PSYoungGen      total 38400K, used 30577K [0x00000000d5f00000, 0x00000000d8980000, 0x0000000100000000)
  eden space 33280K, 91% used [0x00000000d5f00000,0x00000000d7cdc520,0x00000000d7f80000)
  from space 5120K, 0% used [0x00000000d8480000,0x00000000d8480000,0x00000000d8980000)
  to   space 5120K, 0% used [0x00000000d7f80000,0x00000000d7f80000,0x00000000d8480000)
 ParOldGen       total 87552K, used 0K [0x0000000081c00000, 0x0000000087180000, 0x00000000d5f00000)
  object space 87552K, 0% used [0x0000000081c00000,0x0000000081c00000,0x0000000087180000)
 Metaspace       used 13460K, capacity 13626K, committed 13824K, reserved 1060864K
  class space    used 1659K, capacity 1742K, committed 1792K, reserved 1048576K
Event: 2.563 GC heap after
Heap after GC invocations=1 (full 0):
 PSYoungGen      total 38400K, used 3597K [0x00000000d5f00000, 0x00000000d8980000, 0x0000000100000000)
  eden space 33280K, 0% used [0x00000000d5f00000,0x00000000d5f00000,0x00000000d7f80000)
  from space 5120K, 70% used [0x00000000d7f80000,0x00000000d8303568,0x00000000d8480000)
  to   space 5120K, 0% used [0x00000000d8480000,0x00000000d8480000,0x00000000d8980000)
 ParOldGen       total 87552K, used 14769K [0x0000000081c00000, 0x0000000087180000, 0x00000000d5f00000)
  object space 87552K, 16% used [0x0000000081c00000,0x0000000082a6c7d0,0x0000000087180000)
 Metaspace       used 13460K, capacity 13626K, committed 13824K, reserved 1060864K
  class space    used 1659K, capacity 1742K, committed 1792K, reserved 1048576K
}
Event: 14.101 GC heap before
{Heap before GC invocations=2 (full 0):
 PSYoungGen      total 38400K, used 36863K [0x00000000d5f00000, 0x00000000d8980000, 0x0000000100000000)
  eden space 33280K, 99% used [0x00000000d5f00000,0x00000000d7f7c870,0x00000000d7f80000)
  from space 5120K, 70% used [0x00000000d7f80000,0x00000000d8303568,0x00000000d8480000)
  to   space 5120K, 0% used [0x00000000d8480000,0x00000000d8480000,0x00000000d8980000)
 ParOldGen       total 87552K, used 14769K [0x0000000081c00000, 0x0000000087180000, 0x00000000d5f00000)
  object space 87552K, 16% used [0x0000000081c00000,0x0000000082a6c7d0,0x0000000087180000)
 Metaspace       used 17558K, capacity 17818K, committed 18176K, reserved 1064960K
  class space    used 2137K, capacity 2222K, committed 2304K, reserved 1048576K
Event: 14.106 GC heap after
Heap after GC invocations=2 (full 0):
 PSYoungGen      total 38400K, used 5091K [0x00000000d5f00000, 0x00000000d8980000, 0x0000000100000000)
  eden space 33280K, 0% used [0x00000000d5f00000,0x00000000d5f00000,0x00000000d7f80000)
  from space 5120K, 99% used [0x00000000d8480000,0x00000000d8978ff0,0x00000000d8980000)
  to   space 5120K, 0% used [0x00000000d7f80000,0x00000000d7f80000,0x00000000d8480000)
 ParOldGen       total 87552K, used 15366K [0x0000000081c00000, 0x0000000087180000, 0x00000000d5f00000)
  object space 87552K, 17% used [0x0000000081c00000,0x0000000082b01bd0,0x0000000087180000)
 Metaspace       used 17558K, capacity 17818K, committed 18176K, reserved 1064960K
  class space    used 2137K, capacity 2222K, committed 2304K, reserved 1048576K
}
Event: 17.729 GC heap before
{Heap before GC invocations=3 (full 0):
 PSYoungGen      total 38400K, used 38371K [0x00000000d5f00000, 0x00000000d8980000, 0x0000000100000000)
  eden space 33280K, 100% used [0x00000000d5f00000,0x00000000d7f80000,0x00000000d7f80000)
  from space 5120K, 99% used [0x00000000d8480000,0x00000000d8978ff0,0x00000000d8980000)
  to   space 5120K, 0% used [0x00000000d7f80000,0x00000000d7f80000,0x00000000d8480000)
 ParOldGen       total 87552K, used 15366K [0x0000000081c00000, 0x0000000087180000, 0x00000000d5f00000)
  object space 87552K, 17% used [0x0000000081c00000,0x0000000082b01bd0,0x0000000087180000)
 Metaspace       used 20810K, capacity 21098K, committed 21248K, reserved 1069056K
  class space    used 2443K, capacity 2544K, committed 2560K, reserved 1048576K
Event: 17.733 GC heap after
Heap after GC invocations=3 (full 0):
 PSYoungGen      total 38400K, used 5094K [0x00000000d5f00000, 0x00000000d8980000, 0x0000000100000000)
  eden space 33280K, 0% used [0x00000000d5f00000,0x00000000d5f00000,0x00000000d7f80000)
  from space 5120K, 99% used [0x00000000d7f80000,0x00000000d8479948,0x00000000d8480000)
  to   space 5120K, 0% used [0x00000000d8480000,0x00000000d8480000,0x00000000d8980000)
 ParOldGen       total 87552K, used 16050K [0x0000000081c00000, 0x0000000087180000, 0x00000000d5f00000)
  object space 87552K, 18% used [0x0000000081c00000,0x0000000082bac9b8,0x0000000087180000)
 Metaspace       used 20810K, capacity 21098K, committed 21248K, reserved 1069056K
  class space    used 2443K, capacity 2544K, committed 2560K, reserved 1048576K
}
Event: 17.733 GC heap before
{Heap before GC invocations=4 (full 1):
 PSYoungGen      total 38400K, used 5094K [0x00000000d5f00000, 0x00000000d8980000, 0x0000000100000000)
  eden space 33280K, 0% used [0x00000000d5f00000,0x00000000d5f00000,0x00000000d7f80000)
  from space 5120K, 99% used [0x00000000d7f80000,0x00000000d8479948,0x00000000d8480000)
  to   space 5120K, 0% used [0x00000000d8480000,0x00000000d8480000,0x00000000d8980000)
 ParOldGen       total 87552K, used 16050K [0x0000000081c00000, 0x0000000087180000, 0x00000000d5f00000)
  object space 87552K, 18% used [0x0000000081c00000,0x0000000082bac9b8,0x0000000087180000)
 Metaspace       used 20810K, capacity 21098K, committed 21248K, reserved 1069056K
  class space    used 2443K, capacity 2544K, committed 2560K, reserved 1048576K
Event: 17.756 GC heap after
Heap after GC invocations=4 (full 1):
 PSYoungGen      total 38400K, used 0K [0x00000000d5f00000, 0x00000000d8980000, 0x0000000100000000)
  eden space 33280K, 0% used [0x00000000d5f00000,0x00000000d5f00000,0x00000000d7f80000)
  from space 5120K, 0% used [0x00000000d7f80000,0x00000000d7f80000,0x00000000d8480000)
  to   space 5120K, 0% used [0x00000000d8480000,0x00000000d8480000,0x00000000d8980000)
 ParOldGen       total 60928K, used 10480K [0x0000000081c00000, 0x0000000085780000, 0x00000000d5f00000)
  object space 60928K, 17% used [0x0000000081c00000,0x000000008263c220,0x0000000085780000)
 Metaspace       used 20786K, capacity 21062K, committed 21248K, reserved 1069056K
  class space    used 2435K, capacity 2530K, committed 2560K, reserved 1048576K
}

Deoptimization events (10 events):
Event: 1.011 Thread 0x0000000019a72800 Uncommon trap: reason=bimorphic action=maybe_recompile pc=0x0000000002f69f94 method=java.util.HashMap.putVal(ILjava/lang/Object;Ljava/lang/Object;ZZ)Ljava/lang/Object; @ 152
Event: 1.011 Thread 0x0000000019a72800 Uncommon trap: reason=bimorphic action=maybe_recompile pc=0x0000000002f69f94 method=java.util.HashMap.putVal(ILjava/lang/Object;Ljava/lang/Object;ZZ)Ljava/lang/Object; @ 152
Event: 1.011 Thread 0x0000000019a72800 Uncommon trap: reason=bimorphic action=maybe_recompile pc=0x0000000002f69f94 method=java.util.HashMap.putVal(ILjava/lang/Object;Ljava/lang/Object;ZZ)Ljava/lang/Object; @ 152
Event: 8.595 Thread 0x000000001ac21000 Uncommon trap: reason=unstable_if action=reinterpret pc=0x0000000002ece538 method=java.lang.String.indexOf([CII[CIII)I @ 3
Event: 14.205 Thread 0x000000001db5f000 Uncommon trap: reason=null_check action=make_not_entrant pc=0x0000000002ea88e8 method=jade.content.onto.Ontology.getSchema(Ljava/lang/String;)Ljade/content/schema/ObjectSchema; @ 39
Event: 16.151 Thread 0x000000001db68000 Uncommon trap: reason=bimorphic action=maybe_recompile pc=0x0000000002f4b0d0 method=java.util.HashMap.getNode(ILjava/lang/Object;)Ljava/util/HashMap$Node; @ 126
Event: 16.151 Thread 0x000000001db68000 Uncommon trap: reason=unstable_if action=reinterpret pc=0x0000000002f4b094 method=java.util.HashMap.getNode(ILjava/lang/Object;)Ljava/util/HashMap$Node; @ 62
Event: 16.151 Thread 0x000000001db68000 Uncommon trap: reason=bimorphic action=maybe_recompile pc=0x0000000002f48cb0 method=java.util.HashMap.getNode(ILjava/lang/Object;)Ljava/util/HashMap$Node; @ 126
Event: 16.152 Thread 0x000000001db68000 Uncommon trap: reason=unstable_if action=reinterpret pc=0x0000000002f48c04 method=java.util.HashMap.getNode(ILjava/lang/Object;)Ljava/util/HashMap$Node; @ 62
Event: 16.246 Thread 0x000000001db64000 Uncommon trap: reason=unstable_if action=reinterpret pc=0x0000000002e0359c method=java.util.logging.Logger.isLoggable(Ljava/util/logging/Level;)Z @ 8

Classes redefined (0 events):
No events

Internal exceptions (10 events):
Event: 16.158 Thread 0x000000001db68000 Exception <a 'java/lang/ArrayIndexOutOfBoundsException': 0> (0x00000000d745e238) thrown at [C:\re\workspace\8-2-build-windows-amd64-cygwin\jdk8u201\12322\hotspot\src\share\vm\interpreter\interpreterRuntime.cpp, line 368]
Event: 16.158 Thread 0x000000001db68000 Exception <a 'java/lang/ArrayIndexOutOfBoundsException': 6> (0x00000000d745e9a8) thrown at [C:\re\workspace\8-2-build-windows-amd64-cygwin\jdk8u201\12322\hotspot\src\share\vm\interpreter\interpreterRuntime.cpp, line 368]
Event: 16.158 Thread 0x000000001db68000 Exception <a 'java/lang/ArrayIndexOutOfBoundsException': 7> (0x00000000d745f5c8) thrown at [C:\re\workspace\8-2-build-windows-amd64-cygwin\jdk8u201\12322\hotspot\src\share\vm\interpreter\interpreterRuntime.cpp, line 368]
Event: 16.158 Thread 0x000000001db68000 Exception <a 'java/lang/ArrayIndexOutOfBoundsException': 8> (0x00000000d74601e8) thrown at [C:\re\workspace\8-2-build-windows-amd64-cygwin\jdk8u201\12322\hotspot\src\share\vm\interpreter\interpreterRuntime.cpp, line 368]
Event: 16.158 Thread 0x000000001db68000 Exception <a 'java/lang/ArrayIndexOutOfBoundsException': 9> (0x00000000d7460e08) thrown at [C:\re\workspace\8-2-build-windows-amd64-cygwin\jdk8u201\12322\hotspot\src\share\vm\interpreter\interpreterRuntime.cpp, line 368]
Event: 16.158 Thread 0x000000001db68000 Exception <a 'java/lang/ArrayIndexOutOfBoundsException': 10> (0x00000000d7461a28) thrown at [C:\re\workspace\8-2-build-windows-amd64-cygwin\jdk8u201\12322\hotspot\src\share\vm\interpreter\interpreterRuntime.cpp, line 368]
Event: 16.158 Thread 0x000000001db68000 Exception <a 'java/lang/ArrayIndexOutOfBoundsException': 11> (0x00000000d7462698) thrown at [C:\re\workspace\8-2-build-windows-amd64-cygwin\jdk8u201\12322\hotspot\src\share\vm\interpreter\interpreterRuntime.cpp, line 368]
Event: 16.158 Thread 0x000000001db68000 Exception <a 'java/lang/ArrayIndexOutOfBoundsException': 0> (0x00000000d7463210) thrown at [C:\re\workspace\8-2-build-windows-amd64-cygwin\jdk8u201\12322\hotspot\src\share\vm\interpreter\interpreterRuntime.cpp, line 368]
Event: 16.158 Thread 0x000000001db68000 Exception <a 'java/lang/ArrayIndexOutOfBoundsException': 12> (0x00000000d7463980) thrown at [C:\re\workspace\8-2-build-windows-amd64-cygwin\jdk8u201\12322\hotspot\src\share\vm\interpreter\interpreterRuntime.cpp, line 368]
Event: 16.158 Thread 0x000000001db68000 Exception <a 'java/lang/ArrayIndexOutOfBoundsException': 13> (0x00000000d74645a0) thrown at [C:\re\workspace\8-2-build-windows-amd64-cygwin\jdk8u201\12322\hotspot\src\share\vm\interpreter\interpreterRuntime.cpp, line 368]

Events (10 events):
Event: 17.729 loading class java/time/DayOfWeek
Event: 17.729 loading class java/time/DayOfWeek done
Event: 17.729 loading class java/time/zone/ZoneOffsetTransitionRule$TimeDefinition
Event: 17.729 loading class java/time/zone/ZoneOffsetTransitionRule$TimeDefinition done
Event: 17.729 loading class java/time/zone/ZoneOffsetTransition
Event: 17.729 loading class java/time/zone/ZoneOffsetTransition done
Event: 17.729 Executing VM operation: CollectForMetadataAllocation
Event: 17.756 Executing VM operation: CollectForMetadataAllocation done
Event: 17.756 Executing VM operation: RevokeBias
Event: 17.756 Executing VM operation: RevokeBias done


Dynamic libraries:
0x00007ff663a60000 - 0x00007ff663a97000 	C:\Program Files\Java\jdk1.8.0_201\bin\java.exe
0x00007ff8b04f0000 - 0x00007ff8b06dd000 	C:\WINDOWS\SYSTEM32\ntdll.dll
0x00007ff8a1db0000 - 0x00007ff8a1dc4000 	C:\Program Files (x86)\AVG\Antivirus\aswhook.dll
0x00007ff8af300000 - 0x00007ff8af3b3000 	C:\WINDOWS\System32\KERNEL32.DLL
0x00007ff8ac920000 - 0x00007ff8acbb3000 	C:\WINDOWS\System32\KERNELBASE.dll
0x00007ff8b02e0000 - 0x00007ff8b0383000 	C:\WINDOWS\System32\ADVAPI32.dll
0x00007ff8b01e0000 - 0x00007ff8b027e000 	C:\WINDOWS\System32\msvcrt.dll
0x00007ff8b0080000 - 0x00007ff8b011e000 	C:\WINDOWS\System32\sechost.dll
0x00007ff8ad9f0000 - 0x00007ff8adb12000 	C:\WINDOWS\System32\RPCRT4.dll
0x00007ff8afe30000 - 0x00007ff8affc7000 	C:\WINDOWS\System32\USER32.dll
0x00007ff8ac810000 - 0x00007ff8ac830000 	C:\WINDOWS\System32\win32u.dll
0x00007ff8ad730000 - 0x00007ff8ad759000 	C:\WINDOWS\System32\GDI32.dll
0x00007ff8ace20000 - 0x00007ff8acfb9000 	C:\WINDOWS\System32\gdi32full.dll
0x00007ff8ac830000 - 0x00007ff8ac8d0000 	C:\WINDOWS\System32\msvcp_win.dll
0x00007ff8acbf0000 - 0x00007ff8accea000 	C:\WINDOWS\System32\ucrtbase.dll
0x00007ff89f200000 - 0x00007ff89f479000 	C:\WINDOWS\WinSxS\amd64_microsoft.windows.common-controls_6595b64144ccf1df_6.0.17763.802_none_05b1445c0722d2cc\COMCTL32.dll
0x00007ff8af920000 - 0x00007ff8afc4c000 	C:\WINDOWS\System32\combase.dll
0x00007ff8ac5b0000 - 0x00007ff8ac62e000 	C:\WINDOWS\System32\bcryptPrimitives.dll
0x00007ff8ad760000 - 0x00007ff8ad78e000 	C:\WINDOWS\System32\IMM32.DLL
0x0000000060920000 - 0x00000000609f1000 	C:\Program Files\Java\jdk1.8.0_201\jre\bin\msvcr100.dll
0x0000000060070000 - 0x0000000060914000 	C:\Program Files\Java\jdk1.8.0_201\jre\bin\server\jvm.dll
0x00007ff8ad9e0000 - 0x00007ff8ad9e8000 	C:\WINDOWS\System32\PSAPI.DLL
0x00007ff89d760000 - 0x00007ff89d769000 	C:\WINDOWS\SYSTEM32\WSOCK32.dll
0x00007ff8af290000 - 0x00007ff8af2fd000 	C:\WINDOWS\System32\WS2_32.dll
0x00007ff8a9250000 - 0x00007ff8a9274000 	C:\WINDOWS\SYSTEM32\WINMM.dll
0x00007ff8a5400000 - 0x00007ff8a540a000 	C:\WINDOWS\SYSTEM32\VERSION.dll
0x00007ff8a9220000 - 0x00007ff8a924d000 	C:\WINDOWS\SYSTEM32\WINMMBASE.dll
0x00007ff8ac8d0000 - 0x00007ff8ac91a000 	C:\WINDOWS\System32\cfgmgr32.dll
0x00007ff8a91e0000 - 0x00007ff8a91ef000 	C:\Program Files\Java\jdk1.8.0_201\jre\bin\verify.dll
0x00007ff8a79e0000 - 0x00007ff8a7a09000 	C:\Program Files\Java\jdk1.8.0_201\jre\bin\java.dll
0x00007ff8932c0000 - 0x00007ff8932e3000 	C:\Program Files\Java\jdk1.8.0_201\jre\bin\instrument.dll
0x00007ff8932f0000 - 0x00007ff893306000 	C:\Program Files\Java\jdk1.8.0_201\jre\bin\zip.dll
0x00007ff8adb20000 - 0x00007ff8af014000 	C:\WINDOWS\System32\SHELL32.dll
0x00007ff8affd0000 - 0x00007ff8b0078000 	C:\WINDOWS\System32\shcore.dll
0x00007ff8acfc0000 - 0x00007ff8ad70d000 	C:\WINDOWS\System32\windows.storage.dll
0x00007ff8ac4e0000 - 0x00007ff8ac504000 	C:\WINDOWS\System32\profapi.dll
0x00007ff8ac550000 - 0x00007ff8ac5ad000 	C:\WINDOWS\System32\powrprof.dll
0x00007ff8b0180000 - 0x00007ff8b01d2000 	C:\WINDOWS\System32\shlwapi.dll
0x00007ff8ac530000 - 0x00007ff8ac541000 	C:\WINDOWS\System32\kernel.appcore.dll
0x00007ff8ace00000 - 0x00007ff8ace17000 	C:\WINDOWS\System32\cryptsp.dll
0x00007ff88c660000 - 0x00007ff88c67a000 	C:\Program Files\JetBrains\IntelliJ IDEA Community Edition 2019.2\bin\breakgen64.dll
0x00007ff888cc0000 - 0x00007ff888cda000 	C:\Program Files\Java\jdk1.8.0_201\jre\bin\net.dll
0x00007ff8a05e0000 - 0x00007ff8a07b7000 	C:\WINDOWS\SYSTEM32\urlmon.dll
0x00007ff89da80000 - 0x00007ff89dd28000 	C:\WINDOWS\SYSTEM32\iertutil.dll
0x00007ff8abf20000 - 0x00007ff8abf2c000 	C:\WINDOWS\SYSTEM32\CRYPTBASE.DLL
0x00007ff8abd50000 - 0x00007ff8abdb7000 	C:\WINDOWS\system32\mswsock.dll
0x00007ff8815e0000 - 0x00007ff881779000 	C:\Program Files\Java\jdk1.8.0_201\jre\bin\awt.dll
0x00007ff8af840000 - 0x00007ff8af904000 	C:\WINDOWS\System32\OLEAUT32.dll
0x00007ff8aa7d0000 - 0x00007ff8aa85c000 	C:\WINDOWS\SYSTEM32\apphelp.dll
0x00007ff8aaa90000 - 0x00007ff8aab2c000 	C:\WINDOWS\system32\uxtheme.dll
0x00007ff8ad790000 - 0x00007ff8ad8fb000 	C:\WINDOWS\System32\MSCTF.dll
0x00007ff8aad70000 - 0x00007ff8aad9e000 	C:\WINDOWS\system32\dwmapi.dll
0x00007ff8ac630000 - 0x00007ff8ac80b000 	C:\WINDOWS\System32\CRYPT32.dll
0x00007ff8ac510000 - 0x00007ff8ac522000 	C:\WINDOWS\System32\MSASN1.dll
0x00007ff8afc50000 - 0x00007ff8afda5000 	C:\WINDOWS\System32\ole32.dll
0x00007ff880040000 - 0x00007ff880167000 	C:\WINDOWS\system32\opengl32.dll
0x00007ff883310000 - 0x00007ff88333c000 	C:\WINDOWS\SYSTEM32\GLU32.dll
0x00007ff8abab0000 - 0x00007ff8abb76000 	C:\WINDOWS\SYSTEM32\DNSAPI.dll
0x00007ff8af0d0000 - 0x00007ff8af0d8000 	C:\WINDOWS\System32\NSI.dll
0x00007ff8aba70000 - 0x00007ff8abaad000 	C:\WINDOWS\SYSTEM32\IPHLPAPI.DLL
0x00007ff89e780000 - 0x00007ff89e78a000 	C:\Windows\System32\rasadhlp.dll
0x00007ff89eb60000 - 0x00007ff89ebd9000 	C:\WINDOWS\System32\fwpuclnt.dll
0x00007ff8acbc0000 - 0x00007ff8acbe6000 	C:\WINDOWS\System32\bcrypt.dll
0x00007ff8819c0000 - 0x00007ff881a07000 	C:\Program Files\Java\jdk1.8.0_201\jre\bin\fontmanager.dll
0x00007ff881920000 - 0x00007ff8819b9000 	C:\WINDOWS\system32\RICHED20.DLL
0x00007ff86fe30000 - 0x00007ff86fe49000 	C:\WINDOWS\SYSTEM32\USP10.dll
0x00007ff8711c0000 - 0x00007ff8711f9000 	C:\WINDOWS\SYSTEM32\msls31.dll
0x00007ff8af020000 - 0x00007ff8af0c2000 	C:\WINDOWS\System32\clbcatq.dll
0x00007ff8a1f10000 - 0x00007ff8a1f66000 	C:\WINDOWS\system32\dataexchange.dll
0x00007ff8a9880000 - 0x00007ff8a9afe000 	C:\WINDOWS\system32\d3d11.dll
0x00007ff8aa0c0000 - 0x00007ff8aa283000 	C:\WINDOWS\system32\dcomp.dll
0x00007ff8ab1e0000 - 0x00007ff8ab2a2000 	C:\WINDOWS\system32\dxgi.dll
0x00007ff8aab60000 - 0x00007ff8aad6d000 	C:\WINDOWS\system32\twinapi.appcore.dll
0x00007ff8aada0000 - 0x00007ff8aadc8000 	C:\WINDOWS\system32\RMCLIENT.dll
0x00007ff887dc0000 - 0x00007ff887dd1000 	C:\Program Files\Java\jdk1.8.0_201\jre\bin\nio.dll
0x00007ff86fc40000 - 0x00007ff86fc82000 	C:\Program Files\Java\jdk1.8.0_201\jre\bin\t2k.dll
0x00007ff887720000 - 0x00007ff8877b5000 	C:\WINDOWS\System32\TextInputFramework.dll
0x00007ff8a7ae0000 - 0x00007ff8a7e02000 	C:\WINDOWS\System32\CoreUIComponents.dll
0x00007ff8aa5f0000 - 0x00007ff8aa6d2000 	C:\WINDOWS\System32\CoreMessaging.dll
0x00007ff8ab690000 - 0x00007ff8ab6c1000 	C:\WINDOWS\SYSTEM32\ntmarta.dll
0x00007ff8a8720000 - 0x00007ff8a8873000 	C:\WINDOWS\SYSTEM32\wintypes.dll
0x00007ff8a32e0000 - 0x00007ff8a32f6000 	C:\WINDOWS\SYSTEM32\dhcpcsvc6.DLL
0x00007ff8a54c0000 - 0x00007ff8a54dc000 	C:\WINDOWS\SYSTEM32\dhcpcsvc.DLL
0x00007ff896670000 - 0x00007ff896686000 	C:\WINDOWS\system32\napinsp.dll
0x00007ff896650000 - 0x00007ff89666a000 	C:\WINDOWS\system32\pnrpnsp.dll
0x00007ff896640000 - 0x00007ff89664e000 	C:\WINDOWS\System32\winrnr.dll
0x00007ff8a8ef0000 - 0x00007ff8a8f0b000 	C:\WINDOWS\system32\NLAapi.dll
0x00007ff896620000 - 0x00007ff896635000 	C:\WINDOWS\system32\wshbth.dll
0x00007ff838f80000 - 0x00007ff83a18a000 	C:\Users\timke\Documents\Intelligent_Systems\jniortools.dll
0x00007ff897d90000 - 0x00007ff897e2b000 	C:\WINDOWS\SYSTEM32\MSVCP140.dll
0x00007ff8a1170000 - 0x00007ff8a135d000 	C:\WINDOWS\SYSTEM32\dbghelp.dll
0x00007ff897d60000 - 0x00007ff897d75000 	C:\WINDOWS\SYSTEM32\VCRUNTIME140.dll

VM Arguments:
jvm_args: -Djava.library.path=C:\Users\timke\Documents\Intelligent_Systems -javaagent:C:\Program Files\JetBrains\IntelliJ IDEA Community Edition 2019.2\lib\idea_rt.jar=31406:C:\Program Files\JetBrains\IntelliJ IDEA Community Edition 2019.2\bin -Dfile.encoding=UTF-8 
java_command: main.Main
java_class_path (initial): C:\Program Files\Java\jdk1.8.0_201\jre\lib\charsets.jar;C:\Program Files\Java\jdk1.8.0_201\jre\lib\deploy.jar;C:\Program Files\Java\jdk1.8.0_201\jre\lib\ext\access-bridge-64.jar;C:\Program Files\Java\jdk1.8.0_201\jre\lib\ext\cldrdata.jar;C:\Program Files\Java\jdk1.8.0_201\jre\lib\ext\dnsns.jar;C:\Program Files\Java\jdk1.8.0_201\jre\lib\ext\jaccess.jar;C:\Program Files\Java\jdk1.8.0_201\jre\lib\ext\jfxrt.jar;C:\Program Files\Java\jdk1.8.0_201\jre\lib\ext\localedata.jar;C:\Program Files\Java\jdk1.8.0_201\jre\lib\ext\nashorn.jar;C:\Program Files\Java\jdk1.8.0_201\jre\lib\ext\sunec.jar;C:\Program Files\Java\jdk1.8.0_201\jre\lib\ext\sunjce_provider.jar;C:\Program Files\Java\jdk1.8.0_201\jre\lib\ext\sunmscapi.jar;C:\Program Files\Java\jdk1.8.0_201\jre\lib\ext\sunpkcs11.jar;C:\Program Files\Java\jdk1.8.0_201\jre\lib\ext\zipfs.jar;C:\Program Files\Java\jdk1.8.0_201\jre\lib\javaws.jar;C:\Program Files\Java\jdk1.8.0_201\jre\lib\jce.jar;C:\Program Files\Java\jdk1.8.0_201\jre\lib\jfr.jar;C:\Program Files\Java\jdk1.8.0_201\jre\lib\jfxswt.jar;C:\Program Files\Java\jdk1.8.0_201\jre\lib\jsse.jar;C:\Program Files\Java\jdk1.8.0_201\jre\lib\management-agent.jar;C:\Program Files\Java\jdk1.8.0_201\jre\lib\plugin.jar;C:\Program Files\Java\jdk1.8.0_201\jre\lib\resources.jar;C:\Program Files\Java\jdk1.8.0_201\jre\lib\rt.jar;C:\Users\timke\Documents\Intelligent_Systems\Vehicle_Routing_COS30018\out\production\Vehicle_Routing_COS30018;C:\Users\timke\Documents\Intelligent_Systems\com.google.ortools.jar;C:\Users\timke\Documents\Intelligent_Systems\protobuf.jar;C:\Users\timke\Documents\JAVA_LIBRARIES\choco-solver-4.10.1.jar;C:\Users\timke\Documents\JAVA_LIBRARIES\mysql-connector.jar;C:\Users\timke\Documents\JADE\lib\jade.jar;C:\Program Files\JetBrains\IntelliJ IDEA Community Edition 2019.2\lib\idea_rt.jar
Launcher Type: SUN_STANDARD

Environment Variables:
PATH=C:\Program Files (x86)\Common Files\Oracle\Java\javapath;"C:\Program Files\Java\jdk-11.0.2; C:\glassfish4\jdk7; C:\glassfish4\jdk7\jre;";C:\ProgramData\Oracle\Java\javapath;C:\Program Files (x86)\Intel\iCLS Client\;C:\Program Files\Intel\iCLS Client\;C:\Windows\system32;C:\Windows;C:\Windows\System32\Wbem;C:\Windows\System32\WindowsPowerShell\v1.0\;C:\Program Files\Intel\WiFi\bin\;C:\Program Files\Common Files\Intel\WirelessCommon\;C:\Program Files (x86)\NVIDIA Corporation\PhysX\Common;C:\Program Files (x86)\Intel\Intel(R) Management Engine Components\DAL;C:\Program Files\Intel\Intel(R) Management Engine Components\DAL;C:\Program Files (x86)\Intel\Intel(R) Management Engine Components\IPT;C:\Program Files\Intel\Intel(R) Management Engine Components\IPT;C:\Program Files (x86)\Skype\Phone\;C:\WINDOWS\system32;C:\WINDOWS;C:\WINDOWS\System32\Wbem;C:\WINDOWS\System32\WindowsPowerShell\v1.0\;C:\FPC\2.6.4\bin\i386-Win32;C:\Program Files\PuTTY\;C:\Program Files (x86)\IVI Foundation\VISA\WinNT\Bin;C:\WINDOWS\System32\OpenSSH\;C:\Program Files\Microsoft VS Code\bin;C:\Program Files\dotnet\;C:\Program Files\Git\cmd;C:\Program Files\nodejs\;C:\Program Files\NVIDIA Corporation\NVIDIA NvDLISR;;C:\WINDOWS\system32;C:\WINDOWS;C:\WINDOWS\System32\Wbem;C:\WINDOWS\System32\WindowsPowerShell\v1.0\;C:\WINDOWS\System32\OpenSSH\;C:\Users\timke\AppData\Local\Microsoft\WindowsApps;C:\Users\timke\AppData\Local\atom\bin;C:\Users\timke\AppData\Local\Microsoft\WindowsApps;C:\Users\timke\AppData\Roaming\npm;C:\Program Files (x86)\Nmap;C:\Program Files\Java\jdk1.8.0_201\bin;C:\Python27;C:\Python27\Scripts;
USERNAME=timke
OS=Windows_NT
PROCESSOR_IDENTIFIER=Intel64 Family 6 Model 158 Stepping 9, GenuineIntel



---------------  S Y S T E M  ---------------

OS: Windows 10.0 , 64 bit Build 17763 (10.0.17763.475)

CPU:total 8 (initial active 8) (4 cores per cpu, 2 threads per core) family 6 model 158 stepping 9, cmov, cx8, fxsr, mmx, sse, sse2, sse3, ssse3, sse4.1, sse4.2, popcnt, avx, avx2, aes, clmul, erms, 3dnowpref, lzcnt, ht, tsc, tscinvbit, bmi1, bmi2, adx

Memory: 4k page, physical 8270668k(1378328k free), swap 21902156k(6247908k free)

vm_info: Java HotSpot(TM) 64-Bit Server VM (25.201-b09) for windows-amd64 JRE (1.8.0_201-b09), built on Dec 15 2018 18:36:39 by "java_re" with MS VC++ 10.0 (VS2010)

time: Fri Nov 01 10:48:39 2019
timezone: AUS Eastern Daylight Time
elapsed time: 17 seconds (0d 0h 0m 17s)

