#
# A fatal error has been detected by the Java Runtime Environment:
#
#  EXCEPTION_ACCESS_VIOLATION (0xc0000005) at pc=0x0000000061e5f01d, pid=16840, tid=0x0000000000004a38
#
# JRE version: Java(TM) SE Runtime Environment (8.0_202-b08) (build 1.8.0_202-b08)
# Java VM: Java HotSpot(TM) 64-Bit Server VM (25.202-b08 mixed mode windows-amd64 compressed oops)
# Problematic frame:
# V  [jvm.dll+0x13f01d]
#
# Failed to write core dump. Minidumps are not enabled by default on client versions of Windows
#
# If you would like to submit a bug report, please visit:
#   http://bugreport.java.com/bugreport/crash.jsp
# The crash happened outside the Java Virtual Machine in native code.
# See problematic frame for where to report the bug.
#

---------------  T H R E A D  ---------------

Current thread (0x0000000002deb800):  JavaThread "Finalizer" daemon [_thread_in_native, id=19000, stack(0x000000001d6b0000,0x000000001d7b0000)]

siginfo: ExceptionCode=0xc0000005, writing address 0x0000000000000270

Registers:
RAX=0x000000000000dead, RBX=0x0000000000000000, RCX=0x000000001e7eb000, RDX=0x000000001e622438
RSP=0x000000001d7aeef0, RBP=0x0000000000000000, RSI=0x00000000284216d0, RDI=0x000000001e622438
R8 =0x0000000000ba3480, R9 =0x0000000000008000, R10=0x00000000ffffffff, R11=0x000000001d7aee50
R12=0x0000000000000000, R13=0x0000000000000000, R14=0x0000000000000000, R15=0x000000002847bba8
RIP=0x0000000061e5f01d, EFLAGS=0x0000000000010246

Top of Stack: (sp=0x000000001d7aeef0)
0x000000001d7aeef0:   0000000000000000 0000000025d0d9a8
0x000000001d7aef00:   000000002847bba8 00000000284ba120
0x000000001d7aef10:   00000000ffffffff 00007ffbfc0f87ce
0x000000001d7aef20:   00000000283ec9e0 00000000284216d0
0x000000001d7aef30:   0000000000000000 0000000000000000
0x000000001d7aef40:   fffffffffffffffe 000000002847baa0
0x000000001d7aef50:   0000000000000000 00007ffbfc0f6bed
0x000000001d7aef60:   0000000000000000 00007ffbfce734b0
0x000000001d7aef70:   000000002847bba8 000000002847baa0
0x000000001d7aef80:   0000000028421750 00007ffbfc3dc6d5
0x000000001d7aef90:   00000000284216d0 0000000000000000
0x000000001d7aefa0:   000000002847c270 0000000002dec360
0x000000001d7aefb0:   00007ffbfce734b0 00007ffbfc3e04b8
0x000000001d7aefc0:   000000001d7af049 000000002847baa0
0x000000001d7aefd0:   000000002847c2c0 000000001d7af049
0x000000001d7aefe0:   00007ffbfce734b0 0000000000000000 

Instructions: (pc=0x0000000061e5f01d)
0x0000000061e5effd:   8b fa 3d ab de 00 00 74 17 8b 83 88 02 00 00 3d
0x0000000061e5f00d:   ac de 00 00 74 0a 48 8b cb e8 65 03 10 00 33 db
0x0000000061e5f01d:   c7 83 70 02 00 00 05 00 00 00 83 3d 9a 86 6d 00
0x0000000061e5f02d:   01 75 09 80 3d 0c 79 6d 00 00 74 18 80 3d 04 79 


Register to memory mapping:

RAX=0x000000000000dead is an unknown value
RBX=0x0000000000000000 is an unknown value
RCX=0x000000001e7eb000 is an unknown value
RDX=0x000000001e622438 is a global jni handle
RSP=0x000000001d7aeef0 is pointing into the stack for thread: 0x0000000002deb800
RBP=0x0000000000000000 is an unknown value
RSI=0x00000000284216d0 is an unknown value
RDI=0x000000001e622438 is a global jni handle
R8 =0x0000000000ba3480 is an unknown value
R9 =0x0000000000008000 is an unknown value
R10=0x00000000ffffffff is an unknown value
R11=0x000000001d7aee50 is pointing into the stack for thread: 0x0000000002deb800
R12=0x0000000000000000 is an unknown value
R13=0x0000000000000000 is an unknown value
R14=0x0000000000000000 is an unknown value
R15=0x000000002847bba8 is an unknown value


Stack: [0x000000001d6b0000,0x000000001d7b0000],  sp=0x000000001d7aeef0,  free space=1019k
Native frames: (J=compiled Java code, j=interpreted, Vv=VM code, C=native code)

Java frames: (J=compiled Java code, j=interpreted, Vv=VM code)
j  com.google.ortools.constraintsolver.mainJNI.delete_RoutingModel(J)V+0
j  com.google.ortools.constraintsolver.RoutingModel.delete()V+25
j  com.google.ortools.constraintsolver.RoutingModel.finalize()V+1
J 951 C1 java.lang.ref.Finalizer.runFinalizer(Lsun/misc/JavaLangAccess;)V (62 bytes) @ 0x0000000003170494 [0x000000000316ff00+0x594]
J 950 C1 java.lang.ref.Finalizer.access$100(Ljava/lang/ref/Finalizer;Lsun/misc/JavaLangAccess;)V (6 bytes) @ 0x000000000316fb9c [0x000000000316fb40+0x5c]
j  java.lang.ref.Finalizer$FinalizerThread.run()V+45
v  ~StubRoutines::call_stub

---------------  P R O C E S S  ---------------

Java Threads: ( => current thread )
  0x000000001e7f3800 JavaThread "TimerQueue" daemon [_thread_blocked, id=8056, stack(0x000000002d380000,0x000000002d480000)]
  0x000000001e7f0800 JavaThread "Image Fetcher 2" daemon [_thread_blocked, id=5300, stack(0x000000002cf80000,0x000000002d080000)]
  0x000000001e7e5000 JavaThread "Image Fetcher 3" daemon [_thread_blocked, id=20764, stack(0x000000002ce80000,0x000000002cf80000)]
  0x000000001e7ec000 JavaThread "DestroyJavaVM" [_thread_blocked, id=8520, stack(0x00000000029a0000,0x0000000002aa0000)]
  0x000000001e7e9800 JavaThread "MasterRouteAgent" [_thread_blocked, id=168, stack(0x000000002ca80000,0x000000002cb80000)]
  0x000000001e7e9000 JavaThread "Delivery_Agent3" [_thread_in_vm, id=3656, stack(0x000000002c980000,0x000000002ca80000)]
  0x000000001e7e7800 JavaThread "Delivery_Agent2" [_thread_in_vm, id=15772, stack(0x000000002c880000,0x000000002c980000)]
  0x000000001e7e4800 JavaThread "Delivery_Agent1" [_thread_in_Java, id=12336, stack(0x000000002c780000,0x000000002c880000)]
  0x000000001e7e6800 JavaThread "Delivery_Agent0" [_thread_in_vm, id=6652, stack(0x000000002c680000,0x000000002c780000)]
  0x000000001e7ea800 JavaThread "DBAgent" [_thread_blocked, id=18076, stack(0x000000002c580000,0x000000002c680000)]
  0x000000001e7e8000 JavaThread "rma" [_thread_blocked, id=11928, stack(0x000000002c480000,0x000000002c580000)]
  0x000000001e7e6000 JavaThread "df" [_thread_blocked, id=17164, stack(0x000000002c380000,0x000000002c480000)]
  0x000000001ea7f800 JavaThread "ams" [_thread_blocked, id=10552, stack(0x000000002c280000,0x000000002c380000)]
  0x000000001ea81000 JavaThread "Thread-13" [_thread_in_native, id=19828, stack(0x000000002c180000,0x000000002c280000)]
  0x000000001ea85800 JavaThread "Deliverer-04" [_thread_blocked, id=22116, stack(0x000000002c080000,0x000000002c180000)]
  0x000000001ea7e800 JavaThread "Deliverer-03" [_thread_blocked, id=7644, stack(0x000000002bf80000,0x000000002c080000)]
  0x000000001ea82800 JavaThread "Deliverer-02" [_thread_blocked, id=21480, stack(0x000000002be80000,0x000000002bf80000)]
  0x000000001ea84800 JavaThread "Deliverer-01" [_thread_blocked, id=6068, stack(0x000000002bd80000,0x000000002be80000)]
  0x000000001ea84000 JavaThread "Deliverer-00" [_thread_blocked, id=10420, stack(0x000000002bc80000,0x000000002bd80000)]
  0x000000001ea83000 JavaThread "Thread-7" [_thread_in_native, id=8292, stack(0x000000002bb80000,0x000000002bc80000)]
  0x000000001ea80000 JavaThread "Thread-6" [_thread_blocked, id=7120, stack(0x000000002ba80000,0x000000002bb80000)]
  0x000000001ea81800 JavaThread "JICPServer-8888" daemon [_thread_in_native, id=25496, stack(0x000000002b980000,0x000000002ba80000)]
  0x000000001e974800 JavaThread "D3D Screen Updater" daemon [_thread_blocked, id=16028, stack(0x000000002ac30000,0x000000002ad30000)]
  0x000000001e8c5000 JavaThread "JADE Timer dispatcher" [_thread_blocked, id=1656, stack(0x000000002a530000,0x000000002a630000)]
  0x000000001e8ea800 JavaThread "Thread-2" [_thread_blocked, id=23004, stack(0x000000002a230000,0x000000002a330000)]
  0x000000001e643800 JavaThread "AWT-EventQueue-0" [_thread_blocked, id=9508, stack(0x000000001f2a0000,0x000000001f3a0000)]
  0x000000001e640000 JavaThread "AWT-Windows" daemon [_thread_in_native, id=2628, stack(0x000000001eff0000,0x000000001f0f0000)]
  0x000000001e63d000 JavaThread "AWT-Shutdown" [_thread_blocked, id=23880, stack(0x000000001eef0000,0x000000001eff0000)]
  0x000000001e63a800 JavaThread "Java2D Disposer" daemon [_thread_blocked, id=10148, stack(0x000000001edf0000,0x000000001eef0000)]
  0x000000001dbc5800 JavaThread "Service Thread" daemon [_thread_blocked, id=11204, stack(0x000000001e2b0000,0x000000001e3b0000)]
  0x000000001dbb5800 JavaThread "C1 CompilerThread2" daemon [_thread_blocked, id=24076, stack(0x000000001e1b0000,0x000000001e2b0000)]
  0x000000001db14800 JavaThread "C2 CompilerThread1" daemon [_thread_blocked, id=22272, stack(0x000000001e0b0000,0x000000001e1b0000)]
  0x000000001db11800 JavaThread "C2 CompilerThread0" daemon [_thread_blocked, id=17072, stack(0x000000001dfb0000,0x000000001e0b0000)]
  0x000000001daf3800 JavaThread "Monitor Ctrl-Break" daemon [_thread_in_native, id=5672, stack(0x000000001deb0000,0x000000001dfb0000)]
  0x000000001c468000 JavaThread "Attach Listener" daemon [_thread_blocked, id=14216, stack(0x000000001d9b0000,0x000000001dab0000)]
  0x000000001c466800 JavaThread "Signal Dispatcher" daemon [_thread_blocked, id=5520, stack(0x000000001d8b0000,0x000000001d9b0000)]
=>0x0000000002deb800 JavaThread "Finalizer" daemon [_thread_in_native, id=19000, stack(0x000000001d6b0000,0x000000001d7b0000)]
  0x0000000002de3000 JavaThread "Reference Handler" daemon [_thread_blocked, id=13864, stack(0x000000001d5b0000,0x000000001d6b0000)]

Other Threads:
  0x000000001c427800 VMThread [stack: 0x000000001d4b0000,0x000000001d5b0000] [id=20484]
  0x000000001c4bc800 WatcherThread [stack: 0x000000001e3b0000,0x000000001e4b0000] [id=25076]

VM state:not at safepoint (normal execution)

VM Mutex/Monitor currently owned by a thread: None

heap address: 0x00000006c0a00000, size: 4086 MB, Compressed Oops mode: Zero based, Oop shift amount: 3
Narrow klass base: 0x0000000000000000, Narrow klass shift: 3
Compressed class space size: 1073741824 Address: 0x00000007c0000000

Heap:
 PSYoungGen      total 61440K, used 35294K [0x000000076ae00000, 0x000000076fa00000, 0x00000007c0000000)
  eden space 60416K, 56% used [0x000000076ae00000,0x000000076cf98028,0x000000076e900000)
  from space 1024K, 87% used [0x000000076ea00000,0x000000076eadf9b0,0x000000076eb00000)
  to   space 8704K, 0% used [0x000000076f180000,0x000000076f180000,0x000000076fa00000)
 ParOldGen       total 86528K, used 5198K [0x00000006c0a00000, 0x00000006c5e80000, 0x000000076ae00000)
  object space 86528K, 6% used [0x00000006c0a00000,0x00000006c0f13920,0x00000006c5e80000)
 Metaspace       used 22855K, capacity 23260K, committed 23552K, reserved 1069056K
  class space    used 2852K, capacity 2967K, committed 3072K, reserved 1048576K

Card table byte_map: [0x00000000121b0000,0x00000000129b0000] byte_map_base: 0x000000000ebab000

Marking Bits: (ParMarkBitMap*) 0x0000000062545ce0
 Begin Bits: [0x0000000013310000, 0x00000000172e8000)
 End Bits:   [0x00000000172e8000, 0x000000001b2c0000)

Polling page: 0x0000000001020000

CodeCache: size=245760Kb used=6315Kb max_used=6315Kb free=239444Kb
 bounds [0x0000000002df0000, 0x0000000003430000, 0x0000000011df0000]
 total_blobs=2576 nmethods=1881 adapters=606
 compilation: enabled

Compilation events (10 events):
Event: 8.028 Thread 0x000000001db14800 nmethod 2011 0x000000000341a810 code [0x000000000341ab60, 0x000000000341bbd8]
Event: 8.029 Thread 0x000000001db11800 nmethod 2010 0x000000000341f5d0 code [0x000000000341f940, 0x0000000003420a38]
Event: 8.095 Thread 0x000000001dbb5800 2012       3       java.awt.Component::eventTypeEnabled (487 bytes)
Event: 8.095 Thread 0x000000001dbb5800 nmethod 2012 0x0000000003414110 code [0x00000000034142c0, 0x0000000003414d50]
Event: 8.096 Thread 0x000000001dbb5800 2013       3       sun.java2d.pipe.RenderQueue::ensureCapacityAndAlignment (13 bytes)
Event: 8.096 Thread 0x000000001dbb5800 nmethod 2013 0x000000000341ea50 code [0x000000000341ebe0, 0x000000000341f348]
Event: 8.096 Thread 0x000000001dbb5800 2014       1       javax.swing.JLabel::getIcon (5 bytes)
Event: 8.096 Thread 0x000000001dbb5800 nmethod 2014 0x0000000003413e50 code [0x0000000003413fa0, 0x00000000034140b0]
Event: 8.096 Thread 0x000000001dbb5800 2015  s    3       sun.awt.image.ToolkitImage::getImageRep (37 bytes)
Event: 8.096 Thread 0x000000001dbb5800 nmethod 2015 0x000000000341de90 code [0x000000000341e040, 0x000000000341e7e8]

GC Heap History (10 events):
Event: 7.156 GC heap before
{Heap before GC invocations=6 (full 1):
 PSYoungGen      total 76288K, used 65536K [0x000000076ae00000, 0x0000000770300000, 0x00000007c0000000)
  eden space 65536K, 100% used [0x000000076ae00000,0x000000076ee00000,0x000000076ee00000)
  from space 10752K, 0% used [0x000000076f880000,0x000000076f880000,0x0000000770300000)
  to   space 10752K, 0% used [0x000000076ee00000,0x000000076ee00000,0x000000076f880000)
 ParOldGen       total 86528K, used 5118K [0x00000006c0a00000, 0x00000006c5e80000, 0x000000076ae00000)
  object space 86528K, 5% used [0x00000006c0a00000,0x00000006c0eff920,0x00000006c5e80000)
 Metaspace       used 21122K, capacity 21490K, committed 21632K, reserved 1069056K
  class space    used 2708K, capacity 2822K, committed 2944K, reserved 1048576K
Event: 7.157 GC heap after
Heap after GC invocations=6 (full 1):
 PSYoungGen      total 65024K, used 160K [0x000000076ae00000, 0x000000076fd00000, 0x00000007c0000000)
  eden space 64512K, 0% used [0x000000076ae00000,0x000000076ae00000,0x000000076ed00000)
  from space 512K, 31% used [0x000000076ee00000,0x000000076ee28000,0x000000076ee80000)
  to   space 8192K, 0% used [0x000000076f500000,0x000000076f500000,0x000000076fd00000)
 ParOldGen       total 86528K, used 5126K [0x00000006c0a00000, 0x00000006c5e80000, 0x000000076ae00000)
  object space 86528K, 5% used [0x00000006c0a00000,0x00000006c0f01920,0x00000006c5e80000)
 Metaspace       used 21122K, capacity 21490K, committed 21632K, reserved 1069056K
  class space    used 2708K, capacity 2822K, committed 2944K, reserved 1048576K
}
Event: 7.423 GC heap before
{Heap before GC invocations=7 (full 1):
 PSYoungGen      total 65024K, used 64672K [0x000000076ae00000, 0x000000076fd00000, 0x00000007c0000000)
  eden space 64512K, 100% used [0x000000076ae00000,0x000000076ed00000,0x000000076ed00000)
  from space 512K, 31% used [0x000000076ee00000,0x000000076ee28000,0x000000076ee80000)
  to   space 8192K, 0% used [0x000000076f500000,0x000000076f500000,0x000000076fd00000)
 ParOldGen       total 86528K, used 5126K [0x00000006c0a00000, 0x00000006c5e80000, 0x000000076ae00000)
  object space 86528K, 5% used [0x00000006c0a00000,0x00000006c0f01920,0x00000006c5e80000)
 Metaspace       used 21182K, capacity 21554K, committed 21888K, reserved 1069056K
  class space    used 2708K, capacity 2822K, committed 2944K, reserved 1048576K
Event: 7.424 GC heap after
Heap after GC invocations=7 (full 1):
 PSYoungGen      total 71680K, used 128K [0x000000076ae00000, 0x000000076fd00000, 0x00000007c0000000)
  eden space 63488K, 0% used [0x000000076ae00000,0x000000076ae00000,0x000000076ec00000)
  from space 8192K, 1% used [0x000000076f500000,0x000000076f520000,0x000000076fd00000)
  to   space 8704K, 0% used [0x000000076ec00000,0x000000076ec00000,0x000000076f480000)
 ParOldGen       total 86528K, used 5134K [0x00000006c0a00000, 0x00000006c5e80000, 0x000000076ae00000)
  object space 86528K, 5% used [0x00000006c0a00000,0x00000006c0f03920,0x00000006c5e80000)
 Metaspace       used 21182K, capacity 21554K, committed 21888K, reserved 1069056K
  class space    used 2708K, capacity 2822K, committed 2944K, reserved 1048576K
}
Event: 7.651 GC heap before
{Heap before GC invocations=8 (full 1):
 PSYoungGen      total 71680K, used 63616K [0x000000076ae00000, 0x000000076fd00000, 0x00000007c0000000)
  eden space 63488K, 100% used [0x000000076ae00000,0x000000076ec00000,0x000000076ec00000)
  from space 8192K, 1% used [0x000000076f500000,0x000000076f520000,0x000000076fd00000)
  to   space 8704K, 0% used [0x000000076ec00000,0x000000076ec00000,0x000000076f480000)
 ParOldGen       total 86528K, used 5134K [0x00000006c0a00000, 0x00000006c5e80000, 0x000000076ae00000)
  object space 86528K, 5% used [0x00000006c0a00000,0x00000006c0f03920,0x00000006c5e80000)
 Metaspace       used 21195K, capacity 21554K, committed 21888K, reserved 1069056K
  class space    used 2709K, capacity 2822K, committed 2944K, reserved 1048576K
Event: 7.651 GC heap after
Heap after GC invocations=8 (full 1):
 PSYoungGen      total 62976K, used 128K [0x000000076ae00000, 0x000000076fd00000, 0x00000007c0000000)
  eden space 62464K, 0% used [0x000000076ae00000,0x000000076ae00000,0x000000076eb00000)
  from space 512K, 25% used [0x000000076ec00000,0x000000076ec20000,0x000000076ec80000)
  to   space 9216K, 0% used [0x000000076f400000,0x000000076f400000,0x000000076fd00000)
 ParOldGen       total 86528K, used 5142K [0x00000006c0a00000, 0x00000006c5e80000, 0x000000076ae00000)
  object space 86528K, 5% used [0x00000006c0a00000,0x00000006c0f05920,0x00000006c5e80000)
 Metaspace       used 21195K, capacity 21554K, committed 21888K, reserved 1069056K
  class space    used 2709K, capacity 2822K, committed 2944K, reserved 1048576K
}
Event: 7.854 GC heap before
{Heap before GC invocations=9 (full 1):
 PSYoungGen      total 62976K, used 62592K [0x000000076ae00000, 0x000000076fd00000, 0x00000007c0000000)
  eden space 62464K, 100% used [0x000000076ae00000,0x000000076eb00000,0x000000076eb00000)
  from space 512K, 25% used [0x000000076ec00000,0x000000076ec20000,0x000000076ec80000)
  to   space 9216K, 0% used [0x000000076f400000,0x000000076f400000,0x000000076fd00000)
 ParOldGen       total 86528K, used 5142K [0x00000006c0a00000, 0x00000006c5e80000, 0x000000076ae00000)
  object space 86528K, 5% used [0x00000006c0a00000,0x00000006c0f05920,0x00000006c5e80000)
 Metaspace       used 21199K, capacity 21554K, committed 21888K, reserved 1069056K
  class space    used 2710K, capacity 2822K, committed 2944K, reserved 1048576K
Event: 7.854 GC heap after
Heap after GC invocations=9 (full 1):
 PSYoungGen      total 69632K, used 128K [0x000000076ae00000, 0x000000076fc00000, 0x00000007c0000000)
  eden space 61440K, 0% used [0x000000076ae00000,0x000000076ae00000,0x000000076ea00000)
  from space 8192K, 1% used [0x000000076f400000,0x000000076f420000,0x000000076fc00000)
  to   space 9216K, 0% used [0x000000076ea00000,0x000000076ea00000,0x000000076f300000)
 ParOldGen       total 86528K, used 5142K [0x00000006c0a00000, 0x00000006c5e80000, 0x000000076ae00000)
  object space 86528K, 5% used [0x00000006c0a00000,0x00000006c0f05920,0x00000006c5e80000)
 Metaspace       used 21199K, capacity 21554K, committed 21888K, reserved 1069056K
  class space    used 2710K, capacity 2822K, committed 2944K, reserved 1048576K
}
Event: 8.113 GC heap before
{Heap before GC invocations=10 (full 1):
 PSYoungGen      total 69632K, used 61568K [0x000000076ae00000, 0x000000076fc00000, 0x00000007c0000000)
  eden space 61440K, 100% used [0x000000076ae00000,0x000000076ea00000,0x000000076ea00000)
  from space 8192K, 1% used [0x000000076f400000,0x000000076f420000,0x000000076fc00000)
  to   space 9216K, 0% used [0x000000076ea00000,0x000000076ea00000,0x000000076f300000)
 ParOldGen       total 86528K, used 5142K [0x00000006c0a00000, 0x00000006c5e80000, 0x000000076ae00000)
  object space 86528K, 5% used [0x00000006c0a00000,0x00000006c0f05920,0x00000006c5e80000)
 Metaspace       used 22854K, capacity 23260K, committed 23552K, reserved 1069056K
  class space    used 2852K, capacity 2967K, committed 3072K, reserved 1048576K
Event: 8.114 GC heap after
Heap after GC invocations=10 (full 1):
 PSYoungGen      total 61440K, used 894K [0x000000076ae00000, 0x000000076fa00000, 0x00000007c0000000)
  eden space 60416K, 0% used [0x000000076ae00000,0x000000076ae00000,0x000000076e900000)
  from space 1024K, 87% used [0x000000076ea00000,0x000000076eadf9b0,0x000000076eb00000)
  to   space 8704K, 0% used [0x000000076f180000,0x000000076f180000,0x000000076fa00000)
 ParOldGen       total 86528K, used 5198K [0x00000006c0a00000, 0x00000006c5e80000, 0x000000076ae00000)
  object space 86528K, 6% used [0x00000006c0a00000,0x00000006c0f13920,0x00000006c5e80000)
 Metaspace       used 22854K, capacity 23260K, committed 23552K, reserved 1069056K
  class space    used 2852K, capacity 2967K, committed 3072K, reserved 1048576K
}

Deoptimization events (10 events):
Event: 6.172 Thread 0x000000001e7e8000 Uncommon trap: reason=unstable_if action=reinterpret pc=0x000000000327207c method=java.lang.Character.isSurrogate(C)Z @ 3
Event: 6.959 Thread 0x000000001e7e8000 Uncommon trap: reason=class_check action=maybe_recompile pc=0x00000000031f8f00 method=jade.core.Agent$ActiveLifeCycle.execute()V @ 69
Event: 6.961 Thread 0x000000001e7e8000 Uncommon trap: reason=class_check action=maybe_recompile pc=0x00000000031f8f00 method=jade.core.Agent$ActiveLifeCycle.execute()V @ 69
Event: 6.966 Thread 0x000000001e7e8000 Uncommon trap: reason=class_check action=maybe_recompile pc=0x00000000031f8f00 method=jade.core.Agent$ActiveLifeCycle.execute()V @ 69
Event: 6.968 Thread 0x000000001e7e8000 Uncommon trap: reason=null_check action=make_not_entrant pc=0x000000000331f190 method=jade.content.onto.Ontology.getSchema(Ljava/lang/String;)Ljade/content/schema/ObjectSchema; @ 39
Event: 6.971 Thread 0x000000001e7e8000 Uncommon trap: reason=class_check action=maybe_recompile pc=0x00000000031f8f00 method=jade.core.Agent$ActiveLifeCycle.execute()V @ 69
Event: 7.951 Thread 0x000000001e7eb000 Uncommon trap: reason=unstable_if action=reinterpret pc=0x000000000308f904 method=java.util.HashMap.getNode(ILjava/lang/Object;)Ljava/util/HashMap$Node; @ 62
Event: 7.951 Thread 0x000000001e7eb000 Uncommon trap: reason=unstable_if action=reinterpret pc=0x00000000030868f8 method=java.util.HashMap.getNode(ILjava/lang/Object;)Ljava/util/HashMap$Node; @ 62
Event: 8.013 Thread 0x000000001e7e9000 Uncommon trap: reason=unstable_if action=reinterpret pc=0x00000000031f5f1c method=agents.DriverAgent$1.action()V @ 9
Event: 8.016 Thread 0x000000001e7e7800 Uncommon trap: reason=bimorphic action=maybe_recompile pc=0x000000000335becc method=jade.core.Agent$ActiveLifeCycle.execute()V @ 69

Classes redefined (0 events):
No events

Internal exceptions (10 events):
Event: 7.955 Thread 0x000000001e7eb000 Exception <a 'java/lang/ArrayIndexOutOfBoundsException': 0> (0x000000076c64c480) thrown at [C:\re\workspace\8-2-build-windows-amd64-cygwin\jdk8u202\12323\hotspot\src\share\vm\interpreter\interpreterRuntime.cpp, line 368]
Event: 7.955 Thread 0x000000001e7eb000 Exception <a 'java/lang/ArrayIndexOutOfBoundsException': 1> (0x000000076c64d0c8) thrown at [C:\re\workspace\8-2-build-windows-amd64-cygwin\jdk8u202\12323\hotspot\src\share\vm\interpreter\interpreterRuntime.cpp, line 368]
Event: 7.955 Thread 0x000000001e7eb000 Exception <a 'java/lang/ArrayIndexOutOfBoundsException': 2> (0x000000076c64dce8) thrown at [C:\re\workspace\8-2-build-windows-amd64-cygwin\jdk8u202\12323\hotspot\src\share\vm\interpreter\interpreterRuntime.cpp, line 368]
Event: 7.955 Thread 0x000000001e7eb000 Exception <a 'java/lang/ArrayIndexOutOfBoundsException': 3> (0x000000076c64e908) thrown at [C:\re\workspace\8-2-build-windows-amd64-cygwin\jdk8u202\12323\hotspot\src\share\vm\interpreter\interpreterRuntime.cpp, line 368]
Event: 7.955 Thread 0x000000001e7eb000 Exception <a 'java/lang/ArrayIndexOutOfBoundsException': 4> (0x000000076c64f510) thrown at [C:\re\workspace\8-2-build-windows-amd64-cygwin\jdk8u202\12323\hotspot\src\share\vm\interpreter\interpreterRuntime.cpp, line 368]
Event: 7.955 Thread 0x000000001e7eb000 Exception <a 'java/lang/ArrayIndexOutOfBoundsException': 5> (0x000000076c650130) thrown at [C:\re\workspace\8-2-build-windows-amd64-cygwin\jdk8u202\12323\hotspot\src\share\vm\interpreter\interpreterRuntime.cpp, line 368]
Event: 7.955 Thread 0x000000001e7eb000 Exception <a 'java/lang/ArrayIndexOutOfBoundsException': 6> (0x000000076c650d50) thrown at [C:\re\workspace\8-2-build-windows-amd64-cygwin\jdk8u202\12323\hotspot\src\share\vm\interpreter\interpreterRuntime.cpp, line 368]
Event: 7.955 Thread 0x000000001e7eb000 Exception <a 'java/lang/ArrayIndexOutOfBoundsException': 0> (0x000000076c6518c8) thrown at [C:\re\workspace\8-2-build-windows-amd64-cygwin\jdk8u202\12323\hotspot\src\share\vm\interpreter\interpreterRuntime.cpp, line 368]
Event: 7.955 Thread 0x000000001e7eb000 Exception <a 'java/lang/ArrayIndexOutOfBoundsException': 7> (0x000000076c652038) thrown at [C:\re\workspace\8-2-build-windows-amd64-cygwin\jdk8u202\12323\hotspot\src\share\vm\interpreter\interpreterRuntime.cpp, line 368]
Event: 7.955 Thread 0x000000001e7eb000 Exception <a 'java/lang/ArrayIndexOutOfBoundsException': 8> (0x000000076c652c58) thrown at [C:\re\workspace\8-2-build-windows-amd64-cygwin\jdk8u202\12323\hotspot\src\share\vm\interpreter\interpreterRuntime.cpp, line 368]

Events (10 events):
Event: 8.016 loading class java/util/stream/Nodes$IntFixedNodeBuilder done
Event: 8.016 loading class java/util/stream/ReferencePipeline$4$1
Event: 8.016 loading class java/util/stream/Sink$ChainedReference
Event: 8.016 loading class java/util/stream/Sink$ChainedReference done
Event: 8.016 loading class java/util/stream/ReferencePipeline$4$1 done
Event: 8.016 Thread 0x000000001e7e7800 Uncommon trap: trap_request=0xffffffc6 fr.pc=0x000000000335becc
Event: 8.016 Thread 0x000000001e7e7800 DEOPT PACKING pc=0x000000000335becc sp=0x000000002c97ed60
Event: 8.016 Thread 0x000000001e7e7800 DEOPT UNPACKING pc=0x0000000002e3583b sp=0x000000002c97ed18 mode 2
Event: 8.113 Executing VM operation: ParallelGCFailedAllocation
Event: 8.114 Executing VM operation: ParallelGCFailedAllocation done


Dynamic libraries:
0x00007ff7ab860000 - 0x00007ff7ab897000 	C:\Program Files\Java\jdk1.8.0_202\bin\java.exe
0x00007ffc79e30000 - 0x00007ffc7a01d000 	C:\WINDOWS\SYSTEM32\ntdll.dll
0x00007ffc4eb10000 - 0x00007ffc4eb24000 	C:\Program Files (x86)\AVG\Antivirus\aswhook.dll
0x00007ffc788f0000 - 0x00007ffc789a3000 	C:\WINDOWS\System32\KERNEL32.DLL
0x00007ffc76200000 - 0x00007ffc76493000 	C:\WINDOWS\System32\KERNELBASE.dll
0x00007ffc78cc0000 - 0x00007ffc78d63000 	C:\WINDOWS\System32\ADVAPI32.dll
0x00007ffc799d0000 - 0x00007ffc79a6e000 	C:\WINDOWS\System32\msvcrt.dll
0x00007ffc77130000 - 0x00007ffc771ce000 	C:\WINDOWS\System32\sechost.dll
0x00007ffc78a20000 - 0x00007ffc78b42000 	C:\WINDOWS\System32\RPCRT4.dll
0x00007ffc78d70000 - 0x00007ffc78f07000 	C:\WINDOWS\System32\USER32.dll
0x00007ffc76c60000 - 0x00007ffc76c80000 	C:\WINDOWS\System32\win32u.dll
0x00007ffc786d0000 - 0x00007ffc786f9000 	C:\WINDOWS\System32\GDI32.dll
0x00007ffc76c80000 - 0x00007ffc76e19000 	C:\WINDOWS\System32\gdi32full.dll
0x00007ffc76e20000 - 0x00007ffc76ec0000 	C:\WINDOWS\System32\msvcp_win.dll
0x00007ffc76100000 - 0x00007ffc761fa000 	C:\WINDOWS\System32\ucrtbase.dll
0x00007ffc6b0e0000 - 0x00007ffc6b359000 	C:\WINDOWS\WinSxS\amd64_microsoft.windows.common-controls_6595b64144ccf1df_6.0.17763.802_none_05b1445c0722d2cc\COMCTL32.dll
0x00007ffc795b0000 - 0x00007ffc798dc000 	C:\WINDOWS\System32\combase.dll
0x00007ffc76f20000 - 0x00007ffc76f9e000 	C:\WINDOWS\System32\bcryptPrimitives.dll
0x00007ffc78810000 - 0x00007ffc7883e000 	C:\WINDOWS\System32\IMM32.DLL
0x00000000625d0000 - 0x00000000626a2000 	C:\Program Files\Java\jdk1.8.0_202\jre\bin\msvcr100.dll
0x0000000061d20000 - 0x00000000625c5000 	C:\Program Files\Java\jdk1.8.0_202\jre\bin\server\jvm.dll
0x00007ffc77120000 - 0x00007ffc77128000 	C:\WINDOWS\System32\PSAPI.DLL
0x00007ffc69040000 - 0x00007ffc69049000 	C:\WINDOWS\SYSTEM32\WSOCK32.dll
0x00007ffc798e0000 - 0x00007ffc7994d000 	C:\WINDOWS\System32\WS2_32.dll
0x00007ffc73fa0000 - 0x00007ffc73fc4000 	C:\WINDOWS\SYSTEM32\WINMM.dll
0x00007ffc70d50000 - 0x00007ffc70d5a000 	C:\WINDOWS\SYSTEM32\VERSION.dll
0x00007ffc73f70000 - 0x00007ffc73f9d000 	C:\WINDOWS\SYSTEM32\WINMMBASE.dll
0x00007ffc76c10000 - 0x00007ffc76c5a000 	C:\WINDOWS\System32\cfgmgr32.dll
0x00007ffc56340000 - 0x00007ffc5634f000 	C:\Program Files\Java\jdk1.8.0_202\jre\bin\verify.dll
0x00007ffc43920000 - 0x00007ffc43949000 	C:\Program Files\Java\jdk1.8.0_202\jre\bin\java.dll
0x00007ffc52150000 - 0x00007ffc52173000 	C:\Program Files\Java\jdk1.8.0_202\jre\bin\instrument.dll
0x00007ffc4b840000 - 0x00007ffc4b856000 	C:\Program Files\Java\jdk1.8.0_202\jre\bin\zip.dll
0x00007ffc771d0000 - 0x00007ffc786c4000 	C:\WINDOWS\System32\SHELL32.dll
0x00007ffc79c20000 - 0x00007ffc79cc8000 	C:\WINDOWS\System32\shcore.dll
0x00007ffc764a0000 - 0x00007ffc76bed000 	C:\WINDOWS\System32\windows.storage.dll
0x00007ffc75ea0000 - 0x00007ffc75ec4000 	C:\WINDOWS\System32\profapi.dll
0x00007ffc75e40000 - 0x00007ffc75e9d000 	C:\WINDOWS\System32\powrprof.dll
0x00007ffc79970000 - 0x00007ffc799c2000 	C:\WINDOWS\System32\shlwapi.dll
0x00007ffc75e20000 - 0x00007ffc75e31000 	C:\WINDOWS\System32\kernel.appcore.dll
0x00007ffc76bf0000 - 0x00007ffc76c07000 	C:\WINDOWS\System32\cryptsp.dll
0x00007ffc52130000 - 0x00007ffc5214a000 	C:\Program Files\JetBrains\IntelliJ IDEA Community Edition 2019.2\bin\breakgen64.dll
0x00007ffc44880000 - 0x00007ffc4489a000 	C:\Program Files\Java\jdk1.8.0_202\jre\bin\net.dll
0x00007ffc6a1a0000 - 0x00007ffc6a377000 	C:\WINDOWS\SYSTEM32\urlmon.dll
0x00007ffc6aa00000 - 0x00007ffc6aca8000 	C:\WINDOWS\SYSTEM32\iertutil.dll
0x00007ffc75860000 - 0x00007ffc7586c000 	C:\WINDOWS\SYSTEM32\CRYPTBASE.DLL
0x00007ffc75690000 - 0x00007ffc756f7000 	C:\WINDOWS\system32\mswsock.dll
0x00007ffc2feb0000 - 0x00007ffc30049000 	C:\Program Files\Java\jdk1.8.0_202\jre\bin\awt.dll
0x00007ffc77050000 - 0x00007ffc77114000 	C:\WINDOWS\System32\OLEAUT32.dll
0x00007ffc740d0000 - 0x00007ffc7415c000 	C:\WINDOWS\SYSTEM32\apphelp.dll
0x00007ffc743f0000 - 0x00007ffc7448c000 	C:\WINDOWS\system32\uxtheme.dll
0x00007ffc78b50000 - 0x00007ffc78cbb000 	C:\WINDOWS\System32\MSCTF.dll
0x00007ffc746d0000 - 0x00007ffc746fe000 	C:\WINDOWS\system32\dwmapi.dll
0x00007ffc75ef0000 - 0x00007ffc760cb000 	C:\WINDOWS\System32\CRYPT32.dll
0x00007ffc75ed0000 - 0x00007ffc75ee2000 	C:\WINDOWS\System32\MSASN1.dll
0x00007ffc78f10000 - 0x00007ffc79065000 	C:\WINDOWS\System32\ole32.dll
0x00007ffc36a10000 - 0x00007ffc36b37000 	C:\WINDOWS\system32\opengl32.dll
0x00007ffc444e0000 - 0x00007ffc4450c000 	C:\WINDOWS\SYSTEM32\GLU32.dll
0x00007ffc6a860000 - 0x00007ffc6a9fe000 	C:\WINDOWS\system32\d3d9.dll
0x00007ffc70e10000 - 0x00007ffc70efe000 	C:\WINDOWS\System32\DriverStore\FileRepository\nv_dispi.inf_amd64_827405c7c65146ab\nvldumdx.dll
0x00007ffc76ec0000 - 0x00007ffc76f19000 	C:\WINDOWS\System32\WINTRUST.DLL
0x00007ffc79950000 - 0x00007ffc7996d000 	C:\WINDOWS\System32\imagehlp.dll
0x00007ffc75210000 - 0x00007ffc75243000 	C:\WINDOWS\system32\rsaenh.dll
0x00007ffc760d0000 - 0x00007ffc760f6000 	C:\WINDOWS\System32\bcrypt.dll
0x00007ffc1c050000 - 0x00007ffc1d519000 	C:\WINDOWS\System32\DriverStore\FileRepository\nv_dispi.inf_amd64_827405c7c65146ab\nvd3dumx.dll
0x00007ffc753b0000 - 0x00007ffc753ed000 	C:\WINDOWS\SYSTEM32\IPHLPAPI.DLL
0x00007ffc78780000 - 0x00007ffc78788000 	C:\WINDOWS\System32\NSI.dll
0x00007ffc701e0000 - 0x00007ffc701f6000 	C:\WINDOWS\SYSTEM32\dhcpcsvc6.DLL
0x00007ffc701c0000 - 0x00007ffc701dc000 	C:\WINDOWS\SYSTEM32\dhcpcsvc.DLL
0x00007ffc753f0000 - 0x00007ffc754b6000 	C:\WINDOWS\SYSTEM32\DNSAPI.dll
0x00007ffc37200000 - 0x00007ffc374c1000 	C:\WINDOWS\system32\nvspcap64.dll
0x00007ffc74e70000 - 0x00007ffc74ea1000 	C:\WINDOWS\SYSTEM32\ntmarta.dll
0x00007ffc74ab0000 - 0x00007ffc74ad2000 	C:\WINDOWS\SYSTEM32\gpapi.dll
0x00007ffc6bf60000 - 0x00007ffc6bf8f000 	C:\WINDOWS\SYSTEM32\cryptnet.dll
0x00007ffc6cba0000 - 0x00007ffc6cbaa000 	C:\Windows\System32\rasadhlp.dll
0x00007ffc6b8a0000 - 0x00007ffc6b919000 	C:\WINDOWS\System32\fwpuclnt.dll
0x00007ffc50160000 - 0x00007ffc501a7000 	C:\Program Files\Java\jdk1.8.0_202\jre\bin\fontmanager.dll
0x00007ffc3cfe0000 - 0x00007ffc3d079000 	C:\WINDOWS\system32\RICHED20.DLL
0x00007ffc5cb00000 - 0x00007ffc5cb19000 	C:\WINDOWS\SYSTEM32\USP10.dll
0x00007ffc3cd00000 - 0x00007ffc3cd39000 	C:\WINDOWS\SYSTEM32\msls31.dll
0x00007ffc78840000 - 0x00007ffc788e2000 	C:\WINDOWS\System32\clbcatq.dll
0x00007ffc53390000 - 0x00007ffc533e6000 	C:\WINDOWS\system32\dataexchange.dll
0x00007ffc72f20000 - 0x00007ffc7319e000 	C:\WINDOWS\system32\d3d11.dll
0x00007ffc73820000 - 0x00007ffc739e3000 	C:\WINDOWS\system32\dcomp.dll
0x00007ffc74c00000 - 0x00007ffc74cc2000 	C:\WINDOWS\system32\dxgi.dll
0x00007ffc744c0000 - 0x00007ffc746cd000 	C:\WINDOWS\system32\twinapi.appcore.dll
0x00007ffc74700000 - 0x00007ffc74728000 	C:\WINDOWS\system32\RMCLIENT.dll
0x00007ffc44780000 - 0x00007ffc44792000 	C:\Program Files\Java\jdk1.8.0_202\jre\bin\nio.dll
0x00007ffc3bc70000 - 0x00007ffc3bcb2000 	C:\Program Files\Java\jdk1.8.0_202\jre\bin\t2k.dll
0x00007ffc5c320000 - 0x00007ffc5c3b5000 	C:\WINDOWS\System32\TextInputFramework.dll
0x00007ffc716a0000 - 0x00007ffc719c2000 	C:\WINDOWS\System32\CoreUIComponents.dll
0x00007ffc73d50000 - 0x00007ffc73e32000 	C:\WINDOWS\System32\CoreMessaging.dll
0x00007ffc71540000 - 0x00007ffc71693000 	C:\WINDOWS\SYSTEM32\wintypes.dll
0x00007ffc5d310000 - 0x00007ffc5d326000 	C:\WINDOWS\system32\napinsp.dll
0x00007ffc5d2f0000 - 0x00007ffc5d30a000 	C:\WINDOWS\system32\pnrpnsp.dll
0x00007ffc5d250000 - 0x00007ffc5d25e000 	C:\WINDOWS\System32\winrnr.dll
0x00007ffc72500000 - 0x00007ffc7251b000 	C:\WINDOWS\system32\NLAapi.dll
0x00007ffc5d230000 - 0x00007ffc5d245000 	C:\WINDOWS\system32\wshbth.dll
0x00007ffbfc0a0000 - 0x00007ffbfd2aa000 	S:\Documents\Intelligent_Systems\jniortools.dll
0x00007ffc63a80000 - 0x00007ffc63b1b000 	C:\WINDOWS\SYSTEM32\MSVCP140.dll
0x00007ffc6c3d0000 - 0x00007ffc6c5bd000 	C:\WINDOWS\SYSTEM32\dbghelp.dll
0x00007ffc63940000 - 0x00007ffc63955000 	C:\WINDOWS\SYSTEM32\VCRUNTIME140.dll
0x00007ffc71ae0000 - 0x00007ffc71c98000 	C:\WINDOWS\SYSTEM32\WindowsCodecs.dll
0x00007ffc37550000 - 0x00007ffc37581000 	C:\Program Files\Java\jdk1.8.0_202\jre\bin\jpeg.dll

VM Arguments:
jvm_args: -Djava.library.path=S:\Documents\Intelligent_Systems -javaagent:C:\Program Files\JetBrains\IntelliJ IDEA Community Edition 2019.2\lib\idea_rt.jar=61065:C:\Program Files\JetBrains\IntelliJ IDEA Community Edition 2019.2\bin -Dfile.encoding=UTF-8 
java_command: main.Main
java_class_path (initial): C:\Program Files\Java\jdk1.8.0_202\jre\lib\charsets.jar;C:\Program Files\Java\jdk1.8.0_202\jre\lib\deploy.jar;C:\Program Files\Java\jdk1.8.0_202\jre\lib\ext\access-bridge-64.jar;C:\Program Files\Java\jdk1.8.0_202\jre\lib\ext\cldrdata.jar;C:\Program Files\Java\jdk1.8.0_202\jre\lib\ext\dnsns.jar;C:\Program Files\Java\jdk1.8.0_202\jre\lib\ext\jaccess.jar;C:\Program Files\Java\jdk1.8.0_202\jre\lib\ext\jfxrt.jar;C:\Program Files\Java\jdk1.8.0_202\jre\lib\ext\localedata.jar;C:\Program Files\Java\jdk1.8.0_202\jre\lib\ext\nashorn.jar;C:\Program Files\Java\jdk1.8.0_202\jre\lib\ext\sunec.jar;C:\Program Files\Java\jdk1.8.0_202\jre\lib\ext\sunjce_provider.jar;C:\Program Files\Java\jdk1.8.0_202\jre\lib\ext\sunmscapi.jar;C:\Program Files\Java\jdk1.8.0_202\jre\lib\ext\sunpkcs11.jar;C:\Program Files\Java\jdk1.8.0_202\jre\lib\ext\zipfs.jar;C:\Program Files\Java\jdk1.8.0_202\jre\lib\javaws.jar;C:\Program Files\Java\jdk1.8.0_202\jre\lib\jce.jar;C:\Program Files\Java\jdk1.8.0_202\jre\lib\jfr.jar;C:\Program Files\Java\jdk1.8.0_202\jre\lib\jfxswt.jar;C:\Program Files\Java\jdk1.8.0_202\jre\lib\jsse.jar;C:\Program Files\Java\jdk1.8.0_202\jre\lib\management-agent.jar;C:\Program Files\Java\jdk1.8.0_202\jre\lib\plugin.jar;C:\Program Files\Java\jdk1.8.0_202\jre\lib\resources.jar;C:\Program Files\Java\jdk1.8.0_202\jre\lib\rt.jar;S:\Documents\Intelligent_Systems\Vehicle_Routing_COS30018\out\production\Vehicle_Routing_COS30018;S:\Documents\Intelligent_Systems\com.google.ortools.jar;S:\Documents\Intelligent_Systems\protobuf.jar;S:\Documents\JAVA_LIBRARIES\choco-solver-2.1.2.jar;S:\Documents\JAVA_LIBRARIES\choco-solver-4.10.1.jar;S:\Documents\JAVA_LIBRARIES\mysql-connector-java-5.1.18-bin.jar;S:\Documents\JADE\lib\jade.jar;C:\Program Files\JetBrains\IntelliJ IDEA Community Edition 2019.2\lib\idea_rt.jar
Launcher Type: SUN_STANDARD

Environment Variables:
CLASSPATH=S:\Documents\JADE\lib\jade.jar;S:\Documents\JADE\lib\jadeTools.jar;S:\Documents\JADE\lib\commons-codec\commons-codec-1.3.jar
PATH=C:\Program Files (x86)\Common Files\Oracle\Java\javapath;C:\Program Files\Java\jdk-11.0.2;C:\Program Files (x86)\Intel\Intel(R) Management Engine Components\iCLS\;C:\Program Files\Intel\Intel(R) Management Engine Components\iCLS\;C:\WINDOWS\system32;C:\WINDOWS;C:\WINDOWS\System32\Wbem;C:\WINDOWS\System32\WindowsPowerShell\v1.0\;C:\WINDOWS\System32\OpenSSH\;C:\Program Files (x86)\Intel\Intel(R) Management Engine Components\DAL;C:\Program Files\Intel\Intel(R) Management Engine Components\DAL;C:\Program Files (x86)\Intel\Intel(R) Management Engine Components\IPT;C:\Program Files\Intel\Intel(R) Management Engine Components\IPT;C:\Program Files\NVIDIA Corporation\NVIDIA NvDLISR;C:\Program Files\Git\cmd;C:\Program Files\Microsoft VS Code\bin;C:\Program Files\nodejs\;C:\Program Files\dotnet\;C:\Program Files (x86)\Bitvise SSH Client;C:\Program Files\PuTTY\;C:\Program Files (x86)\NVIDIA Corporation\PhysX\Common;C:\WINDOWS\system32;C:\WINDOWS;C:\WINDOWS\System32\Wbem;C:\WINDOWS\System32\WindowsPowerShell\v1.0\;C:\WINDOWS\System32\OpenSSH\;C:\Program Files\Java\jre1.8.0_201\;C:\Users\KeesTim\AppData\Local\Microsoft\WindowsApps;C:\Users\KeesTim\AppData\Local\atom\bin;C:\Users\KeesTim\AppData\Roaming\npm;C:\Users\KeesTim\AppData\Local\Microsoft\WindowsApps;C:\Program Files\JetBrains\IntelliJ IDEA Community Edition 2019.2\bin;;C:\Program Files\Java\jdk1.8.0_202\bin;C:\Users\KeesTim\AppData\Local\Programs\Python\Python37;C:\Users\KeesTim\AppData\Local\Programs\Python\Python37\Scripts;
USERNAME=KeesTim
OS=Windows_NT
PROCESSOR_IDENTIFIER=Intel64 Family 6 Model 94 Stepping 3, GenuineIntel



---------------  S Y S T E M  ---------------

OS: Windows 10.0 , 64 bit Build 17763 (10.0.17763.475)

CPU:total 4 (initial active 4) (4 cores per cpu, 1 threads per core) family 6 model 94 stepping 3, cmov, cx8, fxsr, mmx, sse, sse2, sse3, ssse3, sse4.1, sse4.2, popcnt, avx, avx2, aes, clmul, erms, rtm, 3dnowpref, lzcnt, tsc, tscinvbit, bmi1, bmi2, adx

Memory: 4k page, physical 16729544k(6972248k free), swap 28263880k(10426840k free)

vm_info: Java HotSpot(TM) 64-Bit Server VM (25.202-b08) for windows-amd64 JRE (1.8.0_202-b08), built on Dec 15 2018 19:54:30 by "java_re" with MS VC++ 10.0 (VS2010)

time: Mon Oct 21 22:40:18 2019
timezone: AUS Eastern Daylight Time
elapsed time: 8 seconds (0d 0h 0m 8s)

