#
# A fatal error has been detected by the Java Runtime Environment:
#
#  EXCEPTION_ACCESS_VIOLATION (0xc0000005) at pc=0x0000000061e5f01d, pid=12644, tid=0x0000000000002e8c
#
# JRE version: Java(TM) SE Runtime Environment (8.0_202-b08) (build 1.8.0_202-b08)
# Java VM: Java HotSpot(TM) 64-Bit Server VM (25.202-b08 mixed mode windows-amd64 compressed oops)
# Problematic frame:
# V  [jvm.dll+0x13f01d]
#
# Failed to write core dump. Minidumps are not enabled by default on client versions of Windows
#
# If you would like to submit a bug report, please visit:
#   http://bugreport.java.com/bugreport/crash.jsp
# The crash happened outside the Java Virtual Machine in native code.
# See problematic frame for where to report the bug.
#

---------------  T H R E A D  ---------------

Current thread (0x000000000272c000):  JavaThread "Finalizer" daemon [_thread_in_native, id=11916, stack(0x000000001cff0000,0x000000001d0f0000)]

siginfo: ExceptionCode=0xc0000005, writing address 0x0000000000000270

Registers:
RAX=0x000000000000dead, RBX=0x0000000000000000, RCX=0x000000001e593800, RDX=0x000000001d7dd1c8
RSP=0x000000001d0ef110, RBP=0x0000000000000000, RSI=0x0000000027d689b0, RDI=0x000000001d7dd1c8
R8 =0x0000000000581200, R9 =0x0000000000008000, R10=0x00000000ffffffff, R11=0x000000001d0ef0e0
R12=0x0000000000000000, R13=0x0000000000000000, R14=0x0000000000000000, R15=0x0000000027e5f608
RIP=0x0000000061e5f01d, EFLAGS=0x0000000000010246

Top of Stack: (sp=0x000000001d0ef110)
0x000000001d0ef110:   00000000009b0000 0000000027e5f280
0x000000001d0ef120:   0000000000000000 0000000000000000
0x000000001d0ef130:   00000000ffffffff 00007ffbfc0f87ce
0x000000001d0ef140:   0000000027d1df40 0000000027d689b0
0x000000001d0ef150:   0000000000000000 0000000000000000
0x000000001d0ef160:   fffffffffffffffe 0000000027e5f500
0x000000001d0ef170:   0000000000000000 00007ffbfc0f6bed
0x000000001d0ef180:   0000000000000000 00007ffbfce734b0
0x000000001d0ef190:   0000000027e5f608 0000000027e5f500
0x000000001d0ef1a0:   0000000027d68a30 00007ffbfc3dc6d5
0x000000001d0ef1b0:   0000000027d689b0 0000000000000000
0x000000001d0ef1c0:   0000000027e5fcd0 000000000272c400
0x000000001d0ef1d0:   00007ffbfce734b0 00007ffbfc3e04b8
0x000000001d0ef1e0:   000000001d0ef269 0000000027e5f500
0x000000001d0ef1f0:   0000000027e5fd20 000000001d0ef269
0x000000001d0ef200:   00007ffbfce734b0 0000000000000000 

Instructions: (pc=0x0000000061e5f01d)
0x0000000061e5effd:   8b fa 3d ab de 00 00 74 17 8b 83 88 02 00 00 3d
0x0000000061e5f00d:   ac de 00 00 74 0a 48 8b cb e8 65 03 10 00 33 db
0x0000000061e5f01d:   c7 83 70 02 00 00 05 00 00 00 83 3d 9a 86 6d 00
0x0000000061e5f02d:   01 75 09 80 3d 0c 79 6d 00 00 74 18 80 3d 04 79 


Register to memory mapping:

RAX=0x000000000000dead is an unknown value
RBX=0x0000000000000000 is an unknown value
RCX=0x000000001e593800 is an unknown value
RDX=0x000000001d7dd1c8 is a global jni handle
RSP=0x000000001d0ef110 is pointing into the stack for thread: 0x000000000272c000
RBP=0x0000000000000000 is an unknown value
RSI=0x0000000027d689b0 is an unknown value
RDI=0x000000001d7dd1c8 is a global jni handle
R8 =0x0000000000581200 is an unknown value
R9 =0x0000000000008000 is an unknown value
R10=0x00000000ffffffff is an unknown value
R11=0x000000001d0ef0e0 is pointing into the stack for thread: 0x000000000272c000
R12=0x0000000000000000 is an unknown value
R13=0x0000000000000000 is an unknown value
R14=0x0000000000000000 is an unknown value
R15=0x0000000027e5f608 is an unknown value


Stack: [0x000000001cff0000,0x000000001d0f0000],  sp=0x000000001d0ef110,  free space=1020k
Native frames: (J=compiled Java code, j=interpreted, Vv=VM code, C=native code)

Java frames: (J=compiled Java code, j=interpreted, Vv=VM code)
j  com.google.ortools.constraintsolver.mainJNI.delete_RoutingModel(J)V+0
j  com.google.ortools.constraintsolver.RoutingModel.delete()V+25
j  com.google.ortools.constraintsolver.RoutingModel.finalize()V+1
J 995 C1 java.lang.ref.Finalizer.runFinalizer(Lsun/misc/JavaLangAccess;)V (62 bytes) @ 0x0000000002acca54 [0x0000000002acc4c0+0x594]
J 994 C1 java.lang.ref.Finalizer.access$100(Ljava/lang/ref/Finalizer;Lsun/misc/JavaLangAccess;)V (6 bytes) @ 0x0000000002acc15c [0x0000000002acc100+0x5c]
j  java.lang.ref.Finalizer$FinalizerThread.run()V+45
v  ~StubRoutines::call_stub

---------------  P R O C E S S  ---------------

Java Threads: ( => current thread )
  0x000000001e592000 JavaThread "TimerQueue" daemon [_thread_blocked, id=21432, stack(0x000000002d830000,0x000000002d930000)]
  0x000000001e597000 JavaThread "DestroyJavaVM" [_thread_blocked, id=13672, stack(0x0000000002360000,0x0000000002460000)]
  0x000000001e596800 JavaThread "MasterRouteAgent" [_thread_blocked, id=13528, stack(0x000000002d430000,0x000000002d530000)]
  0x000000001e58e000 JavaThread "Delivery_Agent3" [_thread_blocked, id=1908, stack(0x000000002d330000,0x000000002d430000)]
  0x000000001e591000 JavaThread "Delivery_Agent2" [_thread_blocked, id=7632, stack(0x000000002d230000,0x000000002d330000)]
  0x000000001e58d800 JavaThread "Delivery_Agent1" [_thread_blocked, id=14728, stack(0x000000002d130000,0x000000002d230000)]
  0x000000001e590800 JavaThread "Delivery_Agent0" [_thread_blocked, id=12108, stack(0x000000002d030000,0x000000002d130000)]
  0x000000001e592800 JavaThread "DBAgent" [_thread_blocked, id=8908, stack(0x000000002cf30000,0x000000002d030000)]
  0x000000001e58f000 JavaThread "rma" [_thread_blocked, id=8416, stack(0x000000002ce30000,0x000000002cf30000)]
  0x000000001e58f800 JavaThread "df" [_thread_blocked, id=3892, stack(0x000000002cd30000,0x000000002ce30000)]
  0x000000001e295800 JavaThread "ams" [_thread_blocked, id=6156, stack(0x000000002cc30000,0x000000002cd30000)]
  0x000000001e295000 JavaThread "Thread-13" [_thread_in_native, id=19340, stack(0x000000002cb30000,0x000000002cc30000)]
  0x000000001e292000 JavaThread "Deliverer-04" [_thread_blocked, id=13396, stack(0x000000002ba60000,0x000000002bb60000)]
  0x000000001e294000 JavaThread "Deliverer-03" [_thread_blocked, id=1072, stack(0x000000002b960000,0x000000002ba60000)]
  0x000000001e292800 JavaThread "Deliverer-02" [_thread_blocked, id=14460, stack(0x000000002b860000,0x000000002b960000)]
  0x000000001e293800 JavaThread "Deliverer-01" [_thread_blocked, id=2560, stack(0x000000002b760000,0x000000002b860000)]
  0x000000001e291000 JavaThread "Deliverer-00" [_thread_blocked, id=3268, stack(0x000000002b660000,0x000000002b760000)]
  0x000000001e290800 JavaThread "Thread-7" [_thread_in_native, id=23120, stack(0x000000002b560000,0x000000002b660000)]
  0x000000001e296800 JavaThread "Thread-6" [_thread_blocked, id=22672, stack(0x000000002b460000,0x000000002b560000)]
  0x000000001e297000 JavaThread "JICPServer-8888" daemon [_thread_in_native, id=15560, stack(0x000000002b360000,0x000000002b460000)]
  0x000000001e469800 JavaThread "D3D Screen Updater" daemon [_thread_blocked, id=24548, stack(0x000000002a5a0000,0x000000002a6a0000)]
  0x000000001e2f4800 JavaThread "Thread-3" [_thread_blocked, id=3460, stack(0x0000000029c80000,0x0000000029d80000)]
  0x000000001dfd7800 JavaThread "JADE Timer dispatcher" [_thread_blocked, id=23768, stack(0x0000000029b80000,0x0000000029c80000)]
  0x000000001df38800 JavaThread "AWT-EventQueue-0" [_thread_blocked, id=6196, stack(0x000000001ebd0000,0x000000001ecd0000)]
  0x000000001df37000 JavaThread "AWT-Windows" daemon [_thread_in_native, id=25020, stack(0x000000001e930000,0x000000001ea30000)]
  0x000000001df32800 JavaThread "AWT-Shutdown" [_thread_blocked, id=15780, stack(0x000000001e830000,0x000000001e930000)]
  0x000000001d7e5800 JavaThread "Java2D Disposer" daemon [_thread_blocked, id=14820, stack(0x000000001e730000,0x000000001e830000)]
  0x000000001d501000 JavaThread "Service Thread" daemon [_thread_blocked, id=2136, stack(0x000000001dbf0000,0x000000001dcf0000)]
  0x000000001d46a800 JavaThread "C1 CompilerThread2" daemon [_thread_blocked, id=23876, stack(0x000000001daf0000,0x000000001dbf0000)]
  0x000000001d456000 JavaThread "C2 CompilerThread1" daemon [_thread_blocked, id=18728, stack(0x000000001d9f0000,0x000000001daf0000)]
  0x000000001d453800 JavaThread "C2 CompilerThread0" daemon [_thread_blocked, id=19988, stack(0x000000001d8f0000,0x000000001d9f0000)]
  0x000000001d451000 JavaThread "Monitor Ctrl-Break" daemon [_thread_in_native, id=23944, stack(0x000000001d7f0000,0x000000001d8f0000)]
  0x000000001bdaa800 JavaThread "Attach Listener" daemon [_thread_blocked, id=14348, stack(0x000000001d2f0000,0x000000001d3f0000)]
  0x000000001bda6800 JavaThread "Signal Dispatcher" daemon [_thread_blocked, id=8272, stack(0x000000001d1f0000,0x000000001d2f0000)]
=>0x000000000272c000 JavaThread "Finalizer" daemon [_thread_in_native, id=11916, stack(0x000000001cff0000,0x000000001d0f0000)]
  0x0000000002723000 JavaThread "Reference Handler" daemon [_thread_blocked, id=25140, stack(0x000000001cef0000,0x000000001cff0000)]

Other Threads:
  0x000000001bd67800 VMThread [stack: 0x000000001cdf0000,0x000000001cef0000] [id=1372]
  0x000000001d533000 WatcherThread [stack: 0x000000001dcf0000,0x000000001ddf0000] [id=13888]

VM state:not at safepoint (normal execution)

VM Mutex/Monitor currently owned by a thread: None

heap address: 0x00000006c0a00000, size: 4086 MB, Compressed Oops mode: Zero based, Oop shift amount: 3
Narrow klass base: 0x0000000000000000, Narrow klass shift: 3
Compressed class space size: 1073741824 Address: 0x00000007c0000000

Heap:
 PSYoungGen      total 76288K, used 7216K [0x000000076ae00000, 0x0000000770300000, 0x00000007c0000000)
  eden space 65536K, 8% used [0x000000076ae00000,0x000000076b3aec30,0x000000076ee00000)
  from space 10752K, 12% used [0x000000076ee00000,0x000000076ef5d3f8,0x000000076f880000)
  to   space 10752K, 0% used [0x000000076f880000,0x000000076f880000,0x0000000770300000)
 ParOldGen       total 71168K, used 5584K [0x00000006c0a00000, 0x00000006c4f80000, 0x000000076ae00000)
  object space 71168K, 7% used [0x00000006c0a00000,0x00000006c0f740f8,0x00000006c4f80000)
 Metaspace       used 23921K, capacity 24320K, committed 24704K, reserved 1071104K
  class space    used 2940K, capacity 3081K, committed 3200K, reserved 1048576K

Card table byte_map: [0x0000000011af0000,0x00000000122f0000] byte_map_base: 0x000000000e4eb000

Marking Bits: (ParMarkBitMap*) 0x0000000062545ce0
 Begin Bits: [0x0000000012c50000, 0x0000000016c28000)
 End Bits:   [0x0000000016c28000, 0x000000001ac00000)

Polling page: 0x00000000005f0000

CodeCache: size=245760Kb used=7774Kb max_used=7774Kb free=237985Kb
 bounds [0x0000000002730000, 0x0000000002ee0000, 0x0000000011730000]
 total_blobs=3049 nmethods=2341 adapters=619
 compilation: enabled

Compilation events (10 events):
Event: 28.455 Thread 0x000000001d453800 nmethod 2459 0x0000000002ec8210 code [0x0000000002ec84a0, 0x0000000002ec8d98]
Event: 28.462 Thread 0x000000001d456000 2460  s    4       java.io.BufferedOutputStream::write (67 bytes)
Event: 28.464 Thread 0x000000001d456000 nmethod 2460 0x0000000002ec9910 code [0x0000000002ec9a80, 0x0000000002eca058]
Event: 28.763 Thread 0x000000001d46a800 2461  s    1       com.mysql.jdbc.ConnectionImpl::getCharacterSetMetadata (5 bytes)
Event: 28.763 Thread 0x000000001d46a800 nmethod 2461 0x0000000002ec7dd0 code [0x0000000002ec7f20, 0x0000000002ec8190]
Event: 28.763 Thread 0x000000001d46a800 2462       3       data.Location::<init> (30 bytes)
Event: 28.763 Thread 0x000000001d46a800 nmethod 2462 0x0000000002ec7a10 code [0x0000000002ec7b60, 0x0000000002ec7d30]
Event: 28.764 Thread 0x000000001d46a800 2463       3       com.mysql.jdbc.MysqlIO::reuseAndReadPacket (7 bytes)
Event: 28.764 Thread 0x000000001d46a800 nmethod 2463 0x0000000002ec7690 code [0x0000000002ec7800, 0x0000000002ec7988]
Event: 28.764 Thread 0x000000001d46a800 2464   !   3       com.mysql.jdbc.MysqlIO::reuseAndReadPacket (531 bytes)

GC Heap History (8 events):
Event: 6.310 GC heap before
{Heap before GC invocations=1 (full 0):
 PSYoungGen      total 76288K, used 65536K [0x000000076ae00000, 0x0000000770300000, 0x00000007c0000000)
  eden space 65536K, 100% used [0x000000076ae00000,0x000000076ee00000,0x000000076ee00000)
  from space 10752K, 0% used [0x000000076f880000,0x000000076f880000,0x0000000770300000)
  to   space 10752K, 0% used [0x000000076ee00000,0x000000076ee00000,0x000000076f880000)
 ParOldGen       total 175104K, used 0K [0x00000006c0a00000, 0x00000006cb500000, 0x000000076ae00000)
  object space 175104K, 0% used [0x00000006c0a00000,0x00000006c0a00000,0x00000006cb500000)
 Metaspace       used 18130K, capacity 18358K, committed 18560K, reserved 1064960K
  class space    used 2238K, capacity 2322K, committed 2432K, reserved 1048576K
Event: 6.319 GC heap after
Heap after GC invocations=1 (full 0):
 PSYoungGen      total 76288K, used 6545K [0x000000076ae00000, 0x0000000770300000, 0x00000007c0000000)
  eden space 65536K, 0% used [0x000000076ae00000,0x000000076ae00000,0x000000076ee00000)
  from space 10752K, 60% used [0x000000076ee00000,0x000000076f4645a0,0x000000076f880000)
  to   space 10752K, 0% used [0x000000076f880000,0x000000076f880000,0x0000000770300000)
 ParOldGen       total 175104K, used 16K [0x00000006c0a00000, 0x00000006cb500000, 0x000000076ae00000)
  object space 175104K, 0% used [0x00000006c0a00000,0x00000006c0a04000,0x00000006cb500000)
 Metaspace       used 18130K, capacity 18358K, committed 18560K, reserved 1064960K
  class space    used 2238K, capacity 2322K, committed 2432K, reserved 1048576K
}
Event: 7.337 GC heap before
{Heap before GC invocations=2 (full 0):
 PSYoungGen      total 76288K, used 45641K [0x000000076ae00000, 0x0000000770300000, 0x00000007c0000000)
  eden space 65536K, 59% used [0x000000076ae00000,0x000000076d42e1c0,0x000000076ee00000)
  from space 10752K, 60% used [0x000000076ee00000,0x000000076f4645a0,0x000000076f880000)
  to   space 10752K, 0% used [0x000000076f880000,0x000000076f880000,0x0000000770300000)
 ParOldGen       total 175104K, used 16K [0x00000006c0a00000, 0x00000006cb500000, 0x000000076ae00000)
  object space 175104K, 0% used [0x00000006c0a00000,0x00000006c0a04000,0x00000006cb500000)
 Metaspace       used 20930K, capacity 21218K, committed 21296K, reserved 1069056K
  class space    used 2688K, capacity 2780K, committed 2816K, reserved 1048576K
Event: 7.341 GC heap after
Heap after GC invocations=2 (full 0):
 PSYoungGen      total 76288K, used 5729K [0x000000076ae00000, 0x0000000770300000, 0x00000007c0000000)
  eden space 65536K, 0% used [0x000000076ae00000,0x000000076ae00000,0x000000076ee00000)
  from space 10752K, 53% used [0x000000076f880000,0x000000076fe18500,0x0000000770300000)
  to   space 10752K, 0% used [0x000000076ee00000,0x000000076ee00000,0x000000076f880000)
 ParOldGen       total 175104K, used 32K [0x00000006c0a00000, 0x00000006cb500000, 0x000000076ae00000)
  object space 175104K, 0% used [0x00000006c0a00000,0x00000006c0a08000,0x00000006cb500000)
 Metaspace       used 20930K, capacity 21218K, committed 21296K, reserved 1069056K
  class space    used 2688K, capacity 2780K, committed 2816K, reserved 1048576K
}
Event: 7.341 GC heap before
{Heap before GC invocations=3 (full 1):
 PSYoungGen      total 76288K, used 5729K [0x000000076ae00000, 0x0000000770300000, 0x00000007c0000000)
  eden space 65536K, 0% used [0x000000076ae00000,0x000000076ae00000,0x000000076ee00000)
  from space 10752K, 53% used [0x000000076f880000,0x000000076fe18500,0x0000000770300000)
  to   space 10752K, 0% used [0x000000076ee00000,0x000000076ee00000,0x000000076f880000)
 ParOldGen       total 175104K, used 32K [0x00000006c0a00000, 0x00000006cb500000, 0x000000076ae00000)
  object space 175104K, 0% used [0x00000006c0a00000,0x00000006c0a08000,0x00000006cb500000)
 Metaspace       used 20930K, capacity 21218K, committed 21296K, reserved 1069056K
  class space    used 2688K, capacity 2780K, committed 2816K, reserved 1048576K
Event: 7.359 GC heap after
Heap after GC invocations=3 (full 1):
 PSYoungGen      total 76288K, used 0K [0x000000076ae00000, 0x0000000770300000, 0x00000007c0000000)
  eden space 65536K, 0% used [0x000000076ae00000,0x000000076ae00000,0x000000076ee00000)
  from space 10752K, 0% used [0x000000076f880000,0x000000076f880000,0x0000000770300000)
  to   space 10752K, 0% used [0x000000076ee00000,0x000000076ee00000,0x000000076f880000)
 ParOldGen       total 71168K, used 5576K [0x00000006c0a00000, 0x00000006c4f80000, 0x000000076ae00000)
  object space 71168K, 7% used [0x00000006c0a00000,0x00000006c0f720f8,0x00000006c4f80000)
 Metaspace       used 20930K, capacity 21218K, committed 21296K, reserved 1069056K
  class space    used 2688K, capacity 2780K, committed 2816K, reserved 1048576K
}
Event: 28.764 GC heap before
{Heap before GC invocations=4 (full 1):
 PSYoungGen      total 76288K, used 65321K [0x000000076ae00000, 0x0000000770300000, 0x00000007c0000000)
  eden space 65536K, 99% used [0x000000076ae00000,0x000000076edca5b8,0x000000076ee00000)
  from space 10752K, 0% used [0x000000076f880000,0x000000076f880000,0x0000000770300000)
  to   space 10752K, 0% used [0x000000076ee00000,0x000000076ee00000,0x000000076f880000)
 ParOldGen       total 71168K, used 5576K [0x00000006c0a00000, 0x00000006c4f80000, 0x000000076ae00000)
  object space 71168K, 7% used [0x00000006c0a00000,0x00000006c0f720f8,0x00000006c4f80000)
 Metaspace       used 23908K, capacity 24320K, committed 24704K, reserved 1071104K
  class space    used 2940K, capacity 3081K, committed 3200K, reserved 1048576K
Event: 28.765 GC heap after
Heap after GC invocations=4 (full 1):
 PSYoungGen      total 76288K, used 1396K [0x000000076ae00000, 0x0000000770300000, 0x00000007c0000000)
  eden space 65536K, 0% used [0x000000076ae00000,0x000000076ae00000,0x000000076ee00000)
  from space 10752K, 12% used [0x000000076ee00000,0x000000076ef5d3f8,0x000000076f880000)
  to   space 10752K, 0% used [0x000000076f880000,0x000000076f880000,0x0000000770300000)
 ParOldGen       total 71168K, used 5584K [0x00000006c0a00000, 0x00000006c4f80000, 0x000000076ae00000)
  object space 71168K, 7% used [0x00000006c0a00000,0x00000006c0f740f8,0x00000006c4f80000)
 Metaspace       used 23908K, capacity 24320K, committed 24704K, reserved 1071104K
  class space    used 2940K, capacity 3081K, committed 3200K, reserved 1048576K
}

Deoptimization events (10 events):
Event: 6.494 Thread 0x000000001e58f000 Uncommon trap: reason=class_check action=maybe_recompile pc=0x00000000028fb210 method=java.lang.String.equals(Ljava/lang/Object;)Z @ 8
Event: 6.494 Thread 0x000000001e58f000 Uncommon trap: reason=class_check action=maybe_recompile pc=0x00000000028fb210 method=java.lang.String.equals(Ljava/lang/Object;)Z @ 8
Event: 6.494 Thread 0x000000001e58f000 Uncommon trap: reason=class_check action=maybe_recompile pc=0x00000000028fb210 method=java.lang.String.equals(Ljava/lang/Object;)Z @ 8
Event: 6.618 Thread 0x000000001e58f000 Uncommon trap: reason=unstable_if action=reinterpret pc=0x0000000002ab7d38 method=java.lang.CharacterData.of(I)Ljava/lang/CharacterData; @ 4
Event: 6.644 Thread 0x000000001e58f000 Uncommon trap: reason=unstable_if action=reinterpret pc=0x0000000002bd737c method=java.lang.Character.isSurrogate(C)Z @ 3
Event: 7.336 Thread 0x000000001e58f000 Uncommon trap: reason=null_check action=make_not_entrant pc=0x0000000002c70128 method=jade.content.onto.Ontology.getSchema(Ljava/lang/String;)Ljade/content/schema/ObjectSchema; @ 39
Event: 7.816 Thread 0x000000001df38800 Uncommon trap: reason=unstable_if action=reinterpret pc=0x0000000002ca5410 method=java.awt.Component.inside(II)Z @ 13
Event: 8.326 Thread 0x000000001e593800 Uncommon trap: reason=unstable_if action=reinterpret pc=0x00000000029c8684 method=java.util.HashMap.getNode(ILjava/lang/Object;)Ljava/util/HashMap$Node; @ 62
Event: 8.326 Thread 0x000000001e593800 Uncommon trap: reason=unstable_if action=reinterpret pc=0x00000000029bf6b8 method=java.util.HashMap.getNode(ILjava/lang/Object;)Ljava/util/HashMap$Node; @ 62
Event: 9.362 Thread 0x000000001df38800 Uncommon trap: reason=unstable_if action=reinterpret pc=0x0000000002dae748 method=java.awt.Container.findComponentAtImpl(IIZ)Ljava/awt/Component; @ 6

Classes redefined (0 events):
No events

Internal exceptions (10 events):
Event: 8.329 Thread 0x000000001e593800 Exception <a 'java/lang/ArrayIndexOutOfBoundsException': 0> (0x000000076b978a20) thrown at [C:\re\workspace\8-2-build-windows-amd64-cygwin\jdk8u202\12323\hotspot\src\share\vm\interpreter\interpreterRuntime.cpp, line 368]
Event: 8.329 Thread 0x000000001e593800 Exception <a 'java/lang/ArrayIndexOutOfBoundsException': 1> (0x000000076b979668) thrown at [C:\re\workspace\8-2-build-windows-amd64-cygwin\jdk8u202\12323\hotspot\src\share\vm\interpreter\interpreterRuntime.cpp, line 368]
Event: 8.329 Thread 0x000000001e593800 Exception <a 'java/lang/ArrayIndexOutOfBoundsException': 2> (0x000000076b97a288) thrown at [C:\re\workspace\8-2-build-windows-amd64-cygwin\jdk8u202\12323\hotspot\src\share\vm\interpreter\interpreterRuntime.cpp, line 368]
Event: 8.329 Thread 0x000000001e593800 Exception <a 'java/lang/ArrayIndexOutOfBoundsException': 3> (0x000000076b97aea8) thrown at [C:\re\workspace\8-2-build-windows-amd64-cygwin\jdk8u202\12323\hotspot\src\share\vm\interpreter\interpreterRuntime.cpp, line 368]
Event: 8.329 Thread 0x000000001e593800 Exception <a 'java/lang/ArrayIndexOutOfBoundsException': 4> (0x000000076b97bab0) thrown at [C:\re\workspace\8-2-build-windows-amd64-cygwin\jdk8u202\12323\hotspot\src\share\vm\interpreter\interpreterRuntime.cpp, line 368]
Event: 8.329 Thread 0x000000001e593800 Exception <a 'java/lang/ArrayIndexOutOfBoundsException': 5> (0x000000076b97c6d0) thrown at [C:\re\workspace\8-2-build-windows-amd64-cygwin\jdk8u202\12323\hotspot\src\share\vm\interpreter\interpreterRuntime.cpp, line 368]
Event: 8.329 Thread 0x000000001e593800 Exception <a 'java/lang/ArrayIndexOutOfBoundsException': 6> (0x000000076b97d2f0) thrown at [C:\re\workspace\8-2-build-windows-amd64-cygwin\jdk8u202\12323\hotspot\src\share\vm\interpreter\interpreterRuntime.cpp, line 368]
Event: 8.329 Thread 0x000000001e593800 Exception <a 'java/lang/ArrayIndexOutOfBoundsException': 0> (0x000000076b97de68) thrown at [C:\re\workspace\8-2-build-windows-amd64-cygwin\jdk8u202\12323\hotspot\src\share\vm\interpreter\interpreterRuntime.cpp, line 368]
Event: 8.329 Thread 0x000000001e593800 Exception <a 'java/lang/ArrayIndexOutOfBoundsException': 7> (0x000000076b97e5d8) thrown at [C:\re\workspace\8-2-build-windows-amd64-cygwin\jdk8u202\12323\hotspot\src\share\vm\interpreter\interpreterRuntime.cpp, line 368]
Event: 8.329 Thread 0x000000001e593800 Exception <a 'java/lang/ArrayIndexOutOfBoundsException': 8> (0x000000076b97f1f8) thrown at [C:\re\workspace\8-2-build-windows-amd64-cygwin\jdk8u202\12323\hotspot\src\share\vm\interpreter\interpreterRuntime.cpp, line 368]

Events (10 events):
Event: 11.412 Executing VM operation: BulkRevokeBias done
Event: 11.697 Thread 0x000000001e598000 Thread exited: 0x000000001e598000
Event: 11.705 Thread 0x000000001e595000 Thread exited: 0x000000001e595000
Event: 14.439 Thread 0x000000001d46a800 flushing nmethod 0x00000000029e5c90
Event: 14.925 Executing VM operation: BulkRevokeBias
Event: 14.925 Executing VM operation: BulkRevokeBias done
Event: 28.764 Executing VM operation: ParallelGCFailedAllocation
Event: 28.765 Executing VM operation: ParallelGCFailedAllocation done
Event: 28.765 Executing VM operation: RevokeBias
Event: 28.765 Executing VM operation: RevokeBias done


Dynamic libraries:
0x00007ff7ab860000 - 0x00007ff7ab897000 	C:\Program Files\Java\jdk1.8.0_202\bin\java.exe
0x00007ffc79e30000 - 0x00007ffc7a01d000 	C:\WINDOWS\SYSTEM32\ntdll.dll
0x00007ffc4eb10000 - 0x00007ffc4eb24000 	C:\Program Files (x86)\AVG\Antivirus\aswhook.dll
0x00007ffc788f0000 - 0x00007ffc789a3000 	C:\WINDOWS\System32\KERNEL32.DLL
0x00007ffc76200000 - 0x00007ffc76493000 	C:\WINDOWS\System32\KERNELBASE.dll
0x00007ffc78cc0000 - 0x00007ffc78d63000 	C:\WINDOWS\System32\ADVAPI32.dll
0x00007ffc799d0000 - 0x00007ffc79a6e000 	C:\WINDOWS\System32\msvcrt.dll
0x00007ffc77130000 - 0x00007ffc771ce000 	C:\WINDOWS\System32\sechost.dll
0x00007ffc78a20000 - 0x00007ffc78b42000 	C:\WINDOWS\System32\RPCRT4.dll
0x00007ffc78d70000 - 0x00007ffc78f07000 	C:\WINDOWS\System32\USER32.dll
0x00007ffc76c60000 - 0x00007ffc76c80000 	C:\WINDOWS\System32\win32u.dll
0x00007ffc786d0000 - 0x00007ffc786f9000 	C:\WINDOWS\System32\GDI32.dll
0x00007ffc76c80000 - 0x00007ffc76e19000 	C:\WINDOWS\System32\gdi32full.dll
0x00007ffc76e20000 - 0x00007ffc76ec0000 	C:\WINDOWS\System32\msvcp_win.dll
0x00007ffc76100000 - 0x00007ffc761fa000 	C:\WINDOWS\System32\ucrtbase.dll
0x00007ffc6b0e0000 - 0x00007ffc6b359000 	C:\WINDOWS\WinSxS\amd64_microsoft.windows.common-controls_6595b64144ccf1df_6.0.17763.802_none_05b1445c0722d2cc\COMCTL32.dll
0x00007ffc795b0000 - 0x00007ffc798dc000 	C:\WINDOWS\System32\combase.dll
0x00007ffc76f20000 - 0x00007ffc76f9e000 	C:\WINDOWS\System32\bcryptPrimitives.dll
0x00007ffc78810000 - 0x00007ffc7883e000 	C:\WINDOWS\System32\IMM32.DLL
0x00000000625d0000 - 0x00000000626a2000 	C:\Program Files\Java\jdk1.8.0_202\jre\bin\msvcr100.dll
0x0000000061d20000 - 0x00000000625c5000 	C:\Program Files\Java\jdk1.8.0_202\jre\bin\server\jvm.dll
0x00007ffc77120000 - 0x00007ffc77128000 	C:\WINDOWS\System32\PSAPI.DLL
0x00007ffc69040000 - 0x00007ffc69049000 	C:\WINDOWS\SYSTEM32\WSOCK32.dll
0x00007ffc798e0000 - 0x00007ffc7994d000 	C:\WINDOWS\System32\WS2_32.dll
0x00007ffc73fa0000 - 0x00007ffc73fc4000 	C:\WINDOWS\SYSTEM32\WINMM.dll
0x00007ffc70d50000 - 0x00007ffc70d5a000 	C:\WINDOWS\SYSTEM32\VERSION.dll
0x00007ffc73f70000 - 0x00007ffc73f9d000 	C:\WINDOWS\SYSTEM32\WINMMBASE.dll
0x00007ffc76c10000 - 0x00007ffc76c5a000 	C:\WINDOWS\System32\cfgmgr32.dll
0x00007ffc56340000 - 0x00007ffc5634f000 	C:\Program Files\Java\jdk1.8.0_202\jre\bin\verify.dll
0x00007ffc43920000 - 0x00007ffc43949000 	C:\Program Files\Java\jdk1.8.0_202\jre\bin\java.dll
0x00007ffc52130000 - 0x00007ffc52153000 	C:\Program Files\Java\jdk1.8.0_202\jre\bin\instrument.dll
0x00007ffc4b840000 - 0x00007ffc4b856000 	C:\Program Files\Java\jdk1.8.0_202\jre\bin\zip.dll
0x00007ffc771d0000 - 0x00007ffc786c4000 	C:\WINDOWS\System32\SHELL32.dll
0x00007ffc79c20000 - 0x00007ffc79cc8000 	C:\WINDOWS\System32\shcore.dll
0x00007ffc764a0000 - 0x00007ffc76bed000 	C:\WINDOWS\System32\windows.storage.dll
0x00007ffc75ea0000 - 0x00007ffc75ec4000 	C:\WINDOWS\System32\profapi.dll
0x00007ffc75e40000 - 0x00007ffc75e9d000 	C:\WINDOWS\System32\powrprof.dll
0x00007ffc79970000 - 0x00007ffc799c2000 	C:\WINDOWS\System32\shlwapi.dll
0x00007ffc75e20000 - 0x00007ffc75e31000 	C:\WINDOWS\System32\kernel.appcore.dll
0x00007ffc76bf0000 - 0x00007ffc76c07000 	C:\WINDOWS\System32\cryptsp.dll
0x00007ffc52110000 - 0x00007ffc5212a000 	C:\Program Files\JetBrains\IntelliJ IDEA Community Edition 2019.2\bin\breakgen64.dll
0x00007ffc44880000 - 0x00007ffc4489a000 	C:\Program Files\Java\jdk1.8.0_202\jre\bin\net.dll
0x00007ffc6a1a0000 - 0x00007ffc6a377000 	C:\WINDOWS\SYSTEM32\urlmon.dll
0x00007ffc6aa00000 - 0x00007ffc6aca8000 	C:\WINDOWS\SYSTEM32\iertutil.dll
0x00007ffc75860000 - 0x00007ffc7586c000 	C:\WINDOWS\SYSTEM32\CRYPTBASE.DLL
0x00007ffc75690000 - 0x00007ffc756f7000 	C:\WINDOWS\system32\mswsock.dll
0x00007ffc2fb30000 - 0x00007ffc2fcc9000 	C:\Program Files\Java\jdk1.8.0_202\jre\bin\awt.dll
0x00007ffc77050000 - 0x00007ffc77114000 	C:\WINDOWS\System32\OLEAUT32.dll
0x00007ffc740d0000 - 0x00007ffc7415c000 	C:\WINDOWS\SYSTEM32\apphelp.dll
0x00007ffc743f0000 - 0x00007ffc7448c000 	C:\WINDOWS\system32\uxtheme.dll
0x00007ffc78b50000 - 0x00007ffc78cbb000 	C:\WINDOWS\System32\MSCTF.dll
0x00007ffc746d0000 - 0x00007ffc746fe000 	C:\WINDOWS\system32\dwmapi.dll
0x00007ffc75ef0000 - 0x00007ffc760cb000 	C:\WINDOWS\System32\CRYPT32.dll
0x00007ffc75ed0000 - 0x00007ffc75ee2000 	C:\WINDOWS\System32\MSASN1.dll
0x00007ffc78f10000 - 0x00007ffc79065000 	C:\WINDOWS\System32\ole32.dll
0x00007ffc36a10000 - 0x00007ffc36b37000 	C:\WINDOWS\system32\opengl32.dll
0x00007ffc444e0000 - 0x00007ffc4450c000 	C:\WINDOWS\SYSTEM32\GLU32.dll
0x00007ffc6a860000 - 0x00007ffc6a9fe000 	C:\WINDOWS\system32\d3d9.dll
0x00007ffc70e10000 - 0x00007ffc70efe000 	C:\WINDOWS\System32\DriverStore\FileRepository\nv_dispi.inf_amd64_827405c7c65146ab\nvldumdx.dll
0x00007ffc76ec0000 - 0x00007ffc76f19000 	C:\WINDOWS\System32\WINTRUST.DLL
0x00007ffc79950000 - 0x00007ffc7996d000 	C:\WINDOWS\System32\imagehlp.dll
0x00007ffc75210000 - 0x00007ffc75243000 	C:\WINDOWS\system32\rsaenh.dll
0x00007ffc760d0000 - 0x00007ffc760f6000 	C:\WINDOWS\System32\bcrypt.dll
0x00007ffc1c050000 - 0x00007ffc1d519000 	C:\WINDOWS\System32\DriverStore\FileRepository\nv_dispi.inf_amd64_827405c7c65146ab\nvd3dumx.dll
0x00007ffc753b0000 - 0x00007ffc753ed000 	C:\WINDOWS\SYSTEM32\IPHLPAPI.DLL
0x00007ffc78780000 - 0x00007ffc78788000 	C:\WINDOWS\System32\NSI.dll
0x00007ffc701e0000 - 0x00007ffc701f6000 	C:\WINDOWS\SYSTEM32\dhcpcsvc6.DLL
0x00007ffc701c0000 - 0x00007ffc701dc000 	C:\WINDOWS\SYSTEM32\dhcpcsvc.DLL
0x00007ffc753f0000 - 0x00007ffc754b6000 	C:\WINDOWS\SYSTEM32\DNSAPI.dll
0x00007ffc37200000 - 0x00007ffc374c1000 	C:\WINDOWS\system32\nvspcap64.dll
0x00007ffc74e70000 - 0x00007ffc74ea1000 	C:\WINDOWS\SYSTEM32\ntmarta.dll
0x00007ffc74ab0000 - 0x00007ffc74ad2000 	C:\WINDOWS\SYSTEM32\gpapi.dll
0x00007ffc6bf60000 - 0x00007ffc6bf8f000 	C:\WINDOWS\SYSTEM32\cryptnet.dll
0x00007ffc6cba0000 - 0x00007ffc6cbaa000 	C:\Windows\System32\rasadhlp.dll
0x00007ffc6b8a0000 - 0x00007ffc6b919000 	C:\WINDOWS\System32\fwpuclnt.dll
0x00007ffc3d030000 - 0x00007ffc3d077000 	C:\Program Files\Java\jdk1.8.0_202\jre\bin\fontmanager.dll
0x00007ffc2f4e0000 - 0x00007ffc2f579000 	C:\WINDOWS\system32\RICHED20.DLL
0x00007ffc5cb00000 - 0x00007ffc5cb19000 	C:\WINDOWS\SYSTEM32\USP10.dll
0x00007ffc50130000 - 0x00007ffc50169000 	C:\WINDOWS\SYSTEM32\msls31.dll
0x00007ffc78840000 - 0x00007ffc788e2000 	C:\WINDOWS\System32\clbcatq.dll
0x00007ffc53390000 - 0x00007ffc533e6000 	C:\WINDOWS\system32\dataexchange.dll
0x00007ffc72f20000 - 0x00007ffc7319e000 	C:\WINDOWS\system32\d3d11.dll
0x00007ffc73820000 - 0x00007ffc739e3000 	C:\WINDOWS\system32\dcomp.dll
0x00007ffc74c00000 - 0x00007ffc74cc2000 	C:\WINDOWS\system32\dxgi.dll
0x00007ffc744c0000 - 0x00007ffc746cd000 	C:\WINDOWS\system32\twinapi.appcore.dll
0x00007ffc74700000 - 0x00007ffc74728000 	C:\WINDOWS\system32\RMCLIENT.dll
0x00007ffc44780000 - 0x00007ffc44792000 	C:\Program Files\Java\jdk1.8.0_202\jre\bin\nio.dll
0x00007ffc3cfe0000 - 0x00007ffc3d022000 	C:\Program Files\Java\jdk1.8.0_202\jre\bin\t2k.dll
0x00007ffc5c320000 - 0x00007ffc5c3b5000 	C:\WINDOWS\System32\TextInputFramework.dll
0x00007ffc716a0000 - 0x00007ffc719c2000 	C:\WINDOWS\System32\CoreUIComponents.dll
0x00007ffc73d50000 - 0x00007ffc73e32000 	C:\WINDOWS\System32\CoreMessaging.dll
0x00007ffc71540000 - 0x00007ffc71693000 	C:\WINDOWS\SYSTEM32\wintypes.dll
0x00007ffc5d310000 - 0x00007ffc5d326000 	C:\WINDOWS\system32\napinsp.dll
0x00007ffc5d2f0000 - 0x00007ffc5d30a000 	C:\WINDOWS\system32\pnrpnsp.dll
0x00007ffc5d250000 - 0x00007ffc5d25e000 	C:\WINDOWS\System32\winrnr.dll
0x00007ffc72500000 - 0x00007ffc7251b000 	C:\WINDOWS\system32\NLAapi.dll
0x00007ffc5d230000 - 0x00007ffc5d245000 	C:\WINDOWS\system32\wshbth.dll
0x00007ffbfc0a0000 - 0x00007ffbfd2aa000 	S:\Documents\Intelligent_Systems\jniortools.dll
0x00007ffc63a80000 - 0x00007ffc63b1b000 	C:\WINDOWS\SYSTEM32\MSVCP140.dll
0x00007ffc6c3d0000 - 0x00007ffc6c5bd000 	C:\WINDOWS\SYSTEM32\dbghelp.dll
0x00007ffc63940000 - 0x00007ffc63955000 	C:\WINDOWS\SYSTEM32\VCRUNTIME140.dll
0x00007ffc71ae0000 - 0x00007ffc71c98000 	C:\WINDOWS\SYSTEM32\WindowsCodecs.dll
0x00007ffc3cd00000 - 0x00007ffc3cd31000 	C:\Program Files\Java\jdk1.8.0_202\jre\bin\jpeg.dll

VM Arguments:
jvm_args: -Djava.library.path=S:\Documents\Intelligent_Systems -javaagent:C:\Program Files\JetBrains\IntelliJ IDEA Community Edition 2019.2\lib\idea_rt.jar=60903:C:\Program Files\JetBrains\IntelliJ IDEA Community Edition 2019.2\bin -Dfile.encoding=UTF-8 
java_command: main.Main
java_class_path (initial): C:\Program Files\Java\jdk1.8.0_202\jre\lib\charsets.jar;C:\Program Files\Java\jdk1.8.0_202\jre\lib\deploy.jar;C:\Program Files\Java\jdk1.8.0_202\jre\lib\ext\access-bridge-64.jar;C:\Program Files\Java\jdk1.8.0_202\jre\lib\ext\cldrdata.jar;C:\Program Files\Java\jdk1.8.0_202\jre\lib\ext\dnsns.jar;C:\Program Files\Java\jdk1.8.0_202\jre\lib\ext\jaccess.jar;C:\Program Files\Java\jdk1.8.0_202\jre\lib\ext\jfxrt.jar;C:\Program Files\Java\jdk1.8.0_202\jre\lib\ext\localedata.jar;C:\Program Files\Java\jdk1.8.0_202\jre\lib\ext\nashorn.jar;C:\Program Files\Java\jdk1.8.0_202\jre\lib\ext\sunec.jar;C:\Program Files\Java\jdk1.8.0_202\jre\lib\ext\sunjce_provider.jar;C:\Program Files\Java\jdk1.8.0_202\jre\lib\ext\sunmscapi.jar;C:\Program Files\Java\jdk1.8.0_202\jre\lib\ext\sunpkcs11.jar;C:\Program Files\Java\jdk1.8.0_202\jre\lib\ext\zipfs.jar;C:\Program Files\Java\jdk1.8.0_202\jre\lib\javaws.jar;C:\Program Files\Java\jdk1.8.0_202\jre\lib\jce.jar;C:\Program Files\Java\jdk1.8.0_202\jre\lib\jfr.jar;C:\Program Files\Java\jdk1.8.0_202\jre\lib\jfxswt.jar;C:\Program Files\Java\jdk1.8.0_202\jre\lib\jsse.jar;C:\Program Files\Java\jdk1.8.0_202\jre\lib\management-agent.jar;C:\Program Files\Java\jdk1.8.0_202\jre\lib\plugin.jar;C:\Program Files\Java\jdk1.8.0_202\jre\lib\resources.jar;C:\Program Files\Java\jdk1.8.0_202\jre\lib\rt.jar;S:\Documents\Intelligent_Systems\Vehicle_Routing_COS30018\out\production\Vehicle_Routing_COS30018;S:\Documents\Intelligent_Systems\com.google.ortools.jar;S:\Documents\Intelligent_Systems\protobuf.jar;S:\Documents\JAVA_LIBRARIES\choco-solver-2.1.2.jar;S:\Documents\JAVA_LIBRARIES\choco-solver-4.10.1.jar;S:\Documents\JAVA_LIBRARIES\mysql-connector-java-5.1.18-bin.jar;S:\Documents\JADE\lib\jade.jar;C:\Program Files\JetBrains\IntelliJ IDEA Community Edition 2019.2\lib\idea_rt.jar
Launcher Type: SUN_STANDARD

Environment Variables:
CLASSPATH=S:\Documents\JADE\lib\jade.jar;S:\Documents\JADE\lib\jadeTools.jar;S:\Documents\JADE\lib\commons-codec\commons-codec-1.3.jar
PATH=C:\Program Files (x86)\Common Files\Oracle\Java\javapath;C:\Program Files\Java\jdk-11.0.2;C:\Program Files (x86)\Intel\Intel(R) Management Engine Components\iCLS\;C:\Program Files\Intel\Intel(R) Management Engine Components\iCLS\;C:\WINDOWS\system32;C:\WINDOWS;C:\WINDOWS\System32\Wbem;C:\WINDOWS\System32\WindowsPowerShell\v1.0\;C:\WINDOWS\System32\OpenSSH\;C:\Program Files (x86)\Intel\Intel(R) Management Engine Components\DAL;C:\Program Files\Intel\Intel(R) Management Engine Components\DAL;C:\Program Files (x86)\Intel\Intel(R) Management Engine Components\IPT;C:\Program Files\Intel\Intel(R) Management Engine Components\IPT;C:\Program Files\NVIDIA Corporation\NVIDIA NvDLISR;C:\Program Files\Git\cmd;C:\Program Files\Microsoft VS Code\bin;C:\Program Files\nodejs\;C:\Program Files\dotnet\;C:\Program Files (x86)\Bitvise SSH Client;C:\Program Files\PuTTY\;C:\Program Files (x86)\NVIDIA Corporation\PhysX\Common;C:\WINDOWS\system32;C:\WINDOWS;C:\WINDOWS\System32\Wbem;C:\WINDOWS\System32\WindowsPowerShell\v1.0\;C:\WINDOWS\System32\OpenSSH\;C:\Program Files\Java\jre1.8.0_201\;C:\Users\KeesTim\AppData\Local\Microsoft\WindowsApps;C:\Users\KeesTim\AppData\Local\atom\bin;C:\Users\KeesTim\AppData\Roaming\npm;C:\Users\KeesTim\AppData\Local\Microsoft\WindowsApps;C:\Program Files\JetBrains\IntelliJ IDEA Community Edition 2019.2\bin;;C:\Program Files\Java\jdk1.8.0_202\bin;C:\Users\KeesTim\AppData\Local\Programs\Python\Python37;C:\Users\KeesTim\AppData\Local\Programs\Python\Python37\Scripts;
USERNAME=KeesTim
OS=Windows_NT
PROCESSOR_IDENTIFIER=Intel64 Family 6 Model 94 Stepping 3, GenuineIntel



---------------  S Y S T E M  ---------------

OS: Windows 10.0 , 64 bit Build 17763 (10.0.17763.475)

CPU:total 4 (initial active 4) (4 cores per cpu, 1 threads per core) family 6 model 94 stepping 3, cmov, cx8, fxsr, mmx, sse, sse2, sse3, ssse3, sse4.1, sse4.2, popcnt, avx, avx2, aes, clmul, erms, rtm, 3dnowpref, lzcnt, tsc, tscinvbit, bmi1, bmi2, adx

Memory: 4k page, physical 16729544k(6660488k free), swap 28263880k(10324888k free)

vm_info: Java HotSpot(TM) 64-Bit Server VM (25.202-b08) for windows-amd64 JRE (1.8.0_202-b08), built on Dec 15 2018 19:54:30 by "java_re" with MS VC++ 10.0 (VS2010)

time: Mon Oct 21 22:28:18 2019
timezone: AUS Eastern Daylight Time
elapsed time: 28 seconds (0d 0h 0m 28s)

