#
# A fatal error has been detected by the Java Runtime Environment:
#
#  EXCEPTION_ACCESS_VIOLATION (0xc0000005) at pc=0x00000000564beded, pid=3220, tid=0x0000000000003cd4
#
# JRE version: Java(TM) SE Runtime Environment (8.0_201-b09) (build 1.8.0_201-b09)
# Java VM: Java HotSpot(TM) 64-Bit Server VM (25.201-b09 mixed mode windows-amd64 compressed oops)
# Problematic frame:
# V  [jvm.dll+0x13eded]
#
# Failed to write core dump. Minidumps are not enabled by default on client versions of Windows
#
# If you would like to submit a bug report, please visit:
#   http://bugreport.java.com/bugreport/crash.jsp
# The crash happened outside the Java Virtual Machine in native code.
# See problematic frame for where to report the bug.
#

---------------  T H R E A D  ---------------

Current thread (0x0000000019b11000):  JavaThread "Finalizer" daemon [_thread_in_native, id=15572, stack(0x0000000019ff0000,0x000000001a0f0000)]

siginfo: ExceptionCode=0xc0000005, writing address 0x0000000000000270

Registers:
RAX=0x000000000000dead, RBX=0x0000000000000000, RCX=0x000000001ae43800, RDX=0x000000001ace9148
RSP=0x000000001a0eec70, RBP=0x0000000000000000, RSI=0x000000001ea26e70, RDI=0x000000001ace9148
R8 =0x0000000000ff1200, R9 =0x0000000000008000, R10=0x00000000ffffffff, R11=0x000000001a0eec40
R12=0x0000000000000000, R13=0x0000000000000000, R14=0x0000000000000000, R15=0x00000000011084e8
RIP=0x00000000564beded, EFLAGS=0x0000000000010246

Top of Stack: (sp=0x000000001a0eec70)
0x000000001a0eec70:   0000000001080000 000000001e9f9b30
0x000000001a0eec80:   0000000000000000 0000000000000000
0x000000001a0eec90:   00000000ffffffff 00007ffd64d787ce
0x000000001a0eeca0:   000000001e9eeb50 000000001ea26e70
0x000000001a0eecb0:   0000000000000000 0000000000000000
0x000000001a0eecc0:   fffffffffffffffe 00000000011083e0
0x000000001a0eecd0:   0000000000000000 00007ffd64d76bed
0x000000001a0eece0:   0000000000000000 00007ffd65af34b0
0x000000001a0eecf0:   00000000011084e8 00000000011083e0
0x000000001a0eed00:   000000001ea26ef0 00007ffd6505c6d5
0x000000001a0eed10:   000000001ea26e70 0000000000000000
0x000000001a0eed20:   0000000001108bb0 0000000019b11b00
0x000000001a0eed30:   00007ffd65af34b0 00007ffd650604b8
0x000000001a0eed40:   000000001a0eedc9 00000000011083e0
0x000000001a0eed50:   0000000001108c00 000000001a0eedc9
0x000000001a0eed60:   00007ffd65af34b0 0000000000000000 

Instructions: (pc=0x00000000564beded)
0x00000000564bedcd:   8b fa 3d ab de 00 00 74 17 8b 83 88 02 00 00 3d
0x00000000564beddd:   ac de 00 00 74 0a 48 8b cb e8 c5 03 10 00 33 db
0x00000000564beded:   c7 83 70 02 00 00 05 00 00 00 83 3d ca 78 6d 00
0x00000000564bedfd:   01 75 09 80 3d 3c 6b 6d 00 00 74 18 80 3d 34 6b 


Register to memory mapping:

RAX=0x000000000000dead is an unknown value
RBX=0x0000000000000000 is an unknown value
RCX=0x000000001ae43800 is an unknown value
RDX=0x000000001ace9148 is a global jni handle
RSP=0x000000001a0eec70 is pointing into the stack for thread: 0x0000000019b11000
RBP=0x0000000000000000 is an unknown value
RSI=0x000000001ea26e70 is an unknown value
RDI=0x000000001ace9148 is a global jni handle
R8 =0x0000000000ff1200 is an unknown value
R9 =0x0000000000008000 is an unknown value
R10=0x00000000ffffffff is an unallocated location in the heap
R11=0x000000001a0eec40 is pointing into the stack for thread: 0x0000000019b11000
R12=0x0000000000000000 is an unknown value
R13=0x0000000000000000 is an unknown value
R14=0x0000000000000000 is an unknown value
R15=0x00000000011084e8 is an unknown value


Stack: [0x0000000019ff0000,0x000000001a0f0000],  sp=0x000000001a0eec70,  free space=1019k
Native frames: (J=compiled Java code, j=interpreted, Vv=VM code, C=native code)

Java frames: (J=compiled Java code, j=interpreted, Vv=VM code)
j  com.google.ortools.constraintsolver.mainJNI.delete_RoutingModel(J)V+0
j  com.google.ortools.constraintsolver.RoutingModel.delete()V+25
j  com.google.ortools.constraintsolver.RoutingModel.finalize()V+1
J 1186 C1 java.lang.ref.Finalizer.runFinalizer(Lsun/misc/JavaLangAccess;)V (62 bytes) @ 0x0000000002f42acc [0x0000000002f42540+0x58c]
J 1185 C1 java.lang.ref.Finalizer.access$100(Ljava/lang/ref/Finalizer;Lsun/misc/JavaLangAccess;)V (6 bytes) @ 0x0000000002f28cdc [0x0000000002f28c80+0x5c]
j  java.lang.ref.Finalizer$FinalizerThread.run()V+45
v  ~StubRoutines::call_stub

---------------  P R O C E S S  ---------------

Java Threads: ( => current thread )
  0x000000001ae40800 JavaThread "MasterRouteAgent" [_thread_blocked, id=16844, stack(0x000000001eb10000,0x000000001ec10000)]
  0x000000001ae45800 JavaThread "Delivery_Agent0" [_thread_blocked, id=16156, stack(0x000000001e810000,0x000000001e910000)]
  0x000000001ae3f800 JavaThread "DBAgent" [_thread_blocked, id=32, stack(0x000000001e710000,0x000000001e810000)]
  0x000000001ae3e000 JavaThread "rma" [_thread_blocked, id=10148, stack(0x000000001e610000,0x000000001e710000)]
  0x000000001ae45000 JavaThread "df" [_thread_blocked, id=20540, stack(0x000000001e510000,0x000000001e610000)]
  0x000000001ae42000 JavaThread "ams" [_thread_blocked, id=3296, stack(0x000000001e410000,0x000000001e510000)]
  0x000000001ac58800 JavaThread "Thread-14" [_thread_in_native, id=2628, stack(0x000000001e310000,0x000000001e410000)]
  0x000000001ac5c000 JavaThread "Deliverer-04" [_thread_blocked, id=10980, stack(0x000000001e210000,0x000000001e310000)]
  0x000000001ac5b800 JavaThread "Deliverer-03" [_thread_blocked, id=14500, stack(0x000000001e110000,0x000000001e210000)]
  0x000000001ac5d800 JavaThread "Deliverer-02" [_thread_blocked, id=22496, stack(0x000000001e010000,0x000000001e110000)]
  0x000000001ac5d000 JavaThread "Deliverer-01" [_thread_blocked, id=22176, stack(0x000000001df10000,0x000000001e010000)]
  0x000000001ac5a000 JavaThread "Deliverer-00" [_thread_blocked, id=11600, stack(0x000000001de10000,0x000000001df10000)]
  0x000000001ac59000 JavaThread "Thread-8" [_thread_in_native, id=14796, stack(0x000000001dd10000,0x000000001de10000)]
  0x000000001ac5f000 JavaThread "Thread-7" [_thread_blocked, id=19424, stack(0x000000001dc10000,0x000000001dd10000)]
  0x000000001ac5e800 JavaThread "JICPServer-8888" daemon [_thread_in_native, id=8060, stack(0x000000001db10000,0x000000001dc10000)]
  0x000000001ac5a800 JavaThread "JADE Timer dispatcher" [_thread_blocked, id=6336, stack(0x000000001da10000,0x000000001db10000)]
  0x000000001afa0800 JavaThread "TimerQueue" daemon [_thread_blocked, id=7356, stack(0x000000001d910000,0x000000001da10000)]
  0x000000001aea6000 JavaThread "Thread-2" [_thread_blocked, id=20912, stack(0x000000001c020000,0x000000001c120000)]
  0x000000001ae78000 JavaThread "MySQL Statement Cancellation Timer" daemon [_thread_blocked, id=11772, stack(0x000000001b9e0000,0x000000001bae0000)]
  0x0000000002cb3800 JavaThread "DestroyJavaVM" [_thread_blocked, id=20080, stack(0x0000000002a70000,0x0000000002b70000)]
  0x000000001acf6000 JavaThread "AWT-EventQueue-0" [_thread_blocked, id=6040, stack(0x000000001b8e0000,0x000000001b9e0000)]
  0x000000001ace9800 JavaThread "AWT-Windows" daemon [_thread_in_native, id=14892, stack(0x000000001b640000,0x000000001b740000)]
  0x000000001acda800 JavaThread "AWT-Shutdown" [_thread_blocked, id=3840, stack(0x000000001b540000,0x000000001b640000)]
  0x000000001acd9800 JavaThread "Java2D Disposer" daemon [_thread_blocked, id=4200, stack(0x000000001b440000,0x000000001b540000)]
  0x0000000019c68000 JavaThread "Service Thread" daemon [_thread_blocked, id=20208, stack(0x000000001a900000,0x000000001aa00000)]
  0x0000000019bb1800 JavaThread "C1 CompilerThread3" daemon [_thread_blocked, id=15996, stack(0x000000001a800000,0x000000001a900000)]
  0x0000000019bb0800 JavaThread "C2 CompilerThread2" daemon [_thread_blocked, id=17424, stack(0x000000001a700000,0x000000001a800000)]
  0x0000000019ba2800 JavaThread "C2 CompilerThread1" daemon [_thread_blocked, id=7400, stack(0x000000001a600000,0x000000001a700000)]
  0x0000000019b9e000 JavaThread "C2 CompilerThread0" daemon [_thread_blocked, id=4784, stack(0x000000001a500000,0x000000001a600000)]
  0x0000000019b91800 JavaThread "Monitor Ctrl-Break" daemon [_thread_in_native, id=6092, stack(0x000000001a400000,0x000000001a500000)]
  0x0000000019b22800 JavaThread "Attach Listener" daemon [_thread_blocked, id=18556, stack(0x000000001a2f0000,0x000000001a3f0000)]
  0x0000000019b21800 JavaThread "Signal Dispatcher" daemon [_thread_blocked, id=14368, stack(0x000000001a1f0000,0x000000001a2f0000)]
=>0x0000000019b11000 JavaThread "Finalizer" daemon [_thread_in_native, id=15572, stack(0x0000000019ff0000,0x000000001a0f0000)]
  0x0000000019b10800 JavaThread "Reference Handler" daemon [_thread_blocked, id=22180, stack(0x0000000019ef0000,0x0000000019ff0000)]

Other Threads:
  0x0000000017d29800 VMThread [stack: 0x00000000199f0000,0x0000000019af0000] [id=8360]
  0x0000000019ce0800 WatcherThread [stack: 0x000000001aa00000,0x000000001ab00000] [id=15088]

VM state:not at safepoint (normal execution)

VM Mutex/Monitor currently owned by a thread: None

heap address: 0x0000000081c00000, size: 2020 MB, Compressed Oops mode: 32-bit
Narrow klass base: 0x0000000000000000, Narrow klass shift: 3
Compressed class space size: 1073741824 Address: 0x0000000100000000

Heap:
 PSYoungGen      total 37888K, used 5625K [0x00000000d5f00000, 0x00000000d9100000, 0x0000000100000000)
  eden space 32768K, 14% used [0x00000000d5f00000,0x00000000d63a87e8,0x00000000d7f00000)
  from space 5120K, 16% used [0x00000000d7f80000,0x00000000d8056000,0x00000000d8480000)
  to   space 9216K, 0% used [0x00000000d8800000,0x00000000d8800000,0x00000000d9100000)
 ParOldGen       total 60416K, used 11626K [0x0000000081c00000, 0x0000000085700000, 0x00000000d5f00000)
  object space 60416K, 19% used [0x0000000081c00000,0x000000008275a910,0x0000000085700000)
 Metaspace       used 22093K, capacity 22402K, committed 22656K, reserved 1069056K
  class space    used 2755K, capacity 2876K, committed 2944K, reserved 1048576K

Card table byte_map: [0x0000000012170000,0x0000000012570000] byte_map_base: 0x0000000011d62000

Marking Bits: (ParMarkBitMap*) 0x0000000056ba4ce0
 Begin Bits: [0x0000000013020000, 0x0000000014fb0000)
 End Bits:   [0x0000000014fb0000, 0x0000000016f40000)

Polling page: 0x0000000001330000

CodeCache: size=245760Kb used=5959Kb max_used=5970Kb free=239800Kb
 bounds [0x0000000002db0000, 0x0000000003390000, 0x0000000011db0000]
 total_blobs=2464 nmethods=1786 adapters=589
 compilation: enabled

Compilation events (10 events):
Event: 46.653 Thread 0x0000000019bb1800 nmethod 1923 0x0000000003383510 code [0x00000000033836a0, 0x0000000003383b78]
Event: 46.673 Thread 0x0000000019bb1800 1924       1       java.util.concurrent.locks.AbstractOwnableSynchronizer::setExclusiveOwnerThread (6 bytes)
Event: 46.674 Thread 0x0000000019bb1800 nmethod 1924 0x000000000337c850 code [0x000000000337c9a0, 0x000000000337cad0]
Event: 46.689 Thread 0x0000000019bb1800 1925       3       java.awt.EventQueue::coalesceMouseEvent (44 bytes)
Event: 46.690 Thread 0x0000000019bb1800 nmethod 1925 0x0000000003383d10 code [0x0000000003383ea0, 0x00000000033842e8]
Event: 46.789 Thread 0x0000000019bb1800 1927       3       sun.reflect.UnsafeBooleanFieldAccessorImpl::setBoolean (30 bytes)
Event: 46.790 Thread 0x0000000019bb1800 nmethod 1927 0x0000000003384b90 code [0x0000000003384da0, 0x0000000003385c58]
Event: 47.016 Thread 0x0000000019bb1800 1929       3       java.lang.String::<init> (38 bytes)
Event: 47.016 Thread 0x0000000019bb0800 1930       4       sun.util.logging.PlatformLogger::isLoggable (38 bytes)
Event: 47.020 Thread 0x0000000019bb1800 nmethod 1929 0x0000000003386290 code [0x0000000003386420, 0x0000000003386768]

GC Heap History (10 events):
Event: 18.954 GC heap before
{Heap before GC invocations=2 (full 0):
 PSYoungGen      total 38400K, used 33171K [0x00000000d5f00000, 0x00000000d8980000, 0x0000000100000000)
  eden space 33280K, 88% used [0x00000000d5f00000,0x00000000d7be26f8,0x00000000d7f80000)
  from space 5120K, 70% used [0x00000000d7f80000,0x00000000d83025e8,0x00000000d8480000)
  to   space 5120K, 0% used [0x00000000d8480000,0x00000000d8480000,0x00000000d8980000)
 ParOldGen       total 87552K, used 14769K [0x0000000081c00000, 0x0000000087180000, 0x00000000d5f00000)
  object space 87552K, 16% used [0x0000000081c00000,0x0000000082a6c7d0,0x0000000087180000)
 Metaspace       used 13448K, capacity 13620K, committed 13824K, reserved 1060864K
  class space    used 1653K, capacity 1741K, committed 1792K, reserved 1048576K
Event: 18.962 GC heap after
Heap after GC invocations=2 (full 0):
 PSYoungGen      total 38400K, used 3056K [0x00000000d5f00000, 0x00000000d8980000, 0x0000000100000000)
  eden space 33280K, 0% used [0x00000000d5f00000,0x00000000d5f00000,0x00000000d7f80000)
  from space 5120K, 59% used [0x00000000d8480000,0x00000000d877c090,0x00000000d8980000)
  to   space 5120K, 0% used [0x00000000d7f80000,0x00000000d7f80000,0x00000000d8480000)
 ParOldGen       total 87552K, used 14777K [0x0000000081c00000, 0x0000000087180000, 0x00000000d5f00000)
  object space 87552K, 16% used [0x0000000081c00000,0x0000000082a6e7d0,0x0000000087180000)
 Metaspace       used 13448K, capacity 13620K, committed 13824K, reserved 1060864K
  class space    used 1653K, capacity 1741K, committed 1792K, reserved 1048576K
}
Event: 28.988 GC heap before
{Heap before GC invocations=3 (full 0):
 PSYoungGen      total 38400K, used 34146K [0x00000000d5f00000, 0x00000000d8980000, 0x0000000100000000)
  eden space 33280K, 93% used [0x00000000d5f00000,0x00000000d7d5c860,0x00000000d7f80000)
  from space 5120K, 59% used [0x00000000d8480000,0x00000000d877c090,0x00000000d8980000)
  to   space 5120K, 0% used [0x00000000d7f80000,0x00000000d7f80000,0x00000000d8480000)
 ParOldGen       total 87552K, used 14777K [0x0000000081c00000, 0x0000000087180000, 0x00000000d5f00000)
  object space 87552K, 16% used [0x0000000081c00000,0x0000000082a6e7d0,0x0000000087180000)
 Metaspace       used 18629K, capacity 18904K, committed 19200K, reserved 1067008K
  class space    used 2354K, capacity 2451K, committed 2560K, reserved 1048576K
Event: 29.000 GC heap after
Heap after GC invocations=3 (full 0):
 PSYoungGen      total 38400K, used 5104K [0x00000000d5f00000, 0x00000000d8980000, 0x0000000100000000)
  eden space 33280K, 0% used [0x00000000d5f00000,0x00000000d5f00000,0x00000000d7f80000)
  from space 5120K, 99% used [0x00000000d7f80000,0x00000000d847c1a8,0x00000000d8480000)
  to   space 5120K, 0% used [0x00000000d8480000,0x00000000d8480000,0x00000000d8980000)
 ParOldGen       total 87552K, used 16442K [0x0000000081c00000, 0x0000000087180000, 0x00000000d5f00000)
  object space 87552K, 18% used [0x0000000081c00000,0x0000000082c0e9d0,0x0000000087180000)
 Metaspace       used 18629K, capacity 18904K, committed 19200K, reserved 1067008K
  class space    used 2354K, capacity 2451K, committed 2560K, reserved 1048576K
}
Event: 31.039 GC heap before
{Heap before GC invocations=4 (full 0):
 PSYoungGen      total 38400K, used 36545K [0x00000000d5f00000, 0x00000000d8980000, 0x0000000100000000)
  eden space 33280K, 94% used [0x00000000d5f00000,0x00000000d7db43e0,0x00000000d7f80000)
  from space 5120K, 99% used [0x00000000d7f80000,0x00000000d847c1a8,0x00000000d8480000)
  to   space 5120K, 0% used [0x00000000d8480000,0x00000000d8480000,0x00000000d8980000)
 ParOldGen       total 87552K, used 16442K [0x0000000081c00000, 0x0000000087180000, 0x00000000d5f00000)
  object space 87552K, 18% used [0x0000000081c00000,0x0000000082c0e9d0,0x0000000087180000)
 Metaspace       used 20764K, capacity 21034K, committed 21248K, reserved 1067008K
  class space    used 2647K, capacity 2740K, committed 2816K, reserved 1048576K
Event: 31.056 GC heap after
Heap after GC invocations=4 (full 0):
 PSYoungGen      total 38400K, used 5108K [0x00000000d5f00000, 0x00000000d8980000, 0x0000000100000000)
  eden space 33280K, 0% used [0x00000000d5f00000,0x00000000d5f00000,0x00000000d7f80000)
  from space 5120K, 99% used [0x00000000d8480000,0x00000000d897d170,0x00000000d8980000)
  to   space 5120K, 0% used [0x00000000d7f80000,0x00000000d7f80000,0x00000000d8480000)
 ParOldGen       total 87552K, used 18159K [0x0000000081c00000, 0x0000000087180000, 0x00000000d5f00000)
  object space 87552K, 20% used [0x0000000081c00000,0x0000000082dbbd98,0x0000000087180000)
 Metaspace       used 20764K, capacity 21034K, committed 21248K, reserved 1067008K
  class space    used 2647K, capacity 2740K, committed 2816K, reserved 1048576K
}
Event: 31.056 GC heap before
{Heap before GC invocations=5 (full 1):
 PSYoungGen      total 38400K, used 5108K [0x00000000d5f00000, 0x00000000d8980000, 0x0000000100000000)
  eden space 33280K, 0% used [0x00000000d5f00000,0x00000000d5f00000,0x00000000d7f80000)
  from space 5120K, 99% used [0x00000000d8480000,0x00000000d897d170,0x00000000d8980000)
  to   space 5120K, 0% used [0x00000000d7f80000,0x00000000d7f80000,0x00000000d8480000)
 ParOldGen       total 87552K, used 18159K [0x0000000081c00000, 0x0000000087180000, 0x00000000d5f00000)
  object space 87552K, 20% used [0x0000000081c00000,0x0000000082dbbd98,0x0000000087180000)
 Metaspace       used 20764K, capacity 21034K, committed 21248K, reserved 1067008K
  class space    used 2647K, capacity 2740K, committed 2816K, reserved 1048576K
Event: 31.149 GC heap after
Heap after GC invocations=5 (full 1):
 PSYoungGen      total 38400K, used 0K [0x00000000d5f00000, 0x00000000d8980000, 0x0000000100000000)
  eden space 33280K, 0% used [0x00000000d5f00000,0x00000000d5f00000,0x00000000d7f80000)
  from space 5120K, 0% used [0x00000000d8480000,0x00000000d8480000,0x00000000d8980000)
  to   space 5120K, 0% used [0x00000000d7f80000,0x00000000d7f80000,0x00000000d8480000)
 ParOldGen       total 60416K, used 11618K [0x0000000081c00000, 0x0000000085700000, 0x00000000d5f00000)
  object space 60416K, 19% used [0x0000000081c00000,0x0000000082758910,0x0000000085700000)
 Metaspace       used 20764K, capacity 21034K, committed 21248K, reserved 1067008K
  class space    used 2647K, capacity 2740K, committed 2816K, reserved 1048576K
}
Event: 47.017 GC heap before
{Heap before GC invocations=6 (full 1):
 PSYoungGen      total 38400K, used 32222K [0x00000000d5f00000, 0x00000000d8980000, 0x0000000100000000)
  eden space 33280K, 96% used [0x00000000d5f00000,0x00000000d7e77800,0x00000000d7f80000)
  from space 5120K, 0% used [0x00000000d8480000,0x00000000d8480000,0x00000000d8980000)
  to   space 5120K, 0% used [0x00000000d7f80000,0x00000000d7f80000,0x00000000d8480000)
 ParOldGen       total 60416K, used 11618K [0x0000000081c00000, 0x0000000085700000, 0x00000000d5f00000)
  object space 60416K, 19% used [0x0000000081c00000,0x0000000082758910,0x0000000085700000)
 Metaspace       used 22093K, capacity 22402K, committed 22656K, reserved 1069056K
  class space    used 2755K, capacity 2876K, committed 2944K, reserved 1048576K
Event: 47.019 GC heap after
Heap after GC invocations=6 (full 1):
 PSYoungGen      total 37888K, used 856K [0x00000000d5f00000, 0x00000000d9100000, 0x0000000100000000)
  eden space 32768K, 0% used [0x00000000d5f00000,0x00000000d5f00000,0x00000000d7f00000)
  from space 5120K, 16% used [0x00000000d7f80000,0x00000000d8056000,0x00000000d8480000)
  to   space 9216K, 0% used [0x00000000d8800000,0x00000000d8800000,0x00000000d9100000)
 ParOldGen       total 60416K, used 11626K [0x0000000081c00000, 0x0000000085700000, 0x00000000d5f00000)
  object space 60416K, 19% used [0x0000000081c00000,0x000000008275a910,0x0000000085700000)
 Metaspace       used 22093K, capacity 22402K, committed 22656K, reserved 1069056K
  class space    used 2755K, capacity 2876K, committed 2944K, reserved 1048576K
}

Deoptimization events (10 events):
Event: 29.673 Thread 0x000000001ae3e000 Uncommon trap: reason=unstable_if action=reinterpret pc=0x00000000031768b0 method=java.lang.CharacterData.of(I)Ljava/lang/CharacterData; @ 4
Event: 29.692 Thread 0x000000001ae3e000 Uncommon trap: reason=unstable_if action=reinterpret pc=0x000000000326d634 method=java.lang.Character.isSurrogate(C)Z @ 3
Event: 29.914 Thread 0x000000001ae42000 Uncommon trap: reason=bimorphic action=maybe_recompile pc=0x0000000002ffa6b4 method=java.util.HashMap.getNode(ILjava/lang/Object;)Ljava/util/HashMap$Node; @ 126
Event: 29.914 Thread 0x000000001ac5c000 Uncommon trap: reason=bimorphic action=maybe_recompile pc=0x0000000002ff7bd8 method=java.util.HashMap.getNode(ILjava/lang/Object;)Ljava/util/HashMap$Node; @ 126
Event: 29.914 Thread 0x000000001ac5c000 Uncommon trap: reason=bimorphic action=maybe_recompile pc=0x0000000002ff7bd8 method=java.util.HashMap.getNode(ILjava/lang/Object;)Ljava/util/HashMap$Node; @ 126
Event: 29.914 Thread 0x000000001ac5c000 Uncommon trap: reason=bimorphic action=maybe_recompile pc=0x0000000002ff7bd8 method=java.util.HashMap.getNode(ILjava/lang/Object;)Ljava/util/HashMap$Node; @ 126
Event: 29.915 Thread 0x000000001ac5c000 Uncommon trap: reason=bimorphic action=maybe_recompile pc=0x0000000002ffa6b4 method=java.util.HashMap.getNode(ILjava/lang/Object;)Ljava/util/HashMap$Node; @ 126
Event: 30.969 Thread 0x000000001aea6000 Uncommon trap: reason=unstable_if action=reinterpret pc=0x0000000003293510 method=java.lang.StringCoding$StringDecoder.decode([BII)[C @ 33
Event: 30.995 Thread 0x000000001ae43800 Uncommon trap: reason=unstable_if action=reinterpret pc=0x00000000032e0a58 method=java.util.HashMap.getNode(ILjava/lang/Object;)Ljava/util/HashMap$Node; @ 62
Event: 30.995 Thread 0x000000001ae43800 Uncommon trap: reason=unstable_if action=reinterpret pc=0x00000000032e1aa0 method=java.util.HashMap.getNode(ILjava/lang/Object;)Ljava/util/HashMap$Node; @ 62

Classes redefined (0 events):
No events

Internal exceptions (10 events):
Event: 31.014 Thread 0x000000001ae43800 Exception <a 'java/lang/ArrayIndexOutOfBoundsException': 0> (0x00000000d7c90d30) thrown at [C:\re\workspace\8-2-build-windows-amd64-cygwin\jdk8u201\12322\hotspot\src\share\vm\interpreter\interpreterRuntime.cpp, line 368]
Event: 31.014 Thread 0x000000001ae43800 Exception <a 'java/lang/ArrayIndexOutOfBoundsException': 0> (0x00000000d7c914a0) thrown at [C:\re\workspace\8-2-build-windows-amd64-cygwin\jdk8u201\12322\hotspot\src\share\vm\interpreter\interpreterRuntime.cpp, line 368]
Event: 31.014 Thread 0x000000001ae43800 Exception <a 'java/lang/ArrayIndexOutOfBoundsException': 1> (0x00000000d7c920d8) thrown at [C:\re\workspace\8-2-build-windows-amd64-cygwin\jdk8u201\12322\hotspot\src\share\vm\interpreter\interpreterRuntime.cpp, line 368]
Event: 31.014 Thread 0x000000001ae43800 Exception <a 'java/lang/ArrayIndexOutOfBoundsException': 2> (0x00000000d7c92cf8) thrown at [C:\re\workspace\8-2-build-windows-amd64-cygwin\jdk8u201\12322\hotspot\src\share\vm\interpreter\interpreterRuntime.cpp, line 368]
Event: 31.014 Thread 0x000000001ae43800 Exception <a 'java/lang/ArrayIndexOutOfBoundsException': 3> (0x00000000d7c93910) thrown at [C:\re\workspace\8-2-build-windows-amd64-cygwin\jdk8u201\12322\hotspot\src\share\vm\interpreter\interpreterRuntime.cpp, line 368]
Event: 31.015 Thread 0x000000001ae43800 Exception <a 'java/lang/ArrayIndexOutOfBoundsException': 4> (0x00000000d7c94518) thrown at [C:\re\workspace\8-2-build-windows-amd64-cygwin\jdk8u201\12322\hotspot\src\share\vm\interpreter\interpreterRuntime.cpp, line 368]
Event: 31.015 Thread 0x000000001ae43800 Exception <a 'java/lang/ArrayIndexOutOfBoundsException': 0> (0x00000000d7c95090) thrown at [C:\re\workspace\8-2-build-windows-amd64-cygwin\jdk8u201\12322\hotspot\src\share\vm\interpreter\interpreterRuntime.cpp, line 368]
Event: 31.015 Thread 0x000000001ae43800 Exception <a 'java/lang/ArrayIndexOutOfBoundsException': 5> (0x00000000d7c95800) thrown at [C:\re\workspace\8-2-build-windows-amd64-cygwin\jdk8u201\12322\hotspot\src\share\vm\interpreter\interpreterRuntime.cpp, line 368]
Event: 31.364 Thread 0x000000001ae43800 Exception <a 'java/lang/NullPointerException'> (0x00000000d638d860) thrown at [C:\re\workspace\8-2-build-windows-amd64-cygwin\jdk8u201\12322\hotspot\src\share\vm\interpreter\linkResolver.cpp, line 1185]
Event: 31.364 Thread 0x000000001ae43800 Exception <a 'java/lang/reflect/InvocationTargetException'> (0x00000000d638da68) thrown at [C:\re\workspace\8-2-build-windows-amd64-cygwin\jdk8u201\12322\hotspot\src\share\vm\runtime\reflection.cpp, line 1092]

Events (10 events):
Event: 31.364 loading class java/lang/Throwable$WrappedPrintStream done
Event: 31.365 Executing VM operation: RevokeBias
Event: 31.365 Executing VM operation: RevokeBias done
Event: 31.365 Thread 0x000000001ae43800 Thread exited: 0x000000001ae43800
Event: 34.879 Thread 0x000000001ae3f000 Thread exited: 0x000000001ae3f000
Event: 41.903 Thread 0x0000000019bb1800 flushing nmethod 0x0000000002fe3050
Event: 41.903 Thread 0x0000000019bb1800 flushing nmethod 0x0000000002fe44d0
Event: 42.208 Thread 0x0000000019bb1800 flushing nmethod 0x000000000303df10
Event: 47.016 Executing VM operation: ParallelGCFailedAllocation
Event: 47.019 Executing VM operation: ParallelGCFailedAllocation done


Dynamic libraries:
0x00007ff78dbb0000 - 0x00007ff78dbe7000 	C:\Program Files\Java\jdk1.8.0_201\bin\java.exe
0x00007ffdd9640000 - 0x00007ffdd982d000 	C:\WINDOWS\SYSTEM32\ntdll.dll
0x00007ffdc3120000 - 0x00007ffdc3134000 	C:\Program Files (x86)\AVG\Antivirus\aswhook.dll
0x00007ffdd6e30000 - 0x00007ffdd6ee3000 	C:\WINDOWS\System32\KERNEL32.DLL
0x00007ffdd5700000 - 0x00007ffdd5993000 	C:\WINDOWS\System32\KERNELBASE.dll
0x00007ffdd68d0000 - 0x00007ffdd6973000 	C:\WINDOWS\System32\ADVAPI32.dll
0x00007ffdd7760000 - 0x00007ffdd77fe000 	C:\WINDOWS\System32\msvcrt.dll
0x00007ffdd7240000 - 0x00007ffdd72de000 	C:\WINDOWS\System32\sechost.dll
0x00007ffdd8f10000 - 0x00007ffdd9032000 	C:\WINDOWS\System32\RPCRT4.dll
0x00007ffdd6a30000 - 0x00007ffdd6bc7000 	C:\WINDOWS\System32\USER32.dll
0x00007ffdd59a0000 - 0x00007ffdd59c0000 	C:\WINDOWS\System32\win32u.dll
0x00007ffdd7800000 - 0x00007ffdd7829000 	C:\WINDOWS\System32\GDI32.dll
0x00007ffdd5b40000 - 0x00007ffdd5cd9000 	C:\WINDOWS\System32\gdi32full.dll
0x00007ffdd65b0000 - 0x00007ffdd6650000 	C:\WINDOWS\System32\msvcp_win.dll
0x00007ffdd64b0000 - 0x00007ffdd65aa000 	C:\WINDOWS\System32\ucrtbase.dll
0x00007ffdc8560000 - 0x00007ffdc87d9000 	C:\WINDOWS\WinSxS\amd64_microsoft.windows.common-controls_6595b64144ccf1df_6.0.17763.802_none_05b1445c0722d2cc\COMCTL32.dll
0x00007ffdd90a0000 - 0x00007ffdd93cc000 	C:\WINDOWS\System32\combase.dll
0x00007ffdd5a70000 - 0x00007ffdd5aee000 	C:\WINDOWS\System32\bcryptPrimitives.dll
0x00007ffdd6cb0000 - 0x00007ffdd6cde000 	C:\WINDOWS\System32\IMM32.DLL
0x0000000056c30000 - 0x0000000056d01000 	C:\Program Files\Java\jdk1.8.0_201\jre\bin\msvcr100.dll
0x0000000056380000 - 0x0000000056c24000 	C:\Program Files\Java\jdk1.8.0_201\jre\bin\server\jvm.dll
0x00007ffdd7830000 - 0x00007ffdd7838000 	C:\WINDOWS\System32\PSAPI.DLL
0x00007ffdc77e0000 - 0x00007ffdc77e9000 	C:\WINDOWS\SYSTEM32\WSOCK32.dll
0x00007ffdd7840000 - 0x00007ffdd78ad000 	C:\WINDOWS\System32\WS2_32.dll
0x00007ffdd23a0000 - 0x00007ffdd23c4000 	C:\WINDOWS\SYSTEM32\WINMM.dll
0x00007ffdcd480000 - 0x00007ffdcd48a000 	C:\WINDOWS\SYSTEM32\VERSION.dll
0x00007ffdd2370000 - 0x00007ffdd239d000 	C:\WINDOWS\SYSTEM32\WINMMBASE.dll
0x00007ffdd5af0000 - 0x00007ffdd5b3a000 	C:\WINDOWS\System32\cfgmgr32.dll
0x00007ffdc17c0000 - 0x00007ffdc17cf000 	C:\Program Files\Java\jdk1.8.0_201\jre\bin\verify.dll
0x00007ffdbe870000 - 0x00007ffdbe899000 	C:\Program Files\Java\jdk1.8.0_201\jre\bin\java.dll
0x00007ffdc1860000 - 0x00007ffdc1883000 	C:\Program Files\Java\jdk1.8.0_201\jre\bin\instrument.dll
0x00007ffdc1540000 - 0x00007ffdc1556000 	C:\Program Files\Java\jdk1.8.0_201\jre\bin\zip.dll
0x00007ffdd78b0000 - 0x00007ffdd8da4000 	C:\WINDOWS\System32\SHELL32.dll
0x00007ffdd6980000 - 0x00007ffdd6a28000 	C:\WINDOWS\System32\shcore.dll
0x00007ffdd5d00000 - 0x00007ffdd644d000 	C:\WINDOWS\System32\windows.storage.dll
0x00007ffdd56b0000 - 0x00007ffdd56d4000 	C:\WINDOWS\System32\profapi.dll
0x00007ffdd5630000 - 0x00007ffdd568d000 	C:\WINDOWS\System32\powrprof.dll
0x00007ffdd9040000 - 0x00007ffdd9092000 	C:\WINDOWS\System32\shlwapi.dll
0x00007ffdd5690000 - 0x00007ffdd56a1000 	C:\WINDOWS\System32\kernel.appcore.dll
0x00007ffdd5ce0000 - 0x00007ffdd5cf7000 	C:\WINDOWS\System32\cryptsp.dll
0x00007ffdc1840000 - 0x00007ffdc185a000 	C:\Program Files\JetBrains\IntelliJ IDEA Community Edition 2019.2\bin\breakgen64.dll
0x00007ffdbe850000 - 0x00007ffdbe86a000 	C:\Program Files\Java\jdk1.8.0_201\jre\bin\net.dll
0x00007ffdc68a0000 - 0x00007ffdc6a77000 	C:\WINDOWS\SYSTEM32\urlmon.dll
0x00007ffdc5ff0000 - 0x00007ffdc6298000 	C:\WINDOWS\SYSTEM32\iertutil.dll
0x00007ffdd5070000 - 0x00007ffdd507c000 	C:\WINDOWS\SYSTEM32\CRYPTBASE.DLL
0x00007ffdd4ea0000 - 0x00007ffdd4f07000 	C:\WINDOWS\system32\mswsock.dll
0x00007ffd6c3e0000 - 0x00007ffd6c579000 	C:\Program Files\Java\jdk1.8.0_201\jre\bin\awt.dll
0x00007ffdd93d0000 - 0x00007ffdd9494000 	C:\WINDOWS\System32\OLEAUT32.dll
0x00007ffdd3980000 - 0x00007ffdd3a0c000 	C:\WINDOWS\SYSTEM32\apphelp.dll
0x00007ffdd3be0000 - 0x00007ffdd3c7c000 	C:\WINDOWS\system32\uxtheme.dll
0x00007ffdd94a0000 - 0x00007ffdd960b000 	C:\WINDOWS\System32\MSCTF.dll
0x00007ffdd3ff0000 - 0x00007ffdd401e000 	C:\WINDOWS\system32\dwmapi.dll
0x00007ffdd6650000 - 0x00007ffdd682b000 	C:\WINDOWS\System32\CRYPT32.dll
0x00007ffdd56e0000 - 0x00007ffdd56f2000 	C:\WINDOWS\System32\MSASN1.dll
0x00007ffdd8db0000 - 0x00007ffdd8f05000 	C:\WINDOWS\System32\ole32.dll
0x00007ffdaaca0000 - 0x00007ffdaadc7000 	C:\WINDOWS\system32\opengl32.dll
0x00007ffdaac30000 - 0x00007ffdaac5c000 	C:\WINDOWS\SYSTEM32\GLU32.dll
0x00007ffdd4c00000 - 0x00007ffdd4cc6000 	C:\WINDOWS\SYSTEM32\DNSAPI.dll
0x00007ffdd68c0000 - 0x00007ffdd68c8000 	C:\WINDOWS\System32\NSI.dll
0x00007ffdd4bc0000 - 0x00007ffdd4bfd000 	C:\WINDOWS\SYSTEM32\IPHLPAPI.DLL
0x00007ffdc8450000 - 0x00007ffdc845a000 	C:\Windows\System32\rasadhlp.dll
0x00007ffdc89a0000 - 0x00007ffdc8a19000 	C:\WINDOWS\System32\fwpuclnt.dll
0x00007ffdd6830000 - 0x00007ffdd6856000 	C:\WINDOWS\System32\bcrypt.dll
0x00007ffd9e880000 - 0x00007ffd9e8c7000 	C:\Program Files\Java\jdk1.8.0_201\jre\bin\fontmanager.dll
0x00007ffd8cc90000 - 0x00007ffd8cd29000 	C:\WINDOWS\system32\RICHED20.DLL
0x00007ffda9040000 - 0x00007ffda9059000 	C:\WINDOWS\SYSTEM32\USP10.dll
0x00007ffdc1800000 - 0x00007ffdc1839000 	C:\WINDOWS\SYSTEM32\msls31.dll
0x00007ffdd7190000 - 0x00007ffdd7232000 	C:\WINDOWS\System32\clbcatq.dll
0x00007ffda68b0000 - 0x00007ffda6906000 	C:\WINDOWS\system32\dataexchange.dll
0x00007ffdd29d0000 - 0x00007ffdd2c4e000 	C:\WINDOWS\system32\d3d11.dll
0x00007ffdd3210000 - 0x00007ffdd33d3000 	C:\WINDOWS\system32\dcomp.dll
0x00007ffdd4340000 - 0x00007ffdd4402000 	C:\WINDOWS\system32\dxgi.dll
0x00007ffdd3cb0000 - 0x00007ffdd3ebd000 	C:\WINDOWS\system32\twinapi.appcore.dll
0x00007ffdd3ec0000 - 0x00007ffdd3ee8000 	C:\WINDOWS\system32\RMCLIENT.dll
0x00007ffdbe830000 - 0x00007ffdbe841000 	C:\Program Files\Java\jdk1.8.0_201\jre\bin\nio.dll
0x00007ffd9e420000 - 0x00007ffd9e462000 	C:\Program Files\Java\jdk1.8.0_201\jre\bin\t2k.dll
0x00007ffdb0480000 - 0x00007ffdb0515000 	C:\WINDOWS\System32\TextInputFramework.dll
0x00007ffdd1650000 - 0x00007ffdd1972000 	C:\WINDOWS\System32\CoreUIComponents.dll
0x00007ffdd3740000 - 0x00007ffdd3822000 	C:\WINDOWS\System32\CoreMessaging.dll
0x00007ffdd4730000 - 0x00007ffdd4761000 	C:\WINDOWS\SYSTEM32\ntmarta.dll
0x00007ffdd1330000 - 0x00007ffdd1483000 	C:\WINDOWS\SYSTEM32\wintypes.dll
0x00007ffdcc580000 - 0x00007ffdcc596000 	C:\WINDOWS\SYSTEM32\dhcpcsvc6.DLL
0x00007ffdcc630000 - 0x00007ffdcc64c000 	C:\WINDOWS\SYSTEM32\dhcpcsvc.DLL
0x00007ffdbe950000 - 0x00007ffdbe966000 	C:\WINDOWS\system32\napinsp.dll
0x00007ffdbb690000 - 0x00007ffdbb6aa000 	C:\WINDOWS\system32\pnrpnsp.dll
0x00007ffdbb680000 - 0x00007ffdbb68e000 	C:\WINDOWS\System32\winrnr.dll
0x00007ffdd1f80000 - 0x00007ffdd1f9b000 	C:\WINDOWS\system32\NLAapi.dll
0x00007ffdbb660000 - 0x00007ffdbb675000 	C:\WINDOWS\system32\wshbth.dll
0x00007ffd64d20000 - 0x00007ffd65f2a000 	C:\Users\timke\Documents\Intelligent_Systems\jniortools.dll
0x00007ffdc08b0000 - 0x00007ffdc094b000 	C:\WINDOWS\SYSTEM32\MSVCP140.dll
0x00007ffdca5a0000 - 0x00007ffdca78d000 	C:\WINDOWS\SYSTEM32\dbghelp.dll
0x00007ffdc0890000 - 0x00007ffdc08a5000 	C:\WINDOWS\SYSTEM32\VCRUNTIME140.dll
0x00007ffdd05b0000 - 0x00007ffdd0768000 	C:\WINDOWS\SYSTEM32\WindowsCodecs.dll
0x00007ffda5780000 - 0x00007ffda57b1000 	C:\Program Files\Java\jdk1.8.0_201\jre\bin\jpeg.dll

VM Arguments:
jvm_args: -Djava.library.path=C:\Users\timke\Documents\Intelligent_Systems -javaagent:C:\Program Files\JetBrains\IntelliJ IDEA Community Edition 2019.2\lib\idea_rt.jar=4912:C:\Program Files\JetBrains\IntelliJ IDEA Community Edition 2019.2\bin -Dfile.encoding=UTF-8 
java_command: main.Main
java_class_path (initial): C:\Program Files\Java\jdk1.8.0_201\jre\lib\charsets.jar;C:\Program Files\Java\jdk1.8.0_201\jre\lib\deploy.jar;C:\Program Files\Java\jdk1.8.0_201\jre\lib\ext\access-bridge-64.jar;C:\Program Files\Java\jdk1.8.0_201\jre\lib\ext\cldrdata.jar;C:\Program Files\Java\jdk1.8.0_201\jre\lib\ext\dnsns.jar;C:\Program Files\Java\jdk1.8.0_201\jre\lib\ext\jaccess.jar;C:\Program Files\Java\jdk1.8.0_201\jre\lib\ext\jfxrt.jar;C:\Program Files\Java\jdk1.8.0_201\jre\lib\ext\localedata.jar;C:\Program Files\Java\jdk1.8.0_201\jre\lib\ext\nashorn.jar;C:\Program Files\Java\jdk1.8.0_201\jre\lib\ext\sunec.jar;C:\Program Files\Java\jdk1.8.0_201\jre\lib\ext\sunjce_provider.jar;C:\Program Files\Java\jdk1.8.0_201\jre\lib\ext\sunmscapi.jar;C:\Program Files\Java\jdk1.8.0_201\jre\lib\ext\sunpkcs11.jar;C:\Program Files\Java\jdk1.8.0_201\jre\lib\ext\zipfs.jar;C:\Program Files\Java\jdk1.8.0_201\jre\lib\javaws.jar;C:\Program Files\Java\jdk1.8.0_201\jre\lib\jce.jar;C:\Program Files\Java\jdk1.8.0_201\jre\lib\jfr.jar;C:\Program Files\Java\jdk1.8.0_201\jre\lib\jfxswt.jar;C:\Program Files\Java\jdk1.8.0_201\jre\lib\jsse.jar;C:\Program Files\Java\jdk1.8.0_201\jre\lib\management-agent.jar;C:\Program Files\Java\jdk1.8.0_201\jre\lib\plugin.jar;C:\Program Files\Java\jdk1.8.0_201\jre\lib\resources.jar;C:\Program Files\Java\jdk1.8.0_201\jre\lib\rt.jar;C:\Users\timke\Documents\Intelligent_Systems\Vehicle_Routing_COS30018\out\production\Vehicle_Routing_COS30018;C:\Users\timke\Documents\Intelligent_Systems\com.google.ortools.jar;C:\Users\timke\Documents\Intelligent_Systems\protobuf.jar;C:\Users\timke\Documents\JAVA_LIBRARIES\choco-solver-4.10.1.jar;C:\Users\timke\Documents\JAVA_LIBRARIES\mysql-connector.jar;C:\Users\timke\Documents\JADE\lib\jade.jar;C:\Program Files\JetBrains\IntelliJ IDEA Community Edition 2019.2\lib\idea_rt.jar
Launcher Type: SUN_STANDARD

Environment Variables:
PATH=C:\Program Files (x86)\Common Files\Oracle\Java\javapath;"C:\Program Files\Java\jdk-11.0.2; C:\glassfish4\jdk7; C:\glassfish4\jdk7\jre;";C:\ProgramData\Oracle\Java\javapath;C:\Program Files (x86)\Intel\iCLS Client\;C:\Program Files\Intel\iCLS Client\;C:\Windows\system32;C:\Windows;C:\Windows\System32\Wbem;C:\Windows\System32\WindowsPowerShell\v1.0\;C:\Program Files\Intel\WiFi\bin\;C:\Program Files\Common Files\Intel\WirelessCommon\;C:\Program Files (x86)\NVIDIA Corporation\PhysX\Common;C:\Program Files (x86)\Intel\Intel(R) Management Engine Components\DAL;C:\Program Files\Intel\Intel(R) Management Engine Components\DAL;C:\Program Files (x86)\Intel\Intel(R) Management Engine Components\IPT;C:\Program Files\Intel\Intel(R) Management Engine Components\IPT;C:\Program Files (x86)\Skype\Phone\;C:\WINDOWS\system32;C:\WINDOWS;C:\WINDOWS\System32\Wbem;C:\WINDOWS\System32\WindowsPowerShell\v1.0\;C:\FPC\2.6.4\bin\i386-Win32;C:\Program Files\PuTTY\;C:\Program Files (x86)\IVI Foundation\VISA\WinNT\Bin;C:\WINDOWS\System32\OpenSSH\;C:\Program Files\Microsoft VS Code\bin;C:\Program Files\dotnet\;C:\Program Files\Git\cmd;C:\Program Files\nodejs\;C:\Program Files\NVIDIA Corporation\NVIDIA NvDLISR;;C:\WINDOWS\system32;C:\WINDOWS;C:\WINDOWS\System32\Wbem;C:\WINDOWS\System32\WindowsPowerShell\v1.0\;C:\WINDOWS\System32\OpenSSH\;C:\Users\timke\AppData\Local\Microsoft\WindowsApps;C:\Users\timke\AppData\Local\atom\bin;C:\Users\timke\AppData\Local\Microsoft\WindowsApps;C:\Users\timke\AppData\Roaming\npm;C:\Program Files (x86)\Nmap;C:\Program Files\Java\jdk1.8.0_201\bin;C:\Python27;C:\Python27\Scripts;
USERNAME=timke
OS=Windows_NT
PROCESSOR_IDENTIFIER=Intel64 Family 6 Model 158 Stepping 9, GenuineIntel



---------------  S Y S T E M  ---------------

OS: Windows 10.0 , 64 bit Build 17763 (10.0.17763.475)

CPU:total 8 (initial active 8) (4 cores per cpu, 2 threads per core) family 6 model 158 stepping 9, cmov, cx8, fxsr, mmx, sse, sse2, sse3, ssse3, sse4.1, sse4.2, popcnt, avx, avx2, aes, clmul, erms, 3dnowpref, lzcnt, ht, tsc, tscinvbit, bmi1, bmi2, adx

Memory: 4k page, physical 8270668k(1718660k free), swap 20853580k(6480904k free)

vm_info: Java HotSpot(TM) 64-Bit Server VM (25.201-b09) for windows-amd64 JRE (1.8.0_201-b09), built on Dec 15 2018 18:36:39 by "java_re" with MS VC++ 10.0 (VS2010)

time: Mon Oct 28 11:16:20 2019
timezone: AUS Eastern Daylight Time
elapsed time: 47 seconds (0d 0h 0m 47s)

