#
# A fatal error has been detected by the Java Runtime Environment:
#
#  EXCEPTION_ACCESS_VIOLATION (0xc0000005) at pc=0x0000000061e5f01d, pid=13376, tid=0x000000000000359c
#
# JRE version: Java(TM) SE Runtime Environment (8.0_202-b08) (build 1.8.0_202-b08)
# Java VM: Java HotSpot(TM) 64-Bit Server VM (25.202-b08 mixed mode windows-amd64 compressed oops)
# Problematic frame:
# V  [jvm.dll+0x13f01d]
#
# Failed to write core dump. Minidumps are not enabled by default on client versions of Windows
#
# If you would like to submit a bug report, please visit:
#   http://bugreport.java.com/bugreport/crash.jsp
# The crash happened outside the Java Virtual Machine in native code.
# See problematic frame for where to report the bug.
#

---------------  T H R E A D  ---------------

Current thread (0x0000000002c2c000):  JavaThread "Finalizer" daemon [_thread_in_native, id=13724, stack(0x000000001d540000,0x000000001d640000)]

siginfo: ExceptionCode=0xc0000005, writing address 0x0000000000000270

Registers:
RAX=0x000000000000dead, RBX=0x0000000000000000, RCX=0x000000001e97d800, RDX=0x000000001e61e578
RSP=0x000000001d63ec70, RBP=0x0000000000000000, RSI=0x0000000028302d20, RDI=0x000000001e61e578
R8 =0x0000000000bd1200, R9 =0x0000000000008000, R10=0x0000000000bd0d50, R11=0x0000000025d5d7d0
R12=0x0000000000000000, R13=0x0000000000000000, R14=0x0000000000000000, R15=0x00000000282a62b8
RIP=0x0000000061e5f01d, EFLAGS=0x0000000000010246

Top of Stack: (sp=0x000000001d63ec70)
0x000000001d63ec70:   0000000000000000 000000001f6d1408
0x000000001d63ec80:   00000000282a62b8 00000000282fa490
0x000000001d63ec90:   00000000ffffffff 00007ffbfc0f87ce
0x000000001d63eca0:   00000000283057d0 0000000028302d20
0x000000001d63ecb0:   0000000000000000 0000000000000000
0x000000001d63ecc0:   fffffffffffffffe 00000000282a61b0
0x000000001d63ecd0:   0000000000000000 00007ffbfc0f6bed
0x000000001d63ece0:   0000000000000000 00007ffbfce734b0
0x000000001d63ecf0:   00000000282a62b8 00000000282a61b0
0x000000001d63ed00:   0000000028302da0 00007ffbfc3dc6d5
0x000000001d63ed10:   0000000028302d20 0000000000000000
0x000000001d63ed20:   00000000282a6980 0000000002c2c430
0x000000001d63ed30:   00007ffbfce734b0 00007ffbfc3e04b8
0x000000001d63ed40:   000000001d63edc9 00000000282a61b0
0x000000001d63ed50:   00000000282a69d0 000000001d63edc9
0x000000001d63ed60:   00007ffbfce734b0 0000000000000000 

Instructions: (pc=0x0000000061e5f01d)
0x0000000061e5effd:   8b fa 3d ab de 00 00 74 17 8b 83 88 02 00 00 3d
0x0000000061e5f00d:   ac de 00 00 74 0a 48 8b cb e8 65 03 10 00 33 db
0x0000000061e5f01d:   c7 83 70 02 00 00 05 00 00 00 83 3d 9a 86 6d 00
0x0000000061e5f02d:   01 75 09 80 3d 0c 79 6d 00 00 74 18 80 3d 04 79 


Register to memory mapping:

RAX=0x000000000000dead is an unknown value
RBX=0x0000000000000000 is an unknown value
RCX=0x000000001e97d800 is an unknown value
RDX=0x000000001e61e578 is a global jni handle
RSP=0x000000001d63ec70 is pointing into the stack for thread: 0x0000000002c2c000
RBP=0x0000000000000000 is an unknown value
RSI=0x0000000028302d20 is an unknown value
RDI=0x000000001e61e578 is a global jni handle
R8 =0x0000000000bd1200 is an unknown value
R9 =0x0000000000008000 is an unknown value
R10=0x0000000000bd0d50 is an unknown value
R11=0x0000000025d5d7d0 is an unknown value
R12=0x0000000000000000 is an unknown value
R13=0x0000000000000000 is an unknown value
R14=0x0000000000000000 is an unknown value
R15=0x00000000282a62b8 is an unknown value


Stack: [0x000000001d540000,0x000000001d640000],  sp=0x000000001d63ec70,  free space=1019k
Native frames: (J=compiled Java code, j=interpreted, Vv=VM code, C=native code)

Java frames: (J=compiled Java code, j=interpreted, Vv=VM code)
j  com.google.ortools.constraintsolver.mainJNI.delete_RoutingModel(J)V+0
j  com.google.ortools.constraintsolver.RoutingModel.delete()V+25
j  com.google.ortools.constraintsolver.RoutingModel.finalize()V+1
J 949 C1 java.lang.ref.Finalizer.runFinalizer(Lsun/misc/JavaLangAccess;)V (62 bytes) @ 0x0000000002fae454 [0x0000000002fadec0+0x594]
J 948 C1 java.lang.ref.Finalizer.access$100(Ljava/lang/ref/Finalizer;Lsun/misc/JavaLangAccess;)V (6 bytes) @ 0x0000000002fad81c [0x0000000002fad7c0+0x5c]
j  java.lang.ref.Finalizer$FinalizerThread.run()V+45
v  ~StubRoutines::call_stub

---------------  P R O C E S S  ---------------

Java Threads: ( => current thread )
  0x000000001e982000 JavaThread "Image Fetcher 3" daemon [_thread_blocked, id=1908, stack(0x000000002c350000,0x000000002c450000)]
  0x000000001e984000 JavaThread "Image Fetcher 2" daemon [_thread_blocked, id=13528, stack(0x000000002c250000,0x000000002c350000)]
  0x000000001e97a800 JavaThread "DestroyJavaVM" [_thread_blocked, id=11096, stack(0x0000000002810000,0x0000000002910000)]
  0x000000001e97c800 JavaThread "MasterRouteAgent" [_thread_blocked, id=14728, stack(0x000000002c050000,0x000000002c150000)]
  0x000000001e981000 JavaThread "Delivery_Agent3" [_thread_in_vm, id=14836, stack(0x000000002bf50000,0x000000002c050000)]
  0x000000001e980800 JavaThread "Delivery_Agent2" [_thread_in_vm, id=5528, stack(0x000000002be50000,0x000000002bf50000)]
  0x000000001e97c000 JavaThread "Delivery_Agent1" [_thread_in_Java, id=6092, stack(0x000000002bd50000,0x000000002be50000)]
  0x000000001e979000 JavaThread "Delivery_Agent0" [_thread_in_vm, id=1324, stack(0x000000002bc50000,0x000000002bd50000)]
  0x000000001e979800 JavaThread "DBAgent" [_thread_in_vm, id=25060, stack(0x000000002bb50000,0x000000002bc50000)]
  0x000000001e97f800 JavaThread "rma" [_thread_blocked, id=5588, stack(0x000000002ba50000,0x000000002bb50000)]
  0x000000001e97b000 JavaThread "df" [_thread_blocked, id=23096, stack(0x000000002b950000,0x000000002ba50000)]
  0x000000001e7ee800 JavaThread "ams" [_thread_blocked, id=3108, stack(0x000000002b850000,0x000000002b950000)]
  0x000000001e7ed800 JavaThread "Thread-13" [_thread_in_native, id=13052, stack(0x000000002b750000,0x000000002b850000)]
  0x000000001e7e7800 JavaThread "Deliverer-04" [_thread_blocked, id=24004, stack(0x000000002b650000,0x000000002b750000)]
  0x000000001e7ea000 JavaThread "Deliverer-03" [_thread_blocked, id=8200, stack(0x000000002b550000,0x000000002b650000)]
  0x000000001e7ed000 JavaThread "Deliverer-02" [_thread_blocked, id=17528, stack(0x000000002b450000,0x000000002b550000)]
  0x000000001e7e9000 JavaThread "Deliverer-01" [_thread_blocked, id=21840, stack(0x000000002b350000,0x000000002b450000)]
  0x000000001e7ec000 JavaThread "Deliverer-00" [_thread_blocked, id=24972, stack(0x000000002b250000,0x000000002b350000)]
  0x000000001e7eb800 JavaThread "Thread-7" [_thread_in_native, id=17284, stack(0x000000002af50000,0x000000002b050000)]
  0x000000001e7ea800 JavaThread "Thread-6" [_thread_blocked, id=15160, stack(0x000000002ae50000,0x000000002af50000)]
  0x000000001e7e8800 JavaThread "JICPServer-8888" daemon [_thread_in_native, id=6964, stack(0x000000002ad50000,0x000000002ae50000)]
  0x000000001e8ae800 JavaThread "D3D Screen Updater" daemon [_thread_blocked, id=9128, stack(0x000000002aaf0000,0x000000002abf0000)]
  0x000000001e7c4800 JavaThread "JADE Timer dispatcher" [_thread_blocked, id=19312, stack(0x000000002a5f0000,0x000000002a6f0000)]
  0x000000001e75b800 JavaThread "Thread-2" [_thread_blocked, id=9460, stack(0x000000002a3f0000,0x000000002a4f0000)]
  0x000000001e4b6800 JavaThread "AWT-EventQueue-0" [_thread_blocked, id=7408, stack(0x000000001f120000,0x000000001f220000)]
  0x000000001e4b5800 JavaThread "AWT-Windows" daemon [_thread_in_native, id=3140, stack(0x000000001ee80000,0x000000001ef80000)]
  0x000000001e511000 JavaThread "AWT-Shutdown" [_thread_blocked, id=14140, stack(0x000000001ed80000,0x000000001ee80000)]
  0x000000001e510000 JavaThread "Java2D Disposer" daemon [_thread_blocked, id=22232, stack(0x000000001ec80000,0x000000001ed80000)]
  0x000000001c349800 JavaThread "Service Thread" daemon [_thread_blocked, id=23964, stack(0x000000001e140000,0x000000001e240000)]
  0x000000001da49800 JavaThread "C1 CompilerThread2" daemon [_thread_blocked, id=20268, stack(0x000000001e040000,0x000000001e140000)]
  0x000000001da47800 JavaThread "C2 CompilerThread1" daemon [_thread_blocked, id=23396, stack(0x000000001df40000,0x000000001e040000)]
  0x000000001d9a6800 JavaThread "C2 CompilerThread0" daemon [_thread_blocked, id=15712, stack(0x000000001de40000,0x000000001df40000)]
  0x000000001d9a3800 JavaThread "Monitor Ctrl-Break" daemon [_thread_in_native, id=14256, stack(0x000000001dd40000,0x000000001de40000)]
  0x000000001c2fa000 JavaThread "Attach Listener" daemon [_thread_blocked, id=25272, stack(0x000000001d840000,0x000000001d940000)]
  0x000000001c2f8800 JavaThread "Signal Dispatcher" daemon [_thread_blocked, id=7600, stack(0x000000001d740000,0x000000001d840000)]
=>0x0000000002c2c000 JavaThread "Finalizer" daemon [_thread_in_native, id=13724, stack(0x000000001d540000,0x000000001d640000)]
  0x0000000002c23000 JavaThread "Reference Handler" daemon [_thread_blocked, id=20744, stack(0x000000001d440000,0x000000001d540000)]

Other Threads:
  0x000000001c2b7800 VMThread [stack: 0x000000001d340000,0x000000001d440000] [id=13236]
  0x000000001c34c800 WatcherThread [stack: 0x000000001e240000,0x000000001e340000] [id=20380]

VM state:not at safepoint (normal execution)

VM Mutex/Monitor currently owned by a thread: None

heap address: 0x00000006c0a00000, size: 4086 MB, Compressed Oops mode: Zero based, Oop shift amount: 3
Narrow klass base: 0x0000000000000000, Narrow klass shift: 3
Compressed class space size: 1073741824 Address: 0x00000007c0000000

Heap:
 PSYoungGen      total 124928K, used 6096K [0x000000076ae00000, 0x0000000773900000, 0x00000007c0000000)
  eden space 114176K, 4% used [0x000000076ae00000,0x000000076b31dfc8,0x0000000771d80000)
  from space 10752K, 7% used [0x0000000772400000,0x00000007724d6268,0x0000000772e80000)
  to   space 8704K, 0% used [0x0000000773080000,0x0000000773080000,0x0000000773900000)
 ParOldGen       total 82944K, used 5157K [0x00000006c0a00000, 0x00000006c5b00000, 0x000000076ae00000)
  object space 82944K, 6% used [0x00000006c0a00000,0x00000006c0f09470,0x00000006c5b00000)
 Metaspace       used 22558K, capacity 22934K, committed 23296K, reserved 1069056K
  class space    used 2844K, capacity 2963K, committed 3072K, reserved 1048576K

Card table byte_map: [0x0000000011ff0000,0x00000000127f0000] byte_map_base: 0x000000000e9eb000

Marking Bits: (ParMarkBitMap*) 0x0000000062545ce0
 Begin Bits: [0x0000000013150000, 0x0000000017128000)
 End Bits:   [0x0000000017128000, 0x000000001b100000)

Polling page: 0x00000000011c0000

CodeCache: size=245760Kb used=5687Kb max_used=5687Kb free=240072Kb
 bounds [0x0000000002c30000, 0x00000000031d0000, 0x0000000011c30000]
 total_blobs=2407 nmethods=1715 adapters=603
 compilation: enabled

Compilation events (10 events):
Event: 9.118 Thread 0x000000001da49800 1868       3       sun.java2d.pipe.LoopPipe::fillRect (32 bytes)
Event: 9.118 Thread 0x000000001da49800 nmethod 1868 0x00000000031bd5d0 code [0x00000000031bd740, 0x00000000031bd9a8]
Event: 9.118 Thread 0x000000001da49800 1870       3       gui.VisualisationCanvas$$Lambda$18/434495016::accept (12 bytes)
Event: 9.118 Thread 0x000000001da49800 nmethod 1870 0x00000000031bcf50 code [0x00000000031bd0c0, 0x00000000031bd448]
Event: 9.118 Thread 0x000000001da49800 1871       3       gui.VisualisationCanvas::lambda$update$0 (17 bytes)
Event: 9.118 Thread 0x000000001da49800 nmethod 1871 0x00000000031bcad0 code [0x00000000031bcc40, 0x00000000031bce48]
Event: 9.316 Thread 0x000000001da49800 1872       1       agents.DriverAgent::access$400 (5 bytes)
Event: 9.316 Thread 0x000000001da49800 nmethod 1872 0x0000000002f01b10 code [0x0000000002f01c60, 0x0000000002f01d50]
Event: 9.596 Thread 0x000000001da49800 1873       3       jade.core.GenericCommand::<init> (36 bytes)
Event: 9.596 Thread 0x000000001da49800 nmethod 1873 0x00000000031bc050 code [0x00000000031bc1e0, 0x00000000031bc770]

GC Heap History (10 events):
Event: 7.453 GC heap before
{Heap before GC invocations=2 (full 0):
 PSYoungGen      total 76288K, used 71933K [0x000000076ae00000, 0x0000000770300000, 0x00000007c0000000)
  eden space 65536K, 100% used [0x000000076ae00000,0x000000076ee00000,0x000000076ee00000)
  from space 10752K, 59% used [0x000000076ee00000,0x000000076f43f540,0x000000076f880000)
  to   space 10752K, 0% used [0x000000076f880000,0x000000076f880000,0x0000000770300000)
 ParOldGen       total 175104K, used 16K [0x00000006c0a00000, 0x00000006cb500000, 0x000000076ae00000)
  object space 175104K, 0% used [0x00000006c0a00000,0x00000006c0a04000,0x00000006cb500000)
 Metaspace       used 20864K, capacity 21174K, committed 21248K, reserved 1067008K
  class space    used 2692K, capacity 2773K, committed 2816K, reserved 1048576K
Event: 7.457 GC heap after
Heap after GC invocations=2 (full 0):
 PSYoungGen      total 76288K, used 5681K [0x000000076ae00000, 0x0000000770300000, 0x00000007c0000000)
  eden space 65536K, 0% used [0x000000076ae00000,0x000000076ae00000,0x000000076ee00000)
  from space 10752K, 52% used [0x000000076f880000,0x000000076fe0c4f0,0x0000000770300000)
  to   space 10752K, 0% used [0x000000076ee00000,0x000000076ee00000,0x000000076f880000)
 ParOldGen       total 175104K, used 32K [0x00000006c0a00000, 0x00000006cb500000, 0x000000076ae00000)
  object space 175104K, 0% used [0x00000006c0a00000,0x00000006c0a08000,0x00000006cb500000)
 Metaspace       used 20864K, capacity 21174K, committed 21248K, reserved 1067008K
  class space    used 2692K, capacity 2773K, committed 2816K, reserved 1048576K
}
Event: 7.564 GC heap before
{Heap before GC invocations=3 (full 0):
 PSYoungGen      total 76288K, used 17526K [0x000000076ae00000, 0x0000000770300000, 0x00000007c0000000)
  eden space 65536K, 18% used [0x000000076ae00000,0x000000076b991440,0x000000076ee00000)
  from space 10752K, 52% used [0x000000076f880000,0x000000076fe0c4f0,0x0000000770300000)
  to   space 10752K, 0% used [0x000000076ee00000,0x000000076ee00000,0x000000076f880000)
 ParOldGen       total 175104K, used 32K [0x00000006c0a00000, 0x00000006cb500000, 0x000000076ae00000)
  object space 175104K, 0% used [0x00000006c0a00000,0x00000006c0a08000,0x00000006cb500000)
 Metaspace       used 20914K, capacity 21198K, committed 21248K, reserved 1067008K
  class space    used 2697K, capacity 2777K, committed 2816K, reserved 1048576K
Event: 7.567 GC heap after
Heap after GC invocations=3 (full 0):
 PSYoungGen      total 76288K, used 5264K [0x000000076ae00000, 0x0000000774300000, 0x00000007c0000000)
  eden space 65536K, 0% used [0x000000076ae00000,0x000000076ae00000,0x000000076ee00000)
  from space 10752K, 48% used [0x000000076ee00000,0x000000076f324100,0x000000076f880000)
  to   space 10752K, 0% used [0x0000000773880000,0x0000000773880000,0x0000000774300000)
 ParOldGen       total 175104K, used 40K [0x00000006c0a00000, 0x00000006cb500000, 0x000000076ae00000)
  object space 175104K, 0% used [0x00000006c0a00000,0x00000006c0a0a000,0x00000006cb500000)
 Metaspace       used 20914K, capacity 21198K, committed 21248K, reserved 1067008K
  class space    used 2697K, capacity 2777K, committed 2816K, reserved 1048576K
}
Event: 7.567 GC heap before
{Heap before GC invocations=4 (full 1):
 PSYoungGen      total 76288K, used 5264K [0x000000076ae00000, 0x0000000774300000, 0x00000007c0000000)
  eden space 65536K, 0% used [0x000000076ae00000,0x000000076ae00000,0x000000076ee00000)
  from space 10752K, 48% used [0x000000076ee00000,0x000000076f324100,0x000000076f880000)
  to   space 10752K, 0% used [0x0000000773880000,0x0000000773880000,0x0000000774300000)
 ParOldGen       total 175104K, used 40K [0x00000006c0a00000, 0x00000006cb500000, 0x000000076ae00000)
  object space 175104K, 0% used [0x00000006c0a00000,0x00000006c0a0a000,0x00000006cb500000)
 Metaspace       used 20914K, capacity 21198K, committed 21248K, reserved 1067008K
  class space    used 2697K, capacity 2777K, committed 2816K, reserved 1048576K
Event: 7.584 GC heap after
Heap after GC invocations=4 (full 1):
 PSYoungGen      total 76288K, used 0K [0x000000076ae00000, 0x0000000774300000, 0x00000007c0000000)
  eden space 65536K, 0% used [0x000000076ae00000,0x000000076ae00000,0x000000076ee00000)
  from space 10752K, 0% used [0x000000076ee00000,0x000000076ee00000,0x000000076f880000)
  to   space 10752K, 0% used [0x0000000773880000,0x0000000773880000,0x0000000774300000)
 ParOldGen       total 82944K, used 5141K [0x00000006c0a00000, 0x00000006c5b00000, 0x000000076ae00000)
  object space 82944K, 6% used [0x00000006c0a00000,0x00000006c0f05470,0x00000006c5b00000)
 Metaspace       used 20914K, capacity 21198K, committed 21248K, reserved 1067008K
  class space    used 2697K, capacity 2777K, committed 2816K, reserved 1048576K
}
Event: 8.559 GC heap before
{Heap before GC invocations=5 (full 1):
 PSYoungGen      total 76288K, used 65536K [0x000000076ae00000, 0x0000000774300000, 0x00000007c0000000)
  eden space 65536K, 100% used [0x000000076ae00000,0x000000076ee00000,0x000000076ee00000)
  from space 10752K, 0% used [0x000000076ee00000,0x000000076ee00000,0x000000076f880000)
  to   space 10752K, 0% used [0x0000000773880000,0x0000000773880000,0x0000000774300000)
 ParOldGen       total 82944K, used 5141K [0x00000006c0a00000, 0x00000006c5b00000, 0x000000076ae00000)
  object space 82944K, 6% used [0x00000006c0a00000,0x00000006c0f05470,0x00000006c5b00000)
 Metaspace       used 21500K, capacity 21856K, committed 22144K, reserved 1069056K
  class space    used 2732K, capacity 2856K, committed 2944K, reserved 1048576K
Event: 8.560 GC heap after
Heap after GC invocations=5 (full 1):
 PSYoungGen      total 117760K, used 188K [0x000000076ae00000, 0x0000000773900000, 0x00000007c0000000)
  eden space 117248K, 0% used [0x000000076ae00000,0x000000076ae00000,0x0000000772080000)
  from space 512K, 36% used [0x0000000773880000,0x00000007738af368,0x0000000773900000)
  to   space 10752K, 0% used [0x0000000772400000,0x0000000772400000,0x0000000772e80000)
 ParOldGen       total 82944K, used 5149K [0x00000006c0a00000, 0x00000006c5b00000, 0x000000076ae00000)
  object space 82944K, 6% used [0x00000006c0a00000,0x00000006c0f07470,0x00000006c5b00000)
 Metaspace       used 21500K, capacity 21856K, committed 22144K, reserved 1069056K
  class space    used 2732K, capacity 2856K, committed 2944K, reserved 1048576K
}
Event: 9.852 GC heap before
{Heap before GC invocations=6 (full 1):
 PSYoungGen      total 117760K, used 117436K [0x000000076ae00000, 0x0000000773900000, 0x00000007c0000000)
  eden space 117248K, 100% used [0x000000076ae00000,0x0000000772080000,0x0000000772080000)
  from space 512K, 36% used [0x0000000773880000,0x00000007738af368,0x0000000773900000)
  to   space 10752K, 0% used [0x0000000772400000,0x0000000772400000,0x0000000772e80000)
 ParOldGen       total 82944K, used 5149K [0x00000006c0a00000, 0x00000006c5b00000, 0x000000076ae00000)
  object space 82944K, 6% used [0x00000006c0a00000,0x00000006c0f07470,0x00000006c5b00000)
 Metaspace       used 22558K, capacity 22934K, committed 23296K, reserved 1069056K
  class space    used 2844K, capacity 2963K, committed 3072K, reserved 1048576K
Event: 9.853 GC heap after
Heap after GC invocations=6 (full 1):
 PSYoungGen      total 124928K, used 856K [0x000000076ae00000, 0x0000000773900000, 0x00000007c0000000)
  eden space 114176K, 0% used [0x000000076ae00000,0x000000076ae00000,0x0000000771d80000)
  from space 10752K, 7% used [0x0000000772400000,0x00000007724d6268,0x0000000772e80000)
  to   space 8704K, 0% used [0x0000000773080000,0x0000000773080000,0x0000000773900000)
 ParOldGen       total 82944K, used 5157K [0x00000006c0a00000, 0x00000006c5b00000, 0x000000076ae00000)
  object space 82944K, 6% used [0x00000006c0a00000,0x00000006c0f09470,0x00000006c5b00000)
 Metaspace       used 22558K, capacity 22934K, committed 23296K, reserved 1069056K
  class space    used 2844K, capacity 2963K, committed 3072K, reserved 1048576K
}

Deoptimization events (10 events):
Event: 6.892 Thread 0x000000001e7ee800 Uncommon trap: reason=unstable_if action=reinterpret pc=0x0000000003097d0c method=jade.core.InternalMessageQueue.receive(Ljade/lang/acl/MessageTemplate;)Ljade/lang/acl/ACLMessage; @ 17
Event: 6.893 Thread 0x000000001e97f800 Uncommon trap: reason=unstable_if action=reinterpret pc=0x0000000002d52a70 method=java.util.AbstractCollection.isEmpty()Z @ 4
Event: 6.893 Thread 0x000000001e7ee800 Uncommon trap: reason=unstable_if action=reinterpret pc=0x0000000003093798 method=jade.core.InternalMessageQueue.receive(Ljade/lang/acl/MessageTemplate;)Ljade/lang/acl/ACLMessage; @ 17
Event: 6.893 Thread 0x000000001e7ee800 Uncommon trap: reason=unstable_if action=reinterpret pc=0x0000000002da5bc8 method=java.util.AbstractCollection.isEmpty()Z @ 4
Event: 7.553 Thread 0x000000001e97f800 Uncommon trap: reason=unstable_if action=reinterpret pc=0x000000000313f908 method=jade.core.Agent$ActiveLifeCycle.execute()V @ 65
Event: 7.561 Thread 0x000000001e7ee800 Uncommon trap: reason=null_check action=make_not_entrant pc=0x0000000003008510 method=jade.content.onto.Ontology.getSchema(Ljava/lang/String;)Ljade/content/schema/ObjectSchema; @ 39
Event: 8.544 Thread 0x000000001e97d800 Uncommon trap: reason=unstable_if action=reinterpret pc=0x0000000002ed8ac4 method=java.util.HashMap.getNode(ILjava/lang/Object;)Ljava/util/HashMap$Node; @ 62
Event: 8.544 Thread 0x000000001e97d800 Uncommon trap: reason=unstable_if action=reinterpret pc=0x0000000002ed4538 method=java.util.HashMap.getNode(ILjava/lang/Object;)Ljava/util/HashMap$Node; @ 62
Event: 8.548 Thread 0x000000001e7ee800 Uncommon trap: reason=class_check action=maybe_recompile pc=0x00000000031784f8 method=jade.core.Agent$ActiveLifeCycle.execute()V @ 69
Event: 8.612 Thread 0x000000001e981000 Uncommon trap: reason=unstable_if action=reinterpret pc=0x000000000309f90c method=jade.core.InternalMessageQueue.receive(Ljade/lang/acl/MessageTemplate;)Ljade/lang/acl/ACLMessage; @ 17

Classes redefined (0 events):
No events

Internal exceptions (10 events):
Event: 8.548 Thread 0x000000001e97d800 Exception <a 'java/lang/ArrayIndexOutOfBoundsException': 0> (0x000000076ec80160) thrown at [C:\re\workspace\8-2-build-windows-amd64-cygwin\jdk8u202\12323\hotspot\src\share\vm\interpreter\interpreterRuntime.cpp, line 368]
Event: 8.548 Thread 0x000000001e97d800 Exception <a 'java/lang/ArrayIndexOutOfBoundsException': 1> (0x000000076ec80da8) thrown at [C:\re\workspace\8-2-build-windows-amd64-cygwin\jdk8u202\12323\hotspot\src\share\vm\interpreter\interpreterRuntime.cpp, line 368]
Event: 8.548 Thread 0x000000001e97d800 Exception <a 'java/lang/ArrayIndexOutOfBoundsException': 2> (0x000000076ec819c8) thrown at [C:\re\workspace\8-2-build-windows-amd64-cygwin\jdk8u202\12323\hotspot\src\share\vm\interpreter\interpreterRuntime.cpp, line 368]
Event: 8.548 Thread 0x000000001e97d800 Exception <a 'java/lang/ArrayIndexOutOfBoundsException': 3> (0x000000076ec825e8) thrown at [C:\re\workspace\8-2-build-windows-amd64-cygwin\jdk8u202\12323\hotspot\src\share\vm\interpreter\interpreterRuntime.cpp, line 368]
Event: 8.548 Thread 0x000000001e97d800 Exception <a 'java/lang/ArrayIndexOutOfBoundsException': 4> (0x000000076ec831f0) thrown at [C:\re\workspace\8-2-build-windows-amd64-cygwin\jdk8u202\12323\hotspot\src\share\vm\interpreter\interpreterRuntime.cpp, line 368]
Event: 8.548 Thread 0x000000001e97d800 Exception <a 'java/lang/ArrayIndexOutOfBoundsException': 5> (0x000000076ec83e10) thrown at [C:\re\workspace\8-2-build-windows-amd64-cygwin\jdk8u202\12323\hotspot\src\share\vm\interpreter\interpreterRuntime.cpp, line 368]
Event: 8.548 Thread 0x000000001e97d800 Exception <a 'java/lang/ArrayIndexOutOfBoundsException': 6> (0x000000076ec84a30) thrown at [C:\re\workspace\8-2-build-windows-amd64-cygwin\jdk8u202\12323\hotspot\src\share\vm\interpreter\interpreterRuntime.cpp, line 368]
Event: 8.548 Thread 0x000000001e97d800 Exception <a 'java/lang/ArrayIndexOutOfBoundsException': 0> (0x000000076ec855a8) thrown at [C:\re\workspace\8-2-build-windows-amd64-cygwin\jdk8u202\12323\hotspot\src\share\vm\interpreter\interpreterRuntime.cpp, line 368]
Event: 8.548 Thread 0x000000001e97d800 Exception <a 'java/lang/ArrayIndexOutOfBoundsException': 7> (0x000000076ec85d18) thrown at [C:\re\workspace\8-2-build-windows-amd64-cygwin\jdk8u202\12323\hotspot\src\share\vm\interpreter\interpreterRuntime.cpp, line 368]
Event: 8.548 Thread 0x000000001e97d800 Exception <a 'java/lang/ArrayIndexOutOfBoundsException': 8> (0x000000076ec86938) thrown at [C:\re\workspace\8-2-build-windows-amd64-cygwin\jdk8u202\12323\hotspot\src\share\vm\interpreter\interpreterRuntime.cpp, line 368]

Events (10 events):
Event: 9.117 Thread 0x000000001da49800 flushing nmethod 0x0000000002eded50
Event: 9.118 Thread 0x000000001da49800 flushing nmethod 0x0000000002f01b10
Event: 9.591 Executing VM operation: RevokeBias
Event: 9.591 Executing VM operation: RevokeBias done
Event: 9.595 Executing VM operation: RevokeBias
Event: 9.595 Executing VM operation: RevokeBias done
Event: 9.595 Executing VM operation: RevokeBias
Event: 9.596 Executing VM operation: RevokeBias done
Event: 9.852 Executing VM operation: ParallelGCFailedAllocation
Event: 9.853 Executing VM operation: ParallelGCFailedAllocation done


Dynamic libraries:
0x00007ff7ab860000 - 0x00007ff7ab897000 	C:\Program Files\Java\jdk1.8.0_202\bin\java.exe
0x00007ffc79e30000 - 0x00007ffc7a01d000 	C:\WINDOWS\SYSTEM32\ntdll.dll
0x00007ffc4eb10000 - 0x00007ffc4eb24000 	C:\Program Files (x86)\AVG\Antivirus\aswhook.dll
0x00007ffc788f0000 - 0x00007ffc789a3000 	C:\WINDOWS\System32\KERNEL32.DLL
0x00007ffc76200000 - 0x00007ffc76493000 	C:\WINDOWS\System32\KERNELBASE.dll
0x00007ffc78cc0000 - 0x00007ffc78d63000 	C:\WINDOWS\System32\ADVAPI32.dll
0x00007ffc799d0000 - 0x00007ffc79a6e000 	C:\WINDOWS\System32\msvcrt.dll
0x00007ffc77130000 - 0x00007ffc771ce000 	C:\WINDOWS\System32\sechost.dll
0x00007ffc78a20000 - 0x00007ffc78b42000 	C:\WINDOWS\System32\RPCRT4.dll
0x00007ffc78d70000 - 0x00007ffc78f07000 	C:\WINDOWS\System32\USER32.dll
0x00007ffc76c60000 - 0x00007ffc76c80000 	C:\WINDOWS\System32\win32u.dll
0x00007ffc786d0000 - 0x00007ffc786f9000 	C:\WINDOWS\System32\GDI32.dll
0x00007ffc76c80000 - 0x00007ffc76e19000 	C:\WINDOWS\System32\gdi32full.dll
0x00007ffc76e20000 - 0x00007ffc76ec0000 	C:\WINDOWS\System32\msvcp_win.dll
0x00007ffc76100000 - 0x00007ffc761fa000 	C:\WINDOWS\System32\ucrtbase.dll
0x00007ffc6b0e0000 - 0x00007ffc6b359000 	C:\WINDOWS\WinSxS\amd64_microsoft.windows.common-controls_6595b64144ccf1df_6.0.17763.802_none_05b1445c0722d2cc\COMCTL32.dll
0x00007ffc795b0000 - 0x00007ffc798dc000 	C:\WINDOWS\System32\combase.dll
0x00007ffc76f20000 - 0x00007ffc76f9e000 	C:\WINDOWS\System32\bcryptPrimitives.dll
0x00007ffc78810000 - 0x00007ffc7883e000 	C:\WINDOWS\System32\IMM32.DLL
0x00000000625d0000 - 0x00000000626a2000 	C:\Program Files\Java\jdk1.8.0_202\jre\bin\msvcr100.dll
0x0000000061d20000 - 0x00000000625c5000 	C:\Program Files\Java\jdk1.8.0_202\jre\bin\server\jvm.dll
0x00007ffc77120000 - 0x00007ffc77128000 	C:\WINDOWS\System32\PSAPI.DLL
0x00007ffc69040000 - 0x00007ffc69049000 	C:\WINDOWS\SYSTEM32\WSOCK32.dll
0x00007ffc798e0000 - 0x00007ffc7994d000 	C:\WINDOWS\System32\WS2_32.dll
0x00007ffc73fa0000 - 0x00007ffc73fc4000 	C:\WINDOWS\SYSTEM32\WINMM.dll
0x00007ffc70d50000 - 0x00007ffc70d5a000 	C:\WINDOWS\SYSTEM32\VERSION.dll
0x00007ffc73f70000 - 0x00007ffc73f9d000 	C:\WINDOWS\SYSTEM32\WINMMBASE.dll
0x00007ffc76c10000 - 0x00007ffc76c5a000 	C:\WINDOWS\System32\cfgmgr32.dll
0x00007ffc56340000 - 0x00007ffc5634f000 	C:\Program Files\Java\jdk1.8.0_202\jre\bin\verify.dll
0x00007ffc43920000 - 0x00007ffc43949000 	C:\Program Files\Java\jdk1.8.0_202\jre\bin\java.dll
0x00007ffc52130000 - 0x00007ffc52153000 	C:\Program Files\Java\jdk1.8.0_202\jre\bin\instrument.dll
0x00007ffc4b840000 - 0x00007ffc4b856000 	C:\Program Files\Java\jdk1.8.0_202\jre\bin\zip.dll
0x00007ffc771d0000 - 0x00007ffc786c4000 	C:\WINDOWS\System32\SHELL32.dll
0x00007ffc79c20000 - 0x00007ffc79cc8000 	C:\WINDOWS\System32\shcore.dll
0x00007ffc764a0000 - 0x00007ffc76bed000 	C:\WINDOWS\System32\windows.storage.dll
0x00007ffc75ea0000 - 0x00007ffc75ec4000 	C:\WINDOWS\System32\profapi.dll
0x00007ffc75e40000 - 0x00007ffc75e9d000 	C:\WINDOWS\System32\powrprof.dll
0x00007ffc79970000 - 0x00007ffc799c2000 	C:\WINDOWS\System32\shlwapi.dll
0x00007ffc75e20000 - 0x00007ffc75e31000 	C:\WINDOWS\System32\kernel.appcore.dll
0x00007ffc76bf0000 - 0x00007ffc76c07000 	C:\WINDOWS\System32\cryptsp.dll
0x00007ffc50190000 - 0x00007ffc501aa000 	C:\Program Files\JetBrains\IntelliJ IDEA Community Edition 2019.2\bin\breakgen64.dll
0x00007ffc44880000 - 0x00007ffc4489a000 	C:\Program Files\Java\jdk1.8.0_202\jre\bin\net.dll
0x00007ffc6a1a0000 - 0x00007ffc6a377000 	C:\WINDOWS\SYSTEM32\urlmon.dll
0x00007ffc6aa00000 - 0x00007ffc6aca8000 	C:\WINDOWS\SYSTEM32\iertutil.dll
0x00007ffc75860000 - 0x00007ffc7586c000 	C:\WINDOWS\SYSTEM32\CRYPTBASE.DLL
0x00007ffc75690000 - 0x00007ffc756f7000 	C:\WINDOWS\system32\mswsock.dll
0x00007ffc2fb30000 - 0x00007ffc2fcc9000 	C:\Program Files\Java\jdk1.8.0_202\jre\bin\awt.dll
0x00007ffc77050000 - 0x00007ffc77114000 	C:\WINDOWS\System32\OLEAUT32.dll
0x00007ffc740d0000 - 0x00007ffc7415c000 	C:\WINDOWS\SYSTEM32\apphelp.dll
0x00007ffc743f0000 - 0x00007ffc7448c000 	C:\WINDOWS\system32\uxtheme.dll
0x00007ffc78b50000 - 0x00007ffc78cbb000 	C:\WINDOWS\System32\MSCTF.dll
0x00007ffc746d0000 - 0x00007ffc746fe000 	C:\WINDOWS\system32\dwmapi.dll
0x00007ffc75ef0000 - 0x00007ffc760cb000 	C:\WINDOWS\System32\CRYPT32.dll
0x00007ffc75ed0000 - 0x00007ffc75ee2000 	C:\WINDOWS\System32\MSASN1.dll
0x00007ffc78f10000 - 0x00007ffc79065000 	C:\WINDOWS\System32\ole32.dll
0x00007ffc36a10000 - 0x00007ffc36b37000 	C:\WINDOWS\system32\opengl32.dll
0x00007ffc444e0000 - 0x00007ffc4450c000 	C:\WINDOWS\SYSTEM32\GLU32.dll
0x00007ffc6a860000 - 0x00007ffc6a9fe000 	C:\WINDOWS\system32\d3d9.dll
0x00007ffc70e10000 - 0x00007ffc70efe000 	C:\WINDOWS\System32\DriverStore\FileRepository\nv_dispi.inf_amd64_827405c7c65146ab\nvldumdx.dll
0x00007ffc76ec0000 - 0x00007ffc76f19000 	C:\WINDOWS\System32\WINTRUST.DLL
0x00007ffc79950000 - 0x00007ffc7996d000 	C:\WINDOWS\System32\imagehlp.dll
0x00007ffc75210000 - 0x00007ffc75243000 	C:\WINDOWS\system32\rsaenh.dll
0x00007ffc760d0000 - 0x00007ffc760f6000 	C:\WINDOWS\System32\bcrypt.dll
0x00007ffc1c050000 - 0x00007ffc1d519000 	C:\WINDOWS\System32\DriverStore\FileRepository\nv_dispi.inf_amd64_827405c7c65146ab\nvd3dumx.dll
0x00007ffc753b0000 - 0x00007ffc753ed000 	C:\WINDOWS\SYSTEM32\IPHLPAPI.DLL
0x00007ffc78780000 - 0x00007ffc78788000 	C:\WINDOWS\System32\NSI.dll
0x00007ffc701e0000 - 0x00007ffc701f6000 	C:\WINDOWS\SYSTEM32\dhcpcsvc6.DLL
0x00007ffc701c0000 - 0x00007ffc701dc000 	C:\WINDOWS\SYSTEM32\dhcpcsvc.DLL
0x00007ffc753f0000 - 0x00007ffc754b6000 	C:\WINDOWS\SYSTEM32\DNSAPI.dll
0x00007ffc37200000 - 0x00007ffc374c1000 	C:\WINDOWS\system32\nvspcap64.dll
0x00007ffc74e70000 - 0x00007ffc74ea1000 	C:\WINDOWS\SYSTEM32\ntmarta.dll
0x00007ffc74ab0000 - 0x00007ffc74ad2000 	C:\WINDOWS\SYSTEM32\gpapi.dll
0x00007ffc6bf60000 - 0x00007ffc6bf8f000 	C:\WINDOWS\SYSTEM32\cryptnet.dll
0x00007ffc6cba0000 - 0x00007ffc6cbaa000 	C:\Windows\System32\rasadhlp.dll
0x00007ffc6b8a0000 - 0x00007ffc6b919000 	C:\WINDOWS\System32\fwpuclnt.dll
0x00007ffc3d030000 - 0x00007ffc3d077000 	C:\Program Files\Java\jdk1.8.0_202\jre\bin\fontmanager.dll
0x00007ffc36580000 - 0x00007ffc36619000 	C:\WINDOWS\system32\RICHED20.DLL
0x00007ffc5cb00000 - 0x00007ffc5cb19000 	C:\WINDOWS\SYSTEM32\USP10.dll
0x00007ffc50130000 - 0x00007ffc50169000 	C:\WINDOWS\SYSTEM32\msls31.dll
0x00007ffc78840000 - 0x00007ffc788e2000 	C:\WINDOWS\System32\clbcatq.dll
0x00007ffc53390000 - 0x00007ffc533e6000 	C:\WINDOWS\system32\dataexchange.dll
0x00007ffc72f20000 - 0x00007ffc7319e000 	C:\WINDOWS\system32\d3d11.dll
0x00007ffc73820000 - 0x00007ffc739e3000 	C:\WINDOWS\system32\dcomp.dll
0x00007ffc74c00000 - 0x00007ffc74cc2000 	C:\WINDOWS\system32\dxgi.dll
0x00007ffc744c0000 - 0x00007ffc746cd000 	C:\WINDOWS\system32\twinapi.appcore.dll
0x00007ffc74700000 - 0x00007ffc74728000 	C:\WINDOWS\system32\RMCLIENT.dll
0x00007ffc44780000 - 0x00007ffc44792000 	C:\Program Files\Java\jdk1.8.0_202\jre\bin\nio.dll
0x00007ffc3cfe0000 - 0x00007ffc3d022000 	C:\Program Files\Java\jdk1.8.0_202\jre\bin\t2k.dll
0x00007ffc5d310000 - 0x00007ffc5d326000 	C:\WINDOWS\system32\napinsp.dll
0x00007ffc5d2f0000 - 0x00007ffc5d30a000 	C:\WINDOWS\system32\pnrpnsp.dll
0x00007ffc5d250000 - 0x00007ffc5d25e000 	C:\WINDOWS\System32\winrnr.dll
0x00007ffc72500000 - 0x00007ffc7251b000 	C:\WINDOWS\system32\NLAapi.dll
0x00007ffc5d230000 - 0x00007ffc5d245000 	C:\WINDOWS\system32\wshbth.dll
0x00007ffbfc0a0000 - 0x00007ffbfd2aa000 	S:\Documents\Intelligent_Systems\jniortools.dll
0x00007ffc63a80000 - 0x00007ffc63b1b000 	C:\WINDOWS\SYSTEM32\MSVCP140.dll
0x00007ffc6c3d0000 - 0x00007ffc6c5bd000 	C:\WINDOWS\SYSTEM32\dbghelp.dll
0x00007ffc63940000 - 0x00007ffc63955000 	C:\WINDOWS\SYSTEM32\VCRUNTIME140.dll
0x00007ffc71ae0000 - 0x00007ffc71c98000 	C:\WINDOWS\SYSTEM32\WindowsCodecs.dll
0x00007ffc3cd00000 - 0x00007ffc3cd31000 	C:\Program Files\Java\jdk1.8.0_202\jre\bin\jpeg.dll

VM Arguments:
jvm_args: -Djava.library.path=S:\Documents\Intelligent_Systems -javaagent:C:\Program Files\JetBrains\IntelliJ IDEA Community Edition 2019.2\lib\idea_rt.jar=61043:C:\Program Files\JetBrains\IntelliJ IDEA Community Edition 2019.2\bin -Dfile.encoding=UTF-8 
java_command: main.Main
java_class_path (initial): C:\Program Files\Java\jdk1.8.0_202\jre\lib\charsets.jar;C:\Program Files\Java\jdk1.8.0_202\jre\lib\deploy.jar;C:\Program Files\Java\jdk1.8.0_202\jre\lib\ext\access-bridge-64.jar;C:\Program Files\Java\jdk1.8.0_202\jre\lib\ext\cldrdata.jar;C:\Program Files\Java\jdk1.8.0_202\jre\lib\ext\dnsns.jar;C:\Program Files\Java\jdk1.8.0_202\jre\lib\ext\jaccess.jar;C:\Program Files\Java\jdk1.8.0_202\jre\lib\ext\jfxrt.jar;C:\Program Files\Java\jdk1.8.0_202\jre\lib\ext\localedata.jar;C:\Program Files\Java\jdk1.8.0_202\jre\lib\ext\nashorn.jar;C:\Program Files\Java\jdk1.8.0_202\jre\lib\ext\sunec.jar;C:\Program Files\Java\jdk1.8.0_202\jre\lib\ext\sunjce_provider.jar;C:\Program Files\Java\jdk1.8.0_202\jre\lib\ext\sunmscapi.jar;C:\Program Files\Java\jdk1.8.0_202\jre\lib\ext\sunpkcs11.jar;C:\Program Files\Java\jdk1.8.0_202\jre\lib\ext\zipfs.jar;C:\Program Files\Java\jdk1.8.0_202\jre\lib\javaws.jar;C:\Program Files\Java\jdk1.8.0_202\jre\lib\jce.jar;C:\Program Files\Java\jdk1.8.0_202\jre\lib\jfr.jar;C:\Program Files\Java\jdk1.8.0_202\jre\lib\jfxswt.jar;C:\Program Files\Java\jdk1.8.0_202\jre\lib\jsse.jar;C:\Program Files\Java\jdk1.8.0_202\jre\lib\management-agent.jar;C:\Program Files\Java\jdk1.8.0_202\jre\lib\plugin.jar;C:\Program Files\Java\jdk1.8.0_202\jre\lib\resources.jar;C:\Program Files\Java\jdk1.8.0_202\jre\lib\rt.jar;S:\Documents\Intelligent_Systems\Vehicle_Routing_COS30018\out\production\Vehicle_Routing_COS30018;S:\Documents\Intelligent_Systems\com.google.ortools.jar;S:\Documents\Intelligent_Systems\protobuf.jar;S:\Documents\JAVA_LIBRARIES\choco-solver-2.1.2.jar;S:\Documents\JAVA_LIBRARIES\choco-solver-4.10.1.jar;S:\Documents\JAVA_LIBRARIES\mysql-connector-java-5.1.18-bin.jar;S:\Documents\JADE\lib\jade.jar;C:\Program Files\JetBrains\IntelliJ IDEA Community Edition 2019.2\lib\idea_rt.jar
Launcher Type: SUN_STANDARD

Environment Variables:
CLASSPATH=S:\Documents\JADE\lib\jade.jar;S:\Documents\JADE\lib\jadeTools.jar;S:\Documents\JADE\lib\commons-codec\commons-codec-1.3.jar
PATH=C:\Program Files (x86)\Common Files\Oracle\Java\javapath;C:\Program Files\Java\jdk-11.0.2;C:\Program Files (x86)\Intel\Intel(R) Management Engine Components\iCLS\;C:\Program Files\Intel\Intel(R) Management Engine Components\iCLS\;C:\WINDOWS\system32;C:\WINDOWS;C:\WINDOWS\System32\Wbem;C:\WINDOWS\System32\WindowsPowerShell\v1.0\;C:\WINDOWS\System32\OpenSSH\;C:\Program Files (x86)\Intel\Intel(R) Management Engine Components\DAL;C:\Program Files\Intel\Intel(R) Management Engine Components\DAL;C:\Program Files (x86)\Intel\Intel(R) Management Engine Components\IPT;C:\Program Files\Intel\Intel(R) Management Engine Components\IPT;C:\Program Files\NVIDIA Corporation\NVIDIA NvDLISR;C:\Program Files\Git\cmd;C:\Program Files\Microsoft VS Code\bin;C:\Program Files\nodejs\;C:\Program Files\dotnet\;C:\Program Files (x86)\Bitvise SSH Client;C:\Program Files\PuTTY\;C:\Program Files (x86)\NVIDIA Corporation\PhysX\Common;C:\WINDOWS\system32;C:\WINDOWS;C:\WINDOWS\System32\Wbem;C:\WINDOWS\System32\WindowsPowerShell\v1.0\;C:\WINDOWS\System32\OpenSSH\;C:\Program Files\Java\jre1.8.0_201\;C:\Users\KeesTim\AppData\Local\Microsoft\WindowsApps;C:\Users\KeesTim\AppData\Local\atom\bin;C:\Users\KeesTim\AppData\Roaming\npm;C:\Users\KeesTim\AppData\Local\Microsoft\WindowsApps;C:\Program Files\JetBrains\IntelliJ IDEA Community Edition 2019.2\bin;;C:\Program Files\Java\jdk1.8.0_202\bin;C:\Users\KeesTim\AppData\Local\Programs\Python\Python37;C:\Users\KeesTim\AppData\Local\Programs\Python\Python37\Scripts;
USERNAME=KeesTim
OS=Windows_NT
PROCESSOR_IDENTIFIER=Intel64 Family 6 Model 94 Stepping 3, GenuineIntel



---------------  S Y S T E M  ---------------

OS: Windows 10.0 , 64 bit Build 17763 (10.0.17763.475)

CPU:total 4 (initial active 4) (4 cores per cpu, 1 threads per core) family 6 model 94 stepping 3, cmov, cx8, fxsr, mmx, sse, sse2, sse3, ssse3, sse4.1, sse4.2, popcnt, avx, avx2, aes, clmul, erms, rtm, 3dnowpref, lzcnt, tsc, tscinvbit, bmi1, bmi2, adx

Memory: 4k page, physical 16729544k(6905136k free), swap 28263880k(10370168k free)

vm_info: Java HotSpot(TM) 64-Bit Server VM (25.202-b08) for windows-amd64 JRE (1.8.0_202-b08), built on Dec 15 2018 19:54:30 by "java_re" with MS VC++ 10.0 (VS2010)

time: Mon Oct 21 22:37:05 2019
timezone: AUS Eastern Daylight Time
elapsed time: 9 seconds (0d 0h 0m 9s)

