#
# A fatal error has been detected by the Java Runtime Environment:
#
#  EXCEPTION_ACCESS_VIOLATION (0xc0000005) at pc=0x00000000601aeded, pid=14444, tid=0x0000000000001508
#
# JRE version: Java(TM) SE Runtime Environment (8.0_201-b09) (build 1.8.0_201-b09)
# Java VM: Java HotSpot(TM) 64-Bit Server VM (25.201-b09 mixed mode windows-amd64 compressed oops)
# Problematic frame:
# V  [jvm.dll+0x13eded]
#
# Failed to write core dump. Minidumps are not enabled by default on client versions of Windows
#
# If you would like to submit a bug report, please visit:
#   http://bugreport.java.com/bugreport/crash.jsp
# The crash happened outside the Java Virtual Machine in native code.
# See problematic frame for where to report the bug.
#

---------------  T H R E A D  ---------------

Current thread (0x0000000019791000):  JavaThread "Finalizer" daemon [_thread_in_native, id=5384, stack(0x0000000019c70000,0x0000000019d70000)]

siginfo: ExceptionCode=0xc0000005, writing address 0x0000000000000270

Registers:
RAX=0x000000000000dead, RBX=0x0000000000000000, RCX=0x000000001d5ee800, RDX=0x00000000029140c8
RSP=0x0000000019d6eeb0, RBP=0x0000000000000000, RSI=0x000000001fae7c40, RDI=0x00000000029140c8
R8 =0x0000000000b01200, R9 =0x0000000000008000, R10=0x00000000ffffffff, R11=0x0000000019d6ee80
R12=0x0000000000000000, R13=0x0000000000000000, R14=0x0000000000000000, R15=0x000000001fb05638
RIP=0x00000000601aeded, EFLAGS=0x0000000000010246

Top of Stack: (sp=0x0000000019d6eeb0)
0x0000000019d6eeb0:   0000000000bc0000 000000001faa2260
0x0000000019d6eec0:   0000000000000000 0000000000000000
0x0000000019d6eed0:   00000000ffffffff 00007ff838fd87ce
0x0000000019d6eee0:   000000001fa9f600 000000001fae7c40
0x0000000019d6eef0:   0000000000000000 0000000000000000
0x0000000019d6ef00:   fffffffffffffffe 000000001fb05530
0x0000000019d6ef10:   0000000000000000 00007ff838fd6bed
0x0000000019d6ef20:   0000000000000000 00007ff839d534b0
0x0000000019d6ef30:   000000001fb05638 000000001fb05530
0x0000000019d6ef40:   000000001fae7cc0 00007ff8392bc6d5
0x0000000019d6ef50:   000000001fae7c40 0000000000000000
0x0000000019d6ef60:   000000001fb05d00 0000000019791b00
0x0000000019d6ef70:   00007ff839d534b0 00007ff8392c04b8
0x0000000019d6ef80:   0000000019d6f009 000000001fb05530
0x0000000019d6ef90:   000000001fb05d50 0000000019d6f009
0x0000000019d6efa0:   00007ff839d534b0 0000000000000000 

Instructions: (pc=0x00000000601aeded)
0x00000000601aedcd:   8b fa 3d ab de 00 00 74 17 8b 83 88 02 00 00 3d
0x00000000601aeddd:   ac de 00 00 74 0a 48 8b cb e8 c5 03 10 00 33 db
0x00000000601aeded:   c7 83 70 02 00 00 05 00 00 00 83 3d ca 78 6d 00
0x00000000601aedfd:   01 75 09 80 3d 3c 6b 6d 00 00 74 18 80 3d 34 6b 


Register to memory mapping:

RAX=0x000000000000dead is an unknown value
RBX=0x0000000000000000 is an unknown value
RCX=0x000000001d5ee800 is an unknown value
RDX=0x00000000029140c8 is a global jni handle
RSP=0x0000000019d6eeb0 is pointing into the stack for thread: 0x0000000019791000
RBP=0x0000000000000000 is an unknown value
RSI=0x000000001fae7c40 is an unknown value
RDI=0x00000000029140c8 is a global jni handle
R8 =0x0000000000b01200 is an unknown value
R9 =0x0000000000008000 is an unknown value
R10=0x00000000ffffffff is an unallocated location in the heap
R11=0x0000000019d6ee80 is pointing into the stack for thread: 0x0000000019791000
R12=0x0000000000000000 is an unknown value
R13=0x0000000000000000 is an unknown value
R14=0x0000000000000000 is an unknown value
R15=0x000000001fb05638 is an unknown value


Stack: [0x0000000019c70000,0x0000000019d70000],  sp=0x0000000019d6eeb0,  free space=1019k
Native frames: (J=compiled Java code, j=interpreted, Vv=VM code, C=native code)

Java frames: (J=compiled Java code, j=interpreted, Vv=VM code)
j  com.google.ortools.constraintsolver.mainJNI.delete_RoutingModel(J)V+0
j  com.google.ortools.constraintsolver.RoutingModel.delete()V+25
j  com.google.ortools.constraintsolver.RoutingModel.finalize()V+1
J 1246 C1 java.lang.ref.Finalizer.runFinalizer(Lsun/misc/JavaLangAccess;)V (62 bytes) @ 0x0000000002e3a80c [0x0000000002e3a280+0x58c]
J 1245 C1 java.lang.ref.Finalizer.access$100(Ljava/lang/ref/Finalizer;Lsun/misc/JavaLangAccess;)V (6 bytes) @ 0x0000000002e3af5c [0x0000000002e3af00+0x5c]
j  java.lang.ref.Finalizer$FinalizerThread.run()V+45
v  ~StubRoutines::call_stub

---------------  P R O C E S S  ---------------

Java Threads: ( => current thread )
  0x000000001d5ef000 JavaThread "TimerQueue" daemon [_thread_blocked, id=17708, stack(0x00000000208b0000,0x00000000209b0000)]
  0x000000001d5eb800 JavaThread "MasterRouteAgent" [_thread_blocked, id=18684, stack(0x000000001fbe0000,0x000000001fce0000)]
  0x000000001d5e9000 JavaThread "Delivery_Agent1" [_thread_blocked, id=15456, stack(0x000000001f8e0000,0x000000001f9e0000)]
  0x000000001d5ea800 JavaThread "Delivery_Agent0" [_thread_blocked, id=17416, stack(0x000000001f7e0000,0x000000001f8e0000)]
  0x000000001d5ed000 JavaThread "DBAgent" [_thread_blocked, id=1748, stack(0x000000001f6e0000,0x000000001f7e0000)]
  0x000000001d5ea000 JavaThread "rma" [_thread_blocked, id=19792, stack(0x000000001f5e0000,0x000000001f6e0000)]
  0x000000001d5ed800 JavaThread "df" [_thread_blocked, id=5032, stack(0x000000001f4e0000,0x000000001f5e0000)]
  0x000000001d5ec000 JavaThread "ams" [_thread_blocked, id=19140, stack(0x000000001f3e0000,0x000000001f4e0000)]
  0x000000001afbb800 JavaThread "Thread-15" [_thread_in_native, id=15324, stack(0x000000001f2e0000,0x000000001f3e0000)]
  0x000000001afba800 JavaThread "Deliverer-04" [_thread_blocked, id=2320, stack(0x000000001efe0000,0x000000001f0e0000)]
  0x000000001afb8800 JavaThread "Deliverer-03" [_thread_blocked, id=17256, stack(0x000000001eee0000,0x000000001efe0000)]
  0x000000001afba000 JavaThread "Deliverer-02" [_thread_blocked, id=14188, stack(0x000000001ede0000,0x000000001eee0000)]
  0x000000001afb7800 JavaThread "Deliverer-01" [_thread_blocked, id=17424, stack(0x000000001ece0000,0x000000001ede0000)]
  0x000000001afb7000 JavaThread "Deliverer-00" [_thread_blocked, id=20916, stack(0x000000001ebe0000,0x000000001ece0000)]
  0x000000001afb6000 JavaThread "Thread-9" [_thread_in_native, id=5056, stack(0x000000001eae0000,0x000000001ebe0000)]
  0x000000001afb5800 JavaThread "Thread-8" [_thread_blocked, id=17128, stack(0x000000001e9e0000,0x000000001eae0000)]
  0x000000001afb9000 JavaThread "JICPServer-8888" daemon [_thread_in_native, id=22976, stack(0x000000001e8e0000,0x000000001e9e0000)]
  0x000000001afbc000 JavaThread "JADE Timer dispatcher" [_thread_blocked, id=23420, stack(0x000000001e7e0000,0x000000001e8e0000)]
  0x000000001ab46000 JavaThread "Thread-3" [_thread_blocked, id=13256, stack(0x000000001c510000,0x000000001c610000)]
  0x000000001ab4f000 JavaThread "Thread-2" [_thread_blocked, id=21724, stack(0x000000001c410000,0x000000001c510000)]
  0x000000001a9e1000 JavaThread "MySQL Statement Cancellation Timer" daemon [_thread_blocked, id=16300, stack(0x000000001bdd0000,0x000000001bed0000)]
  0x0000000002913800 JavaThread "DestroyJavaVM" [_thread_blocked, id=14484, stack(0x00000000026c0000,0x00000000027c0000)]
  0x000000001a8f2800 JavaThread "AWT-EventQueue-0" [_thread_blocked, id=15272, stack(0x000000001b4a0000,0x000000001b5a0000)]
  0x000000001a8ef800 JavaThread "AWT-Windows" daemon [_thread_in_native, id=17572, stack(0x000000001b2b0000,0x000000001b3b0000)]
  0x000000001a8d9800 JavaThread "AWT-Shutdown" [_thread_blocked, id=20520, stack(0x000000001b1b0000,0x000000001b2b0000)]
  0x000000001a8d8800 JavaThread "Java2D Disposer" daemon [_thread_blocked, id=3236, stack(0x000000001b0b0000,0x000000001b1b0000)]
  0x0000000019946800 JavaThread "Service Thread" daemon [_thread_blocked, id=19408, stack(0x000000001a570000,0x000000001a670000)]
  0x000000001982b800 JavaThread "C1 CompilerThread3" daemon [_thread_blocked, id=11360, stack(0x000000001a470000,0x000000001a570000)]
  0x0000000019828800 JavaThread "C2 CompilerThread2" daemon [_thread_blocked, id=23108, stack(0x000000001a370000,0x000000001a470000)]
  0x0000000019822800 JavaThread "C2 CompilerThread1" daemon [_thread_blocked, id=19900, stack(0x000000001a270000,0x000000001a370000)]
  0x000000001981e000 JavaThread "C2 CompilerThread0" daemon [_thread_blocked, id=2012, stack(0x000000001a170000,0x000000001a270000)]
  0x0000000019811800 JavaThread "Monitor Ctrl-Break" daemon [_thread_in_native, id=20104, stack(0x000000001a070000,0x000000001a170000)]
  0x00000000197a2800 JavaThread "Attach Listener" daemon [_thread_blocked, id=2868, stack(0x0000000019f70000,0x000000001a070000)]
  0x00000000197a1800 JavaThread "Signal Dispatcher" daemon [_thread_blocked, id=15172, stack(0x0000000019e70000,0x0000000019f70000)]
=>0x0000000019791000 JavaThread "Finalizer" daemon [_thread_in_native, id=5384, stack(0x0000000019c70000,0x0000000019d70000)]
  0x0000000019790800 JavaThread "Reference Handler" daemon [_thread_blocked, id=19712, stack(0x0000000019b70000,0x0000000019c70000)]

Other Threads:
  0x0000000017989800 VMThread [stack: 0x0000000019670000,0x0000000019770000] [id=13012]
  0x00000000198bd800 WatcherThread [stack: 0x000000001a670000,0x000000001a770000] [id=1528]

VM state:not at safepoint (normal execution)

VM Mutex/Monitor currently owned by a thread: None

heap address: 0x0000000081c00000, size: 2020 MB, Compressed Oops mode: 32-bit
Narrow klass base: 0x0000000000000000, Narrow klass shift: 3
Compressed class space size: 1073741824 Address: 0x0000000100000000

Heap:
 PSYoungGen      total 38400K, used 6125K [0x00000000d5f00000, 0x00000000d8980000, 0x0000000100000000)
  eden space 33280K, 14% used [0x00000000d5f00000,0x00000000d63b6040,0x00000000d7f80000)
  from space 5120K, 25% used [0x00000000d8480000,0x00000000d85c55d0,0x00000000d8980000)
  to   space 5120K, 0% used [0x00000000d7f80000,0x00000000d7f80000,0x00000000d8480000)
 ParOldGen       total 61952K, used 11628K [0x0000000081c00000, 0x0000000085880000, 0x00000000d5f00000)
  object space 61952K, 18% used [0x0000000081c00000,0x000000008275b2a0,0x0000000085880000)
 Metaspace       used 23035K, capacity 23408K, committed 23552K, reserved 1069056K
  class space    used 2843K, capacity 2971K, committed 3072K, reserved 1048576K

Card table byte_map: [0x0000000011dd0000,0x00000000121d0000] byte_map_base: 0x00000000119c2000

Marking Bits: (ParMarkBitMap*) 0x0000000060894ce0
 Begin Bits: [0x0000000012c80000, 0x0000000014c10000)
 End Bits:   [0x0000000014c10000, 0x0000000016ba0000)

Polling page: 0x0000000000ba0000

CodeCache: size=245760Kb used=6802Kb max_used=6809Kb free=238957Kb
 bounds [0x0000000002a10000, 0x00000000030c0000, 0x0000000011a10000]
 total_blobs=2746 nmethods=2058 adapters=599
 compilation: enabled

Compilation events (10 events):
Event: 22.514 Thread 0x000000001982b800 2199       3       jade.core.Timer::fire (23 bytes)
Event: 22.515 Thread 0x000000001982b800 nmethod 2199 0x00000000030b1910 code [0x00000000030b1a80, 0x00000000030b1d08]
Event: 22.515 Thread 0x000000001982b800 2200   !   3       jade.core.Agent::doTimeOut (82 bytes)
Event: 22.516 Thread 0x000000001982b800 nmethod 2200 0x00000000030b4c50 code [0x00000000030b4f40, 0x00000000030b6b28]
Event: 22.570 Thread 0x000000001982b800 2201       3       jade.util.leap.RoundList::get (60 bytes)
Event: 22.570 Thread 0x000000001982b800 nmethod 2201 0x00000000030b7950 code [0x00000000030b7b00, 0x00000000030b8028]
Event: 22.570 Thread 0x000000001982b800 2202       3       jade.util.leap.LinkedList::iterator (9 bytes)
Event: 22.570 Thread 0x000000001981e000 2203       4       com.mysql.jdbc.RowDataStatic::size (10 bytes)
Event: 22.571 Thread 0x000000001982b800 nmethod 2202 0x00000000030b1210 code [0x00000000030b1380, 0x00000000030b1708]
Event: 22.571 Thread 0x000000001981e000 nmethod 2203 0x00000000030baf10 code [0x00000000030bb060, 0x00000000030bb0f8]

GC Heap History (10 events):
Event: 4.549 GC heap before
{Heap before GC invocations=1 (full 0):
 PSYoungGen      total 38400K, used 33280K [0x00000000d5f00000, 0x00000000d8980000, 0x0000000100000000)
  eden space 33280K, 100% used [0x00000000d5f00000,0x00000000d7f80000,0x00000000d7f80000)
  from space 5120K, 0% used [0x00000000d8480000,0x00000000d8480000,0x00000000d8980000)
  to   space 5120K, 0% used [0x00000000d7f80000,0x00000000d7f80000,0x00000000d8480000)
 ParOldGen       total 87552K, used 0K [0x0000000081c00000, 0x0000000087180000, 0x00000000d5f00000)
  object space 87552K, 0% used [0x0000000081c00000,0x0000000081c00000,0x0000000087180000)
 Metaspace       used 13401K, capacity 13594K, committed 13824K, reserved 1060864K
  class space    used 1650K, capacity 1710K, committed 1792K, reserved 1048576K
Event: 4.555 GC heap after
Heap after GC invocations=1 (full 0):
 PSYoungGen      total 38400K, used 3613K [0x00000000d5f00000, 0x00000000d8980000, 0x0000000100000000)
  eden space 33280K, 0% used [0x00000000d5f00000,0x00000000d5f00000,0x00000000d7f80000)
  from space 5120K, 70% used [0x00000000d7f80000,0x00000000d8307598,0x00000000d8480000)
  to   space 5120K, 0% used [0x00000000d8480000,0x00000000d8480000,0x00000000d8980000)
 ParOldGen       total 87552K, used 14769K [0x0000000081c00000, 0x0000000087180000, 0x00000000d5f00000)
  object space 87552K, 16% used [0x0000000081c00000,0x0000000082a6c7d0,0x0000000087180000)
 Metaspace       used 13401K, capacity 13594K, committed 13824K, reserved 1060864K
  class space    used 1650K, capacity 1710K, committed 1792K, reserved 1048576K
}
Event: 7.559 GC heap before
{Heap before GC invocations=2 (full 0):
 PSYoungGen      total 38400K, used 36893K [0x00000000d5f00000, 0x00000000d8980000, 0x0000000100000000)
  eden space 33280K, 100% used [0x00000000d5f00000,0x00000000d7f80000,0x00000000d7f80000)
  from space 5120K, 70% used [0x00000000d7f80000,0x00000000d8307598,0x00000000d8480000)
  to   space 5120K, 0% used [0x00000000d8480000,0x00000000d8480000,0x00000000d8980000)
 ParOldGen       total 87552K, used 14769K [0x0000000081c00000, 0x0000000087180000, 0x00000000d5f00000)
  object space 87552K, 16% used [0x0000000081c00000,0x0000000082a6c7d0,0x0000000087180000)
 Metaspace       used 18761K, capacity 18978K, committed 19328K, reserved 1067008K
  class space    used 2357K, capacity 2428K, committed 2432K, reserved 1048576K
Event: 7.565 GC heap after
Heap after GC invocations=2 (full 0):
 PSYoungGen      total 38400K, used 5109K [0x00000000d5f00000, 0x00000000d8980000, 0x0000000100000000)
  eden space 33280K, 0% used [0x00000000d5f00000,0x00000000d5f00000,0x00000000d7f80000)
  from space 5120K, 99% used [0x00000000d8480000,0x00000000d897d700,0x00000000d8980000)
  to   space 5120K, 0% used [0x00000000d7f80000,0x00000000d7f80000,0x00000000d8480000)
 ParOldGen       total 87552K, used 16404K [0x0000000081c00000, 0x0000000087180000, 0x00000000d5f00000)
  object space 87552K, 18% used [0x0000000081c00000,0x0000000082c05350,0x0000000087180000)
 Metaspace       used 18761K, capacity 18978K, committed 19328K, reserved 1067008K
  class space    used 2357K, capacity 2428K, committed 2432K, reserved 1048576K
}
Event: 9.500 GC heap before
{Heap before GC invocations=3 (full 0):
 PSYoungGen      total 38400K, used 33035K [0x00000000d5f00000, 0x00000000d8980000, 0x0000000100000000)
  eden space 33280K, 83% used [0x00000000d5f00000,0x00000000d7a45528,0x00000000d7f80000)
  from space 5120K, 99% used [0x00000000d8480000,0x00000000d897d700,0x00000000d8980000)
  to   space 5120K, 0% used [0x00000000d7f80000,0x00000000d7f80000,0x00000000d8480000)
 ParOldGen       total 87552K, used 16404K [0x0000000081c00000, 0x0000000087180000, 0x00000000d5f00000)
  object space 87552K, 18% used [0x0000000081c00000,0x0000000082c05350,0x0000000087180000)
 Metaspace       used 20823K, capacity 21146K, committed 21248K, reserved 1067008K
  class space    used 2635K, capacity 2748K, committed 2816K, reserved 1048576K
Event: 9.505 GC heap after
Heap after GC invocations=3 (full 0):
 PSYoungGen      total 38400K, used 5092K [0x00000000d5f00000, 0x00000000d8980000, 0x0000000100000000)
  eden space 33280K, 0% used [0x00000000d5f00000,0x00000000d5f00000,0x00000000d7f80000)
  from space 5120K, 99% used [0x00000000d7f80000,0x00000000d8479190,0x00000000d8480000)
  to   space 5120K, 0% used [0x00000000d8480000,0x00000000d8480000,0x00000000d8980000)
 ParOldGen       total 87552K, used 18140K [0x0000000081c00000, 0x0000000087180000, 0x00000000d5f00000)
  object space 87552K, 20% used [0x0000000081c00000,0x0000000082db7030,0x0000000087180000)
 Metaspace       used 20823K, capacity 21146K, committed 21248K, reserved 1067008K
  class space    used 2635K, capacity 2748K, committed 2816K, reserved 1048576K
}
Event: 9.505 GC heap before
{Heap before GC invocations=4 (full 1):
 PSYoungGen      total 38400K, used 5092K [0x00000000d5f00000, 0x00000000d8980000, 0x0000000100000000)
  eden space 33280K, 0% used [0x00000000d5f00000,0x00000000d5f00000,0x00000000d7f80000)
  from space 5120K, 99% used [0x00000000d7f80000,0x00000000d8479190,0x00000000d8480000)
  to   space 5120K, 0% used [0x00000000d8480000,0x00000000d8480000,0x00000000d8980000)
 ParOldGen       total 87552K, used 18140K [0x0000000081c00000, 0x0000000087180000, 0x00000000d5f00000)
  object space 87552K, 20% used [0x0000000081c00000,0x0000000082db7030,0x0000000087180000)
 Metaspace       used 20823K, capacity 21146K, committed 21248K, reserved 1067008K
  class space    used 2635K, capacity 2748K, committed 2816K, reserved 1048576K
Event: 9.529 GC heap after
Heap after GC invocations=4 (full 1):
 PSYoungGen      total 38400K, used 0K [0x00000000d5f00000, 0x00000000d8980000, 0x0000000100000000)
  eden space 33280K, 0% used [0x00000000d5f00000,0x00000000d5f00000,0x00000000d7f80000)
  from space 5120K, 0% used [0x00000000d7f80000,0x00000000d7f80000,0x00000000d8480000)
  to   space 5120K, 0% used [0x00000000d8480000,0x00000000d8480000,0x00000000d8980000)
 ParOldGen       total 61952K, used 11620K [0x0000000081c00000, 0x0000000085880000, 0x00000000d5f00000)
  object space 61952K, 18% used [0x0000000081c00000,0x00000000827592a0,0x0000000085880000)
 Metaspace       used 20823K, capacity 21146K, committed 21248K, reserved 1067008K
  class space    used 2635K, capacity 2748K, committed 2816K, reserved 1048576K
}
Event: 22.571 GC heap before
{Heap before GC invocations=5 (full 1):
 PSYoungGen      total 38400K, used 31026K [0x00000000d5f00000, 0x00000000d8980000, 0x0000000100000000)
  eden space 33280K, 93% used [0x00000000d5f00000,0x00000000d7d4c948,0x00000000d7f80000)
  from space 5120K, 0% used [0x00000000d7f80000,0x00000000d7f80000,0x00000000d8480000)
  to   space 5120K, 0% used [0x00000000d8480000,0x00000000d8480000,0x00000000d8980000)
 ParOldGen       total 61952K, used 11620K [0x0000000081c00000, 0x0000000085880000, 0x00000000d5f00000)
  object space 61952K, 18% used [0x0000000081c00000,0x00000000827592a0,0x0000000085880000)
 Metaspace       used 23034K, capacity 23408K, committed 23552K, reserved 1069056K
  class space    used 2843K, capacity 2971K, committed 3072K, reserved 1048576K
Event: 22.574 GC heap after
Heap after GC invocations=5 (full 1):
 PSYoungGen      total 38400K, used 1301K [0x00000000d5f00000, 0x00000000d8980000, 0x0000000100000000)
  eden space 33280K, 0% used [0x00000000d5f00000,0x00000000d5f00000,0x00000000d7f80000)
  from space 5120K, 25% used [0x00000000d8480000,0x00000000d85c55d0,0x00000000d8980000)
  to   space 5120K, 0% used [0x00000000d7f80000,0x00000000d7f80000,0x00000000d8480000)
 ParOldGen       total 61952K, used 11628K [0x0000000081c00000, 0x0000000085880000, 0x00000000d5f00000)
  object space 61952K, 18% used [0x0000000081c00000,0x000000008275b2a0,0x0000000085880000)
 Metaspace       used 23034K, capacity 23408K, committed 23552K, reserved 1069056K
  class space    used 2843K, capacity 2971K, committed 3072K, reserved 1048576K
}

Deoptimization events (10 events):
Event: 7.530 Thread 0x000000001afba800 Uncommon trap: reason=bimorphic action=maybe_recompile pc=0x0000000002c56c20 method=java.util.HashMap.getNode(ILjava/lang/Object;)Ljava/util/HashMap$Node; @ 126
Event: 7.630 Thread 0x000000001d5ea000 Uncommon trap: reason=class_check action=maybe_recompile pc=0x0000000002bb2d20 method=java.lang.String.equals(Ljava/lang/Object;)Z @ 8
Event: 7.631 Thread 0x000000001d5ea000 Uncommon trap: reason=class_check action=maybe_recompile pc=0x0000000002bb2d20 method=java.lang.String.equals(Ljava/lang/Object;)Z @ 8
Event: 7.631 Thread 0x000000001d5ea000 Uncommon trap: reason=class_check action=maybe_recompile pc=0x0000000002bb2d20 method=java.lang.String.equals(Ljava/lang/Object;)Z @ 8
Event: 7.631 Thread 0x000000001d5ea000 Uncommon trap: reason=class_check action=maybe_recompile pc=0x0000000002bb2d20 method=java.lang.String.equals(Ljava/lang/Object;)Z @ 8
Event: 7.848 Thread 0x000000001d5ea000 Uncommon trap: reason=unstable_if action=reinterpret pc=0x0000000002e298b0 method=java.lang.CharacterData.of(I)Ljava/lang/CharacterData; @ 4
Event: 7.860 Thread 0x000000001d5ea000 Uncommon trap: reason=unstable_if action=reinterpret pc=0x0000000002f27834 method=java.lang.Character.isSurrogate(C)Z @ 3
Event: 8.551 Thread 0x000000001ab4f000 Uncommon trap: reason=unstable_if action=reinterpret pc=0x0000000002f46f80 method=java.lang.StringCoding$StringDecoder.decode([BII)[C @ 33
Event: 9.489 Thread 0x000000001d5ee800 Uncommon trap: reason=unstable_if action=reinterpret pc=0x0000000002bcdbcc method=java.util.HashMap.getNode(ILjava/lang/Object;)Ljava/util/HashMap$Node; @ 62
Event: 9.489 Thread 0x000000001d5ee800 Uncommon trap: reason=unstable_if action=reinterpret pc=0x0000000002bf1b40 method=java.util.HashMap.getNode(ILjava/lang/Object;)Ljava/util/HashMap$Node; @ 62

Classes redefined (0 events):
No events

Internal exceptions (10 events):
Event: 9.495 Thread 0x000000001d5ee800 Exception <a 'java/lang/ArrayIndexOutOfBoundsException': 0> (0x00000000d7944978) thrown at [C:\re\workspace\8-2-build-windows-amd64-cygwin\jdk8u201\12322\hotspot\src\share\vm\interpreter\interpreterRuntime.cpp, line 368]
Event: 9.495 Thread 0x000000001d5ee800 Exception <a 'java/lang/ArrayIndexOutOfBoundsException': 0> (0x00000000d79462f8) thrown at [C:\re\workspace\8-2-build-windows-amd64-cygwin\jdk8u201\12322\hotspot\src\share\vm\interpreter\interpreterRuntime.cpp, line 368]
Event: 9.495 Thread 0x000000001d5ee800 Exception <a 'java/lang/ArrayIndexOutOfBoundsException': 0> (0x00000000d7946a68) thrown at [C:\re\workspace\8-2-build-windows-amd64-cygwin\jdk8u201\12322\hotspot\src\share\vm\interpreter\interpreterRuntime.cpp, line 368]
Event: 9.495 Thread 0x000000001d5ee800 Exception <a 'java/lang/ArrayIndexOutOfBoundsException': 1> (0x00000000d79476c0) thrown at [C:\re\workspace\8-2-build-windows-amd64-cygwin\jdk8u201\12322\hotspot\src\share\vm\interpreter\interpreterRuntime.cpp, line 368]
Event: 9.495 Thread 0x000000001d5ee800 Exception <a 'java/lang/ArrayIndexOutOfBoundsException': 2> (0x00000000d79482e0) thrown at [C:\re\workspace\8-2-build-windows-amd64-cygwin\jdk8u201\12322\hotspot\src\share\vm\interpreter\interpreterRuntime.cpp, line 368]
Event: 9.496 Thread 0x000000001d5ee800 Exception <a 'java/lang/ArrayIndexOutOfBoundsException': 3> (0x00000000d7948f00) thrown at [C:\re\workspace\8-2-build-windows-amd64-cygwin\jdk8u201\12322\hotspot\src\share\vm\interpreter\interpreterRuntime.cpp, line 368]
Event: 9.496 Thread 0x000000001d5ee800 Exception <a 'java/lang/ArrayIndexOutOfBoundsException': 4> (0x00000000d7949b10) thrown at [C:\re\workspace\8-2-build-windows-amd64-cygwin\jdk8u201\12322\hotspot\src\share\vm\interpreter\interpreterRuntime.cpp, line 368]
Event: 9.496 Thread 0x000000001d5ee800 Exception <a 'java/lang/ArrayIndexOutOfBoundsException': 5> (0x00000000d794a718) thrown at [C:\re\workspace\8-2-build-windows-amd64-cygwin\jdk8u201\12322\hotspot\src\share\vm\interpreter\interpreterRuntime.cpp, line 368]
Event: 9.496 Thread 0x000000001d5ee800 Exception <a 'java/lang/ArrayIndexOutOfBoundsException': 0> (0x00000000d794b290) thrown at [C:\re\workspace\8-2-build-windows-amd64-cygwin\jdk8u201\12322\hotspot\src\share\vm\interpreter\interpreterRuntime.cpp, line 368]
Event: 9.496 Thread 0x000000001d5ee800 Exception <a 'java/lang/ArrayIndexOutOfBoundsException': 6> (0x00000000d794ba00) thrown at [C:\re\workspace\8-2-build-windows-amd64-cygwin\jdk8u201\12322\hotspot\src\share\vm\interpreter\interpreterRuntime.cpp, line 368]

Events (10 events):
Event: 13.405 loading class java/util/concurrent/TimeUnit$7 done
Event: 13.989 loading class javax/swing/Timer$1
Event: 13.989 loading class javax/swing/Timer$1 done
Event: 16.049 Thread 0x000000001982b800 flushing nmethod 0x0000000002bce6d0
Event: 16.049 Thread 0x000000001982b800 flushing nmethod 0x0000000002bebd90
Event: 16.049 Thread 0x000000001982b800 flushing nmethod 0x0000000002c46810
Event: 16.050 Thread 0x000000001982b800 flushing nmethod 0x0000000002c7d350
Event: 16.050 Thread 0x000000001982b800 flushing nmethod 0x0000000002c7f750
Event: 22.571 Executing VM operation: ParallelGCFailedAllocation
Event: 22.574 Executing VM operation: ParallelGCFailedAllocation done


Dynamic libraries:
0x00007ff663a60000 - 0x00007ff663a97000 	C:\Program Files\Java\jdk1.8.0_201\bin\java.exe
0x00007ff8b04f0000 - 0x00007ff8b06dd000 	C:\WINDOWS\SYSTEM32\ntdll.dll
0x00007ff8a1db0000 - 0x00007ff8a1dc4000 	C:\Program Files (x86)\AVG\Antivirus\aswhook.dll
0x00007ff8af300000 - 0x00007ff8af3b3000 	C:\WINDOWS\System32\KERNEL32.DLL
0x00007ff8ac920000 - 0x00007ff8acbb3000 	C:\WINDOWS\System32\KERNELBASE.dll
0x00007ff8b02e0000 - 0x00007ff8b0383000 	C:\WINDOWS\System32\ADVAPI32.dll
0x00007ff8b01e0000 - 0x00007ff8b027e000 	C:\WINDOWS\System32\msvcrt.dll
0x00007ff8b0080000 - 0x00007ff8b011e000 	C:\WINDOWS\System32\sechost.dll
0x00007ff8ad9f0000 - 0x00007ff8adb12000 	C:\WINDOWS\System32\RPCRT4.dll
0x00007ff8afe30000 - 0x00007ff8affc7000 	C:\WINDOWS\System32\USER32.dll
0x00007ff8ac810000 - 0x00007ff8ac830000 	C:\WINDOWS\System32\win32u.dll
0x00007ff8ad730000 - 0x00007ff8ad759000 	C:\WINDOWS\System32\GDI32.dll
0x00007ff8ace20000 - 0x00007ff8acfb9000 	C:\WINDOWS\System32\gdi32full.dll
0x00007ff8ac830000 - 0x00007ff8ac8d0000 	C:\WINDOWS\System32\msvcp_win.dll
0x00007ff8acbf0000 - 0x00007ff8accea000 	C:\WINDOWS\System32\ucrtbase.dll
0x00007ff89f200000 - 0x00007ff89f479000 	C:\WINDOWS\WinSxS\amd64_microsoft.windows.common-controls_6595b64144ccf1df_6.0.17763.802_none_05b1445c0722d2cc\COMCTL32.dll
0x00007ff8af920000 - 0x00007ff8afc4c000 	C:\WINDOWS\System32\combase.dll
0x00007ff8ac5b0000 - 0x00007ff8ac62e000 	C:\WINDOWS\System32\bcryptPrimitives.dll
0x00007ff8ad760000 - 0x00007ff8ad78e000 	C:\WINDOWS\System32\IMM32.DLL
0x0000000060920000 - 0x00000000609f1000 	C:\Program Files\Java\jdk1.8.0_201\jre\bin\msvcr100.dll
0x0000000060070000 - 0x0000000060914000 	C:\Program Files\Java\jdk1.8.0_201\jre\bin\server\jvm.dll
0x00007ff8ad9e0000 - 0x00007ff8ad9e8000 	C:\WINDOWS\System32\PSAPI.DLL
0x00007ff89d760000 - 0x00007ff89d769000 	C:\WINDOWS\SYSTEM32\WSOCK32.dll
0x00007ff8af290000 - 0x00007ff8af2fd000 	C:\WINDOWS\System32\WS2_32.dll
0x00007ff8a9250000 - 0x00007ff8a9274000 	C:\WINDOWS\SYSTEM32\WINMM.dll
0x00007ff8a5400000 - 0x00007ff8a540a000 	C:\WINDOWS\SYSTEM32\VERSION.dll
0x00007ff8a9220000 - 0x00007ff8a924d000 	C:\WINDOWS\SYSTEM32\WINMMBASE.dll
0x00007ff8ac8d0000 - 0x00007ff8ac91a000 	C:\WINDOWS\System32\cfgmgr32.dll
0x00007ff8a85a0000 - 0x00007ff8a85af000 	C:\Program Files\Java\jdk1.8.0_201\jre\bin\verify.dll
0x00007ff8a3370000 - 0x00007ff8a3399000 	C:\Program Files\Java\jdk1.8.0_201\jre\bin\java.dll
0x00007ff8a91c0000 - 0x00007ff8a91e3000 	C:\Program Files\Java\jdk1.8.0_201\jre\bin\instrument.dll
0x00007ff864500000 - 0x00007ff864516000 	C:\Program Files\Java\jdk1.8.0_201\jre\bin\zip.dll
0x00007ff8adb20000 - 0x00007ff8af014000 	C:\WINDOWS\System32\SHELL32.dll
0x00007ff8affd0000 - 0x00007ff8b0078000 	C:\WINDOWS\System32\shcore.dll
0x00007ff8acfc0000 - 0x00007ff8ad70d000 	C:\WINDOWS\System32\windows.storage.dll
0x00007ff8ac4e0000 - 0x00007ff8ac504000 	C:\WINDOWS\System32\profapi.dll
0x00007ff8ac550000 - 0x00007ff8ac5ad000 	C:\WINDOWS\System32\powrprof.dll
0x00007ff8b0180000 - 0x00007ff8b01d2000 	C:\WINDOWS\System32\shlwapi.dll
0x00007ff8ac530000 - 0x00007ff8ac541000 	C:\WINDOWS\System32\kernel.appcore.dll
0x00007ff8ace00000 - 0x00007ff8ace17000 	C:\WINDOWS\System32\cryptsp.dll
0x00007ff8982c0000 - 0x00007ff8982da000 	C:\Program Files\JetBrains\IntelliJ IDEA Community Edition 2019.2\bin\breakgen64.dll
0x00007ff8a79f0000 - 0x00007ff8a7a0a000 	C:\Program Files\Java\jdk1.8.0_201\jre\bin\net.dll
0x00007ff8a05e0000 - 0x00007ff8a07b7000 	C:\WINDOWS\SYSTEM32\urlmon.dll
0x00007ff89da80000 - 0x00007ff89dd28000 	C:\WINDOWS\SYSTEM32\iertutil.dll
0x00007ff8abf20000 - 0x00007ff8abf2c000 	C:\WINDOWS\SYSTEM32\CRYPTBASE.DLL
0x00007ff8abd50000 - 0x00007ff8abdb7000 	C:\WINDOWS\system32\mswsock.dll
0x00007ff83d0f0000 - 0x00007ff83d289000 	C:\Program Files\Java\jdk1.8.0_201\jre\bin\awt.dll
0x00007ff8af840000 - 0x00007ff8af904000 	C:\WINDOWS\System32\OLEAUT32.dll
0x00007ff8aa7d0000 - 0x00007ff8aa85c000 	C:\WINDOWS\SYSTEM32\apphelp.dll
0x00007ff8aaa90000 - 0x00007ff8aab2c000 	C:\WINDOWS\system32\uxtheme.dll
0x00007ff8ad790000 - 0x00007ff8ad8fb000 	C:\WINDOWS\System32\MSCTF.dll
0x00007ff8aad70000 - 0x00007ff8aad9e000 	C:\WINDOWS\system32\dwmapi.dll
0x00007ff8ac630000 - 0x00007ff8ac80b000 	C:\WINDOWS\System32\CRYPT32.dll
0x00007ff8ac510000 - 0x00007ff8ac522000 	C:\WINDOWS\System32\MSASN1.dll
0x00007ff8afc50000 - 0x00007ff8afda5000 	C:\WINDOWS\System32\ole32.dll
0x00007ff880040000 - 0x00007ff880167000 	C:\WINDOWS\system32\opengl32.dll
0x00007ff883310000 - 0x00007ff88333c000 	C:\WINDOWS\SYSTEM32\GLU32.dll
0x00007ff8abab0000 - 0x00007ff8abb76000 	C:\WINDOWS\SYSTEM32\DNSAPI.dll
0x00007ff8af0d0000 - 0x00007ff8af0d8000 	C:\WINDOWS\System32\NSI.dll
0x00007ff8aba70000 - 0x00007ff8abaad000 	C:\WINDOWS\SYSTEM32\IPHLPAPI.DLL
0x00007ff89e780000 - 0x00007ff89e78a000 	C:\Windows\System32\rasadhlp.dll
0x00007ff89eb60000 - 0x00007ff89ebd9000 	C:\WINDOWS\System32\fwpuclnt.dll
0x00007ff8acbc0000 - 0x00007ff8acbe6000 	C:\WINDOWS\System32\bcrypt.dll
0x00007ff860880000 - 0x00007ff8608c7000 	C:\Program Files\Java\jdk1.8.0_201\jre\bin\fontmanager.dll
0x00007ff860000000 - 0x00007ff860099000 	C:\WINDOWS\system32\RICHED20.DLL
0x00007ff86fe30000 - 0x00007ff86fe49000 	C:\WINDOWS\SYSTEM32\USP10.dll
0x00007ff8711c0000 - 0x00007ff8711f9000 	C:\WINDOWS\SYSTEM32\msls31.dll
0x00007ff8af020000 - 0x00007ff8af0c2000 	C:\WINDOWS\System32\clbcatq.dll
0x00007ff8a1f10000 - 0x00007ff8a1f66000 	C:\WINDOWS\system32\dataexchange.dll
0x00007ff8a9880000 - 0x00007ff8a9afe000 	C:\WINDOWS\system32\d3d11.dll
0x00007ff8aa0c0000 - 0x00007ff8aa283000 	C:\WINDOWS\system32\dcomp.dll
0x00007ff8ab1e0000 - 0x00007ff8ab2a2000 	C:\WINDOWS\system32\dxgi.dll
0x00007ff8aab60000 - 0x00007ff8aad6d000 	C:\WINDOWS\system32\twinapi.appcore.dll
0x00007ff8aada0000 - 0x00007ff8aadc8000 	C:\WINDOWS\system32\RMCLIENT.dll
0x00007ff8a79d0000 - 0x00007ff8a79e1000 	C:\Program Files\Java\jdk1.8.0_201\jre\bin\nio.dll
0x00007ff860830000 - 0x00007ff860872000 	C:\Program Files\Java\jdk1.8.0_201\jre\bin\t2k.dll
0x00007ff887720000 - 0x00007ff8877b5000 	C:\WINDOWS\System32\TextInputFramework.dll
0x00007ff8a7ae0000 - 0x00007ff8a7e02000 	C:\WINDOWS\System32\CoreUIComponents.dll
0x00007ff8aa5f0000 - 0x00007ff8aa6d2000 	C:\WINDOWS\System32\CoreMessaging.dll
0x00007ff8ab690000 - 0x00007ff8ab6c1000 	C:\WINDOWS\SYSTEM32\ntmarta.dll
0x00007ff8a8720000 - 0x00007ff8a8873000 	C:\WINDOWS\SYSTEM32\wintypes.dll
0x00007ff8a32e0000 - 0x00007ff8a32f6000 	C:\WINDOWS\SYSTEM32\dhcpcsvc6.DLL
0x00007ff8a54c0000 - 0x00007ff8a54dc000 	C:\WINDOWS\SYSTEM32\dhcpcsvc.DLL
0x00007ff896670000 - 0x00007ff896686000 	C:\WINDOWS\system32\napinsp.dll
0x00007ff896650000 - 0x00007ff89666a000 	C:\WINDOWS\system32\pnrpnsp.dll
0x00007ff896640000 - 0x00007ff89664e000 	C:\WINDOWS\System32\winrnr.dll
0x00007ff8a8ef0000 - 0x00007ff8a8f0b000 	C:\WINDOWS\system32\NLAapi.dll
0x00007ff896620000 - 0x00007ff896635000 	C:\WINDOWS\system32\wshbth.dll
0x00007ff838f80000 - 0x00007ff83a18a000 	C:\Users\timke\Documents\Intelligent_Systems\jniortools.dll
0x00007ff897d90000 - 0x00007ff897e2b000 	C:\WINDOWS\SYSTEM32\MSVCP140.dll
0x00007ff8a1170000 - 0x00007ff8a135d000 	C:\WINDOWS\SYSTEM32\dbghelp.dll
0x00007ff897d60000 - 0x00007ff897d75000 	C:\WINDOWS\SYSTEM32\VCRUNTIME140.dll
0x00007ff8a7400000 - 0x00007ff8a75b8000 	C:\WINDOWS\SYSTEM32\WindowsCodecs.dll
0x00007ff860fd0000 - 0x00007ff861001000 	C:\Program Files\Java\jdk1.8.0_201\jre\bin\jpeg.dll

VM Arguments:
jvm_args: -Djava.library.path=C:\Users\timke\Documents\Intelligent_Systems -javaagent:C:\Program Files\JetBrains\IntelliJ IDEA Community Edition 2019.2\lib\idea_rt.jar=2958:C:\Program Files\JetBrains\IntelliJ IDEA Community Edition 2019.2\bin -Dfile.encoding=UTF-8 
java_command: main.Main
java_class_path (initial): C:\Program Files\Java\jdk1.8.0_201\jre\lib\charsets.jar;C:\Program Files\Java\jdk1.8.0_201\jre\lib\deploy.jar;C:\Program Files\Java\jdk1.8.0_201\jre\lib\ext\access-bridge-64.jar;C:\Program Files\Java\jdk1.8.0_201\jre\lib\ext\cldrdata.jar;C:\Program Files\Java\jdk1.8.0_201\jre\lib\ext\dnsns.jar;C:\Program Files\Java\jdk1.8.0_201\jre\lib\ext\jaccess.jar;C:\Program Files\Java\jdk1.8.0_201\jre\lib\ext\jfxrt.jar;C:\Program Files\Java\jdk1.8.0_201\jre\lib\ext\localedata.jar;C:\Program Files\Java\jdk1.8.0_201\jre\lib\ext\nashorn.jar;C:\Program Files\Java\jdk1.8.0_201\jre\lib\ext\sunec.jar;C:\Program Files\Java\jdk1.8.0_201\jre\lib\ext\sunjce_provider.jar;C:\Program Files\Java\jdk1.8.0_201\jre\lib\ext\sunmscapi.jar;C:\Program Files\Java\jdk1.8.0_201\jre\lib\ext\sunpkcs11.jar;C:\Program Files\Java\jdk1.8.0_201\jre\lib\ext\zipfs.jar;C:\Program Files\Java\jdk1.8.0_201\jre\lib\javaws.jar;C:\Program Files\Java\jdk1.8.0_201\jre\lib\jce.jar;C:\Program Files\Java\jdk1.8.0_201\jre\lib\jfr.jar;C:\Program Files\Java\jdk1.8.0_201\jre\lib\jfxswt.jar;C:\Program Files\Java\jdk1.8.0_201\jre\lib\jsse.jar;C:\Program Files\Java\jdk1.8.0_201\jre\lib\management-agent.jar;C:\Program Files\Java\jdk1.8.0_201\jre\lib\plugin.jar;C:\Program Files\Java\jdk1.8.0_201\jre\lib\resources.jar;C:\Program Files\Java\jdk1.8.0_201\jre\lib\rt.jar;C:\Users\timke\Documents\Intelligent_Systems\Vehicle_Routing_COS30018\out\production\Vehicle_Routing_COS30018;C:\Users\timke\Documents\Intelligent_Systems\com.google.ortools.jar;C:\Users\timke\Documents\Intelligent_Systems\protobuf.jar;C:\Users\timke\Documents\JAVA_LIBRARIES\choco-solver-4.10.1.jar;C:\Users\timke\Documents\JAVA_LIBRARIES\mysql-connector.jar;C:\Users\timke\Documents\JADE\lib\jade.jar;C:\Program Files\JetBrains\IntelliJ IDEA Community Edition 2019.2\lib\idea_rt.jar
Launcher Type: SUN_STANDARD

Environment Variables:
PATH=C:\Program Files (x86)\Common Files\Oracle\Java\javapath;"C:\Program Files\Java\jdk-11.0.2; C:\glassfish4\jdk7; C:\glassfish4\jdk7\jre;";C:\ProgramData\Oracle\Java\javapath;C:\Program Files (x86)\Intel\iCLS Client\;C:\Program Files\Intel\iCLS Client\;C:\Windows\system32;C:\Windows;C:\Windows\System32\Wbem;C:\Windows\System32\WindowsPowerShell\v1.0\;C:\Program Files\Intel\WiFi\bin\;C:\Program Files\Common Files\Intel\WirelessCommon\;C:\Program Files (x86)\NVIDIA Corporation\PhysX\Common;C:\Program Files (x86)\Intel\Intel(R) Management Engine Components\DAL;C:\Program Files\Intel\Intel(R) Management Engine Components\DAL;C:\Program Files (x86)\Intel\Intel(R) Management Engine Components\IPT;C:\Program Files\Intel\Intel(R) Management Engine Components\IPT;C:\Program Files (x86)\Skype\Phone\;C:\WINDOWS\system32;C:\WINDOWS;C:\WINDOWS\System32\Wbem;C:\WINDOWS\System32\WindowsPowerShell\v1.0\;C:\FPC\2.6.4\bin\i386-Win32;C:\Program Files\PuTTY\;C:\Program Files (x86)\IVI Foundation\VISA\WinNT\Bin;C:\WINDOWS\System32\OpenSSH\;C:\Program Files\Microsoft VS Code\bin;C:\Program Files\dotnet\;C:\Program Files\Git\cmd;C:\Program Files\nodejs\;C:\Program Files\NVIDIA Corporation\NVIDIA NvDLISR;;C:\WINDOWS\system32;C:\WINDOWS;C:\WINDOWS\System32\Wbem;C:\WINDOWS\System32\WindowsPowerShell\v1.0\;C:\WINDOWS\System32\OpenSSH\;C:\Users\timke\AppData\Local\Microsoft\WindowsApps;C:\Users\timke\AppData\Local\atom\bin;C:\Users\timke\AppData\Local\Microsoft\WindowsApps;C:\Users\timke\AppData\Roaming\npm;C:\Program Files (x86)\Nmap;C:\Program Files\Java\jdk1.8.0_201\bin;C:\Python27;C:\Python27\Scripts;
USERNAME=timke
OS=Windows_NT
PROCESSOR_IDENTIFIER=Intel64 Family 6 Model 158 Stepping 9, GenuineIntel



---------------  S Y S T E M  ---------------

OS: Windows 10.0 , 64 bit Build 17763 (10.0.17763.475)

CPU:total 8 (initial active 8) (4 cores per cpu, 2 threads per core) family 6 model 158 stepping 9, cmov, cx8, fxsr, mmx, sse, sse2, sse3, ssse3, sse4.1, sse4.2, popcnt, avx, avx2, aes, clmul, erms, 3dnowpref, lzcnt, ht, tsc, tscinvbit, bmi1, bmi2, adx

Memory: 4k page, physical 8270668k(795896k free), swap 21902156k(7310856k free)

vm_info: Java HotSpot(TM) 64-Bit Server VM (25.201-b09) for windows-amd64 JRE (1.8.0_201-b09), built on Dec 15 2018 18:36:39 by "java_re" with MS VC++ 10.0 (VS2010)

time: Thu Oct 31 09:56:49 2019
timezone: AUS Eastern Daylight Time
elapsed time: 22 seconds (0d 0h 0m 22s)

