#
# A fatal error has been detected by the Java Runtime Environment:
#
#  EXCEPTION_ACCESS_VIOLATION (0xc0000005) at pc=0x0000000061e5f01d, pid=11484, tid=0x0000000000002514
#
# JRE version: Java(TM) SE Runtime Environment (8.0_202-b08) (build 1.8.0_202-b08)
# Java VM: Java HotSpot(TM) 64-Bit Server VM (25.202-b08 mixed mode windows-amd64 compressed oops)
# Problematic frame:
# V  [jvm.dll+0x13f01d]
#
# Failed to write core dump. Minidumps are not enabled by default on client versions of Windows
#
# If you would like to submit a bug report, please visit:
#   http://bugreport.java.com/bugreport/crash.jsp
# The crash happened outside the Java Virtual Machine in native code.
# See problematic frame for where to report the bug.
#

---------------  T H R E A D  ---------------

Current thread (0x0000000002f2d000):  JavaThread "Finalizer" daemon [_thread_in_native, id=9492, stack(0x000000001d7f0000,0x000000001d8f0000)]

siginfo: ExceptionCode=0xc0000005, writing address 0x0000000000000270

Registers:
RAX=0x000000000000dead, RBX=0x0000000000000000, RCX=0x000000001ed1f800, RDX=0x000000001e88d498
RSP=0x000000001d8eef30, RBP=0x0000000000000000, RSI=0x00000000285a47e0, RDI=0x000000001e88d498
R8 =0x0000000000da1200, R9 =0x0000000000008000, R10=0x0000000002f48c3b, R11=0x0000000061f4cf20
R12=0x0000000000000000, R13=0x0000000000000000, R14=0x0000000000000000, R15=0x00000000285c0408
RIP=0x0000000061e5f01d, EFLAGS=0x0000000000010246

Top of Stack: (sp=0x000000001d8eef30)
0x000000001d8eef30:   0000000000000000 0000000025dd3198
0x000000001d8eef40:   00000000285c0408 00000000286c8e20
0x000000001d8eef50:   00000000ffffffff 00007ffbfc0f87ce
0x000000001d8eef60:   0000000028541c30 00000000285a47e0
0x000000001d8eef70:   0000000000000000 0000000000000000
0x000000001d8eef80:   fffffffffffffffe 00000000285c0300
0x000000001d8eef90:   0000000000000000 00007ffbfc0f6bed
0x000000001d8eefa0:   0000000000000000 00007ffbfce734b0
0x000000001d8eefb0:   00000000285c0408 00000000285c0300
0x000000001d8eefc0:   00000000285a4860 00007ffbfc3dc6d5
0x000000001d8eefd0:   00000000285a47e0 0000000000000000
0x000000001d8eefe0:   00000000285c0ad0 0000000002f2d830
0x000000001d8eeff0:   00007ffbfce734b0 00007ffbfc3e04b8
0x000000001d8ef000:   000000001d8ef089 00000000285c0300
0x000000001d8ef010:   00000000285c0b20 000000001d8ef089
0x000000001d8ef020:   00007ffbfce734b0 0000000000000000 

Instructions: (pc=0x0000000061e5f01d)
0x0000000061e5effd:   8b fa 3d ab de 00 00 74 17 8b 83 88 02 00 00 3d
0x0000000061e5f00d:   ac de 00 00 74 0a 48 8b cb e8 65 03 10 00 33 db
0x0000000061e5f01d:   c7 83 70 02 00 00 05 00 00 00 83 3d 9a 86 6d 00
0x0000000061e5f02d:   01 75 09 80 3d 0c 79 6d 00 00 74 18 80 3d 04 79 


Register to memory mapping:

RAX=0x000000000000dead is an unknown value
RBX=0x0000000000000000 is an unknown value
RCX=0x000000001ed1f800 is an unknown value
RDX=0x000000001e88d498 is a global jni handle
RSP=0x000000001d8eef30 is pointing into the stack for thread: 0x0000000002f2d000
RBP=0x0000000000000000 is an unknown value
RSI=0x00000000285a47e0 is an unknown value
RDI=0x000000001e88d498 is a global jni handle
R8 =0x0000000000da1200 is an unknown value
R9 =0x0000000000008000 is an unknown value
R10=0x0000000002f48c3b is at code_begin+891 in an Interpreter codelet
method entry point (kind = native)  [0x0000000002f488c0, 0x0000000002f49280]  2496 bytes
R11=0x0000000061f4cf20 is an unknown value
R12=0x0000000000000000 is an unknown value
R13=0x0000000000000000 is an unknown value
R14=0x0000000000000000 is an unknown value
R15=0x00000000285c0408 is an unknown value


Stack: [0x000000001d7f0000,0x000000001d8f0000],  sp=0x000000001d8eef30,  free space=1019k
Native frames: (J=compiled Java code, j=interpreted, Vv=VM code, C=native code)

Java frames: (J=compiled Java code, j=interpreted, Vv=VM code)
j  com.google.ortools.constraintsolver.mainJNI.delete_RoutingModel(J)V+0
j  com.google.ortools.constraintsolver.RoutingModel.delete()V+25
j  com.google.ortools.constraintsolver.RoutingModel.finalize()V+1
J 983 C1 java.lang.ref.Finalizer.runFinalizer(Lsun/misc/JavaLangAccess;)V (62 bytes) @ 0x00000000032c4914 [0x00000000032c4380+0x594]
J 982 C1 java.lang.ref.Finalizer.access$100(Ljava/lang/ref/Finalizer;Lsun/misc/JavaLangAccess;)V (6 bytes) @ 0x00000000032c401c [0x00000000032c3fc0+0x5c]
j  java.lang.ref.Finalizer$FinalizerThread.run()V+45
v  ~StubRoutines::call_stub

---------------  P R O C E S S  ---------------

Java Threads: ( => current thread )
  0x000000001ed22800 JavaThread "Image Fetcher 3" daemon [_thread_blocked, id=23180, stack(0x000000002d180000,0x000000002d280000)]
  0x000000001ed19800 JavaThread "Image Fetcher 2" daemon [_thread_blocked, id=19544, stack(0x000000002d080000,0x000000002d180000)]
  0x000000001ed20000 JavaThread "DestroyJavaVM" [_thread_blocked, id=24480, stack(0x0000000002b50000,0x0000000002c50000)]
  0x000000001ed1e800 JavaThread "MasterRouteAgent" [_thread_blocked, id=13876, stack(0x000000002cc80000,0x000000002cd80000)]
  0x000000001ed1e000 JavaThread "Delivery_Agent3" [_thread_in_Java, id=18264, stack(0x000000002cb80000,0x000000002cc80000)]
  0x000000001ed1c800 JavaThread "Delivery_Agent2" [_thread_in_vm, id=18780, stack(0x000000002ca80000,0x000000002cb80000)]
  0x000000001ed1b800 JavaThread "Delivery_Agent1" [_thread_in_vm, id=9164, stack(0x000000002c980000,0x000000002ca80000)]
  0x000000001ed1b000 JavaThread "Delivery_Agent0" [_thread_in_Java, id=5284, stack(0x000000002c880000,0x000000002c980000)]
  0x000000001ed1d000 JavaThread "DBAgent" [_thread_blocked, id=22000, stack(0x000000002c780000,0x000000002c880000)]
  0x000000001ed18800 JavaThread "rma" [_thread_blocked, id=18248, stack(0x000000002c680000,0x000000002c780000)]
  0x000000001ed1a000 JavaThread "df" [_thread_blocked, id=8964, stack(0x000000002c580000,0x000000002c680000)]
  0x000000001e939000 JavaThread "ams" [_thread_blocked, id=2368, stack(0x000000002c480000,0x000000002c580000)]
  0x000000001e938000 JavaThread "Thread-13" [_thread_in_native, id=9312, stack(0x000000002c380000,0x000000002c480000)]
  0x000000001e937800 JavaThread "Deliverer-04" [_thread_blocked, id=6124, stack(0x000000002c280000,0x000000002c380000)]
  0x000000001e936000 JavaThread "Deliverer-03" [_thread_blocked, id=17272, stack(0x000000002c180000,0x000000002c280000)]
  0x000000001e935000 JavaThread "Deliverer-02" [_thread_blocked, id=8296, stack(0x000000002c080000,0x000000002c180000)]
  0x000000001e936800 JavaThread "Deliverer-01" [_thread_blocked, id=1520, stack(0x000000002bf80000,0x000000002c080000)]
  0x000000001e939800 JavaThread "Deliverer-00" [_thread_blocked, id=21424, stack(0x000000002be80000,0x000000002bf80000)]
  0x000000001e93c000 JavaThread "Thread-7" [_thread_in_native, id=21468, stack(0x000000002bd80000,0x000000002be80000)]
  0x000000001e93b000 JavaThread "Thread-6" [_thread_blocked, id=25104, stack(0x000000002bc80000,0x000000002bd80000)]
  0x000000001e93a800 JavaThread "JICPServer-8888" daemon [_thread_in_native, id=16536, stack(0x000000002bb80000,0x000000002bc80000)]
  0x000000001e927800 JavaThread "D3D Screen Updater" daemon [_thread_blocked, id=21164, stack(0x000000002adc0000,0x000000002aec0000)]
  0x000000001e8e4000 JavaThread "Thread-3" [_thread_blocked, id=16388, stack(0x000000002a4a0000,0x000000002a5a0000)]
  0x000000001e7f7000 JavaThread "JADE Timer dispatcher" [_thread_blocked, id=19728, stack(0x000000002a3a0000,0x000000002a4a0000)]
  0x000000001e7da000 JavaThread "AWT-EventQueue-0" [_thread_blocked, id=16720, stack(0x000000001f330000,0x000000001f430000)]
  0x000000001e7d8800 JavaThread "AWT-Windows" daemon [_thread_in_native, id=23304, stack(0x000000001f130000,0x000000001f230000)]
  0x000000001e7d3800 JavaThread "AWT-Shutdown" [_thread_blocked, id=16396, stack(0x000000001f030000,0x000000001f130000)]
  0x000000001e7d1000 JavaThread "Java2D Disposer" daemon [_thread_blocked, id=11348, stack(0x000000001ef30000,0x000000001f030000)]
  0x000000001c5fc000 JavaThread "Service Thread" daemon [_thread_blocked, id=6228, stack(0x000000001e3f0000,0x000000001e4f0000)]
  0x000000001dc6c000 JavaThread "C1 CompilerThread2" daemon [_thread_blocked, id=18652, stack(0x000000001e2f0000,0x000000001e3f0000)]
  0x000000001dc59800 JavaThread "C2 CompilerThread1" daemon [_thread_blocked, id=10212, stack(0x000000001e1f0000,0x000000001e2f0000)]
  0x000000001dc56800 JavaThread "C2 CompilerThread0" daemon [_thread_blocked, id=1696, stack(0x000000001e0f0000,0x000000001e1f0000)]
  0x000000001dc53000 JavaThread "Monitor Ctrl-Break" daemon [_thread_in_native, id=24584, stack(0x000000001dff0000,0x000000001e0f0000)]
  0x000000001c5ab800 JavaThread "Attach Listener" daemon [_thread_blocked, id=19656, stack(0x000000001daf0000,0x000000001dbf0000)]
  0x000000001c5a8800 JavaThread "Signal Dispatcher" daemon [_thread_blocked, id=5840, stack(0x000000001d9f0000,0x000000001daf0000)]
=>0x0000000002f2d000 JavaThread "Finalizer" daemon [_thread_in_native, id=9492, stack(0x000000001d7f0000,0x000000001d8f0000)]
  0x0000000002f23000 JavaThread "Reference Handler" daemon [_thread_blocked, id=23260, stack(0x000000001d6f0000,0x000000001d7f0000)]

Other Threads:
  0x000000001c567800 VMThread [stack: 0x000000001d5f0000,0x000000001d6f0000] [id=10988]
  0x000000001dd34000 WatcherThread [stack: 0x000000001e4f0000,0x000000001e5f0000] [id=18796]

VM state:not at safepoint (normal execution)

VM Mutex/Monitor currently owned by a thread: None

heap address: 0x00000006c0a00000, size: 4086 MB, Compressed Oops mode: Zero based, Oop shift amount: 3
Narrow klass base: 0x0000000000000000, Narrow klass shift: 3
Compressed class space size: 1073741824 Address: 0x00000007c0000000

Heap:
 PSYoungGen      total 112640K, used 4450K [0x000000076ae00000, 0x0000000772d80000, 0x00000007c0000000)
  eden space 111616K, 3% used [0x000000076ae00000,0x000000076b17d8d8,0x0000000771b00000)
  from space 1024K, 85% used [0x0000000772c80000,0x0000000772d5b018,0x0000000772d80000)
  to   space 8704K, 0% used [0x0000000771c80000,0x0000000771c80000,0x0000000772500000)
 ParOldGen       total 82432K, used 5189K [0x00000006c0a00000, 0x00000006c5a80000, 0x000000076ae00000)
  object space 82432K, 6% used [0x00000006c0a00000,0x00000006c0f11660,0x00000006c5a80000)
 Metaspace       used 22552K, capacity 22940K, committed 23088K, reserved 1069056K
  class space    used 2852K, capacity 2967K, committed 3072K, reserved 1048576K

Card table byte_map: [0x00000000122f0000,0x0000000012af0000] byte_map_base: 0x000000000eceb000

Marking Bits: (ParMarkBitMap*) 0x0000000062545ce0
 Begin Bits: [0x0000000013450000, 0x0000000017428000)
 End Bits:   [0x0000000017428000, 0x000000001b400000)

Polling page: 0x0000000001220000

CodeCache: size=245760Kb used=5629Kb max_used=5644Kb free=240130Kb
 bounds [0x0000000002f30000, 0x00000000034c0000, 0x0000000011f30000]
 total_blobs=2376 nmethods=1683 adapters=605
 compilation: enabled

Compilation events (10 events):
Event: 7.858 Thread 0x000000001dc6c000 1816       3       jdk.internal.org.objectweb.asm.MethodWriter::visitInsn (106 bytes)
Event: 7.859 Thread 0x000000001dc6c000 nmethod 1816 0x00000000034abcd0 code [0x00000000034abe80, 0x00000000034ac328]
Event: 7.859 Thread 0x000000001dc6c000 1819       1       java.lang.invoke.MethodHandles$Lookup::lookupClass (5 bytes)
Event: 7.859 Thread 0x000000001dc6c000 nmethod 1819 0x00000000034aba10 code [0x00000000034abb60, 0x00000000034abc70]
Event: 7.860 Thread 0x000000001dc56800 1821       4       jade.core.behaviours.Behaviour::actionWrapper (59 bytes)
Event: 7.860 Thread 0x000000001dc59800 1822       4       agents.DriverAgent$1::action (319 bytes)
Event: 7.869 Thread 0x000000001dc59800 nmethod 1822 0x00000000034b1710 code [0x00000000034b1a60, 0x00000000034b2ad8]
Event: 7.869 Thread 0x000000001dc59800 1823   !   4       jade.core.Agent$ActiveLifeCycle::execute (107 bytes)
Event: 7.870 Thread 0x000000001dc56800 nmethod 1821 0x00000000034b64d0 code [0x00000000034b6840, 0x00000000034b7938]
Event: 7.878 Thread 0x000000001dc59800 nmethod 1823 0x00000000034b8f10 code [0x00000000034b90e0, 0x00000000034b9e28]

GC Heap History (10 events):
Event: 6.812 GC heap before
{Heap before GC invocations=5 (full 0):
 PSYoungGen      total 76288K, used 36428K [0x000000076ae00000, 0x0000000770300000, 0x00000007c0000000)
  eden space 65536K, 47% used [0x000000076ae00000,0x000000076cc6f1b0,0x000000076ee00000)
  from space 10752K, 48% used [0x000000076f880000,0x000000076fda40e0,0x0000000770300000)
  to   space 10752K, 0% used [0x000000076ee00000,0x000000076ee00000,0x000000076f880000)
 ParOldGen       total 175104K, used 48K [0x00000006c0a00000, 0x00000006cb500000, 0x000000076ae00000)
  object space 175104K, 0% used [0x00000006c0a00000,0x00000006c0a0c000,0x00000006cb500000)
 Metaspace       used 20965K, capacity 21268K, committed 21296K, reserved 1069056K
  class space    used 2709K, capacity 2791K, committed 2816K, reserved 1048576K
Event: 6.815 GC heap after
Heap after GC invocations=5 (full 0):
 PSYoungGen      total 76288K, used 5264K [0x000000076ae00000, 0x0000000773b00000, 0x00000007c0000000)
  eden space 65536K, 0% used [0x000000076ae00000,0x000000076ae00000,0x000000076ee00000)
  from space 10752K, 48% used [0x000000076ee00000,0x000000076f324100,0x000000076f880000)
  to   space 6656K, 0% used [0x0000000773480000,0x0000000773480000,0x0000000773b00000)
 ParOldGen       total 175104K, used 56K [0x00000006c0a00000, 0x00000006cb500000, 0x000000076ae00000)
  object space 175104K, 0% used [0x00000006c0a00000,0x00000006c0a0e000,0x00000006cb500000)
 Metaspace       used 20965K, capacity 21268K, committed 21296K, reserved 1069056K
  class space    used 2709K, capacity 2791K, committed 2816K, reserved 1048576K
}
Event: 6.815 GC heap before
{Heap before GC invocations=6 (full 1):
 PSYoungGen      total 76288K, used 5264K [0x000000076ae00000, 0x0000000773b00000, 0x00000007c0000000)
  eden space 65536K, 0% used [0x000000076ae00000,0x000000076ae00000,0x000000076ee00000)
  from space 10752K, 48% used [0x000000076ee00000,0x000000076f324100,0x000000076f880000)
  to   space 6656K, 0% used [0x0000000773480000,0x0000000773480000,0x0000000773b00000)
 ParOldGen       total 175104K, used 56K [0x00000006c0a00000, 0x00000006cb500000, 0x000000076ae00000)
  object space 175104K, 0% used [0x00000006c0a00000,0x00000006c0a0e000,0x00000006cb500000)
 Metaspace       used 20965K, capacity 21268K, committed 21296K, reserved 1069056K
  class space    used 2709K, capacity 2791K, committed 2816K, reserved 1048576K
Event: 6.832 GC heap after
Heap after GC invocations=6 (full 1):
 PSYoungGen      total 76288K, used 0K [0x000000076ae00000, 0x0000000773b00000, 0x00000007c0000000)
  eden space 65536K, 0% used [0x000000076ae00000,0x000000076ae00000,0x000000076ee00000)
  from space 10752K, 0% used [0x000000076ee00000,0x000000076ee00000,0x000000076f880000)
  to   space 6656K, 0% used [0x0000000773480000,0x0000000773480000,0x0000000773b00000)
 ParOldGen       total 82432K, used 5173K [0x00000006c0a00000, 0x00000006c5a80000, 0x000000076ae00000)
  object space 82432K, 6% used [0x00000006c0a00000,0x00000006c0f0d660,0x00000006c5a80000)
 Metaspace       used 20961K, capacity 21262K, committed 21296K, reserved 1069056K
  class space    used 2709K, capacity 2790K, committed 2816K, reserved 1048576K
}
Event: 7.122 GC heap before
{Heap before GC invocations=7 (full 1):
 PSYoungGen      total 76288K, used 65536K [0x000000076ae00000, 0x0000000773b00000, 0x00000007c0000000)
  eden space 65536K, 100% used [0x000000076ae00000,0x000000076ee00000,0x000000076ee00000)
  from space 10752K, 0% used [0x000000076ee00000,0x000000076ee00000,0x000000076f880000)
  to   space 6656K, 0% used [0x0000000773480000,0x0000000773480000,0x0000000773b00000)
 ParOldGen       total 82432K, used 5173K [0x00000006c0a00000, 0x00000006c5a80000, 0x000000076ae00000)
  object space 82432K, 6% used [0x00000006c0a00000,0x00000006c0f0d660,0x00000006c5a80000)
 Metaspace       used 20966K, capacity 21266K, committed 21296K, reserved 1069056K
  class space    used 2710K, capacity 2790K, committed 2816K, reserved 1048576K
Event: 7.123 GC heap after
Heap after GC invocations=7 (full 1):
 PSYoungGen      total 118272K, used 160K [0x000000076ae00000, 0x0000000773500000, 0x00000007c0000000)
  eden space 117760K, 0% used [0x000000076ae00000,0x000000076ae00000,0x0000000772100000)
  from space 512K, 31% used [0x0000000773480000,0x00000007734a8000,0x0000000773500000)
  to   space 8192K, 0% used [0x0000000772500000,0x0000000772500000,0x0000000772d00000)
 ParOldGen       total 82432K, used 5181K [0x00000006c0a00000, 0x00000006c5a80000, 0x000000076ae00000)
  object space 82432K, 6% used [0x00000006c0a00000,0x00000006c0f0f660,0x00000006c5a80000)
 Metaspace       used 20966K, capacity 21266K, committed 21296K, reserved 1069056K
  class space    used 2710K, capacity 2790K, committed 2816K, reserved 1048576K
}
Event: 7.538 GC heap before
{Heap before GC invocations=8 (full 1):
 PSYoungGen      total 118272K, used 117920K [0x000000076ae00000, 0x0000000773500000, 0x00000007c0000000)
  eden space 117760K, 100% used [0x000000076ae00000,0x0000000772100000,0x0000000772100000)
  from space 512K, 31% used [0x0000000773480000,0x00000007734a8000,0x0000000773500000)
  to   space 8192K, 0% used [0x0000000772500000,0x0000000772500000,0x0000000772d00000)
 ParOldGen       total 82432K, used 5181K [0x00000006c0a00000, 0x00000006c5a80000, 0x000000076ae00000)
  object space 82432K, 6% used [0x00000006c0a00000,0x00000006c0f0f660,0x00000006c5a80000)
 Metaspace       used 20966K, capacity 21266K, committed 21296K, reserved 1069056K
  class space    used 2710K, capacity 2790K, committed 2816K, reserved 1048576K
Event: 7.539 GC heap after
Heap after GC invocations=8 (full 1):
 PSYoungGen      total 115200K, used 128K [0x000000076ae00000, 0x0000000773500000, 0x00000007c0000000)
  eden space 114688K, 0% used [0x000000076ae00000,0x000000076ae00000,0x0000000771e00000)
  from space 512K, 25% used [0x0000000772500000,0x0000000772520000,0x0000000772580000)
  to   space 8704K, 0% used [0x0000000772c80000,0x0000000772c80000,0x0000000773500000)
 ParOldGen       total 82432K, used 5181K [0x00000006c0a00000, 0x00000006c5a80000, 0x000000076ae00000)
  object space 82432K, 6% used [0x00000006c0a00000,0x00000006c0f0f660,0x00000006c5a80000)
 Metaspace       used 20966K, capacity 21266K, committed 21296K, reserved 1069056K
  class space    used 2710K, capacity 2790K, committed 2816K, reserved 1048576K
}
Event: 7.974 GC heap before
{Heap before GC invocations=9 (full 1):
 PSYoungGen      total 115200K, used 114816K [0x000000076ae00000, 0x0000000773500000, 0x00000007c0000000)
  eden space 114688K, 100% used [0x000000076ae00000,0x0000000771e00000,0x0000000771e00000)
  from space 512K, 25% used [0x0000000772500000,0x0000000772520000,0x0000000772580000)
  to   space 8704K, 0% used [0x0000000772c80000,0x0000000772c80000,0x0000000773500000)
 ParOldGen       total 82432K, used 5181K [0x00000006c0a00000, 0x00000006c5a80000, 0x000000076ae00000)
  object space 82432K, 6% used [0x00000006c0a00000,0x00000006c0f0f660,0x00000006c5a80000)
 Metaspace       used 22552K, capacity 22940K, committed 23088K, reserved 1069056K
  class space    used 2852K, capacity 2967K, committed 3072K, reserved 1048576K
Event: 7.975 GC heap after
Heap after GC invocations=9 (full 1):
 PSYoungGen      total 112640K, used 876K [0x000000076ae00000, 0x0000000772d80000, 0x00000007c0000000)
  eden space 111616K, 0% used [0x000000076ae00000,0x000000076ae00000,0x0000000771b00000)
  from space 1024K, 85% used [0x0000000772c80000,0x0000000772d5b018,0x0000000772d80000)
  to   space 8704K, 0% used [0x0000000771c80000,0x0000000771c80000,0x0000000772500000)
 ParOldGen       total 82432K, used 5189K [0x00000006c0a00000, 0x00000006c5a80000, 0x000000076ae00000)
  object space 82432K, 6% used [0x00000006c0a00000,0x00000006c0f11660,0x00000006c5a80000)
 Metaspace       used 22552K, capacity 22940K, committed 23088K, reserved 1069056K
  class space    used 2852K, capacity 2967K, committed 3072K, reserved 1048576K
}

Deoptimization events (10 events):
Event: 6.794 Thread 0x000000001e939000 Uncommon trap: reason=class_check action=maybe_recompile pc=0x000000000303ee64 method=jade.core.behaviours.Behaviour.actionWrapper()V @ 8
Event: 6.796 Thread 0x000000001ed18800 Uncommon trap: reason=speculate_class_check action=maybe_recompile pc=0x00000000033ac510 method=jade.core.Agent$ActiveLifeCycle.execute()V @ 21
Event: 6.797 Thread 0x000000001ed18800 Uncommon trap: reason=unstable_if action=reinterpret pc=0x000000000341d268 method=jade.core.Agent$ActiveLifeCycle.execute()V @ 65
Event: 6.806 Thread 0x000000001ed18800 Uncommon trap: reason=null_check action=make_not_entrant pc=0x000000000344ade8 method=jade.content.onto.Ontology.getSchema(Ljava/lang/String;)Ljade/content/schema/ObjectSchema; @ 39
Event: 7.796 Thread 0x000000001ed1f800 Uncommon trap: reason=unstable_if action=reinterpret pc=0x00000000031c49c4 method=java.util.HashMap.getNode(ILjava/lang/Object;)Ljava/util/HashMap$Node; @ 62
Event: 7.796 Thread 0x000000001ed1f800 Uncommon trap: reason=unstable_if action=reinterpret pc=0x00000000031c38f8 method=java.util.HashMap.getNode(ILjava/lang/Object;)Ljava/util/HashMap$Node; @ 62
Event: 7.799 Thread 0x000000001e939000 Uncommon trap: reason=class_check action=maybe_recompile pc=0x00000000034777b4 method=jade.core.Agent$ActiveLifeCycle.execute()V @ 69
Event: 7.855 Thread 0x000000001ed1e000 Uncommon trap: reason=unstable_if action=reinterpret pc=0x0000000003477720 method=agents.DriverAgent$1.action()V @ 9
Event: 7.855 Thread 0x000000001ed1c800 Uncommon trap: reason=unstable_if action=reinterpret pc=0x00000000030be8c8 method=java.util.LinkedList$ListItr.<init>(Ljava/util/LinkedList;I)V @ 26
Event: 7.855 Thread 0x000000001ed1c800 Uncommon trap: reason=unstable_if action=reinterpret pc=0x000000000303ee54 method=jade.core.InternalMessageQueue.receive(Ljade/lang/acl/MessageTemplate;)Ljade/lang/acl/ACLMessage; @ 17

Classes redefined (0 events):
No events

Internal exceptions (10 events):
Event: 7.799 Thread 0x000000001ed1f800 Exception <a 'java/lang/ArrayIndexOutOfBoundsException': 0> (0x000000076f3e5658) thrown at [C:\re\workspace\8-2-build-windows-amd64-cygwin\jdk8u202\12323\hotspot\src\share\vm\interpreter\interpreterRuntime.cpp, line 368]
Event: 7.799 Thread 0x000000001ed1f800 Exception <a 'java/lang/ArrayIndexOutOfBoundsException': 1> (0x000000076f3e62a0) thrown at [C:\re\workspace\8-2-build-windows-amd64-cygwin\jdk8u202\12323\hotspot\src\share\vm\interpreter\interpreterRuntime.cpp, line 368]
Event: 7.799 Thread 0x000000001ed1f800 Exception <a 'java/lang/ArrayIndexOutOfBoundsException': 2> (0x000000076f3e6ec0) thrown at [C:\re\workspace\8-2-build-windows-amd64-cygwin\jdk8u202\12323\hotspot\src\share\vm\interpreter\interpreterRuntime.cpp, line 368]
Event: 7.799 Thread 0x000000001ed1f800 Exception <a 'java/lang/ArrayIndexOutOfBoundsException': 3> (0x000000076f3e7ae0) thrown at [C:\re\workspace\8-2-build-windows-amd64-cygwin\jdk8u202\12323\hotspot\src\share\vm\interpreter\interpreterRuntime.cpp, line 368]
Event: 7.799 Thread 0x000000001ed1f800 Exception <a 'java/lang/ArrayIndexOutOfBoundsException': 4> (0x000000076f3e86e8) thrown at [C:\re\workspace\8-2-build-windows-amd64-cygwin\jdk8u202\12323\hotspot\src\share\vm\interpreter\interpreterRuntime.cpp, line 368]
Event: 7.799 Thread 0x000000001ed1f800 Exception <a 'java/lang/ArrayIndexOutOfBoundsException': 5> (0x000000076f3e9308) thrown at [C:\re\workspace\8-2-build-windows-amd64-cygwin\jdk8u202\12323\hotspot\src\share\vm\interpreter\interpreterRuntime.cpp, line 368]
Event: 7.799 Thread 0x000000001ed1f800 Exception <a 'java/lang/ArrayIndexOutOfBoundsException': 6> (0x000000076f3e9f28) thrown at [C:\re\workspace\8-2-build-windows-amd64-cygwin\jdk8u202\12323\hotspot\src\share\vm\interpreter\interpreterRuntime.cpp, line 368]
Event: 7.799 Thread 0x000000001ed1f800 Exception <a 'java/lang/ArrayIndexOutOfBoundsException': 0> (0x000000076f3eaaa0) thrown at [C:\re\workspace\8-2-build-windows-amd64-cygwin\jdk8u202\12323\hotspot\src\share\vm\interpreter\interpreterRuntime.cpp, line 368]
Event: 7.799 Thread 0x000000001ed1f800 Exception <a 'java/lang/ArrayIndexOutOfBoundsException': 7> (0x000000076f3eb210) thrown at [C:\re\workspace\8-2-build-windows-amd64-cygwin\jdk8u202\12323\hotspot\src\share\vm\interpreter\interpreterRuntime.cpp, line 368]
Event: 7.799 Thread 0x000000001ed1f800 Exception <a 'java/lang/ArrayIndexOutOfBoundsException': 8> (0x000000076f3ebe30) thrown at [C:\re\workspace\8-2-build-windows-amd64-cygwin\jdk8u202\12323\hotspot\src\share\vm\interpreter\interpreterRuntime.cpp, line 368]

Events (10 events):
Event: 7.858 loading class java/util/stream/Node$Builder$OfInt done
Event: 7.858 loading class java/util/stream/Nodes$IntArrayNode
Event: 7.858 loading class java/util/stream/Nodes$IntArrayNode done
Event: 7.858 loading class java/util/stream/Nodes$IntFixedNodeBuilder done
Event: 7.858 loading class java/util/stream/ReferencePipeline$4$1
Event: 7.858 loading class java/util/stream/Sink$ChainedReference
Event: 7.858 loading class java/util/stream/Sink$ChainedReference done
Event: 7.858 loading class java/util/stream/ReferencePipeline$4$1 done
Event: 7.974 Executing VM operation: ParallelGCFailedAllocation
Event: 7.975 Executing VM operation: ParallelGCFailedAllocation done


Dynamic libraries:
0x00007ff7ab860000 - 0x00007ff7ab897000 	C:\Program Files\Java\jdk1.8.0_202\bin\java.exe
0x00007ffc79e30000 - 0x00007ffc7a01d000 	C:\WINDOWS\SYSTEM32\ntdll.dll
0x00007ffc4eb10000 - 0x00007ffc4eb24000 	C:\Program Files (x86)\AVG\Antivirus\aswhook.dll
0x00007ffc788f0000 - 0x00007ffc789a3000 	C:\WINDOWS\System32\KERNEL32.DLL
0x00007ffc76200000 - 0x00007ffc76493000 	C:\WINDOWS\System32\KERNELBASE.dll
0x00007ffc78cc0000 - 0x00007ffc78d63000 	C:\WINDOWS\System32\ADVAPI32.dll
0x00007ffc799d0000 - 0x00007ffc79a6e000 	C:\WINDOWS\System32\msvcrt.dll
0x00007ffc77130000 - 0x00007ffc771ce000 	C:\WINDOWS\System32\sechost.dll
0x00007ffc78a20000 - 0x00007ffc78b42000 	C:\WINDOWS\System32\RPCRT4.dll
0x00007ffc78d70000 - 0x00007ffc78f07000 	C:\WINDOWS\System32\USER32.dll
0x00007ffc76c60000 - 0x00007ffc76c80000 	C:\WINDOWS\System32\win32u.dll
0x00007ffc786d0000 - 0x00007ffc786f9000 	C:\WINDOWS\System32\GDI32.dll
0x00007ffc76c80000 - 0x00007ffc76e19000 	C:\WINDOWS\System32\gdi32full.dll
0x00007ffc76e20000 - 0x00007ffc76ec0000 	C:\WINDOWS\System32\msvcp_win.dll
0x00007ffc76100000 - 0x00007ffc761fa000 	C:\WINDOWS\System32\ucrtbase.dll
0x00007ffc6b0e0000 - 0x00007ffc6b359000 	C:\WINDOWS\WinSxS\amd64_microsoft.windows.common-controls_6595b64144ccf1df_6.0.17763.802_none_05b1445c0722d2cc\COMCTL32.dll
0x00007ffc795b0000 - 0x00007ffc798dc000 	C:\WINDOWS\System32\combase.dll
0x00007ffc76f20000 - 0x00007ffc76f9e000 	C:\WINDOWS\System32\bcryptPrimitives.dll
0x00007ffc78810000 - 0x00007ffc7883e000 	C:\WINDOWS\System32\IMM32.DLL
0x00000000625d0000 - 0x00000000626a2000 	C:\Program Files\Java\jdk1.8.0_202\jre\bin\msvcr100.dll
0x0000000061d20000 - 0x00000000625c5000 	C:\Program Files\Java\jdk1.8.0_202\jre\bin\server\jvm.dll
0x00007ffc77120000 - 0x00007ffc77128000 	C:\WINDOWS\System32\PSAPI.DLL
0x00007ffc69040000 - 0x00007ffc69049000 	C:\WINDOWS\SYSTEM32\WSOCK32.dll
0x00007ffc798e0000 - 0x00007ffc7994d000 	C:\WINDOWS\System32\WS2_32.dll
0x00007ffc73fa0000 - 0x00007ffc73fc4000 	C:\WINDOWS\SYSTEM32\WINMM.dll
0x00007ffc70d50000 - 0x00007ffc70d5a000 	C:\WINDOWS\SYSTEM32\VERSION.dll
0x00007ffc73f70000 - 0x00007ffc73f9d000 	C:\WINDOWS\SYSTEM32\WINMMBASE.dll
0x00007ffc76c10000 - 0x00007ffc76c5a000 	C:\WINDOWS\System32\cfgmgr32.dll
0x00007ffc56340000 - 0x00007ffc5634f000 	C:\Program Files\Java\jdk1.8.0_202\jre\bin\verify.dll
0x00007ffc43920000 - 0x00007ffc43949000 	C:\Program Files\Java\jdk1.8.0_202\jre\bin\java.dll
0x00007ffc52150000 - 0x00007ffc52173000 	C:\Program Files\Java\jdk1.8.0_202\jre\bin\instrument.dll
0x00007ffc4b840000 - 0x00007ffc4b856000 	C:\Program Files\Java\jdk1.8.0_202\jre\bin\zip.dll
0x00007ffc771d0000 - 0x00007ffc786c4000 	C:\WINDOWS\System32\SHELL32.dll
0x00007ffc79c20000 - 0x00007ffc79cc8000 	C:\WINDOWS\System32\shcore.dll
0x00007ffc764a0000 - 0x00007ffc76bed000 	C:\WINDOWS\System32\windows.storage.dll
0x00007ffc75ea0000 - 0x00007ffc75ec4000 	C:\WINDOWS\System32\profapi.dll
0x00007ffc75e40000 - 0x00007ffc75e9d000 	C:\WINDOWS\System32\powrprof.dll
0x00007ffc79970000 - 0x00007ffc799c2000 	C:\WINDOWS\System32\shlwapi.dll
0x00007ffc75e20000 - 0x00007ffc75e31000 	C:\WINDOWS\System32\kernel.appcore.dll
0x00007ffc76bf0000 - 0x00007ffc76c07000 	C:\WINDOWS\System32\cryptsp.dll
0x00007ffc52130000 - 0x00007ffc5214a000 	C:\Program Files\JetBrains\IntelliJ IDEA Community Edition 2019.2\bin\breakgen64.dll
0x00007ffc44880000 - 0x00007ffc4489a000 	C:\Program Files\Java\jdk1.8.0_202\jre\bin\net.dll
0x00007ffc6a1a0000 - 0x00007ffc6a377000 	C:\WINDOWS\SYSTEM32\urlmon.dll
0x00007ffc6aa00000 - 0x00007ffc6aca8000 	C:\WINDOWS\SYSTEM32\iertutil.dll
0x00007ffc75860000 - 0x00007ffc7586c000 	C:\WINDOWS\SYSTEM32\CRYPTBASE.DLL
0x00007ffc75690000 - 0x00007ffc756f7000 	C:\WINDOWS\system32\mswsock.dll
0x00007ffc2fb30000 - 0x00007ffc2fcc9000 	C:\Program Files\Java\jdk1.8.0_202\jre\bin\awt.dll
0x00007ffc77050000 - 0x00007ffc77114000 	C:\WINDOWS\System32\OLEAUT32.dll
0x00007ffc740d0000 - 0x00007ffc7415c000 	C:\WINDOWS\SYSTEM32\apphelp.dll
0x00007ffc743f0000 - 0x00007ffc7448c000 	C:\WINDOWS\system32\uxtheme.dll
0x00007ffc78b50000 - 0x00007ffc78cbb000 	C:\WINDOWS\System32\MSCTF.dll
0x00007ffc746d0000 - 0x00007ffc746fe000 	C:\WINDOWS\system32\dwmapi.dll
0x00007ffc75ef0000 - 0x00007ffc760cb000 	C:\WINDOWS\System32\CRYPT32.dll
0x00007ffc75ed0000 - 0x00007ffc75ee2000 	C:\WINDOWS\System32\MSASN1.dll
0x00007ffc78f10000 - 0x00007ffc79065000 	C:\WINDOWS\System32\ole32.dll
0x00007ffc36a10000 - 0x00007ffc36b37000 	C:\WINDOWS\system32\opengl32.dll
0x00007ffc444e0000 - 0x00007ffc4450c000 	C:\WINDOWS\SYSTEM32\GLU32.dll
0x00007ffc6a860000 - 0x00007ffc6a9fe000 	C:\WINDOWS\system32\d3d9.dll
0x00007ffc70e10000 - 0x00007ffc70efe000 	C:\WINDOWS\System32\DriverStore\FileRepository\nv_dispi.inf_amd64_827405c7c65146ab\nvldumdx.dll
0x00007ffc76ec0000 - 0x00007ffc76f19000 	C:\WINDOWS\System32\WINTRUST.DLL
0x00007ffc79950000 - 0x00007ffc7996d000 	C:\WINDOWS\System32\imagehlp.dll
0x00007ffc75210000 - 0x00007ffc75243000 	C:\WINDOWS\system32\rsaenh.dll
0x00007ffc760d0000 - 0x00007ffc760f6000 	C:\WINDOWS\System32\bcrypt.dll
0x00007ffc753b0000 - 0x00007ffc753ed000 	C:\WINDOWS\SYSTEM32\IPHLPAPI.DLL
0x00007ffc78780000 - 0x00007ffc78788000 	C:\WINDOWS\System32\NSI.dll
0x00007ffc1c050000 - 0x00007ffc1d519000 	C:\WINDOWS\System32\DriverStore\FileRepository\nv_dispi.inf_amd64_827405c7c65146ab\nvd3dumx.dll
0x00007ffc701e0000 - 0x00007ffc701f6000 	C:\WINDOWS\SYSTEM32\dhcpcsvc6.DLL
0x00007ffc701c0000 - 0x00007ffc701dc000 	C:\WINDOWS\SYSTEM32\dhcpcsvc.DLL
0x00007ffc753f0000 - 0x00007ffc754b6000 	C:\WINDOWS\SYSTEM32\DNSAPI.dll
0x00007ffc37200000 - 0x00007ffc374c1000 	C:\WINDOWS\system32\nvspcap64.dll
0x00007ffc74e70000 - 0x00007ffc74ea1000 	C:\WINDOWS\SYSTEM32\ntmarta.dll
0x00007ffc74ab0000 - 0x00007ffc74ad2000 	C:\WINDOWS\SYSTEM32\gpapi.dll
0x00007ffc6bf60000 - 0x00007ffc6bf8f000 	C:\WINDOWS\SYSTEM32\cryptnet.dll
0x00007ffc6cba0000 - 0x00007ffc6cbaa000 	C:\Windows\System32\rasadhlp.dll
0x00007ffc6b8a0000 - 0x00007ffc6b919000 	C:\WINDOWS\System32\fwpuclnt.dll
0x00007ffc3d030000 - 0x00007ffc3d077000 	C:\Program Files\Java\jdk1.8.0_202\jre\bin\fontmanager.dll
0x00007ffc36580000 - 0x00007ffc36619000 	C:\WINDOWS\system32\RICHED20.DLL
0x00007ffc5cb00000 - 0x00007ffc5cb19000 	C:\WINDOWS\SYSTEM32\USP10.dll
0x00007ffc50130000 - 0x00007ffc50169000 	C:\WINDOWS\SYSTEM32\msls31.dll
0x00007ffc78840000 - 0x00007ffc788e2000 	C:\WINDOWS\System32\clbcatq.dll
0x00007ffc53390000 - 0x00007ffc533e6000 	C:\WINDOWS\system32\dataexchange.dll
0x00007ffc72f20000 - 0x00007ffc7319e000 	C:\WINDOWS\system32\d3d11.dll
0x00007ffc73820000 - 0x00007ffc739e3000 	C:\WINDOWS\system32\dcomp.dll
0x00007ffc74c00000 - 0x00007ffc74cc2000 	C:\WINDOWS\system32\dxgi.dll
0x00007ffc744c0000 - 0x00007ffc746cd000 	C:\WINDOWS\system32\twinapi.appcore.dll
0x00007ffc74700000 - 0x00007ffc74728000 	C:\WINDOWS\system32\RMCLIENT.dll
0x00007ffc44780000 - 0x00007ffc44792000 	C:\Program Files\Java\jdk1.8.0_202\jre\bin\nio.dll
0x00007ffc3cfe0000 - 0x00007ffc3d022000 	C:\Program Files\Java\jdk1.8.0_202\jre\bin\t2k.dll
0x00007ffc5c320000 - 0x00007ffc5c3b5000 	C:\WINDOWS\System32\TextInputFramework.dll
0x00007ffc716a0000 - 0x00007ffc719c2000 	C:\WINDOWS\System32\CoreUIComponents.dll
0x00007ffc73d50000 - 0x00007ffc73e32000 	C:\WINDOWS\System32\CoreMessaging.dll
0x00007ffc71540000 - 0x00007ffc71693000 	C:\WINDOWS\SYSTEM32\wintypes.dll
0x00007ffc5d310000 - 0x00007ffc5d326000 	C:\WINDOWS\system32\napinsp.dll
0x00007ffc5d2f0000 - 0x00007ffc5d30a000 	C:\WINDOWS\system32\pnrpnsp.dll
0x00007ffc5d250000 - 0x00007ffc5d25e000 	C:\WINDOWS\System32\winrnr.dll
0x00007ffc72500000 - 0x00007ffc7251b000 	C:\WINDOWS\system32\NLAapi.dll
0x00007ffc5d230000 - 0x00007ffc5d245000 	C:\WINDOWS\system32\wshbth.dll
0x00007ffbfc0a0000 - 0x00007ffbfd2aa000 	S:\Documents\Intelligent_Systems\jniortools.dll
0x00007ffc63a80000 - 0x00007ffc63b1b000 	C:\WINDOWS\SYSTEM32\MSVCP140.dll
0x00007ffc6c3d0000 - 0x00007ffc6c5bd000 	C:\WINDOWS\SYSTEM32\dbghelp.dll
0x00007ffc63940000 - 0x00007ffc63955000 	C:\WINDOWS\SYSTEM32\VCRUNTIME140.dll
0x00007ffc71ae0000 - 0x00007ffc71c98000 	C:\WINDOWS\SYSTEM32\WindowsCodecs.dll
0x00007ffc3cd00000 - 0x00007ffc3cd31000 	C:\Program Files\Java\jdk1.8.0_202\jre\bin\jpeg.dll

VM Arguments:
jvm_args: -Djava.library.path=S:\Documents\Intelligent_Systems -javaagent:C:\Program Files\JetBrains\IntelliJ IDEA Community Edition 2019.2\lib\idea_rt.jar=61025:C:\Program Files\JetBrains\IntelliJ IDEA Community Edition 2019.2\bin -Dfile.encoding=UTF-8 
java_command: main.Main
java_class_path (initial): C:\Program Files\Java\jdk1.8.0_202\jre\lib\charsets.jar;C:\Program Files\Java\jdk1.8.0_202\jre\lib\deploy.jar;C:\Program Files\Java\jdk1.8.0_202\jre\lib\ext\access-bridge-64.jar;C:\Program Files\Java\jdk1.8.0_202\jre\lib\ext\cldrdata.jar;C:\Program Files\Java\jdk1.8.0_202\jre\lib\ext\dnsns.jar;C:\Program Files\Java\jdk1.8.0_202\jre\lib\ext\jaccess.jar;C:\Program Files\Java\jdk1.8.0_202\jre\lib\ext\jfxrt.jar;C:\Program Files\Java\jdk1.8.0_202\jre\lib\ext\localedata.jar;C:\Program Files\Java\jdk1.8.0_202\jre\lib\ext\nashorn.jar;C:\Program Files\Java\jdk1.8.0_202\jre\lib\ext\sunec.jar;C:\Program Files\Java\jdk1.8.0_202\jre\lib\ext\sunjce_provider.jar;C:\Program Files\Java\jdk1.8.0_202\jre\lib\ext\sunmscapi.jar;C:\Program Files\Java\jdk1.8.0_202\jre\lib\ext\sunpkcs11.jar;C:\Program Files\Java\jdk1.8.0_202\jre\lib\ext\zipfs.jar;C:\Program Files\Java\jdk1.8.0_202\jre\lib\javaws.jar;C:\Program Files\Java\jdk1.8.0_202\jre\lib\jce.jar;C:\Program Files\Java\jdk1.8.0_202\jre\lib\jfr.jar;C:\Program Files\Java\jdk1.8.0_202\jre\lib\jfxswt.jar;C:\Program Files\Java\jdk1.8.0_202\jre\lib\jsse.jar;C:\Program Files\Java\jdk1.8.0_202\jre\lib\management-agent.jar;C:\Program Files\Java\jdk1.8.0_202\jre\lib\plugin.jar;C:\Program Files\Java\jdk1.8.0_202\jre\lib\resources.jar;C:\Program Files\Java\jdk1.8.0_202\jre\lib\rt.jar;S:\Documents\Intelligent_Systems\Vehicle_Routing_COS30018\out\production\Vehicle_Routing_COS30018;S:\Documents\Intelligent_Systems\com.google.ortools.jar;S:\Documents\Intelligent_Systems\protobuf.jar;S:\Documents\JAVA_LIBRARIES\choco-solver-2.1.2.jar;S:\Documents\JAVA_LIBRARIES\choco-solver-4.10.1.jar;S:\Documents\JAVA_LIBRARIES\mysql-connector-java-5.1.18-bin.jar;S:\Documents\JADE\lib\jade.jar;C:\Program Files\JetBrains\IntelliJ IDEA Community Edition 2019.2\lib\idea_rt.jar
Launcher Type: SUN_STANDARD

Environment Variables:
CLASSPATH=S:\Documents\JADE\lib\jade.jar;S:\Documents\JADE\lib\jadeTools.jar;S:\Documents\JADE\lib\commons-codec\commons-codec-1.3.jar
PATH=C:\Program Files (x86)\Common Files\Oracle\Java\javapath;C:\Program Files\Java\jdk-11.0.2;C:\Program Files (x86)\Intel\Intel(R) Management Engine Components\iCLS\;C:\Program Files\Intel\Intel(R) Management Engine Components\iCLS\;C:\WINDOWS\system32;C:\WINDOWS;C:\WINDOWS\System32\Wbem;C:\WINDOWS\System32\WindowsPowerShell\v1.0\;C:\WINDOWS\System32\OpenSSH\;C:\Program Files (x86)\Intel\Intel(R) Management Engine Components\DAL;C:\Program Files\Intel\Intel(R) Management Engine Components\DAL;C:\Program Files (x86)\Intel\Intel(R) Management Engine Components\IPT;C:\Program Files\Intel\Intel(R) Management Engine Components\IPT;C:\Program Files\NVIDIA Corporation\NVIDIA NvDLISR;C:\Program Files\Git\cmd;C:\Program Files\Microsoft VS Code\bin;C:\Program Files\nodejs\;C:\Program Files\dotnet\;C:\Program Files (x86)\Bitvise SSH Client;C:\Program Files\PuTTY\;C:\Program Files (x86)\NVIDIA Corporation\PhysX\Common;C:\WINDOWS\system32;C:\WINDOWS;C:\WINDOWS\System32\Wbem;C:\WINDOWS\System32\WindowsPowerShell\v1.0\;C:\WINDOWS\System32\OpenSSH\;C:\Program Files\Java\jre1.8.0_201\;C:\Users\KeesTim\AppData\Local\Microsoft\WindowsApps;C:\Users\KeesTim\AppData\Local\atom\bin;C:\Users\KeesTim\AppData\Roaming\npm;C:\Users\KeesTim\AppData\Local\Microsoft\WindowsApps;C:\Program Files\JetBrains\IntelliJ IDEA Community Edition 2019.2\bin;;C:\Program Files\Java\jdk1.8.0_202\bin;C:\Users\KeesTim\AppData\Local\Programs\Python\Python37;C:\Users\KeesTim\AppData\Local\Programs\Python\Python37\Scripts;
USERNAME=KeesTim
OS=Windows_NT
PROCESSOR_IDENTIFIER=Intel64 Family 6 Model 94 Stepping 3, GenuineIntel



---------------  S Y S T E M  ---------------

OS: Windows 10.0 , 64 bit Build 17763 (10.0.17763.475)

CPU:total 4 (initial active 4) (4 cores per cpu, 1 threads per core) family 6 model 94 stepping 3, cmov, cx8, fxsr, mmx, sse, sse2, sse3, ssse3, sse4.1, sse4.2, popcnt, avx, avx2, aes, clmul, erms, rtm, 3dnowpref, lzcnt, tsc, tscinvbit, bmi1, bmi2, adx

Memory: 4k page, physical 16729544k(6676896k free), swap 28263880k(10222856k free)

vm_info: Java HotSpot(TM) 64-Bit Server VM (25.202-b08) for windows-amd64 JRE (1.8.0_202-b08), built on Dec 15 2018 19:54:30 by "java_re" with MS VC++ 10.0 (VS2010)

time: Mon Oct 21 22:35:58 2019
timezone: AUS Eastern Daylight Time
elapsed time: 7 seconds (0d 0h 0m 7s)

