#
# A fatal error has been detected by the Java Runtime Environment:
#
#  EXCEPTION_ACCESS_VIOLATION (0xc0000005) at pc=0x00000000601aeded, pid=25940, tid=0x000000000000556c
#
# JRE version: Java(TM) SE Runtime Environment (8.0_201-b09) (build 1.8.0_201-b09)
# Java VM: Java HotSpot(TM) 64-Bit Server VM (25.201-b09 mixed mode windows-amd64 compressed oops)
# Problematic frame:
# V  [jvm.dll+0x13eded]
#
# Failed to write core dump. Minidumps are not enabled by default on client versions of Windows
#
# If you would like to submit a bug report, please visit:
#   http://bugreport.java.com/bugreport/crash.jsp
# The crash happened outside the Java Virtual Machine in native code.
# See problematic frame for where to report the bug.
#

---------------  T H R E A D  ---------------

Current thread (0x0000000019761000):  JavaThread "Finalizer" daemon [_thread_in_native, id=21868, stack(0x0000000019c40000,0x0000000019d40000)]

siginfo: ExceptionCode=0xc0000005, writing address 0x0000000000000270

Registers:
RAX=0x000000000000dead, RBX=0x0000000000000000, RCX=0x000000001ae00000, RDX=0x000000001acf4d60
RSP=0x0000000019d3eb80, RBP=0x0000000000000000, RSI=0x0000000000cc90a0, RDI=0x000000001acf4d60
R8 =0x0000000000bf1200, R9 =0x0000000000008000, R10=0x00000000ffffffff, R11=0x0000000019d3eb50
R12=0x0000000000000000, R13=0x0000000000000000, R14=0x0000000000000000, R15=0x000000001eb6d108
RIP=0x00000000601aeded, EFLAGS=0x0000000000010246

Top of Stack: (sp=0x0000000019d3eb80)
0x0000000019d3eb80:   0000000000c40000 000000001eb556a0
0x0000000019d3eb90:   0000000000000000 0000000000000000
0x0000000019d3eba0:   00000000ffffffff 00007ff8384d87ce
0x0000000019d3ebb0:   000000001eb51dd0 0000000000cc90a0
0x0000000019d3ebc0:   0000000000000000 0000000000000000
0x0000000019d3ebd0:   fffffffffffffffe 000000001eb6d000
0x0000000019d3ebe0:   0000000000000000 00007ff8384d6bed
0x0000000019d3ebf0:   0000000000000000 00007ff8392534b0
0x0000000019d3ec00:   000000001eb6d108 000000001eb6d000
0x0000000019d3ec10:   0000000000cc9120 00007ff8387bc6d5
0x0000000019d3ec20:   0000000000cc90a0 0000000000000000
0x0000000019d3ec30:   000000001eb6d7d0 0000000019761b00
0x0000000019d3ec40:   00007ff8392534b0 00007ff8387c04b8
0x0000000019d3ec50:   0000000019d3ecd9 000000001eb6d000
0x0000000019d3ec60:   000000001eb6d820 0000000019d3ecd9
0x0000000019d3ec70:   00007ff8392534b0 0000000000000000 

Instructions: (pc=0x00000000601aeded)
0x00000000601aedcd:   8b fa 3d ab de 00 00 74 17 8b 83 88 02 00 00 3d
0x00000000601aeddd:   ac de 00 00 74 0a 48 8b cb e8 c5 03 10 00 33 db
0x00000000601aeded:   c7 83 70 02 00 00 05 00 00 00 83 3d ca 78 6d 00
0x00000000601aedfd:   01 75 09 80 3d 3c 6b 6d 00 00 74 18 80 3d 34 6b 


Register to memory mapping:

RAX=0x000000000000dead is an unknown value
RBX=0x0000000000000000 is an unknown value
RCX=0x000000001ae00000 is an unknown value
RDX=0x000000001acf4d60 is a global jni handle
RSP=0x0000000019d3eb80 is pointing into the stack for thread: 0x0000000019761000
RBP=0x0000000000000000 is an unknown value
RSI=0x0000000000cc90a0 is an unknown value
RDI=0x000000001acf4d60 is a global jni handle
R8 =0x0000000000bf1200 is an unknown value
R9 =0x0000000000008000 is an unknown value
R10=0x00000000ffffffff is an unallocated location in the heap
R11=0x0000000019d3eb50 is pointing into the stack for thread: 0x0000000019761000
R12=0x0000000000000000 is an unknown value
R13=0x0000000000000000 is an unknown value
R14=0x0000000000000000 is an unknown value
R15=0x000000001eb6d108 is an unknown value


Stack: [0x0000000019c40000,0x0000000019d40000],  sp=0x0000000019d3eb80,  free space=1018k
Native frames: (J=compiled Java code, j=interpreted, Vv=VM code, C=native code)

Java frames: (J=compiled Java code, j=interpreted, Vv=VM code)
j  com.google.ortools.constraintsolver.mainJNI.delete_RoutingModel(J)V+0
j  com.google.ortools.constraintsolver.RoutingModel.delete()V+25
j  com.google.ortools.constraintsolver.RoutingModel.finalize()V+1
J 1213 C1 java.lang.ref.Finalizer.runFinalizer(Lsun/misc/JavaLangAccess;)V (62 bytes) @ 0x0000000002e2c90c [0x0000000002e2c380+0x58c]
J 1212 C1 java.lang.ref.Finalizer.access$100(Ljava/lang/ref/Finalizer;Lsun/misc/JavaLangAccess;)V (6 bytes) @ 0x0000000002e2bddc [0x0000000002e2bd80+0x5c]
j  java.lang.ref.Finalizer$FinalizerThread.run()V+45
v  ~StubRoutines::call_stub

---------------  P R O C E S S  ---------------

Java Threads: ( => current thread )
  0x000000001ae05000 JavaThread "MasterRouteAgent" [_thread_blocked, id=14080, stack(0x000000001ec50000,0x000000001ed50000)]
  0x000000001ae03800 JavaThread "Delivery_Agent1" [_thread_blocked, id=20380, stack(0x000000001e950000,0x000000001ea50000)]
  0x000000001ae02000 JavaThread "Delivery_Agent0" [_thread_blocked, id=11136, stack(0x000000001e850000,0x000000001e950000)]
  0x000000001ae03000 JavaThread "DBAgent" [_thread_blocked, id=21360, stack(0x000000001e750000,0x000000001e850000)]
  0x000000001ae00800 JavaThread "df" [_thread_blocked, id=23128, stack(0x000000001e650000,0x000000001e750000)]
  0x000000001ae01800 JavaThread "ams" [_thread_blocked, id=21812, stack(0x000000001e550000,0x000000001e650000)]
  0x0000000019ac6800 JavaThread "Thread-15" [_thread_in_native, id=25476, stack(0x000000001e450000,0x000000001e550000)]
  0x0000000019ac6000 JavaThread "Deliverer-04" [_thread_blocked, id=26756, stack(0x000000001e350000,0x000000001e450000)]
  0x0000000019ac5000 JavaThread "Deliverer-03" [_thread_blocked, id=26524, stack(0x000000001e250000,0x000000001e350000)]
  0x0000000019ac3000 JavaThread "Deliverer-02" [_thread_blocked, id=13828, stack(0x000000001e150000,0x000000001e250000)]
  0x0000000019ac1800 JavaThread "Deliverer-01" [_thread_blocked, id=7184, stack(0x000000001e050000,0x000000001e150000)]
  0x0000000019ac0800 JavaThread "Deliverer-00" [_thread_blocked, id=25060, stack(0x000000001df50000,0x000000001e050000)]
  0x0000000019ac0000 JavaThread "Thread-9" [_thread_in_native, id=22084, stack(0x000000001dc50000,0x000000001dd50000)]
  0x0000000019ac4800 JavaThread "Thread-8" [_thread_blocked, id=25192, stack(0x000000001db50000,0x000000001dc50000)]
  0x0000000019ac3800 JavaThread "JICPServer-8888" daemon [_thread_in_native, id=26668, stack(0x000000001da50000,0x000000001db50000)]
  0x0000000019ac2000 JavaThread "JADE Timer dispatcher" [_thread_blocked, id=8244, stack(0x000000001d950000,0x000000001da50000)]
  0x000000001ad07000 JavaThread "TimerQueue" daemon [_thread_blocked, id=22888, stack(0x000000001d850000,0x000000001d950000)]
  0x000000001aad2800 JavaThread "Thread-3" [_thread_blocked, id=23140, stack(0x000000001c500000,0x000000001c600000)]
  0x000000001ab05000 JavaThread "Thread-2" [_thread_blocked, id=26540, stack(0x000000001c400000,0x000000001c500000)]
  0x000000001aa44800 JavaThread "MySQL Statement Cancellation Timer" daemon [_thread_blocked, id=2812, stack(0x000000001bdc0000,0x000000001bec0000)]
  0x00000000028f3800 JavaThread "DestroyJavaVM" [_thread_blocked, id=26652, stack(0x00000000025f0000,0x00000000026f0000)]
  0x000000001a95d800 JavaThread "AWT-EventQueue-0" [_thread_blocked, id=24444, stack(0x000000001b4d0000,0x000000001b5d0000)]
  0x0000000019abe000 JavaThread "AWT-Windows" daemon [_thread_in_native, id=14512, stack(0x000000001b280000,0x000000001b380000)]
  0x0000000019abd800 JavaThread "AWT-Shutdown" [_thread_blocked, id=22748, stack(0x000000001b180000,0x000000001b280000)]
  0x0000000019abc800 JavaThread "Java2D Disposer" daemon [_thread_blocked, id=20080, stack(0x000000001b080000,0x000000001b180000)]
  0x0000000019891800 JavaThread "Service Thread" daemon [_thread_blocked, id=24524, stack(0x000000001a540000,0x000000001a640000)]
  0x00000000197ff000 JavaThread "C1 CompilerThread3" daemon [_thread_blocked, id=26136, stack(0x000000001a440000,0x000000001a540000)]
  0x00000000197f9800 JavaThread "C2 CompilerThread2" daemon [_thread_blocked, id=26892, stack(0x000000001a340000,0x000000001a440000)]
  0x00000000197f5800 JavaThread "C2 CompilerThread1" daemon [_thread_blocked, id=22508, stack(0x000000001a240000,0x000000001a340000)]
  0x00000000197f1800 JavaThread "C2 CompilerThread0" daemon [_thread_blocked, id=24652, stack(0x000000001a140000,0x000000001a240000)]
  0x00000000197ed000 JavaThread "Monitor Ctrl-Break" daemon [_thread_in_native, id=26976, stack(0x000000001a040000,0x000000001a140000)]
  0x0000000019771800 JavaThread "Attach Listener" daemon [_thread_blocked, id=26060, stack(0x0000000019f40000,0x000000001a040000)]
  0x0000000019770000 JavaThread "Signal Dispatcher" daemon [_thread_blocked, id=23664, stack(0x0000000019e40000,0x0000000019f40000)]
=>0x0000000019761000 JavaThread "Finalizer" daemon [_thread_in_native, id=21868, stack(0x0000000019c40000,0x0000000019d40000)]
  0x0000000019760800 JavaThread "Reference Handler" daemon [_thread_blocked, id=11020, stack(0x0000000019b40000,0x0000000019c40000)]

Other Threads:
  0x0000000017969800 VMThread [stack: 0x0000000019640000,0x0000000019740000] [id=25428]
  0x0000000019932800 WatcherThread [stack: 0x000000001a640000,0x000000001a740000] [id=24232]

VM state:not at safepoint (normal execution)

VM Mutex/Monitor currently owned by a thread: None

heap address: 0x0000000081c00000, size: 2020 MB, Compressed Oops mode: 32-bit
Narrow klass base: 0x0000000000000000, Narrow klass shift: 3
Compressed class space size: 1073741824 Address: 0x0000000100000000

Heap:
 PSYoungGen      total 38400K, used 9842K [0x00000000d5f00000, 0x00000000d8980000, 0x0000000100000000)
  eden space 33280K, 14% used [0x00000000d5f00000,0x00000000d63a06b8,0x00000000d7f80000)
  from space 5120K, 99% used [0x00000000d7f80000,0x00000000d847c458,0x00000000d8480000)
  to   space 5120K, 0% used [0x00000000d8480000,0x00000000d8480000,0x00000000d8980000)
 ParOldGen       total 87552K, used 15859K [0x0000000081c00000, 0x0000000087180000, 0x00000000d5f00000)
  object space 87552K, 18% used [0x0000000081c00000,0x0000000082b7cc40,0x0000000087180000)
 Metaspace       used 20858K, capacity 21140K, committed 21248K, reserved 1069056K
  class space    used 2458K, capacity 2555K, committed 2560K, reserved 1048576K

Card table byte_map: [0x0000000011db0000,0x00000000121b0000] byte_map_base: 0x00000000119a2000

Marking Bits: (ParMarkBitMap*) 0x0000000060894ce0
 Begin Bits: [0x0000000012c60000, 0x0000000014bf0000)
 End Bits:   [0x0000000014bf0000, 0x0000000016b80000)

Polling page: 0x0000000000de0000

CodeCache: size=245760Kb used=5262Kb max_used=5279Kb free=240497Kb
 bounds [0x00000000029f0000, 0x0000000002f20000, 0x00000000119f0000]
 total_blobs=2244 nmethods=1570 adapters=586
 compilation: enabled

Compilation events (10 events):
Event: 22.655 Thread 0x00000000197f5800 nmethod 1647 0x0000000002f1a350 code [0x0000000002f1a4a0, 0x0000000002f1a538]
Event: 22.655 Thread 0x00000000197ff000 nmethod 1648 0x0000000002f19e90 code [0x0000000002f1a000, 0x0000000002f1a248]
Event: 22.655 Thread 0x00000000197ff000 1649       3       com.mysql.jdbc.Field::getName (28 bytes)
Event: 22.655 Thread 0x00000000197ff000 nmethod 1649 0x0000000002f19a90 code [0x0000000002f19c00, 0x0000000002f19e08]
Event: 22.661 Thread 0x00000000197ff000 1650       3       java.util.zip.ZipFile$ZipFileInputStream::finalize (5 bytes)
Event: 22.661 Thread 0x00000000197ff000 nmethod 1650 0x0000000002f19710 code [0x0000000002f19880, 0x0000000002f19a08]
Event: 22.661 Thread 0x00000000197ff000 1651       3       java.util.zip.ZipFile$ZipFileInflaterInputStream::finalize (5 bytes)
Event: 22.662 Thread 0x00000000197ff000 nmethod 1651 0x0000000002f19390 code [0x0000000002f19500, 0x0000000002f19688]
Event: 22.663 Thread 0x00000000197ff000 1652       3       java.awt.geom.EllipseIterator::isDone (14 bytes)
Event: 22.663 Thread 0x00000000197ff000 nmethod 1652 0x0000000002f19010 code [0x0000000002f19160, 0x0000000002f19310]

GC Heap History (6 events):
Event: 2.535 GC heap before
{Heap before GC invocations=1 (full 0):
 PSYoungGen      total 38400K, used 29911K [0x00000000d5f00000, 0x00000000d8980000, 0x0000000100000000)
  eden space 33280K, 89% used [0x00000000d5f00000,0x00000000d7c35e30,0x00000000d7f80000)
  from space 5120K, 0% used [0x00000000d8480000,0x00000000d8480000,0x00000000d8980000)
  to   space 5120K, 0% used [0x00000000d7f80000,0x00000000d7f80000,0x00000000d8480000)
 ParOldGen       total 87552K, used 0K [0x0000000081c00000, 0x0000000087180000, 0x00000000d5f00000)
  object space 87552K, 0% used [0x0000000081c00000,0x0000000081c00000,0x0000000087180000)
 Metaspace       used 13530K, capacity 13706K, committed 13824K, reserved 1060864K
  class space    used 1681K, capacity 1774K, committed 1792K, reserved 1048576K
Event: 2.542 GC heap after
Heap after GC invocations=1 (full 0):
 PSYoungGen      total 38400K, used 3630K [0x00000000d5f00000, 0x00000000d8980000, 0x0000000100000000)
  eden space 33280K, 0% used [0x00000000d5f00000,0x00000000d5f00000,0x00000000d7f80000)
  from space 5120K, 70% used [0x00000000d7f80000,0x00000000d830b928,0x00000000d8480000)
  to   space 5120K, 0% used [0x00000000d8480000,0x00000000d8480000,0x00000000d8980000)
 ParOldGen       total 87552K, used 14769K [0x0000000081c00000, 0x0000000087180000, 0x00000000d5f00000)
  object space 87552K, 16% used [0x0000000081c00000,0x0000000082a6c7d0,0x0000000087180000)
 Metaspace       used 13530K, capacity 13706K, committed 13824K, reserved 1060864K
  class space    used 1681K, capacity 1774K, committed 1792K, reserved 1048576K
}
Event: 14.958 GC heap before
{Heap before GC invocations=2 (full 0):
 PSYoungGen      total 38400K, used 36910K [0x00000000d5f00000, 0x00000000d8980000, 0x0000000100000000)
  eden space 33280K, 100% used [0x00000000d5f00000,0x00000000d7f80000,0x00000000d7f80000)
  from space 5120K, 70% used [0x00000000d7f80000,0x00000000d830b928,0x00000000d8480000)
  to   space 5120K, 0% used [0x00000000d8480000,0x00000000d8480000,0x00000000d8980000)
 ParOldGen       total 87552K, used 14769K [0x0000000081c00000, 0x0000000087180000, 0x00000000d5f00000)
  object space 87552K, 16% used [0x0000000081c00000,0x0000000082a6c7d0,0x0000000087180000)
 Metaspace       used 17687K, capacity 17898K, committed 18176K, reserved 1064960K
  class space    used 2156K, capacity 2254K, committed 2304K, reserved 1048576K
Event: 14.963 GC heap after
Heap after GC invocations=2 (full 0):
 PSYoungGen      total 38400K, used 5101K [0x00000000d5f00000, 0x00000000d8980000, 0x0000000100000000)
  eden space 33280K, 0% used [0x00000000d5f00000,0x00000000d5f00000,0x00000000d7f80000)
  from space 5120K, 99% used [0x00000000d8480000,0x00000000d897b6b0,0x00000000d8980000)
  to   space 5120K, 0% used [0x00000000d7f80000,0x00000000d7f80000,0x00000000d8480000)
 ParOldGen       total 87552K, used 15320K [0x0000000081c00000, 0x0000000087180000, 0x00000000d5f00000)
  object space 87552K, 17% used [0x0000000081c00000,0x0000000082af6260,0x0000000087180000)
 Metaspace       used 17687K, capacity 17898K, committed 18176K, reserved 1064960K
  class space    used 2156K, capacity 2254K, committed 2304K, reserved 1048576K
}
Event: 22.656 GC heap before
{Heap before GC invocations=3 (full 0):
 PSYoungGen      total 38400K, used 36147K [0x00000000d5f00000, 0x00000000d8980000, 0x0000000100000000)
  eden space 33280K, 93% used [0x00000000d5f00000,0x00000000d7d515d8,0x00000000d7f80000)
  from space 5120K, 99% used [0x00000000d8480000,0x00000000d897b6b0,0x00000000d8980000)
  to   space 5120K, 0% used [0x00000000d7f80000,0x00000000d7f80000,0x00000000d8480000)
 ParOldGen       total 87552K, used 15320K [0x0000000081c00000, 0x0000000087180000, 0x00000000d5f00000)
  object space 87552K, 17% used [0x0000000081c00000,0x0000000082af6260,0x0000000087180000)
 Metaspace       used 20857K, capacity 21140K, committed 21248K, reserved 1069056K
  class space    used 2458K, capacity 2555K, committed 2560K, reserved 1048576K
Event: 22.660 GC heap after
Heap after GC invocations=3 (full 0):
 PSYoungGen      total 38400K, used 5105K [0x00000000d5f00000, 0x00000000d8980000, 0x0000000100000000)
  eden space 33280K, 0% used [0x00000000d5f00000,0x00000000d5f00000,0x00000000d7f80000)
  from space 5120K, 99% used [0x00000000d7f80000,0x00000000d847c458,0x00000000d8480000)
  to   space 5120K, 0% used [0x00000000d8480000,0x00000000d8480000,0x00000000d8980000)
 ParOldGen       total 87552K, used 15859K [0x0000000081c00000, 0x0000000087180000, 0x00000000d5f00000)
  object space 87552K, 18% used [0x0000000081c00000,0x0000000082b7cc40,0x0000000087180000)
 Metaspace       used 20857K, capacity 21140K, committed 21248K, reserved 1069056K
  class space    used 2458K, capacity 2555K, committed 2560K, reserved 1048576K
}

Deoptimization events (7 events):
Event: 0.250 Thread 0x000000001a95d800 Uncommon trap: reason=null_check action=make_not_entrant pc=0x0000000002b6c2d4 method=java.lang.String.equals(Ljava/lang/Object;)Z @ 8
Event: 2.340 Thread 0x000000001a95d800 Uncommon trap: reason=class_check action=maybe_recompile pc=0x0000000002b961e0 method=java.lang.String.equals(Ljava/lang/Object;)Z @ 8
Event: 2.340 Thread 0x000000001a95d800 Uncommon trap: reason=class_check action=maybe_recompile pc=0x0000000002b961e0 method=java.lang.String.equals(Ljava/lang/Object;)Z @ 8
Event: 9.455 Thread 0x000000001a95d800 Uncommon trap: reason=unstable_if action=reinterpret pc=0x0000000002bc5538 method=java.lang.String.indexOf([CII[CIII)I @ 3
Event: 17.037 Thread 0x000000001ae00000 Uncommon trap: reason=unstable_if action=reinterpret pc=0x0000000002c39898 method=java.util.HashMap.getNode(ILjava/lang/Object;)Ljava/util/HashMap$Node; @ 62
Event: 17.037 Thread 0x000000001ae00000 Uncommon trap: reason=unstable_if action=reinterpret pc=0x0000000002c3b4a0 method=java.util.HashMap.getNode(ILjava/lang/Object;)Ljava/util/HashMap$Node; @ 62
Event: 17.168 Thread 0x000000001ae02000 Uncommon trap: reason=unstable_if action=reinterpret pc=0x0000000002aff89c method=java.util.logging.Logger.isLoggable(Ljava/util/logging/Level;)Z @ 8

Classes redefined (0 events):
No events

Internal exceptions (10 events):
Event: 17.041 Thread 0x000000001ae01800 Exception <a 'java/lang/ArrayIndexOutOfBoundsException': 0> (0x00000000d6581078) thrown at [C:\re\workspace\8-2-build-windows-amd64-cygwin\jdk8u201\12322\hotspot\src\share\vm\interpreter\interpreterRuntime.cpp, line 368]
Event: 17.043 Thread 0x000000001ae00000 Exception <a 'java/lang/ArrayIndexOutOfBoundsException': 0> (0x00000000d6e2d100) thrown at [C:\re\workspace\8-2-build-windows-amd64-cygwin\jdk8u201\12322\hotspot\src\share\vm\interpreter\interpreterRuntime.cpp, line 368]
Event: 17.043 Thread 0x000000001ae00000 Exception <a 'java/lang/ArrayIndexOutOfBoundsException': 0> (0x00000000d6e2ea80) thrown at [C:\re\workspace\8-2-build-windows-amd64-cygwin\jdk8u201\12322\hotspot\src\share\vm\interpreter\interpreterRuntime.cpp, line 368]
Event: 17.044 Thread 0x000000001ae00000 Exception <a 'java/lang/ArrayIndexOutOfBoundsException': 0> (0x00000000d6e2f1f0) thrown at [C:\re\workspace\8-2-build-windows-amd64-cygwin\jdk8u201\12322\hotspot\src\share\vm\interpreter\interpreterRuntime.cpp, line 368]
Event: 17.044 Thread 0x000000001ae00000 Exception <a 'java/lang/ArrayIndexOutOfBoundsException': 1> (0x00000000d6e2fe48) thrown at [C:\re\workspace\8-2-build-windows-amd64-cygwin\jdk8u201\12322\hotspot\src\share\vm\interpreter\interpreterRuntime.cpp, line 368]
Event: 17.044 Thread 0x000000001ae00000 Exception <a 'java/lang/ArrayIndexOutOfBoundsException': 2> (0x00000000d6e30a68) thrown at [C:\re\workspace\8-2-build-windows-amd64-cygwin\jdk8u201\12322\hotspot\src\share\vm\interpreter\interpreterRuntime.cpp, line 368]
Event: 17.044 Thread 0x000000001ae00000 Exception <a 'java/lang/ArrayIndexOutOfBoundsException': 3> (0x00000000d6e31688) thrown at [C:\re\workspace\8-2-build-windows-amd64-cygwin\jdk8u201\12322\hotspot\src\share\vm\interpreter\interpreterRuntime.cpp, line 368]
Event: 17.044 Thread 0x000000001ae00000 Exception <a 'java/lang/ArrayIndexOutOfBoundsException': 4> (0x00000000d6e32298) thrown at [C:\re\workspace\8-2-build-windows-amd64-cygwin\jdk8u201\12322\hotspot\src\share\vm\interpreter\interpreterRuntime.cpp, line 368]
Event: 17.044 Thread 0x000000001ae00000 Exception <a 'java/lang/ArrayIndexOutOfBoundsException': 0> (0x00000000d6e32e10) thrown at [C:\re\workspace\8-2-build-windows-amd64-cygwin\jdk8u201\12322\hotspot\src\share\vm\interpreter\interpreterRuntime.cpp, line 368]
Event: 17.044 Thread 0x000000001ae00000 Exception <a 'java/lang/ArrayIndexOutOfBoundsException': 5> (0x00000000d6e33580) thrown at [C:\re\workspace\8-2-build-windows-amd64-cygwin\jdk8u201\12322\hotspot\src\share\vm\interpreter\interpreterRuntime.cpp, line 368]

Events (10 events):
Event: 22.550 Executing VM operation: RevokeBias done
Event: 22.561 Executing VM operation: RevokeBias
Event: 22.561 Executing VM operation: RevokeBias done
Event: 22.656 Executing VM operation: ParallelGCFailedAllocation
Event: 22.660 Executing VM operation: ParallelGCFailedAllocation done
Event: 22.661 Executing VM operation: BulkRevokeBias
Event: 22.661 Executing VM operation: BulkRevokeBias done
Event: 22.661 Executing VM operation: RevokeBias
Event: 22.661 Executing VM operation: RevokeBias done
Event: 22.661 Thread 0x00000000197ff000 flushing nmethod 0x0000000002b0f510


Dynamic libraries:
0x00007ff663a60000 - 0x00007ff663a97000 	C:\Program Files\Java\jdk1.8.0_201\bin\java.exe
0x00007ff8b04f0000 - 0x00007ff8b06dd000 	C:\WINDOWS\SYSTEM32\ntdll.dll
0x00007ff8a1db0000 - 0x00007ff8a1dc4000 	C:\Program Files (x86)\AVG\Antivirus\aswhook.dll
0x00007ff8af300000 - 0x00007ff8af3b3000 	C:\WINDOWS\System32\KERNEL32.DLL
0x00007ff8ac920000 - 0x00007ff8acbb3000 	C:\WINDOWS\System32\KERNELBASE.dll
0x00007ff8b02e0000 - 0x00007ff8b0383000 	C:\WINDOWS\System32\ADVAPI32.dll
0x00007ff8b01e0000 - 0x00007ff8b027e000 	C:\WINDOWS\System32\msvcrt.dll
0x00007ff8b0080000 - 0x00007ff8b011e000 	C:\WINDOWS\System32\sechost.dll
0x00007ff8ad9f0000 - 0x00007ff8adb12000 	C:\WINDOWS\System32\RPCRT4.dll
0x00007ff8afe30000 - 0x00007ff8affc7000 	C:\WINDOWS\System32\USER32.dll
0x00007ff8ac810000 - 0x00007ff8ac830000 	C:\WINDOWS\System32\win32u.dll
0x00007ff8ad730000 - 0x00007ff8ad759000 	C:\WINDOWS\System32\GDI32.dll
0x00007ff8ace20000 - 0x00007ff8acfb9000 	C:\WINDOWS\System32\gdi32full.dll
0x00007ff8ac830000 - 0x00007ff8ac8d0000 	C:\WINDOWS\System32\msvcp_win.dll
0x00007ff8acbf0000 - 0x00007ff8accea000 	C:\WINDOWS\System32\ucrtbase.dll
0x00007ff89f200000 - 0x00007ff89f479000 	C:\WINDOWS\WinSxS\amd64_microsoft.windows.common-controls_6595b64144ccf1df_6.0.17763.802_none_05b1445c0722d2cc\COMCTL32.dll
0x00007ff8af920000 - 0x00007ff8afc4c000 	C:\WINDOWS\System32\combase.dll
0x00007ff8ac5b0000 - 0x00007ff8ac62e000 	C:\WINDOWS\System32\bcryptPrimitives.dll
0x00007ff8ad760000 - 0x00007ff8ad78e000 	C:\WINDOWS\System32\IMM32.DLL
0x0000000060920000 - 0x00000000609f1000 	C:\Program Files\Java\jdk1.8.0_201\jre\bin\msvcr100.dll
0x0000000060070000 - 0x0000000060914000 	C:\Program Files\Java\jdk1.8.0_201\jre\bin\server\jvm.dll
0x00007ff8ad9e0000 - 0x00007ff8ad9e8000 	C:\WINDOWS\System32\PSAPI.DLL
0x00007ff89d760000 - 0x00007ff89d769000 	C:\WINDOWS\SYSTEM32\WSOCK32.dll
0x00007ff8af290000 - 0x00007ff8af2fd000 	C:\WINDOWS\System32\WS2_32.dll
0x00007ff8a9250000 - 0x00007ff8a9274000 	C:\WINDOWS\SYSTEM32\WINMM.dll
0x00007ff8a5400000 - 0x00007ff8a540a000 	C:\WINDOWS\SYSTEM32\VERSION.dll
0x00007ff8a9220000 - 0x00007ff8a924d000 	C:\WINDOWS\SYSTEM32\WINMMBASE.dll
0x00007ff8ac8d0000 - 0x00007ff8ac91a000 	C:\WINDOWS\System32\cfgmgr32.dll
0x00007ff8a91c0000 - 0x00007ff8a91cf000 	C:\Program Files\Java\jdk1.8.0_201\jre\bin\verify.dll
0x00007ff8a8660000 - 0x00007ff8a8689000 	C:\Program Files\Java\jdk1.8.0_201\jre\bin\java.dll
0x00007ff8a3400000 - 0x00007ff8a3423000 	C:\Program Files\Java\jdk1.8.0_201\jre\bin\instrument.dll
0x00007ff8a79f0000 - 0x00007ff8a7a06000 	C:\Program Files\Java\jdk1.8.0_201\jre\bin\zip.dll
0x00007ff8adb20000 - 0x00007ff8af014000 	C:\WINDOWS\System32\SHELL32.dll
0x00007ff8affd0000 - 0x00007ff8b0078000 	C:\WINDOWS\System32\shcore.dll
0x00007ff8acfc0000 - 0x00007ff8ad70d000 	C:\WINDOWS\System32\windows.storage.dll
0x00007ff8ac4e0000 - 0x00007ff8ac504000 	C:\WINDOWS\System32\profapi.dll
0x00007ff8ac550000 - 0x00007ff8ac5ad000 	C:\WINDOWS\System32\powrprof.dll
0x00007ff8b0180000 - 0x00007ff8b01d2000 	C:\WINDOWS\System32\shlwapi.dll
0x00007ff8ac530000 - 0x00007ff8ac541000 	C:\WINDOWS\System32\kernel.appcore.dll
0x00007ff8ace00000 - 0x00007ff8ace17000 	C:\WINDOWS\System32\cryptsp.dll
0x00007ff8a79d0000 - 0x00007ff8a79ea000 	C:\Program Files\JetBrains\IntelliJ IDEA Community Edition 2019.2\bin\breakgen64.dll
0x00007ff8a3380000 - 0x00007ff8a339a000 	C:\Program Files\Java\jdk1.8.0_201\jre\bin\net.dll
0x00007ff8a05e0000 - 0x00007ff8a07b7000 	C:\WINDOWS\SYSTEM32\urlmon.dll
0x00007ff89da80000 - 0x00007ff89dd28000 	C:\WINDOWS\SYSTEM32\iertutil.dll
0x00007ff8abf20000 - 0x00007ff8abf2c000 	C:\WINDOWS\SYSTEM32\CRYPTBASE.DLL
0x00007ff8abd50000 - 0x00007ff8abdb7000 	C:\WINDOWS\system32\mswsock.dll
0x00007ff881870000 - 0x00007ff881a09000 	C:\Program Files\Java\jdk1.8.0_201\jre\bin\awt.dll
0x00007ff8af840000 - 0x00007ff8af904000 	C:\WINDOWS\System32\OLEAUT32.dll
0x00007ff8aa7d0000 - 0x00007ff8aa85c000 	C:\WINDOWS\SYSTEM32\apphelp.dll
0x00007ff8aaa90000 - 0x00007ff8aab2c000 	C:\WINDOWS\system32\uxtheme.dll
0x00007ff8ad790000 - 0x00007ff8ad8fb000 	C:\WINDOWS\System32\MSCTF.dll
0x00007ff8aad70000 - 0x00007ff8aad9e000 	C:\WINDOWS\system32\dwmapi.dll
0x00007ff8ac630000 - 0x00007ff8ac80b000 	C:\WINDOWS\System32\CRYPT32.dll
0x00007ff8ac510000 - 0x00007ff8ac522000 	C:\WINDOWS\System32\MSASN1.dll
0x00007ff8afc50000 - 0x00007ff8afda5000 	C:\WINDOWS\System32\ole32.dll
0x00007ff880040000 - 0x00007ff880167000 	C:\WINDOWS\system32\opengl32.dll
0x00007ff883310000 - 0x00007ff88333c000 	C:\WINDOWS\SYSTEM32\GLU32.dll
0x00007ff8abab0000 - 0x00007ff8abb76000 	C:\WINDOWS\SYSTEM32\DNSAPI.dll
0x00007ff8af0d0000 - 0x00007ff8af0d8000 	C:\WINDOWS\System32\NSI.dll
0x00007ff8aba70000 - 0x00007ff8abaad000 	C:\WINDOWS\SYSTEM32\IPHLPAPI.DLL
0x00007ff89e780000 - 0x00007ff89e78a000 	C:\Windows\System32\rasadhlp.dll
0x00007ff89eb60000 - 0x00007ff89ebd9000 	C:\WINDOWS\System32\fwpuclnt.dll
0x00007ff8acbc0000 - 0x00007ff8acbe6000 	C:\WINDOWS\System32\bcrypt.dll
0x00007ff8932e0000 - 0x00007ff893327000 	C:\Program Files\Java\jdk1.8.0_201\jre\bin\fontmanager.dll
0x00007ff8817d0000 - 0x00007ff881869000 	C:\WINDOWS\system32\RICHED20.DLL
0x00007ff86fe30000 - 0x00007ff86fe49000 	C:\WINDOWS\SYSTEM32\USP10.dll
0x00007ff8711c0000 - 0x00007ff8711f9000 	C:\WINDOWS\SYSTEM32\msls31.dll
0x00007ff8af020000 - 0x00007ff8af0c2000 	C:\WINDOWS\System32\clbcatq.dll
0x00007ff8a1f10000 - 0x00007ff8a1f66000 	C:\WINDOWS\system32\dataexchange.dll
0x00007ff8a9880000 - 0x00007ff8a9afe000 	C:\WINDOWS\system32\d3d11.dll
0x00007ff8aa0c0000 - 0x00007ff8aa283000 	C:\WINDOWS\system32\dcomp.dll
0x00007ff8ab1e0000 - 0x00007ff8ab2a2000 	C:\WINDOWS\system32\dxgi.dll
0x00007ff8aab60000 - 0x00007ff8aad6d000 	C:\WINDOWS\system32\twinapi.appcore.dll
0x00007ff8aada0000 - 0x00007ff8aadc8000 	C:\WINDOWS\system32\RMCLIENT.dll
0x00007ff8984c0000 - 0x00007ff8984d1000 	C:\Program Files\Java\jdk1.8.0_201\jre\bin\nio.dll
0x00007ff888cb0000 - 0x00007ff888cf2000 	C:\Program Files\Java\jdk1.8.0_201\jre\bin\t2k.dll
0x00007ff887720000 - 0x00007ff8877b5000 	C:\WINDOWS\System32\TextInputFramework.dll
0x00007ff8a7ae0000 - 0x00007ff8a7e02000 	C:\WINDOWS\System32\CoreUIComponents.dll
0x00007ff8aa5f0000 - 0x00007ff8aa6d2000 	C:\WINDOWS\System32\CoreMessaging.dll
0x00007ff8ab690000 - 0x00007ff8ab6c1000 	C:\WINDOWS\SYSTEM32\ntmarta.dll
0x00007ff8a8720000 - 0x00007ff8a8873000 	C:\WINDOWS\SYSTEM32\wintypes.dll
0x00007ff8a32e0000 - 0x00007ff8a32f6000 	C:\WINDOWS\SYSTEM32\dhcpcsvc6.DLL
0x00007ff8a54c0000 - 0x00007ff8a54dc000 	C:\WINDOWS\SYSTEM32\dhcpcsvc.DLL
0x00007ff896670000 - 0x00007ff896686000 	C:\WINDOWS\system32\napinsp.dll
0x00007ff896650000 - 0x00007ff89666a000 	C:\WINDOWS\system32\pnrpnsp.dll
0x00007ff896640000 - 0x00007ff89664e000 	C:\WINDOWS\System32\winrnr.dll
0x00007ff8a8ef0000 - 0x00007ff8a8f0b000 	C:\WINDOWS\system32\NLAapi.dll
0x00007ff896620000 - 0x00007ff896635000 	C:\WINDOWS\system32\wshbth.dll
0x00007ff838480000 - 0x00007ff83968a000 	C:\Users\timke\Documents\Intelligent_Systems\jniortools.dll
0x00007ff897d90000 - 0x00007ff897e2b000 	C:\WINDOWS\SYSTEM32\MSVCP140.dll
0x00007ff8a1170000 - 0x00007ff8a135d000 	C:\WINDOWS\SYSTEM32\dbghelp.dll
0x00007ff897d60000 - 0x00007ff897d75000 	C:\WINDOWS\SYSTEM32\VCRUNTIME140.dll

VM Arguments:
jvm_args: -Djava.library.path=C:\Users\timke\Documents\Intelligent_Systems -javaagent:C:\Program Files\JetBrains\IntelliJ IDEA Community Edition 2019.2\lib\idea_rt.jar=28219:C:\Program Files\JetBrains\IntelliJ IDEA Community Edition 2019.2\bin -Dfile.encoding=UTF-8 
java_command: main.Main
java_class_path (initial): C:\Program Files\Java\jdk1.8.0_201\jre\lib\charsets.jar;C:\Program Files\Java\jdk1.8.0_201\jre\lib\deploy.jar;C:\Program Files\Java\jdk1.8.0_201\jre\lib\ext\access-bridge-64.jar;C:\Program Files\Java\jdk1.8.0_201\jre\lib\ext\cldrdata.jar;C:\Program Files\Java\jdk1.8.0_201\jre\lib\ext\dnsns.jar;C:\Program Files\Java\jdk1.8.0_201\jre\lib\ext\jaccess.jar;C:\Program Files\Java\jdk1.8.0_201\jre\lib\ext\jfxrt.jar;C:\Program Files\Java\jdk1.8.0_201\jre\lib\ext\localedata.jar;C:\Program Files\Java\jdk1.8.0_201\jre\lib\ext\nashorn.jar;C:\Program Files\Java\jdk1.8.0_201\jre\lib\ext\sunec.jar;C:\Program Files\Java\jdk1.8.0_201\jre\lib\ext\sunjce_provider.jar;C:\Program Files\Java\jdk1.8.0_201\jre\lib\ext\sunmscapi.jar;C:\Program Files\Java\jdk1.8.0_201\jre\lib\ext\sunpkcs11.jar;C:\Program Files\Java\jdk1.8.0_201\jre\lib\ext\zipfs.jar;C:\Program Files\Java\jdk1.8.0_201\jre\lib\javaws.jar;C:\Program Files\Java\jdk1.8.0_201\jre\lib\jce.jar;C:\Program Files\Java\jdk1.8.0_201\jre\lib\jfr.jar;C:\Program Files\Java\jdk1.8.0_201\jre\lib\jfxswt.jar;C:\Program Files\Java\jdk1.8.0_201\jre\lib\jsse.jar;C:\Program Files\Java\jdk1.8.0_201\jre\lib\management-agent.jar;C:\Program Files\Java\jdk1.8.0_201\jre\lib\plugin.jar;C:\Program Files\Java\jdk1.8.0_201\jre\lib\resources.jar;C:\Program Files\Java\jdk1.8.0_201\jre\lib\rt.jar;C:\Users\timke\Documents\Intelligent_Systems\Vehicle_Routing_COS30018\out\production\Vehicle_Routing_COS30018;C:\Users\timke\Documents\Intelligent_Systems\com.google.ortools.jar;C:\Users\timke\Documents\Intelligent_Systems\protobuf.jar;C:\Users\timke\Documents\JAVA_LIBRARIES\choco-solver-4.10.1.jar;C:\Users\timke\Documents\JAVA_LIBRARIES\mysql-connector.jar;C:\Users\timke\Documents\JADE\lib\jade.jar;C:\Program Files\JetBrains\IntelliJ IDEA Community Edition 2019.2\lib\idea_rt.jar
Launcher Type: SUN_STANDARD

Environment Variables:
PATH=C:\Program Files (x86)\Common Files\Oracle\Java\javapath;"C:\Program Files\Java\jdk-11.0.2; C:\glassfish4\jdk7; C:\glassfish4\jdk7\jre;";C:\ProgramData\Oracle\Java\javapath;C:\Program Files (x86)\Intel\iCLS Client\;C:\Program Files\Intel\iCLS Client\;C:\Windows\system32;C:\Windows;C:\Windows\System32\Wbem;C:\Windows\System32\WindowsPowerShell\v1.0\;C:\Program Files\Intel\WiFi\bin\;C:\Program Files\Common Files\Intel\WirelessCommon\;C:\Program Files (x86)\NVIDIA Corporation\PhysX\Common;C:\Program Files (x86)\Intel\Intel(R) Management Engine Components\DAL;C:\Program Files\Intel\Intel(R) Management Engine Components\DAL;C:\Program Files (x86)\Intel\Intel(R) Management Engine Components\IPT;C:\Program Files\Intel\Intel(R) Management Engine Components\IPT;C:\Program Files (x86)\Skype\Phone\;C:\WINDOWS\system32;C:\WINDOWS;C:\WINDOWS\System32\Wbem;C:\WINDOWS\System32\WindowsPowerShell\v1.0\;C:\FPC\2.6.4\bin\i386-Win32;C:\Program Files\PuTTY\;C:\Program Files (x86)\IVI Foundation\VISA\WinNT\Bin;C:\WINDOWS\System32\OpenSSH\;C:\Program Files\Microsoft VS Code\bin;C:\Program Files\dotnet\;C:\Program Files\Git\cmd;C:\Program Files\nodejs\;C:\Program Files\NVIDIA Corporation\NVIDIA NvDLISR;;C:\WINDOWS\system32;C:\WINDOWS;C:\WINDOWS\System32\Wbem;C:\WINDOWS\System32\WindowsPowerShell\v1.0\;C:\WINDOWS\System32\OpenSSH\;C:\Users\timke\AppData\Local\Microsoft\WindowsApps;C:\Users\timke\AppData\Local\atom\bin;C:\Users\timke\AppData\Local\Microsoft\WindowsApps;C:\Users\timke\AppData\Roaming\npm;C:\Program Files (x86)\Nmap;C:\Program Files\Java\jdk1.8.0_201\bin;C:\Python27;C:\Python27\Scripts;
USERNAME=timke
OS=Windows_NT
PROCESSOR_IDENTIFIER=Intel64 Family 6 Model 158 Stepping 9, GenuineIntel



---------------  S Y S T E M  ---------------

OS: Windows 10.0 , 64 bit Build 17763 (10.0.17763.475)

CPU:total 8 (initial active 8) (4 cores per cpu, 2 threads per core) family 6 model 158 stepping 9, cmov, cx8, fxsr, mmx, sse, sse2, sse3, ssse3, sse4.1, sse4.2, popcnt, avx, avx2, aes, clmul, erms, 3dnowpref, lzcnt, ht, tsc, tscinvbit, bmi1, bmi2, adx

Memory: 4k page, physical 8270668k(1693140k free), swap 21902156k(6060072k free)

vm_info: Java HotSpot(TM) 64-Bit Server VM (25.201-b09) for windows-amd64 JRE (1.8.0_201-b09), built on Dec 15 2018 18:36:39 by "java_re" with MS VC++ 10.0 (VS2010)

time: Fri Nov 01 08:50:41 2019
timezone: AUS Eastern Daylight Time
elapsed time: 22 seconds (0d 0h 0m 22s)

