#
# A fatal error has been detected by the Java Runtime Environment:
#
#  EXCEPTION_ACCESS_VIOLATION (0xc0000005) at pc=0x00000000601aeded, pid=10900, tid=0x0000000000001060
#
# JRE version: Java(TM) SE Runtime Environment (8.0_201-b09) (build 1.8.0_201-b09)
# Java VM: Java HotSpot(TM) 64-Bit Server VM (25.201-b09 mixed mode windows-amd64 compressed oops)
# Problematic frame:
# V  [jvm.dll+0x13eded]
#
# Failed to write core dump. Minidumps are not enabled by default on client versions of Windows
#
# If you would like to submit a bug report, please visit:
#   http://bugreport.java.com/bugreport/crash.jsp
# The crash happened outside the Java Virtual Machine in native code.
# See problematic frame for where to report the bug.
#

---------------  T H R E A D  ---------------

Current thread (0x0000000019771000):  JavaThread "Finalizer" daemon [_thread_in_native, id=4192, stack(0x0000000019c50000,0x0000000019d50000)]

siginfo: ExceptionCode=0xc0000005, writing address 0x0000000000000270

Registers:
RAX=0x000000000000dead, RBX=0x0000000000000000, RCX=0x000000001b079000, RDX=0x00000000199285a8
RSP=0x0000000019d4edb0, RBP=0x0000000000000000, RSI=0x0000000000d6aa40, RDI=0x00000000199285a8
R8 =0x0000000000bd1200, R9 =0x0000000000008000, R10=0x00000000ffffffff, R11=0x0000000019d4ed80
R12=0x0000000000000000, R13=0x0000000000000000, R14=0x0000000000000000, R15=0x000000001faec0c8
RIP=0x00000000601aeded, EFLAGS=0x0000000000010246

Top of Stack: (sp=0x0000000019d4edb0)
0x0000000019d4edb0:   0000000000ce0000 000000001fc3e500
0x0000000019d4edc0:   0000000000000000 0000000000000000
0x0000000019d4edd0:   00000000ffffffff 00007ff838fd87ce
0x0000000019d4ede0:   000000001fafec60 0000000000d6aa40
0x0000000019d4edf0:   0000000000000000 0000000000000000
0x0000000019d4ee00:   fffffffffffffffe 000000001faebfc0
0x0000000019d4ee10:   0000000000000000 00007ff838fd6bed
0x0000000019d4ee20:   0000000000000000 00007ff839d534b0
0x0000000019d4ee30:   000000001faec0c8 000000001faebfc0
0x0000000019d4ee40:   0000000000d6aac0 00007ff8392bc6d5
0x0000000019d4ee50:   0000000000d6aa40 0000000000000000
0x0000000019d4ee60:   000000001faec790 00000000179439b0
0x0000000019d4ee70:   00007ff839d534b0 00007ff8392c04b8
0x0000000019d4ee80:   0000000019d4ef09 000000001faebfc0
0x0000000019d4ee90:   000000001faec7e0 0000000019d4ef09
0x0000000019d4eea0:   00007ff839d534b0 0000000000000000 

Instructions: (pc=0x00000000601aeded)
0x00000000601aedcd:   8b fa 3d ab de 00 00 74 17 8b 83 88 02 00 00 3d
0x00000000601aeddd:   ac de 00 00 74 0a 48 8b cb e8 c5 03 10 00 33 db
0x00000000601aeded:   c7 83 70 02 00 00 05 00 00 00 83 3d ca 78 6d 00
0x00000000601aedfd:   01 75 09 80 3d 3c 6b 6d 00 00 74 18 80 3d 34 6b 


Register to memory mapping:

RAX=0x000000000000dead is an unknown value
RBX=0x0000000000000000 is an unknown value
RCX=0x000000001b079000 is an unknown value
RDX=0x00000000199285a8 is a global jni handle
RSP=0x0000000019d4edb0 is pointing into the stack for thread: 0x0000000019771000
RBP=0x0000000000000000 is an unknown value
RSI=0x0000000000d6aa40 is an unknown value
RDI=0x00000000199285a8 is a global jni handle
R8 =0x0000000000bd1200 is an unknown value
R9 =0x0000000000008000 is an unknown value
R10=0x00000000ffffffff is an unallocated location in the heap
R11=0x0000000019d4ed80 is pointing into the stack for thread: 0x0000000019771000
R12=0x0000000000000000 is an unknown value
R13=0x0000000000000000 is an unknown value
R14=0x0000000000000000 is an unknown value
R15=0x000000001faec0c8 is an unknown value


Stack: [0x0000000019c50000,0x0000000019d50000],  sp=0x0000000019d4edb0,  free space=1019k
Native frames: (J=compiled Java code, j=interpreted, Vv=VM code, C=native code)

Java frames: (J=compiled Java code, j=interpreted, Vv=VM code)
j  com.google.ortools.constraintsolver.mainJNI.delete_RoutingModel(J)V+0
j  com.google.ortools.constraintsolver.RoutingModel.delete()V+25
j  com.google.ortools.constraintsolver.RoutingModel.finalize()V+1
J 1236 C1 java.lang.ref.Finalizer.runFinalizer(Lsun/misc/JavaLangAccess;)V (62 bytes) @ 0x0000000002dda6cc [0x0000000002dda140+0x58c]
J 1235 C1 java.lang.ref.Finalizer.access$100(Ljava/lang/ref/Finalizer;Lsun/misc/JavaLangAccess;)V (6 bytes) @ 0x0000000002dd9ddc [0x0000000002dd9d80+0x5c]
j  java.lang.ref.Finalizer$FinalizerThread.run()V+45
v  ~StubRoutines::call_stub

---------------  P R O C E S S  ---------------

Java Threads: ( => current thread )
  0x000000001b07d800 JavaThread "MasterRouteAgent" [_thread_blocked, id=24172, stack(0x000000001fc40000,0x000000001fd40000)]
  0x000000001b07e800 JavaThread "Delivery_Agent1" [_thread_blocked, id=12048, stack(0x000000001f940000,0x000000001fa40000)]
  0x000000001b07a800 JavaThread "Delivery_Agent0" [_thread_blocked, id=18816, stack(0x000000001f840000,0x000000001f940000)]
  0x000000001b080000 JavaThread "DBAgent" [_thread_blocked, id=16592, stack(0x000000001f740000,0x000000001f840000)]
  0x000000001b07d000 JavaThread "df" [_thread_blocked, id=25760, stack(0x000000001f640000,0x000000001f740000)]
  0x000000001b07a000 JavaThread "ams" [_thread_blocked, id=8664, stack(0x000000001f540000,0x000000001f640000)]
  0x000000001acf4000 JavaThread "Thread-15" [_thread_in_native, id=8364, stack(0x000000001f440000,0x000000001f540000)]
  0x000000001acf2800 JavaThread "Deliverer-04" [_thread_blocked, id=23228, stack(0x000000001f340000,0x000000001f440000)]
  0x000000001acf1800 JavaThread "Deliverer-03" [_thread_blocked, id=19308, stack(0x000000001f240000,0x000000001f340000)]
  0x000000001acf1000 JavaThread "Deliverer-02" [_thread_blocked, id=12308, stack(0x000000001f140000,0x000000001f240000)]
  0x000000001acf0000 JavaThread "Deliverer-01" [_thread_blocked, id=17520, stack(0x000000001f040000,0x000000001f140000)]
  0x000000001acee000 JavaThread "Deliverer-00" [_thread_blocked, id=16236, stack(0x000000001ef40000,0x000000001f040000)]
  0x000000001acef800 JavaThread "Thread-9" [_thread_in_native, id=26136, stack(0x000000001ec40000,0x000000001ed40000)]
  0x000000001aced000 JavaThread "Thread-8" [_thread_blocked, id=11664, stack(0x000000001eb40000,0x000000001ec40000)]
  0x000000001acf3000 JavaThread "JICPServer-8888" daemon [_thread_in_native, id=13472, stack(0x000000001ea40000,0x000000001eb40000)]
  0x000000001acee800 JavaThread "JADE Timer dispatcher" [_thread_blocked, id=1836, stack(0x000000001e940000,0x000000001ea40000)]
  0x000000001ad11800 JavaThread "TimerQueue" daemon [_thread_blocked, id=19552, stack(0x000000001d870000,0x000000001d970000)]
  0x000000001aa8e000 JavaThread "Thread-3" [_thread_blocked, id=24364, stack(0x000000001c550000,0x000000001c650000)]
  0x000000001aa6d000 JavaThread "Thread-2" [_thread_blocked, id=2168, stack(0x000000001c450000,0x000000001c550000)]
  0x000000001aad5000 JavaThread "MySQL Statement Cancellation Timer" daemon [_thread_blocked, id=25292, stack(0x000000001be10000,0x000000001bf10000)]
  0x0000000002893800 JavaThread "DestroyJavaVM" [_thread_blocked, id=25220, stack(0x0000000002600000,0x0000000002700000)]
  0x000000001a9b9000 JavaThread "AWT-EventQueue-0" [_thread_blocked, id=26740, stack(0x000000001b520000,0x000000001b620000)]
  0x000000001a9b5000 JavaThread "AWT-Windows" daemon [_thread_in_native, id=22952, stack(0x000000001b290000,0x000000001b390000)]
  0x000000001a9b4800 JavaThread "AWT-Shutdown" [_thread_blocked, id=24904, stack(0x000000001b190000,0x000000001b290000)]
  0x000000001a9b3800 JavaThread "Java2D Disposer" daemon [_thread_blocked, id=18400, stack(0x000000001b090000,0x000000001b190000)]
  0x0000000019812000 JavaThread "Service Thread" daemon [_thread_blocked, id=14996, stack(0x000000001a550000,0x000000001a650000)]
  0x000000001980b800 JavaThread "C1 CompilerThread3" daemon [_thread_blocked, id=20656, stack(0x000000001a450000,0x000000001a550000)]
  0x0000000019807000 JavaThread "C2 CompilerThread2" daemon [_thread_blocked, id=19476, stack(0x000000001a350000,0x000000001a450000)]
  0x00000000197fd800 JavaThread "C2 CompilerThread1" daemon [_thread_blocked, id=3396, stack(0x000000001a250000,0x000000001a350000)]
  0x00000000197fc800 JavaThread "C2 CompilerThread0" daemon [_thread_blocked, id=26780, stack(0x000000001a150000,0x000000001a250000)]
  0x00000000197f8800 JavaThread "Monitor Ctrl-Break" daemon [_thread_in_native, id=10488, stack(0x000000001a050000,0x000000001a150000)]
  0x0000000019781000 JavaThread "Attach Listener" daemon [_thread_blocked, id=18500, stack(0x0000000019f50000,0x000000001a050000)]
  0x0000000019780000 JavaThread "Signal Dispatcher" daemon [_thread_blocked, id=23496, stack(0x0000000019e50000,0x0000000019f50000)]
=>0x0000000019771000 JavaThread "Finalizer" daemon [_thread_in_native, id=4192, stack(0x0000000019c50000,0x0000000019d50000)]
  0x0000000019770800 JavaThread "Reference Handler" daemon [_thread_blocked, id=26152, stack(0x0000000019b50000,0x0000000019c50000)]

Other Threads:
  0x0000000017939800 VMThread [stack: 0x0000000019650000,0x0000000019750000] [id=25612]
  0x0000000019945000 WatcherThread [stack: 0x000000001a650000,0x000000001a750000] [id=25444]

VM state:not at safepoint (normal execution)

VM Mutex/Monitor currently owned by a thread: None

heap address: 0x0000000081c00000, size: 2020 MB, Compressed Oops mode: 32-bit
Narrow klass base: 0x0000000000000000, Narrow klass shift: 3
Compressed class space size: 1073741824 Address: 0x0000000100000000

Heap:
 PSYoungGen      total 38400K, used 4834K [0x00000000d5f00000, 0x00000000d8980000, 0x0000000100000000)
  eden space 33280K, 14% used [0x00000000d5f00000,0x00000000d63b8b38,0x00000000d7f80000)
  from space 5120K, 0% used [0x00000000d7f80000,0x00000000d7f80000,0x00000000d8480000)
  to   space 5120K, 0% used [0x00000000d8480000,0x00000000d8480000,0x00000000d8980000)
 ParOldGen       total 60928K, used 10037K [0x0000000081c00000, 0x0000000085780000, 0x00000000d5f00000)
  object space 60928K, 16% used [0x0000000081c00000,0x00000000825cd7e8,0x0000000085780000)
 Metaspace       used 20821K, capacity 21086K, committed 21248K, reserved 1069056K
  class space    used 2457K, capacity 2552K, committed 2560K, reserved 1048576K

Card table byte_map: [0x0000000011d50000,0x0000000012150000] byte_map_base: 0x0000000011942000

Marking Bits: (ParMarkBitMap*) 0x0000000060894ce0
 Begin Bits: [0x0000000012c00000, 0x0000000014b90000)
 End Bits:   [0x0000000014b90000, 0x0000000016b20000)

Polling page: 0x0000000000c90000

CodeCache: size=245760Kb used=5118Kb max_used=5118Kb free=240641Kb
 bounds [0x0000000002990000, 0x0000000002ea0000, 0x0000000011990000]
 total_blobs=2201 nmethods=1524 adapters=589
 compilation: enabled

Compilation events (10 events):
Event: 16.731 Thread 0x000000001980b800 1598   !   3       java.lang.StringCoding::decode (120 bytes)
Event: 16.759 Thread 0x000000001980b800 nmethod 1598 0x0000000002e8e410 code [0x0000000002e8e760, 0x0000000002e901f8]
Event: 16.759 Thread 0x000000001980b800 1601       3       java.util.zip.ZipFile$ZipFileInputStream::finalize (5 bytes)
Event: 16.759 Thread 0x000000001980b800 nmethod 1601 0x0000000002e8e090 code [0x0000000002e8e200, 0x0000000002e8e388]
Event: 16.759 Thread 0x000000001980b800 1602       3       java.util.zip.ZipFile$ZipFileInflaterInputStream::finalize (5 bytes)
Event: 16.759 Thread 0x000000001980b800 nmethod 1602 0x0000000002e8dd10 code [0x0000000002e8de80, 0x0000000002e8e008]
Event: 16.759 Thread 0x000000001980b800 1599   !   3       java.lang.StringCoding$StringDecoder::decode (179 bytes)
Event: 16.761 Thread 0x000000001980b800 nmethod 1599 0x0000000002e91110 code [0x0000000002e91480, 0x0000000002e93148]
Event: 16.761 Thread 0x000000001980b800 1600       1       com.mysql.jdbc.ConnectionProperties::getUseUsageAdvisor (5 bytes)
Event: 16.761 Thread 0x000000001980b800 nmethod 1600 0x0000000002b78990 code [0x0000000002b78ae0, 0x0000000002b78bf0]

GC Heap History (8 events):
Event: 2.605 GC heap before
{Heap before GC invocations=1 (full 0):
 PSYoungGen      total 38400K, used 29911K [0x00000000d5f00000, 0x00000000d8980000, 0x0000000100000000)
  eden space 33280K, 89% used [0x00000000d5f00000,0x00000000d7c35d18,0x00000000d7f80000)
  from space 5120K, 0% used [0x00000000d8480000,0x00000000d8480000,0x00000000d8980000)
  to   space 5120K, 0% used [0x00000000d7f80000,0x00000000d7f80000,0x00000000d8480000)
 ParOldGen       total 87552K, used 0K [0x0000000081c00000, 0x0000000087180000, 0x00000000d5f00000)
  object space 87552K, 0% used [0x0000000081c00000,0x0000000081c00000,0x0000000087180000)
 Metaspace       used 13389K, capacity 13626K, committed 13824K, reserved 1060864K
  class space    used 1647K, capacity 1742K, committed 1792K, reserved 1048576K
Event: 2.612 GC heap after
Heap after GC invocations=1 (full 0):
 PSYoungGen      total 38400K, used 3584K [0x00000000d5f00000, 0x00000000d8980000, 0x0000000100000000)
  eden space 33280K, 0% used [0x00000000d5f00000,0x00000000d5f00000,0x00000000d7f80000)
  from space 5120K, 70% used [0x00000000d7f80000,0x00000000d83001b0,0x00000000d8480000)
  to   space 5120K, 0% used [0x00000000d8480000,0x00000000d8480000,0x00000000d8980000)
 ParOldGen       total 87552K, used 14769K [0x0000000081c00000, 0x0000000087180000, 0x00000000d5f00000)
  object space 87552K, 16% used [0x0000000081c00000,0x0000000082a6c7d0,0x0000000087180000)
 Metaspace       used 13389K, capacity 13626K, committed 13824K, reserved 1060864K
  class space    used 1647K, capacity 1742K, committed 1792K, reserved 1048576K
}
Event: 11.054 GC heap before
{Heap before GC invocations=2 (full 0):
 PSYoungGen      total 38400K, used 36864K [0x00000000d5f00000, 0x00000000d8980000, 0x0000000100000000)
  eden space 33280K, 100% used [0x00000000d5f00000,0x00000000d7f80000,0x00000000d7f80000)
  from space 5120K, 70% used [0x00000000d7f80000,0x00000000d83001b0,0x00000000d8480000)
  to   space 5120K, 0% used [0x00000000d8480000,0x00000000d8480000,0x00000000d8980000)
 ParOldGen       total 87552K, used 14769K [0x0000000081c00000, 0x0000000087180000, 0x00000000d5f00000)
  object space 87552K, 16% used [0x0000000081c00000,0x0000000082a6c7d0,0x0000000087180000)
 Metaspace       used 18163K, capacity 18362K, committed 18560K, reserved 1064960K
  class space    used 2225K, capacity 2318K, committed 2432K, reserved 1048576K
Event: 11.060 GC heap after
Heap after GC invocations=2 (full 0):
 PSYoungGen      total 38400K, used 5093K [0x00000000d5f00000, 0x00000000d8980000, 0x0000000100000000)
  eden space 33280K, 0% used [0x00000000d5f00000,0x00000000d5f00000,0x00000000d7f80000)
  from space 5120K, 99% used [0x00000000d8480000,0x00000000d89795a0,0x00000000d8980000)
  to   space 5120K, 0% used [0x00000000d7f80000,0x00000000d7f80000,0x00000000d8480000)
 ParOldGen       total 87552K, used 15990K [0x0000000081c00000, 0x0000000087180000, 0x00000000d5f00000)
  object space 87552K, 18% used [0x0000000081c00000,0x0000000082b9db08,0x0000000087180000)
 Metaspace       used 18163K, capacity 18362K, committed 18560K, reserved 1064960K
  class space    used 2225K, capacity 2318K, committed 2432K, reserved 1048576K
}
Event: 16.731 GC heap before
{Heap before GC invocations=3 (full 0):
 PSYoungGen      total 38400K, used 24674K [0x00000000d5f00000, 0x00000000d8980000, 0x0000000100000000)
  eden space 33280K, 58% used [0x00000000d5f00000,0x00000000d721f500,0x00000000d7f80000)
  from space 5120K, 99% used [0x00000000d8480000,0x00000000d89795a0,0x00000000d8980000)
  to   space 5120K, 0% used [0x00000000d7f80000,0x00000000d7f80000,0x00000000d8480000)
 ParOldGen       total 87552K, used 15990K [0x0000000081c00000, 0x0000000087180000, 0x00000000d5f00000)
  object space 87552K, 18% used [0x0000000081c00000,0x0000000082b9db08,0x0000000087180000)
 Metaspace       used 20824K, capacity 21092K, committed 21248K, reserved 1069056K
  class space    used 2459K, capacity 2555K, committed 2560K, reserved 1048576K
Event: 16.736 GC heap after
Heap after GC invocations=3 (full 0):
 PSYoungGen      total 38400K, used 5099K [0x00000000d5f00000, 0x00000000d8980000, 0x0000000100000000)
  eden space 33280K, 0% used [0x00000000d5f00000,0x00000000d5f00000,0x00000000d7f80000)
  from space 5120K, 99% used [0x00000000d7f80000,0x00000000d847ae80,0x00000000d8480000)
  to   space 5120K, 0% used [0x00000000d8480000,0x00000000d8480000,0x00000000d8980000)
 ParOldGen       total 87552K, used 16243K [0x0000000081c00000, 0x0000000087180000, 0x00000000d5f00000)
  object space 87552K, 18% used [0x0000000081c00000,0x0000000082bdcfc0,0x0000000087180000)
 Metaspace       used 20824K, capacity 21092K, committed 21248K, reserved 1069056K
  class space    used 2459K, capacity 2555K, committed 2560K, reserved 1048576K
}
Event: 16.736 GC heap before
{Heap before GC invocations=4 (full 1):
 PSYoungGen      total 38400K, used 5099K [0x00000000d5f00000, 0x00000000d8980000, 0x0000000100000000)
  eden space 33280K, 0% used [0x00000000d5f00000,0x00000000d5f00000,0x00000000d7f80000)
  from space 5120K, 99% used [0x00000000d7f80000,0x00000000d847ae80,0x00000000d8480000)
  to   space 5120K, 0% used [0x00000000d8480000,0x00000000d8480000,0x00000000d8980000)
 ParOldGen       total 87552K, used 16243K [0x0000000081c00000, 0x0000000087180000, 0x00000000d5f00000)
  object space 87552K, 18% used [0x0000000081c00000,0x0000000082bdcfc0,0x0000000087180000)
 Metaspace       used 20824K, capacity 21092K, committed 21248K, reserved 1069056K
  class space    used 2459K, capacity 2555K, committed 2560K, reserved 1048576K
Event: 16.757 GC heap after
Heap after GC invocations=4 (full 1):
 PSYoungGen      total 38400K, used 0K [0x00000000d5f00000, 0x00000000d8980000, 0x0000000100000000)
  eden space 33280K, 0% used [0x00000000d5f00000,0x00000000d5f00000,0x00000000d7f80000)
  from space 5120K, 0% used [0x00000000d7f80000,0x00000000d7f80000,0x00000000d8480000)
  to   space 5120K, 0% used [0x00000000d8480000,0x00000000d8480000,0x00000000d8980000)
 ParOldGen       total 60928K, used 10037K [0x0000000081c00000, 0x0000000085780000, 0x00000000d5f00000)
  object space 60928K, 16% used [0x0000000081c00000,0x00000000825cd7e8,0x0000000085780000)
 Metaspace       used 20820K, capacity 21086K, committed 21248K, reserved 1069056K
  class space    used 2457K, capacity 2552K, committed 2560K, reserved 1048576K
}

Deoptimization events (8 events):
Event: 0.291 Thread 0x000000001a9b9000 Uncommon trap: reason=null_check action=make_not_entrant pc=0x0000000002b09454 method=java.lang.String.equals(Ljava/lang/Object;)Z @ 8
Event: 2.732 Thread 0x000000001a9b9000 Uncommon trap: reason=class_check action=maybe_recompile pc=0x0000000002b2e9a0 method=java.lang.String.equals(Ljava/lang/Object;)Z @ 8
Event: 2.732 Thread 0x000000001a9b9000 Uncommon trap: reason=class_check action=maybe_recompile pc=0x0000000002b2e9a0 method=java.lang.String.equals(Ljava/lang/Object;)Z @ 8
Event: 5.425 Thread 0x000000001a9b9000 Uncommon trap: reason=class_check action=maybe_recompile pc=0x0000000002b2e9a0 method=java.lang.String.equals(Ljava/lang/Object;)Z @ 8
Event: 5.496 Thread 0x000000001a9b9000 Uncommon trap: reason=unstable_if action=reinterpret pc=0x0000000002b5e538 method=java.lang.String.indexOf([CII[CIII)I @ 3
Event: 13.041 Thread 0x000000001b079000 Uncommon trap: reason=unstable_if action=reinterpret pc=0x0000000002bd27dc method=java.util.HashMap.getNode(ILjava/lang/Object;)Ljava/util/HashMap$Node; @ 62
Event: 13.041 Thread 0x000000001b079000 Uncommon trap: reason=unstable_if action=reinterpret pc=0x0000000002bcdde0 method=java.util.HashMap.getNode(ILjava/lang/Object;)Ljava/util/HashMap$Node; @ 62
Event: 13.577 Thread 0x000000001a9b9000 Uncommon trap: reason=class_check action=maybe_recompile pc=0x0000000002b2e9a0 method=java.lang.String.equals(Ljava/lang/Object;)Z @ 8

Classes redefined (0 events):
No events

Internal exceptions (10 events):
Event: 13.045 Thread 0x000000001b07a000 Exception <a 'java/lang/ArrayIndexOutOfBoundsException': 0> (0x00000000d61ed110) thrown at [C:\re\workspace\8-2-build-windows-amd64-cygwin\jdk8u201\12322\hotspot\src\share\vm\interpreter\interpreterRuntime.cpp, line 368]
Event: 13.047 Thread 0x000000001b079000 Exception <a 'java/lang/ArrayIndexOutOfBoundsException': 0> (0x00000000d677d980) thrown at [C:\re\workspace\8-2-build-windows-amd64-cygwin\jdk8u201\12322\hotspot\src\share\vm\interpreter\interpreterRuntime.cpp, line 368]
Event: 13.047 Thread 0x000000001b079000 Exception <a 'java/lang/ArrayIndexOutOfBoundsException': 0> (0x00000000d677f300) thrown at [C:\re\workspace\8-2-build-windows-amd64-cygwin\jdk8u201\12322\hotspot\src\share\vm\interpreter\interpreterRuntime.cpp, line 368]
Event: 13.047 Thread 0x000000001b079000 Exception <a 'java/lang/ArrayIndexOutOfBoundsException': 0> (0x00000000d677fa70) thrown at [C:\re\workspace\8-2-build-windows-amd64-cygwin\jdk8u201\12322\hotspot\src\share\vm\interpreter\interpreterRuntime.cpp, line 368]
Event: 13.047 Thread 0x000000001b079000 Exception <a 'java/lang/ArrayIndexOutOfBoundsException': 1> (0x00000000d67806c8) thrown at [C:\re\workspace\8-2-build-windows-amd64-cygwin\jdk8u201\12322\hotspot\src\share\vm\interpreter\interpreterRuntime.cpp, line 368]
Event: 13.047 Thread 0x000000001b079000 Exception <a 'java/lang/ArrayIndexOutOfBoundsException': 2> (0x00000000d67812e8) thrown at [C:\re\workspace\8-2-build-windows-amd64-cygwin\jdk8u201\12322\hotspot\src\share\vm\interpreter\interpreterRuntime.cpp, line 368]
Event: 13.048 Thread 0x000000001b079000 Exception <a 'java/lang/ArrayIndexOutOfBoundsException': 3> (0x00000000d6781f08) thrown at [C:\re\workspace\8-2-build-windows-amd64-cygwin\jdk8u201\12322\hotspot\src\share\vm\interpreter\interpreterRuntime.cpp, line 368]
Event: 13.048 Thread 0x000000001b079000 Exception <a 'java/lang/ArrayIndexOutOfBoundsException': 4> (0x00000000d6782b18) thrown at [C:\re\workspace\8-2-build-windows-amd64-cygwin\jdk8u201\12322\hotspot\src\share\vm\interpreter\interpreterRuntime.cpp, line 368]
Event: 13.048 Thread 0x000000001b079000 Exception <a 'java/lang/ArrayIndexOutOfBoundsException': 0> (0x00000000d6783690) thrown at [C:\re\workspace\8-2-build-windows-amd64-cygwin\jdk8u201\12322\hotspot\src\share\vm\interpreter\interpreterRuntime.cpp, line 368]
Event: 13.048 Thread 0x000000001b079000 Exception <a 'java/lang/ArrayIndexOutOfBoundsException': 5> (0x00000000d6783e00) thrown at [C:\re\workspace\8-2-build-windows-amd64-cygwin\jdk8u201\12322\hotspot\src\share\vm\interpreter\interpreterRuntime.cpp, line 368]

Events (10 events):
Event: 16.604 Executing VM operation: RevokeBias
Event: 16.604 Executing VM operation: RevokeBias done
Event: 16.607 Executing VM operation: RevokeBias
Event: 16.607 Executing VM operation: RevokeBias done
Event: 16.731 Executing VM operation: CollectForMetadataAllocation
Event: 16.757 Executing VM operation: CollectForMetadataAllocation done
Event: 16.758 Executing VM operation: RevokeBias
Event: 16.758 Executing VM operation: RevokeBias done
Event: 16.758 Executing VM operation: RevokeBias
Event: 16.758 Executing VM operation: RevokeBias done


Dynamic libraries:
0x00007ff663a60000 - 0x00007ff663a97000 	C:\Program Files\Java\jdk1.8.0_201\bin\java.exe
0x00007ff8b04f0000 - 0x00007ff8b06dd000 	C:\WINDOWS\SYSTEM32\ntdll.dll
0x00007ff8a1db0000 - 0x00007ff8a1dc4000 	C:\Program Files (x86)\AVG\Antivirus\aswhook.dll
0x00007ff8af300000 - 0x00007ff8af3b3000 	C:\WINDOWS\System32\KERNEL32.DLL
0x00007ff8ac920000 - 0x00007ff8acbb3000 	C:\WINDOWS\System32\KERNELBASE.dll
0x00007ff8b02e0000 - 0x00007ff8b0383000 	C:\WINDOWS\System32\ADVAPI32.dll
0x00007ff8b01e0000 - 0x00007ff8b027e000 	C:\WINDOWS\System32\msvcrt.dll
0x00007ff8b0080000 - 0x00007ff8b011e000 	C:\WINDOWS\System32\sechost.dll
0x00007ff8ad9f0000 - 0x00007ff8adb12000 	C:\WINDOWS\System32\RPCRT4.dll
0x00007ff8afe30000 - 0x00007ff8affc7000 	C:\WINDOWS\System32\USER32.dll
0x00007ff8ac810000 - 0x00007ff8ac830000 	C:\WINDOWS\System32\win32u.dll
0x00007ff8ad730000 - 0x00007ff8ad759000 	C:\WINDOWS\System32\GDI32.dll
0x00007ff8ace20000 - 0x00007ff8acfb9000 	C:\WINDOWS\System32\gdi32full.dll
0x00007ff8ac830000 - 0x00007ff8ac8d0000 	C:\WINDOWS\System32\msvcp_win.dll
0x00007ff8acbf0000 - 0x00007ff8accea000 	C:\WINDOWS\System32\ucrtbase.dll
0x00007ff89f200000 - 0x00007ff89f479000 	C:\WINDOWS\WinSxS\amd64_microsoft.windows.common-controls_6595b64144ccf1df_6.0.17763.802_none_05b1445c0722d2cc\COMCTL32.dll
0x00007ff8af920000 - 0x00007ff8afc4c000 	C:\WINDOWS\System32\combase.dll
0x00007ff8ac5b0000 - 0x00007ff8ac62e000 	C:\WINDOWS\System32\bcryptPrimitives.dll
0x00007ff8ad760000 - 0x00007ff8ad78e000 	C:\WINDOWS\System32\IMM32.DLL
0x0000000060920000 - 0x00000000609f1000 	C:\Program Files\Java\jdk1.8.0_201\jre\bin\msvcr100.dll
0x0000000060070000 - 0x0000000060914000 	C:\Program Files\Java\jdk1.8.0_201\jre\bin\server\jvm.dll
0x00007ff8ad9e0000 - 0x00007ff8ad9e8000 	C:\WINDOWS\System32\PSAPI.DLL
0x00007ff89d760000 - 0x00007ff89d769000 	C:\WINDOWS\SYSTEM32\WSOCK32.dll
0x00007ff8af290000 - 0x00007ff8af2fd000 	C:\WINDOWS\System32\WS2_32.dll
0x00007ff8a9250000 - 0x00007ff8a9274000 	C:\WINDOWS\SYSTEM32\WINMM.dll
0x00007ff8a5400000 - 0x00007ff8a540a000 	C:\WINDOWS\SYSTEM32\VERSION.dll
0x00007ff8a9220000 - 0x00007ff8a924d000 	C:\WINDOWS\SYSTEM32\WINMMBASE.dll
0x00007ff8ac8d0000 - 0x00007ff8ac91a000 	C:\WINDOWS\System32\cfgmgr32.dll
0x00007ff8a91e0000 - 0x00007ff8a91ef000 	C:\Program Files\Java\jdk1.8.0_201\jre\bin\verify.dll
0x00007ff8a79e0000 - 0x00007ff8a7a09000 	C:\Program Files\Java\jdk1.8.0_201\jre\bin\java.dll
0x00007ff8932e0000 - 0x00007ff893303000 	C:\Program Files\Java\jdk1.8.0_201\jre\bin\instrument.dll
0x00007ff8932c0000 - 0x00007ff8932d6000 	C:\Program Files\Java\jdk1.8.0_201\jre\bin\zip.dll
0x00007ff8adb20000 - 0x00007ff8af014000 	C:\WINDOWS\System32\SHELL32.dll
0x00007ff8affd0000 - 0x00007ff8b0078000 	C:\WINDOWS\System32\shcore.dll
0x00007ff8acfc0000 - 0x00007ff8ad70d000 	C:\WINDOWS\System32\windows.storage.dll
0x00007ff8ac4e0000 - 0x00007ff8ac504000 	C:\WINDOWS\System32\profapi.dll
0x00007ff8ac550000 - 0x00007ff8ac5ad000 	C:\WINDOWS\System32\powrprof.dll
0x00007ff8b0180000 - 0x00007ff8b01d2000 	C:\WINDOWS\System32\shlwapi.dll
0x00007ff8ac530000 - 0x00007ff8ac541000 	C:\WINDOWS\System32\kernel.appcore.dll
0x00007ff8ace00000 - 0x00007ff8ace17000 	C:\WINDOWS\System32\cryptsp.dll
0x00007ff88c660000 - 0x00007ff88c67a000 	C:\Program Files\JetBrains\IntelliJ IDEA Community Edition 2019.2\bin\breakgen64.dll
0x00007ff888cc0000 - 0x00007ff888cda000 	C:\Program Files\Java\jdk1.8.0_201\jre\bin\net.dll
0x00007ff8a05e0000 - 0x00007ff8a07b7000 	C:\WINDOWS\SYSTEM32\urlmon.dll
0x00007ff89da80000 - 0x00007ff89dd28000 	C:\WINDOWS\SYSTEM32\iertutil.dll
0x00007ff8abf20000 - 0x00007ff8abf2c000 	C:\WINDOWS\SYSTEM32\CRYPTBASE.DLL
0x00007ff8abd50000 - 0x00007ff8abdb7000 	C:\WINDOWS\system32\mswsock.dll
0x00007ff8815e0000 - 0x00007ff881779000 	C:\Program Files\Java\jdk1.8.0_201\jre\bin\awt.dll
0x00007ff8af840000 - 0x00007ff8af904000 	C:\WINDOWS\System32\OLEAUT32.dll
0x00007ff8aa7d0000 - 0x00007ff8aa85c000 	C:\WINDOWS\SYSTEM32\apphelp.dll
0x00007ff8aaa90000 - 0x00007ff8aab2c000 	C:\WINDOWS\system32\uxtheme.dll
0x00007ff8ad790000 - 0x00007ff8ad8fb000 	C:\WINDOWS\System32\MSCTF.dll
0x00007ff8aad70000 - 0x00007ff8aad9e000 	C:\WINDOWS\system32\dwmapi.dll
0x00007ff8ac630000 - 0x00007ff8ac80b000 	C:\WINDOWS\System32\CRYPT32.dll
0x00007ff8ac510000 - 0x00007ff8ac522000 	C:\WINDOWS\System32\MSASN1.dll
0x00007ff8afc50000 - 0x00007ff8afda5000 	C:\WINDOWS\System32\ole32.dll
0x00007ff880040000 - 0x00007ff880167000 	C:\WINDOWS\system32\opengl32.dll
0x00007ff883310000 - 0x00007ff88333c000 	C:\WINDOWS\SYSTEM32\GLU32.dll
0x00007ff8abab0000 - 0x00007ff8abb76000 	C:\WINDOWS\SYSTEM32\DNSAPI.dll
0x00007ff8af0d0000 - 0x00007ff8af0d8000 	C:\WINDOWS\System32\NSI.dll
0x00007ff8aba70000 - 0x00007ff8abaad000 	C:\WINDOWS\SYSTEM32\IPHLPAPI.DLL
0x00007ff89e780000 - 0x00007ff89e78a000 	C:\Windows\System32\rasadhlp.dll
0x00007ff89eb60000 - 0x00007ff89ebd9000 	C:\WINDOWS\System32\fwpuclnt.dll
0x00007ff8acbc0000 - 0x00007ff8acbe6000 	C:\WINDOWS\System32\bcrypt.dll
0x00007ff8819c0000 - 0x00007ff881a07000 	C:\Program Files\Java\jdk1.8.0_201\jre\bin\fontmanager.dll
0x00007ff881920000 - 0x00007ff8819b9000 	C:\WINDOWS\system32\RICHED20.DLL
0x00007ff86fe30000 - 0x00007ff86fe49000 	C:\WINDOWS\SYSTEM32\USP10.dll
0x00007ff8711c0000 - 0x00007ff8711f9000 	C:\WINDOWS\SYSTEM32\msls31.dll
0x00007ff8af020000 - 0x00007ff8af0c2000 	C:\WINDOWS\System32\clbcatq.dll
0x00007ff8a1f10000 - 0x00007ff8a1f66000 	C:\WINDOWS\system32\dataexchange.dll
0x00007ff8a9880000 - 0x00007ff8a9afe000 	C:\WINDOWS\system32\d3d11.dll
0x00007ff8aa0c0000 - 0x00007ff8aa283000 	C:\WINDOWS\system32\dcomp.dll
0x00007ff8ab1e0000 - 0x00007ff8ab2a2000 	C:\WINDOWS\system32\dxgi.dll
0x00007ff8aab60000 - 0x00007ff8aad6d000 	C:\WINDOWS\system32\twinapi.appcore.dll
0x00007ff8aada0000 - 0x00007ff8aadc8000 	C:\WINDOWS\system32\RMCLIENT.dll
0x00007ff887dc0000 - 0x00007ff887dd1000 	C:\Program Files\Java\jdk1.8.0_201\jre\bin\nio.dll
0x00007ff86fc40000 - 0x00007ff86fc82000 	C:\Program Files\Java\jdk1.8.0_201\jre\bin\t2k.dll
0x00007ff887720000 - 0x00007ff8877b5000 	C:\WINDOWS\System32\TextInputFramework.dll
0x00007ff8a7ae0000 - 0x00007ff8a7e02000 	C:\WINDOWS\System32\CoreUIComponents.dll
0x00007ff8aa5f0000 - 0x00007ff8aa6d2000 	C:\WINDOWS\System32\CoreMessaging.dll
0x00007ff8ab690000 - 0x00007ff8ab6c1000 	C:\WINDOWS\SYSTEM32\ntmarta.dll
0x00007ff8a8720000 - 0x00007ff8a8873000 	C:\WINDOWS\SYSTEM32\wintypes.dll
0x00007ff8a32e0000 - 0x00007ff8a32f6000 	C:\WINDOWS\SYSTEM32\dhcpcsvc6.DLL
0x00007ff8a54c0000 - 0x00007ff8a54dc000 	C:\WINDOWS\SYSTEM32\dhcpcsvc.DLL
0x00007ff896670000 - 0x00007ff896686000 	C:\WINDOWS\system32\napinsp.dll
0x00007ff896650000 - 0x00007ff89666a000 	C:\WINDOWS\system32\pnrpnsp.dll
0x00007ff896640000 - 0x00007ff89664e000 	C:\WINDOWS\System32\winrnr.dll
0x00007ff8a8ef0000 - 0x00007ff8a8f0b000 	C:\WINDOWS\system32\NLAapi.dll
0x00007ff896620000 - 0x00007ff896635000 	C:\WINDOWS\system32\wshbth.dll
0x00007ff838f80000 - 0x00007ff83a18a000 	C:\Users\timke\Documents\Intelligent_Systems\jniortools.dll
0x00007ff897d90000 - 0x00007ff897e2b000 	C:\WINDOWS\SYSTEM32\MSVCP140.dll
0x00007ff8a1170000 - 0x00007ff8a135d000 	C:\WINDOWS\SYSTEM32\dbghelp.dll
0x00007ff897d60000 - 0x00007ff897d75000 	C:\WINDOWS\SYSTEM32\VCRUNTIME140.dll

VM Arguments:
jvm_args: -Djava.library.path=C:\Users\timke\Documents\Intelligent_Systems -javaagent:C:\Program Files\JetBrains\IntelliJ IDEA Community Edition 2019.2\lib\idea_rt.jar=31390:C:\Program Files\JetBrains\IntelliJ IDEA Community Edition 2019.2\bin -Dfile.encoding=UTF-8 
java_command: main.Main
java_class_path (initial): C:\Program Files\Java\jdk1.8.0_201\jre\lib\charsets.jar;C:\Program Files\Java\jdk1.8.0_201\jre\lib\deploy.jar;C:\Program Files\Java\jdk1.8.0_201\jre\lib\ext\access-bridge-64.jar;C:\Program Files\Java\jdk1.8.0_201\jre\lib\ext\cldrdata.jar;C:\Program Files\Java\jdk1.8.0_201\jre\lib\ext\dnsns.jar;C:\Program Files\Java\jdk1.8.0_201\jre\lib\ext\jaccess.jar;C:\Program Files\Java\jdk1.8.0_201\jre\lib\ext\jfxrt.jar;C:\Program Files\Java\jdk1.8.0_201\jre\lib\ext\localedata.jar;C:\Program Files\Java\jdk1.8.0_201\jre\lib\ext\nashorn.jar;C:\Program Files\Java\jdk1.8.0_201\jre\lib\ext\sunec.jar;C:\Program Files\Java\jdk1.8.0_201\jre\lib\ext\sunjce_provider.jar;C:\Program Files\Java\jdk1.8.0_201\jre\lib\ext\sunmscapi.jar;C:\Program Files\Java\jdk1.8.0_201\jre\lib\ext\sunpkcs11.jar;C:\Program Files\Java\jdk1.8.0_201\jre\lib\ext\zipfs.jar;C:\Program Files\Java\jdk1.8.0_201\jre\lib\javaws.jar;C:\Program Files\Java\jdk1.8.0_201\jre\lib\jce.jar;C:\Program Files\Java\jdk1.8.0_201\jre\lib\jfr.jar;C:\Program Files\Java\jdk1.8.0_201\jre\lib\jfxswt.jar;C:\Program Files\Java\jdk1.8.0_201\jre\lib\jsse.jar;C:\Program Files\Java\jdk1.8.0_201\jre\lib\management-agent.jar;C:\Program Files\Java\jdk1.8.0_201\jre\lib\plugin.jar;C:\Program Files\Java\jdk1.8.0_201\jre\lib\resources.jar;C:\Program Files\Java\jdk1.8.0_201\jre\lib\rt.jar;C:\Users\timke\Documents\Intelligent_Systems\Vehicle_Routing_COS30018\out\production\Vehicle_Routing_COS30018;C:\Users\timke\Documents\Intelligent_Systems\com.google.ortools.jar;C:\Users\timke\Documents\Intelligent_Systems\protobuf.jar;C:\Users\timke\Documents\JAVA_LIBRARIES\choco-solver-4.10.1.jar;C:\Users\timke\Documents\JAVA_LIBRARIES\mysql-connector.jar;C:\Users\timke\Documents\JADE\lib\jade.jar;C:\Program Files\JetBrains\IntelliJ IDEA Community Edition 2019.2\lib\idea_rt.jar
Launcher Type: SUN_STANDARD

Environment Variables:
PATH=C:\Program Files (x86)\Common Files\Oracle\Java\javapath;"C:\Program Files\Java\jdk-11.0.2; C:\glassfish4\jdk7; C:\glassfish4\jdk7\jre;";C:\ProgramData\Oracle\Java\javapath;C:\Program Files (x86)\Intel\iCLS Client\;C:\Program Files\Intel\iCLS Client\;C:\Windows\system32;C:\Windows;C:\Windows\System32\Wbem;C:\Windows\System32\WindowsPowerShell\v1.0\;C:\Program Files\Intel\WiFi\bin\;C:\Program Files\Common Files\Intel\WirelessCommon\;C:\Program Files (x86)\NVIDIA Corporation\PhysX\Common;C:\Program Files (x86)\Intel\Intel(R) Management Engine Components\DAL;C:\Program Files\Intel\Intel(R) Management Engine Components\DAL;C:\Program Files (x86)\Intel\Intel(R) Management Engine Components\IPT;C:\Program Files\Intel\Intel(R) Management Engine Components\IPT;C:\Program Files (x86)\Skype\Phone\;C:\WINDOWS\system32;C:\WINDOWS;C:\WINDOWS\System32\Wbem;C:\WINDOWS\System32\WindowsPowerShell\v1.0\;C:\FPC\2.6.4\bin\i386-Win32;C:\Program Files\PuTTY\;C:\Program Files (x86)\IVI Foundation\VISA\WinNT\Bin;C:\WINDOWS\System32\OpenSSH\;C:\Program Files\Microsoft VS Code\bin;C:\Program Files\dotnet\;C:\Program Files\Git\cmd;C:\Program Files\nodejs\;C:\Program Files\NVIDIA Corporation\NVIDIA NvDLISR;;C:\WINDOWS\system32;C:\WINDOWS;C:\WINDOWS\System32\Wbem;C:\WINDOWS\System32\WindowsPowerShell\v1.0\;C:\WINDOWS\System32\OpenSSH\;C:\Users\timke\AppData\Local\Microsoft\WindowsApps;C:\Users\timke\AppData\Local\atom\bin;C:\Users\timke\AppData\Local\Microsoft\WindowsApps;C:\Users\timke\AppData\Roaming\npm;C:\Program Files (x86)\Nmap;C:\Program Files\Java\jdk1.8.0_201\bin;C:\Python27;C:\Python27\Scripts;
USERNAME=timke
OS=Windows_NT
PROCESSOR_IDENTIFIER=Intel64 Family 6 Model 158 Stepping 9, GenuineIntel



---------------  S Y S T E M  ---------------

OS: Windows 10.0 , 64 bit Build 17763 (10.0.17763.475)

CPU:total 8 (initial active 8) (4 cores per cpu, 2 threads per core) family 6 model 158 stepping 9, cmov, cx8, fxsr, mmx, sse, sse2, sse3, ssse3, sse4.1, sse4.2, popcnt, avx, avx2, aes, clmul, erms, 3dnowpref, lzcnt, ht, tsc, tscinvbit, bmi1, bmi2, adx

Memory: 4k page, physical 8270668k(1397000k free), swap 21902156k(6216616k free)

vm_info: Java HotSpot(TM) 64-Bit Server VM (25.201-b09) for windows-amd64 JRE (1.8.0_201-b09), built on Dec 15 2018 18:36:39 by "java_re" with MS VC++ 10.0 (VS2010)

time: Fri Nov 01 10:48:19 2019
timezone: AUS Eastern Daylight Time
elapsed time: 16 seconds (0d 0h 0m 16s)

