#
# A fatal error has been detected by the Java Runtime Environment:
#
#  EXCEPTION_ACCESS_VIOLATION (0xc0000005) at pc=0x00000000601aeded, pid=8360, tid=0x0000000000003ff8
#
# JRE version: Java(TM) SE Runtime Environment (8.0_201-b09) (build 1.8.0_201-b09)
# Java VM: Java HotSpot(TM) 64-Bit Server VM (25.201-b09 mixed mode windows-amd64 compressed oops)
# Problematic frame:
# V  [jvm.dll+0x13eded]
#
# Failed to write core dump. Minidumps are not enabled by default on client versions of Windows
#
# If you would like to submit a bug report, please visit:
#   http://bugreport.java.com/bugreport/crash.jsp
# The crash happened outside the Java Virtual Machine in native code.
# See problematic frame for where to report the bug.
#

---------------  T H R E A D  ---------------

Current thread (0x00000000196a1000):  JavaThread "Finalizer" daemon [_thread_in_native, id=16376, stack(0x0000000019b80000,0x0000000019c80000)]

siginfo: ExceptionCode=0xc0000005, writing address 0x0000000000000270

Registers:
RAX=0x000000000000dead, RBX=0x0000000000000000, RCX=0x000000001988e000, RDX=0x000000001aaf5e38
RSP=0x0000000019c7f210, RBP=0x0000000000000000, RSI=0x000000001eae5fe0, RDI=0x000000001aaf5e38
R8 =0x00000000007c1200, R9 =0x0000000000008000, R10=0x00000000ffffffff, R11=0x0000000019c7f1e0
R12=0x0000000000000000, R13=0x0000000000000000, R14=0x0000000000000000, R15=0x000000001eb06d18
RIP=0x00000000601aeded, EFLAGS=0x0000000000010246

Top of Stack: (sp=0x0000000019c7f210)
0x0000000019c7f210:   0000000000ba0000 000000001ea96fd0
0x0000000019c7f220:   0000000000000000 0000000000000000
0x0000000019c7f230:   00000000ffffffff 00007ff838fd87ce
0x0000000019c7f240:   000000001ea9f870 000000001eae5fe0
0x0000000019c7f250:   0000000000000000 0000000000000000
0x0000000019c7f260:   fffffffffffffffe 000000001eb06c10
0x0000000019c7f270:   0000000000000000 00007ff838fd6bed
0x0000000019c7f280:   0000000000000000 00007ff839d534b0
0x0000000019c7f290:   000000001eb06d18 000000001eb06c10
0x0000000019c7f2a0:   000000001eae6060 00007ff8392bc6d5
0x0000000019c7f2b0:   000000001eae5fe0 0000000000000000
0x0000000019c7f2c0:   000000001eb073e0 00000000196a1b00
0x0000000019c7f2d0:   00007ff839d534b0 00007ff8392c04b8
0x0000000019c7f2e0:   0000000019c7f369 000000001eb06c10
0x0000000019c7f2f0:   000000001eb07430 0000000019c7f369
0x0000000019c7f300:   00007ff839d534b0 0000000000000000 

Instructions: (pc=0x00000000601aeded)
0x00000000601aedcd:   8b fa 3d ab de 00 00 74 17 8b 83 88 02 00 00 3d
0x00000000601aeddd:   ac de 00 00 74 0a 48 8b cb e8 c5 03 10 00 33 db
0x00000000601aeded:   c7 83 70 02 00 00 05 00 00 00 83 3d ca 78 6d 00
0x00000000601aedfd:   01 75 09 80 3d 3c 6b 6d 00 00 74 18 80 3d 34 6b 


Register to memory mapping:

RAX=0x000000000000dead is an unknown value
RBX=0x0000000000000000 is an unknown value
RCX=0x000000001988e000 is an unknown value
RDX=0x000000001aaf5e38 is a global jni handle
RSP=0x0000000019c7f210 is pointing into the stack for thread: 0x00000000196a1000
RBP=0x0000000000000000 is an unknown value
RSI=0x000000001eae5fe0 is an unknown value
RDI=0x000000001aaf5e38 is a global jni handle
R8 =0x00000000007c1200 is an unknown value
R9 =0x0000000000008000 is an unknown value
R10=0x00000000ffffffff is an unallocated location in the heap
R11=0x0000000019c7f1e0 is pointing into the stack for thread: 0x00000000196a1000
R12=0x0000000000000000 is an unknown value
R13=0x0000000000000000 is an unknown value
R14=0x0000000000000000 is an unknown value
R15=0x000000001eb06d18 is an unknown value


Stack: [0x0000000019b80000,0x0000000019c80000],  sp=0x0000000019c7f210,  free space=1020k
Native frames: (J=compiled Java code, j=interpreted, Vv=VM code, C=native code)

Java frames: (J=compiled Java code, j=interpreted, Vv=VM code)
j  com.google.ortools.constraintsolver.mainJNI.delete_RoutingModel(J)V+0
j  com.google.ortools.constraintsolver.RoutingModel.delete()V+25
j  com.google.ortools.constraintsolver.RoutingModel.finalize()V+1
J 1264 C1 java.lang.ref.Finalizer.runFinalizer(Lsun/misc/JavaLangAccess;)V (62 bytes) @ 0x0000000002b1a9cc [0x0000000002b1a440+0x58c]
J 1263 C1 java.lang.ref.Finalizer.access$100(Ljava/lang/ref/Finalizer;Lsun/misc/JavaLangAccess;)V (6 bytes) @ 0x0000000002aca51c [0x0000000002aca4c0+0x5c]
j  java.lang.ref.Finalizer$FinalizerThread.run()V+45
v  ~StubRoutines::call_stub

---------------  P R O C E S S  ---------------

Java Threads: ( => current thread )
  0x000000001988b800 JavaThread "MasterRouteAgent" [_thread_blocked, id=23908, stack(0x000000001ebc0000,0x000000001ecc0000)]
  0x000000001988f800 JavaThread "Delivery_Agent1" [_thread_blocked, id=22532, stack(0x000000001e8c0000,0x000000001e9c0000)]
  0x000000001988b000 JavaThread "Delivery_Agent0" [_thread_blocked, id=20852, stack(0x000000001e7c0000,0x000000001e8c0000)]
  0x0000000019889800 JavaThread "DBAgent" [_thread_blocked, id=9244, stack(0x000000001e6c0000,0x000000001e7c0000)]
  0x000000001988d000 JavaThread "rma" [_thread_blocked, id=21448, stack(0x000000001e5c0000,0x000000001e6c0000)]
  0x000000001988c800 JavaThread "df" [_thread_blocked, id=9596, stack(0x000000001e4c0000,0x000000001e5c0000)]
  0x000000001988a000 JavaThread "ams" [_thread_blocked, id=20016, stack(0x000000001e3c0000,0x000000001e4c0000)]
  0x000000001ac42000 JavaThread "Thread-15" [_thread_in_native, id=7136, stack(0x000000001e2c0000,0x000000001e3c0000)]
  0x000000001ac46800 JavaThread "Deliverer-04" [_thread_blocked, id=18984, stack(0x000000001dfc0000,0x000000001e0c0000)]
  0x000000001ac47000 JavaThread "Deliverer-03" [_thread_blocked, id=15216, stack(0x000000001dec0000,0x000000001dfc0000)]
  0x000000001ac42800 JavaThread "Deliverer-02" [_thread_blocked, id=19728, stack(0x000000001ddc0000,0x000000001dec0000)]
  0x000000001ac40800 JavaThread "Deliverer-01" [_thread_blocked, id=18144, stack(0x000000001dcc0000,0x000000001ddc0000)]
  0x000000001ac41000 JavaThread "Deliverer-00" [_thread_blocked, id=4908, stack(0x000000001dbc0000,0x000000001dcc0000)]
  0x000000001ac43800 JavaThread "Thread-9" [_thread_in_native, id=22412, stack(0x000000001dac0000,0x000000001dbc0000)]
  0x000000001ac45000 JavaThread "Thread-8" [_thread_blocked, id=192, stack(0x000000001d9c0000,0x000000001dac0000)]
  0x000000001ac44000 JavaThread "JICPServer-8888" daemon [_thread_in_native, id=84, stack(0x000000001d8c0000,0x000000001d9c0000)]
  0x000000001ac45800 JavaThread "JADE Timer dispatcher" [_thread_blocked, id=14136, stack(0x000000001d7c0000,0x000000001d8c0000)]
  0x000000001aa3a000 JavaThread "Thread-3" [_thread_blocked, id=20336, stack(0x000000001c4c0000,0x000000001c5c0000)]
  0x000000001a998000 JavaThread "Thread-2" [_thread_blocked, id=21064, stack(0x000000001c3c0000,0x000000001c4c0000)]
  0x000000001a977000 JavaThread "MySQL Statement Cancellation Timer" daemon [_thread_blocked, id=22832, stack(0x000000001bd80000,0x000000001be80000)]
  0x0000000002833800 JavaThread "DestroyJavaVM" [_thread_blocked, id=21164, stack(0x0000000002490000,0x0000000002590000)]
  0x000000001a879800 JavaThread "AWT-EventQueue-0" [_thread_blocked, id=2652, stack(0x000000001b490000,0x000000001b590000)]
  0x0000000019a76800 JavaThread "AWT-Windows" daemon [_thread_in_native, id=21004, stack(0x000000001b1c0000,0x000000001b2c0000)]
  0x0000000019a75800 JavaThread "AWT-Shutdown" [_thread_blocked, id=12108, stack(0x000000001b0c0000,0x000000001b1c0000)]
  0x0000000019a75000 JavaThread "Java2D Disposer" daemon [_thread_blocked, id=13984, stack(0x000000001afc0000,0x000000001b0c0000)]
  0x0000000019749000 JavaThread "Service Thread" daemon [_thread_blocked, id=5972, stack(0x000000001a480000,0x000000001a580000)]
  0x0000000019747800 JavaThread "C1 CompilerThread3" daemon [_thread_blocked, id=21844, stack(0x000000001a380000,0x000000001a480000)]
  0x000000001973d000 JavaThread "C2 CompilerThread2" daemon [_thread_blocked, id=14812, stack(0x000000001a280000,0x000000001a380000)]
  0x0000000019737000 JavaThread "C2 CompilerThread1" daemon [_thread_blocked, id=18760, stack(0x000000001a180000,0x000000001a280000)]
  0x0000000019732800 JavaThread "C2 CompilerThread0" daemon [_thread_blocked, id=10848, stack(0x000000001a080000,0x000000001a180000)]
  0x00000000197f3800 JavaThread "Monitor Ctrl-Break" daemon [_thread_in_native, id=12532, stack(0x0000000019f80000,0x000000001a080000)]
  0x00000000196b0800 JavaThread "Attach Listener" daemon [_thread_blocked, id=4640, stack(0x0000000019e80000,0x0000000019f80000)]
  0x00000000196af000 JavaThread "Signal Dispatcher" daemon [_thread_blocked, id=23648, stack(0x0000000019d80000,0x0000000019e80000)]
=>0x00000000196a1000 JavaThread "Finalizer" daemon [_thread_in_native, id=16376, stack(0x0000000019b80000,0x0000000019c80000)]
  0x00000000196a0800 JavaThread "Reference Handler" daemon [_thread_blocked, id=2020, stack(0x0000000019a80000,0x0000000019b80000)]

Other Threads:
  0x00000000178a9800 VMThread [stack: 0x0000000019580000,0x0000000019680000] [id=7140]
  0x00000000197d3800 WatcherThread [stack: 0x000000001a580000,0x000000001a680000] [id=4120]

VM state:not at safepoint (normal execution)

VM Mutex/Monitor currently owned by a thread: None

heap address: 0x0000000081c00000, size: 2020 MB, Compressed Oops mode: 32-bit
Narrow klass base: 0x0000000000000000, Narrow klass shift: 3
Compressed class space size: 1073741824 Address: 0x0000000100000000

Heap:
 PSYoungGen      total 38400K, used 5878K [0x00000000d5f00000, 0x00000000d8980000, 0x0000000100000000)
  eden space 33280K, 13% used [0x00000000d5f00000,0x00000000d638c738,0x00000000d7f80000)
  from space 5120K, 23% used [0x00000000d8480000,0x00000000d85b12d8,0x00000000d8980000)
  to   space 5120K, 0% used [0x00000000d7f80000,0x00000000d7f80000,0x00000000d8480000)
 ParOldGen       total 80384K, used 11540K [0x0000000081c00000, 0x0000000086a80000, 0x00000000d5f00000)
  object space 80384K, 14% used [0x0000000081c00000,0x0000000082745110,0x0000000086a80000)
 Metaspace       used 22755K, capacity 23120K, committed 23168K, reserved 1069056K
  class space    used 2816K, capacity 2939K, committed 2944K, reserved 1048576K

Card table byte_map: [0x0000000011cf0000,0x00000000120f0000] byte_map_base: 0x00000000118e2000

Marking Bits: (ParMarkBitMap*) 0x0000000060894ce0
 Begin Bits: [0x0000000012ba0000, 0x0000000014b30000)
 End Bits:   [0x0000000014b30000, 0x0000000016ac0000)

Polling page: 0x0000000000b90000

CodeCache: size=245760Kb used=6250Kb max_used=6257Kb free=239509Kb
 bounds [0x0000000002930000, 0x0000000002f60000, 0x0000000011930000]
 total_blobs=2614 nmethods=1926 adapters=599
 compilation: enabled

Compilation events (10 events):
Event: 24.527 Thread 0x0000000019747800 2065       3       jade.core.TimerDispatcher$TimersList::access$500 (6 bytes)
Event: 24.527 Thread 0x0000000019747800 nmethod 2065 0x0000000002f4d2d0 code [0x0000000002f4d460, 0x0000000002f4d7a8]
Event: 24.527 Thread 0x0000000019747800 2066       3       jade.core.Scheduler::removeFromBlocked (11 bytes)
Event: 24.527 Thread 0x0000000019747800 nmethod 2066 0x0000000002f4d950 code [0x0000000002f4dac0, 0x0000000002f4dce8]
Event: 24.530 Thread 0x0000000019747800 2067       3       java.lang.Double::doubleValue (5 bytes)
Event: 24.531 Thread 0x0000000019747800 nmethod 2067 0x0000000002f4ddd0 code [0x0000000002f4df20, 0x0000000002f4e070]
Event: 24.648 Thread 0x0000000019732800 2068       4       java.util.LinkedList::linkLast (59 bytes)
Event: 24.651 Thread 0x0000000019732800 nmethod 2068 0x0000000002f50e10 code [0x0000000002f50f60, 0x0000000002f51098]
Event: 24.713 Thread 0x0000000019747800 2069       1       java.awt.Component::isCoalescingEnabled (5 bytes)
Event: 24.717 Thread 0x0000000019747800 nmethod 2069 0x0000000002f50b50 code [0x0000000002f50ca0, 0x0000000002f50db0]

GC Heap History (10 events):
Event: 3.801 GC heap before
{Heap before GC invocations=1 (full 0):
 PSYoungGen      total 38400K, used 33280K [0x00000000d5f00000, 0x00000000d8980000, 0x0000000100000000)
  eden space 33280K, 100% used [0x00000000d5f00000,0x00000000d7f80000,0x00000000d7f80000)
  from space 5120K, 0% used [0x00000000d8480000,0x00000000d8480000,0x00000000d8980000)
  to   space 5120K, 0% used [0x00000000d7f80000,0x00000000d7f80000,0x00000000d8480000)
 ParOldGen       total 87552K, used 0K [0x0000000081c00000, 0x0000000087180000, 0x00000000d5f00000)
  object space 87552K, 0% used [0x0000000081c00000,0x0000000081c00000,0x0000000087180000)
 Metaspace       used 13351K, capacity 13590K, committed 13824K, reserved 1060864K
  class space    used 1637K, capacity 1710K, committed 1792K, reserved 1048576K
Event: 3.819 GC heap after
Heap after GC invocations=1 (full 0):
 PSYoungGen      total 38400K, used 3612K [0x00000000d5f00000, 0x00000000d8980000, 0x0000000100000000)
  eden space 33280K, 0% used [0x00000000d5f00000,0x00000000d5f00000,0x00000000d7f80000)
  from space 5120K, 70% used [0x00000000d7f80000,0x00000000d83071f0,0x00000000d8480000)
  to   space 5120K, 0% used [0x00000000d8480000,0x00000000d8480000,0x00000000d8980000)
 ParOldGen       total 87552K, used 14769K [0x0000000081c00000, 0x0000000087180000, 0x00000000d5f00000)
  object space 87552K, 16% used [0x0000000081c00000,0x0000000082a6c7d0,0x0000000087180000)
 Metaspace       used 13351K, capacity 13590K, committed 13824K, reserved 1060864K
  class space    used 1637K, capacity 1710K, committed 1792K, reserved 1048576K
}
Event: 10.682 GC heap before
{Heap before GC invocations=2 (full 0):
 PSYoungGen      total 38400K, used 36151K [0x00000000d5f00000, 0x00000000d8980000, 0x0000000100000000)
  eden space 33280K, 97% used [0x00000000d5f00000,0x00000000d7ec6c68,0x00000000d7f80000)
  from space 5120K, 70% used [0x00000000d7f80000,0x00000000d83071f0,0x00000000d8480000)
  to   space 5120K, 0% used [0x00000000d8480000,0x00000000d8480000,0x00000000d8980000)
 ParOldGen       total 87552K, used 14769K [0x0000000081c00000, 0x0000000087180000, 0x00000000d5f00000)
  object space 87552K, 16% used [0x0000000081c00000,0x0000000082a6c7d0,0x0000000087180000)
 Metaspace       used 19555K, capacity 19800K, committed 20096K, reserved 1067008K
  class space    used 2487K, capacity 2573K, committed 2688K, reserved 1048576K
Event: 10.694 GC heap after
Heap after GC invocations=2 (full 0):
 PSYoungGen      total 38400K, used 5099K [0x00000000d5f00000, 0x00000000d8980000, 0x0000000100000000)
  eden space 33280K, 0% used [0x00000000d5f00000,0x00000000d5f00000,0x00000000d7f80000)
  from space 5120K, 99% used [0x00000000d8480000,0x00000000d897ada0,0x00000000d8980000)
  to   space 5120K, 0% used [0x00000000d7f80000,0x00000000d7f80000,0x00000000d8480000)
 ParOldGen       total 87552K, used 17027K [0x0000000081c00000, 0x0000000087180000, 0x00000000d5f00000)
  object space 87552K, 19% used [0x0000000081c00000,0x0000000082ca0ee8,0x0000000087180000)
 Metaspace       used 19555K, capacity 19800K, committed 20096K, reserved 1067008K
  class space    used 2487K, capacity 2573K, committed 2688K, reserved 1048576K
}
Event: 12.397 GC heap before
{Heap before GC invocations=3 (full 0):
 PSYoungGen      total 38400K, used 29188K [0x00000000d5f00000, 0x00000000d8980000, 0x0000000100000000)
  eden space 33280K, 72% used [0x00000000d5f00000,0x00000000d7686420,0x00000000d7f80000)
  from space 5120K, 99% used [0x00000000d8480000,0x00000000d897ada0,0x00000000d8980000)
  to   space 5120K, 0% used [0x00000000d7f80000,0x00000000d7f80000,0x00000000d8480000)
 ParOldGen       total 87552K, used 17027K [0x0000000081c00000, 0x0000000087180000, 0x00000000d5f00000)
  object space 87552K, 19% used [0x0000000081c00000,0x0000000082ca0ee8,0x0000000087180000)
 Metaspace       used 20808K, capacity 21146K, committed 21248K, reserved 1067008K
  class space    used 2623K, capacity 2748K, committed 2816K, reserved 1048576K
Event: 12.411 GC heap after
Heap after GC invocations=3 (full 0):
 PSYoungGen      total 38400K, used 5108K [0x00000000d5f00000, 0x00000000d8980000, 0x0000000100000000)
  eden space 33280K, 0% used [0x00000000d5f00000,0x00000000d5f00000,0x00000000d7f80000)
  from space 5120K, 99% used [0x00000000d7f80000,0x00000000d847d170,0x00000000d8480000)
  to   space 5120K, 0% used [0x00000000d8480000,0x00000000d8480000,0x00000000d8980000)
 ParOldGen       total 87552K, used 18647K [0x0000000081c00000, 0x0000000087180000, 0x00000000d5f00000)
  object space 87552K, 21% used [0x0000000081c00000,0x0000000082e35c90,0x0000000087180000)
 Metaspace       used 20808K, capacity 21146K, committed 21248K, reserved 1067008K
  class space    used 2623K, capacity 2748K, committed 2816K, reserved 1048576K
}
Event: 12.411 GC heap before
{Heap before GC invocations=4 (full 1):
 PSYoungGen      total 38400K, used 5108K [0x00000000d5f00000, 0x00000000d8980000, 0x0000000100000000)
  eden space 33280K, 0% used [0x00000000d5f00000,0x00000000d5f00000,0x00000000d7f80000)
  from space 5120K, 99% used [0x00000000d7f80000,0x00000000d847d170,0x00000000d8480000)
  to   space 5120K, 0% used [0x00000000d8480000,0x00000000d8480000,0x00000000d8980000)
 ParOldGen       total 87552K, used 18647K [0x0000000081c00000, 0x0000000087180000, 0x00000000d5f00000)
  object space 87552K, 21% used [0x0000000081c00000,0x0000000082e35c90,0x0000000087180000)
 Metaspace       used 20808K, capacity 21146K, committed 21248K, reserved 1067008K
  class space    used 2623K, capacity 2748K, committed 2816K, reserved 1048576K
Event: 12.482 GC heap after
Heap after GC invocations=4 (full 1):
 PSYoungGen      total 38400K, used 0K [0x00000000d5f00000, 0x00000000d8980000, 0x0000000100000000)
  eden space 33280K, 0% used [0x00000000d5f00000,0x00000000d5f00000,0x00000000d7f80000)
  from space 5120K, 0% used [0x00000000d7f80000,0x00000000d7f80000,0x00000000d8480000)
  to   space 5120K, 0% used [0x00000000d8480000,0x00000000d8480000,0x00000000d8980000)
 ParOldGen       total 80384K, used 11532K [0x0000000081c00000, 0x0000000086a80000, 0x00000000d5f00000)
  object space 80384K, 14% used [0x0000000081c00000,0x0000000082743110,0x0000000086a80000)
 Metaspace       used 20808K, capacity 21146K, committed 21248K, reserved 1067008K
  class space    used 2623K, capacity 2748K, committed 2816K, reserved 1048576K
}
Event: 24.713 GC heap before
{Heap before GC invocations=5 (full 1):
 PSYoungGen      total 38400K, used 30925K [0x00000000d5f00000, 0x00000000d8980000, 0x0000000100000000)
  eden space 33280K, 92% used [0x00000000d5f00000,0x00000000d7d334c0,0x00000000d7f80000)
  from space 5120K, 0% used [0x00000000d7f80000,0x00000000d7f80000,0x00000000d8480000)
  to   space 5120K, 0% used [0x00000000d8480000,0x00000000d8480000,0x00000000d8980000)
 ParOldGen       total 80384K, used 11532K [0x0000000081c00000, 0x0000000086a80000, 0x00000000d5f00000)
  object space 80384K, 14% used [0x0000000081c00000,0x0000000082743110,0x0000000086a80000)
 Metaspace       used 22755K, capacity 23120K, committed 23168K, reserved 1069056K
  class space    used 2816K, capacity 2939K, committed 2944K, reserved 1048576K
Event: 24.716 GC heap after
Heap after GC invocations=5 (full 1):
 PSYoungGen      total 38400K, used 1220K [0x00000000d5f00000, 0x00000000d8980000, 0x0000000100000000)
  eden space 33280K, 0% used [0x00000000d5f00000,0x00000000d5f00000,0x00000000d7f80000)
  from space 5120K, 23% used [0x00000000d8480000,0x00000000d85b12d8,0x00000000d8980000)
  to   space 5120K, 0% used [0x00000000d7f80000,0x00000000d7f80000,0x00000000d8480000)
 ParOldGen       total 80384K, used 11540K [0x0000000081c00000, 0x0000000086a80000, 0x00000000d5f00000)
  object space 80384K, 14% used [0x0000000081c00000,0x0000000082745110,0x0000000086a80000)
 Metaspace       used 22755K, capacity 23120K, committed 23168K, reserved 1069056K
  class space    used 2816K, capacity 2939K, committed 2944K, reserved 1048576K
}

Deoptimization events (10 events):
Event: 11.216 Thread 0x000000001988d000 Uncommon trap: reason=unstable_if action=reinterpret pc=0x0000000002dccfd0 method=java.lang.ThreadLocal$ThreadLocalMap.getEntry(Ljava/lang/ThreadLocal;)Ljava/lang/ThreadLocal$ThreadLocalMap$Entry; @ 21
Event: 12.365 Thread 0x000000001988e000 Uncommon trap: reason=bimorphic action=maybe_recompile pc=0x0000000002b70c98 method=java.util.HashMap.getNode(ILjava/lang/Object;)Ljava/util/HashMap$Node; @ 126
Event: 12.365 Thread 0x000000001988e000 Uncommon trap: reason=unstable_if action=reinterpret pc=0x0000000002b70c5c method=java.util.HashMap.getNode(ILjava/lang/Object;)Ljava/util/HashMap$Node; @ 62
Event: 12.365 Thread 0x000000001988e000 Uncommon trap: reason=bimorphic action=maybe_recompile pc=0x0000000002b733b4 method=java.util.HashMap.getNode(ILjava/lang/Object;)Ljava/util/HashMap$Node; @ 126
Event: 12.366 Thread 0x000000001988e000 Uncommon trap: reason=unstable_if action=reinterpret pc=0x0000000002b732e8 method=java.util.HashMap.getNode(ILjava/lang/Object;)Ljava/util/HashMap$Node; @ 62
Event: 12.385 Thread 0x000000001988e000 Uncommon trap: reason=unstable_if action=reinterpret pc=0x0000000002e086b0 method=java.lang.ThreadLocal$ThreadLocalMap.getEntry(Ljava/lang/ThreadLocal;)Ljava/lang/ThreadLocal$ThreadLocalMap$Entry; @ 21
Event: 12.999 Thread 0x0000000019889800 Uncommon trap: reason=class_check action=maybe_recompile pc=0x0000000002d517e0 method=java.util.HashSet.add(Ljava/lang/Object;)Z @ 8
Event: 12.999 Thread 0x0000000019889800 Uncommon trap: reason=class_check action=maybe_recompile pc=0x0000000002d517e0 method=java.util.HashSet.add(Ljava/lang/Object;)Z @ 8
Event: 13.000 Thread 0x0000000019889800 Uncommon trap: reason=class_check action=maybe_recompile pc=0x0000000002d517e0 method=java.util.HashSet.add(Ljava/lang/Object;)Z @ 8
Event: 13.000 Thread 0x0000000019889800 Uncommon trap: reason=class_check action=maybe_recompile pc=0x0000000002d517e0 method=java.util.HashSet.add(Ljava/lang/Object;)Z @ 8

Classes redefined (0 events):
No events

Internal exceptions (10 events):
Event: 12.379 Thread 0x000000001988e000 Exception <a 'java/lang/ArrayIndexOutOfBoundsException': 0> (0x00000000d7582de0) thrown at [C:\re\workspace\8-2-build-windows-amd64-cygwin\jdk8u201\12322\hotspot\src\share\vm\interpreter\interpreterRuntime.cpp, line 368]
Event: 12.379 Thread 0x000000001988e000 Exception <a 'java/lang/ArrayIndexOutOfBoundsException': 0> (0x00000000d7583550) thrown at [C:\re\workspace\8-2-build-windows-amd64-cygwin\jdk8u201\12322\hotspot\src\share\vm\interpreter\interpreterRuntime.cpp, line 368]
Event: 12.380 Thread 0x000000001988e000 Exception <a 'java/lang/ArrayIndexOutOfBoundsException': 1> (0x00000000d75841a8) thrown at [C:\re\workspace\8-2-build-windows-amd64-cygwin\jdk8u201\12322\hotspot\src\share\vm\interpreter\interpreterRuntime.cpp, line 368]
Event: 12.380 Thread 0x000000001988e000 Exception <a 'java/lang/ArrayIndexOutOfBoundsException': 2> (0x00000000d7584db0) thrown at [C:\re\workspace\8-2-build-windows-amd64-cygwin\jdk8u201\12322\hotspot\src\share\vm\interpreter\interpreterRuntime.cpp, line 368]
Event: 12.380 Thread 0x000000001988e000 Exception <a 'java/lang/ArrayIndexOutOfBoundsException': 3> (0x00000000d75859c0) thrown at [C:\re\workspace\8-2-build-windows-amd64-cygwin\jdk8u201\12322\hotspot\src\share\vm\interpreter\interpreterRuntime.cpp, line 368]
Event: 12.380 Thread 0x000000001988e000 Exception <a 'java/lang/ArrayIndexOutOfBoundsException': 4> (0x00000000d75865e0) thrown at [C:\re\workspace\8-2-build-windows-amd64-cygwin\jdk8u201\12322\hotspot\src\share\vm\interpreter\interpreterRuntime.cpp, line 368]
Event: 12.380 Thread 0x000000001988e000 Exception <a 'java/lang/ArrayIndexOutOfBoundsException': 5> (0x00000000d7587200) thrown at [C:\re\workspace\8-2-build-windows-amd64-cygwin\jdk8u201\12322\hotspot\src\share\vm\interpreter\interpreterRuntime.cpp, line 368]
Event: 12.380 Thread 0x000000001988e000 Exception <a 'java/lang/ArrayIndexOutOfBoundsException': 0> (0x00000000d7587d80) thrown at [C:\re\workspace\8-2-build-windows-amd64-cygwin\jdk8u201\12322\hotspot\src\share\vm\interpreter\interpreterRuntime.cpp, line 368]
Event: 12.380 Thread 0x000000001988e000 Exception <a 'java/lang/ArrayIndexOutOfBoundsException': 6> (0x00000000d75884f0) thrown at [C:\re\workspace\8-2-build-windows-amd64-cygwin\jdk8u201\12322\hotspot\src\share\vm\interpreter\interpreterRuntime.cpp, line 368]
Event: 12.385 Thread 0x000000001988e000 Implicit null exception at 0x0000000002e07a76 to 0x0000000002e0868d

Events (10 events):
Event: 17.507 Thread 0x0000000019747800 flushing nmethod 0x0000000002b5de90
Event: 17.507 Thread 0x0000000019747800 flushing nmethod 0x0000000002b92110
Event: 17.508 Thread 0x0000000019747800 flushing nmethod 0x0000000002bd8a90
Event: 17.508 Thread 0x0000000019747800 flushing nmethod 0x0000000002c28dd0
Event: 17.832 Thread 0x0000000019747800 flushing nmethod 0x0000000002d31e10
Event: 18.005 Thread 0x0000000019747800 flushing nmethod 0x0000000002dccd90
Event: 24.020 loading class java/awt/LightweightDispatcher$2
Event: 24.020 loading class java/awt/LightweightDispatcher$2 done
Event: 24.713 Executing VM operation: ParallelGCFailedAllocation
Event: 24.716 Executing VM operation: ParallelGCFailedAllocation done


Dynamic libraries:
0x00007ff663a60000 - 0x00007ff663a97000 	C:\Program Files\Java\jdk1.8.0_201\bin\java.exe
0x00007ff8b04f0000 - 0x00007ff8b06dd000 	C:\WINDOWS\SYSTEM32\ntdll.dll
0x00007ff8a1db0000 - 0x00007ff8a1dc4000 	C:\Program Files (x86)\AVG\Antivirus\aswhook.dll
0x00007ff8af300000 - 0x00007ff8af3b3000 	C:\WINDOWS\System32\KERNEL32.DLL
0x00007ff8ac920000 - 0x00007ff8acbb3000 	C:\WINDOWS\System32\KERNELBASE.dll
0x00007ff8b02e0000 - 0x00007ff8b0383000 	C:\WINDOWS\System32\ADVAPI32.dll
0x00007ff8b01e0000 - 0x00007ff8b027e000 	C:\WINDOWS\System32\msvcrt.dll
0x00007ff8b0080000 - 0x00007ff8b011e000 	C:\WINDOWS\System32\sechost.dll
0x00007ff8ad9f0000 - 0x00007ff8adb12000 	C:\WINDOWS\System32\RPCRT4.dll
0x00007ff8afe30000 - 0x00007ff8affc7000 	C:\WINDOWS\System32\USER32.dll
0x00007ff8ac810000 - 0x00007ff8ac830000 	C:\WINDOWS\System32\win32u.dll
0x00007ff8ad730000 - 0x00007ff8ad759000 	C:\WINDOWS\System32\GDI32.dll
0x00007ff8ace20000 - 0x00007ff8acfb9000 	C:\WINDOWS\System32\gdi32full.dll
0x00007ff8ac830000 - 0x00007ff8ac8d0000 	C:\WINDOWS\System32\msvcp_win.dll
0x00007ff8acbf0000 - 0x00007ff8accea000 	C:\WINDOWS\System32\ucrtbase.dll
0x00007ff89f200000 - 0x00007ff89f479000 	C:\WINDOWS\WinSxS\amd64_microsoft.windows.common-controls_6595b64144ccf1df_6.0.17763.802_none_05b1445c0722d2cc\COMCTL32.dll
0x00007ff8af920000 - 0x00007ff8afc4c000 	C:\WINDOWS\System32\combase.dll
0x00007ff8ac5b0000 - 0x00007ff8ac62e000 	C:\WINDOWS\System32\bcryptPrimitives.dll
0x00007ff8ad760000 - 0x00007ff8ad78e000 	C:\WINDOWS\System32\IMM32.DLL
0x0000000060920000 - 0x00000000609f1000 	C:\Program Files\Java\jdk1.8.0_201\jre\bin\msvcr100.dll
0x0000000060070000 - 0x0000000060914000 	C:\Program Files\Java\jdk1.8.0_201\jre\bin\server\jvm.dll
0x00007ff8ad9e0000 - 0x00007ff8ad9e8000 	C:\WINDOWS\System32\PSAPI.DLL
0x00007ff89d760000 - 0x00007ff89d769000 	C:\WINDOWS\SYSTEM32\WSOCK32.dll
0x00007ff8af290000 - 0x00007ff8af2fd000 	C:\WINDOWS\System32\WS2_32.dll
0x00007ff8a9250000 - 0x00007ff8a9274000 	C:\WINDOWS\SYSTEM32\WINMM.dll
0x00007ff8a5400000 - 0x00007ff8a540a000 	C:\WINDOWS\SYSTEM32\VERSION.dll
0x00007ff8a9220000 - 0x00007ff8a924d000 	C:\WINDOWS\SYSTEM32\WINMMBASE.dll
0x00007ff8ac8d0000 - 0x00007ff8ac91a000 	C:\WINDOWS\System32\cfgmgr32.dll
0x00007ff8a85a0000 - 0x00007ff8a85af000 	C:\Program Files\Java\jdk1.8.0_201\jre\bin\verify.dll
0x00007ff8a3370000 - 0x00007ff8a3399000 	C:\Program Files\Java\jdk1.8.0_201\jre\bin\java.dll
0x00007ff8982b0000 - 0x00007ff8982d3000 	C:\Program Files\Java\jdk1.8.0_201\jre\bin\instrument.dll
0x00007ff864500000 - 0x00007ff864516000 	C:\Program Files\Java\jdk1.8.0_201\jre\bin\zip.dll
0x00007ff8adb20000 - 0x00007ff8af014000 	C:\WINDOWS\System32\SHELL32.dll
0x00007ff8affd0000 - 0x00007ff8b0078000 	C:\WINDOWS\System32\shcore.dll
0x00007ff8acfc0000 - 0x00007ff8ad70d000 	C:\WINDOWS\System32\windows.storage.dll
0x00007ff8ac4e0000 - 0x00007ff8ac504000 	C:\WINDOWS\System32\profapi.dll
0x00007ff8ac550000 - 0x00007ff8ac5ad000 	C:\WINDOWS\System32\powrprof.dll
0x00007ff8b0180000 - 0x00007ff8b01d2000 	C:\WINDOWS\System32\shlwapi.dll
0x00007ff8ac530000 - 0x00007ff8ac541000 	C:\WINDOWS\System32\kernel.appcore.dll
0x00007ff8ace00000 - 0x00007ff8ace17000 	C:\WINDOWS\System32\cryptsp.dll
0x00007ff893250000 - 0x00007ff89326a000 	C:\Program Files\JetBrains\IntelliJ IDEA Community Edition 2019.2\bin\breakgen64.dll
0x00007ff8a79f0000 - 0x00007ff8a7a0a000 	C:\Program Files\Java\jdk1.8.0_201\jre\bin\net.dll
0x00007ff8a05e0000 - 0x00007ff8a07b7000 	C:\WINDOWS\SYSTEM32\urlmon.dll
0x00007ff89da80000 - 0x00007ff89dd28000 	C:\WINDOWS\SYSTEM32\iertutil.dll
0x00007ff8abf20000 - 0x00007ff8abf2c000 	C:\WINDOWS\SYSTEM32\CRYPTBASE.DLL
0x00007ff8abd50000 - 0x00007ff8abdb7000 	C:\WINDOWS\system32\mswsock.dll
0x00007ff8603c0000 - 0x00007ff860559000 	C:\Program Files\Java\jdk1.8.0_201\jre\bin\awt.dll
0x00007ff8af840000 - 0x00007ff8af904000 	C:\WINDOWS\System32\OLEAUT32.dll
0x00007ff8aa7d0000 - 0x00007ff8aa85c000 	C:\WINDOWS\SYSTEM32\apphelp.dll
0x00007ff8aaa90000 - 0x00007ff8aab2c000 	C:\WINDOWS\system32\uxtheme.dll
0x00007ff8ad790000 - 0x00007ff8ad8fb000 	C:\WINDOWS\System32\MSCTF.dll
0x00007ff8aad70000 - 0x00007ff8aad9e000 	C:\WINDOWS\system32\dwmapi.dll
0x00007ff8ac630000 - 0x00007ff8ac80b000 	C:\WINDOWS\System32\CRYPT32.dll
0x00007ff8ac510000 - 0x00007ff8ac522000 	C:\WINDOWS\System32\MSASN1.dll
0x00007ff8afc50000 - 0x00007ff8afda5000 	C:\WINDOWS\System32\ole32.dll
0x00007ff880040000 - 0x00007ff880167000 	C:\WINDOWS\system32\opengl32.dll
0x00007ff883310000 - 0x00007ff88333c000 	C:\WINDOWS\SYSTEM32\GLU32.dll
0x00007ff8abab0000 - 0x00007ff8abb76000 	C:\WINDOWS\SYSTEM32\DNSAPI.dll
0x00007ff8af0d0000 - 0x00007ff8af0d8000 	C:\WINDOWS\System32\NSI.dll
0x00007ff8aba70000 - 0x00007ff8abaad000 	C:\WINDOWS\SYSTEM32\IPHLPAPI.DLL
0x00007ff89e780000 - 0x00007ff89e78a000 	C:\Windows\System32\rasadhlp.dll
0x00007ff89eb60000 - 0x00007ff89ebd9000 	C:\WINDOWS\System32\fwpuclnt.dll
0x00007ff8acbc0000 - 0x00007ff8acbe6000 	C:\WINDOWS\System32\bcrypt.dll
0x00007ff888cb0000 - 0x00007ff888cf7000 	C:\Program Files\Java\jdk1.8.0_201\jre\bin\fontmanager.dll
0x00007ff86fbf0000 - 0x00007ff86fc89000 	C:\WINDOWS\system32\RICHED20.DLL
0x00007ff86fe30000 - 0x00007ff86fe49000 	C:\WINDOWS\SYSTEM32\USP10.dll
0x00007ff8711c0000 - 0x00007ff8711f9000 	C:\WINDOWS\SYSTEM32\msls31.dll
0x00007ff8af020000 - 0x00007ff8af0c2000 	C:\WINDOWS\System32\clbcatq.dll
0x00007ff8a1f10000 - 0x00007ff8a1f66000 	C:\WINDOWS\system32\dataexchange.dll
0x00007ff8a9880000 - 0x00007ff8a9afe000 	C:\WINDOWS\system32\d3d11.dll
0x00007ff8aa0c0000 - 0x00007ff8aa283000 	C:\WINDOWS\system32\dcomp.dll
0x00007ff8ab1e0000 - 0x00007ff8ab2a2000 	C:\WINDOWS\system32\dxgi.dll
0x00007ff8aab60000 - 0x00007ff8aad6d000 	C:\WINDOWS\system32\twinapi.appcore.dll
0x00007ff8aada0000 - 0x00007ff8aadc8000 	C:\WINDOWS\system32\RMCLIENT.dll
0x00007ff8a79d0000 - 0x00007ff8a79e1000 	C:\Program Files\Java\jdk1.8.0_201\jre\bin\nio.dll
0x00007ff86fba0000 - 0x00007ff86fbe2000 	C:\Program Files\Java\jdk1.8.0_201\jre\bin\t2k.dll
0x00007ff887720000 - 0x00007ff8877b5000 	C:\WINDOWS\System32\TextInputFramework.dll
0x00007ff8a7ae0000 - 0x00007ff8a7e02000 	C:\WINDOWS\System32\CoreUIComponents.dll
0x00007ff8aa5f0000 - 0x00007ff8aa6d2000 	C:\WINDOWS\System32\CoreMessaging.dll
0x00007ff8ab690000 - 0x00007ff8ab6c1000 	C:\WINDOWS\SYSTEM32\ntmarta.dll
0x00007ff8a8720000 - 0x00007ff8a8873000 	C:\WINDOWS\SYSTEM32\wintypes.dll
0x00007ff8a32e0000 - 0x00007ff8a32f6000 	C:\WINDOWS\SYSTEM32\dhcpcsvc6.DLL
0x00007ff8a54c0000 - 0x00007ff8a54dc000 	C:\WINDOWS\SYSTEM32\dhcpcsvc.DLL
0x00007ff896670000 - 0x00007ff896686000 	C:\WINDOWS\system32\napinsp.dll
0x00007ff896650000 - 0x00007ff89666a000 	C:\WINDOWS\system32\pnrpnsp.dll
0x00007ff896640000 - 0x00007ff89664e000 	C:\WINDOWS\System32\winrnr.dll
0x00007ff8a8ef0000 - 0x00007ff8a8f0b000 	C:\WINDOWS\system32\NLAapi.dll
0x00007ff896620000 - 0x00007ff896635000 	C:\WINDOWS\system32\wshbth.dll
0x00007ff838f80000 - 0x00007ff83a18a000 	C:\Users\timke\Documents\Intelligent_Systems\jniortools.dll
0x00007ff897d90000 - 0x00007ff897e2b000 	C:\WINDOWS\SYSTEM32\MSVCP140.dll
0x00007ff8a1170000 - 0x00007ff8a135d000 	C:\WINDOWS\SYSTEM32\dbghelp.dll
0x00007ff897d60000 - 0x00007ff897d75000 	C:\WINDOWS\SYSTEM32\VCRUNTIME140.dll
0x00007ff8a7400000 - 0x00007ff8a75b8000 	C:\WINDOWS\SYSTEM32\WindowsCodecs.dll
0x00007ff860fd0000 - 0x00007ff861001000 	C:\Program Files\Java\jdk1.8.0_201\jre\bin\jpeg.dll

VM Arguments:
jvm_args: -Djava.library.path=C:\Users\timke\Documents\Intelligent_Systems -javaagent:C:\Program Files\JetBrains\IntelliJ IDEA Community Edition 2019.2\lib\idea_rt.jar=5118:C:\Program Files\JetBrains\IntelliJ IDEA Community Edition 2019.2\bin -Dfile.encoding=UTF-8 
java_command: main.Main
java_class_path (initial): C:\Program Files\Java\jdk1.8.0_201\jre\lib\charsets.jar;C:\Program Files\Java\jdk1.8.0_201\jre\lib\deploy.jar;C:\Program Files\Java\jdk1.8.0_201\jre\lib\ext\access-bridge-64.jar;C:\Program Files\Java\jdk1.8.0_201\jre\lib\ext\cldrdata.jar;C:\Program Files\Java\jdk1.8.0_201\jre\lib\ext\dnsns.jar;C:\Program Files\Java\jdk1.8.0_201\jre\lib\ext\jaccess.jar;C:\Program Files\Java\jdk1.8.0_201\jre\lib\ext\jfxrt.jar;C:\Program Files\Java\jdk1.8.0_201\jre\lib\ext\localedata.jar;C:\Program Files\Java\jdk1.8.0_201\jre\lib\ext\nashorn.jar;C:\Program Files\Java\jdk1.8.0_201\jre\lib\ext\sunec.jar;C:\Program Files\Java\jdk1.8.0_201\jre\lib\ext\sunjce_provider.jar;C:\Program Files\Java\jdk1.8.0_201\jre\lib\ext\sunmscapi.jar;C:\Program Files\Java\jdk1.8.0_201\jre\lib\ext\sunpkcs11.jar;C:\Program Files\Java\jdk1.8.0_201\jre\lib\ext\zipfs.jar;C:\Program Files\Java\jdk1.8.0_201\jre\lib\javaws.jar;C:\Program Files\Java\jdk1.8.0_201\jre\lib\jce.jar;C:\Program Files\Java\jdk1.8.0_201\jre\lib\jfr.jar;C:\Program Files\Java\jdk1.8.0_201\jre\lib\jfxswt.jar;C:\Program Files\Java\jdk1.8.0_201\jre\lib\jsse.jar;C:\Program Files\Java\jdk1.8.0_201\jre\lib\management-agent.jar;C:\Program Files\Java\jdk1.8.0_201\jre\lib\plugin.jar;C:\Program Files\Java\jdk1.8.0_201\jre\lib\resources.jar;C:\Program Files\Java\jdk1.8.0_201\jre\lib\rt.jar;C:\Users\timke\Documents\Intelligent_Systems\Vehicle_Routing_COS30018\out\production\Vehicle_Routing_COS30018;C:\Users\timke\Documents\Intelligent_Systems\com.google.ortools.jar;C:\Users\timke\Documents\Intelligent_Systems\protobuf.jar;C:\Users\timke\Documents\JAVA_LIBRARIES\choco-solver-4.10.1.jar;C:\Users\timke\Documents\JAVA_LIBRARIES\mysql-connector.jar;C:\Users\timke\Documents\JADE\lib\jade.jar;C:\Program Files\JetBrains\IntelliJ IDEA Community Edition 2019.2\lib\idea_rt.jar
Launcher Type: SUN_STANDARD

Environment Variables:
PATH=C:\Program Files (x86)\Common Files\Oracle\Java\javapath;"C:\Program Files\Java\jdk-11.0.2; C:\glassfish4\jdk7; C:\glassfish4\jdk7\jre;";C:\ProgramData\Oracle\Java\javapath;C:\Program Files (x86)\Intel\iCLS Client\;C:\Program Files\Intel\iCLS Client\;C:\Windows\system32;C:\Windows;C:\Windows\System32\Wbem;C:\Windows\System32\WindowsPowerShell\v1.0\;C:\Program Files\Intel\WiFi\bin\;C:\Program Files\Common Files\Intel\WirelessCommon\;C:\Program Files (x86)\NVIDIA Corporation\PhysX\Common;C:\Program Files (x86)\Intel\Intel(R) Management Engine Components\DAL;C:\Program Files\Intel\Intel(R) Management Engine Components\DAL;C:\Program Files (x86)\Intel\Intel(R) Management Engine Components\IPT;C:\Program Files\Intel\Intel(R) Management Engine Components\IPT;C:\Program Files (x86)\Skype\Phone\;C:\WINDOWS\system32;C:\WINDOWS;C:\WINDOWS\System32\Wbem;C:\WINDOWS\System32\WindowsPowerShell\v1.0\;C:\FPC\2.6.4\bin\i386-Win32;C:\Program Files\PuTTY\;C:\Program Files (x86)\IVI Foundation\VISA\WinNT\Bin;C:\WINDOWS\System32\OpenSSH\;C:\Program Files\Microsoft VS Code\bin;C:\Program Files\dotnet\;C:\Program Files\Git\cmd;C:\Program Files\nodejs\;C:\Program Files\NVIDIA Corporation\NVIDIA NvDLISR;;C:\WINDOWS\system32;C:\WINDOWS;C:\WINDOWS\System32\Wbem;C:\WINDOWS\System32\WindowsPowerShell\v1.0\;C:\WINDOWS\System32\OpenSSH\;C:\Users\timke\AppData\Local\Microsoft\WindowsApps;C:\Users\timke\AppData\Local\atom\bin;C:\Users\timke\AppData\Local\Microsoft\WindowsApps;C:\Users\timke\AppData\Roaming\npm;C:\Program Files (x86)\Nmap;C:\Program Files\Java\jdk1.8.0_201\bin;C:\Python27;C:\Python27\Scripts;
USERNAME=timke
OS=Windows_NT
PROCESSOR_IDENTIFIER=Intel64 Family 6 Model 158 Stepping 9, GenuineIntel



---------------  S Y S T E M  ---------------

OS: Windows 10.0 , 64 bit Build 17763 (10.0.17763.475)

CPU:total 8 (initial active 8) (4 cores per cpu, 2 threads per core) family 6 model 158 stepping 9, cmov, cx8, fxsr, mmx, sse, sse2, sse3, ssse3, sse4.1, sse4.2, popcnt, avx, avx2, aes, clmul, erms, 3dnowpref, lzcnt, ht, tsc, tscinvbit, bmi1, bmi2, adx

Memory: 4k page, physical 8270668k(1741064k free), swap 21902156k(6465812k free)

vm_info: Java HotSpot(TM) 64-Bit Server VM (25.201-b09) for windows-amd64 JRE (1.8.0_201-b09), built on Dec 15 2018 18:36:39 by "java_re" with MS VC++ 10.0 (VS2010)

time: Thu Oct 31 13:58:37 2019
timezone: AUS Eastern Daylight Time
elapsed time: 24 seconds (0d 0h 0m 24s)

