#
# A fatal error has been detected by the Java Runtime Environment:
#
#  EXCEPTION_ACCESS_VIOLATION (0xc0000005) at pc=0x000000006b96f01d, pid=21632, tid=0x0000000000002d50
#
# JRE version: Java(TM) SE Runtime Environment (8.0_202-b08) (build 1.8.0_202-b08)
# Java VM: Java HotSpot(TM) 64-Bit Server VM (25.202-b08 mixed mode windows-amd64 compressed oops)
# Problematic frame:
# V  [jvm.dll+0x13f01d]
#
# Failed to write core dump. Minidumps are not enabled by default on client versions of Windows
#
# If you would like to submit a bug report, please visit:
#   http://bugreport.java.com/bugreport/crash.jsp
# The crash happened outside the Java Virtual Machine in native code.
# See problematic frame for where to report the bug.
#

---------------  T H R E A D  ---------------

Current thread (0x000000000265c000):  JavaThread "Finalizer" daemon [_thread_in_native, id=11600, stack(0x000000001cf40000,0x000000001d040000)]

siginfo: ExceptionCode=0xc0000005, writing address 0x0000000000000270

Registers:
RAX=0x000000000000dead, RBX=0x0000000000000000, RCX=0x000000001e1ff800, RDX=0x000000001d6f1fc0
RSP=0x000000001d03eb50, RBP=0x0000000000000000, RSI=0x0000000029c43740, RDI=0x000000001d6f1fc0
R8 =0x00000000005d1200, R9 =0x0000000000008000, R10=0x00000000ffffffff, R11=0x000000001d03eb20
R12=0x0000000000000000, R13=0x0000000000000000, R14=0x0000000000000000, R15=0x0000000029f5c3e8
RIP=0x000000006b96f01d, EFLAGS=0x0000000000010246

Top of Stack: (sp=0x000000001d03eb50)
0x000000001d03eb50:   0000000000810000 0000000029f57910
0x000000001d03eb60:   0000000000000000 0000000000000000
0x000000001d03eb70:   00000000ffffffff 00007ff9d53187ce
0x000000001d03eb80:   0000000029f47650 0000000029c43740
0x000000001d03eb90:   0000000000000000 0000000000000000
0x000000001d03eba0:   fffffffffffffffe 0000000029f5c2e0
0x000000001d03ebb0:   0000000000000000 00007ff9d5316bed
0x000000001d03ebc0:   0000000000000000 00007ff9d60934b0
0x000000001d03ebd0:   0000000029f5c3e8 0000000029f5c2e0
0x000000001d03ebe0:   0000000029c437c0 00007ff9d55fc6d5
0x000000001d03ebf0:   0000000029c43740 0000000000000000
0x000000001d03ec00:   0000000029f5cab0 0000000000000000
0x000000001d03ec10:   00007ff9d60934b0 00007ff9d56004b8
0x000000001d03ec20:   000000001d03eca9 0000000029f5c2e0
0x000000001d03ec30:   0000000029f5cb00 000000001d03eca9
0x000000001d03ec40:   00007ff9d60934b0 0000000000000000 

Instructions: (pc=0x000000006b96f01d)
0x000000006b96effd:   8b fa 3d ab de 00 00 74 17 8b 83 88 02 00 00 3d
0x000000006b96f00d:   ac de 00 00 74 0a 48 8b cb e8 65 03 10 00 33 db
0x000000006b96f01d:   c7 83 70 02 00 00 05 00 00 00 83 3d 9a 86 6d 00
0x000000006b96f02d:   01 75 09 80 3d 0c 79 6d 00 00 74 18 80 3d 04 79 


Register to memory mapping:

RAX=0x000000000000dead is an unknown value
RBX=0x0000000000000000 is an unknown value
RCX=0x000000001e1ff800 is an unknown value
RDX=0x000000001d6f1fc0 is a global jni handle
RSP=0x000000001d03eb50 is pointing into the stack for thread: 0x000000000265c000
RBP=0x0000000000000000 is an unknown value
RSI=0x0000000029c43740 is an unknown value
RDI=0x000000001d6f1fc0 is a global jni handle
R8 =0x00000000005d1200 is an unknown value
R9 =0x0000000000008000 is an unknown value
R10=0x00000000ffffffff is an unknown value
R11=0x000000001d03eb20 is pointing into the stack for thread: 0x000000000265c000
R12=0x0000000000000000 is an unknown value
R13=0x0000000000000000 is an unknown value
R14=0x0000000000000000 is an unknown value
R15=0x0000000029f5c3e8 is an unknown value


Stack: [0x000000001cf40000,0x000000001d040000],  sp=0x000000001d03eb50,  free space=1018k
Native frames: (J=compiled Java code, j=interpreted, Vv=VM code, C=native code)

Java frames: (J=compiled Java code, j=interpreted, Vv=VM code)
j  com.google.ortools.constraintsolver.mainJNI.delete_RoutingModel(J)V+0
j  com.google.ortools.constraintsolver.RoutingModel.delete()V+25
j  com.google.ortools.constraintsolver.RoutingModel.finalize()V+1
J 1245 C1 java.lang.ref.Finalizer.runFinalizer(Lsun/misc/JavaLangAccess;)V (62 bytes) @ 0x0000000002ad6294 [0x0000000002ad5d00+0x594]
J 1244 C1 java.lang.ref.Finalizer.access$100(Ljava/lang/ref/Finalizer;Lsun/misc/JavaLangAccess;)V (6 bytes) @ 0x0000000002ad599c [0x0000000002ad5940+0x5c]
j  java.lang.ref.Finalizer$FinalizerThread.run()V+45
v  ~StubRoutines::call_stub

---------------  P R O C E S S  ---------------

Java Threads: ( => current thread )
  0x000000001e202800 JavaThread "TimerQueue" daemon [_thread_blocked, id=20252, stack(0x000000002e0e0000,0x000000002e1e0000)]
  0x000000001e1fe000 JavaThread "MasterRouteAgent" [_thread_blocked, id=25724, stack(0x000000002dee0000,0x000000002dfe0000)]
  0x000000001e1fd000 JavaThread "Delivery_Agent9" [_thread_blocked, id=25848, stack(0x000000002dde0000,0x000000002dee0000)]
  0x000000001e201800 JavaThread "Delivery_Agent8" [_thread_blocked, id=26544, stack(0x000000002dce0000,0x000000002dde0000)]
  0x000000001e1fc800 JavaThread "Delivery_Agent7" [_thread_blocked, id=836, stack(0x000000002dbe0000,0x000000002dce0000)]
  0x000000001e201000 JavaThread "Delivery_Agent6" [_thread_blocked, id=27912, stack(0x000000002dae0000,0x000000002dbe0000)]
  0x000000001e5cc000 JavaThread "Delivery_Agent5" [_thread_blocked, id=2904, stack(0x000000002d9e0000,0x000000002dae0000)]
  0x000000001e5c4800 JavaThread "Delivery_Agent4" [_thread_blocked, id=14476, stack(0x000000002d8e0000,0x000000002d9e0000)]
  0x000000001e5cb800 JavaThread "Delivery_Agent3" [_thread_blocked, id=25904, stack(0x000000002d7e0000,0x000000002d8e0000)]
  0x000000001e5ca800 JavaThread "Delivery_Agent2" [_thread_blocked, id=28360, stack(0x000000002d6e0000,0x000000002d7e0000)]
  0x000000001e5c3000 JavaThread "Delivery_Agent1" [_thread_blocked, id=25452, stack(0x000000002d5e0000,0x000000002d6e0000)]
  0x000000001e5ca000 JavaThread "Delivery_Agent0" [_thread_blocked, id=28140, stack(0x000000002d4e0000,0x000000002d5e0000)]
  0x000000001e5c2800 JavaThread "DBAgent" [_thread_blocked, id=17504, stack(0x000000002d3e0000,0x000000002d4e0000)]
  0x000000001e5c8800 JavaThread "rma" [_thread_blocked, id=22660, stack(0x000000002d2e0000,0x000000002d3e0000)]
  0x000000001e5c9000 JavaThread "df" [_thread_blocked, id=26824, stack(0x000000002d1e0000,0x000000002d2e0000)]
  0x000000001e5c1000 JavaThread "ams" [_thread_blocked, id=26960, stack(0x000000002d0e0000,0x000000002d1e0000)]
  0x000000001e5c1800 JavaThread "Thread-34" [_thread_in_native, id=26156, stack(0x000000002cfe0000,0x000000002d0e0000)]
  0x000000001e5c7800 JavaThread "Deliverer-04" [_thread_blocked, id=26720, stack(0x000000002cee0000,0x000000002cfe0000)]
  0x000000001e5c7000 JavaThread "Deliverer-03" [_thread_blocked, id=26744, stack(0x000000002cde0000,0x000000002cee0000)]
  0x000000001e5bf800 JavaThread "Deliverer-02" [_thread_blocked, id=9820, stack(0x000000002cce0000,0x000000002cde0000)]
  0x000000001e5c6000 JavaThread "Deliverer-01" [_thread_blocked, id=8852, stack(0x000000002cbe0000,0x000000002cce0000)]
  0x000000001e5c0000 JavaThread "Deliverer-00" [_thread_blocked, id=7520, stack(0x000000002cae0000,0x000000002cbe0000)]
  0x000000001e5be800 JavaThread "Thread-28" [_thread_in_native, id=13480, stack(0x000000002c9e0000,0x000000002cae0000)]
  0x000000001e5be000 JavaThread "JADE Timer dispatcher" [_thread_blocked, id=15356, stack(0x000000002c8e0000,0x000000002c9e0000)]
  0x000000001e5bd000 JavaThread "df" [_thread_blocked, id=28524, stack(0x000000002bde0000,0x000000002bee0000)]
  0x000000001e5c4000 JavaThread "ams" [_thread_blocked, id=26752, stack(0x000000002bce0000,0x000000002bde0000)]
  0x000000001e203000 JavaThread "Thread-6" [_thread_blocked, id=26656, stack(0x000000002b4e0000,0x000000002b5e0000)]
  0x000000001e1fe800 JavaThread "JICPServer-8888" daemon [_thread_in_native, id=28560, stack(0x000000002b3e0000,0x000000002b4e0000)]
  0x000000001e0d8000 JavaThread "D3D Screen Updater" daemon [_thread_blocked, id=24456, stack(0x000000002a210000,0x000000002a310000)]
  0x000000001df74800 JavaThread "Thread-1" [_thread_blocked, id=26408, stack(0x0000000027ba0000,0x0000000027ca0000)]
  0x0000000002563800 JavaThread "DestroyJavaVM" [_thread_blocked, id=28608, stack(0x0000000002270000,0x0000000002370000)]
  0x000000001d708800 JavaThread "AWT-EventQueue-0" [_thread_blocked, id=27192, stack(0x000000001eac0000,0x000000001ebc0000)]
  0x000000001d703000 JavaThread "AWT-Windows" daemon [_thread_in_native, id=7748, stack(0x000000001e880000,0x000000001e980000)]
  0x000000001d6f6000 JavaThread "AWT-Shutdown" [_thread_blocked, id=23128, stack(0x000000001e780000,0x000000001e880000)]
  0x000000001d6f3000 JavaThread "Java2D Disposer" daemon [_thread_blocked, id=28132, stack(0x000000001e680000,0x000000001e780000)]
  0x000000001d457000 JavaThread "Service Thread" daemon [_thread_blocked, id=25948, stack(0x000000001db40000,0x000000001dc40000)]
  0x000000001d3bb000 JavaThread "C1 CompilerThread2" daemon [_thread_blocked, id=10936, stack(0x000000001da40000,0x000000001db40000)]
  0x000000001d3a6800 JavaThread "C2 CompilerThread1" daemon [_thread_blocked, id=26132, stack(0x000000001d940000,0x000000001da40000)]
  0x000000001d3a3800 JavaThread "C2 CompilerThread0" daemon [_thread_blocked, id=28164, stack(0x000000001d840000,0x000000001d940000)]
  0x000000001bd23800 JavaThread "Monitor Ctrl-Break" daemon [_thread_in_native, id=27624, stack(0x000000001d740000,0x000000001d840000)]
  0x000000001bcd9000 JavaThread "Attach Listener" daemon [_thread_blocked, id=27564, stack(0x000000001d240000,0x000000001d340000)]
  0x000000001bcd7800 JavaThread "Signal Dispatcher" daemon [_thread_blocked, id=5088, stack(0x000000001d140000,0x000000001d240000)]
=>0x000000000265c000 JavaThread "Finalizer" daemon [_thread_in_native, id=11600, stack(0x000000001cf40000,0x000000001d040000)]
  0x0000000002653000 JavaThread "Reference Handler" daemon [_thread_blocked, id=18980, stack(0x000000001ce40000,0x000000001cf40000)]

Other Threads:
  0x000000001bc97800 VMThread [stack: 0x000000001cd40000,0x000000001ce40000] [id=27348]
  0x000000001d466000 WatcherThread [stack: 0x000000001dc40000,0x000000001dd40000] [id=15784]

VM state:not at safepoint (normal execution)

VM Mutex/Monitor currently owned by a thread: None

heap address: 0x00000006c0a00000, size: 4086 MB, Compressed Oops mode: Zero based, Oop shift amount: 3
Narrow klass base: 0x0000000000000000, Narrow klass shift: 3
Compressed class space size: 1073741824 Address: 0x00000007c0000000

Heap:
 PSYoungGen      total 76288K, used 8575K [0x000000076ae00000, 0x0000000770300000, 0x00000007c0000000)
  eden space 65536K, 9% used [0x000000076ae00000,0x000000076b45ff58,0x000000076ee00000)
  from space 10752K, 19% used [0x000000076f880000,0x000000076fa80080,0x0000000770300000)
  to   space 10752K, 0% used [0x000000076ee00000,0x000000076ee00000,0x000000076f880000)
 ParOldGen       total 71680K, used 5731K [0x00000006c0a00000, 0x00000006c5000000, 0x000000076ae00000)
  object space 71680K, 7% used [0x00000006c0a00000,0x00000006c0f98f18,0x00000006c5000000)
 Metaspace       used 24739K, capacity 25238K, committed 25472K, reserved 1071104K
  class space    used 2979K, capacity 3100K, committed 3200K, reserved 1048576K

Card table byte_map: [0x0000000011a20000,0x0000000012220000] byte_map_base: 0x000000000e41b000

Marking Bits: (ParMarkBitMap*) 0x000000006c055ce0
 Begin Bits: [0x0000000012b80000, 0x0000000016b58000)
 End Bits:   [0x0000000016b58000, 0x000000001ab30000)

Polling page: 0x0000000000a30000

CodeCache: size=245760Kb used=10682Kb max_used=10692Kb free=235077Kb
 bounds [0x0000000002660000, 0x00000000030e0000, 0x0000000011660000]
 total_blobs=3618 nmethods=2909 adapters=619
 compilation: enabled

Compilation events (10 events):
Event: 58.391 Thread 0x000000001d3bb000 3114       3       java.time.zone.ZoneRulesProvider::getRules (17 bytes)
Event: 58.391 Thread 0x000000001d3bb000 nmethod 3114 0x00000000030d0e10 code [0x00000000030d0fa0, 0x00000000030d1328]
Event: 58.391 Thread 0x000000001d3bb000 3115       3       java.time.zone.ZoneRulesProvider::getProvider (67 bytes)
Event: 58.391 Thread 0x000000001d3bb000 nmethod 3115 0x00000000030d26d0 code [0x00000000030d2900, 0x00000000030d3468]
Event: 58.391 Thread 0x000000001d3bb000 3116   !   3       java.time.zone.TzdbZoneRulesProvider::provideRules (142 bytes)
Event: 58.392 Thread 0x000000001d3bb000 nmethod 3116 0x00000000030d3910 code [0x00000000030d3c80, 0x00000000030d5a48]
Event: 58.392 Thread 0x000000001d3bb000 3117       3       java.math.BigDecimal::stripTrailingZeros (71 bytes)
Event: 58.392 Thread 0x000000001d3bb000 nmethod 3117 0x00000000030d6b10 code [0x00000000030d6ca0, 0x00000000030d6fd8]
Event: 58.469 Thread 0x000000001d3a3800 3118       4       jade.core.messaging.OutgoingEncodingFilter::postProcess (74 bytes)
Event: 58.470 Thread 0x000000001d3a3800 nmethod 3118 0x00000000030d9e50 code [0x00000000030d9fa0, 0x00000000030da138]

GC Heap History (10 events):
Event: 10.311 GC heap before
{Heap before GC invocations=1 (full 0):
 PSYoungGen      total 76288K, used 65536K [0x000000076ae00000, 0x0000000770300000, 0x00000007c0000000)
  eden space 65536K, 100% used [0x000000076ae00000,0x000000076ee00000,0x000000076ee00000)
  from space 10752K, 0% used [0x000000076f880000,0x000000076f880000,0x0000000770300000)
  to   space 10752K, 0% used [0x000000076ee00000,0x000000076ee00000,0x000000076f880000)
 ParOldGen       total 175104K, used 0K [0x00000006c0a00000, 0x00000006cb500000, 0x000000076ae00000)
  object space 175104K, 0% used [0x00000006c0a00000,0x00000006c0a00000,0x00000006cb500000)
 Metaspace       used 16982K, capacity 17212K, committed 17536K, reserved 1064960K
  class space    used 2052K, capacity 2127K, committed 2176K, reserved 1048576K
Event: 10.315 GC heap after
Heap after GC invocations=1 (full 0):
 PSYoungGen      total 76288K, used 5680K [0x000000076ae00000, 0x0000000770300000, 0x00000007c0000000)
  eden space 65536K, 0% used [0x000000076ae00000,0x000000076ae00000,0x000000076ee00000)
  from space 10752K, 52% used [0x000000076ee00000,0x000000076f38c2c0,0x000000076f880000)
  to   space 10752K, 0% used [0x000000076f880000,0x000000076f880000,0x0000000770300000)
 ParOldGen       total 175104K, used 16K [0x00000006c0a00000, 0x00000006cb500000, 0x000000076ae00000)
  object space 175104K, 0% used [0x00000006c0a00000,0x00000006c0a04000,0x00000006cb500000)
 Metaspace       used 16982K, capacity 17212K, committed 17536K, reserved 1064960K
  class space    used 2052K, capacity 2127K, committed 2176K, reserved 1048576K
}
Event: 15.131 GC heap before
{Heap before GC invocations=2 (full 0):
 PSYoungGen      total 76288K, used 35455K [0x000000076ae00000, 0x0000000770300000, 0x00000007c0000000)
  eden space 65536K, 45% used [0x000000076ae00000,0x000000076cb13a90,0x000000076ee00000)
  from space 10752K, 52% used [0x000000076ee00000,0x000000076f38c2c0,0x000000076f880000)
  to   space 10752K, 0% used [0x000000076f880000,0x000000076f880000,0x0000000770300000)
 ParOldGen       total 175104K, used 16K [0x00000006c0a00000, 0x00000006cb500000, 0x000000076ae00000)
  object space 175104K, 0% used [0x00000006c0a00000,0x00000006c0a04000,0x00000006cb500000)
 Metaspace       used 20763K, capacity 21000K, committed 21248K, reserved 1067008K
  class space    used 2632K, capacity 2699K, committed 2816K, reserved 1048576K
Event: 15.135 GC heap after
Heap after GC invocations=2 (full 0):
 PSYoungGen      total 76288K, used 5830K [0x000000076ae00000, 0x0000000770300000, 0x00000007c0000000)
  eden space 65536K, 0% used [0x000000076ae00000,0x000000076ae00000,0x000000076ee00000)
  from space 10752K, 54% used [0x000000076f880000,0x000000076fe31958,0x0000000770300000)
  to   space 10752K, 0% used [0x000000076ee00000,0x000000076ee00000,0x000000076f880000)
 ParOldGen       total 175104K, used 24K [0x00000006c0a00000, 0x00000006cb500000, 0x000000076ae00000)
  object space 175104K, 0% used [0x00000006c0a00000,0x00000006c0a06000,0x00000006cb500000)
 Metaspace       used 20763K, capacity 21000K, committed 21248K, reserved 1067008K
  class space    used 2632K, capacity 2699K, committed 2816K, reserved 1048576K
}
Event: 15.135 GC heap before
{Heap before GC invocations=3 (full 1):
 PSYoungGen      total 76288K, used 5830K [0x000000076ae00000, 0x0000000770300000, 0x00000007c0000000)
  eden space 65536K, 0% used [0x000000076ae00000,0x000000076ae00000,0x000000076ee00000)
  from space 10752K, 54% used [0x000000076f880000,0x000000076fe31958,0x0000000770300000)
  to   space 10752K, 0% used [0x000000076ee00000,0x000000076ee00000,0x000000076f880000)
 ParOldGen       total 175104K, used 24K [0x00000006c0a00000, 0x00000006cb500000, 0x000000076ae00000)
  object space 175104K, 0% used [0x00000006c0a00000,0x00000006c0a06000,0x00000006cb500000)
 Metaspace       used 20763K, capacity 21000K, committed 21248K, reserved 1067008K
  class space    used 2632K, capacity 2699K, committed 2816K, reserved 1048576K
Event: 15.151 GC heap after
Heap after GC invocations=3 (full 1):
 PSYoungGen      total 76288K, used 0K [0x000000076ae00000, 0x0000000770300000, 0x00000007c0000000)
  eden space 65536K, 0% used [0x000000076ae00000,0x000000076ae00000,0x000000076ee00000)
  from space 10752K, 0% used [0x000000076f880000,0x000000076f880000,0x0000000770300000)
  to   space 10752K, 0% used [0x000000076ee00000,0x000000076ee00000,0x000000076f880000)
 ParOldGen       total 71680K, used 5723K [0x00000006c0a00000, 0x00000006c5000000, 0x000000076ae00000)
  object space 71680K, 7% used [0x00000006c0a00000,0x00000006c0f96f18,0x00000006c5000000)
 Metaspace       used 20763K, capacity 21000K, committed 21248K, reserved 1067008K
  class space    used 2632K, capacity 2699K, committed 2816K, reserved 1048576K
}
Event: 34.826 GC heap before
{Heap before GC invocations=4 (full 1):
 PSYoungGen      total 76288K, used 65536K [0x000000076ae00000, 0x0000000770300000, 0x00000007c0000000)
  eden space 65536K, 100% used [0x000000076ae00000,0x000000076ee00000,0x000000076ee00000)
  from space 10752K, 0% used [0x000000076f880000,0x000000076f880000,0x0000000770300000)
  to   space 10752K, 0% used [0x000000076ee00000,0x000000076ee00000,0x000000076f880000)
 ParOldGen       total 71680K, used 5723K [0x00000006c0a00000, 0x00000006c5000000, 0x000000076ae00000)
  object space 71680K, 7% used [0x00000006c0a00000,0x00000006c0f96f18,0x00000006c5000000)
 Metaspace       used 23203K, capacity 23566K, committed 23808K, reserved 1071104K
  class space    used 2871K, capacity 2964K, committed 3072K, reserved 1048576K
Event: 34.827 GC heap after
Heap after GC invocations=4 (full 1):
 PSYoungGen      total 76288K, used 2139K [0x000000076ae00000, 0x0000000770300000, 0x00000007c0000000)
  eden space 65536K, 0% used [0x000000076ae00000,0x000000076ae00000,0x000000076ee00000)
  from space 10752K, 19% used [0x000000076ee00000,0x000000076f016cb8,0x000000076f880000)
  to   space 10752K, 0% used [0x000000076f880000,0x000000076f880000,0x0000000770300000)
 ParOldGen       total 71680K, used 5723K [0x00000006c0a00000, 0x00000006c5000000, 0x000000076ae00000)
  object space 71680K, 7% used [0x00000006c0a00000,0x00000006c0f96f18,0x00000006c5000000)
 Metaspace       used 23203K, capacity 23566K, committed 23808K, reserved 1071104K
  class space    used 2871K, capacity 2964K, committed 3072K, reserved 1048576K
}
Event: 58.749 GC heap before
{Heap before GC invocations=5 (full 1):
 PSYoungGen      total 76288K, used 64188K [0x000000076ae00000, 0x0000000770300000, 0x00000007c0000000)
  eden space 65536K, 94% used [0x000000076ae00000,0x000000076ea98628,0x000000076ee00000)
  from space 10752K, 19% used [0x000000076ee00000,0x000000076f016cb8,0x000000076f880000)
  to   space 10752K, 0% used [0x000000076f880000,0x000000076f880000,0x0000000770300000)
 ParOldGen       total 71680K, used 5723K [0x00000006c0a00000, 0x00000006c5000000, 0x000000076ae00000)
  object space 71680K, 7% used [0x00000006c0a00000,0x00000006c0f96f18,0x00000006c5000000)
 Metaspace       used 24739K, capacity 25238K, committed 25472K, reserved 1071104K
  class space    used 2979K, capacity 3100K, committed 3200K, reserved 1048576K
Event: 58.750 GC heap after
Heap after GC invocations=5 (full 1):
 PSYoungGen      total 76288K, used 2048K [0x000000076ae00000, 0x0000000770300000, 0x00000007c0000000)
  eden space 65536K, 0% used [0x000000076ae00000,0x000000076ae00000,0x000000076ee00000)
  from space 10752K, 19% used [0x000000076f880000,0x000000076fa80080,0x0000000770300000)
  to   space 10752K, 0% used [0x000000076ee00000,0x000000076ee00000,0x000000076f880000)
 ParOldGen       total 71680K, used 5731K [0x00000006c0a00000, 0x00000006c5000000, 0x000000076ae00000)
  object space 71680K, 7% used [0x00000006c0a00000,0x00000006c0f98f18,0x00000006c5000000)
 Metaspace       used 24739K, capacity 25238K, committed 25472K, reserved 1071104K
  class space    used 2979K, capacity 3100K, committed 3200K, reserved 1048576K
}

Deoptimization events (10 events):
Event: 15.092 Thread 0x000000001e5be000 Uncommon trap: reason=unstable_if action=reinterpret pc=0x0000000002b3a8f8 method=java.lang.CharacterData.of(I)Ljava/lang/CharacterData; @ 4
Event: 16.914 Thread 0x000000001e5c1800 Uncommon trap: reason=unstable_if action=reinterpret pc=0x000000000292bd44 method=java.util.HashMap.getNode(ILjava/lang/Object;)Ljava/util/HashMap$Node; @ 62
Event: 16.914 Thread 0x000000001e5c1800 Uncommon trap: reason=unstable_if action=reinterpret pc=0x00000000028edc78 method=java.util.HashMap.getNode(ILjava/lang/Object;)Ljava/util/HashMap$Node; @ 62
Event: 30.203 Thread 0x000000001d708800 Uncommon trap: reason=class_check action=maybe_recompile pc=0x00000000029b8698 method=java.util.HashMap.putVal(ILjava/lang/Object;Ljava/lang/Object;ZZ)Ljava/lang/Object; @ 253
Event: 34.762 Thread 0x000000001e5c1000 Uncommon trap: reason=null_check action=make_not_entrant pc=0x0000000002d2b070 method=jade.content.onto.Ontology.getSchema(Ljava/lang/String;)Ljade/content/schema/ObjectSchema; @ 39
Event: 34.994 Thread 0x000000001d708800 Uncommon trap: reason=unstable_if action=reinterpret pc=0x0000000002a21090 method=java.awt.Container.findComponentAtImpl(IIZ)Ljava/awt/Component; @ 6
Event: 36.887 Thread 0x000000001e5c2800 Uncommon trap: reason=class_check action=maybe_recompile pc=0x0000000002cb2d34 method=java.util.HashSet.add(Ljava/lang/Object;)Z @ 8
Event: 36.887 Thread 0x000000001e5c2800 Uncommon trap: reason=class_check action=maybe_recompile pc=0x0000000002cb2d34 method=java.util.HashSet.add(Ljava/lang/Object;)Z @ 8
Event: 36.888 Thread 0x000000001e5c2800 Uncommon trap: reason=class_check action=maybe_recompile pc=0x0000000002cb2d34 method=java.util.HashSet.add(Ljava/lang/Object;)Z @ 8
Event: 36.888 Thread 0x000000001e5c2800 Uncommon trap: reason=class_check action=maybe_recompile pc=0x0000000002cb2d34 method=java.util.HashSet.add(Ljava/lang/Object;)Z @ 8

Classes redefined (0 events):
No events

Internal exceptions (10 events):
Event: 58.410 Thread 0x000000001e1fd000 Implicit null exception at 0x0000000002f9f848 to 0x0000000002f9fe7c
Event: 58.410 Thread 0x000000001e1fd000 Exception <a 'java/lang/NullPointerException'> (0x000000076ea51c30) thrown at [C:\re\workspace\8-2-build-windows-amd64-cygwin\jdk8u202\12323\hotspot\src\share\vm\runtime\sharedRuntime.cpp, line 605]
Event: 58.419 Thread 0x000000001e201800 Implicit null exception at 0x0000000002f9f848 to 0x0000000002f9fe7c
Event: 58.419 Thread 0x000000001e201800 Exception <a 'java/lang/NullPointerException'> (0x000000076e5bcf80) thrown at [C:\re\workspace\8-2-build-windows-amd64-cygwin\jdk8u202\12323\hotspot\src\share\vm\runtime\sharedRuntime.cpp, line 605]
Event: 58.424 Thread 0x000000001e201000 Implicit null exception at 0x0000000002f9f848 to 0x0000000002f9fe7c
Event: 58.424 Thread 0x000000001e201000 Exception <a 'java/lang/NullPointerException'> (0x000000076e5cf3c8) thrown at [C:\re\workspace\8-2-build-windows-amd64-cygwin\jdk8u202\12323\hotspot\src\share\vm\runtime\sharedRuntime.cpp, line 605]
Event: 58.435 Thread 0x000000001e1fc800 Implicit null exception at 0x0000000002f9f848 to 0x0000000002f9fe7c
Event: 58.435 Thread 0x000000001e1fc800 Exception <a 'java/lang/NullPointerException'> (0x000000076e1b8020) thrown at [C:\re\workspace\8-2-build-windows-amd64-cygwin\jdk8u202\12323\hotspot\src\share\vm\runtime\sharedRuntime.cpp, line 605]
Event: 58.443 Thread 0x000000001e5cc000 Implicit null exception at 0x0000000002f9f848 to 0x0000000002f9fe7c
Event: 58.443 Thread 0x000000001e5cc000 Exception <a 'java/lang/NullPointerException'> (0x000000076e5aba58) thrown at [C:\re\workspace\8-2-build-windows-amd64-cygwin\jdk8u202\12323\hotspot\src\share\vm\runtime\sharedRuntime.cpp, line 605]

Events (10 events):
Event: 47.412 Thread 0x000000001d3bb000 flushing nmethod 0x0000000002a1f0d0
Event: 47.417 Thread 0x000000001d3bb000 flushing nmethod 0x0000000002a60750
Event: 47.820 Thread 0x000000001d3bb000 flushing nmethod 0x0000000002b3e850
Event: 47.820 Thread 0x000000001d3bb000 flushing nmethod 0x0000000002b4dcd0
Event: 47.820 Thread 0x000000001d3bb000 flushing nmethod 0x0000000002b4fad0
Event: 47.820 Thread 0x000000001d3bb000 flushing nmethod 0x0000000002b50810
Event: 47.820 Thread 0x000000001d3bb000 flushing nmethod 0x0000000002c691d0
Event: 47.820 Thread 0x000000001d3bb000 flushing nmethod 0x0000000002c698d0
Event: 58.749 Executing VM operation: ParallelGCFailedAllocation
Event: 58.750 Executing VM operation: ParallelGCFailedAllocation done


Dynamic libraries:
0x00007ff7d3a90000 - 0x00007ff7d3ac7000 	C:\Program Files\Java\jdk1.8.0_202\bin\java.exe
0x00007ffa4f7e0000 - 0x00007ffa4f9cd000 	C:\WINDOWS\SYSTEM32\ntdll.dll
0x00007ffa2dad0000 - 0x00007ffa2dae4000 	C:\Program Files (x86)\AVG\Antivirus\aswhook.dll
0x00007ffa4cfc0000 - 0x00007ffa4d073000 	C:\WINDOWS\System32\KERNEL32.DLL
0x00007ffa4c760000 - 0x00007ffa4c9f3000 	C:\WINDOWS\System32\KERNELBASE.dll
0x00007ffa4eda0000 - 0x00007ffa4ee43000 	C:\WINDOWS\System32\ADVAPI32.dll
0x00007ffa4eb50000 - 0x00007ffa4ebee000 	C:\WINDOWS\System32\msvcrt.dll
0x00007ffa4f4f0000 - 0x00007ffa4f58e000 	C:\WINDOWS\System32\sechost.dll
0x00007ffa4d080000 - 0x00007ffa4d1a2000 	C:\WINDOWS\System32\RPCRT4.dll
0x00007ffa4f350000 - 0x00007ffa4f4e7000 	C:\WINDOWS\System32\USER32.dll
0x00007ffa4bdd0000 - 0x00007ffa4bdf0000 	C:\WINDOWS\System32\win32u.dll
0x00007ffa4d560000 - 0x00007ffa4d589000 	C:\WINDOWS\System32\GDI32.dll
0x00007ffa4b920000 - 0x00007ffa4bab9000 	C:\WINDOWS\System32\gdi32full.dll
0x00007ffa4bd30000 - 0x00007ffa4bdd0000 	C:\WINDOWS\System32\msvcp_win.dll
0x00007ffa4c610000 - 0x00007ffa4c70a000 	C:\WINDOWS\System32\ucrtbase.dll
0x00007ffa40cb0000 - 0x00007ffa40f29000 	C:\WINDOWS\WinSxS\amd64_microsoft.windows.common-controls_6595b64144ccf1df_6.0.17763.802_none_05b1445c0722d2cc\COMCTL32.dll
0x00007ffa4f020000 - 0x00007ffa4f34c000 	C:\WINDOWS\System32\combase.dll
0x00007ffa4b8a0000 - 0x00007ffa4b91e000 	C:\WINDOWS\System32\bcryptPrimitives.dll
0x00007ffa4d1b0000 - 0x00007ffa4d1de000 	C:\WINDOWS\System32\IMM32.DLL
0x000000006c0e0000 - 0x000000006c1b2000 	C:\Program Files\Java\jdk1.8.0_202\jre\bin\msvcr100.dll
0x000000006b830000 - 0x000000006c0d5000 	C:\Program Files\Java\jdk1.8.0_202\jre\bin\server\jvm.dll
0x00007ffa4f7a0000 - 0x00007ffa4f7a8000 	C:\WINDOWS\System32\PSAPI.DLL
0x00007ffa3ec00000 - 0x00007ffa3ec09000 	C:\WINDOWS\SYSTEM32\WSOCK32.dll
0x00007ffa4d1e0000 - 0x00007ffa4d24d000 	C:\WINDOWS\System32\WS2_32.dll
0x00007ffa49950000 - 0x00007ffa49974000 	C:\WINDOWS\SYSTEM32\WINMM.dll
0x00007ffa47630000 - 0x00007ffa4763a000 	C:\WINDOWS\SYSTEM32\VERSION.dll
0x00007ffa49800000 - 0x00007ffa4982d000 	C:\WINDOWS\SYSTEM32\WINMMBASE.dll
0x00007ffa4c710000 - 0x00007ffa4c75a000 	C:\WINDOWS\System32\cfgmgr32.dll
0x00007ffa05e80000 - 0x00007ffa05e8f000 	C:\Program Files\Java\jdk1.8.0_202\jre\bin\verify.dll
0x00007ff9cea40000 - 0x00007ff9cea69000 	C:\Program Files\Java\jdk1.8.0_202\jre\bin\java.dll
0x00007ffa450e0000 - 0x00007ffa45103000 	C:\Program Files\Java\jdk1.8.0_202\jre\bin\instrument.dll
0x00007ff9cea20000 - 0x00007ff9cea36000 	C:\Program Files\Java\jdk1.8.0_202\jre\bin\zip.dll
0x00007ffa4d590000 - 0x00007ffa4ea84000 	C:\WINDOWS\System32\SHELL32.dll
0x00007ffa4ca10000 - 0x00007ffa4cab8000 	C:\WINDOWS\System32\shcore.dll
0x00007ffa4bec0000 - 0x00007ffa4c60d000 	C:\WINDOWS\System32\windows.storage.dll
0x00007ffa4b7d0000 - 0x00007ffa4b7f4000 	C:\WINDOWS\System32\profapi.dll
0x00007ffa4b820000 - 0x00007ffa4b87d000 	C:\WINDOWS\System32\powrprof.dll
0x00007ffa4f610000 - 0x00007ffa4f662000 	C:\WINDOWS\System32\shlwapi.dll
0x00007ffa4b800000 - 0x00007ffa4b811000 	C:\WINDOWS\System32\kernel.appcore.dll
0x00007ffa4bdf0000 - 0x00007ffa4be07000 	C:\WINDOWS\System32\cryptsp.dll
0x00007ffa452f0000 - 0x00007ffa4530a000 	C:\Program Files\JetBrains\IntelliJ IDEA Community Edition 2019.2\bin\breakgen64.dll
0x00007ff9cea00000 - 0x00007ff9cea1a000 	C:\Program Files\Java\jdk1.8.0_202\jre\bin\net.dll
0x00007ffa3ff70000 - 0x00007ffa40147000 	C:\WINDOWS\SYSTEM32\urlmon.dll
0x00007ffa3fcc0000 - 0x00007ffa3ff68000 	C:\WINDOWS\SYSTEM32\iertutil.dll
0x00007ffa4b210000 - 0x00007ffa4b21c000 	C:\WINDOWS\SYSTEM32\CRYPTBASE.DLL
0x00007ffa4b040000 - 0x00007ffa4b0a7000 	C:\WINDOWS\system32\mswsock.dll
0x00007ffa24940000 - 0x00007ffa24ad9000 	C:\Program Files\Java\jdk1.8.0_202\jre\bin\awt.dll
0x00007ffa4f670000 - 0x00007ffa4f734000 	C:\WINDOWS\System32\OLEAUT32.dll
0x00007ffa49a80000 - 0x00007ffa49b0c000 	C:\WINDOWS\SYSTEM32\apphelp.dll
0x00007ffa49da0000 - 0x00007ffa49e3c000 	C:\WINDOWS\system32\uxtheme.dll
0x00007ffa4eeb0000 - 0x00007ffa4f01b000 	C:\WINDOWS\System32\MSCTF.dll
0x00007ffa49e70000 - 0x00007ffa49e9e000 	C:\WINDOWS\system32\dwmapi.dll
0x00007ffa4bac0000 - 0x00007ffa4bc9b000 	C:\WINDOWS\System32\CRYPT32.dll
0x00007ffa4b880000 - 0x00007ffa4b892000 	C:\WINDOWS\System32\MSASN1.dll
0x00007ffa4d400000 - 0x00007ffa4d555000 	C:\WINDOWS\System32\ole32.dll
0x00007ff9d6640000 - 0x00007ff9d6767000 	C:\WINDOWS\system32\opengl32.dll
0x00007ff9d6610000 - 0x00007ff9d663c000 	C:\WINDOWS\SYSTEM32\GLU32.dll
0x00007ffa41ad0000 - 0x00007ffa41c6e000 	C:\WINDOWS\system32\d3d9.dll
0x00007ffa419e0000 - 0x00007ffa41acf000 	C:\WINDOWS\System32\DriverStore\FileRepository\nv_dispi.inf_amd64_67c16e22f0dab361\nvldumdx.dll
0x00007ffa4bca0000 - 0x00007ffa4bcf9000 	C:\WINDOWS\System32\WINTRUST.DLL
0x00007ffa4cac0000 - 0x00007ffa4cadd000 	C:\WINDOWS\System32\imagehlp.dll
0x00007ffa4abc0000 - 0x00007ffa4abf3000 	C:\WINDOWS\system32\rsaenh.dll
0x00007ffa4bd00000 - 0x00007ffa4bd26000 	C:\WINDOWS\System32\bcrypt.dll
0x00007ff9dcc80000 - 0x00007ff9de182000 	C:\WINDOWS\System32\DriverStore\FileRepository\nv_dispi.inf_amd64_67c16e22f0dab361\nvd3dumx.dll
0x00007ffa061d0000 - 0x00007ffa06491000 	C:\WINDOWS\system32\nvspcap64.dll
0x00007ffa4a930000 - 0x00007ffa4a961000 	C:\WINDOWS\SYSTEM32\ntmarta.dll
0x00007ffa4a460000 - 0x00007ffa4a482000 	C:\WINDOWS\SYSTEM32\gpapi.dll
0x00007ffa40690000 - 0x00007ffa406bf000 	C:\WINDOWS\SYSTEM32\cryptnet.dll
0x00007ffa4ada0000 - 0x00007ffa4ae66000 	C:\WINDOWS\SYSTEM32\DNSAPI.dll
0x00007ffa4ca00000 - 0x00007ffa4ca08000 	C:\WINDOWS\System32\NSI.dll
0x00007ffa4ad60000 - 0x00007ffa4ad9d000 	C:\WINDOWS\SYSTEM32\IPHLPAPI.DLL
0x00007ffa45060000 - 0x00007ffa4506a000 	C:\Windows\System32\rasadhlp.dll
0x00007ffa42060000 - 0x00007ffa420d9000 	C:\WINDOWS\System32\fwpuclnt.dll
0x00007ffa41250000 - 0x00007ffa41297000 	C:\Program Files\Java\jdk1.8.0_202\jre\bin\fontmanager.dll
0x00007ffa2d3e0000 - 0x00007ffa2d479000 	C:\WINDOWS\system32\RICHED20.DLL
0x00007ffa2b2e0000 - 0x00007ffa2b2f9000 	C:\WINDOWS\SYSTEM32\USP10.dll
0x00007ffa451b0000 - 0x00007ffa451e9000 	C:\WINDOWS\SYSTEM32\msls31.dll
0x00007ffa4eaa0000 - 0x00007ffa4eb42000 	C:\WINDOWS\System32\clbcatq.dll
0x00007ffa24350000 - 0x00007ffa243a6000 	C:\WINDOWS\system32\dataexchange.dll
0x00007ffa48990000 - 0x00007ffa48c0e000 	C:\WINDOWS\system32\d3d11.dll
0x00007ffa491d0000 - 0x00007ffa49393000 	C:\WINDOWS\system32\dcomp.dll
0x00007ffa4a4e0000 - 0x00007ffa4a5a2000 	C:\WINDOWS\system32\dxgi.dll
0x00007ffa49ea0000 - 0x00007ffa4a0ad000 	C:\WINDOWS\system32\twinapi.appcore.dll
0x00007ffa4a0b0000 - 0x00007ffa4a0d8000 	C:\WINDOWS\system32\RMCLIENT.dll
0x00007ff9ce9e0000 - 0x00007ff9ce9f2000 	C:\Program Files\Java\jdk1.8.0_202\jre\bin\nio.dll
0x00007ffa41200000 - 0x00007ffa41242000 	C:\Program Files\Java\jdk1.8.0_202\jre\bin\t2k.dll
0x00007ffa2b5f0000 - 0x00007ffa2b685000 	C:\WINDOWS\System32\TextInputFramework.dll
0x00007ffa472a0000 - 0x00007ffa475c2000 	C:\WINDOWS\System32\CoreUIComponents.dll
0x00007ffa49700000 - 0x00007ffa497e2000 	C:\WINDOWS\System32\CoreMessaging.dll
0x00007ffa46fd0000 - 0x00007ffa47123000 	C:\WINDOWS\SYSTEM32\wintypes.dll
0x00007ffa45b20000 - 0x00007ffa45b36000 	C:\WINDOWS\SYSTEM32\dhcpcsvc6.DLL
0x00007ffa45b00000 - 0x00007ffa45b1c000 	C:\WINDOWS\SYSTEM32\dhcpcsvc.DLL
0x00007ffa32e00000 - 0x00007ffa32e16000 	C:\WINDOWS\system32\napinsp.dll
0x00007ffa32de0000 - 0x00007ffa32dfa000 	C:\WINDOWS\system32\pnrpnsp.dll
0x00007ffa32dd0000 - 0x00007ffa32dde000 	C:\WINDOWS\System32\winrnr.dll
0x00007ffa47f20000 - 0x00007ffa47f3b000 	C:\WINDOWS\system32\NLAapi.dll
0x00007ffa32db0000 - 0x00007ffa32dc5000 	C:\WINDOWS\system32\wshbth.dll
0x00007ff9d52c0000 - 0x00007ff9d64ca000 	S:\Documents\Intelligent_Systems\jniortools.dll
0x00007ffa39810000 - 0x00007ffa398ab000 	C:\WINDOWS\SYSTEM32\MSVCP140.dll
0x00007ffa42320000 - 0x00007ffa4250d000 	C:\WINDOWS\SYSTEM32\dbghelp.dll
0x00007ffa393f0000 - 0x00007ffa39405000 	C:\WINDOWS\SYSTEM32\VCRUNTIME140.dll
0x00007ffa46e10000 - 0x00007ffa46fc8000 	C:\WINDOWS\SYSTEM32\WindowsCodecs.dll
0x00007ffa42610000 - 0x00007ffa42641000 	C:\Program Files\Java\jdk1.8.0_202\jre\bin\jpeg.dll

VM Arguments:
jvm_args: -Djava.library.path=S:\Documents\Intelligent_Systems -javaagent:C:\Program Files\JetBrains\IntelliJ IDEA Community Edition 2019.2\lib\idea_rt.jar=52645:C:\Program Files\JetBrains\IntelliJ IDEA Community Edition 2019.2\bin -Dfile.encoding=UTF-8 
java_command: main.Main
java_class_path (initial): C:\Program Files\Java\jdk1.8.0_202\jre\lib\charsets.jar;C:\Program Files\Java\jdk1.8.0_202\jre\lib\deploy.jar;C:\Program Files\Java\jdk1.8.0_202\jre\lib\ext\access-bridge-64.jar;C:\Program Files\Java\jdk1.8.0_202\jre\lib\ext\cldrdata.jar;C:\Program Files\Java\jdk1.8.0_202\jre\lib\ext\dnsns.jar;C:\Program Files\Java\jdk1.8.0_202\jre\lib\ext\jaccess.jar;C:\Program Files\Java\jdk1.8.0_202\jre\lib\ext\jfxrt.jar;C:\Program Files\Java\jdk1.8.0_202\jre\lib\ext\localedata.jar;C:\Program Files\Java\jdk1.8.0_202\jre\lib\ext\nashorn.jar;C:\Program Files\Java\jdk1.8.0_202\jre\lib\ext\sunec.jar;C:\Program Files\Java\jdk1.8.0_202\jre\lib\ext\sunjce_provider.jar;C:\Program Files\Java\jdk1.8.0_202\jre\lib\ext\sunmscapi.jar;C:\Program Files\Java\jdk1.8.0_202\jre\lib\ext\sunpkcs11.jar;C:\Program Files\Java\jdk1.8.0_202\jre\lib\ext\zipfs.jar;C:\Program Files\Java\jdk1.8.0_202\jre\lib\javaws.jar;C:\Program Files\Java\jdk1.8.0_202\jre\lib\jce.jar;C:\Program Files\Java\jdk1.8.0_202\jre\lib\jfr.jar;C:\Program Files\Java\jdk1.8.0_202\jre\lib\jfxswt.jar;C:\Program Files\Java\jdk1.8.0_202\jre\lib\jsse.jar;C:\Program Files\Java\jdk1.8.0_202\jre\lib\management-agent.jar;C:\Program Files\Java\jdk1.8.0_202\jre\lib\plugin.jar;C:\Program Files\Java\jdk1.8.0_202\jre\lib\resources.jar;C:\Program Files\Java\jdk1.8.0_202\jre\lib\rt.jar;S:\Documents\Intelligent_Systems\Vehicle_Routing_COS30018\out\production\Vehicle_Routing_COS30018;S:\Documents\Intelligent_Systems\com.google.ortools.jar;S:\Documents\Intelligent_Systems\protobuf.jar;S:\Documents\JAVA_LIBRARIES\choco-solver-2.1.2.jar;S:\Documents\JAVA_LIBRARIES\choco-solver-4.10.1.jar;S:\Documents\JAVA_LIBRARIES\mysql-connector-java-5.1.18-bin.jar;S:\Documents\JADE\lib\jade.jar;C:\Program Files\JetBrains\IntelliJ IDEA Community Edition 2019.2\lib\idea_rt.jar
Launcher Type: SUN_STANDARD

Environment Variables:
CLASSPATH=S:\Documents\JADE\lib\jade.jar;S:\Documents\JADE\lib\jadeTools.jar;S:\Documents\JADE\lib\commons-codec\commons-codec-1.3.jar
PATH=C:\Program Files (x86)\Common Files\Oracle\Java\javapath;C:\Program Files\Java\jdk-11.0.2;C:\Program Files (x86)\Intel\Intel(R) Management Engine Components\iCLS\;C:\Program Files\Intel\Intel(R) Management Engine Components\iCLS\;C:\WINDOWS\system32;C:\WINDOWS;C:\WINDOWS\System32\Wbem;C:\WINDOWS\System32\WindowsPowerShell\v1.0\;C:\WINDOWS\System32\OpenSSH\;C:\Program Files (x86)\Intel\Intel(R) Management Engine Components\DAL;C:\Program Files\Intel\Intel(R) Management Engine Components\DAL;C:\Program Files (x86)\Intel\Intel(R) Management Engine Components\IPT;C:\Program Files\Intel\Intel(R) Management Engine Components\IPT;C:\Program Files\NVIDIA Corporation\NVIDIA NvDLISR;C:\Program Files\Git\cmd;C:\Program Files\Microsoft VS Code\bin;C:\Program Files\nodejs\;C:\Program Files\dotnet\;C:\Program Files (x86)\Bitvise SSH Client;C:\Program Files\PuTTY\;C:\Program Files (x86)\NVIDIA Corporation\PhysX\Common;C:\WINDOWS\system32;C:\WINDOWS;C:\WINDOWS\System32\Wbem;C:\WINDOWS\System32\WindowsPowerShell\v1.0\;C:\WINDOWS\System32\OpenSSH\;C:\Program Files\Java\jre1.8.0_201\;C:\Users\KeesTim\AppData\Local\Microsoft\WindowsApps;C:\Users\KeesTim\AppData\Local\atom\bin;C:\Users\KeesTim\AppData\Roaming\npm;C:\Users\KeesTim\AppData\Local\Microsoft\WindowsApps;C:\Program Files\JetBrains\IntelliJ IDEA Community Edition 2019.2\bin;;C:\Program Files\Java\jdk1.8.0_202\bin;C:\Users\KeesTim\AppData\Local\Programs\Python\Python37;C:\Users\KeesTim\AppData\Local\Programs\Python\Python37\Scripts;
USERNAME=KeesTim
OS=Windows_NT
PROCESSOR_IDENTIFIER=Intel64 Family 6 Model 94 Stepping 3, GenuineIntel



---------------  S Y S T E M  ---------------

OS: Windows 10.0 , 64 bit Build 17763 (10.0.17763.475)

CPU:total 4 (initial active 4) (4 cores per cpu, 1 threads per core) family 6 model 94 stepping 3, cmov, cx8, fxsr, mmx, sse, sse2, sse3, ssse3, sse4.1, sse4.2, popcnt, avx, avx2, aes, clmul, erms, rtm, 3dnowpref, lzcnt, tsc, tscinvbit, bmi1, bmi2, adx

Memory: 4k page, physical 16729544k(5302000k free), swap 28263880k(4523136k free)

vm_info: Java HotSpot(TM) 64-Bit Server VM (25.202-b08) for windows-amd64 JRE (1.8.0_202-b08), built on Dec 15 2018 19:54:30 by "java_re" with MS VC++ 10.0 (VS2010)

time: Thu Oct 24 14:43:35 2019
timezone: AUS Eastern Daylight Time
elapsed time: 59 seconds (0d 0h 0m 59s)

