#
# A fatal error has been detected by the Java Runtime Environment:
#
#  EXCEPTION_ACCESS_VIOLATION (0xc0000005) at pc=0x00000000601aeded, pid=12728, tid=0x0000000000003aac
#
# JRE version: Java(TM) SE Runtime Environment (8.0_201-b09) (build 1.8.0_201-b09)
# Java VM: Java HotSpot(TM) 64-Bit Server VM (25.201-b09 mixed mode windows-amd64 compressed oops)
# Problematic frame:
# V  [jvm.dll+0x13eded]
#
# Failed to write core dump. Minidumps are not enabled by default on client versions of Windows
#
# If you would like to submit a bug report, please visit:
#   http://bugreport.java.com/bugreport/crash.jsp
# The crash happened outside the Java Virtual Machine in native code.
# See problematic frame for where to report the bug.
#

---------------  T H R E A D  ---------------

Current thread (0x00000000198c1000):  JavaThread "Finalizer" daemon [_thread_in_native, id=15020, stack(0x0000000019da0000,0x0000000019ea0000)]

siginfo: ExceptionCode=0xc0000005, writing address 0x0000000000000270

Registers:
RAX=0x000000000000dead, RBX=0x0000000000000000, RCX=0x000000001ae13800, RDX=0x0000000017ad9e90
RSP=0x0000000019e9f050, RBP=0x0000000000000000, RSI=0x000000001edbef00, RDI=0x0000000017ad9e90
R8 =0x00000000009c1200, R9 =0x0000000000008000, R10=0x00000000ffffffff, R11=0x0000000019e9f020
R12=0x0000000000000000, R13=0x0000000000000000, R14=0x0000000000000000, R15=0x000000001edd8af8
RIP=0x00000000601aeded, EFLAGS=0x0000000000010246

Top of Stack: (sp=0x0000000019e9f050)
0x0000000019e9f050:   0000000000d50000 000000001edad620
0x0000000019e9f060:   0000000000000000 0000000000000000
0x0000000019e9f070:   00000000ffffffff 00007ff838fd87ce
0x0000000019e9f080:   000000001ed81320 000000001edbef00
0x0000000019e9f090:   0000000000000000 0000000000000000
0x0000000019e9f0a0:   fffffffffffffffe 000000001edd89f0
0x0000000019e9f0b0:   0000000000000000 00007ff838fd6bed
0x0000000019e9f0c0:   0000000000000000 00007ff839d534b0
0x0000000019e9f0d0:   000000001edd8af8 000000001edd89f0
0x0000000019e9f0e0:   000000001edbef80 00007ff8392bc6d5
0x0000000019e9f0f0:   000000001edbef00 0000000000000000
0x0000000019e9f100:   000000001edd91c0 00000000198c1b00
0x0000000019e9f110:   00007ff839d534b0 00007ff8392c04b8
0x0000000019e9f120:   0000000019e9f1a9 000000001edd89f0
0x0000000019e9f130:   000000001edd9210 0000000019e9f1a9
0x0000000019e9f140:   00007ff839d534b0 0000000000000000 

Instructions: (pc=0x00000000601aeded)
0x00000000601aedcd:   8b fa 3d ab de 00 00 74 17 8b 83 88 02 00 00 3d
0x00000000601aeddd:   ac de 00 00 74 0a 48 8b cb e8 c5 03 10 00 33 db
0x00000000601aeded:   c7 83 70 02 00 00 05 00 00 00 83 3d ca 78 6d 00
0x00000000601aedfd:   01 75 09 80 3d 3c 6b 6d 00 00 74 18 80 3d 34 6b 


Register to memory mapping:

RAX=0x000000000000dead is an unknown value
RBX=0x0000000000000000 is an unknown value
RCX=0x000000001ae13800 is an unknown value
RDX=0x0000000017ad9e90 is a global jni handle
RSP=0x0000000019e9f050 is pointing into the stack for thread: 0x00000000198c1000
RBP=0x0000000000000000 is an unknown value
RSI=0x000000001edbef00 is an unknown value
RDI=0x0000000017ad9e90 is a global jni handle
R8 =0x00000000009c1200 is an unknown value
R9 =0x0000000000008000 is an unknown value
R10=0x00000000ffffffff is an unallocated location in the heap
R11=0x0000000019e9f020 is pointing into the stack for thread: 0x00000000198c1000
R12=0x0000000000000000 is an unknown value
R13=0x0000000000000000 is an unknown value
R14=0x0000000000000000 is an unknown value
R15=0x000000001edd8af8 is an unknown value


Stack: [0x0000000019da0000,0x0000000019ea0000],  sp=0x0000000019e9f050,  free space=1020k
Native frames: (J=compiled Java code, j=interpreted, Vv=VM code, C=native code)

Java frames: (J=compiled Java code, j=interpreted, Vv=VM code)
j  com.google.ortools.constraintsolver.mainJNI.delete_RoutingModel(J)V+0
j  com.google.ortools.constraintsolver.RoutingModel.delete()V+25
j  com.google.ortools.constraintsolver.RoutingModel.finalize()V+1
J 1359 C1 java.lang.ref.Finalizer.runFinalizer(Lsun/misc/JavaLangAccess;)V (62 bytes) @ 0x0000000002fbf10c [0x0000000002fbeb80+0x58c]
J 1358 C1 java.lang.ref.Finalizer.access$100(Ljava/lang/ref/Finalizer;Lsun/misc/JavaLangAccess;)V (6 bytes) @ 0x0000000002cfe55c [0x0000000002cfe500+0x5c]
j  java.lang.ref.Finalizer$FinalizerThread.run()V+45
v  ~StubRoutines::call_stub

---------------  P R O C E S S  ---------------

Java Threads: ( => current thread )
  0x000000001ae11800 JavaThread "MasterRouteAgent" [_thread_blocked, id=21152, stack(0x000000001eea0000,0x000000001efa0000)]
  0x000000001ae10800 JavaThread "Delivery_Agent1" [_thread_blocked, id=17084, stack(0x000000001eba0000,0x000000001eca0000)]
  0x000000001ae15000 JavaThread "Delivery_Agent0" [_thread_blocked, id=20648, stack(0x000000001eaa0000,0x000000001eba0000)]
  0x000000001ae14800 JavaThread "DBAgent" [_thread_blocked, id=11376, stack(0x000000001e9a0000,0x000000001eaa0000)]
  0x000000001ae12000 JavaThread "rma" [_thread_blocked, id=24436, stack(0x000000001e8a0000,0x000000001e9a0000)]
  0x000000001ae0e800 JavaThread "df" [_thread_blocked, id=10868, stack(0x000000001e7a0000,0x000000001e8a0000)]
  0x000000001ae13000 JavaThread "ams" [_thread_blocked, id=5428, stack(0x000000001e6a0000,0x000000001e7a0000)]
  0x000000001ad4e000 JavaThread "Thread-15" [_thread_in_native, id=5908, stack(0x000000001e5a0000,0x000000001e6a0000)]
  0x000000001ad4d800 JavaThread "Deliverer-04" [_thread_blocked, id=23284, stack(0x000000001e2a0000,0x000000001e3a0000)]
  0x000000001ad52000 JavaThread "Deliverer-03" [_thread_blocked, id=22464, stack(0x000000001e1a0000,0x000000001e2a0000)]
  0x000000001ad4c000 JavaThread "Deliverer-02" [_thread_blocked, id=16788, stack(0x000000001e0a0000,0x000000001e1a0000)]
  0x000000001ad4f000 JavaThread "Deliverer-01" [_thread_blocked, id=6032, stack(0x000000001dfa0000,0x000000001e0a0000)]
  0x000000001ad4f800 JavaThread "Deliverer-00" [_thread_blocked, id=18692, stack(0x000000001dea0000,0x000000001dfa0000)]
  0x000000001ad4b000 JavaThread "Thread-9" [_thread_in_native, id=24112, stack(0x000000001dda0000,0x000000001dea0000)]
  0x000000001ad51000 JavaThread "Thread-8" [_thread_blocked, id=19484, stack(0x000000001dca0000,0x000000001dda0000)]
  0x000000001ad4c800 JavaThread "JICPServer-8888" daemon [_thread_in_native, id=22132, stack(0x000000001dba0000,0x000000001dca0000)]
  0x000000001ad50800 JavaThread "JADE Timer dispatcher" [_thread_blocked, id=7188, stack(0x000000001daa0000,0x000000001dba0000)]
  0x000000001abad800 JavaThread "Thread-3" [_thread_blocked, id=23844, stack(0x000000001c6a0000,0x000000001c7a0000)]
  0x000000001ac49800 JavaThread "Thread-2" [_thread_blocked, id=20044, stack(0x000000001c5a0000,0x000000001c6a0000)]
  0x000000001aa9e000 JavaThread "MySQL Statement Cancellation Timer" daemon [_thread_blocked, id=21408, stack(0x000000001bf60000,0x000000001c060000)]
  0x0000000002a63800 JavaThread "DestroyJavaVM" [_thread_blocked, id=12076, stack(0x0000000002790000,0x0000000002890000)]
  0x000000001aaa1800 JavaThread "AWT-EventQueue-0" [_thread_blocked, id=12680, stack(0x000000001b630000,0x000000001b730000)]
  0x000000001aaf7000 JavaThread "AWT-Windows" daemon [_thread_in_native, id=20128, stack(0x000000001b3e0000,0x000000001b4e0000)]
  0x000000001aaf6800 JavaThread "AWT-Shutdown" [_thread_blocked, id=23584, stack(0x000000001b2e0000,0x000000001b3e0000)]
  0x000000001aaf1800 JavaThread "Java2D Disposer" daemon [_thread_blocked, id=13116, stack(0x000000001b1e0000,0x000000001b2e0000)]
  0x00000000199f3800 JavaThread "Service Thread" daemon [_thread_blocked, id=20784, stack(0x000000001a6a0000,0x000000001a7a0000)]
  0x0000000019967000 JavaThread "C1 CompilerThread3" daemon [_thread_blocked, id=23904, stack(0x000000001a5a0000,0x000000001a6a0000)]
  0x0000000019956000 JavaThread "C2 CompilerThread2" daemon [_thread_blocked, id=10764, stack(0x000000001a4a0000,0x000000001a5a0000)]
  0x0000000019955800 JavaThread "C2 CompilerThread1" daemon [_thread_blocked, id=2168, stack(0x000000001a3a0000,0x000000001a4a0000)]
  0x0000000019954800 JavaThread "C2 CompilerThread0" daemon [_thread_blocked, id=6108, stack(0x000000001a2a0000,0x000000001a3a0000)]
  0x0000000019950800 JavaThread "Monitor Ctrl-Break" daemon [_thread_in_native, id=15552, stack(0x000000001a1a0000,0x000000001a2a0000)]
  0x00000000198d4000 JavaThread "Attach Listener" daemon [_thread_blocked, id=6252, stack(0x000000001a0a0000,0x000000001a1a0000)]
  0x00000000198d1800 JavaThread "Signal Dispatcher" daemon [_thread_blocked, id=24368, stack(0x0000000019fa0000,0x000000001a0a0000)]
=>0x00000000198c1000 JavaThread "Finalizer" daemon [_thread_in_native, id=15020, stack(0x0000000019da0000,0x0000000019ea0000)]
  0x00000000198c0800 JavaThread "Reference Handler" daemon [_thread_blocked, id=8172, stack(0x0000000019ca0000,0x0000000019da0000)]

Other Threads:
  0x0000000017ad9800 VMThread [stack: 0x00000000197a0000,0x00000000198a0000] [id=12596]
  0x0000000019a8c800 WatcherThread [stack: 0x000000001a7a0000,0x000000001a8a0000] [id=15648]

VM state:not at safepoint (normal execution)

VM Mutex/Monitor currently owned by a thread: None

heap address: 0x0000000081c00000, size: 2020 MB, Compressed Oops mode: 32-bit
Narrow klass base: 0x0000000000000000, Narrow klass shift: 3
Compressed class space size: 1073741824 Address: 0x0000000100000000

Heap:
 PSYoungGen      total 38400K, used 6270K [0x00000000d5f00000, 0x00000000d8980000, 0x0000000100000000)
  eden space 33280K, 14% used [0x00000000d5f00000,0x00000000d63dff50,0x00000000d7f80000)
  from space 5120K, 24% used [0x00000000d8480000,0x00000000d85bf920,0x00000000d8980000)
  to   space 5120K, 0% used [0x00000000d7f80000,0x00000000d7f80000,0x00000000d8480000)
 ParOldGen       total 65024K, used 12083K [0x0000000081c00000, 0x0000000085b80000, 0x00000000d5f00000)
  object space 65024K, 18% used [0x0000000081c00000,0x00000000827ccf18,0x0000000085b80000)
 Metaspace       used 22785K, capacity 23168K, committed 23424K, reserved 1069056K
  class space    used 2816K, capacity 2939K, committed 2944K, reserved 1048576K

Card table byte_map: [0x0000000011f20000,0x0000000012320000] byte_map_base: 0x0000000011b12000

Marking Bits: (ParMarkBitMap*) 0x0000000060894ce0
 Begin Bits: [0x0000000012dd0000, 0x0000000014d60000)
 End Bits:   [0x0000000014d60000, 0x0000000016cf0000)

Polling page: 0x0000000002770000

CodeCache: size=245760Kb used=6232Kb max_used=6232Kb free=239527Kb
 bounds [0x0000000002b60000, 0x0000000003180000, 0x0000000011b60000]
 total_blobs=2623 nmethods=1936 adapters=599
 compilation: enabled

Compilation events (10 events):
Event: 24.215 Thread 0x0000000019967000 2089       3       jade.core.behaviours.TickerBehaviour::action (114 bytes)
Event: 24.217 Thread 0x0000000019967000 nmethod 2089 0x0000000003176bd0 code [0x0000000003176d80, 0x0000000003177688]
Event: 24.670 Thread 0x0000000019967000 2090       3       jade.core.Timer::fire (23 bytes)
Event: 24.670 Thread 0x0000000019967000 nmethod 2090 0x000000000316c450 code [0x000000000316c5c0, 0x000000000316c848]
Event: 24.670 Thread 0x0000000019967000 2091   !   3       jade.core.Agent::doTimeOut (82 bytes)
Event: 24.674 Thread 0x0000000019967000 nmethod 2091 0x0000000003177990 code [0x0000000003177c80, 0x0000000003179868]
Event: 24.685 Thread 0x0000000019967000 2092       3       jade.util.leap.LinkedList::iterator (9 bytes)
Event: 24.686 Thread 0x0000000019967000 nmethod 2092 0x000000000317a690 code [0x000000000317a800, 0x000000000317ab88]
Event: 24.686 Thread 0x0000000019967000 2093       3       jade.util.leap.LinkedList$1::<init> (26 bytes)
Event: 24.687 Thread 0x0000000019967000 nmethod 2093 0x000000000317acd0 code [0x000000000317ae40, 0x000000000317b108]

GC Heap History (10 events):
Event: 3.015 GC heap before
{Heap before GC invocations=1 (full 0):
 PSYoungGen      total 38400K, used 33280K [0x00000000d5f00000, 0x00000000d8980000, 0x0000000100000000)
  eden space 33280K, 100% used [0x00000000d5f00000,0x00000000d7f80000,0x00000000d7f80000)
  from space 5120K, 0% used [0x00000000d8480000,0x00000000d8480000,0x00000000d8980000)
  to   space 5120K, 0% used [0x00000000d7f80000,0x00000000d7f80000,0x00000000d8480000)
 ParOldGen       total 87552K, used 0K [0x0000000081c00000, 0x0000000087180000, 0x00000000d5f00000)
  object space 87552K, 0% used [0x0000000081c00000,0x0000000081c00000,0x0000000087180000)
 Metaspace       used 13364K, capacity 13578K, committed 13824K, reserved 1060864K
  class space    used 1635K, capacity 1710K, committed 1792K, reserved 1048576K
Event: 3.023 GC heap after
Heap after GC invocations=1 (full 0):
 PSYoungGen      total 38400K, used 5109K [0x00000000d5f00000, 0x00000000d8980000, 0x0000000100000000)
  eden space 33280K, 0% used [0x00000000d5f00000,0x00000000d5f00000,0x00000000d7f80000)
  from space 5120K, 99% used [0x00000000d7f80000,0x00000000d847d7f0,0x00000000d8480000)
  to   space 5120K, 0% used [0x00000000d8480000,0x00000000d8480000,0x00000000d8980000)
 ParOldGen       total 87552K, used 13155K [0x0000000081c00000, 0x0000000087180000, 0x00000000d5f00000)
  object space 87552K, 15% used [0x0000000081c00000,0x00000000828d8cd0,0x0000000087180000)
 Metaspace       used 13364K, capacity 13578K, committed 13824K, reserved 1060864K
  class space    used 1635K, capacity 1710K, committed 1792K, reserved 1048576K
}
Event: 10.165 GC heap before
{Heap before GC invocations=2 (full 0):
 PSYoungGen      total 38400K, used 38389K [0x00000000d5f00000, 0x00000000d8980000, 0x0000000100000000)
  eden space 33280K, 100% used [0x00000000d5f00000,0x00000000d7f80000,0x00000000d7f80000)
  from space 5120K, 99% used [0x00000000d7f80000,0x00000000d847d7f0,0x00000000d8480000)
  to   space 5120K, 0% used [0x00000000d8480000,0x00000000d8480000,0x00000000d8980000)
 ParOldGen       total 87552K, used 13155K [0x0000000081c00000, 0x0000000087180000, 0x00000000d5f00000)
  object space 87552K, 15% used [0x0000000081c00000,0x00000000828d8cd0,0x0000000087180000)
 Metaspace       used 19628K, capacity 19912K, committed 20096K, reserved 1067008K
  class space    used 2489K, capacity 2573K, committed 2688K, reserved 1048576K
Event: 10.180 GC heap after
Heap after GC invocations=2 (full 0):
 PSYoungGen      total 38400K, used 4783K [0x00000000d5f00000, 0x00000000d8980000, 0x0000000100000000)
  eden space 33280K, 0% used [0x00000000d5f00000,0x00000000d5f00000,0x00000000d7f80000)
  from space 5120K, 93% used [0x00000000d8480000,0x00000000d892bc18,0x00000000d8980000)
  to   space 5120K, 0% used [0x00000000d7f80000,0x00000000d7f80000,0x00000000d8480000)
 ParOldGen       total 87552K, used 27917K [0x0000000081c00000, 0x0000000087180000, 0x00000000d5f00000)
  object space 87552K, 31% used [0x0000000081c00000,0x00000000837434a0,0x0000000087180000)
 Metaspace       used 19628K, capacity 19912K, committed 20096K, reserved 1067008K
  class space    used 2489K, capacity 2573K, committed 2688K, reserved 1048576K
}
Event: 11.585 GC heap before
{Heap before GC invocations=3 (full 0):
 PSYoungGen      total 38400K, used 27231K [0x00000000d5f00000, 0x00000000d8980000, 0x0000000100000000)
  eden space 33280K, 67% used [0x00000000d5f00000,0x00000000d74ec078,0x00000000d7f80000)
  from space 5120K, 93% used [0x00000000d8480000,0x00000000d892bc18,0x00000000d8980000)
  to   space 5120K, 0% used [0x00000000d7f80000,0x00000000d7f80000,0x00000000d8480000)
 ParOldGen       total 87552K, used 27917K [0x0000000081c00000, 0x0000000087180000, 0x00000000d5f00000)
  object space 87552K, 31% used [0x0000000081c00000,0x00000000837434a0,0x0000000087180000)
 Metaspace       used 20785K, capacity 21130K, committed 21248K, reserved 1067008K
  class space    used 2623K, capacity 2748K, committed 2816K, reserved 1048576K
Event: 11.594 GC heap after
Heap after GC invocations=3 (full 0):
 PSYoungGen      total 38400K, used 4068K [0x00000000d5f00000, 0x00000000d8980000, 0x0000000100000000)
  eden space 33280K, 0% used [0x00000000d5f00000,0x00000000d5f00000,0x00000000d7f80000)
  from space 5120K, 79% used [0x00000000d7f80000,0x00000000d8379110,0x00000000d8480000)
  to   space 5120K, 0% used [0x00000000d8480000,0x00000000d8480000,0x00000000d8980000)
 ParOldGen       total 87552K, used 27944K [0x0000000081c00000, 0x0000000087180000, 0x00000000d5f00000)
  object space 87552K, 31% used [0x0000000081c00000,0x000000008374a0f0,0x0000000087180000)
 Metaspace       used 20785K, capacity 21130K, committed 21248K, reserved 1067008K
  class space    used 2623K, capacity 2748K, committed 2816K, reserved 1048576K
}
Event: 11.594 GC heap before
{Heap before GC invocations=4 (full 1):
 PSYoungGen      total 38400K, used 4068K [0x00000000d5f00000, 0x00000000d8980000, 0x0000000100000000)
  eden space 33280K, 0% used [0x00000000d5f00000,0x00000000d5f00000,0x00000000d7f80000)
  from space 5120K, 79% used [0x00000000d7f80000,0x00000000d8379110,0x00000000d8480000)
  to   space 5120K, 0% used [0x00000000d8480000,0x00000000d8480000,0x00000000d8980000)
 ParOldGen       total 87552K, used 27944K [0x0000000081c00000, 0x0000000087180000, 0x00000000d5f00000)
  object space 87552K, 31% used [0x0000000081c00000,0x000000008374a0f0,0x0000000087180000)
 Metaspace       used 20785K, capacity 21130K, committed 21248K, reserved 1067008K
  class space    used 2623K, capacity 2748K, committed 2816K, reserved 1048576K
Event: 11.635 GC heap after
Heap after GC invocations=4 (full 1):
 PSYoungGen      total 38400K, used 0K [0x00000000d5f00000, 0x00000000d8980000, 0x0000000100000000)
  eden space 33280K, 0% used [0x00000000d5f00000,0x00000000d5f00000,0x00000000d7f80000)
  from space 5120K, 0% used [0x00000000d7f80000,0x00000000d7f80000,0x00000000d8480000)
  to   space 5120K, 0% used [0x00000000d8480000,0x00000000d8480000,0x00000000d8980000)
 ParOldGen       total 65024K, used 12075K [0x0000000081c00000, 0x0000000085b80000, 0x00000000d5f00000)
  object space 65024K, 18% used [0x0000000081c00000,0x00000000827caf18,0x0000000085b80000)
 Metaspace       used 20785K, capacity 21130K, committed 21248K, reserved 1067008K
  class space    used 2623K, capacity 2748K, committed 2816K, reserved 1048576K
}
Event: 24.915 GC heap before
{Heap before GC invocations=5 (full 1):
 PSYoungGen      total 38400K, used 30932K [0x00000000d5f00000, 0x00000000d8980000, 0x0000000100000000)
  eden space 33280K, 92% used [0x00000000d5f00000,0x00000000d7d351a8,0x00000000d7f80000)
  from space 5120K, 0% used [0x00000000d7f80000,0x00000000d7f80000,0x00000000d8480000)
  to   space 5120K, 0% used [0x00000000d8480000,0x00000000d8480000,0x00000000d8980000)
 ParOldGen       total 65024K, used 12075K [0x0000000081c00000, 0x0000000085b80000, 0x00000000d5f00000)
  object space 65024K, 18% used [0x0000000081c00000,0x00000000827caf18,0x0000000085b80000)
 Metaspace       used 22785K, capacity 23168K, committed 23424K, reserved 1069056K
  class space    used 2816K, capacity 2939K, committed 2944K, reserved 1048576K
Event: 24.918 GC heap after
Heap after GC invocations=5 (full 1):
 PSYoungGen      total 38400K, used 1278K [0x00000000d5f00000, 0x00000000d8980000, 0x0000000100000000)
  eden space 33280K, 0% used [0x00000000d5f00000,0x00000000d5f00000,0x00000000d7f80000)
  from space 5120K, 24% used [0x00000000d8480000,0x00000000d85bf920,0x00000000d8980000)
  to   space 5120K, 0% used [0x00000000d7f80000,0x00000000d7f80000,0x00000000d8480000)
 ParOldGen       total 65024K, used 12083K [0x0000000081c00000, 0x0000000085b80000, 0x00000000d5f00000)
  object space 65024K, 18% used [0x0000000081c00000,0x00000000827ccf18,0x0000000085b80000)
 Metaspace       used 22785K, capacity 23168K, committed 23424K, reserved 1069056K
  class space    used 2816K, capacity 2939K, committed 2944K, reserved 1048576K
}

Deoptimization events (10 events):
Event: 9.841 Thread 0x000000001ae12000 Uncommon trap: reason=class_check action=maybe_recompile pc=0x0000000002d03f60 method=java.lang.String.equals(Ljava/lang/Object;)Z @ 8
Event: 9.841 Thread 0x000000001ae12000 Uncommon trap: reason=class_check action=maybe_recompile pc=0x0000000002d03f60 method=java.lang.String.equals(Ljava/lang/Object;)Z @ 8
Event: 10.312 Thread 0x000000001ae12000 Uncommon trap: reason=unstable_if action=reinterpret pc=0x0000000002f06af0 method=java.lang.CharacterData.of(I)Ljava/lang/CharacterData; @ 4
Event: 10.332 Thread 0x000000001ae12000 Uncommon trap: reason=unstable_if action=reinterpret pc=0x0000000003006df4 method=java.lang.Character.isSurrogate(C)Z @ 3
Event: 10.573 Thread 0x000000001ae12000 Uncommon trap: reason=unstable_if action=reinterpret pc=0x0000000002ff8a90 method=java.lang.ThreadLocal$ThreadLocalMap.getEntry(Ljava/lang/ThreadLocal;)Ljava/lang/ThreadLocal$ThreadLocalMap$Entry; @ 21
Event: 10.878 Thread 0x000000001ac49800 Uncommon trap: reason=unstable_if action=reinterpret pc=0x0000000003028488 method=java.lang.StringCoding$StringDecoder.decode([BII)[C @ 33
Event: 11.552 Thread 0x000000001ae13800 Uncommon trap: reason=bimorphic action=maybe_recompile pc=0x0000000002da5ba0 method=java.util.HashMap.getNode(ILjava/lang/Object;)Ljava/util/HashMap$Node; @ 126
Event: 11.552 Thread 0x000000001ae13800 Uncommon trap: reason=unstable_if action=reinterpret pc=0x0000000002da5b88 method=java.util.HashMap.getNode(ILjava/lang/Object;)Ljava/util/HashMap$Node; @ 62
Event: 11.552 Thread 0x000000001ae13800 Uncommon trap: reason=bimorphic action=maybe_recompile pc=0x0000000002da79a0 method=java.util.HashMap.getNode(ILjava/lang/Object;)Ljava/util/HashMap$Node; @ 126
Event: 11.552 Thread 0x000000001ae13800 Uncommon trap: reason=unstable_if action=reinterpret pc=0x0000000002da78f0 method=java.util.HashMap.getNode(ILjava/lang/Object;)Ljava/util/HashMap$Node; @ 62

Classes redefined (0 events):
No events

Internal exceptions (10 events):
Event: 11.565 Thread 0x000000001ae13800 Exception <a 'java/lang/ArrayIndexOutOfBoundsException': 0> (0x00000000d73e79e0) thrown at [C:\re\workspace\8-2-build-windows-amd64-cygwin\jdk8u201\12322\hotspot\src\share\vm\interpreter\interpreterRuntime.cpp, line 368]
Event: 11.566 Thread 0x000000001ae13800 Exception <a 'java/lang/ArrayIndexOutOfBoundsException': 0> (0x00000000d73e9360) thrown at [C:\re\workspace\8-2-build-windows-amd64-cygwin\jdk8u201\12322\hotspot\src\share\vm\interpreter\interpreterRuntime.cpp, line 368]
Event: 11.566 Thread 0x000000001ae13800 Exception <a 'java/lang/ArrayIndexOutOfBoundsException': 0> (0x00000000d73e9ad0) thrown at [C:\re\workspace\8-2-build-windows-amd64-cygwin\jdk8u201\12322\hotspot\src\share\vm\interpreter\interpreterRuntime.cpp, line 368]
Event: 11.566 Thread 0x000000001ae13800 Exception <a 'java/lang/ArrayIndexOutOfBoundsException': 1> (0x00000000d73ea728) thrown at [C:\re\workspace\8-2-build-windows-amd64-cygwin\jdk8u201\12322\hotspot\src\share\vm\interpreter\interpreterRuntime.cpp, line 368]
Event: 11.567 Thread 0x000000001ae13800 Exception <a 'java/lang/ArrayIndexOutOfBoundsException': 2> (0x00000000d73eb330) thrown at [C:\re\workspace\8-2-build-windows-amd64-cygwin\jdk8u201\12322\hotspot\src\share\vm\interpreter\interpreterRuntime.cpp, line 368]
Event: 11.567 Thread 0x000000001ae13800 Exception <a 'java/lang/ArrayIndexOutOfBoundsException': 3> (0x00000000d73ebf40) thrown at [C:\re\workspace\8-2-build-windows-amd64-cygwin\jdk8u201\12322\hotspot\src\share\vm\interpreter\interpreterRuntime.cpp, line 368]
Event: 11.567 Thread 0x000000001ae13800 Exception <a 'java/lang/ArrayIndexOutOfBoundsException': 4> (0x00000000d73ecb60) thrown at [C:\re\workspace\8-2-build-windows-amd64-cygwin\jdk8u201\12322\hotspot\src\share\vm\interpreter\interpreterRuntime.cpp, line 368]
Event: 11.568 Thread 0x000000001ae13800 Exception <a 'java/lang/ArrayIndexOutOfBoundsException': 5> (0x00000000d73ed780) thrown at [C:\re\workspace\8-2-build-windows-amd64-cygwin\jdk8u201\12322\hotspot\src\share\vm\interpreter\interpreterRuntime.cpp, line 368]
Event: 11.568 Thread 0x000000001ae13800 Exception <a 'java/lang/ArrayIndexOutOfBoundsException': 0> (0x00000000d73ee300) thrown at [C:\re\workspace\8-2-build-windows-amd64-cygwin\jdk8u201\12322\hotspot\src\share\vm\interpreter\interpreterRuntime.cpp, line 368]
Event: 11.568 Thread 0x000000001ae13800 Exception <a 'java/lang/ArrayIndexOutOfBoundsException': 6> (0x00000000d73eea70) thrown at [C:\re\workspace\8-2-build-windows-amd64-cygwin\jdk8u201\12322\hotspot\src\share\vm\interpreter\interpreterRuntime.cpp, line 368]

Events (10 events):
Event: 14.670 Executing VM operation: BulkRevokeBias done
Event: 14.671 Thread 0x0000000019967000 flushing nmethod 0x0000000002cafe50
Event: 14.671 Thread 0x0000000019967000 flushing nmethod 0x0000000002cdae10
Event: 15.428 Thread 0x0000000019967000 flushing nmethod 0x0000000002f0e310
Event: 15.428 Thread 0x0000000019967000 flushing nmethod 0x0000000002f0efd0
Event: 15.428 Thread 0x0000000019967000 flushing nmethod 0x0000000002f10710
Event: 15.547 Thread 0x000000001ae16000 Thread exited: 0x000000001ae16000
Event: 15.588 Thread 0x0000000019967000 flushing nmethod 0x000000000300d850
Event: 24.915 Executing VM operation: ParallelGCFailedAllocation
Event: 24.918 Executing VM operation: ParallelGCFailedAllocation done


Dynamic libraries:
0x00007ff663a60000 - 0x00007ff663a97000 	C:\Program Files\Java\jdk1.8.0_201\bin\java.exe
0x00007ff8b04f0000 - 0x00007ff8b06dd000 	C:\WINDOWS\SYSTEM32\ntdll.dll
0x00007ff8a1db0000 - 0x00007ff8a1dc4000 	C:\Program Files (x86)\AVG\Antivirus\aswhook.dll
0x00007ff8af300000 - 0x00007ff8af3b3000 	C:\WINDOWS\System32\KERNEL32.DLL
0x00007ff8ac920000 - 0x00007ff8acbb3000 	C:\WINDOWS\System32\KERNELBASE.dll
0x00007ff8b02e0000 - 0x00007ff8b0383000 	C:\WINDOWS\System32\ADVAPI32.dll
0x00007ff8b01e0000 - 0x00007ff8b027e000 	C:\WINDOWS\System32\msvcrt.dll
0x00007ff8b0080000 - 0x00007ff8b011e000 	C:\WINDOWS\System32\sechost.dll
0x00007ff8ad9f0000 - 0x00007ff8adb12000 	C:\WINDOWS\System32\RPCRT4.dll
0x00007ff8afe30000 - 0x00007ff8affc7000 	C:\WINDOWS\System32\USER32.dll
0x00007ff8ac810000 - 0x00007ff8ac830000 	C:\WINDOWS\System32\win32u.dll
0x00007ff8ad730000 - 0x00007ff8ad759000 	C:\WINDOWS\System32\GDI32.dll
0x00007ff8ace20000 - 0x00007ff8acfb9000 	C:\WINDOWS\System32\gdi32full.dll
0x00007ff8ac830000 - 0x00007ff8ac8d0000 	C:\WINDOWS\System32\msvcp_win.dll
0x00007ff8acbf0000 - 0x00007ff8accea000 	C:\WINDOWS\System32\ucrtbase.dll
0x00007ff89f200000 - 0x00007ff89f479000 	C:\WINDOWS\WinSxS\amd64_microsoft.windows.common-controls_6595b64144ccf1df_6.0.17763.802_none_05b1445c0722d2cc\COMCTL32.dll
0x00007ff8af920000 - 0x00007ff8afc4c000 	C:\WINDOWS\System32\combase.dll
0x00007ff8ac5b0000 - 0x00007ff8ac62e000 	C:\WINDOWS\System32\bcryptPrimitives.dll
0x00007ff8ad760000 - 0x00007ff8ad78e000 	C:\WINDOWS\System32\IMM32.DLL
0x0000000060920000 - 0x00000000609f1000 	C:\Program Files\Java\jdk1.8.0_201\jre\bin\msvcr100.dll
0x0000000060070000 - 0x0000000060914000 	C:\Program Files\Java\jdk1.8.0_201\jre\bin\server\jvm.dll
0x00007ff8ad9e0000 - 0x00007ff8ad9e8000 	C:\WINDOWS\System32\PSAPI.DLL
0x00007ff89d760000 - 0x00007ff89d769000 	C:\WINDOWS\SYSTEM32\WSOCK32.dll
0x00007ff8af290000 - 0x00007ff8af2fd000 	C:\WINDOWS\System32\WS2_32.dll
0x00007ff8a9250000 - 0x00007ff8a9274000 	C:\WINDOWS\SYSTEM32\WINMM.dll
0x00007ff8a5400000 - 0x00007ff8a540a000 	C:\WINDOWS\SYSTEM32\VERSION.dll
0x00007ff8a9220000 - 0x00007ff8a924d000 	C:\WINDOWS\SYSTEM32\WINMMBASE.dll
0x00007ff8ac8d0000 - 0x00007ff8ac91a000 	C:\WINDOWS\System32\cfgmgr32.dll
0x00007ff8a85a0000 - 0x00007ff8a85af000 	C:\Program Files\Java\jdk1.8.0_201\jre\bin\verify.dll
0x00007ff8a3370000 - 0x00007ff8a3399000 	C:\Program Files\Java\jdk1.8.0_201\jre\bin\java.dll
0x00007ff8982b0000 - 0x00007ff8982d3000 	C:\Program Files\Java\jdk1.8.0_201\jre\bin\instrument.dll
0x00007ff864500000 - 0x00007ff864516000 	C:\Program Files\Java\jdk1.8.0_201\jre\bin\zip.dll
0x00007ff8adb20000 - 0x00007ff8af014000 	C:\WINDOWS\System32\SHELL32.dll
0x00007ff8affd0000 - 0x00007ff8b0078000 	C:\WINDOWS\System32\shcore.dll
0x00007ff8acfc0000 - 0x00007ff8ad70d000 	C:\WINDOWS\System32\windows.storage.dll
0x00007ff8ac4e0000 - 0x00007ff8ac504000 	C:\WINDOWS\System32\profapi.dll
0x00007ff8ac550000 - 0x00007ff8ac5ad000 	C:\WINDOWS\System32\powrprof.dll
0x00007ff8b0180000 - 0x00007ff8b01d2000 	C:\WINDOWS\System32\shlwapi.dll
0x00007ff8ac530000 - 0x00007ff8ac541000 	C:\WINDOWS\System32\kernel.appcore.dll
0x00007ff8ace00000 - 0x00007ff8ace17000 	C:\WINDOWS\System32\cryptsp.dll
0x00007ff893250000 - 0x00007ff89326a000 	C:\Program Files\JetBrains\IntelliJ IDEA Community Edition 2019.2\bin\breakgen64.dll
0x00007ff8a79f0000 - 0x00007ff8a7a0a000 	C:\Program Files\Java\jdk1.8.0_201\jre\bin\net.dll
0x00007ff8a05e0000 - 0x00007ff8a07b7000 	C:\WINDOWS\SYSTEM32\urlmon.dll
0x00007ff89da80000 - 0x00007ff89dd28000 	C:\WINDOWS\SYSTEM32\iertutil.dll
0x00007ff8abf20000 - 0x00007ff8abf2c000 	C:\WINDOWS\SYSTEM32\CRYPTBASE.DLL
0x00007ff8abd50000 - 0x00007ff8abdb7000 	C:\WINDOWS\system32\mswsock.dll
0x00007ff8603c0000 - 0x00007ff860559000 	C:\Program Files\Java\jdk1.8.0_201\jre\bin\awt.dll
0x00007ff8af840000 - 0x00007ff8af904000 	C:\WINDOWS\System32\OLEAUT32.dll
0x00007ff8aa7d0000 - 0x00007ff8aa85c000 	C:\WINDOWS\SYSTEM32\apphelp.dll
0x00007ff8aaa90000 - 0x00007ff8aab2c000 	C:\WINDOWS\system32\uxtheme.dll
0x00007ff8ad790000 - 0x00007ff8ad8fb000 	C:\WINDOWS\System32\MSCTF.dll
0x00007ff8aad70000 - 0x00007ff8aad9e000 	C:\WINDOWS\system32\dwmapi.dll
0x00007ff8ac630000 - 0x00007ff8ac80b000 	C:\WINDOWS\System32\CRYPT32.dll
0x00007ff8ac510000 - 0x00007ff8ac522000 	C:\WINDOWS\System32\MSASN1.dll
0x00007ff8afc50000 - 0x00007ff8afda5000 	C:\WINDOWS\System32\ole32.dll
0x00007ff880040000 - 0x00007ff880167000 	C:\WINDOWS\system32\opengl32.dll
0x00007ff883310000 - 0x00007ff88333c000 	C:\WINDOWS\SYSTEM32\GLU32.dll
0x00007ff8abab0000 - 0x00007ff8abb76000 	C:\WINDOWS\SYSTEM32\DNSAPI.dll
0x00007ff8af0d0000 - 0x00007ff8af0d8000 	C:\WINDOWS\System32\NSI.dll
0x00007ff8aba70000 - 0x00007ff8abaad000 	C:\WINDOWS\SYSTEM32\IPHLPAPI.DLL
0x00007ff89e780000 - 0x00007ff89e78a000 	C:\Windows\System32\rasadhlp.dll
0x00007ff89eb60000 - 0x00007ff89ebd9000 	C:\WINDOWS\System32\fwpuclnt.dll
0x00007ff8acbc0000 - 0x00007ff8acbe6000 	C:\WINDOWS\System32\bcrypt.dll
0x00007ff888cb0000 - 0x00007ff888cf7000 	C:\Program Files\Java\jdk1.8.0_201\jre\bin\fontmanager.dll
0x00007ff86fbf0000 - 0x00007ff86fc89000 	C:\WINDOWS\system32\RICHED20.DLL
0x00007ff86fe30000 - 0x00007ff86fe49000 	C:\WINDOWS\SYSTEM32\USP10.dll
0x00007ff8711c0000 - 0x00007ff8711f9000 	C:\WINDOWS\SYSTEM32\msls31.dll
0x00007ff8af020000 - 0x00007ff8af0c2000 	C:\WINDOWS\System32\clbcatq.dll
0x00007ff8a1f10000 - 0x00007ff8a1f66000 	C:\WINDOWS\system32\dataexchange.dll
0x00007ff8a9880000 - 0x00007ff8a9afe000 	C:\WINDOWS\system32\d3d11.dll
0x00007ff8aa0c0000 - 0x00007ff8aa283000 	C:\WINDOWS\system32\dcomp.dll
0x00007ff8ab1e0000 - 0x00007ff8ab2a2000 	C:\WINDOWS\system32\dxgi.dll
0x00007ff8aab60000 - 0x00007ff8aad6d000 	C:\WINDOWS\system32\twinapi.appcore.dll
0x00007ff8aada0000 - 0x00007ff8aadc8000 	C:\WINDOWS\system32\RMCLIENT.dll
0x00007ff8a79d0000 - 0x00007ff8a79e1000 	C:\Program Files\Java\jdk1.8.0_201\jre\bin\nio.dll
0x00007ff86fba0000 - 0x00007ff86fbe2000 	C:\Program Files\Java\jdk1.8.0_201\jre\bin\t2k.dll
0x00007ff887720000 - 0x00007ff8877b5000 	C:\WINDOWS\System32\TextInputFramework.dll
0x00007ff8a7ae0000 - 0x00007ff8a7e02000 	C:\WINDOWS\System32\CoreUIComponents.dll
0x00007ff8aa5f0000 - 0x00007ff8aa6d2000 	C:\WINDOWS\System32\CoreMessaging.dll
0x00007ff8ab690000 - 0x00007ff8ab6c1000 	C:\WINDOWS\SYSTEM32\ntmarta.dll
0x00007ff8a8720000 - 0x00007ff8a8873000 	C:\WINDOWS\SYSTEM32\wintypes.dll
0x00007ff8a32e0000 - 0x00007ff8a32f6000 	C:\WINDOWS\SYSTEM32\dhcpcsvc6.DLL
0x00007ff8a54c0000 - 0x00007ff8a54dc000 	C:\WINDOWS\SYSTEM32\dhcpcsvc.DLL
0x00007ff896670000 - 0x00007ff896686000 	C:\WINDOWS\system32\napinsp.dll
0x00007ff896650000 - 0x00007ff89666a000 	C:\WINDOWS\system32\pnrpnsp.dll
0x00007ff896640000 - 0x00007ff89664e000 	C:\WINDOWS\System32\winrnr.dll
0x00007ff8a8ef0000 - 0x00007ff8a8f0b000 	C:\WINDOWS\system32\NLAapi.dll
0x00007ff896620000 - 0x00007ff896635000 	C:\WINDOWS\system32\wshbth.dll
0x00007ff838f80000 - 0x00007ff83a18a000 	C:\Users\timke\Documents\Intelligent_Systems\jniortools.dll
0x00007ff897d90000 - 0x00007ff897e2b000 	C:\WINDOWS\SYSTEM32\MSVCP140.dll
0x00007ff8a1170000 - 0x00007ff8a135d000 	C:\WINDOWS\SYSTEM32\dbghelp.dll
0x00007ff897d60000 - 0x00007ff897d75000 	C:\WINDOWS\SYSTEM32\VCRUNTIME140.dll
0x00007ff8a7400000 - 0x00007ff8a75b8000 	C:\WINDOWS\SYSTEM32\WindowsCodecs.dll
0x00007ff864a80000 - 0x00007ff864ab1000 	C:\Program Files\Java\jdk1.8.0_201\jre\bin\jpeg.dll

VM Arguments:
jvm_args: -Djava.library.path=C:\Users\timke\Documents\Intelligent_Systems -javaagent:C:\Program Files\JetBrains\IntelliJ IDEA Community Edition 2019.2\lib\idea_rt.jar=5135:C:\Program Files\JetBrains\IntelliJ IDEA Community Edition 2019.2\bin -Dfile.encoding=UTF-8 
java_command: main.Main
java_class_path (initial): C:\Program Files\Java\jdk1.8.0_201\jre\lib\charsets.jar;C:\Program Files\Java\jdk1.8.0_201\jre\lib\deploy.jar;C:\Program Files\Java\jdk1.8.0_201\jre\lib\ext\access-bridge-64.jar;C:\Program Files\Java\jdk1.8.0_201\jre\lib\ext\cldrdata.jar;C:\Program Files\Java\jdk1.8.0_201\jre\lib\ext\dnsns.jar;C:\Program Files\Java\jdk1.8.0_201\jre\lib\ext\jaccess.jar;C:\Program Files\Java\jdk1.8.0_201\jre\lib\ext\jfxrt.jar;C:\Program Files\Java\jdk1.8.0_201\jre\lib\ext\localedata.jar;C:\Program Files\Java\jdk1.8.0_201\jre\lib\ext\nashorn.jar;C:\Program Files\Java\jdk1.8.0_201\jre\lib\ext\sunec.jar;C:\Program Files\Java\jdk1.8.0_201\jre\lib\ext\sunjce_provider.jar;C:\Program Files\Java\jdk1.8.0_201\jre\lib\ext\sunmscapi.jar;C:\Program Files\Java\jdk1.8.0_201\jre\lib\ext\sunpkcs11.jar;C:\Program Files\Java\jdk1.8.0_201\jre\lib\ext\zipfs.jar;C:\Program Files\Java\jdk1.8.0_201\jre\lib\javaws.jar;C:\Program Files\Java\jdk1.8.0_201\jre\lib\jce.jar;C:\Program Files\Java\jdk1.8.0_201\jre\lib\jfr.jar;C:\Program Files\Java\jdk1.8.0_201\jre\lib\jfxswt.jar;C:\Program Files\Java\jdk1.8.0_201\jre\lib\jsse.jar;C:\Program Files\Java\jdk1.8.0_201\jre\lib\management-agent.jar;C:\Program Files\Java\jdk1.8.0_201\jre\lib\plugin.jar;C:\Program Files\Java\jdk1.8.0_201\jre\lib\resources.jar;C:\Program Files\Java\jdk1.8.0_201\jre\lib\rt.jar;C:\Users\timke\Documents\Intelligent_Systems\Vehicle_Routing_COS30018\out\production\Vehicle_Routing_COS30018;C:\Users\timke\Documents\Intelligent_Systems\com.google.ortools.jar;C:\Users\timke\Documents\Intelligent_Systems\protobuf.jar;C:\Users\timke\Documents\JAVA_LIBRARIES\choco-solver-4.10.1.jar;C:\Users\timke\Documents\JAVA_LIBRARIES\mysql-connector.jar;C:\Users\timke\Documents\JADE\lib\jade.jar;C:\Program Files\JetBrains\IntelliJ IDEA Community Edition 2019.2\lib\idea_rt.jar
Launcher Type: SUN_STANDARD

Environment Variables:
PATH=C:\Program Files (x86)\Common Files\Oracle\Java\javapath;"C:\Program Files\Java\jdk-11.0.2; C:\glassfish4\jdk7; C:\glassfish4\jdk7\jre;";C:\ProgramData\Oracle\Java\javapath;C:\Program Files (x86)\Intel\iCLS Client\;C:\Program Files\Intel\iCLS Client\;C:\Windows\system32;C:\Windows;C:\Windows\System32\Wbem;C:\Windows\System32\WindowsPowerShell\v1.0\;C:\Program Files\Intel\WiFi\bin\;C:\Program Files\Common Files\Intel\WirelessCommon\;C:\Program Files (x86)\NVIDIA Corporation\PhysX\Common;C:\Program Files (x86)\Intel\Intel(R) Management Engine Components\DAL;C:\Program Files\Intel\Intel(R) Management Engine Components\DAL;C:\Program Files (x86)\Intel\Intel(R) Management Engine Components\IPT;C:\Program Files\Intel\Intel(R) Management Engine Components\IPT;C:\Program Files (x86)\Skype\Phone\;C:\WINDOWS\system32;C:\WINDOWS;C:\WINDOWS\System32\Wbem;C:\WINDOWS\System32\WindowsPowerShell\v1.0\;C:\FPC\2.6.4\bin\i386-Win32;C:\Program Files\PuTTY\;C:\Program Files (x86)\IVI Foundation\VISA\WinNT\Bin;C:\WINDOWS\System32\OpenSSH\;C:\Program Files\Microsoft VS Code\bin;C:\Program Files\dotnet\;C:\Program Files\Git\cmd;C:\Program Files\nodejs\;C:\Program Files\NVIDIA Corporation\NVIDIA NvDLISR;;C:\WINDOWS\system32;C:\WINDOWS;C:\WINDOWS\System32\Wbem;C:\WINDOWS\System32\WindowsPowerShell\v1.0\;C:\WINDOWS\System32\OpenSSH\;C:\Users\timke\AppData\Local\Microsoft\WindowsApps;C:\Users\timke\AppData\Local\atom\bin;C:\Users\timke\AppData\Local\Microsoft\WindowsApps;C:\Users\timke\AppData\Roaming\npm;C:\Program Files (x86)\Nmap;C:\Program Files\Java\jdk1.8.0_201\bin;C:\Python27;C:\Python27\Scripts;
USERNAME=timke
OS=Windows_NT
PROCESSOR_IDENTIFIER=Intel64 Family 6 Model 158 Stepping 9, GenuineIntel



---------------  S Y S T E M  ---------------

OS: Windows 10.0 , 64 bit Build 17763 (10.0.17763.475)

CPU:total 8 (initial active 8) (4 cores per cpu, 2 threads per core) family 6 model 158 stepping 9, cmov, cx8, fxsr, mmx, sse, sse2, sse3, ssse3, sse4.1, sse4.2, popcnt, avx, avx2, aes, clmul, erms, 3dnowpref, lzcnt, ht, tsc, tscinvbit, bmi1, bmi2, adx

Memory: 4k page, physical 8270668k(1818968k free), swap 21902156k(6475552k free)

vm_info: Java HotSpot(TM) 64-Bit Server VM (25.201-b09) for windows-amd64 JRE (1.8.0_201-b09), built on Dec 15 2018 18:36:39 by "java_re" with MS VC++ 10.0 (VS2010)

time: Thu Oct 31 13:59:25 2019
timezone: AUS Eastern Daylight Time
elapsed time: 24 seconds (0d 0h 0m 24s)

