#
# A fatal error has been detected by the Java Runtime Environment:
#
#  EXCEPTION_ACCESS_VIOLATION (0xc0000005) at pc=0x000000006b96f01d, pid=18696, tid=0x0000000000004b7c
#
# JRE version: Java(TM) SE Runtime Environment (8.0_202-b08) (build 1.8.0_202-b08)
# Java VM: Java HotSpot(TM) 64-Bit Server VM (25.202-b08 mixed mode windows-amd64 compressed oops)
# Problematic frame:
# V  [jvm.dll+0x13f01d]
#
# Failed to write core dump. Minidumps are not enabled by default on client versions of Windows
#
# If you would like to submit a bug report, please visit:
#   http://bugreport.java.com/bugreport/crash.jsp
# The crash happened outside the Java Virtual Machine in native code.
# See problematic frame for where to report the bug.
#

---------------  T H R E A D  ---------------

Current thread (0x00000000030cb800):  JavaThread "Finalizer" daemon [_thread_in_native, id=19324, stack(0x000000001d9a0000,0x000000001daa0000)]

siginfo: ExceptionCode=0xc0000005, writing address 0x0000000000000270

Registers:
RAX=0x000000000000dead, RBX=0x0000000000000000, RCX=0x000000001f0bc000, RDX=0x00000000030c00a8
RSP=0x000000001da9eac0, RBP=0x0000000000000000, RSI=0x0000000028790470, RDI=0x00000000030c00a8
R8 =0x0000000001301200, R9 =0x0000000000008000, R10=0x00000000ffffffff, R11=0x000000001da9ea90
R12=0x0000000000000000, R13=0x0000000000000000, R14=0x0000000000000000, R15=0x00000000288296b8
RIP=0x000000006b96f01d, EFLAGS=0x0000000000010246

Top of Stack: (sp=0x000000001da9eac0)
0x000000001da9eac0:   0000000001390000 0000000028a43ba0
0x000000001da9ead0:   0000000000000000 0000000000000000
0x000000001da9eae0:   00000000ffffffff 00007ff9d53187ce
0x000000001da9eaf0:   000000002635c3d0 0000000028790470
0x000000001da9eb00:   0000000000000000 0000000000000000
0x000000001da9eb10:   fffffffffffffffe 00000000288295b0
0x000000001da9eb20:   0000000000000000 00007ff9d5316bed
0x000000001da9eb30:   0000000000000000 00007ff9d60934b0
0x000000001da9eb40:   00000000288296b8 00000000288295b0
0x000000001da9eb50:   00000000287904f0 00007ff9d55fc6d5
0x000000001da9eb60:   0000000028790470 0000000000000000
0x000000001da9eb70:   0000000028829d80 00000000030cc380
0x000000001da9eb80:   00007ff9d60934b0 00007ff9d56004b8
0x000000001da9eb90:   000000001da9ec19 00000000288295b0
0x000000001da9eba0:   0000000028829dd0 000000001da9ec19
0x000000001da9ebb0:   00007ff9d60934b0 0000000000000000 

Instructions: (pc=0x000000006b96f01d)
0x000000006b96effd:   8b fa 3d ab de 00 00 74 17 8b 83 88 02 00 00 3d
0x000000006b96f00d:   ac de 00 00 74 0a 48 8b cb e8 65 03 10 00 33 db
0x000000006b96f01d:   c7 83 70 02 00 00 05 00 00 00 83 3d 9a 86 6d 00
0x000000006b96f02d:   01 75 09 80 3d 0c 79 6d 00 00 74 18 80 3d 04 79 


Register to memory mapping:

RAX=0x000000000000dead is an unknown value
RBX=0x0000000000000000 is an unknown value
RCX=0x000000001f0bc000 is an unknown value
RDX=0x00000000030c00a8 is a global jni handle
RSP=0x000000001da9eac0 is pointing into the stack for thread: 0x00000000030cb800
RBP=0x0000000000000000 is an unknown value
RSI=0x0000000028790470 is an unknown value
RDI=0x00000000030c00a8 is a global jni handle
R8 =0x0000000001301200 is an unknown value
R9 =0x0000000000008000 is an unknown value
R10=0x00000000ffffffff is an unknown value
R11=0x000000001da9ea90 is pointing into the stack for thread: 0x00000000030cb800
R12=0x0000000000000000 is an unknown value
R13=0x0000000000000000 is an unknown value
R14=0x0000000000000000 is an unknown value
R15=0x00000000288296b8 is an unknown value


Stack: [0x000000001d9a0000,0x000000001daa0000],  sp=0x000000001da9eac0,  free space=1018k
Native frames: (J=compiled Java code, j=interpreted, Vv=VM code, C=native code)

Java frames: (J=compiled Java code, j=interpreted, Vv=VM code)
j  com.google.ortools.constraintsolver.mainJNI.delete_RoutingModel(J)V+0
j  com.google.ortools.constraintsolver.RoutingModel.delete()V+25
j  com.google.ortools.constraintsolver.RoutingModel.finalize()V+1
J 1185 C1 java.lang.ref.Finalizer.runFinalizer(Lsun/misc/JavaLangAccess;)V (62 bytes) @ 0x00000000032069d4 [0x0000000003206440+0x594]
J 1184 C1 java.lang.ref.Finalizer.access$100(Ljava/lang/ref/Finalizer;Lsun/misc/JavaLangAccess;)V (6 bytes) @ 0x00000000031dd5dc [0x00000000031dd580+0x5c]
j  java.lang.ref.Finalizer$FinalizerThread.run()V+45
v  ~StubRoutines::call_stub

---------------  P R O C E S S  ---------------

Java Threads: ( => current thread )
  0x000000001f0b9800 JavaThread "Image Fetcher 3" daemon [_thread_blocked, id=8612, stack(0x000000002d4c0000,0x000000002d5c0000)]
  0x000000001f0b9000 JavaThread "Image Fetcher 2" daemon [_thread_blocked, id=8608, stack(0x000000002d3c0000,0x000000002d4c0000)]
  0x000000001f0ba800 JavaThread "MasterRouteAgent" [_thread_blocked, id=8600, stack(0x000000002d1c0000,0x000000002d2c0000)]
  0x000000001f0b1000 JavaThread "Delivery_Agent9" [_thread_in_vm, id=8596, stack(0x000000002d0c0000,0x000000002d1c0000)]
  0x000000001f0b7800 JavaThread "Delivery_Agent8" [_thread_in_vm, id=8592, stack(0x000000002cfc0000,0x000000002d0c0000)]
  0x000000001f0b6800 JavaThread "Delivery_Agent7" [_thread_in_Java, id=8588, stack(0x000000002cec0000,0x000000002cfc0000)]
  0x000000001f0b8000 JavaThread "Delivery_Agent6" [_thread_in_vm, id=8580, stack(0x000000002cdc0000,0x000000002cec0000)]
  0x000000001f0af800 JavaThread "Delivery_Agent5" [_thread_in_vm, id=8584, stack(0x000000002ccc0000,0x000000002cdc0000)]
  0x000000001f0b6000 JavaThread "Delivery_Agent4" [_thread_in_vm, id=8576, stack(0x000000002cbc0000,0x000000002ccc0000)]
  0x000000001f0ae000 JavaThread "Delivery_Agent3" [_thread_in_vm, id=8572, stack(0x000000002cac0000,0x000000002cbc0000)]
  0x000000001f0b0800 JavaThread "Delivery_Agent2" [_thread_in_vm, id=8568, stack(0x000000002c9c0000,0x000000002cac0000)]
  0x000000001f0af000 JavaThread "Delivery_Agent1" [_thread_in_Java, id=8560, stack(0x000000002c8c0000,0x000000002c9c0000)]
  0x000000001f0b4800 JavaThread "Delivery_Agent0" [_thread_in_Java, id=8564, stack(0x000000002c7c0000,0x000000002c8c0000)]
  0x000000001f0b3800 JavaThread "DBAgent" [_thread_blocked, id=8556, stack(0x000000002c6c0000,0x000000002c7c0000)]
  0x000000001f0b5000 JavaThread "rma" [_thread_blocked, id=8552, stack(0x000000002c5c0000,0x000000002c6c0000)]
  0x000000001f0b2800 JavaThread "df" [_thread_blocked, id=8548, stack(0x000000002c4c0000,0x000000002c5c0000)]
  0x000000001f0b2000 JavaThread "ams" [_thread_blocked, id=8544, stack(0x000000002c3c0000,0x000000002c4c0000)]
  0x000000001eb09800 JavaThread "Thread-13" [_thread_in_native, id=8540, stack(0x000000002c2c0000,0x000000002c3c0000)]
  0x000000001eb08000 JavaThread "Deliverer-04" [_thread_blocked, id=8520, stack(0x000000002c1c0000,0x000000002c2c0000)]
  0x000000001eb05800 JavaThread "Deliverer-03" [_thread_blocked, id=8512, stack(0x000000002c0c0000,0x000000002c1c0000)]
  0x000000001eb0a000 JavaThread "Deliverer-02" [_thread_blocked, id=8516, stack(0x000000002bfc0000,0x000000002c0c0000)]
  0x000000001eb07000 JavaThread "Deliverer-01" [_thread_blocked, id=8508, stack(0x000000002bec0000,0x000000002bfc0000)]
  0x000000001eb04000 JavaThread "Deliverer-00" [_thread_blocked, id=8504, stack(0x000000002bdc0000,0x000000002bec0000)]
  0x000000001eb06800 JavaThread "Thread-7" [_thread_in_native, id=8500, stack(0x000000002bcc0000,0x000000002bdc0000)]
  0x000000001eb08800 JavaThread "Thread-6" [_thread_blocked, id=8496, stack(0x000000002bbc0000,0x000000002bcc0000)]
  0x000000001eb05000 JavaThread "JICPServer-8888" daemon [_thread_in_native, id=8492, stack(0x000000002bac0000,0x000000002bbc0000)]
  0x000000001eb03800 JavaThread "JADE Timer dispatcher" [_thread_blocked, id=8476, stack(0x000000002b9c0000,0x000000002bac0000)]
  0x000000001eb95000 JavaThread "D3D Screen Updater" daemon [_thread_blocked, id=8372, stack(0x000000002ac60000,0x000000002ad60000)]
  0x000000001e9cc800 JavaThread "Thread-1" [_thread_blocked, id=8360, stack(0x000000002a540000,0x000000002a640000)]
  0x0000000002fd3800 JavaThread "DestroyJavaVM" [_thread_blocked, id=22648, stack(0x0000000002cc0000,0x0000000002dc0000)]
  0x000000001e178800 JavaThread "AWT-EventQueue-0" [_thread_blocked, id=8300, stack(0x000000001f4c0000,0x000000001f5c0000)]
  0x000000001e177000 JavaThread "AWT-Windows" daemon [_thread_in_native, id=8296, stack(0x000000001f2e0000,0x000000001f3e0000)]
  0x000000001e176000 JavaThread "AWT-Shutdown" [_thread_blocked, id=8292, stack(0x000000001f1e0000,0x000000001f2e0000)]
  0x000000001e164800 JavaThread "Java2D Disposer" daemon [_thread_blocked, id=8284, stack(0x000000001f0e0000,0x000000001f1e0000)]
  0x000000001de19800 JavaThread "Service Thread" daemon [_thread_blocked, id=8280, stack(0x000000001e5a0000,0x000000001e6a0000)]
  0x000000001de18800 JavaThread "C1 CompilerThread2" daemon [_thread_blocked, id=8272, stack(0x000000001e4a0000,0x000000001e5a0000)]
  0x000000001de17000 JavaThread "C2 CompilerThread1" daemon [_thread_blocked, id=8276, stack(0x000000001e3a0000,0x000000001e4a0000)]
  0x000000001de01000 JavaThread "C2 CompilerThread0" daemon [_thread_blocked, id=8260, stack(0x000000001e2a0000,0x000000001e3a0000)]
  0x000000001dde2800 JavaThread "Monitor Ctrl-Break" daemon [_thread_in_native, id=8268, stack(0x000000001e1a0000,0x000000001e2a0000)]
  0x000000001c748000 JavaThread "Attach Listener" daemon [_thread_blocked, id=8256, stack(0x000000001dca0000,0x000000001dda0000)]
  0x000000001c746800 JavaThread "Signal Dispatcher" daemon [_thread_blocked, id=8248, stack(0x000000001dba0000,0x000000001dca0000)]
=>0x00000000030cb800 JavaThread "Finalizer" daemon [_thread_in_native, id=19324, stack(0x000000001d9a0000,0x000000001daa0000)]
  0x00000000030c3000 JavaThread "Reference Handler" daemon [_thread_blocked, id=17844, stack(0x000000001d8a0000,0x000000001d9a0000)]

Other Threads:
  0x000000001c707800 VMThread [stack: 0x000000001d7a0000,0x000000001d8a0000] [id=18512]
  0x000000001ded9800 WatcherThread [stack: 0x000000001e6a0000,0x000000001e7a0000] [id=8288]

VM state:not at safepoint (normal execution)

VM Mutex/Monitor currently owned by a thread: None

heap address: 0x00000006c0a00000, size: 4086 MB, Compressed Oops mode: Zero based, Oop shift amount: 3
Narrow klass base: 0x0000000000000000, Narrow klass shift: 3
Compressed class space size: 1073741824 Address: 0x00000007c0000000

Heap:
 PSYoungGen      total 68096K, used 3871K [0x000000076ae00000, 0x000000076fa00000, 0x00000007c0000000)
  eden space 62464K, 4% used [0x000000076ae00000,0x000000076b0905b0,0x000000076eb00000)
  from space 5632K, 22% used [0x000000076f480000,0x000000076f5b79d0,0x000000076fa00000)
  to   space 7680K, 0% used [0x000000076eb00000,0x000000076eb00000,0x000000076f280000)
 ParOldGen       total 71168K, used 5367K [0x00000006c0a00000, 0x00000006c4f80000, 0x000000076ae00000)
  object space 71168K, 7% used [0x00000006c0a00000,0x00000006c0f3dcb0,0x00000006c4f80000)
 Metaspace       used 23758K, capacity 24214K, committed 24448K, reserved 1071104K
  class space    used 2957K, capacity 3094K, committed 3200K, reserved 1048576K

Card table byte_map: [0x0000000012490000,0x0000000012c90000] byte_map_base: 0x000000000ee8b000

Marking Bits: (ParMarkBitMap*) 0x000000006c055ce0
 Begin Bits: [0x00000000135f0000, 0x00000000175c8000)
 End Bits:   [0x00000000175c8000, 0x000000001b5a0000)

Polling page: 0x00000000014b0000

CodeCache: size=245760Kb used=7032Kb max_used=7037Kb free=238727Kb
 bounds [0x00000000030d0000, 0x00000000037c0000, 0x00000000120d0000]
 total_blobs=2851 nmethods=2143 adapters=619
 compilation: enabled

Compilation events (10 events):
Event: 13.613 Thread 0x000000001de18800 2293       3       java.time.temporal.ValueRange::isValidValue (24 bytes)
Event: 13.613 Thread 0x000000001de18800 nmethod 2293 0x00000000037b3b90 code [0x00000000037b3d00, 0x00000000037b40b0]
Event: 13.627 Thread 0x000000001de18800 2294       3       jade.util.leap.RoundList::get (60 bytes)
Event: 13.627 Thread 0x000000001de18800 nmethod 2294 0x00000000037b3250 code [0x00000000037b3400, 0x00000000037b3928]
Event: 13.627 Thread 0x000000001de18800 2295       1       jade.core.Timer::expirationTime (5 bytes)
Event: 13.627 Thread 0x000000001de18800 nmethod 2295 0x00000000037b2f90 code [0x00000000037b30e0, 0x00000000037b31f0]
Event: 13.629 Thread 0x000000001de18800 2296  s    3       jade.core.Scheduler::block (32 bytes)
Event: 13.629 Thread 0x000000001de18800 nmethod 2296 0x00000000037b2410 code [0x00000000037b25c0, 0x00000000037b2d08]
Event: 13.629 Thread 0x000000001de18800 2297       3       jade.core.Scheduler::removeFromReady (88 bytes)
Event: 13.629 Thread 0x000000001de18800 nmethod 2297 0x00000000037b1bd0 code [0x00000000037b1d60, 0x00000000037b22a8]

GC Heap History (10 events):
Event: 11.331 GC heap before
{Heap before GC invocations=3 (full 1):
 PSYoungGen      total 76288K, used 5473K [0x000000076ae00000, 0x0000000770300000, 0x00000007c0000000)
  eden space 65536K, 0% used [0x000000076ae00000,0x000000076ae00000,0x000000076ee00000)
  from space 10752K, 50% used [0x000000076f880000,0x000000076fdd84e0,0x0000000770300000)
  to   space 10752K, 0% used [0x000000076ee00000,0x000000076ee00000,0x000000076f880000)
 ParOldGen       total 175104K, used 24K [0x00000006c0a00000, 0x00000006cb500000, 0x000000076ae00000)
  object space 175104K, 0% used [0x00000006c0a00000,0x00000006c0a06000,0x00000006cb500000)
 Metaspace       used 20787K, capacity 21122K, committed 21248K, reserved 1067008K
  class space    used 2625K, capacity 2720K, committed 2816K, reserved 1048576K
Event: 11.350 GC heap after
Heap after GC invocations=3 (full 1):
 PSYoungGen      total 76288K, used 0K [0x000000076ae00000, 0x0000000770300000, 0x00000007c0000000)
  eden space 65536K, 0% used [0x000000076ae00000,0x000000076ae00000,0x000000076ee00000)
  from space 10752K, 0% used [0x000000076f880000,0x000000076f880000,0x0000000770300000)
  to   space 10752K, 0% used [0x000000076ee00000,0x000000076ee00000,0x000000076f880000)
 ParOldGen       total 71168K, used 5335K [0x00000006c0a00000, 0x00000006c4f80000, 0x000000076ae00000)
  object space 71168K, 7% used [0x00000006c0a00000,0x00000006c0f35cb0,0x00000006c4f80000)
 Metaspace       used 20787K, capacity 21122K, committed 21248K, reserved 1067008K
  class space    used 2625K, capacity 2720K, committed 2816K, reserved 1048576K
}
Event: 11.959 GC heap before
{Heap before GC invocations=4 (full 1):
 PSYoungGen      total 76288K, used 65536K [0x000000076ae00000, 0x0000000770300000, 0x00000007c0000000)
  eden space 65536K, 100% used [0x000000076ae00000,0x000000076ee00000,0x000000076ee00000)
  from space 10752K, 0% used [0x000000076f880000,0x000000076f880000,0x0000000770300000)
  to   space 10752K, 0% used [0x000000076ee00000,0x000000076ee00000,0x000000076f880000)
 ParOldGen       total 71168K, used 5335K [0x00000006c0a00000, 0x00000006c4f80000, 0x000000076ae00000)
  object space 71168K, 7% used [0x00000006c0a00000,0x00000006c0f35cb0,0x00000006c4f80000)
 Metaspace       used 21281K, capacity 21616K, committed 21888K, reserved 1069056K
  class space    used 2722K, capacity 2817K, committed 2944K, reserved 1048576K
Event: 11.960 GC heap after
Heap after GC invocations=4 (full 1):
 PSYoungGen      total 76288K, used 656K [0x000000076ae00000, 0x0000000770300000, 0x00000007c0000000)
  eden space 65536K, 0% used [0x000000076ae00000,0x000000076ae00000,0x000000076ee00000)
  from space 10752K, 6% used [0x000000076ee00000,0x000000076eea4010,0x000000076f880000)
  to   space 10752K, 0% used [0x000000076f880000,0x000000076f880000,0x0000000770300000)
 ParOldGen       total 71168K, used 5343K [0x00000006c0a00000, 0x00000006c4f80000, 0x000000076ae00000)
  object space 71168K, 7% used [0x00000006c0a00000,0x00000006c0f37cb0,0x00000006c4f80000)
 Metaspace       used 21281K, capacity 21616K, committed 21888K, reserved 1069056K
  class space    used 2722K, capacity 2817K, committed 2944K, reserved 1048576K
}
Event: 12.550 GC heap before
{Heap before GC invocations=5 (full 1):
 PSYoungGen      total 76288K, used 66192K [0x000000076ae00000, 0x0000000770300000, 0x00000007c0000000)
  eden space 65536K, 100% used [0x000000076ae00000,0x000000076ee00000,0x000000076ee00000)
  from space 10752K, 6% used [0x000000076ee00000,0x000000076eea4010,0x000000076f880000)
  to   space 10752K, 0% used [0x000000076f880000,0x000000076f880000,0x0000000770300000)
 ParOldGen       total 71168K, used 5343K [0x00000006c0a00000, 0x00000006c4f80000, 0x000000076ae00000)
  object space 71168K, 7% used [0x00000006c0a00000,0x00000006c0f37cb0,0x00000006c4f80000)
 Metaspace       used 21369K, capacity 21782K, committed 22144K, reserved 1069056K
  class space    used 2734K, capacity 2834K, committed 2944K, reserved 1048576K
Event: 12.551 GC heap after
Heap after GC invocations=5 (full 1):
 PSYoungGen      total 76288K, used 496K [0x000000076ae00000, 0x0000000770300000, 0x00000007c0000000)
  eden space 65536K, 0% used [0x000000076ae00000,0x000000076ae00000,0x000000076ee00000)
  from space 10752K, 4% used [0x000000076f880000,0x000000076f8fc010,0x0000000770300000)
  to   space 10752K, 0% used [0x000000076ee00000,0x000000076ee00000,0x000000076f880000)
 ParOldGen       total 71168K, used 5351K [0x00000006c0a00000, 0x00000006c4f80000, 0x000000076ae00000)
  object space 71168K, 7% used [0x00000006c0a00000,0x00000006c0f39cb0,0x00000006c4f80000)
 Metaspace       used 21369K, capacity 21782K, committed 22144K, reserved 1069056K
  class space    used 2734K, capacity 2834K, committed 2944K, reserved 1048576K
}
Event: 13.053 GC heap before
{Heap before GC invocations=6 (full 1):
 PSYoungGen      total 76288K, used 66032K [0x000000076ae00000, 0x0000000770300000, 0x00000007c0000000)
  eden space 65536K, 100% used [0x000000076ae00000,0x000000076ee00000,0x000000076ee00000)
  from space 10752K, 4% used [0x000000076f880000,0x000000076f8fc010,0x0000000770300000)
  to   space 10752K, 0% used [0x000000076ee00000,0x000000076ee00000,0x000000076f880000)
 ParOldGen       total 71168K, used 5351K [0x00000006c0a00000, 0x00000006c4f80000, 0x000000076ae00000)
  object space 71168K, 7% used [0x00000006c0a00000,0x00000006c0f39cb0,0x00000006c4f80000)
 Metaspace       used 22565K, capacity 22990K, committed 23168K, reserved 1069056K
  class space    used 2827K, capacity 2938K, committed 2944K, reserved 1048576K
Event: 13.054 GC heap after
Heap after GC invocations=6 (full 1):
 PSYoungGen      total 65536K, used 1028K [0x000000076ae00000, 0x000000076fc80000, 0x00000007c0000000)
  eden space 64000K, 0% used [0x000000076ae00000,0x000000076ae00000,0x000000076ec80000)
  from space 1536K, 66% used [0x000000076ee00000,0x000000076ef01080,0x000000076ef80000)
  to   space 8192K, 0% used [0x000000076f480000,0x000000076f480000,0x000000076fc80000)
 ParOldGen       total 71168K, used 5359K [0x00000006c0a00000, 0x00000006c4f80000, 0x000000076ae00000)
  object space 71168K, 7% used [0x00000006c0a00000,0x00000006c0f3bcb0,0x00000006c4f80000)
 Metaspace       used 22565K, capacity 22990K, committed 23168K, reserved 1069056K
  class space    used 2827K, capacity 2938K, committed 2944K, reserved 1048576K
}
Event: 13.644 GC heap before
{Heap before GC invocations=7 (full 1):
 PSYoungGen      total 65536K, used 65028K [0x000000076ae00000, 0x000000076fc80000, 0x00000007c0000000)
  eden space 64000K, 100% used [0x000000076ae00000,0x000000076ec80000,0x000000076ec80000)
  from space 1536K, 66% used [0x000000076ee00000,0x000000076ef01080,0x000000076ef80000)
  to   space 8192K, 0% used [0x000000076f480000,0x000000076f480000,0x000000076fc80000)
 ParOldGen       total 71168K, used 5359K [0x00000006c0a00000, 0x00000006c4f80000, 0x000000076ae00000)
  object space 71168K, 7% used [0x00000006c0a00000,0x00000006c0f3bcb0,0x00000006c4f80000)
 Metaspace       used 23757K, capacity 24214K, committed 24448K, reserved 1071104K
  class space    used 2957K, capacity 3094K, committed 3200K, reserved 1048576K
Event: 13.645 GC heap after
Heap after GC invocations=7 (full 1):
 PSYoungGen      total 68096K, used 1246K [0x000000076ae00000, 0x000000076fa00000, 0x00000007c0000000)
  eden space 62464K, 0% used [0x000000076ae00000,0x000000076ae00000,0x000000076eb00000)
  from space 5632K, 22% used [0x000000076f480000,0x000000076f5b79d0,0x000000076fa00000)
  to   space 7680K, 0% used [0x000000076eb00000,0x000000076eb00000,0x000000076f280000)
 ParOldGen       total 71168K, used 5367K [0x00000006c0a00000, 0x00000006c4f80000, 0x000000076ae00000)
  object space 71168K, 7% used [0x00000006c0a00000,0x00000006c0f3dcb0,0x00000006c4f80000)
 Metaspace       used 23757K, capacity 24214K, committed 24448K, reserved 1071104K
  class space    used 2957K, capacity 3094K, committed 3200K, reserved 1048576K
}

Deoptimization events (10 events):
Event: 12.041 Thread 0x000000001f0b5000 Uncommon trap: reason=class_check action=maybe_recompile pc=0x0000000003646f10 method=jade.core.Agent$ActiveLifeCycle.execute()V @ 69
Event: 12.043 Thread 0x000000001f0b5000 Uncommon trap: reason=class_check action=maybe_recompile pc=0x0000000003646f10 method=jade.core.Agent$ActiveLifeCycle.execute()V @ 69
Event: 12.051 Thread 0x000000001f0b5000 Uncommon trap: reason=class_check action=maybe_recompile pc=0x0000000003646f10 method=jade.core.Agent$ActiveLifeCycle.execute()V @ 69
Event: 12.056 Thread 0x000000001f0b5000 Uncommon trap: reason=class_check action=maybe_recompile pc=0x0000000003646f10 method=jade.core.Agent$ActiveLifeCycle.execute()V @ 69
Event: 13.019 Thread 0x000000001f0bc000 Uncommon trap: reason=unstable_if action=reinterpret pc=0x000000000339fe44 method=java.util.HashMap.getNode(ILjava/lang/Object;)Ljava/util/HashMap$Node; @ 62
Event: 13.019 Thread 0x000000001f0bc000 Uncommon trap: reason=unstable_if action=reinterpret pc=0x000000000335f738 method=java.util.HashMap.getNode(ILjava/lang/Object;)Ljava/util/HashMap$Node; @ 62
Event: 13.075 Thread 0x000000001f0b1000 Uncommon trap: reason=unstable_if action=reinterpret pc=0x0000000003626d10 method=agents.DriverAgent$1.action()V @ 9
Event: 13.075 Thread 0x000000001f0b6800 Uncommon trap: reason=unstable_if action=reinterpret pc=0x0000000003626d10 method=agents.DriverAgent$1.action()V @ 9
Event: 13.589 Thread 0x000000001f0b3800 Uncommon trap: reason=bimorphic action=maybe_recompile pc=0x000000000372497c method=jade.core.Agent$ActiveLifeCycle.execute()V @ 69
Event: 13.598 Thread 0x000000001f0b3800 Uncommon trap: reason=bimorphic action=maybe_recompile pc=0x000000000372497c method=jade.core.Agent$ActiveLifeCycle.execute()V @ 69

Classes redefined (0 events):
No events

Internal exceptions (10 events):
Event: 13.022 Thread 0x000000001f0bc000 Exception <a 'java/lang/ArrayIndexOutOfBoundsException'> (0x000000076e6af3d8) thrown at [C:\re\workspace\8-2-build-windows-amd64-cygwin\jdk8u202\12323\hotspot\src\share\vm\runtime\sharedRuntime.cpp, line 605]
Event: 13.022 Thread 0x000000001f0bc000 Exception <a 'java/lang/ArrayIndexOutOfBoundsException'> (0x000000076e6afb48) thrown at [C:\re\workspace\8-2-build-windows-amd64-cygwin\jdk8u202\12323\hotspot\src\share\vm\runtime\sharedRuntime.cpp, line 605]
Event: 13.022 Thread 0x000000001f0bc000 Exception <a 'java/lang/ArrayIndexOutOfBoundsException'> (0x000000076e6b06c0) thrown at [C:\re\workspace\8-2-build-windows-amd64-cygwin\jdk8u202\12323\hotspot\src\share\vm\runtime\sharedRuntime.cpp, line 605]
Event: 13.022 Thread 0x000000001f0bc000 Exception <a 'java/lang/ArrayIndexOutOfBoundsException'> (0x000000076e6b0e30) thrown at [C:\re\workspace\8-2-build-windows-amd64-cygwin\jdk8u202\12323\hotspot\src\share\vm\runtime\sharedRuntime.cpp, line 605]
Event: 13.022 Thread 0x000000001f0bc000 Exception <a 'java/lang/ArrayIndexOutOfBoundsException'> (0x000000076e6b1a50) thrown at [C:\re\workspace\8-2-build-windows-amd64-cygwin\jdk8u202\12323\hotspot\src\share\vm\runtime\sharedRuntime.cpp, line 605]
Event: 13.022 Thread 0x000000001f0bc000 Exception <a 'java/lang/ArrayIndexOutOfBoundsException'> (0x000000076e6b2670) thrown at [C:\re\workspace\8-2-build-windows-amd64-cygwin\jdk8u202\12323\hotspot\src\share\vm\runtime\sharedRuntime.cpp, line 605]
Event: 13.022 Thread 0x000000001f0bc000 Exception <a 'java/lang/ArrayIndexOutOfBoundsException'> (0x000000076e6b32e0) thrown at [C:\re\workspace\8-2-build-windows-amd64-cygwin\jdk8u202\12323\hotspot\src\share\vm\runtime\sharedRuntime.cpp, line 605]
Event: 13.022 Thread 0x000000001f0bc000 Exception <a 'java/lang/ArrayIndexOutOfBoundsException'> (0x000000076e6b3f00) thrown at [C:\re\workspace\8-2-build-windows-amd64-cygwin\jdk8u202\12323\hotspot\src\share\vm\runtime\sharedRuntime.cpp, line 605]
Event: 13.022 Thread 0x000000001f0bc000 Exception <a 'java/lang/ArrayIndexOutOfBoundsException'> (0x000000076e6b4b08) thrown at [C:\re\workspace\8-2-build-windows-amd64-cygwin\jdk8u202\12323\hotspot\src\share\vm\runtime\sharedRuntime.cpp, line 605]
Event: 13.022 Thread 0x000000001f0bc000 Exception <a 'java/lang/ArrayIndexOutOfBoundsException'> (0x000000076e6b5728) thrown at [C:\re\workspace\8-2-build-windows-amd64-cygwin\jdk8u202\12323\hotspot\src\share\vm\runtime\sharedRuntime.cpp, line 605]

Events (10 events):
Event: 13.586 loading class java/math/BigDecimal$1
Event: 13.586 loading class java/math/BigDecimal$1 done
Event: 13.589 Thread 0x000000001f0b3800 Uncommon trap: trap_request=0xffffffc6 fr.pc=0x000000000372497c
Event: 13.589 Thread 0x000000001f0b3800 DEOPT PACKING pc=0x000000000372497c sp=0x000000002c7bf1f0
Event: 13.589 Thread 0x000000001f0b3800 DEOPT UNPACKING pc=0x000000000311583b sp=0x000000002c7bf1a0 mode 2
Event: 13.598 Thread 0x000000001f0b3800 Uncommon trap: trap_request=0xffffffc6 fr.pc=0x000000000372497c
Event: 13.598 Thread 0x000000001f0b3800 DEOPT PACKING pc=0x000000000372497c sp=0x000000002c7bf1f0
Event: 13.598 Thread 0x000000001f0b3800 DEOPT UNPACKING pc=0x000000000311583b sp=0x000000002c7bf1a0 mode 2
Event: 13.644 Executing VM operation: ParallelGCFailedAllocation
Event: 13.645 Executing VM operation: ParallelGCFailedAllocation done


Dynamic libraries:
0x00007ff7d3a90000 - 0x00007ff7d3ac7000 	C:\Program Files\Java\jdk1.8.0_202\bin\java.exe
0x00007ffa4f7e0000 - 0x00007ffa4f9cd000 	C:\WINDOWS\SYSTEM32\ntdll.dll
0x00007ffa2dad0000 - 0x00007ffa2dae4000 	C:\Program Files (x86)\AVG\Antivirus\aswhook.dll
0x00007ffa4cfc0000 - 0x00007ffa4d073000 	C:\WINDOWS\System32\KERNEL32.DLL
0x00007ffa4c760000 - 0x00007ffa4c9f3000 	C:\WINDOWS\System32\KERNELBASE.dll
0x00007ffa4eda0000 - 0x00007ffa4ee43000 	C:\WINDOWS\System32\ADVAPI32.dll
0x00007ffa4eb50000 - 0x00007ffa4ebee000 	C:\WINDOWS\System32\msvcrt.dll
0x00007ffa4f4f0000 - 0x00007ffa4f58e000 	C:\WINDOWS\System32\sechost.dll
0x00007ffa4d080000 - 0x00007ffa4d1a2000 	C:\WINDOWS\System32\RPCRT4.dll
0x00007ffa4f350000 - 0x00007ffa4f4e7000 	C:\WINDOWS\System32\USER32.dll
0x00007ffa4bdd0000 - 0x00007ffa4bdf0000 	C:\WINDOWS\System32\win32u.dll
0x00007ffa4d560000 - 0x00007ffa4d589000 	C:\WINDOWS\System32\GDI32.dll
0x00007ffa4b920000 - 0x00007ffa4bab9000 	C:\WINDOWS\System32\gdi32full.dll
0x00007ffa4bd30000 - 0x00007ffa4bdd0000 	C:\WINDOWS\System32\msvcp_win.dll
0x00007ffa4c610000 - 0x00007ffa4c70a000 	C:\WINDOWS\System32\ucrtbase.dll
0x00007ffa40cb0000 - 0x00007ffa40f29000 	C:\WINDOWS\WinSxS\amd64_microsoft.windows.common-controls_6595b64144ccf1df_6.0.17763.802_none_05b1445c0722d2cc\COMCTL32.dll
0x00007ffa4f020000 - 0x00007ffa4f34c000 	C:\WINDOWS\System32\combase.dll
0x00007ffa4b8a0000 - 0x00007ffa4b91e000 	C:\WINDOWS\System32\bcryptPrimitives.dll
0x00007ffa4d1b0000 - 0x00007ffa4d1de000 	C:\WINDOWS\System32\IMM32.DLL
0x000000006c0e0000 - 0x000000006c1b2000 	C:\Program Files\Java\jdk1.8.0_202\jre\bin\msvcr100.dll
0x000000006b830000 - 0x000000006c0d5000 	C:\Program Files\Java\jdk1.8.0_202\jre\bin\server\jvm.dll
0x00007ffa4f7a0000 - 0x00007ffa4f7a8000 	C:\WINDOWS\System32\PSAPI.DLL
0x00007ffa3ec00000 - 0x00007ffa3ec09000 	C:\WINDOWS\SYSTEM32\WSOCK32.dll
0x00007ffa4d1e0000 - 0x00007ffa4d24d000 	C:\WINDOWS\System32\WS2_32.dll
0x00007ffa49950000 - 0x00007ffa49974000 	C:\WINDOWS\SYSTEM32\WINMM.dll
0x00007ffa47630000 - 0x00007ffa4763a000 	C:\WINDOWS\SYSTEM32\VERSION.dll
0x00007ffa49800000 - 0x00007ffa4982d000 	C:\WINDOWS\SYSTEM32\WINMMBASE.dll
0x00007ffa4c710000 - 0x00007ffa4c75a000 	C:\WINDOWS\System32\cfgmgr32.dll
0x00007ffa05e80000 - 0x00007ffa05e8f000 	C:\Program Files\Java\jdk1.8.0_202\jre\bin\verify.dll
0x00007ff9cea40000 - 0x00007ff9cea69000 	C:\Program Files\Java\jdk1.8.0_202\jre\bin\java.dll
0x00007ffa451c0000 - 0x00007ffa451e3000 	C:\Program Files\Java\jdk1.8.0_202\jre\bin\instrument.dll
0x00007ff9cea20000 - 0x00007ff9cea36000 	C:\Program Files\Java\jdk1.8.0_202\jre\bin\zip.dll
0x00007ffa4d590000 - 0x00007ffa4ea84000 	C:\WINDOWS\System32\SHELL32.dll
0x00007ffa4ca10000 - 0x00007ffa4cab8000 	C:\WINDOWS\System32\shcore.dll
0x00007ffa4bec0000 - 0x00007ffa4c60d000 	C:\WINDOWS\System32\windows.storage.dll
0x00007ffa4b7d0000 - 0x00007ffa4b7f4000 	C:\WINDOWS\System32\profapi.dll
0x00007ffa4b820000 - 0x00007ffa4b87d000 	C:\WINDOWS\System32\powrprof.dll
0x00007ffa4f610000 - 0x00007ffa4f662000 	C:\WINDOWS\System32\shlwapi.dll
0x00007ffa4b800000 - 0x00007ffa4b811000 	C:\WINDOWS\System32\kernel.appcore.dll
0x00007ffa4bdf0000 - 0x00007ffa4be07000 	C:\WINDOWS\System32\cryptsp.dll
0x00007ffa45140000 - 0x00007ffa4515a000 	C:\Program Files\JetBrains\IntelliJ IDEA Community Edition 2019.2\bin\breakgen64.dll
0x00007ff9cea00000 - 0x00007ff9cea1a000 	C:\Program Files\Java\jdk1.8.0_202\jre\bin\net.dll
0x00007ffa3ff70000 - 0x00007ffa40147000 	C:\WINDOWS\SYSTEM32\urlmon.dll
0x00007ffa3fcc0000 - 0x00007ffa3ff68000 	C:\WINDOWS\SYSTEM32\iertutil.dll
0x00007ffa4b210000 - 0x00007ffa4b21c000 	C:\WINDOWS\SYSTEM32\CRYPTBASE.DLL
0x00007ffa4b040000 - 0x00007ffa4b0a7000 	C:\WINDOWS\system32\mswsock.dll
0x00007ff9f2370000 - 0x00007ff9f2509000 	C:\Program Files\Java\jdk1.8.0_202\jre\bin\awt.dll
0x00007ffa4f670000 - 0x00007ffa4f734000 	C:\WINDOWS\System32\OLEAUT32.dll
0x00007ffa49a80000 - 0x00007ffa49b0c000 	C:\WINDOWS\SYSTEM32\apphelp.dll
0x00007ffa49da0000 - 0x00007ffa49e3c000 	C:\WINDOWS\system32\uxtheme.dll
0x00007ffa4eeb0000 - 0x00007ffa4f01b000 	C:\WINDOWS\System32\MSCTF.dll
0x00007ffa49e70000 - 0x00007ffa49e9e000 	C:\WINDOWS\system32\dwmapi.dll
0x00007ffa4bac0000 - 0x00007ffa4bc9b000 	C:\WINDOWS\System32\CRYPT32.dll
0x00007ffa4b880000 - 0x00007ffa4b892000 	C:\WINDOWS\System32\MSASN1.dll
0x00007ffa4d400000 - 0x00007ffa4d555000 	C:\WINDOWS\System32\ole32.dll
0x00007ff9d6640000 - 0x00007ff9d6767000 	C:\WINDOWS\system32\opengl32.dll
0x00007ff9d6610000 - 0x00007ff9d663c000 	C:\WINDOWS\SYSTEM32\GLU32.dll
0x00007ffa41ad0000 - 0x00007ffa41c6e000 	C:\WINDOWS\system32\d3d9.dll
0x00007ffa419e0000 - 0x00007ffa41acf000 	C:\WINDOWS\System32\DriverStore\FileRepository\nv_dispi.inf_amd64_67c16e22f0dab361\nvldumdx.dll
0x00007ffa4bca0000 - 0x00007ffa4bcf9000 	C:\WINDOWS\System32\WINTRUST.DLL
0x00007ffa4cac0000 - 0x00007ffa4cadd000 	C:\WINDOWS\System32\imagehlp.dll
0x00007ffa4abc0000 - 0x00007ffa4abf3000 	C:\WINDOWS\system32\rsaenh.dll
0x00007ffa4bd00000 - 0x00007ffa4bd26000 	C:\WINDOWS\System32\bcrypt.dll
0x00007ff9dcc80000 - 0x00007ff9de182000 	C:\WINDOWS\System32\DriverStore\FileRepository\nv_dispi.inf_amd64_67c16e22f0dab361\nvd3dumx.dll
0x00007ffa061d0000 - 0x00007ffa06491000 	C:\WINDOWS\system32\nvspcap64.dll
0x00007ffa4a930000 - 0x00007ffa4a961000 	C:\WINDOWS\SYSTEM32\ntmarta.dll
0x00007ffa4a460000 - 0x00007ffa4a482000 	C:\WINDOWS\SYSTEM32\gpapi.dll
0x00007ffa40690000 - 0x00007ffa406bf000 	C:\WINDOWS\SYSTEM32\cryptnet.dll
0x00007ffa4ada0000 - 0x00007ffa4ae66000 	C:\WINDOWS\SYSTEM32\DNSAPI.dll
0x00007ffa4ca00000 - 0x00007ffa4ca08000 	C:\WINDOWS\System32\NSI.dll
0x00007ffa4ad60000 - 0x00007ffa4ad9d000 	C:\WINDOWS\SYSTEM32\IPHLPAPI.DLL
0x00007ffa45060000 - 0x00007ffa4506a000 	C:\Windows\System32\rasadhlp.dll
0x00007ffa42060000 - 0x00007ffa420d9000 	C:\WINDOWS\System32\fwpuclnt.dll
0x00007ffa45080000 - 0x00007ffa450c7000 	C:\Program Files\Java\jdk1.8.0_202\jre\bin\fontmanager.dll
0x00007ffa384b0000 - 0x00007ffa38549000 	C:\WINDOWS\system32\RICHED20.DLL
0x00007ffa2b2e0000 - 0x00007ffa2b2f9000 	C:\WINDOWS\SYSTEM32\USP10.dll
0x00007ffa41d60000 - 0x00007ffa41d99000 	C:\WINDOWS\SYSTEM32\msls31.dll
0x00007ffa4eaa0000 - 0x00007ffa4eb42000 	C:\WINDOWS\System32\clbcatq.dll
0x00007ffa24350000 - 0x00007ffa243a6000 	C:\WINDOWS\system32\dataexchange.dll
0x00007ffa48990000 - 0x00007ffa48c0e000 	C:\WINDOWS\system32\d3d11.dll
0x00007ffa491d0000 - 0x00007ffa49393000 	C:\WINDOWS\system32\dcomp.dll
0x00007ffa4a4e0000 - 0x00007ffa4a5a2000 	C:\WINDOWS\system32\dxgi.dll
0x00007ffa49ea0000 - 0x00007ffa4a0ad000 	C:\WINDOWS\system32\twinapi.appcore.dll
0x00007ffa4a0b0000 - 0x00007ffa4a0d8000 	C:\WINDOWS\system32\RMCLIENT.dll
0x00007ff9ce9e0000 - 0x00007ff9ce9f2000 	C:\Program Files\Java\jdk1.8.0_202\jre\bin\nio.dll
0x00007ffa41d10000 - 0x00007ffa41d52000 	C:\Program Files\Java\jdk1.8.0_202\jre\bin\t2k.dll
0x00007ffa2b5f0000 - 0x00007ffa2b685000 	C:\WINDOWS\System32\TextInputFramework.dll
0x00007ffa472a0000 - 0x00007ffa475c2000 	C:\WINDOWS\System32\CoreUIComponents.dll
0x00007ffa49700000 - 0x00007ffa497e2000 	C:\WINDOWS\System32\CoreMessaging.dll
0x00007ffa46fd0000 - 0x00007ffa47123000 	C:\WINDOWS\SYSTEM32\wintypes.dll
0x00007ffa45b20000 - 0x00007ffa45b36000 	C:\WINDOWS\SYSTEM32\dhcpcsvc6.DLL
0x00007ffa45b00000 - 0x00007ffa45b1c000 	C:\WINDOWS\SYSTEM32\dhcpcsvc.DLL
0x00007ffa32e00000 - 0x00007ffa32e16000 	C:\WINDOWS\system32\napinsp.dll
0x00007ffa32de0000 - 0x00007ffa32dfa000 	C:\WINDOWS\system32\pnrpnsp.dll
0x00007ffa32dd0000 - 0x00007ffa32dde000 	C:\WINDOWS\System32\winrnr.dll
0x00007ffa47f20000 - 0x00007ffa47f3b000 	C:\WINDOWS\system32\NLAapi.dll
0x00007ffa32db0000 - 0x00007ffa32dc5000 	C:\WINDOWS\system32\wshbth.dll
0x00007ff9d52c0000 - 0x00007ff9d64ca000 	S:\Documents\Intelligent_Systems\jniortools.dll
0x00007ffa39810000 - 0x00007ffa398ab000 	C:\WINDOWS\SYSTEM32\MSVCP140.dll
0x00007ffa42320000 - 0x00007ffa4250d000 	C:\WINDOWS\SYSTEM32\dbghelp.dll
0x00007ffa393f0000 - 0x00007ffa39405000 	C:\WINDOWS\SYSTEM32\VCRUNTIME140.dll
0x00007ffa46e10000 - 0x00007ffa46fc8000 	C:\WINDOWS\SYSTEM32\WindowsCodecs.dll
0x00007ffa408e0000 - 0x00007ffa40911000 	C:\Program Files\Java\jdk1.8.0_202\jre\bin\jpeg.dll

VM Arguments:
jvm_args: -Djava.library.path=S:\Documents\Intelligent_Systems -javaagent:C:\Program Files\JetBrains\IntelliJ IDEA Community Edition 2019.2\lib\idea_rt.jar=65254:C:\Program Files\JetBrains\IntelliJ IDEA Community Edition 2019.2\bin -Dfile.encoding=UTF-8 
java_command: main.Main
java_class_path (initial): C:\Program Files\Java\jdk1.8.0_202\jre\lib\charsets.jar;C:\Program Files\Java\jdk1.8.0_202\jre\lib\deploy.jar;C:\Program Files\Java\jdk1.8.0_202\jre\lib\ext\access-bridge-64.jar;C:\Program Files\Java\jdk1.8.0_202\jre\lib\ext\cldrdata.jar;C:\Program Files\Java\jdk1.8.0_202\jre\lib\ext\dnsns.jar;C:\Program Files\Java\jdk1.8.0_202\jre\lib\ext\jaccess.jar;C:\Program Files\Java\jdk1.8.0_202\jre\lib\ext\jfxrt.jar;C:\Program Files\Java\jdk1.8.0_202\jre\lib\ext\localedata.jar;C:\Program Files\Java\jdk1.8.0_202\jre\lib\ext\nashorn.jar;C:\Program Files\Java\jdk1.8.0_202\jre\lib\ext\sunec.jar;C:\Program Files\Java\jdk1.8.0_202\jre\lib\ext\sunjce_provider.jar;C:\Program Files\Java\jdk1.8.0_202\jre\lib\ext\sunmscapi.jar;C:\Program Files\Java\jdk1.8.0_202\jre\lib\ext\sunpkcs11.jar;C:\Program Files\Java\jdk1.8.0_202\jre\lib\ext\zipfs.jar;C:\Program Files\Java\jdk1.8.0_202\jre\lib\javaws.jar;C:\Program Files\Java\jdk1.8.0_202\jre\lib\jce.jar;C:\Program Files\Java\jdk1.8.0_202\jre\lib\jfr.jar;C:\Program Files\Java\jdk1.8.0_202\jre\lib\jfxswt.jar;C:\Program Files\Java\jdk1.8.0_202\jre\lib\jsse.jar;C:\Program Files\Java\jdk1.8.0_202\jre\lib\management-agent.jar;C:\Program Files\Java\jdk1.8.0_202\jre\lib\plugin.jar;C:\Program Files\Java\jdk1.8.0_202\jre\lib\resources.jar;C:\Program Files\Java\jdk1.8.0_202\jre\lib\rt.jar;S:\Documents\Intelligent_Systems\Vehicle_Routing_COS30018\out\production\Vehicle_Routing_COS30018;S:\Documents\Intelligent_Systems\com.google.ortools.jar;S:\Documents\Intelligent_Systems\protobuf.jar;S:\Documents\JAVA_LIBRARIES\choco-solver-2.1.2.jar;S:\Documents\JAVA_LIBRARIES\choco-solver-4.10.1.jar;S:\Documents\JAVA_LIBRARIES\mysql-connector-java-5.1.18-bin.jar;S:\Documents\JADE\lib\jade.jar;C:\Program Files\JetBrains\IntelliJ IDEA Community Edition 2019.2\lib\idea_rt.jar
Launcher Type: SUN_STANDARD

Environment Variables:
CLASSPATH=S:\Documents\JADE\lib\jade.jar;S:\Documents\JADE\lib\jadeTools.jar;S:\Documents\JADE\lib\commons-codec\commons-codec-1.3.jar
PATH=C:\Program Files (x86)\Common Files\Oracle\Java\javapath;C:\Program Files\Java\jdk-11.0.2;C:\Program Files (x86)\Intel\Intel(R) Management Engine Components\iCLS\;C:\Program Files\Intel\Intel(R) Management Engine Components\iCLS\;C:\WINDOWS\system32;C:\WINDOWS;C:\WINDOWS\System32\Wbem;C:\WINDOWS\System32\WindowsPowerShell\v1.0\;C:\WINDOWS\System32\OpenSSH\;C:\Program Files (x86)\Intel\Intel(R) Management Engine Components\DAL;C:\Program Files\Intel\Intel(R) Management Engine Components\DAL;C:\Program Files (x86)\Intel\Intel(R) Management Engine Components\IPT;C:\Program Files\Intel\Intel(R) Management Engine Components\IPT;C:\Program Files\NVIDIA Corporation\NVIDIA NvDLISR;C:\Program Files\Git\cmd;C:\Program Files\Microsoft VS Code\bin;C:\Program Files\nodejs\;C:\Program Files\dotnet\;C:\Program Files (x86)\Bitvise SSH Client;C:\Program Files\PuTTY\;C:\Program Files (x86)\NVIDIA Corporation\PhysX\Common;C:\WINDOWS\system32;C:\WINDOWS;C:\WINDOWS\System32\Wbem;C:\WINDOWS\System32\WindowsPowerShell\v1.0\;C:\WINDOWS\System32\OpenSSH\;C:\Program Files\Java\jre1.8.0_201\;C:\Users\KeesTim\AppData\Local\Microsoft\WindowsApps;C:\Users\KeesTim\AppData\Local\atom\bin;C:\Users\KeesTim\AppData\Roaming\npm;C:\Users\KeesTim\AppData\Local\Microsoft\WindowsApps;C:\Program Files\JetBrains\IntelliJ IDEA Community Edition 2019.2\bin;;C:\Program Files\Java\jdk1.8.0_202\bin;C:\Users\KeesTim\AppData\Local\Programs\Python\Python37;C:\Users\KeesTim\AppData\Local\Programs\Python\Python37\Scripts;
USERNAME=KeesTim
OS=Windows_NT
PROCESSOR_IDENTIFIER=Intel64 Family 6 Model 94 Stepping 3, GenuineIntel



---------------  S Y S T E M  ---------------

OS: Windows 10.0 , 64 bit Build 17763 (10.0.17763.475)

CPU:total 4 (initial active 4) (4 cores per cpu, 1 threads per core) family 6 model 94 stepping 3, cmov, cx8, fxsr, mmx, sse, sse2, sse3, ssse3, sse4.1, sse4.2, popcnt, avx, avx2, aes, clmul, erms, rtm, 3dnowpref, lzcnt, tsc, tscinvbit, bmi1, bmi2, adx

Memory: 4k page, physical 16729544k(4620688k free), swap 28263880k(5438440k free)

vm_info: Java HotSpot(TM) 64-Bit Server VM (25.202-b08) for windows-amd64 JRE (1.8.0_202-b08), built on Dec 15 2018 19:54:30 by "java_re" with MS VC++ 10.0 (VS2010)

time: Thu Oct 24 03:41:30 2019
timezone: AUS Eastern Daylight Time
elapsed time: 13 seconds (0d 0h 0m 13s)

