#
# A fatal error has been detected by the Java Runtime Environment:
#
#  EXCEPTION_ACCESS_VIOLATION (0xc0000005) at pc=0x00007ff9d53187c8, pid=26600, tid=0x0000000000006780
#
# JRE version: Java(TM) SE Runtime Environment (8.0_202-b08) (build 1.8.0_202-b08)
# Java VM: Java HotSpot(TM) 64-Bit Server VM (25.202-b08 mixed mode windows-amd64 compressed oops)
# Problematic frame:
# C  [jniortools.dll+0x587c8]
#
# Failed to write core dump. Minidumps are not enabled by default on client versions of Windows
#
# If you would like to submit a bug report, please visit:
#   http://bugreport.java.com/bugreport/crash.jsp
# The crash happened outside the Java Virtual Machine in native code.
# See problematic frame for where to report the bug.
#

---------------  T H R E A D  ---------------

Current thread (0x000000000287c000):  JavaThread "Finalizer" daemon [_thread_in_native, id=26496, stack(0x000000001d140000,0x000000001d240000)]

siginfo: ExceptionCode=0xc0000005, reading address 0x0000000073c17371

Registers:
RAX=0x0000000073c172c1, RBX=0x0000000029cb2cd0, RCX=0x0000000027c139f8, RDX=0x0000000002872c90
RSP=0x000000001d23ef90, RBP=0x0000000000000000, RSI=0x0000000029d2a220, RDI=0x00000000ffffffff
R8 =0x0000000000751200, R9 =0x0000000000008000, R10=0x00000000ffffffff, R11=0x000000001d23ef30
R12=0x0000000000000000, R13=0x0000000000000000, R14=0x0000000000000000, R15=0x0000000029dc6ea8
RIP=0x00007ff9d53187c8, EFLAGS=0x0000000000010206

Top of Stack: (sp=0x000000001d23ef90)
0x000000001d23ef90:   000000002a006020 000000002b21a680
0x000000001d23efa0:   0000000000000000 0000000000000000
0x000000001d23efb0:   fffffffffffffffe 0000000029dc6da0
0x000000001d23efc0:   0000000000000000 00007ff9d5316bed
0x000000001d23efd0:   0000000000000000 00007ff9d60934b0
0x000000001d23efe0:   0000000029dc6ea8 0000000029dc6da0
0x000000001d23eff0:   0000000029d2a2a0 00007ff9d55fc6d5
0x000000001d23f000:   0000000029d2a220 0000000000000000
0x000000001d23f010:   0000000029dc7570 000000000287c400
0x000000001d23f020:   00007ff9d60934b0 00007ff9d56004b8
0x000000001d23f030:   000000001d23f0b9 0000000029dc6da0
0x000000001d23f040:   0000000029dc75c0 000000001d23f0b9
0x000000001d23f050:   00007ff9d60934b0 0000000000000000
0x000000001d23f060:   0000000000000000 0000000000000000
0x000000001d23f070:   0000000000000000 0000000000000000
0x000000001d23f080:   00007ff9d60934b0 0000000000000000 

Instructions: (pc=0x00007ff9d53187c8)
0x00007ff9d53187a8:   cc cc cc cc cc cc cc cc 48 83 ec 38 48 c7 44 24
0x00007ff9d53187b8:   20 fe ff ff ff 48 8b 51 18 48 8b 49 10 48 8b 01
0x00007ff9d53187c8:   ff 90 b0 00 00 00 90 48 83 c4 38 c3 cc cc cc cc
0x00007ff9d53187d8:   cc cc cc cc cc cc cc cc c2 00 00 cc cc cc cc cc 


Register to memory mapping:

RAX=0x0000000073c172c1 is an unknown value
RBX=0x0000000029cb2cd0 is an unknown value
RCX=0x0000000027c139f8 is an unknown value
RDX=0x0000000002872c90 is a global jni handle
RSP=0x000000001d23ef90 is pointing into the stack for thread: 0x000000000287c000
RBP=0x0000000000000000 is an unknown value
RSI=0x0000000029d2a220 is an unknown value
RDI=0x00000000ffffffff is an unknown value
R8 =0x0000000000751200 is an unknown value
R9 =0x0000000000008000 is an unknown value
R10=0x00000000ffffffff is an unknown value
R11=0x000000001d23ef30 is pointing into the stack for thread: 0x000000000287c000
R12=0x0000000000000000 is an unknown value
R13=0x0000000000000000 is an unknown value
R14=0x0000000000000000 is an unknown value
R15=0x0000000029dc6ea8 is an unknown value


Stack: [0x000000001d140000,0x000000001d240000],  sp=0x000000001d23ef90,  free space=1019k
Native frames: (J=compiled Java code, j=interpreted, Vv=VM code, C=native code)

Java frames: (J=compiled Java code, j=interpreted, Vv=VM code)
j  com.google.ortools.constraintsolver.mainJNI.delete_RoutingModel(J)V+0
j  com.google.ortools.constraintsolver.RoutingModel.delete()V+25
j  com.google.ortools.constraintsolver.RoutingModel.finalize()V+1
J 1802 C1 java.lang.ref.Finalizer.runFinalizer(Lsun/misc/JavaLangAccess;)V (62 bytes) @ 0x0000000002e2e954 [0x0000000002e2e3c0+0x594]
J 1800 C1 java.lang.ref.Finalizer.access$100(Ljava/lang/ref/Finalizer;Lsun/misc/JavaLangAccess;)V (6 bytes) @ 0x00000000029a7d5c [0x00000000029a7d00+0x5c]
j  java.lang.ref.Finalizer$FinalizerThread.run()V+45
v  ~StubRoutines::call_stub

---------------  P R O C E S S  ---------------

Java Threads: ( => current thread )
  0x0000000027c16800 JavaThread "TimerQueue" daemon [_thread_blocked, id=5772, stack(0x000000002cff0000,0x000000002d0f0000)]
  0x0000000027c13000 JavaThread "MasterRouteAgent" [_thread_blocked, id=25836, stack(0x000000002cbf0000,0x000000002ccf0000)]
  0x0000000027c0b800 JavaThread "Delivery_Agent9" [_thread_blocked, id=28192, stack(0x000000002caf0000,0x000000002cbf0000)]
  0x0000000027c0c000 JavaThread "Delivery_Agent8" [_thread_blocked, id=26176, stack(0x000000002c9f0000,0x000000002caf0000)]
  0x0000000027c11800 JavaThread "Delivery_Agent7" [_thread_blocked, id=21316, stack(0x000000002c8f0000,0x000000002c9f0000)]
  0x0000000027c10800 JavaThread "Delivery_Agent6" [_thread_blocked, id=19016, stack(0x000000002c7f0000,0x000000002c8f0000)]
  0x0000000027c12000 JavaThread "Delivery_Agent5" [_thread_blocked, id=27896, stack(0x000000002c6f0000,0x000000002c7f0000)]
  0x0000000027c0f000 JavaThread "Delivery_Agent4" [_thread_blocked, id=12404, stack(0x000000002c5f0000,0x000000002c6f0000)]
  0x0000000027c10000 JavaThread "Delivery_Agent3" [_thread_blocked, id=13260, stack(0x000000002c4f0000,0x000000002c5f0000)]
  0x0000000027c0e800 JavaThread "Delivery_Agent2" [_thread_blocked, id=1556, stack(0x000000002c3f0000,0x000000002c4f0000)]
  0x0000000027c08800 JavaThread "Delivery_Agent1" [_thread_blocked, id=20432, stack(0x000000002c2f0000,0x000000002c3f0000)]
  0x0000000027c0a800 JavaThread "Delivery_Agent0" [_thread_blocked, id=24204, stack(0x000000002c1f0000,0x000000002c2f0000)]
  0x0000000027c0a000 JavaThread "DBAgent" [_thread_blocked, id=28004, stack(0x000000002c0f0000,0x000000002c1f0000)]
  0x0000000027c0d800 JavaThread "rma" [_thread_blocked, id=27096, stack(0x000000002bff0000,0x000000002c0f0000)]
  0x0000000027c0d000 JavaThread "df" [_thread_blocked, id=18004, stack(0x000000002bef0000,0x000000002bff0000)]
  0x0000000027c09000 JavaThread "ams" [_thread_blocked, id=18980, stack(0x000000002bdf0000,0x000000002bef0000)]
  0x000000001e0a1800 JavaThread "Thread-13" [_thread_in_native, id=27268, stack(0x000000002bcf0000,0x000000002bdf0000)]
  0x000000001e0a1000 JavaThread "Deliverer-04" [_thread_blocked, id=11600, stack(0x000000002bbf0000,0x000000002bcf0000)]
  0x000000001e0a0000 JavaThread "Deliverer-03" [_thread_blocked, id=27004, stack(0x000000002baf0000,0x000000002bbf0000)]
  0x000000001e0a3000 JavaThread "Deliverer-02" [_thread_blocked, id=15620, stack(0x000000002b9f0000,0x000000002baf0000)]
  0x000000001e09f800 JavaThread "Deliverer-01" [_thread_blocked, id=21388, stack(0x000000002b8f0000,0x000000002b9f0000)]
  0x000000001e0a2800 JavaThread "Deliverer-00" [_thread_blocked, id=27000, stack(0x000000002b7f0000,0x000000002b8f0000)]
  0x000000001e0a4000 JavaThread "Thread-7" [_thread_in_native, id=5756, stack(0x000000002b6f0000,0x000000002b7f0000)]
  0x000000001e0a4800 JavaThread "Thread-6" [_thread_blocked, id=27040, stack(0x000000002b5f0000,0x000000002b6f0000)]
  0x000000001e0a5800 JavaThread "JICPServer-8888" daemon [_thread_in_native, id=20560, stack(0x000000002b4f0000,0x000000002b5f0000)]
  0x000000001e0a6000 JavaThread "JADE Timer dispatcher" [_thread_blocked, id=28068, stack(0x000000002b3f0000,0x000000002b4f0000)]
  0x000000001e27b000 JavaThread "D3D Screen Updater" daemon [_thread_blocked, id=21380, stack(0x000000002a470000,0x000000002a570000)]
  0x000000001e22a800 JavaThread "Thread-1" [_thread_blocked, id=8572, stack(0x0000000029550000,0x0000000029650000)]
  0x0000000002783800 JavaThread "DestroyJavaVM" [_thread_blocked, id=9704, stack(0x0000000002510000,0x0000000002610000)]
  0x000000001e0c9000 JavaThread "AWT-EventQueue-0" [_thread_blocked, id=26276, stack(0x000000001ed60000,0x000000001ee60000)]
  0x000000001e0bf000 JavaThread "AWT-Windows" daemon [_thread_in_native, id=13072, stack(0x000000001ea80000,0x000000001eb80000)]
  0x000000001e0bc000 JavaThread "AWT-Shutdown" [_thread_blocked, id=8768, stack(0x000000001e980000,0x000000001ea80000)]
  0x000000001e0bb800 JavaThread "Java2D Disposer" daemon [_thread_blocked, id=10676, stack(0x000000001e880000,0x000000001e980000)]
  0x000000001bf4d800 JavaThread "Service Thread" daemon [_thread_blocked, id=9716, stack(0x000000001dd40000,0x000000001de40000)]
  0x000000001d651800 JavaThread "C1 CompilerThread2" daemon [_thread_blocked, id=27672, stack(0x000000001dc40000,0x000000001dd40000)]
  0x000000001d650800 JavaThread "C2 CompilerThread1" daemon [_thread_blocked, id=19832, stack(0x000000001db40000,0x000000001dc40000)]
  0x000000001d5a6800 JavaThread "C2 CompilerThread0" daemon [_thread_blocked, id=25428, stack(0x000000001da40000,0x000000001db40000)]
  0x000000001d5a5000 JavaThread "Monitor Ctrl-Break" daemon [_thread_in_native, id=21656, stack(0x000000001d940000,0x000000001da40000)]
  0x000000001befa000 JavaThread "Attach Listener" daemon [_thread_blocked, id=8316, stack(0x000000001d440000,0x000000001d540000)]
  0x000000001bef8800 JavaThread "Signal Dispatcher" daemon [_thread_blocked, id=9928, stack(0x000000001d340000,0x000000001d440000)]
=>0x000000000287c000 JavaThread "Finalizer" daemon [_thread_in_native, id=26496, stack(0x000000001d140000,0x000000001d240000)]
  0x0000000002873000 JavaThread "Reference Handler" daemon [_thread_blocked, id=23168, stack(0x000000001d040000,0x000000001d140000)]

Other Threads:
  0x000000001beb7800 VMThread [stack: 0x000000001cf40000,0x000000001d040000] [id=27220]
  0x000000001d65a800 WatcherThread [stack: 0x000000001de40000,0x000000001df40000] [id=23392]

VM state:not at safepoint (normal execution)

VM Mutex/Monitor currently owned by a thread: None

heap address: 0x00000006c0a00000, size: 4086 MB, Compressed Oops mode: Zero based, Oop shift amount: 3
Narrow klass base: 0x0000000000000000, Narrow klass shift: 3
Compressed class space size: 1073741824 Address: 0x00000007c0000000

Heap:
 PSYoungGen      total 76288K, used 8030K [0x000000076ae00000, 0x0000000770300000, 0x00000007c0000000)
  eden space 65536K, 8% used [0x000000076ae00000,0x000000076b3965d8,0x000000076ee00000)
  from space 10752K, 21% used [0x000000076ee00000,0x000000076f041408,0x000000076f880000)
  to   space 10752K, 0% used [0x000000076f880000,0x000000076f880000,0x0000000770300000)
 ParOldGen       total 72704K, used 7070K [0x00000006c0a00000, 0x00000006c5100000, 0x000000076ae00000)
  object space 72704K, 9% used [0x00000006c0a00000,0x00000006c10e7950,0x00000006c5100000)
 Metaspace       used 24358K, capacity 24808K, committed 24960K, reserved 1071104K
  class space    used 2966K, capacity 3095K, committed 3200K, reserved 1048576K

Card table byte_map: [0x0000000011c40000,0x0000000012440000] byte_map_base: 0x000000000e63b000

Marking Bits: (ParMarkBitMap*) 0x000000006c055ce0
 Begin Bits: [0x0000000012da0000, 0x0000000016d78000)
 End Bits:   [0x0000000016d78000, 0x000000001ad50000)

Polling page: 0x00000000007f0000

CodeCache: size=245760Kb used=9168Kb max_used=9178Kb free=236591Kb
 bounds [0x0000000002880000, 0x0000000003180000, 0x0000000011880000]
 total_blobs=3271 nmethods=2563 adapters=619
 compilation: enabled

Compilation events (10 events):
Event: 42.586 Thread 0x000000001d651800 2742  s!   3       jade.core.LADT$Row::lock (59 bytes)
Event: 42.586 Thread 0x000000001d651800 nmethod 2742 0x0000000003178810 code [0x00000000031789a0, 0x0000000003179088]
Event: 42.586 Thread 0x000000001d651800 2743  s    3       jade.core.LADT$Row::unlock (47 bytes)
Event: 42.586 Thread 0x000000001d651800 nmethod 2743 0x0000000003179210 code [0x0000000003179380, 0x0000000003179848]
Event: 42.636 Thread 0x000000001d650800 2744       4       com.mysql.jdbc.ConnectionPropertiesImpl$BooleanConnectionProperty::getValueAsBoolean (11 bytes)
Event: 42.636 Thread 0x000000001d650800 nmethod 2744 0x000000000317c590 code [0x000000000317c6e0, 0x000000000317c778]
Event: 42.636 Thread 0x000000001d5a6800 2745       4       java.nio.ByteBuffer::<init> (45 bytes)
Event: 42.638 Thread 0x000000001d651800 2746       1       java.lang.ref.Finalizer::access$000 (4 bytes)
Event: 42.638 Thread 0x000000001d651800 nmethod 2746 0x000000000317c310 code [0x000000000317c460, 0x000000000317c550]
Event: 42.638 Thread 0x000000001d651800 2747       3       java.util.HashMap::clear (50 bytes)

GC Heap History (8 events):
Event: 16.619 GC heap before
{Heap before GC invocations=1 (full 0):
 PSYoungGen      total 76288K, used 62926K [0x000000076ae00000, 0x0000000770300000, 0x00000007c0000000)
  eden space 65536K, 96% used [0x000000076ae00000,0x000000076eb73878,0x000000076ee00000)
  from space 10752K, 0% used [0x000000076f880000,0x000000076f880000,0x0000000770300000)
  to   space 10752K, 0% used [0x000000076ee00000,0x000000076ee00000,0x000000076f880000)
 ParOldGen       total 175104K, used 0K [0x00000006c0a00000, 0x00000006cb500000, 0x000000076ae00000)
  object space 175104K, 0% used [0x00000006c0a00000,0x00000006c0a00000,0x00000006cb500000)
 Metaspace       used 14249K, capacity 14464K, committed 14976K, reserved 1062912K
  class space    used 1744K, capacity 1807K, committed 1920K, reserved 1048576K
Event: 16.621 GC heap after
Heap after GC invocations=1 (full 0):
 PSYoungGen      total 76288K, used 3517K [0x000000076ae00000, 0x0000000770300000, 0x00000007c0000000)
  eden space 65536K, 0% used [0x000000076ae00000,0x000000076ae00000,0x000000076ee00000)
  from space 10752K, 32% used [0x000000076ee00000,0x000000076f16f510,0x000000076f880000)
  to   space 10752K, 0% used [0x000000076f880000,0x000000076f880000,0x0000000770300000)
 ParOldGen       total 175104K, used 16K [0x00000006c0a00000, 0x00000006cb500000, 0x000000076ae00000)
  object space 175104K, 0% used [0x00000006c0a00000,0x00000006c0a04000,0x00000006cb500000)
 Metaspace       used 14249K, capacity 14464K, committed 14976K, reserved 1062912K
  class space    used 1744K, capacity 1807K, committed 1920K, reserved 1048576K
}
Event: 23.674 GC heap before
{Heap before GC invocations=2 (full 0):
 PSYoungGen      total 76288K, used 53907K [0x000000076ae00000, 0x0000000770300000, 0x00000007c0000000)
  eden space 65536K, 76% used [0x000000076ae00000,0x000000076df35898,0x000000076ee00000)
  from space 10752K, 32% used [0x000000076ee00000,0x000000076f16f510,0x000000076f880000)
  to   space 10752K, 0% used [0x000000076f880000,0x000000076f880000,0x0000000770300000)
 ParOldGen       total 175104K, used 16K [0x00000006c0a00000, 0x00000006cb500000, 0x000000076ae00000)
  object space 175104K, 0% used [0x00000006c0a00000,0x00000006c0a04000,0x00000006cb500000)
 Metaspace       used 20786K, capacity 21084K, committed 21248K, reserved 1067008K
  class space    used 2618K, capacity 2723K, committed 2816K, reserved 1048576K
Event: 23.680 GC heap after
Heap after GC invocations=2 (full 0):
 PSYoungGen      total 76288K, used 7284K [0x000000076ae00000, 0x0000000770300000, 0x00000007c0000000)
  eden space 65536K, 0% used [0x000000076ae00000,0x000000076ae00000,0x000000076ee00000)
  from space 10752K, 67% used [0x000000076f880000,0x000000076ff9d160,0x0000000770300000)
  to   space 10752K, 0% used [0x000000076ee00000,0x000000076ee00000,0x000000076f880000)
 ParOldGen       total 175104K, used 24K [0x00000006c0a00000, 0x00000006cb500000, 0x000000076ae00000)
  object space 175104K, 0% used [0x00000006c0a00000,0x00000006c0a06000,0x00000006cb500000)
 Metaspace       used 20786K, capacity 21084K, committed 21248K, reserved 1067008K
  class space    used 2618K, capacity 2723K, committed 2816K, reserved 1048576K
}
Event: 23.680 GC heap before
{Heap before GC invocations=3 (full 1):
 PSYoungGen      total 76288K, used 7284K [0x000000076ae00000, 0x0000000770300000, 0x00000007c0000000)
  eden space 65536K, 0% used [0x000000076ae00000,0x000000076ae00000,0x000000076ee00000)
  from space 10752K, 67% used [0x000000076f880000,0x000000076ff9d160,0x0000000770300000)
  to   space 10752K, 0% used [0x000000076ee00000,0x000000076ee00000,0x000000076f880000)
 ParOldGen       total 175104K, used 24K [0x00000006c0a00000, 0x00000006cb500000, 0x000000076ae00000)
  object space 175104K, 0% used [0x00000006c0a00000,0x00000006c0a06000,0x00000006cb500000)
 Metaspace       used 20786K, capacity 21084K, committed 21248K, reserved 1067008K
  class space    used 2618K, capacity 2723K, committed 2816K, reserved 1048576K
Event: 23.702 GC heap after
Heap after GC invocations=3 (full 1):
 PSYoungGen      total 76288K, used 0K [0x000000076ae00000, 0x0000000770300000, 0x00000007c0000000)
  eden space 65536K, 0% used [0x000000076ae00000,0x000000076ae00000,0x000000076ee00000)
  from space 10752K, 0% used [0x000000076f880000,0x000000076f880000,0x0000000770300000)
  to   space 10752K, 0% used [0x000000076ee00000,0x000000076ee00000,0x000000076f880000)
 ParOldGen       total 72704K, used 7062K [0x00000006c0a00000, 0x00000006c5100000, 0x000000076ae00000)
  object space 72704K, 9% used [0x00000006c0a00000,0x00000006c10e5950,0x00000006c5100000)
 Metaspace       used 20774K, capacity 21066K, committed 21248K, reserved 1067008K
  class space    used 2617K, capacity 2720K, committed 2816K, reserved 1048576K
}
Event: 42.637 GC heap before
{Heap before GC invocations=4 (full 1):
 PSYoungGen      total 76288K, used 62818K [0x000000076ae00000, 0x0000000770300000, 0x00000007c0000000)
  eden space 65536K, 95% used [0x000000076ae00000,0x000000076eb58b58,0x000000076ee00000)
  from space 10752K, 0% used [0x000000076f880000,0x000000076f880000,0x0000000770300000)
  to   space 10752K, 0% used [0x000000076ee00000,0x000000076ee00000,0x000000076f880000)
 ParOldGen       total 72704K, used 7062K [0x00000006c0a00000, 0x00000006c5100000, 0x000000076ae00000)
  object space 72704K, 9% used [0x00000006c0a00000,0x00000006c10e5950,0x00000006c5100000)
 Metaspace       used 24356K, capacity 24808K, committed 24960K, reserved 1071104K
  class space    used 2966K, capacity 3095K, committed 3200K, reserved 1048576K
Event: 42.638 GC heap after
Heap after GC invocations=4 (full 1):
 PSYoungGen      total 76288K, used 2309K [0x000000076ae00000, 0x0000000770300000, 0x00000007c0000000)
  eden space 65536K, 0% used [0x000000076ae00000,0x000000076ae00000,0x000000076ee00000)
  from space 10752K, 21% used [0x000000076ee00000,0x000000076f041408,0x000000076f880000)
  to   space 10752K, 0% used [0x000000076f880000,0x000000076f880000,0x0000000770300000)
 ParOldGen       total 72704K, used 7070K [0x00000006c0a00000, 0x00000006c5100000, 0x000000076ae00000)
  object space 72704K, 9% used [0x00000006c0a00000,0x00000006c10e7950,0x00000006c5100000)
 Metaspace       used 24356K, capacity 24808K, committed 24960K, reserved 1071104K
  class space    used 2966K, capacity 3095K, committed 3200K, reserved 1048576K
}

Deoptimization events (10 events):
Event: 23.710 Thread 0x0000000027c0d800 Uncommon trap: reason=unstable_if action=reinterpret pc=0x0000000002d09e38 method=java.lang.CharacterData.of(I)Ljava/lang/CharacterData; @ 4
Event: 23.731 Thread 0x0000000027c0d800 Uncommon trap: reason=unstable_if action=reinterpret pc=0x0000000002e3ecbc method=java.lang.Character.isSurrogate(C)Z @ 3
Event: 24.456 Thread 0x0000000027c0d800 Uncommon trap: reason=unstable_if action=reinterpret pc=0x0000000002dc1bcc method=jade.content.lang.sl.SLParserTokenManager.jjMoveNfa_0(II)I @ 399
Event: 24.469 Thread 0x0000000027c09000 Uncommon trap: reason=unstable_if action=reinterpret pc=0x0000000002d8b7d8 method=jade.content.lang.sl.SimpleSLTokenizer.isAWord(Ljava/lang/String;)Z @ 47
Event: 25.438 Thread 0x0000000027c13800 Uncommon trap: reason=unstable_if action=reinterpret pc=0x0000000002b32a84 method=java.util.HashMap.getNode(ILjava/lang/Object;)Ljava/util/HashMap$Node; @ 62
Event: 25.438 Thread 0x0000000027c13800 Uncommon trap: reason=unstable_if action=reinterpret pc=0x0000000002aeaf78 method=java.util.HashMap.getNode(ILjava/lang/Object;)Ljava/util/HashMap$Node; @ 62
Event: 25.560 Thread 0x0000000027c0a000 Uncommon trap: reason=class_check action=maybe_recompile pc=0x0000000002f46174 method=java.util.HashSet.add(Ljava/lang/Object;)Z @ 8
Event: 25.560 Thread 0x0000000027c0a000 Uncommon trap: reason=class_check action=maybe_recompile pc=0x0000000002f46174 method=java.util.HashSet.add(Ljava/lang/Object;)Z @ 8
Event: 25.560 Thread 0x0000000027c0a000 Uncommon trap: reason=class_check action=maybe_recompile pc=0x0000000002f46174 method=java.util.HashSet.add(Ljava/lang/Object;)Z @ 8
Event: 25.560 Thread 0x0000000027c0a000 Uncommon trap: reason=class_check action=maybe_recompile pc=0x0000000002f46174 method=java.util.HashSet.add(Ljava/lang/Object;)Z @ 8

Classes redefined (0 events):
No events

Internal exceptions (10 events):
Event: 42.576 Thread 0x0000000027c10800 Implicit null exception at 0x000000000316d948 to 0x000000000316df7c
Event: 42.576 Thread 0x0000000027c10800 Exception <a 'java/lang/NullPointerException'> (0x000000076eb38588) thrown at [C:\re\workspace\8-2-build-windows-amd64-cygwin\jdk8u202\12323\hotspot\src\share\vm\runtime\sharedRuntime.cpp, line 605]
Event: 42.578 Thread 0x0000000027c0c000 Implicit null exception at 0x000000000316d948 to 0x000000000316df7c
Event: 42.578 Thread 0x0000000027c0c000 Exception <a 'java/lang/NullPointerException'> (0x000000076e5ff560) thrown at [C:\re\workspace\8-2-build-windows-amd64-cygwin\jdk8u202\12323\hotspot\src\share\vm\runtime\sharedRuntime.cpp, line 605]
Event: 42.586 Thread 0x0000000027c12000 Implicit null exception at 0x000000000316d948 to 0x000000000316df7c
Event: 42.586 Thread 0x0000000027c12000 Exception <a 'java/lang/NullPointerException'> (0x000000076e61fa90) thrown at [C:\re\workspace\8-2-build-windows-amd64-cygwin\jdk8u202\12323\hotspot\src\share\vm\runtime\sharedRuntime.cpp, line 605]
Event: 42.595 Thread 0x0000000027c11800 Implicit null exception at 0x000000000316d948 to 0x000000000316df7c
Event: 42.595 Thread 0x0000000027c11800 Exception <a 'java/lang/NullPointerException'> (0x000000076e6823a0) thrown at [C:\re\workspace\8-2-build-windows-amd64-cygwin\jdk8u202\12323\hotspot\src\share\vm\runtime\sharedRuntime.cpp, line 605]
Event: 42.600 Thread 0x0000000027c0b800 Implicit null exception at 0x000000000316d948 to 0x000000000316df7c
Event: 42.600 Thread 0x0000000027c0b800 Exception <a 'java/lang/NullPointerException'> (0x000000076e641e60) thrown at [C:\re\workspace\8-2-build-windows-amd64-cygwin\jdk8u202\12323\hotspot\src\share\vm\runtime\sharedRuntime.cpp, line 605]

Events (10 events):
Event: 26.626 loading class java/awt/geom/EllipseIterator done
Event: 28.788 Thread 0x0000000027c14800 Thread exited: 0x0000000027c14800
Event: 28.798 Thread 0x0000000027c15000 Thread exited: 0x0000000027c15000
Event: 32.046 Thread 0x000000001d651800 flushing nmethod 0x0000000002a69950
Event: 32.047 Thread 0x000000001d651800 flushing nmethod 0x0000000002ac9e50
Event: 32.048 Thread 0x000000001d651800 flushing nmethod 0x0000000002b290d0
Event: 42.636 Executing VM operation: ParallelGCFailedAllocation
Event: 42.638 Executing VM operation: ParallelGCFailedAllocation done
Event: 42.638 Executing VM operation: RevokeBias
Event: 42.639 Executing VM operation: RevokeBias done


Dynamic libraries:
0x00007ff7d3a90000 - 0x00007ff7d3ac7000 	C:\Program Files\Java\jdk1.8.0_202\bin\java.exe
0x00007ffa4f7e0000 - 0x00007ffa4f9cd000 	C:\WINDOWS\SYSTEM32\ntdll.dll
0x00007ffa2dad0000 - 0x00007ffa2dae4000 	C:\Program Files (x86)\AVG\Antivirus\aswhook.dll
0x00007ffa4cfc0000 - 0x00007ffa4d073000 	C:\WINDOWS\System32\KERNEL32.DLL
0x00007ffa4c760000 - 0x00007ffa4c9f3000 	C:\WINDOWS\System32\KERNELBASE.dll
0x00007ffa4eda0000 - 0x00007ffa4ee43000 	C:\WINDOWS\System32\ADVAPI32.dll
0x00007ffa4eb50000 - 0x00007ffa4ebee000 	C:\WINDOWS\System32\msvcrt.dll
0x00007ffa4f4f0000 - 0x00007ffa4f58e000 	C:\WINDOWS\System32\sechost.dll
0x00007ffa4d080000 - 0x00007ffa4d1a2000 	C:\WINDOWS\System32\RPCRT4.dll
0x00007ffa4f350000 - 0x00007ffa4f4e7000 	C:\WINDOWS\System32\USER32.dll
0x00007ffa4bdd0000 - 0x00007ffa4bdf0000 	C:\WINDOWS\System32\win32u.dll
0x00007ffa4d560000 - 0x00007ffa4d589000 	C:\WINDOWS\System32\GDI32.dll
0x00007ffa4b920000 - 0x00007ffa4bab9000 	C:\WINDOWS\System32\gdi32full.dll
0x00007ffa4bd30000 - 0x00007ffa4bdd0000 	C:\WINDOWS\System32\msvcp_win.dll
0x00007ffa4c610000 - 0x00007ffa4c70a000 	C:\WINDOWS\System32\ucrtbase.dll
0x00007ffa40cb0000 - 0x00007ffa40f29000 	C:\WINDOWS\WinSxS\amd64_microsoft.windows.common-controls_6595b64144ccf1df_6.0.17763.802_none_05b1445c0722d2cc\COMCTL32.dll
0x00007ffa4f020000 - 0x00007ffa4f34c000 	C:\WINDOWS\System32\combase.dll
0x00007ffa4b8a0000 - 0x00007ffa4b91e000 	C:\WINDOWS\System32\bcryptPrimitives.dll
0x00007ffa4d1b0000 - 0x00007ffa4d1de000 	C:\WINDOWS\System32\IMM32.DLL
0x000000006c0e0000 - 0x000000006c1b2000 	C:\Program Files\Java\jdk1.8.0_202\jre\bin\msvcr100.dll
0x000000006b830000 - 0x000000006c0d5000 	C:\Program Files\Java\jdk1.8.0_202\jre\bin\server\jvm.dll
0x00007ffa4f7a0000 - 0x00007ffa4f7a8000 	C:\WINDOWS\System32\PSAPI.DLL
0x00007ffa3ec00000 - 0x00007ffa3ec09000 	C:\WINDOWS\SYSTEM32\WSOCK32.dll
0x00007ffa4d1e0000 - 0x00007ffa4d24d000 	C:\WINDOWS\System32\WS2_32.dll
0x00007ffa49950000 - 0x00007ffa49974000 	C:\WINDOWS\SYSTEM32\WINMM.dll
0x00007ffa47630000 - 0x00007ffa4763a000 	C:\WINDOWS\SYSTEM32\VERSION.dll
0x00007ffa49800000 - 0x00007ffa4982d000 	C:\WINDOWS\SYSTEM32\WINMMBASE.dll
0x00007ffa4c710000 - 0x00007ffa4c75a000 	C:\WINDOWS\System32\cfgmgr32.dll
0x00007ffa05e80000 - 0x00007ffa05e8f000 	C:\Program Files\Java\jdk1.8.0_202\jre\bin\verify.dll
0x00007ff9cea40000 - 0x00007ff9cea69000 	C:\Program Files\Java\jdk1.8.0_202\jre\bin\java.dll
0x00007ffa450e0000 - 0x00007ffa45103000 	C:\Program Files\Java\jdk1.8.0_202\jre\bin\instrument.dll
0x00007ff9cea20000 - 0x00007ff9cea36000 	C:\Program Files\Java\jdk1.8.0_202\jre\bin\zip.dll
0x00007ffa4d590000 - 0x00007ffa4ea84000 	C:\WINDOWS\System32\SHELL32.dll
0x00007ffa4ca10000 - 0x00007ffa4cab8000 	C:\WINDOWS\System32\shcore.dll
0x00007ffa4bec0000 - 0x00007ffa4c60d000 	C:\WINDOWS\System32\windows.storage.dll
0x00007ffa4b7d0000 - 0x00007ffa4b7f4000 	C:\WINDOWS\System32\profapi.dll
0x00007ffa4b820000 - 0x00007ffa4b87d000 	C:\WINDOWS\System32\powrprof.dll
0x00007ffa4f610000 - 0x00007ffa4f662000 	C:\WINDOWS\System32\shlwapi.dll
0x00007ffa4b800000 - 0x00007ffa4b811000 	C:\WINDOWS\System32\kernel.appcore.dll
0x00007ffa4bdf0000 - 0x00007ffa4be07000 	C:\WINDOWS\System32\cryptsp.dll
0x00007ffa45190000 - 0x00007ffa451aa000 	C:\Program Files\JetBrains\IntelliJ IDEA Community Edition 2019.2\bin\breakgen64.dll
0x00007ff9cea00000 - 0x00007ff9cea1a000 	C:\Program Files\Java\jdk1.8.0_202\jre\bin\net.dll
0x00007ffa3ff70000 - 0x00007ffa40147000 	C:\WINDOWS\SYSTEM32\urlmon.dll
0x00007ffa3fcc0000 - 0x00007ffa3ff68000 	C:\WINDOWS\SYSTEM32\iertutil.dll
0x00007ffa4b210000 - 0x00007ffa4b21c000 	C:\WINDOWS\SYSTEM32\CRYPTBASE.DLL
0x00007ffa4b040000 - 0x00007ffa4b0a7000 	C:\WINDOWS\system32\mswsock.dll
0x00007ffa24940000 - 0x00007ffa24ad9000 	C:\Program Files\Java\jdk1.8.0_202\jre\bin\awt.dll
0x00007ffa4f670000 - 0x00007ffa4f734000 	C:\WINDOWS\System32\OLEAUT32.dll
0x00007ffa49a80000 - 0x00007ffa49b0c000 	C:\WINDOWS\SYSTEM32\apphelp.dll
0x00007ffa49da0000 - 0x00007ffa49e3c000 	C:\WINDOWS\system32\uxtheme.dll
0x00007ffa4eeb0000 - 0x00007ffa4f01b000 	C:\WINDOWS\System32\MSCTF.dll
0x00007ffa49e70000 - 0x00007ffa49e9e000 	C:\WINDOWS\system32\dwmapi.dll
0x00007ffa4bac0000 - 0x00007ffa4bc9b000 	C:\WINDOWS\System32\CRYPT32.dll
0x00007ffa4b880000 - 0x00007ffa4b892000 	C:\WINDOWS\System32\MSASN1.dll
0x00007ffa4d400000 - 0x00007ffa4d555000 	C:\WINDOWS\System32\ole32.dll
0x00007ff9d6640000 - 0x00007ff9d6767000 	C:\WINDOWS\system32\opengl32.dll
0x00007ff9d6610000 - 0x00007ff9d663c000 	C:\WINDOWS\SYSTEM32\GLU32.dll
0x00007ffa41ad0000 - 0x00007ffa41c6e000 	C:\WINDOWS\system32\d3d9.dll
0x00007ffa419e0000 - 0x00007ffa41acf000 	C:\WINDOWS\System32\DriverStore\FileRepository\nv_dispi.inf_amd64_67c16e22f0dab361\nvldumdx.dll
0x00007ffa4bca0000 - 0x00007ffa4bcf9000 	C:\WINDOWS\System32\WINTRUST.DLL
0x00007ffa4cac0000 - 0x00007ffa4cadd000 	C:\WINDOWS\System32\imagehlp.dll
0x00007ffa4abc0000 - 0x00007ffa4abf3000 	C:\WINDOWS\system32\rsaenh.dll
0x00007ffa4bd00000 - 0x00007ffa4bd26000 	C:\WINDOWS\System32\bcrypt.dll
0x00007ff9dcc80000 - 0x00007ff9de182000 	C:\WINDOWS\System32\DriverStore\FileRepository\nv_dispi.inf_amd64_67c16e22f0dab361\nvd3dumx.dll
0x00007ffa061d0000 - 0x00007ffa06491000 	C:\WINDOWS\system32\nvspcap64.dll
0x00007ffa4a930000 - 0x00007ffa4a961000 	C:\WINDOWS\SYSTEM32\ntmarta.dll
0x00007ffa4a460000 - 0x00007ffa4a482000 	C:\WINDOWS\SYSTEM32\gpapi.dll
0x00007ffa40690000 - 0x00007ffa406bf000 	C:\WINDOWS\SYSTEM32\cryptnet.dll
0x00007ffa4ada0000 - 0x00007ffa4ae66000 	C:\WINDOWS\SYSTEM32\DNSAPI.dll
0x00007ffa4ca00000 - 0x00007ffa4ca08000 	C:\WINDOWS\System32\NSI.dll
0x00007ffa4ad60000 - 0x00007ffa4ad9d000 	C:\WINDOWS\SYSTEM32\IPHLPAPI.DLL
0x00007ffa45060000 - 0x00007ffa4506a000 	C:\Windows\System32\rasadhlp.dll
0x00007ffa42060000 - 0x00007ffa420d9000 	C:\WINDOWS\System32\fwpuclnt.dll
0x00007ffa41250000 - 0x00007ffa41297000 	C:\Program Files\Java\jdk1.8.0_202\jre\bin\fontmanager.dll
0x00007ffa2d3e0000 - 0x00007ffa2d479000 	C:\WINDOWS\system32\RICHED20.DLL
0x00007ffa2b2e0000 - 0x00007ffa2b2f9000 	C:\WINDOWS\SYSTEM32\USP10.dll
0x00007ffa451b0000 - 0x00007ffa451e9000 	C:\WINDOWS\SYSTEM32\msls31.dll
0x00007ffa4eaa0000 - 0x00007ffa4eb42000 	C:\WINDOWS\System32\clbcatq.dll
0x00007ffa24350000 - 0x00007ffa243a6000 	C:\WINDOWS\system32\dataexchange.dll
0x00007ffa48990000 - 0x00007ffa48c0e000 	C:\WINDOWS\system32\d3d11.dll
0x00007ffa491d0000 - 0x00007ffa49393000 	C:\WINDOWS\system32\dcomp.dll
0x00007ffa4a4e0000 - 0x00007ffa4a5a2000 	C:\WINDOWS\system32\dxgi.dll
0x00007ffa49ea0000 - 0x00007ffa4a0ad000 	C:\WINDOWS\system32\twinapi.appcore.dll
0x00007ffa4a0b0000 - 0x00007ffa4a0d8000 	C:\WINDOWS\system32\RMCLIENT.dll
0x00007ff9ce9e0000 - 0x00007ff9ce9f2000 	C:\Program Files\Java\jdk1.8.0_202\jre\bin\nio.dll
0x00007ffa41200000 - 0x00007ffa41242000 	C:\Program Files\Java\jdk1.8.0_202\jre\bin\t2k.dll
0x00007ffa2b5f0000 - 0x00007ffa2b685000 	C:\WINDOWS\System32\TextInputFramework.dll
0x00007ffa472a0000 - 0x00007ffa475c2000 	C:\WINDOWS\System32\CoreUIComponents.dll
0x00007ffa49700000 - 0x00007ffa497e2000 	C:\WINDOWS\System32\CoreMessaging.dll
0x00007ffa46fd0000 - 0x00007ffa47123000 	C:\WINDOWS\SYSTEM32\wintypes.dll
0x00007ffa45b20000 - 0x00007ffa45b36000 	C:\WINDOWS\SYSTEM32\dhcpcsvc6.DLL
0x00007ffa45b00000 - 0x00007ffa45b1c000 	C:\WINDOWS\SYSTEM32\dhcpcsvc.DLL
0x00007ffa32e00000 - 0x00007ffa32e16000 	C:\WINDOWS\system32\napinsp.dll
0x00007ffa32de0000 - 0x00007ffa32dfa000 	C:\WINDOWS\system32\pnrpnsp.dll
0x00007ffa32dd0000 - 0x00007ffa32dde000 	C:\WINDOWS\System32\winrnr.dll
0x00007ffa47f20000 - 0x00007ffa47f3b000 	C:\WINDOWS\system32\NLAapi.dll
0x00007ffa32db0000 - 0x00007ffa32dc5000 	C:\WINDOWS\system32\wshbth.dll
0x00007ff9d52c0000 - 0x00007ff9d64ca000 	S:\Documents\Intelligent_Systems\jniortools.dll
0x00007ffa39810000 - 0x00007ffa398ab000 	C:\WINDOWS\SYSTEM32\MSVCP140.dll
0x00007ffa42320000 - 0x00007ffa4250d000 	C:\WINDOWS\SYSTEM32\dbghelp.dll
0x00007ffa393f0000 - 0x00007ffa39405000 	C:\WINDOWS\SYSTEM32\VCRUNTIME140.dll
0x00007ffa46e10000 - 0x00007ffa46fc8000 	C:\WINDOWS\SYSTEM32\WindowsCodecs.dll
0x00007ffa42610000 - 0x00007ffa42641000 	C:\Program Files\Java\jdk1.8.0_202\jre\bin\jpeg.dll

VM Arguments:
jvm_args: -Djava.library.path=S:\Documents\Intelligent_Systems -javaagent:C:\Program Files\JetBrains\IntelliJ IDEA Community Edition 2019.2\lib\idea_rt.jar=52415:C:\Program Files\JetBrains\IntelliJ IDEA Community Edition 2019.2\bin -Dfile.encoding=UTF-8 
java_command: main.Main
java_class_path (initial): C:\Program Files\Java\jdk1.8.0_202\jre\lib\charsets.jar;C:\Program Files\Java\jdk1.8.0_202\jre\lib\deploy.jar;C:\Program Files\Java\jdk1.8.0_202\jre\lib\ext\access-bridge-64.jar;C:\Program Files\Java\jdk1.8.0_202\jre\lib\ext\cldrdata.jar;C:\Program Files\Java\jdk1.8.0_202\jre\lib\ext\dnsns.jar;C:\Program Files\Java\jdk1.8.0_202\jre\lib\ext\jaccess.jar;C:\Program Files\Java\jdk1.8.0_202\jre\lib\ext\jfxrt.jar;C:\Program Files\Java\jdk1.8.0_202\jre\lib\ext\localedata.jar;C:\Program Files\Java\jdk1.8.0_202\jre\lib\ext\nashorn.jar;C:\Program Files\Java\jdk1.8.0_202\jre\lib\ext\sunec.jar;C:\Program Files\Java\jdk1.8.0_202\jre\lib\ext\sunjce_provider.jar;C:\Program Files\Java\jdk1.8.0_202\jre\lib\ext\sunmscapi.jar;C:\Program Files\Java\jdk1.8.0_202\jre\lib\ext\sunpkcs11.jar;C:\Program Files\Java\jdk1.8.0_202\jre\lib\ext\zipfs.jar;C:\Program Files\Java\jdk1.8.0_202\jre\lib\javaws.jar;C:\Program Files\Java\jdk1.8.0_202\jre\lib\jce.jar;C:\Program Files\Java\jdk1.8.0_202\jre\lib\jfr.jar;C:\Program Files\Java\jdk1.8.0_202\jre\lib\jfxswt.jar;C:\Program Files\Java\jdk1.8.0_202\jre\lib\jsse.jar;C:\Program Files\Java\jdk1.8.0_202\jre\lib\management-agent.jar;C:\Program Files\Java\jdk1.8.0_202\jre\lib\plugin.jar;C:\Program Files\Java\jdk1.8.0_202\jre\lib\resources.jar;C:\Program Files\Java\jdk1.8.0_202\jre\lib\rt.jar;S:\Documents\Intelligent_Systems\Vehicle_Routing_COS30018\out\production\Vehicle_Routing_COS30018;S:\Documents\Intelligent_Systems\com.google.ortools.jar;S:\Documents\Intelligent_Systems\protobuf.jar;S:\Documents\JAVA_LIBRARIES\choco-solver-2.1.2.jar;S:\Documents\JAVA_LIBRARIES\choco-solver-4.10.1.jar;S:\Documents\JAVA_LIBRARIES\mysql-connector-java-5.1.18-bin.jar;S:\Documents\JADE\lib\jade.jar;C:\Program Files\JetBrains\IntelliJ IDEA Community Edition 2019.2\lib\idea_rt.jar
Launcher Type: SUN_STANDARD

Environment Variables:
CLASSPATH=S:\Documents\JADE\lib\jade.jar;S:\Documents\JADE\lib\jadeTools.jar;S:\Documents\JADE\lib\commons-codec\commons-codec-1.3.jar
PATH=C:\Program Files (x86)\Common Files\Oracle\Java\javapath;C:\Program Files\Java\jdk-11.0.2;C:\Program Files (x86)\Intel\Intel(R) Management Engine Components\iCLS\;C:\Program Files\Intel\Intel(R) Management Engine Components\iCLS\;C:\WINDOWS\system32;C:\WINDOWS;C:\WINDOWS\System32\Wbem;C:\WINDOWS\System32\WindowsPowerShell\v1.0\;C:\WINDOWS\System32\OpenSSH\;C:\Program Files (x86)\Intel\Intel(R) Management Engine Components\DAL;C:\Program Files\Intel\Intel(R) Management Engine Components\DAL;C:\Program Files (x86)\Intel\Intel(R) Management Engine Components\IPT;C:\Program Files\Intel\Intel(R) Management Engine Components\IPT;C:\Program Files\NVIDIA Corporation\NVIDIA NvDLISR;C:\Program Files\Git\cmd;C:\Program Files\Microsoft VS Code\bin;C:\Program Files\nodejs\;C:\Program Files\dotnet\;C:\Program Files (x86)\Bitvise SSH Client;C:\Program Files\PuTTY\;C:\Program Files (x86)\NVIDIA Corporation\PhysX\Common;C:\WINDOWS\system32;C:\WINDOWS;C:\WINDOWS\System32\Wbem;C:\WINDOWS\System32\WindowsPowerShell\v1.0\;C:\WINDOWS\System32\OpenSSH\;C:\Program Files\Java\jre1.8.0_201\;C:\Users\KeesTim\AppData\Local\Microsoft\WindowsApps;C:\Users\KeesTim\AppData\Local\atom\bin;C:\Users\KeesTim\AppData\Roaming\npm;C:\Users\KeesTim\AppData\Local\Microsoft\WindowsApps;C:\Program Files\JetBrains\IntelliJ IDEA Community Edition 2019.2\bin;;C:\Program Files\Java\jdk1.8.0_202\bin;C:\Users\KeesTim\AppData\Local\Programs\Python\Python37;C:\Users\KeesTim\AppData\Local\Programs\Python\Python37\Scripts;
USERNAME=KeesTim
OS=Windows_NT
PROCESSOR_IDENTIFIER=Intel64 Family 6 Model 94 Stepping 3, GenuineIntel



---------------  S Y S T E M  ---------------

OS: Windows 10.0 , 64 bit Build 17763 (10.0.17763.475)

CPU:total 4 (initial active 4) (4 cores per cpu, 1 threads per core) family 6 model 94 stepping 3, cmov, cx8, fxsr, mmx, sse, sse2, sse3, ssse3, sse4.1, sse4.2, popcnt, avx, avx2, aes, clmul, erms, rtm, 3dnowpref, lzcnt, tsc, tscinvbit, bmi1, bmi2, adx

Memory: 4k page, physical 16729544k(5301256k free), swap 28263880k(4434560k free)

vm_info: Java HotSpot(TM) 64-Bit Server VM (25.202-b08) for windows-amd64 JRE (1.8.0_202-b08), built on Dec 15 2018 19:54:30 by "java_re" with MS VC++ 10.0 (VS2010)

time: Thu Oct 24 14:30:05 2019
timezone: AUS Eastern Daylight Time
elapsed time: 42 seconds (0d 0h 0m 42s)

