#
# A fatal error has been detected by the Java Runtime Environment:
#
#  EXCEPTION_ACCESS_VIOLATION (0xc0000005) at pc=0x000000006b96f01d, pid=39576, tid=0x00000000000043d8
#
# JRE version: Java(TM) SE Runtime Environment (8.0_202-b08) (build 1.8.0_202-b08)
# Java VM: Java HotSpot(TM) 64-Bit Server VM (25.202-b08 mixed mode windows-amd64 compressed oops)
# Problematic frame:
# V  [jvm.dll+0x13f01d]
#
# Failed to write core dump. Minidumps are not enabled by default on client versions of Windows
#
# If you would like to submit a bug report, please visit:
#   http://bugreport.java.com/bugreport/crash.jsp
# The crash happened outside the Java Virtual Machine in native code.
# See problematic frame for where to report the bug.
#

---------------  T H R E A D  ---------------

Current thread (0x00000000024bb800):  JavaThread "Finalizer" daemon [_thread_in_native, id=17368, stack(0x000000001cdc0000,0x000000001cec0000)]

siginfo: ExceptionCode=0xc0000005, writing address 0x0000000000000270

Registers:
RAX=0x000000000000dead, RBX=0x0000000000000000, RCX=0x000000001e4e3800, RDX=0x000000001d4ed4d8
RSP=0x000000001cebeac0, RBP=0x0000000000000000, RSI=0x0000000027b5c190, RDI=0x000000001d4ed4d8
R8 =0x0000000000611200, R9 =0x0000000000008000, R10=0x00000000ffffffff, R11=0x000000001cebea90
R12=0x0000000000000000, R13=0x0000000000000000, R14=0x0000000000000000, R15=0x0000000027be8538
RIP=0x000000006b96f01d, EFLAGS=0x0000000000010246

Top of Stack: (sp=0x000000001cebeac0)
0x000000001cebeac0:   00000000006b0000 0000000027b39fd0
0x000000001cebead0:   0000000000000000 0000000000000000
0x000000001cebeae0:   00000000ffffffff 00007ff9b97e87ce
0x000000001cebeaf0:   0000000027b2fca0 0000000027b5c190
0x000000001cebeb00:   0000000000000000 0000000000000000
0x000000001cebeb10:   fffffffffffffffe 0000000027be8430
0x000000001cebeb20:   0000000000000000 00007ff9b97e6bed
0x000000001cebeb30:   0000000000000000 00007ff9ba5634b0
0x000000001cebeb40:   0000000027be8538 0000000027be8430
0x000000001cebeb50:   0000000027b5c210 00007ff9b9acc6d5
0x000000001cebeb60:   0000000027b5c190 0000000000000000
0x000000001cebeb70:   0000000027be8c00 00000000024bc380
0x000000001cebeb80:   00007ff9ba5634b0 00007ff9b9ad04b8
0x000000001cebeb90:   000000001cebec19 0000000027be8430
0x000000001cebeba0:   0000000027be8c50 000000001cebec19
0x000000001cebebb0:   00007ff9ba5634b0 0000000000000000 

Instructions: (pc=0x000000006b96f01d)
0x000000006b96effd:   8b fa 3d ab de 00 00 74 17 8b 83 88 02 00 00 3d
0x000000006b96f00d:   ac de 00 00 74 0a 48 8b cb e8 65 03 10 00 33 db
0x000000006b96f01d:   c7 83 70 02 00 00 05 00 00 00 83 3d 9a 86 6d 00
0x000000006b96f02d:   01 75 09 80 3d 0c 79 6d 00 00 74 18 80 3d 04 79 


Register to memory mapping:

RAX=0x000000000000dead is an unknown value
RBX=0x0000000000000000 is an unknown value
RCX=0x000000001e4e3800 is an unknown value
RDX=0x000000001d4ed4d8 is a global jni handle
RSP=0x000000001cebeac0 is pointing into the stack for thread: 0x00000000024bb800
RBP=0x0000000000000000 is an unknown value
RSI=0x0000000027b5c190 is an unknown value
RDI=0x000000001d4ed4d8 is a global jni handle
R8 =0x0000000000611200 is an unknown value
R9 =0x0000000000008000 is an unknown value
R10=0x00000000ffffffff is an unknown value
R11=0x000000001cebea90 is pointing into the stack for thread: 0x00000000024bb800
R12=0x0000000000000000 is an unknown value
R13=0x0000000000000000 is an unknown value
R14=0x0000000000000000 is an unknown value
R15=0x0000000027be8538 is an unknown value


Stack: [0x000000001cdc0000,0x000000001cec0000],  sp=0x000000001cebeac0,  free space=1018k
Native frames: (J=compiled Java code, j=interpreted, Vv=VM code, C=native code)

Java frames: (J=compiled Java code, j=interpreted, Vv=VM code)
j  com.google.ortools.constraintsolver.mainJNI.delete_RoutingModel(J)V+0
j  com.google.ortools.constraintsolver.RoutingModel.delete()V+25
j  com.google.ortools.constraintsolver.RoutingModel.finalize()V+1
J 1202 C1 java.lang.ref.Finalizer.runFinalizer(Lsun/misc/JavaLangAccess;)V (62 bytes) @ 0x000000000291e7d4 [0x000000000291e240+0x594]
J 1201 C1 java.lang.ref.Finalizer.access$100(Ljava/lang/ref/Finalizer;Lsun/misc/JavaLangAccess;)V (6 bytes) @ 0x000000000291dedc [0x000000000291de80+0x5c]
j  java.lang.ref.Finalizer$FinalizerThread.run()V+45
v  ~StubRoutines::call_stub

---------------  P R O C E S S  ---------------

Java Threads: ( => current thread )
  0x000000001e4e8000 JavaThread "MasterRouteAgent" [_thread_blocked, id=27456, stack(0x000000002b350000,0x000000002b450000)]
  0x000000001e4e2800 JavaThread "Delivery_Agent9" [_thread_blocked, id=32224, stack(0x000000002b250000,0x000000002b350000)]
  0x000000001e4db000 JavaThread "Delivery_Agent8" [_thread_blocked, id=38556, stack(0x000000002b150000,0x000000002b250000)]
  0x000000001e4e2000 JavaThread "Delivery_Agent7" [_thread_blocked, id=39756, stack(0x000000002b050000,0x000000002b150000)]
  0x000000001e4de000 JavaThread "Delivery_Agent6" [_thread_blocked, id=38452, stack(0x000000002af50000,0x000000002b050000)]
  0x000000001e4e0800 JavaThread "Delivery_Agent5" [_thread_blocked, id=36276, stack(0x000000002ae50000,0x000000002af50000)]
  0x000000001e4e1000 JavaThread "Delivery_Agent4" [_thread_blocked, id=34900, stack(0x000000002ad50000,0x000000002ae50000)]
  0x000000001e4df000 JavaThread "Delivery_Agent3" [_thread_blocked, id=38440, stack(0x000000002ac50000,0x000000002ad50000)]
  0x000000001e4d9800 JavaThread "Delivery_Agent2" [_thread_blocked, id=39344, stack(0x000000002ab50000,0x000000002ac50000)]
  0x000000001e4df800 JavaThread "Delivery_Agent1" [_thread_blocked, id=38196, stack(0x000000002aa50000,0x000000002ab50000)]
  0x000000001e4dc000 JavaThread "Delivery_Agent0" [_thread_blocked, id=34908, stack(0x000000002a950000,0x000000002aa50000)]
  0x000000001e4dd800 JavaThread "DBAgent" [_thread_blocked, id=39352, stack(0x000000002a650000,0x000000002a750000)]
  0x000000001e4dc800 JavaThread "rma" [_thread_blocked, id=39456, stack(0x000000002a550000,0x000000002a650000)]
  0x000000001e4da800 JavaThread "df" [_thread_blocked, id=39464, stack(0x000000002a450000,0x000000002a550000)]
  0x000000001e4d9000 JavaThread "ams" [_thread_blocked, id=25612, stack(0x000000002a350000,0x000000002a450000)]
  0x000000001d4e6800 JavaThread "Thread-13" [_thread_in_native, id=39680, stack(0x000000002a250000,0x000000002a350000)]
  0x000000001d4e4800 JavaThread "Deliverer-04" [_thread_blocked, id=39396, stack(0x000000002a150000,0x000000002a250000)]
  0x000000001d4e3000 JavaThread "Deliverer-03" [_thread_blocked, id=39384, stack(0x000000002a050000,0x000000002a150000)]
  0x000000001d4e7800 JavaThread "Deliverer-02" [_thread_blocked, id=26420, stack(0x0000000029f50000,0x000000002a050000)]
  0x000000001d4e9800 JavaThread "Deliverer-01" [_thread_blocked, id=38944, stack(0x0000000029e50000,0x0000000029f50000)]
  0x000000001d4e6000 JavaThread "Deliverer-00" [_thread_blocked, id=38924, stack(0x0000000029d50000,0x0000000029e50000)]
  0x000000001d4e9000 JavaThread "Thread-7" [_thread_in_native, id=24376, stack(0x0000000029c50000,0x0000000029d50000)]
  0x000000001d4e5000 JavaThread "Thread-6" [_thread_blocked, id=39496, stack(0x0000000029b50000,0x0000000029c50000)]
  0x000000001d4e8000 JavaThread "JICPServer-8888" daemon [_thread_in_native, id=39528, stack(0x0000000029a50000,0x0000000029b50000)]
  0x000000001d4e3800 JavaThread "JADE Timer dispatcher" [_thread_blocked, id=39752, stack(0x0000000029950000,0x0000000029a50000)]
  0x000000001df0e800 JavaThread "D3D Screen Updater" daemon [_thread_blocked, id=32188, stack(0x0000000028720000,0x0000000028820000)]
  0x000000001ddee800 JavaThread "Thread-1" [_thread_blocked, id=39548, stack(0x0000000028000000,0x0000000028100000)]
  0x00000000023c3800 JavaThread "DestroyJavaVM" [_thread_blocked, id=39916, stack(0x00000000020f0000,0x00000000021f0000)]
  0x000000001d58f800 JavaThread "AWT-EventQueue-0" [_thread_blocked, id=39420, stack(0x000000001e8e0000,0x000000001e9e0000)]
  0x000000001d58f000 JavaThread "AWT-Windows" daemon [_thread_in_native, id=39416, stack(0x000000001e700000,0x000000001e800000)]
  0x000000001d58a800 JavaThread "AWT-Shutdown" [_thread_blocked, id=36968, stack(0x000000001e600000,0x000000001e700000)]
  0x000000001d588800 JavaThread "Java2D Disposer" daemon [_thread_blocked, id=39472, stack(0x000000001e500000,0x000000001e600000)]
  0x000000001d2cd800 JavaThread "Service Thread" daemon [_thread_blocked, id=39448, stack(0x000000001d9c0000,0x000000001dac0000)]
  0x000000001d222000 JavaThread "C1 CompilerThread2" daemon [_thread_blocked, id=21388, stack(0x000000001d8c0000,0x000000001d9c0000)]
  0x000000001d220000 JavaThread "C2 CompilerThread1" daemon [_thread_blocked, id=39428, stack(0x000000001d7c0000,0x000000001d8c0000)]
  0x000000001d21d000 JavaThread "C2 CompilerThread0" daemon [_thread_blocked, id=39172, stack(0x000000001d6c0000,0x000000001d7c0000)]
  0x000000001d1fc800 JavaThread "Monitor Ctrl-Break" daemon [_thread_in_native, id=39424, stack(0x000000001d5c0000,0x000000001d6c0000)]
  0x000000001bb39800 JavaThread "Attach Listener" daemon [_thread_blocked, id=35036, stack(0x000000001d0c0000,0x000000001d1c0000)]
  0x000000001bb38800 JavaThread "Signal Dispatcher" daemon [_thread_blocked, id=9536, stack(0x000000001cfc0000,0x000000001d0c0000)]
=>0x00000000024bb800 JavaThread "Finalizer" daemon [_thread_in_native, id=17368, stack(0x000000001cdc0000,0x000000001cec0000)]
  0x00000000024b3000 JavaThread "Reference Handler" daemon [_thread_blocked, id=30692, stack(0x000000001ccc0000,0x000000001cdc0000)]

Other Threads:
  0x000000001baf7800 VMThread [stack: 0x000000001cbc0000,0x000000001ccc0000] [id=34872]
  0x000000001d239800 WatcherThread [stack: 0x000000001dac0000,0x000000001dbc0000] [id=39484]

VM state:not at safepoint (normal execution)

VM Mutex/Monitor currently owned by a thread: None

heap address: 0x00000006c0a00000, size: 4086 MB, Compressed Oops mode: Zero based, Oop shift amount: 3
Narrow klass base: 0x0000000000000000, Narrow klass shift: 3
Compressed class space size: 1073741824 Address: 0x00000007c0000000

Heap:
 PSYoungGen      total 76288K, used 8178K [0x000000076ae00000, 0x0000000770300000, 0x00000007c0000000)
  eden space 65536K, 9% used [0x000000076ae00000,0x000000076b3e3428,0x000000076ee00000)
  from space 10752K, 19% used [0x000000076ee00000,0x000000076f019408,0x000000076f880000)
  to   space 10752K, 0% used [0x000000076f880000,0x000000076f880000,0x0000000770300000)
 ParOldGen       total 71168K, used 5371K [0x00000006c0a00000, 0x00000006c4f80000, 0x000000076ae00000)
  object space 71168K, 7% used [0x00000006c0a00000,0x00000006c0f3ed70,0x00000006c4f80000)
 Metaspace       used 24220K, capacity 24624K, committed 24832K, reserved 1071104K
  class space    used 2955K, capacity 3059K, committed 3072K, reserved 1048576K

Card table byte_map: [0x0000000011880000,0x0000000012080000] byte_map_base: 0x000000000e27b000

Marking Bits: (ParMarkBitMap*) 0x000000006c055ce0
 Begin Bits: [0x00000000129e0000, 0x00000000169b8000)
 End Bits:   [0x00000000169b8000, 0x000000001a990000)

Polling page: 0x00000000006a0000

CodeCache: size=245760Kb used=8845Kb max_used=8845Kb free=236914Kb
 bounds [0x00000000024c0000, 0x0000000002d70000, 0x00000000114c0000]
 total_blobs=3212 nmethods=2504 adapters=619
 compilation: enabled

Compilation events (10 events):
Event: 30.148 Thread 0x000000001d222000 2659  s!   3       jade.lang.acl.ACLMessage::clone (224 bytes)
Event: 30.149 Thread 0x000000001d222000 nmethod 2659 0x0000000002d670d0 code [0x0000000002d674a0, 0x0000000002d69808]
Event: 30.149 Thread 0x000000001d222000 2661       3       jade.core.messaging.GenericMessage::<init> (37 bytes)
Event: 30.149 Thread 0x000000001d222000 nmethod 2661 0x0000000002d57cd0 code [0x0000000002d57e20, 0x0000000002d58010]
Event: 30.149 Thread 0x000000001d222000 2662   !   3       jade.core.AgentContainerImpl::initCredentials (71 bytes)
Event: 30.149 Thread 0x000000001d222000 nmethod 2662 0x0000000002d60710 code [0x0000000002d60900, 0x0000000002d61088]
Event: 30.149 Thread 0x000000001d222000 2660       3       jade.lang.acl.ACLMessage::shallowClone (134 bytes)
Event: 30.149 Thread 0x000000001d222000 nmethod 2660 0x0000000002d60150 code [0x0000000002d602c0, 0x0000000002d60668]
Event: 30.601 Thread 0x000000001d222000 2663       1       java.lang.ref.Finalizer::access$000 (4 bytes)
Event: 30.601 Thread 0x000000001d222000 nmethod 2663 0x0000000002d57610 code [0x0000000002d57760, 0x0000000002d57850]

GC Heap History (8 events):
Event: 11.991 GC heap before
{Heap before GC invocations=1 (full 0):
 PSYoungGen      total 76288K, used 65536K [0x000000076ae00000, 0x0000000770300000, 0x00000007c0000000)
  eden space 65536K, 100% used [0x000000076ae00000,0x000000076ee00000,0x000000076ee00000)
  from space 10752K, 0% used [0x000000076f880000,0x000000076f880000,0x0000000770300000)
  to   space 10752K, 0% used [0x000000076ee00000,0x000000076ee00000,0x000000076f880000)
 ParOldGen       total 175104K, used 0K [0x00000006c0a00000, 0x00000006cb500000, 0x000000076ae00000)
  object space 175104K, 0% used [0x00000006c0a00000,0x00000006c0a00000,0x00000006cb500000)
 Metaspace       used 18364K, capacity 18548K, committed 18816K, reserved 1064960K
  class space    used 2242K, capacity 2319K, committed 2432K, reserved 1048576K
Event: 11.995 GC heap after
Heap after GC invocations=1 (full 0):
 PSYoungGen      total 76288K, used 6477K [0x000000076ae00000, 0x0000000770300000, 0x00000007c0000000)
  eden space 65536K, 0% used [0x000000076ae00000,0x000000076ae00000,0x000000076ee00000)
  from space 10752K, 60% used [0x000000076ee00000,0x000000076f453428,0x000000076f880000)
  to   space 10752K, 0% used [0x000000076f880000,0x000000076f880000,0x0000000770300000)
 ParOldGen       total 175104K, used 16K [0x00000006c0a00000, 0x00000006cb500000, 0x000000076ae00000)
  object space 175104K, 0% used [0x00000006c0a00000,0x00000006c0a04000,0x00000006cb500000)
 Metaspace       used 18364K, capacity 18548K, committed 18816K, reserved 1064960K
  class space    used 2242K, capacity 2319K, committed 2432K, reserved 1048576K
}
Event: 12.237 GC heap before
{Heap before GC invocations=2 (full 0):
 PSYoungGen      total 76288K, used 41202K [0x000000076ae00000, 0x0000000770300000, 0x00000007c0000000)
  eden space 65536K, 52% used [0x000000076ae00000,0x000000076cfe9460,0x000000076ee00000)
  from space 10752K, 60% used [0x000000076ee00000,0x000000076f453428,0x000000076f880000)
  to   space 10752K, 0% used [0x000000076f880000,0x000000076f880000,0x0000000770300000)
 ParOldGen       total 175104K, used 16K [0x00000006c0a00000, 0x00000006cb500000, 0x000000076ae00000)
  object space 175104K, 0% used [0x00000006c0a00000,0x00000006c0a04000,0x00000006cb500000)
 Metaspace       used 20776K, capacity 21118K, committed 21248K, reserved 1067008K
  class space    used 2620K, capacity 2720K, committed 2816K, reserved 1048576K
Event: 12.241 GC heap after
Heap after GC invocations=2 (full 0):
 PSYoungGen      total 76288K, used 5521K [0x000000076ae00000, 0x0000000770300000, 0x00000007c0000000)
  eden space 65536K, 0% used [0x000000076ae00000,0x000000076ae00000,0x000000076ee00000)
  from space 10752K, 51% used [0x000000076f880000,0x000000076fde44b0,0x0000000770300000)
  to   space 10752K, 0% used [0x000000076ee00000,0x000000076ee00000,0x000000076f880000)
 ParOldGen       total 175104K, used 24K [0x00000006c0a00000, 0x00000006cb500000, 0x000000076ae00000)
  object space 175104K, 0% used [0x00000006c0a00000,0x00000006c0a06000,0x00000006cb500000)
 Metaspace       used 20776K, capacity 21118K, committed 21248K, reserved 1067008K
  class space    used 2620K, capacity 2720K, committed 2816K, reserved 1048576K
}
Event: 12.241 GC heap before
{Heap before GC invocations=3 (full 1):
 PSYoungGen      total 76288K, used 5521K [0x000000076ae00000, 0x0000000770300000, 0x00000007c0000000)
  eden space 65536K, 0% used [0x000000076ae00000,0x000000076ae00000,0x000000076ee00000)
  from space 10752K, 51% used [0x000000076f880000,0x000000076fde44b0,0x0000000770300000)
  to   space 10752K, 0% used [0x000000076ee00000,0x000000076ee00000,0x000000076f880000)
 ParOldGen       total 175104K, used 24K [0x00000006c0a00000, 0x00000006cb500000, 0x000000076ae00000)
  object space 175104K, 0% used [0x00000006c0a00000,0x00000006c0a06000,0x00000006cb500000)
 Metaspace       used 20776K, capacity 21118K, committed 21248K, reserved 1067008K
  class space    used 2620K, capacity 2720K, committed 2816K, reserved 1048576K
Event: 12.258 GC heap after
Heap after GC invocations=3 (full 1):
 PSYoungGen      total 76288K, used 0K [0x000000076ae00000, 0x0000000770300000, 0x00000007c0000000)
  eden space 65536K, 0% used [0x000000076ae00000,0x000000076ae00000,0x000000076ee00000)
  from space 10752K, 0% used [0x000000076f880000,0x000000076f880000,0x0000000770300000)
  to   space 10752K, 0% used [0x000000076ee00000,0x000000076ee00000,0x000000076f880000)
 ParOldGen       total 71168K, used 5363K [0x00000006c0a00000, 0x00000006c4f80000, 0x000000076ae00000)
  object space 71168K, 7% used [0x00000006c0a00000,0x00000006c0f3cd70,0x00000006c4f80000)
 Metaspace       used 20776K, capacity 21118K, committed 21248K, reserved 1067008K
  class space    used 2620K, capacity 2720K, committed 2816K, reserved 1048576K
}
Event: 30.600 GC heap before
{Heap before GC invocations=4 (full 1):
 PSYoungGen      total 76288K, used 64076K [0x000000076ae00000, 0x0000000770300000, 0x00000007c0000000)
  eden space 65536K, 97% used [0x000000076ae00000,0x000000076ec933e0,0x000000076ee00000)
  from space 10752K, 0% used [0x000000076f880000,0x000000076f880000,0x0000000770300000)
  to   space 10752K, 0% used [0x000000076ee00000,0x000000076ee00000,0x000000076f880000)
 ParOldGen       total 71168K, used 5363K [0x00000006c0a00000, 0x00000006c4f80000, 0x000000076ae00000)
  object space 71168K, 7% used [0x00000006c0a00000,0x00000006c0f3cd70,0x00000006c4f80000)
 Metaspace       used 24220K, capacity 24624K, committed 24832K, reserved 1071104K
  class space    used 2955K, capacity 3059K, committed 3072K, reserved 1048576K
Event: 30.601 GC heap after
Heap after GC invocations=4 (full 1):
 PSYoungGen      total 76288K, used 2149K [0x000000076ae00000, 0x0000000770300000, 0x00000007c0000000)
  eden space 65536K, 0% used [0x000000076ae00000,0x000000076ae00000,0x000000076ee00000)
  from space 10752K, 19% used [0x000000076ee00000,0x000000076f019408,0x000000076f880000)
  to   space 10752K, 0% used [0x000000076f880000,0x000000076f880000,0x0000000770300000)
 ParOldGen       total 71168K, used 5371K [0x00000006c0a00000, 0x00000006c4f80000, 0x000000076ae00000)
  object space 71168K, 7% used [0x00000006c0a00000,0x00000006c0f3ed70,0x00000006c4f80000)
 Metaspace       used 24220K, capacity 24624K, committed 24832K, reserved 1071104K
  class space    used 2955K, capacity 3059K, committed 3072K, reserved 1048576K
}

Deoptimization events (10 events):
Event: 12.125 Thread 0x000000001e4dc800 Uncommon trap: reason=class_check action=maybe_recompile pc=0x000000000266d950 method=java.lang.String.equals(Ljava/lang/Object;)Z @ 8
Event: 12.125 Thread 0x000000001e4dc800 Uncommon trap: reason=class_check action=maybe_recompile pc=0x000000000266d950 method=java.lang.String.equals(Ljava/lang/Object;)Z @ 8
Event: 12.125 Thread 0x000000001e4dc800 Uncommon trap: reason=class_check action=maybe_recompile pc=0x000000000266d950 method=java.lang.String.equals(Ljava/lang/Object;)Z @ 8
Event: 12.125 Thread 0x000000001e4dc800 Uncommon trap: reason=class_check action=maybe_recompile pc=0x000000000266d950 method=java.lang.String.equals(Ljava/lang/Object;)Z @ 8
Event: 12.213 Thread 0x000000001e4dc800 Uncommon trap: reason=unstable_if action=reinterpret pc=0x0000000002940138 method=java.lang.CharacterData.of(I)Ljava/lang/CharacterData; @ 4
Event: 12.233 Thread 0x000000001e4dc800 Uncommon trap: reason=unstable_if action=reinterpret pc=0x0000000002a7f47c method=java.lang.Character.isSurrogate(C)Z @ 3
Event: 13.023 Thread 0x000000001e4dc800 Uncommon trap: reason=unstable_if action=reinterpret pc=0x00000000029e440c method=jade.content.lang.sl.SLParserTokenManager.jjMoveNfa_0(II)I @ 399
Event: 13.039 Thread 0x000000001e4d9000 Uncommon trap: reason=unstable_if action=reinterpret pc=0x000000000299df98 method=jade.content.lang.sl.SimpleSLTokenizer.isAWord(Ljava/lang/String;)Z @ 47
Event: 14.020 Thread 0x000000001e4e3800 Uncommon trap: reason=unstable_if action=reinterpret pc=0x0000000002798084 method=java.util.HashMap.getNode(ILjava/lang/Object;)Ljava/util/HashMap$Node; @ 62
Event: 14.020 Thread 0x000000001e4e3800 Uncommon trap: reason=unstable_if action=reinterpret pc=0x000000000274def8 method=java.util.HashMap.getNode(ILjava/lang/Object;)Ljava/util/HashMap$Node; @ 62

Classes redefined (0 events):
No events

Internal exceptions (10 events):
Event: 30.129 Thread 0x000000001e4de000 Implicit null exception at 0x0000000002ca4a48 to 0x0000000002ca507c
Event: 30.130 Thread 0x000000001e4de000 Exception <a 'java/lang/NullPointerException'> (0x000000076ec7dd38) thrown at [C:\re\workspace\8-2-build-windows-amd64-cygwin\jdk8u202\12323\hotspot\src\share\vm\runtime\sharedRuntime.cpp, line 605]
Event: 30.132 Thread 0x000000001e4df000 Implicit null exception at 0x0000000002ca4a48 to 0x0000000002ca507c
Event: 30.132 Thread 0x000000001e4df000 Exception <a 'java/lang/NullPointerException'> (0x000000076ec26658) thrown at [C:\re\workspace\8-2-build-windows-amd64-cygwin\jdk8u202\12323\hotspot\src\share\vm\runtime\sharedRuntime.cpp, line 605]
Event: 30.136 Thread 0x000000001e4e0800 Implicit null exception at 0x0000000002ca4a48 to 0x0000000002ca507c
Event: 30.136 Thread 0x000000001e4e0800 Exception <a 'java/lang/NullPointerException'> (0x000000076ec3c760) thrown at [C:\re\workspace\8-2-build-windows-amd64-cygwin\jdk8u202\12323\hotspot\src\share\vm\runtime\sharedRuntime.cpp, line 605]
Event: 30.148 Thread 0x000000001e4e2800 Implicit null exception at 0x0000000002ca4a48 to 0x0000000002ca507c
Event: 30.148 Thread 0x000000001e4e2800 Exception <a 'java/lang/NullPointerException'> (0x000000076e803318) thrown at [C:\re\workspace\8-2-build-windows-amd64-cygwin\jdk8u202\12323\hotspot\src\share\vm\runtime\sharedRuntime.cpp, line 605]
Event: 30.598 Thread 0x000000001e4d9800 Implicit null exception at 0x0000000002ca4a48 to 0x0000000002ca507c
Event: 30.598 Thread 0x000000001e4d9800 Exception <a 'java/lang/NullPointerException'> (0x000000076e382588) thrown at [C:\re\workspace\8-2-build-windows-amd64-cygwin\jdk8u202\12323\hotspot\src\share\vm\runtime\sharedRuntime.cpp, line 605]

Events (10 events):
Event: 21.613 Thread 0x000000001d222000 flushing nmethod 0x000000000272eb90
Event: 21.613 Thread 0x000000001d222000 flushing nmethod 0x0000000002733c50
Event: 21.613 Thread 0x000000001d222000 flushing nmethod 0x0000000002734c50
Event: 21.613 Thread 0x000000001d222000 flushing nmethod 0x000000000275cd50
Event: 21.613 Thread 0x000000001d222000 flushing nmethod 0x000000000275d110
Event: 21.614 Thread 0x000000001d222000 flushing nmethod 0x0000000002772390
Event: 21.614 Thread 0x000000001d222000 flushing nmethod 0x00000000027727d0
Event: 21.614 Thread 0x000000001d222000 flushing nmethod 0x0000000002790490
Event: 30.600 Executing VM operation: ParallelGCFailedAllocation
Event: 30.601 Executing VM operation: ParallelGCFailedAllocation done


Dynamic libraries:
0x00007ff7d3a90000 - 0x00007ff7d3ac7000 	C:\Program Files\Java\jdk1.8.0_202\bin\java.exe
0x00007ffa4f7e0000 - 0x00007ffa4f9cd000 	C:\WINDOWS\SYSTEM32\ntdll.dll
0x00007ffa2dad0000 - 0x00007ffa2dae4000 	C:\Program Files (x86)\AVG\Antivirus\aswhook.dll
0x00007ffa4cfc0000 - 0x00007ffa4d073000 	C:\WINDOWS\System32\KERNEL32.DLL
0x00007ffa4c760000 - 0x00007ffa4c9f3000 	C:\WINDOWS\System32\KERNELBASE.dll
0x00007ffa4eda0000 - 0x00007ffa4ee43000 	C:\WINDOWS\System32\ADVAPI32.dll
0x00007ffa4eb50000 - 0x00007ffa4ebee000 	C:\WINDOWS\System32\msvcrt.dll
0x00007ffa4f4f0000 - 0x00007ffa4f58e000 	C:\WINDOWS\System32\sechost.dll
0x00007ffa4d080000 - 0x00007ffa4d1a2000 	C:\WINDOWS\System32\RPCRT4.dll
0x00007ffa4f350000 - 0x00007ffa4f4e7000 	C:\WINDOWS\System32\USER32.dll
0x00007ffa4bdd0000 - 0x00007ffa4bdf0000 	C:\WINDOWS\System32\win32u.dll
0x00007ffa4d560000 - 0x00007ffa4d589000 	C:\WINDOWS\System32\GDI32.dll
0x00007ffa4b920000 - 0x00007ffa4bab9000 	C:\WINDOWS\System32\gdi32full.dll
0x00007ffa4bd30000 - 0x00007ffa4bdd0000 	C:\WINDOWS\System32\msvcp_win.dll
0x00007ffa4c610000 - 0x00007ffa4c70a000 	C:\WINDOWS\System32\ucrtbase.dll
0x00007ffa40cb0000 - 0x00007ffa40f29000 	C:\WINDOWS\WinSxS\amd64_microsoft.windows.common-controls_6595b64144ccf1df_6.0.17763.802_none_05b1445c0722d2cc\COMCTL32.dll
0x00007ffa4f020000 - 0x00007ffa4f34c000 	C:\WINDOWS\System32\combase.dll
0x00007ffa4b8a0000 - 0x00007ffa4b91e000 	C:\WINDOWS\System32\bcryptPrimitives.dll
0x00007ffa4d1b0000 - 0x00007ffa4d1de000 	C:\WINDOWS\System32\IMM32.DLL
0x000000006c0e0000 - 0x000000006c1b2000 	C:\Program Files\Java\jdk1.8.0_202\jre\bin\msvcr100.dll
0x000000006b830000 - 0x000000006c0d5000 	C:\Program Files\Java\jdk1.8.0_202\jre\bin\server\jvm.dll
0x00007ffa4f7a0000 - 0x00007ffa4f7a8000 	C:\WINDOWS\System32\PSAPI.DLL
0x00007ffa3ec00000 - 0x00007ffa3ec09000 	C:\WINDOWS\SYSTEM32\WSOCK32.dll
0x00007ffa4d1e0000 - 0x00007ffa4d24d000 	C:\WINDOWS\System32\WS2_32.dll
0x00007ffa49950000 - 0x00007ffa49974000 	C:\WINDOWS\SYSTEM32\WINMM.dll
0x00007ffa47630000 - 0x00007ffa4763a000 	C:\WINDOWS\SYSTEM32\VERSION.dll
0x00007ffa49800000 - 0x00007ffa4982d000 	C:\WINDOWS\SYSTEM32\WINMMBASE.dll
0x00007ffa4c710000 - 0x00007ffa4c75a000 	C:\WINDOWS\System32\cfgmgr32.dll
0x00007ffa05e80000 - 0x00007ffa05e8f000 	C:\Program Files\Java\jdk1.8.0_202\jre\bin\verify.dll
0x00007ff9cea40000 - 0x00007ff9cea69000 	C:\Program Files\Java\jdk1.8.0_202\jre\bin\java.dll
0x00007ffa405c0000 - 0x00007ffa405e3000 	C:\Program Files\Java\jdk1.8.0_202\jre\bin\instrument.dll
0x00007ff9cea20000 - 0x00007ff9cea36000 	C:\Program Files\Java\jdk1.8.0_202\jre\bin\zip.dll
0x00007ffa4d590000 - 0x00007ffa4ea84000 	C:\WINDOWS\System32\SHELL32.dll
0x00007ffa4ca10000 - 0x00007ffa4cab8000 	C:\WINDOWS\System32\shcore.dll
0x00007ffa4bec0000 - 0x00007ffa4c60d000 	C:\WINDOWS\System32\windows.storage.dll
0x00007ffa4b7d0000 - 0x00007ffa4b7f4000 	C:\WINDOWS\System32\profapi.dll
0x00007ffa4b820000 - 0x00007ffa4b87d000 	C:\WINDOWS\System32\powrprof.dll
0x00007ffa4f610000 - 0x00007ffa4f662000 	C:\WINDOWS\System32\shlwapi.dll
0x00007ffa4b800000 - 0x00007ffa4b811000 	C:\WINDOWS\System32\kernel.appcore.dll
0x00007ffa4bdf0000 - 0x00007ffa4be07000 	C:\WINDOWS\System32\cryptsp.dll
0x00007ffa452d0000 - 0x00007ffa452ea000 	C:\Program Files\JetBrains\IntelliJ IDEA Community Edition 2019.2\bin\breakgen64.dll
0x00007ff9cea00000 - 0x00007ff9cea1a000 	C:\Program Files\Java\jdk1.8.0_202\jre\bin\net.dll
0x00007ffa3ff70000 - 0x00007ffa40147000 	C:\WINDOWS\SYSTEM32\urlmon.dll
0x00007ffa3fcc0000 - 0x00007ffa3ff68000 	C:\WINDOWS\SYSTEM32\iertutil.dll
0x00007ffa4b210000 - 0x00007ffa4b21c000 	C:\WINDOWS\SYSTEM32\CRYPTBASE.DLL
0x00007ffa4b040000 - 0x00007ffa4b0a7000 	C:\WINDOWS\system32\mswsock.dll
0x00007ffa06620000 - 0x00007ffa067b9000 	C:\Program Files\Java\jdk1.8.0_202\jre\bin\awt.dll
0x00007ffa4f670000 - 0x00007ffa4f734000 	C:\WINDOWS\System32\OLEAUT32.dll
0x00007ffa49a80000 - 0x00007ffa49b0c000 	C:\WINDOWS\SYSTEM32\apphelp.dll
0x00007ffa49da0000 - 0x00007ffa49e3c000 	C:\WINDOWS\system32\uxtheme.dll
0x00007ffa4eeb0000 - 0x00007ffa4f01b000 	C:\WINDOWS\System32\MSCTF.dll
0x00007ffa49e70000 - 0x00007ffa49e9e000 	C:\WINDOWS\system32\dwmapi.dll
0x00007ffa4bac0000 - 0x00007ffa4bc9b000 	C:\WINDOWS\System32\CRYPT32.dll
0x00007ffa4b880000 - 0x00007ffa4b892000 	C:\WINDOWS\System32\MSASN1.dll
0x00007ffa4d400000 - 0x00007ffa4d555000 	C:\WINDOWS\System32\ole32.dll
0x00007ff9d6640000 - 0x00007ff9d6767000 	C:\WINDOWS\system32\opengl32.dll
0x00007ff9d6610000 - 0x00007ff9d663c000 	C:\WINDOWS\SYSTEM32\GLU32.dll
0x00007ffa41ad0000 - 0x00007ffa41c6e000 	C:\WINDOWS\system32\d3d9.dll
0x00007ffa419e0000 - 0x00007ffa41acf000 	C:\WINDOWS\System32\DriverStore\FileRepository\nv_dispi.inf_amd64_67c16e22f0dab361\nvldumdx.dll
0x00007ffa4bca0000 - 0x00007ffa4bcf9000 	C:\WINDOWS\System32\WINTRUST.DLL
0x00007ffa4cac0000 - 0x00007ffa4cadd000 	C:\WINDOWS\System32\imagehlp.dll
0x00007ffa4abc0000 - 0x00007ffa4abf3000 	C:\WINDOWS\system32\rsaenh.dll
0x00007ffa4bd00000 - 0x00007ffa4bd26000 	C:\WINDOWS\System32\bcrypt.dll
0x00007ff9ba9a0000 - 0x00007ff9bbea2000 	C:\WINDOWS\System32\DriverStore\FileRepository\nv_dispi.inf_amd64_67c16e22f0dab361\nvd3dumx.dll
0x00007ffa061d0000 - 0x00007ffa06491000 	C:\WINDOWS\system32\nvspcap64.dll
0x00007ffa4a930000 - 0x00007ffa4a961000 	C:\WINDOWS\SYSTEM32\ntmarta.dll
0x00007ffa4a460000 - 0x00007ffa4a482000 	C:\WINDOWS\SYSTEM32\gpapi.dll
0x00007ffa40690000 - 0x00007ffa406bf000 	C:\WINDOWS\SYSTEM32\cryptnet.dll
0x00007ffa4ada0000 - 0x00007ffa4ae66000 	C:\WINDOWS\SYSTEM32\DNSAPI.dll
0x00007ffa4ca00000 - 0x00007ffa4ca08000 	C:\WINDOWS\System32\NSI.dll
0x00007ffa4ad60000 - 0x00007ffa4ad9d000 	C:\WINDOWS\SYSTEM32\IPHLPAPI.DLL
0x00007ffa45060000 - 0x00007ffa4506a000 	C:\Windows\System32\rasadhlp.dll
0x00007ffa42060000 - 0x00007ffa420d9000 	C:\WINDOWS\System32\fwpuclnt.dll
0x00007ffa40570000 - 0x00007ffa405b7000 	C:\Program Files\Java\jdk1.8.0_202\jre\bin\fontmanager.dll
0x00007ffa404d0000 - 0x00007ffa40569000 	C:\WINDOWS\system32\RICHED20.DLL
0x00007ffa2b2e0000 - 0x00007ffa2b2f9000 	C:\WINDOWS\SYSTEM32\USP10.dll
0x00007ffa38830000 - 0x00007ffa38869000 	C:\WINDOWS\SYSTEM32\msls31.dll
0x00007ffa4eaa0000 - 0x00007ffa4eb42000 	C:\WINDOWS\System32\clbcatq.dll
0x00007ffa24350000 - 0x00007ffa243a6000 	C:\WINDOWS\system32\dataexchange.dll
0x00007ffa48990000 - 0x00007ffa48c0e000 	C:\WINDOWS\system32\d3d11.dll
0x00007ffa491d0000 - 0x00007ffa49393000 	C:\WINDOWS\system32\dcomp.dll
0x00007ffa4a4e0000 - 0x00007ffa4a5a2000 	C:\WINDOWS\system32\dxgi.dll
0x00007ffa49ea0000 - 0x00007ffa4a0ad000 	C:\WINDOWS\system32\twinapi.appcore.dll
0x00007ffa4a0b0000 - 0x00007ffa4a0d8000 	C:\WINDOWS\system32\RMCLIENT.dll
0x00007ff9ce9e0000 - 0x00007ff9ce9f2000 	C:\Program Files\Java\jdk1.8.0_202\jre\bin\nio.dll
0x00007ffa31c40000 - 0x00007ffa31c82000 	C:\Program Files\Java\jdk1.8.0_202\jre\bin\t2k.dll
0x00007ffa2b5f0000 - 0x00007ffa2b685000 	C:\WINDOWS\System32\TextInputFramework.dll
0x00007ffa472a0000 - 0x00007ffa475c2000 	C:\WINDOWS\System32\CoreUIComponents.dll
0x00007ffa49700000 - 0x00007ffa497e2000 	C:\WINDOWS\System32\CoreMessaging.dll
0x00007ffa46fd0000 - 0x00007ffa47123000 	C:\WINDOWS\SYSTEM32\wintypes.dll
0x00007ffa45b20000 - 0x00007ffa45b36000 	C:\WINDOWS\SYSTEM32\dhcpcsvc6.DLL
0x00007ffa45b00000 - 0x00007ffa45b1c000 	C:\WINDOWS\SYSTEM32\dhcpcsvc.DLL
0x00007ffa32e00000 - 0x00007ffa32e16000 	C:\WINDOWS\system32\napinsp.dll
0x00007ffa32de0000 - 0x00007ffa32dfa000 	C:\WINDOWS\system32\pnrpnsp.dll
0x00007ffa32dd0000 - 0x00007ffa32dde000 	C:\WINDOWS\System32\winrnr.dll
0x00007ffa47f20000 - 0x00007ffa47f3b000 	C:\WINDOWS\system32\NLAapi.dll
0x00007ffa32db0000 - 0x00007ffa32dc5000 	C:\WINDOWS\system32\wshbth.dll
0x00007ff9b9790000 - 0x00007ff9ba99a000 	S:\Documents\Intelligent_Systems\jniortools.dll
0x00007ffa39810000 - 0x00007ffa398ab000 	C:\WINDOWS\SYSTEM32\MSVCP140.dll
0x00007ffa42320000 - 0x00007ffa4250d000 	C:\WINDOWS\SYSTEM32\dbghelp.dll
0x00007ffa393f0000 - 0x00007ffa39405000 	C:\WINDOWS\SYSTEM32\VCRUNTIME140.dll
0x00007ffa46e10000 - 0x00007ffa46fc8000 	C:\WINDOWS\SYSTEM32\WindowsCodecs.dll
0x00007ffa35c40000 - 0x00007ffa35c71000 	C:\Program Files\Java\jdk1.8.0_202\jre\bin\jpeg.dll

VM Arguments:
jvm_args: -Djava.library.path=S:\Documents\Intelligent_Systems -javaagent:C:\Program Files\JetBrains\IntelliJ IDEA Community Edition 2019.2\lib\idea_rt.jar=58028:C:\Program Files\JetBrains\IntelliJ IDEA Community Edition 2019.2\bin -Dfile.encoding=UTF-8 
java_command: main.Main
java_class_path (initial): C:\Program Files\Java\jdk1.8.0_202\jre\lib\charsets.jar;C:\Program Files\Java\jdk1.8.0_202\jre\lib\deploy.jar;C:\Program Files\Java\jdk1.8.0_202\jre\lib\ext\access-bridge-64.jar;C:\Program Files\Java\jdk1.8.0_202\jre\lib\ext\cldrdata.jar;C:\Program Files\Java\jdk1.8.0_202\jre\lib\ext\dnsns.jar;C:\Program Files\Java\jdk1.8.0_202\jre\lib\ext\jaccess.jar;C:\Program Files\Java\jdk1.8.0_202\jre\lib\ext\jfxrt.jar;C:\Program Files\Java\jdk1.8.0_202\jre\lib\ext\localedata.jar;C:\Program Files\Java\jdk1.8.0_202\jre\lib\ext\nashorn.jar;C:\Program Files\Java\jdk1.8.0_202\jre\lib\ext\sunec.jar;C:\Program Files\Java\jdk1.8.0_202\jre\lib\ext\sunjce_provider.jar;C:\Program Files\Java\jdk1.8.0_202\jre\lib\ext\sunmscapi.jar;C:\Program Files\Java\jdk1.8.0_202\jre\lib\ext\sunpkcs11.jar;C:\Program Files\Java\jdk1.8.0_202\jre\lib\ext\zipfs.jar;C:\Program Files\Java\jdk1.8.0_202\jre\lib\javaws.jar;C:\Program Files\Java\jdk1.8.0_202\jre\lib\jce.jar;C:\Program Files\Java\jdk1.8.0_202\jre\lib\jfr.jar;C:\Program Files\Java\jdk1.8.0_202\jre\lib\jfxswt.jar;C:\Program Files\Java\jdk1.8.0_202\jre\lib\jsse.jar;C:\Program Files\Java\jdk1.8.0_202\jre\lib\management-agent.jar;C:\Program Files\Java\jdk1.8.0_202\jre\lib\plugin.jar;C:\Program Files\Java\jdk1.8.0_202\jre\lib\resources.jar;C:\Program Files\Java\jdk1.8.0_202\jre\lib\rt.jar;S:\Documents\Intelligent_Systems\Vehicle_Routing_COS30018\out\production\Vehicle_Routing_COS30018;S:\Documents\Intelligent_Systems\com.google.ortools.jar;S:\Documents\Intelligent_Systems\protobuf.jar;S:\Documents\JAVA_LIBRARIES\choco-solver-2.1.2.jar;S:\Documents\JAVA_LIBRARIES\choco-solver-4.10.1.jar;S:\Documents\JAVA_LIBRARIES\mysql-connector-java-5.1.18-bin.jar;S:\Documents\JADE\lib\jade.jar;C:\Program Files\JetBrains\IntelliJ IDEA Community Edition 2019.2\lib\idea_rt.jar
Launcher Type: SUN_STANDARD

Environment Variables:
CLASSPATH=S:\Documents\JADE\lib\jade.jar;S:\Documents\JADE\lib\jadeTools.jar;S:\Documents\JADE\lib\commons-codec\commons-codec-1.3.jar
PATH=C:\Program Files (x86)\Common Files\Oracle\Java\javapath;C:\Program Files\Java\jdk-11.0.2;C:\Program Files (x86)\Intel\Intel(R) Management Engine Components\iCLS\;C:\Program Files\Intel\Intel(R) Management Engine Components\iCLS\;C:\WINDOWS\system32;C:\WINDOWS;C:\WINDOWS\System32\Wbem;C:\WINDOWS\System32\WindowsPowerShell\v1.0\;C:\WINDOWS\System32\OpenSSH\;C:\Program Files (x86)\Intel\Intel(R) Management Engine Components\DAL;C:\Program Files\Intel\Intel(R) Management Engine Components\DAL;C:\Program Files (x86)\Intel\Intel(R) Management Engine Components\IPT;C:\Program Files\Intel\Intel(R) Management Engine Components\IPT;C:\Program Files\NVIDIA Corporation\NVIDIA NvDLISR;C:\Program Files\Git\cmd;C:\Program Files\Microsoft VS Code\bin;C:\Program Files\nodejs\;C:\Program Files\dotnet\;C:\Program Files (x86)\Bitvise SSH Client;C:\Program Files\PuTTY\;C:\Program Files (x86)\NVIDIA Corporation\PhysX\Common;C:\WINDOWS\system32;C:\WINDOWS;C:\WINDOWS\System32\Wbem;C:\WINDOWS\System32\WindowsPowerShell\v1.0\;C:\WINDOWS\System32\OpenSSH\;C:\Program Files\Java\jre1.8.0_201\;C:\Users\KeesTim\AppData\Local\Microsoft\WindowsApps;C:\Users\KeesTim\AppData\Local\atom\bin;C:\Users\KeesTim\AppData\Roaming\npm;C:\Users\KeesTim\AppData\Local\Microsoft\WindowsApps;C:\Program Files\JetBrains\IntelliJ IDEA Community Edition 2019.2\bin;;C:\Program Files\Java\jdk1.8.0_202\bin;C:\Users\KeesTim\AppData\Local\Programs\Python\Python37;C:\Users\KeesTim\AppData\Local\Programs\Python\Python37\Scripts;
USERNAME=KeesTim
OS=Windows_NT
PROCESSOR_IDENTIFIER=Intel64 Family 6 Model 94 Stepping 3, GenuineIntel



---------------  S Y S T E M  ---------------

OS: Windows 10.0 , 64 bit Build 17763 (10.0.17763.475)

CPU:total 4 (initial active 4) (4 cores per cpu, 1 threads per core) family 6 model 94 stepping 3, cmov, cx8, fxsr, mmx, sse, sse2, sse3, ssse3, sse4.1, sse4.2, popcnt, avx, avx2, aes, clmul, erms, rtm, 3dnowpref, lzcnt, tsc, tscinvbit, bmi1, bmi2, adx

Memory: 4k page, physical 16729544k(4380268k free), swap 30656816k(3703992k free)

vm_info: Java HotSpot(TM) 64-Bit Server VM (25.202-b08) for windows-amd64 JRE (1.8.0_202-b08), built on Dec 15 2018 19:54:30 by "java_re" with MS VC++ 10.0 (VS2010)

time: Thu Oct 24 23:57:34 2019
timezone: AUS Eastern Daylight Time
elapsed time: 30 seconds (0d 0h 0m 30s)

